<?xml version="1.0" encoding="UTF-8"?>
<testsuite name="allcom_testng.tests.notFound.NotFoundPositiveTests" tests="3" skipped="0" failures="0" errors="0" timestamp="2024-02-08T22:57:09" hostname="DESKTOP-8I9EVFD" time="4.497">
  <properties/>
  <testcase name="clickOnBackToHomeButton" classname="allcom_testng.tests.notFound.NotFoundPositiveTests" time="1.735"/>
  <testcase name="findContentTitleElement" classname="allcom_testng.tests.notFound.NotFoundPositiveTests" time="0.0"/>
  <testcase name="findErrorContentElement" classname="allcom_testng.tests.notFound.NotFoundPositiveTests" time="0.002"/>
  <system-out><![CDATA[23:57:07.696 [Test worker] INFO  allcom_testng.tests.TestBase -- STARTED: [clickOnBackToHomeButton]
23:57:10.926 [Test worker] INFO  allcom_testng.tests.TestBase -- PASSED: [clickOnBackToHomeButton], with VALUES: []
23:57:10.927 [Test worker] INFO  allcom_testng.tests.TestBase -- STARTED: [findContentTitleElement]
23:57:12.252 [Test worker] INFO  allcom_testng.tests.TestBase -- PASSED: [findContentTitleElement], with VALUES: []
23:57:12.253 [Test worker] INFO  allcom_testng.tests.TestBase -- STARTED: [findErrorContentElement]
23:57:13.688 [Test worker] INFO  allcom_testng.tests.TestBase -- PASSED: [findErrorContentElement], with VALUES: []
]]></system-out>
  <system-err><![CDATA[]]></system-err>
</testsuite>
