<?xml version="1.0" encoding="UTF-8"?>
<testsuite name="allcom_testng.tests.header.AllcomLogoTests" tests="2" skipped="0" failures="0" errors="0" timestamp="2024-02-25T22:24:53" hostname="PORTISHEAD-PC" time="1.904">
  <properties/>
  <testcase name="allcomLogoIsPresent" classname="allcom_testng.tests.header.AllcomLogoTests" time="0.033"/>
  <testcase name="clickAllcomLogoNavigatesToHomePage" classname="allcom_testng.tests.header.AllcomLogoTests" time="1.037"/>
  <system-out><![CDATA[23:24:52.331 [Test worker] INFO  allcom_testng.tests.TestBase -- STARTED: [allcomLogoIsPresent]
23:24:53.124 [Test worker] INFO  allcom_testng.tests.TestBase -- PASSED: [allcomLogoIsPresent], with VALUES: []
23:24:53.125 [Test worker] INFO  allcom_testng.tests.TestBase -- STARTED: [clickAllcomLogoNavigatesToHomePage]
23:24:54.995 [Test worker] INFO  allcom_testng.tests.TestBase -- PASSED: [clickAllcomLogoNavigatesToHomePage], with VALUES: []
]]></system-out>
  <system-err><![CDATA[]]></system-err>
</testsuite>
