<?xml version="1.0" encoding="UTF-8"?>
<testsuite name="allcom.tests.header.AllcomLogoTests" tests="2" skipped="0" failures="0" errors="0" timestamp="2024-01-31T00:15:16" hostname="PORTISHEAD-PC" time="0.282">
  <properties/>
  <testcase name="allcomLogoIsPresent" classname="allcom.tests.header.AllcomLogoTests" time="0.0"/>
  <testcase name="clickAllcomLogoNavigatesToHomePage" classname="allcom.tests.header.AllcomLogoTests" time="0.157"/>
  <system-out><![CDATA[01:15:16.792 [Test worker] INFO  allcom.tests.TestBase -- Start test: [allcomLogoIsPresent]
01:15:16.918 [Test worker] INFO  allcom.tests.TestBase -- PASSED: [allcomLogoIsPresent], with Parameters: []
01:15:16.918 [Test worker] INFO  allcom.tests.TestBase -- Start test: [clickAllcomLogoNavigatesToHomePage]
01:15:17.199 [Test worker] INFO  allcom.tests.TestBase -- PASSED: [clickAllcomLogoNavigatesToHomePage], with Parameters: []
]]></system-out>
  <system-err><![CDATA[]]></system-err>
</testsuite>
