<?xml version="1.0" encoding="UTF-8"?>
<testsuite name="allcom.tests.notFound.NotFoundPositiveTests" tests="2" skipped="0" failures="0" errors="0" timestamp="2024-01-31T00:16:58" hostname="PORTISHEAD-PC" time="0.372">
  <properties/>
  <testcase name="clickOnBackToHomeButton" classname="allcom.tests.notFound.NotFoundPositiveTests" time="0.268"/>
  <testcase name="findContentTitleElement" classname="allcom.tests.notFound.NotFoundPositiveTests" time="0.0"/>
  <system-out><![CDATA[01:16:58.230 [Test worker] INFO  allcom.tests.TestBase -- Start test: [clickOnBackToHomeButton]
01:16:58.826 [Test worker] INFO  allcom.tests.TestBase -- PASSED: [clickOnBackToHomeButton], with Parameters: []
01:16:58.827 [Test worker] INFO  allcom.tests.TestBase -- Start test: [findContentTitleElement]
01:16:58.930 [Test worker] INFO  allcom.tests.TestBase -- PASSED: [findContentTitleElement], with Parameters: []
]]></system-out>
  <system-err><![CDATA[]]></system-err>
</testsuite>
