<?xml version="1.0" encoding="UTF-8"?>
<testsuite name="allcom_testng.tests.passwordReset.RestorePasswordWaitPageTests" tests="1" skipped="0" failures="0" errors="0" timestamp="2024-02-25T22:30:47" hostname="PORTISHEAD-PC" time="0.102">
  <properties/>
  <testcase name="isLoginButtonPresent" classname="allcom_testng.tests.passwordReset.RestorePasswordWaitPageTests" time="0.102"/>
  <system-out><![CDATA[23:30:46.724 [Test worker] INFO  allcom_testng.tests.TestBase -- STARTED: [isLoginButtonPresent]
23:30:47.523 [Test worker] INFO  allcom_testng.tests.TestBase -- PASSED: [isLoginButtonPresent], with VALUES: []
]]></system-out>
  <system-err><![CDATA[]]></system-err>
</testsuite>
