<?xml version="1.0" encoding="UTF-8"?>
<testsuite name="allcom_testng.tests.login.LoginNegativeTests" tests="47" skipped="0" failures="0" errors="0" timestamp="2024-02-08T22:54:17" hostname="DESKTOP-8I9EVFD" time="67.878">
  <properties/>
  <testcase name="clickOnForgotYourPasswordLabel" classname="allcom_testng.tests.login.LoginNegativeTests" time="0.068"/>
  <testcase name="clickOnLoginButtonWOData" classname="allcom_testng.tests.login.LoginNegativeTests" time="0.6"/>
  <testcase name="clickOnRegisterButtonWOData" classname="allcom_testng.tests.login.LoginNegativeTests" time="0.071"/>
  <testcase name="loginWithInvalidData[0](п»їemail, password)" classname="allcom_testng.tests.login.LoginNegativeTests" time="0.665"/>
  <testcase name="loginWithInvalidData[1](test@gmail.com, )" classname="allcom_testng.tests.login.LoginNegativeTests" time="0.653"/>
  <testcase name="loginWithInvalidData[2](test@gmail.com, )" classname="allcom_testng.tests.login.LoginNegativeTests" time="0.644"/>
  <testcase name="loginWithInvalidData[3](test@gmail.com, Tes123)" classname="allcom_testng.tests.login.LoginNegativeTests" time="0.683"/>
  <testcase name="loginWithInvalidData[4](test@gmail.com, Tes1234)" classname="allcom_testng.tests.login.LoginNegativeTests" time="0.63"/>
  <testcase name="loginWithInvalidData[5](test@gmail.com, Test1234555555555555555555555555555555555555555555555555555555555555555555555555555555555555)" classname="allcom_testng.tests.login.LoginNegativeTests" time="0.937"/>
  <testcase name="loginWithInvalidData[6](test@gmail.com, 11111E+12)" classname="allcom_testng.tests.login.LoginNegativeTests" time="0.694"/>
  <testcase name="loginWithInvalidData[7](test@gmail.com, *&amp;^(*&amp;%$##@)" classname="allcom_testng.tests.login.LoginNegativeTests" time="0.712"/>
  <testcase name="loginWithInvalidData[8](test@gmail.com, Qwertyuiop@1С‹)" classname="allcom_testng.tests.login.LoginNegativeTests" time="0.759"/>
  <testcase name="loginWithInvalidData[9](test@gmail.com, Р¤Р«Р’РђРђРџРєРіСѓС‰СѓС†Р·)" classname="allcom_testng.tests.login.LoginNegativeTests" time="0.761"/>
  <testcase name="loginWithInvalidData[10](test@gmail.com, Test 12345!)" classname="allcom_testng.tests.login.LoginNegativeTests" time="0.712"/>
  <testcase name="loginWithInvalidData[11](test@gmail.com,  Test12345!)" classname="allcom_testng.tests.login.LoginNegativeTests" time="0.721"/>
  <testcase name="loginWithInvalidData[12](test@gmail.com, Test12345)" classname="allcom_testng.tests.login.LoginNegativeTests" time="0.704"/>
  <testcase name="loginWithInvalidData[13](test@gmail.com, SELECT* FROM)" classname="allcom_testng.tests.login.LoginNegativeTests" time="0.724"/>
  <testcase name="loginWithInvalidData[14](test@gmail.com, www.gmail.com)" classname="allcom_testng.tests.login.LoginNegativeTests" time="0.722"/>
  <testcase name="loginWithInvalidData[15](test@gmail.com, test@gmail.com)" classname="allcom_testng.tests.login.LoginNegativeTests" time="0.747"/>
  <testcase name="loginWithInvalidData[16](test@gmail.com, 0)" classname="allcom_testng.tests.login.LoginNegativeTests" time="0.693"/>
  <testcase name="loginWithInvalidData[17](test@gmail.com, &lt;input&gt;)" classname="allcom_testng.tests.login.LoginNegativeTests" time="0.719"/>
  <testcase name="loginWithInvalidData[18](test@gmail.com, &lt;script&gt;&lt;/script&gt;)" classname="allcom_testng.tests.login.LoginNegativeTests" time="0.76"/>
  <testcase name="loginWithInvalidData[19](, Qwertyuiop@1)" classname="allcom_testng.tests.login.LoginNegativeTests" time="0.671"/>
  <testcase name="loginWithInvalidData[20]( , Qwertyuiop@1)" classname="allcom_testng.tests.login.LoginNegativeTests" time="0.689"/>
  <testcase name="loginWithInvalidData[21](testgmail.com, Qwertyuiop@1)" classname="allcom_testng.tests.login.LoginNegativeTests" time="0.712"/>
  <testcase name="loginWithInvalidData[22](test@.com, Qwertyuiop@1)" classname="allcom_testng.tests.login.LoginNegativeTests" time="0.736"/>
  <testcase name="loginWithInvalidData[23](test@gmailcom, Qwertyuiop@1)" classname="allcom_testng.tests.login.LoginNegativeTests" time="0.748"/>
  <testcase name="loginWithInvalidData[24](test@gmail., Qwertyuiop@1)" classname="allcom_testng.tests.login.LoginNegativeTests" time="0.741"/>
  <testcase name="loginWithInvalidData[25](@gmail.com, Qwertyuiop@1)" classname="allcom_testng.tests.login.LoginNegativeTests" time="0.742"/>
  <testcase name="loginWithInvalidData[26](Fqpwiuery, Qwertyuiop@1)" classname="allcom_testng.tests.login.LoginNegativeTests" time="0.733"/>
  <testcase name="loginWithInvalidData[27](С†СѓРєС€РіРµС€РіР·, Qwertyuiop@1)" classname="allcom_testng.tests.login.LoginNegativeTests" time="0.728"/>
  <testcase name="loginWithInvalidData[28](%^&amp;()), Qwertyuiop@1)" classname="allcom_testng.tests.login.LoginNegativeTests" time="0.73"/>
  <testcase name="loginWithInvalidData[29](23446E+11, Qwertyuiop@1)" classname="allcom_testng.tests.login.LoginNegativeTests" time="0.783"/>
  <testcase name="loginWithInvalidData[30](С‚РµСЃС‚@gmail.com, Qwertyuiop@1)" classname="allcom_testng.tests.login.LoginNegativeTests" time="0.824"/>
  <testcase name="loginWithInvalidData[31](SELECT* FROM, Qwertyuiop@1)" classname="allcom_testng.tests.login.LoginNegativeTests" time="0.772"/>
  <testcase name="loginWithInvalidData[32](test@@gmail.com, Qwertyuiop@1)" classname="allcom_testng.tests.login.LoginNegativeTests" time="0.956"/>
  <testcase name="loginWithInvalidData[33](www.telran.com, Qwertyuiop@1)" classname="allcom_testng.tests.login.LoginNegativeTests" time="0.768"/>
  <testcase name="loginWithInvalidData[34](tes t@gmail.com, Qwertyuiop@1)" classname="allcom_testng.tests.login.LoginNegativeTests" time="0.773"/>
  <testcase name="loginWithInvalidData[35](test@ gmail.com, Qwertyuiop@1)" classname="allcom_testng.tests.login.LoginNegativeTests" time="0.765"/>
  <testcase name="loginWithInvalidData[36](test@gmail .com, Qwertyuiop@1)" classname="allcom_testng.tests.login.LoginNegativeTests" time="0.781"/>
  <testcase name="loginWithInvalidData[37](test@gmail. com, Qwertyuiop@1)" classname="allcom_testng.tests.login.LoginNegativeTests" time="0.794"/>
  <testcase name="loginWithInvalidData[38](&lt;script&gt;&lt;/script&gt;, Qwertyuiop@1)" classname="allcom_testng.tests.login.LoginNegativeTests" time="0.795"/>
  <testcase name="loginWithInvalidData[39](&lt;input&gt;, Qwertyuiop@1)" classname="allcom_testng.tests.login.LoginNegativeTests" time="0.745"/>
  <testcase name="loginWithInvalidData[40](0, Qwertyuiop@1)" classname="allcom_testng.tests.login.LoginNegativeTests" time="0.679"/>
  <testcase name="loginWithInvalidData[41](test@gmail.com, В )" classname="allcom_testng.tests.login.LoginNegativeTests" time="0.755"/>
  <testcase name="loginWithInvalidEmail" classname="allcom_testng.tests.login.LoginNegativeTests" time="0.782"/>
  <testcase name="loginWithInvalidPassword" classname="allcom_testng.tests.login.LoginNegativeTests" time="0.776"/>
  <system-out><![CDATA[23:54:16.264 [Test worker] INFO  allcom_testng.tests.TestBase -- STARTED: [clickOnForgotYourPasswordLabel]
23:54:17.246 [Test worker] INFO  allcom_testng.tests.TestBase -- PASSED: [clickOnForgotYourPasswordLabel], with VALUES: []
23:54:17.246 [Test worker] INFO  allcom_testng.tests.TestBase -- STARTED: [clickOnLoginButtonWOData]
23:54:18.631 [Test worker] INFO  allcom_testng.tests.TestBase -- PASSED: [clickOnLoginButtonWOData], with VALUES: []
23:54:18.632 [Test worker] INFO  allcom_testng.tests.TestBase -- STARTED: [clickOnRegisterButtonWOData]
23:54:19.431 [Test worker] INFO  allcom_testng.tests.TestBase -- PASSED: [clickOnRegisterButtonWOData], with VALUES: []
23:54:19.433 [Test worker] INFO  allcom_testng.tests.TestBase -- STARTED: [loginWithInvalidData]
23:54:20.916 [Test worker] INFO  allcom_testng.tests.TestBase -- PASSED: [loginWithInvalidData], with VALUES: [п»їemail, password]
23:54:20.916 [Test worker] INFO  allcom_testng.tests.TestBase -- STARTED: [loginWithInvalidData]
23:54:22.309 [Test worker] INFO  allcom_testng.tests.TestBase -- PASSED: [loginWithInvalidData], with VALUES: [test@gmail.com, ]
23:54:22.309 [Test worker] INFO  allcom_testng.tests.TestBase -- STARTED: [loginWithInvalidData]
23:54:23.683 [Test worker] INFO  allcom_testng.tests.TestBase -- PASSED: [loginWithInvalidData], with VALUES: [test@gmail.com, ]
23:54:23.684 [Test worker] INFO  allcom_testng.tests.TestBase -- STARTED: [loginWithInvalidData]
23:54:25.111 [Test worker] INFO  allcom_testng.tests.TestBase -- PASSED: [loginWithInvalidData], with VALUES: [test@gmail.com, Tes123]
23:54:25.112 [Test worker] INFO  allcom_testng.tests.TestBase -- STARTED: [loginWithInvalidData]
23:54:26.480 [Test worker] INFO  allcom_testng.tests.TestBase -- PASSED: [loginWithInvalidData], with VALUES: [test@gmail.com, Tes1234]
23:54:26.480 [Test worker] INFO  allcom_testng.tests.TestBase -- STARTED: [loginWithInvalidData]
23:54:28.143 [Test worker] INFO  allcom_testng.tests.TestBase -- PASSED: [loginWithInvalidData], with VALUES: [test@gmail.com, Test1234555555555555555555555555555555555555555555555555555555555555555555555555555555555555]
23:54:28.144 [Test worker] INFO  allcom_testng.tests.TestBase -- STARTED: [loginWithInvalidData]
23:54:29.556 [Test worker] INFO  allcom_testng.tests.TestBase -- PASSED: [loginWithInvalidData], with VALUES: [test@gmail.com, 11111E+12]
23:54:29.558 [Test worker] INFO  allcom_testng.tests.TestBase -- STARTED: [loginWithInvalidData]
23:54:31.029 [Test worker] INFO  allcom_testng.tests.TestBase -- PASSED: [loginWithInvalidData], with VALUES: [test@gmail.com, *&^(*&%$##@]
23:54:31.029 [Test worker] INFO  allcom_testng.tests.TestBase -- STARTED: [loginWithInvalidData]
23:54:32.496 [Test worker] INFO  allcom_testng.tests.TestBase -- PASSED: [loginWithInvalidData], with VALUES: [test@gmail.com, Qwertyuiop@1С‹]
23:54:32.496 [Test worker] INFO  allcom_testng.tests.TestBase -- STARTED: [loginWithInvalidData]
23:54:34.004 [Test worker] INFO  allcom_testng.tests.TestBase -- PASSED: [loginWithInvalidData], with VALUES: [test@gmail.com, Р¤Р«Р’РђРђРџРєРіСѓС‰СѓС†Р·]
23:54:34.005 [Test worker] INFO  allcom_testng.tests.TestBase -- STARTED: [loginWithInvalidData]
23:54:35.426 [Test worker] INFO  allcom_testng.tests.TestBase -- PASSED: [loginWithInvalidData], with VALUES: [test@gmail.com, Test 12345!]
23:54:35.426 [Test worker] INFO  allcom_testng.tests.TestBase -- STARTED: [loginWithInvalidData]
23:54:36.889 [Test worker] INFO  allcom_testng.tests.TestBase -- PASSED: [loginWithInvalidData], with VALUES: [test@gmail.com,  Test12345!]
23:54:36.889 [Test worker] INFO  allcom_testng.tests.TestBase -- STARTED: [loginWithInvalidData]
23:54:38.529 [Test worker] INFO  allcom_testng.tests.TestBase -- PASSED: [loginWithInvalidData], with VALUES: [test@gmail.com, Test12345]
23:54:38.529 [Test worker] INFO  allcom_testng.tests.TestBase -- STARTED: [loginWithInvalidData]
23:54:39.972 [Test worker] INFO  allcom_testng.tests.TestBase -- PASSED: [loginWithInvalidData], with VALUES: [test@gmail.com, SELECT* FROM]
23:54:39.972 [Test worker] INFO  allcom_testng.tests.TestBase -- STARTED: [loginWithInvalidData]
23:54:41.440 [Test worker] INFO  allcom_testng.tests.TestBase -- PASSED: [loginWithInvalidData], with VALUES: [test@gmail.com, www.gmail.com]
23:54:41.440 [Test worker] INFO  allcom_testng.tests.TestBase -- STARTED: [loginWithInvalidData]
23:54:42.881 [Test worker] INFO  allcom_testng.tests.TestBase -- PASSED: [loginWithInvalidData], with VALUES: [test@gmail.com, test@gmail.com]
23:54:42.882 [Test worker] INFO  allcom_testng.tests.TestBase -- STARTED: [loginWithInvalidData]
23:54:44.271 [Test worker] INFO  allcom_testng.tests.TestBase -- PASSED: [loginWithInvalidData], with VALUES: [test@gmail.com, 0]
23:54:44.271 [Test worker] INFO  allcom_testng.tests.TestBase -- STARTED: [loginWithInvalidData]
23:54:45.713 [Test worker] INFO  allcom_testng.tests.TestBase -- PASSED: [loginWithInvalidData], with VALUES: [test@gmail.com, <input>]
23:54:45.714 [Test worker] INFO  allcom_testng.tests.TestBase -- STARTED: [loginWithInvalidData]
23:54:47.216 [Test worker] INFO  allcom_testng.tests.TestBase -- PASSED: [loginWithInvalidData], with VALUES: [test@gmail.com, <script></script>]
23:54:47.216 [Test worker] INFO  allcom_testng.tests.TestBase -- STARTED: [loginWithInvalidData]
23:54:48.687 [Test worker] INFO  allcom_testng.tests.TestBase -- PASSED: [loginWithInvalidData], with VALUES: [, Qwertyuiop@1]
23:54:48.688 [Test worker] INFO  allcom_testng.tests.TestBase -- STARTED: [loginWithInvalidData]
23:54:50.070 [Test worker] INFO  allcom_testng.tests.TestBase -- PASSED: [loginWithInvalidData], with VALUES: [ , Qwertyuiop@1]
23:54:50.070 [Test worker] INFO  allcom_testng.tests.TestBase -- STARTED: [loginWithInvalidData]
23:54:51.493 [Test worker] INFO  allcom_testng.tests.TestBase -- PASSED: [loginWithInvalidData], with VALUES: [testgmail.com, Qwertyuiop@1]
23:54:51.494 [Test worker] INFO  allcom_testng.tests.TestBase -- STARTED: [loginWithInvalidData]
23:54:52.941 [Test worker] INFO  allcom_testng.tests.TestBase -- PASSED: [loginWithInvalidData], with VALUES: [test@.com, Qwertyuiop@1]
23:54:52.941 [Test worker] INFO  allcom_testng.tests.TestBase -- STARTED: [loginWithInvalidData]
23:54:54.394 [Test worker] INFO  allcom_testng.tests.TestBase -- PASSED: [loginWithInvalidData], with VALUES: [test@gmailcom, Qwertyuiop@1]
23:54:54.394 [Test worker] INFO  allcom_testng.tests.TestBase -- STARTED: [loginWithInvalidData]
23:54:55.849 [Test worker] INFO  allcom_testng.tests.TestBase -- PASSED: [loginWithInvalidData], with VALUES: [test@gmail., Qwertyuiop@1]
23:54:55.849 [Test worker] INFO  allcom_testng.tests.TestBase -- STARTED: [loginWithInvalidData]
23:54:57.556 [Test worker] INFO  allcom_testng.tests.TestBase -- PASSED: [loginWithInvalidData], with VALUES: [@gmail.com, Qwertyuiop@1]
23:54:57.556 [Test worker] INFO  allcom_testng.tests.TestBase -- STARTED: [loginWithInvalidData]
23:54:59.046 [Test worker] INFO  allcom_testng.tests.TestBase -- PASSED: [loginWithInvalidData], with VALUES: [Fqpwiuery, Qwertyuiop@1]
23:54:59.046 [Test worker] INFO  allcom_testng.tests.TestBase -- STARTED: [loginWithInvalidData]
23:55:00.541 [Test worker] INFO  allcom_testng.tests.TestBase -- PASSED: [loginWithInvalidData], with VALUES: [С†СѓРєС€РіРµС€РіР·, Qwertyuiop@1]
23:55:00.542 [Test worker] INFO  allcom_testng.tests.TestBase -- STARTED: [loginWithInvalidData]
23:55:02.014 [Test worker] INFO  allcom_testng.tests.TestBase -- PASSED: [loginWithInvalidData], with VALUES: [%^&()), Qwertyuiop@1]
23:55:02.015 [Test worker] INFO  allcom_testng.tests.TestBase -- STARTED: [loginWithInvalidData]
23:55:03.543 [Test worker] INFO  allcom_testng.tests.TestBase -- PASSED: [loginWithInvalidData], with VALUES: [23446E+11, Qwertyuiop@1]
23:55:03.543 [Test worker] INFO  allcom_testng.tests.TestBase -- STARTED: [loginWithInvalidData]
23:55:05.098 [Test worker] INFO  allcom_testng.tests.TestBase -- PASSED: [loginWithInvalidData], with VALUES: [С‚РµСЃС‚@gmail.com, Qwertyuiop@1]
23:55:05.099 [Test worker] INFO  allcom_testng.tests.TestBase -- STARTED: [loginWithInvalidData]
23:55:06.594 [Test worker] INFO  allcom_testng.tests.TestBase -- PASSED: [loginWithInvalidData], with VALUES: [SELECT* FROM, Qwertyuiop@1]
23:55:06.594 [Test worker] INFO  allcom_testng.tests.TestBase -- STARTED: [loginWithInvalidData]
23:55:08.385 [Test worker] INFO  allcom_testng.tests.TestBase -- PASSED: [loginWithInvalidData], with VALUES: [test@@gmail.com, Qwertyuiop@1]
23:55:08.385 [Test worker] INFO  allcom_testng.tests.TestBase -- STARTED: [loginWithInvalidData]
23:55:09.866 [Test worker] INFO  allcom_testng.tests.TestBase -- PASSED: [loginWithInvalidData], with VALUES: [www.telran.com, Qwertyuiop@1]
23:55:09.866 [Test worker] INFO  allcom_testng.tests.TestBase -- STARTED: [loginWithInvalidData]
23:55:11.396 [Test worker] INFO  allcom_testng.tests.TestBase -- PASSED: [loginWithInvalidData], with VALUES: [tes t@gmail.com, Qwertyuiop@1]
23:55:11.396 [Test worker] INFO  allcom_testng.tests.TestBase -- STARTED: [loginWithInvalidData]
23:55:12.878 [Test worker] INFO  allcom_testng.tests.TestBase -- PASSED: [loginWithInvalidData], with VALUES: [test@ gmail.com, Qwertyuiop@1]
23:55:12.878 [Test worker] INFO  allcom_testng.tests.TestBase -- STARTED: [loginWithInvalidData]
23:55:14.381 [Test worker] INFO  allcom_testng.tests.TestBase -- PASSED: [loginWithInvalidData], with VALUES: [test@gmail .com, Qwertyuiop@1]
23:55:14.381 [Test worker] INFO  allcom_testng.tests.TestBase -- STARTED: [loginWithInvalidData]
23:55:15.906 [Test worker] INFO  allcom_testng.tests.TestBase -- PASSED: [loginWithInvalidData], with VALUES: [test@gmail. com, Qwertyuiop@1]
23:55:15.906 [Test worker] INFO  allcom_testng.tests.TestBase -- STARTED: [loginWithInvalidData]
23:55:17.573 [Test worker] INFO  allcom_testng.tests.TestBase -- PASSED: [loginWithInvalidData], with VALUES: [<script></script>, Qwertyuiop@1]
23:55:17.573 [Test worker] INFO  allcom_testng.tests.TestBase -- STARTED: [loginWithInvalidData]
23:55:19.062 [Test worker] INFO  allcom_testng.tests.TestBase -- PASSED: [loginWithInvalidData], with VALUES: [<input>, Qwertyuiop@1]
23:55:19.062 [Test worker] INFO  allcom_testng.tests.TestBase -- STARTED: [loginWithInvalidData]
23:55:20.499 [Test worker] INFO  allcom_testng.tests.TestBase -- PASSED: [loginWithInvalidData], with VALUES: [0, Qwertyuiop@1]
23:55:20.499 [Test worker] INFO  allcom_testng.tests.TestBase -- STARTED: [loginWithInvalidData]
23:55:21.999 [Test worker] INFO  allcom_testng.tests.TestBase -- PASSED: [loginWithInvalidData], with VALUES: [test@gmail.com, В ]
23:55:21.999 [Test worker] INFO  allcom_testng.tests.TestBase -- STARTED: [loginWithInvalidEmail]
23:55:23.533 [Test worker] INFO  allcom_testng.tests.TestBase -- PASSED: [loginWithInvalidEmail], with VALUES: []
23:55:23.533 [Test worker] INFO  allcom_testng.tests.TestBase -- STARTED: [loginWithInvalidPassword]
23:55:25.056 [Test worker] INFO  allcom_testng.tests.TestBase -- PASSED: [loginWithInvalidPassword], with VALUES: []
]]></system-out>
  <system-err><![CDATA[]]></system-err>
</testsuite>
