<?xml version="1.0" encoding="UTF-8"?>
<testsuite name="allcom.tests.login.LoginTests" tests="48" skipped="0" failures="0" errors="0" timestamp="2024-01-28T20:58:56" hostname="PORTISHEAD-PC" time="35.331">
  <properties/>
  <testcase name="clickOnForgotYourPasswordLabel" classname="allcom.tests.login.LoginTests" time="0.047"/>
  <testcase name="clickOnLoginButtonWOData" classname="allcom.tests.login.LoginTests" time="0.245"/>
  <testcase name="clickOnRegisterButton" classname="allcom.tests.login.LoginTests" time="0.058"/>
  <testcase name="loginWithInvalidData[0](п»їemail, password)" classname="allcom.tests.login.LoginTests" time="0.375"/>
  <testcase name="loginWithInvalidData[1](test@gmail.com, )" classname="allcom.tests.login.LoginTests" time="0.358"/>
  <testcase name="loginWithInvalidData[2](test@gmail.com, )" classname="allcom.tests.login.LoginTests" time="0.356"/>
  <testcase name="loginWithInvalidData[3](test@gmail.com, Tes123)" classname="allcom.tests.login.LoginTests" time="0.384"/>
  <testcase name="loginWithInvalidData[4](test@gmail.com, Tes1234)" classname="allcom.tests.login.LoginTests" time="0.387"/>
  <testcase name="loginWithInvalidData[5](test@gmail.com, Test1234555555555555555555555555555555555555555555555555555555555555555555555555555555555555)" classname="allcom.tests.login.LoginTests" time="0.57"/>
  <testcase name="loginWithInvalidData[6](test@gmail.com, 11111E+12)" classname="allcom.tests.login.LoginTests" time="0.389"/>
  <testcase name="loginWithInvalidData[7](test@gmail.com, *&amp;^(*&amp;%$##@)" classname="allcom.tests.login.LoginTests" time="0.395"/>
  <testcase name="loginWithInvalidData[8](test@gmail.com, Qwertyuiop@1С‹)" classname="allcom.tests.login.LoginTests" time="0.405"/>
  <testcase name="loginWithInvalidData[9](test@gmail.com, Р¤Р«Р’РђРђРџРєРіСѓС‰СѓС†Р·)" classname="allcom.tests.login.LoginTests" time="0.436"/>
  <testcase name="loginWithInvalidData[10](test@gmail.com, Test 12345!)" classname="allcom.tests.login.LoginTests" time="0.393"/>
  <testcase name="loginWithInvalidData[11](test@gmail.com,  Test12345!)" classname="allcom.tests.login.LoginTests" time="0.396"/>
  <testcase name="loginWithInvalidData[12](test@gmail.com, Test12345)" classname="allcom.tests.login.LoginTests" time="0.407"/>
  <testcase name="loginWithInvalidData[13](test@gmail.com, SELECT* FROM)" classname="allcom.tests.login.LoginTests" time="0.411"/>
  <testcase name="loginWithInvalidData[14](test@gmail.com, www.gmail.com)" classname="allcom.tests.login.LoginTests" time="0.431"/>
  <testcase name="loginWithInvalidData[15](test@gmail.com, test@gmail.com)" classname="allcom.tests.login.LoginTests" time="0.437"/>
  <testcase name="loginWithInvalidData[16](test@gmail.com, 0)" classname="allcom.tests.login.LoginTests" time="0.446"/>
  <testcase name="loginWithInvalidData[17](test@gmail.com, &lt;input&gt;)" classname="allcom.tests.login.LoginTests" time="0.483"/>
  <testcase name="loginWithInvalidData[18](test@gmail.com, &lt;script&gt;&lt;/script&gt;)" classname="allcom.tests.login.LoginTests" time="0.473"/>
  <testcase name="loginWithInvalidData[19](, Qwertyuiop@1)" classname="allcom.tests.login.LoginTests" time="0.402"/>
  <testcase name="loginWithInvalidData[20]( , Qwertyuiop@1)" classname="allcom.tests.login.LoginTests" time="0.395"/>
  <testcase name="loginWithInvalidData[21](testgmail.com, Qwertyuiop@1)" classname="allcom.tests.login.LoginTests" time="0.441"/>
  <testcase name="loginWithInvalidData[22](test@.com, Qwertyuiop@1)" classname="allcom.tests.login.LoginTests" time="0.414"/>
  <testcase name="loginWithInvalidData[23](test@gmailcom, Qwertyuiop@1)" classname="allcom.tests.login.LoginTests" time="0.407"/>
  <testcase name="loginWithInvalidData[24](test@gmail., Qwertyuiop@1)" classname="allcom.tests.login.LoginTests" time="0.411"/>
  <testcase name="loginWithInvalidData[25](@gmail.com, Qwertyuiop@1)" classname="allcom.tests.login.LoginTests" time="0.403"/>
  <testcase name="loginWithInvalidData[26](Fqpwiuery, Qwertyuiop@1)" classname="allcom.tests.login.LoginTests" time="0.449"/>
  <testcase name="loginWithInvalidData[27](С†СѓРєС€РіРµС€РіР·, Qwertyuiop@1)" classname="allcom.tests.login.LoginTests" time="0.433"/>
  <testcase name="loginWithInvalidData[28](%^&amp;()), Qwertyuiop@1)" classname="allcom.tests.login.LoginTests" time="0.433"/>
  <testcase name="loginWithInvalidData[29](23446E+11, Qwertyuiop@1)" classname="allcom.tests.login.LoginTests" time="0.418"/>
  <testcase name="loginWithInvalidData[30](С‚РµСЃС‚@gmail.com, Qwertyuiop@1)" classname="allcom.tests.login.LoginTests" time="0.433"/>
  <testcase name="loginWithInvalidData[31](SELECT* FROM, Qwertyuiop@1)" classname="allcom.tests.login.LoginTests" time="0.442"/>
  <testcase name="loginWithInvalidData[32](test@@gmail.com, Qwertyuiop@1)" classname="allcom.tests.login.LoginTests" time="0.43"/>
  <testcase name="loginWithInvalidData[33](www.telran.com, Qwertyuiop@1)" classname="allcom.tests.login.LoginTests" time="0.412"/>
  <testcase name="loginWithInvalidData[34](tes t@gmail.com, Qwertyuiop@1)" classname="allcom.tests.login.LoginTests" time="0.443"/>
  <testcase name="loginWithInvalidData[35](test@ gmail.com, Qwertyuiop@1)" classname="allcom.tests.login.LoginTests" time="0.435"/>
  <testcase name="loginWithInvalidData[36](test@gmail .com, Qwertyuiop@1)" classname="allcom.tests.login.LoginTests" time="0.451"/>
  <testcase name="loginWithInvalidData[37](test@gmail. com, Qwertyuiop@1)" classname="allcom.tests.login.LoginTests" time="0.489"/>
  <testcase name="loginWithInvalidData[38](&lt;script&gt;&lt;/script&gt;, Qwertyuiop@1)" classname="allcom.tests.login.LoginTests" time="0.456"/>
  <testcase name="loginWithInvalidData[39](&lt;input&gt;, Qwertyuiop@1)" classname="allcom.tests.login.LoginTests" time="0.437"/>
  <testcase name="loginWithInvalidData[40](0, Qwertyuiop@1)" classname="allcom.tests.login.LoginTests" time="0.422"/>
  <testcase name="loginWithInvalidData[41](test@gmail.com, В )" classname="allcom.tests.login.LoginTests" time="0.42"/>
  <testcase name="loginWithInvalidEmail" classname="allcom.tests.login.LoginTests" time="0.437"/>
  <testcase name="loginWithInvalidPassword" classname="allcom.tests.login.LoginTests" time="0.441"/>
  <testcase name="loginWithValidData" classname="allcom.tests.login.LoginTests" time="10.565"/>
  <system-out><![CDATA[21:58:56.392 [Test worker] INFO  allcom.tests.TestBase -- Start test: [clickOnForgotYourPasswordLabel]
21:58:56.638 [Test worker] INFO  allcom.tests.TestBase -- PASSED: [clickOnForgotYourPasswordLabel], with Parameters: []
21:58:56.638 [Test worker] INFO  allcom.tests.TestBase -- Start test: [clickOnLoginButtonWOData]
21:58:56.983 [Test worker] INFO  allcom.tests.TestBase -- PASSED: [clickOnLoginButtonWOData], with Parameters: []
21:58:56.983 [Test worker] INFO  allcom.tests.TestBase -- Start test: [clickOnRegisterButton]
21:58:57.135 [Test worker] INFO  allcom.tests.TestBase -- PASSED: [clickOnRegisterButton], with Parameters: []
21:58:57.136 [Test worker] INFO  allcom.tests.TestBase -- Start test: [loginWithInvalidData]
21:58:57.614 [Test worker] INFO  allcom.tests.TestBase -- PASSED: [loginWithInvalidData], with Parameters: [п»їemail, password]
21:58:57.614 [Test worker] INFO  allcom.tests.TestBase -- Start test: [loginWithInvalidData]
21:58:58.101 [Test worker] INFO  allcom.tests.TestBase -- PASSED: [loginWithInvalidData], with Parameters: [test@gmail.com, ]
21:58:58.102 [Test worker] INFO  allcom.tests.TestBase -- Start test: [loginWithInvalidData]
21:58:58.585 [Test worker] INFO  allcom.tests.TestBase -- PASSED: [loginWithInvalidData], with Parameters: [test@gmail.com, ]
21:58:58.585 [Test worker] INFO  allcom.tests.TestBase -- Start test: [loginWithInvalidData]
21:58:59.090 [Test worker] INFO  allcom.tests.TestBase -- PASSED: [loginWithInvalidData], with Parameters: [test@gmail.com, Tes123]
21:58:59.090 [Test worker] INFO  allcom.tests.TestBase -- Start test: [loginWithInvalidData]
21:58:59.597 [Test worker] INFO  allcom.tests.TestBase -- PASSED: [loginWithInvalidData], with Parameters: [test@gmail.com, Tes1234]
21:58:59.597 [Test worker] INFO  allcom.tests.TestBase -- Start test: [loginWithInvalidData]
21:59:00.291 [Test worker] INFO  allcom.tests.TestBase -- PASSED: [loginWithInvalidData], with Parameters: [test@gmail.com, Test1234555555555555555555555555555555555555555555555555555555555555555555555555555555555555]
21:59:00.291 [Test worker] INFO  allcom.tests.TestBase -- Start test: [loginWithInvalidData]
21:59:00.800 [Test worker] INFO  allcom.tests.TestBase -- PASSED: [loginWithInvalidData], with Parameters: [test@gmail.com, 11111E+12]
21:59:00.800 [Test worker] INFO  allcom.tests.TestBase -- Start test: [loginWithInvalidData]
21:59:01.317 [Test worker] INFO  allcom.tests.TestBase -- PASSED: [loginWithInvalidData], with Parameters: [test@gmail.com, *&^(*&%$##@]
21:59:01.318 [Test worker] INFO  allcom.tests.TestBase -- Start test: [loginWithInvalidData]
21:59:01.840 [Test worker] INFO  allcom.tests.TestBase -- PASSED: [loginWithInvalidData], with Parameters: [test@gmail.com, Qwertyuiop@1С‹]
21:59:01.840 [Test worker] INFO  allcom.tests.TestBase -- Start test: [loginWithInvalidData]
21:59:02.406 [Test worker] INFO  allcom.tests.TestBase -- PASSED: [loginWithInvalidData], with Parameters: [test@gmail.com, Р¤Р«Р’РђРђРџРєРіСѓС‰СѓС†Р·]
21:59:02.406 [Test worker] INFO  allcom.tests.TestBase -- Start test: [loginWithInvalidData]
21:59:02.920 [Test worker] INFO  allcom.tests.TestBase -- PASSED: [loginWithInvalidData], with Parameters: [test@gmail.com, Test 12345!]
21:59:02.920 [Test worker] INFO  allcom.tests.TestBase -- Start test: [loginWithInvalidData]
21:59:03.437 [Test worker] INFO  allcom.tests.TestBase -- PASSED: [loginWithInvalidData], with Parameters: [test@gmail.com,  Test12345!]
21:59:03.437 [Test worker] INFO  allcom.tests.TestBase -- Start test: [loginWithInvalidData]
21:59:03.963 [Test worker] INFO  allcom.tests.TestBase -- PASSED: [loginWithInvalidData], with Parameters: [test@gmail.com, Test12345]
21:59:03.963 [Test worker] INFO  allcom.tests.TestBase -- Start test: [loginWithInvalidData]
21:59:04.539 [Test worker] INFO  allcom.tests.TestBase -- PASSED: [loginWithInvalidData], with Parameters: [test@gmail.com, SELECT* FROM]
21:59:04.539 [Test worker] INFO  allcom.tests.TestBase -- Start test: [loginWithInvalidData]
21:59:05.091 [Test worker] INFO  allcom.tests.TestBase -- PASSED: [loginWithInvalidData], with Parameters: [test@gmail.com, www.gmail.com]
21:59:05.091 [Test worker] INFO  allcom.tests.TestBase -- Start test: [loginWithInvalidData]
21:59:05.657 [Test worker] INFO  allcom.tests.TestBase -- PASSED: [loginWithInvalidData], with Parameters: [test@gmail.com, test@gmail.com]
21:59:05.658 [Test worker] INFO  allcom.tests.TestBase -- Start test: [loginWithInvalidData]
21:59:06.231 [Test worker] INFO  allcom.tests.TestBase -- PASSED: [loginWithInvalidData], with Parameters: [test@gmail.com, 0]
21:59:06.232 [Test worker] INFO  allcom.tests.TestBase -- Start test: [loginWithInvalidData]
21:59:06.854 [Test worker] INFO  allcom.tests.TestBase -- PASSED: [loginWithInvalidData], with Parameters: [test@gmail.com, <input>]
21:59:06.854 [Test worker] INFO  allcom.tests.TestBase -- Start test: [loginWithInvalidData]
21:59:07.448 [Test worker] INFO  allcom.tests.TestBase -- PASSED: [loginWithInvalidData], with Parameters: [test@gmail.com, <script></script>]
21:59:07.449 [Test worker] INFO  allcom.tests.TestBase -- Start test: [loginWithInvalidData]
21:59:07.973 [Test worker] INFO  allcom.tests.TestBase -- PASSED: [loginWithInvalidData], with Parameters: [, Qwertyuiop@1]
21:59:07.974 [Test worker] INFO  allcom.tests.TestBase -- Start test: [loginWithInvalidData]
21:59:08.484 [Test worker] INFO  allcom.tests.TestBase -- PASSED: [loginWithInvalidData], with Parameters: [ , Qwertyuiop@1]
21:59:08.485 [Test worker] INFO  allcom.tests.TestBase -- Start test: [loginWithInvalidData]
21:59:09.048 [Test worker] INFO  allcom.tests.TestBase -- PASSED: [loginWithInvalidData], with Parameters: [testgmail.com, Qwertyuiop@1]
21:59:09.048 [Test worker] INFO  allcom.tests.TestBase -- Start test: [loginWithInvalidData]
21:59:09.579 [Test worker] INFO  allcom.tests.TestBase -- PASSED: [loginWithInvalidData], with Parameters: [test@.com, Qwertyuiop@1]
21:59:09.579 [Test worker] INFO  allcom.tests.TestBase -- Start test: [loginWithInvalidData]
21:59:10.114 [Test worker] INFO  allcom.tests.TestBase -- PASSED: [loginWithInvalidData], with Parameters: [test@gmailcom, Qwertyuiop@1]
21:59:10.115 [Test worker] INFO  allcom.tests.TestBase -- Start test: [loginWithInvalidData]
21:59:10.648 [Test worker] INFO  allcom.tests.TestBase -- PASSED: [loginWithInvalidData], with Parameters: [test@gmail., Qwertyuiop@1]
21:59:10.648 [Test worker] INFO  allcom.tests.TestBase -- Start test: [loginWithInvalidData]
21:59:11.170 [Test worker] INFO  allcom.tests.TestBase -- PASSED: [loginWithInvalidData], with Parameters: [@gmail.com, Qwertyuiop@1]
21:59:11.171 [Test worker] INFO  allcom.tests.TestBase -- Start test: [loginWithInvalidData]
21:59:11.734 [Test worker] INFO  allcom.tests.TestBase -- PASSED: [loginWithInvalidData], with Parameters: [Fqpwiuery, Qwertyuiop@1]
21:59:11.735 [Test worker] INFO  allcom.tests.TestBase -- Start test: [loginWithInvalidData]
21:59:12.287 [Test worker] INFO  allcom.tests.TestBase -- PASSED: [loginWithInvalidData], with Parameters: [С†СѓРєС€РіРµС€РіР·, Qwertyuiop@1]
21:59:12.288 [Test worker] INFO  allcom.tests.TestBase -- Start test: [loginWithInvalidData]
21:59:12.842 [Test worker] INFO  allcom.tests.TestBase -- PASSED: [loginWithInvalidData], with Parameters: [%^&()), Qwertyuiop@1]
21:59:12.843 [Test worker] INFO  allcom.tests.TestBase -- Start test: [loginWithInvalidData]
21:59:13.382 [Test worker] INFO  allcom.tests.TestBase -- PASSED: [loginWithInvalidData], with Parameters: [23446E+11, Qwertyuiop@1]
21:59:13.382 [Test worker] INFO  allcom.tests.TestBase -- Start test: [loginWithInvalidData]
21:59:13.935 [Test worker] INFO  allcom.tests.TestBase -- PASSED: [loginWithInvalidData], with Parameters: [С‚РµСЃС‚@gmail.com, Qwertyuiop@1]
21:59:13.936 [Test worker] INFO  allcom.tests.TestBase -- Start test: [loginWithInvalidData]
21:59:14.495 [Test worker] INFO  allcom.tests.TestBase -- PASSED: [loginWithInvalidData], with Parameters: [SELECT* FROM, Qwertyuiop@1]
21:59:14.496 [Test worker] INFO  allcom.tests.TestBase -- Start test: [loginWithInvalidData]
21:59:15.052 [Test worker] INFO  allcom.tests.TestBase -- PASSED: [loginWithInvalidData], with Parameters: [test@@gmail.com, Qwertyuiop@1]
21:59:15.052 [Test worker] INFO  allcom.tests.TestBase -- Start test: [loginWithInvalidData]
21:59:15.589 [Test worker] INFO  allcom.tests.TestBase -- PASSED: [loginWithInvalidData], with Parameters: [www.telran.com, Qwertyuiop@1]
21:59:15.590 [Test worker] INFO  allcom.tests.TestBase -- Start test: [loginWithInvalidData]
21:59:16.158 [Test worker] INFO  allcom.tests.TestBase -- PASSED: [loginWithInvalidData], with Parameters: [tes t@gmail.com, Qwertyuiop@1]
21:59:16.158 [Test worker] INFO  allcom.tests.TestBase -- Start test: [loginWithInvalidData]
21:59:16.716 [Test worker] INFO  allcom.tests.TestBase -- PASSED: [loginWithInvalidData], with Parameters: [test@ gmail.com, Qwertyuiop@1]
21:59:16.717 [Test worker] INFO  allcom.tests.TestBase -- Start test: [loginWithInvalidData]
21:59:17.293 [Test worker] INFO  allcom.tests.TestBase -- PASSED: [loginWithInvalidData], with Parameters: [test@gmail .com, Qwertyuiop@1]
21:59:17.293 [Test worker] INFO  allcom.tests.TestBase -- Start test: [loginWithInvalidData]
21:59:17.901 [Test worker] INFO  allcom.tests.TestBase -- PASSED: [loginWithInvalidData], with Parameters: [test@gmail. com, Qwertyuiop@1]
21:59:17.901 [Test worker] INFO  allcom.tests.TestBase -- Start test: [loginWithInvalidData]
21:59:18.480 [Test worker] INFO  allcom.tests.TestBase -- PASSED: [loginWithInvalidData], with Parameters: [<script></script>, Qwertyuiop@1]
21:59:18.481 [Test worker] INFO  allcom.tests.TestBase -- Start test: [loginWithInvalidData]
21:59:19.042 [Test worker] INFO  allcom.tests.TestBase -- PASSED: [loginWithInvalidData], with Parameters: [<input>, Qwertyuiop@1]
21:59:19.042 [Test worker] INFO  allcom.tests.TestBase -- Start test: [loginWithInvalidData]
21:59:19.576 [Test worker] INFO  allcom.tests.TestBase -- PASSED: [loginWithInvalidData], with Parameters: [0, Qwertyuiop@1]
21:59:19.576 [Test worker] INFO  allcom.tests.TestBase -- Start test: [loginWithInvalidData]
21:59:20.118 [Test worker] INFO  allcom.tests.TestBase -- PASSED: [loginWithInvalidData], with Parameters: [test@gmail.com, В ]
21:59:20.119 [Test worker] INFO  allcom.tests.TestBase -- Start test: [loginWithInvalidEmail]
21:59:20.675 [Test worker] INFO  allcom.tests.TestBase -- PASSED: [loginWithInvalidEmail], with Parameters: []
21:59:20.675 [Test worker] INFO  allcom.tests.TestBase -- Start test: [loginWithInvalidPassword]
21:59:21.241 [Test worker] INFO  allcom.tests.TestBase -- PASSED: [loginWithInvalidPassword], with Parameters: []
21:59:21.241 [Test worker] INFO  allcom.tests.TestBase -- Start test: [loginWithValidData]
21:59:31.923 [Test worker] INFO  allcom.tests.TestBase -- PASSED: [loginWithValidData], with Parameters: []
]]></system-out>
  <system-err><![CDATA[]]></system-err>
</testsuite>
