<?xml version="1.0" encoding="UTF-8"?>
<testsuite name="allcom_testng.tests.passwordReset.RestorePasswordTests" tests="23" skipped="0" failures="0" errors="0" timestamp="2024-02-25T22:30:24" hostname="PORTISHEAD-PC" time="21.979">
  <properties/>
  <testcase name="restoreWithInvalidEmail[0](п»ї)" classname="allcom_testng.tests.passwordReset.RestorePasswordTests" time="0.223"/>
  <testcase name="restoreWithInvalidEmail[1]()" classname="allcom_testng.tests.passwordReset.RestorePasswordTests" time="0.208"/>
  <testcase name="restoreWithInvalidEmail[2](testgmail.com)" classname="allcom_testng.tests.passwordReset.RestorePasswordTests" time="0.335"/>
  <testcase name="restoreWithInvalidEmail[3](test@.com)" classname="allcom_testng.tests.passwordReset.RestorePasswordTests" time="0.254"/>
  <testcase name="restoreWithInvalidEmail[4](test@gmailcom)" classname="allcom_testng.tests.passwordReset.RestorePasswordTests" time="0.261"/>
  <testcase name="restoreWithInvalidEmail[5](test@gmail.)" classname="allcom_testng.tests.passwordReset.RestorePasswordTests" time="0.272"/>
  <testcase name="restoreWithInvalidEmail[6](@gmail.com)" classname="allcom_testng.tests.passwordReset.RestorePasswordTests" time="0.312"/>
  <testcase name="restoreWithInvalidEmail[7](Fqpwiuery)" classname="allcom_testng.tests.passwordReset.RestorePasswordTests" time="0.263"/>
  <testcase name="restoreWithInvalidEmail[8](С†СѓРєС€РіРµС€РіР·)" classname="allcom_testng.tests.passwordReset.RestorePasswordTests" time="0.282"/>
  <testcase name="restoreWithInvalidEmail[9](&quot;%^&amp;()):&quot;)" classname="allcom_testng.tests.passwordReset.RestorePasswordTests" time="0.321"/>
  <testcase name="restoreWithInvalidEmail[10](1)" classname="allcom_testng.tests.passwordReset.RestorePasswordTests" time="0.25"/>
  <testcase name="restoreWithInvalidEmail[11](С‚РµСЃС‚@gmail.com)" classname="allcom_testng.tests.passwordReset.RestorePasswordTests" time="0.293"/>
  <testcase name="restoreWithInvalidEmail[12](SELECT* FROM)" classname="allcom_testng.tests.passwordReset.RestorePasswordTests" time="0.286"/>
  <testcase name="restoreWithInvalidEmail[13](test@@gmail.com)" classname="allcom_testng.tests.passwordReset.RestorePasswordTests" time="0.286"/>
  <testcase name="restoreWithInvalidEmail[14](www.telran.com)" classname="allcom_testng.tests.passwordReset.RestorePasswordTests" time="0.302"/>
  <testcase name="restoreWithInvalidEmail[15](tes t@gmail.com)" classname="allcom_testng.tests.passwordReset.RestorePasswordTests" time="0.342"/>
  <testcase name="restoreWithInvalidEmail[16](test@ gmail.com)" classname="allcom_testng.tests.passwordReset.RestorePasswordTests" time="0.286"/>
  <testcase name="restoreWithInvalidEmail[17](test@gmail .com)" classname="allcom_testng.tests.passwordReset.RestorePasswordTests" time="0.308"/>
  <testcase name="restoreWithInvalidEmail[18](test@gmail. com)" classname="allcom_testng.tests.passwordReset.RestorePasswordTests" time="0.291"/>
  <testcase name="restoreWithInvalidEmail[19](&lt;script&gt;&lt;/script&gt;)" classname="allcom_testng.tests.passwordReset.RestorePasswordTests" time="0.383"/>
  <testcase name="restoreWithInvalidEmail[20](&lt;input&gt;)" classname="allcom_testng.tests.passwordReset.RestorePasswordTests" time="0.284"/>
  <testcase name="restoreWithInvalidEmail[21](0)" classname="allcom_testng.tests.passwordReset.RestorePasswordTests" time="0.281"/>
  <testcase name="restoreWithValidEmail" classname="allcom_testng.tests.passwordReset.RestorePasswordTests" time="0.302"/>
  <system-out><![CDATA[23:30:24.031 [Test worker] INFO  allcom_testng.tests.TestBase -- STARTED: [restoreWithInvalidEmail]
23:30:24.967 [Test worker] INFO  allcom_testng.tests.TestBase -- PASSED: [restoreWithInvalidEmail], with VALUES: [п»ї]
23:30:24.967 [Test worker] INFO  allcom_testng.tests.TestBase -- STARTED: [restoreWithInvalidEmail]
23:30:25.826 [Test worker] INFO  allcom_testng.tests.TestBase -- PASSED: [restoreWithInvalidEmail], with VALUES: []
23:30:25.827 [Test worker] INFO  allcom_testng.tests.TestBase -- STARTED: [restoreWithInvalidEmail]
23:30:26.791 [Test worker] INFO  allcom_testng.tests.TestBase -- PASSED: [restoreWithInvalidEmail], with VALUES: [testgmail.com]
23:30:26.791 [Test worker] INFO  allcom_testng.tests.TestBase -- STARTED: [restoreWithInvalidEmail]
23:30:27.741 [Test worker] INFO  allcom_testng.tests.TestBase -- PASSED: [restoreWithInvalidEmail], with VALUES: [test@.com]
23:30:27.741 [Test worker] INFO  allcom_testng.tests.TestBase -- STARTED: [restoreWithInvalidEmail]
23:30:28.701 [Test worker] INFO  allcom_testng.tests.TestBase -- PASSED: [restoreWithInvalidEmail], with VALUES: [test@gmailcom]
23:30:28.702 [Test worker] INFO  allcom_testng.tests.TestBase -- STARTED: [restoreWithInvalidEmail]
23:30:29.670 [Test worker] INFO  allcom_testng.tests.TestBase -- PASSED: [restoreWithInvalidEmail], with VALUES: [test@gmail.]
23:30:29.671 [Test worker] INFO  allcom_testng.tests.TestBase -- STARTED: [restoreWithInvalidEmail]
23:30:30.652 [Test worker] INFO  allcom_testng.tests.TestBase -- PASSED: [restoreWithInvalidEmail], with VALUES: [@gmail.com]
23:30:30.652 [Test worker] INFO  allcom_testng.tests.TestBase -- STARTED: [restoreWithInvalidEmail]
23:30:31.616 [Test worker] INFO  allcom_testng.tests.TestBase -- PASSED: [restoreWithInvalidEmail], with VALUES: [Fqpwiuery]
23:30:31.616 [Test worker] INFO  allcom_testng.tests.TestBase -- STARTED: [restoreWithInvalidEmail]
23:30:32.639 [Test worker] INFO  allcom_testng.tests.TestBase -- PASSED: [restoreWithInvalidEmail], with VALUES: [С†СѓРєС€РіРµС€РіР·]
23:30:32.640 [Test worker] INFO  allcom_testng.tests.TestBase -- STARTED: [restoreWithInvalidEmail]
23:30:33.712 [Test worker] INFO  allcom_testng.tests.TestBase -- PASSED: [restoreWithInvalidEmail], with VALUES: ["%^&()):"]
23:30:33.712 [Test worker] INFO  allcom_testng.tests.TestBase -- STARTED: [restoreWithInvalidEmail]
23:30:34.656 [Test worker] INFO  allcom_testng.tests.TestBase -- PASSED: [restoreWithInvalidEmail], with VALUES: [1]
23:30:34.657 [Test worker] INFO  allcom_testng.tests.TestBase -- STARTED: [restoreWithInvalidEmail]
23:30:35.633 [Test worker] INFO  allcom_testng.tests.TestBase -- PASSED: [restoreWithInvalidEmail], with VALUES: [С‚РµСЃС‚@gmail.com]
23:30:35.633 [Test worker] INFO  allcom_testng.tests.TestBase -- STARTED: [restoreWithInvalidEmail]
23:30:36.640 [Test worker] INFO  allcom_testng.tests.TestBase -- PASSED: [restoreWithInvalidEmail], with VALUES: [SELECT* FROM]
23:30:36.640 [Test worker] INFO  allcom_testng.tests.TestBase -- STARTED: [restoreWithInvalidEmail]
23:30:37.658 [Test worker] INFO  allcom_testng.tests.TestBase -- PASSED: [restoreWithInvalidEmail], with VALUES: [test@@gmail.com]
23:30:37.658 [Test worker] INFO  allcom_testng.tests.TestBase -- STARTED: [restoreWithInvalidEmail]
23:30:38.644 [Test worker] INFO  allcom_testng.tests.TestBase -- PASSED: [restoreWithInvalidEmail], with VALUES: [www.telran.com]
23:30:38.644 [Test worker] INFO  allcom_testng.tests.TestBase -- STARTED: [restoreWithInvalidEmail]
23:30:39.696 [Test worker] INFO  allcom_testng.tests.TestBase -- PASSED: [restoreWithInvalidEmail], with VALUES: [tes t@gmail.com]
23:30:39.696 [Test worker] INFO  allcom_testng.tests.TestBase -- STARTED: [restoreWithInvalidEmail]
23:30:40.725 [Test worker] INFO  allcom_testng.tests.TestBase -- PASSED: [restoreWithInvalidEmail], with VALUES: [test@ gmail.com]
23:30:40.725 [Test worker] INFO  allcom_testng.tests.TestBase -- STARTED: [restoreWithInvalidEmail]
23:30:41.738 [Test worker] INFO  allcom_testng.tests.TestBase -- PASSED: [restoreWithInvalidEmail], with VALUES: [test@gmail .com]
23:30:41.738 [Test worker] INFO  allcom_testng.tests.TestBase -- STARTED: [restoreWithInvalidEmail]
23:30:42.762 [Test worker] INFO  allcom_testng.tests.TestBase -- PASSED: [restoreWithInvalidEmail], with VALUES: [test@gmail. com]
23:30:42.762 [Test worker] INFO  allcom_testng.tests.TestBase -- STARTED: [restoreWithInvalidEmail]
23:30:43.819 [Test worker] INFO  allcom_testng.tests.TestBase -- PASSED: [restoreWithInvalidEmail], with VALUES: [<script></script>]
23:30:43.819 [Test worker] INFO  allcom_testng.tests.TestBase -- STARTED: [restoreWithInvalidEmail]
23:30:44.775 [Test worker] INFO  allcom_testng.tests.TestBase -- PASSED: [restoreWithInvalidEmail], with VALUES: [<input>]
23:30:44.775 [Test worker] INFO  allcom_testng.tests.TestBase -- STARTED: [restoreWithInvalidEmail]
23:30:45.744 [Test worker] INFO  allcom_testng.tests.TestBase -- PASSED: [restoreWithInvalidEmail], with VALUES: [0]
23:30:45.744 [Test worker] INFO  allcom_testng.tests.TestBase -- STARTED: [restoreWithValidEmail]
23:30:46.723 [Test worker] INFO  allcom_testng.tests.TestBase -- PASSED: [restoreWithValidEmail], with VALUES: []
]]></system-out>
  <system-err><![CDATA[]]></system-err>
</testsuite>
