<?xml version="1.0" encoding="UTF-8"?>
<testsuite name="allcom.tests.header.HeaderAccountTests" tests="6" skipped="0" failures="0" errors="0" timestamp="2024-01-30T01:44:51" hostname="PORTISHEAD-PC" time="0.688">
  <properties/>
  <testcase name="cartTopIsPresent" classname="allcom.tests.header.HeaderAccountTests" time="0.001"/>
  <testcase name="clickCartTopNavigatesToCorrectPage" classname="allcom.tests.header.HeaderAccountTests" time="0.053"/>
  <testcase name="clickMyAccountTopNavigatesToCorrectPage" classname="allcom.tests.header.HeaderAccountTests" time="0.057"/>
  <testcase name="clickWishlistTopNavigatesToCorrectPage" classname="allcom.tests.header.HeaderAccountTests" time="0.051"/>
  <testcase name="myAccountTopIsPresent" classname="allcom.tests.header.HeaderAccountTests" time="0.0"/>
  <testcase name="wishlistTopIsPresent" classname="allcom.tests.header.HeaderAccountTests" time="0.001"/>
  <system-out><![CDATA[02:44:51.717 [Test worker] INFO  allcom.tests.TestBase -- Start test: [cartTopIsPresent]
02:44:51.827 [Test worker] INFO  allcom.tests.TestBase -- PASSED: [cartTopIsPresent], with Parameters: []
02:44:51.828 [Test worker] INFO  allcom.tests.TestBase -- Start test: [clickCartTopNavigatesToCorrectPage]
02:44:51.993 [Test worker] INFO  allcom.tests.TestBase -- PASSED: [clickCartTopNavigatesToCorrectPage], with Parameters: []
02:44:51.993 [Test worker] INFO  allcom.tests.TestBase -- Start test: [clickMyAccountTopNavigatesToCorrectPage]
02:44:52.152 [Test worker] INFO  allcom.tests.TestBase -- PASSED: [clickMyAccountTopNavigatesToCorrectPage], with Parameters: []
02:44:52.152 [Test worker] INFO  allcom.tests.TestBase -- Start test: [clickWishlistTopNavigatesToCorrectPage]
02:44:52.303 [Test worker] INFO  allcom.tests.TestBase -- PASSED: [clickWishlistTopNavigatesToCorrectPage], with Parameters: []
02:44:52.304 [Test worker] INFO  allcom.tests.TestBase -- Start test: [myAccountTopIsPresent]
02:44:52.406 [Test worker] INFO  allcom.tests.TestBase -- PASSED: [myAccountTopIsPresent], with Parameters: []
02:44:52.407 [Test worker] INFO  allcom.tests.TestBase -- Start test: [wishlistTopIsPresent]
02:44:52.514 [Test worker] INFO  allcom.tests.TestBase -- PASSED: [wishlistTopIsPresent], with Parameters: []
]]></system-out>
  <system-err><![CDATA[]]></system-err>
</testsuite>
