<?xml version="1.0" encoding="UTF-8"?>
<testsuite name="allcom.tests.passwordReset.RestorePasswordTests" tests="23" skipped="0" failures="0" errors="0" timestamp="2024-01-31T00:17:19" hostname="PORTISHEAD-PC" time="14.082">
  <properties/>
  <testcase name="restoreWithInvalidEmail[0](п»ї)" classname="allcom.tests.passwordReset.RestorePasswordTests" time="0.482"/>
  <testcase name="restoreWithInvalidEmail[1]()" classname="allcom.tests.passwordReset.RestorePasswordTests" time="0.618"/>
  <testcase name="restoreWithInvalidEmail[2](testgmail.com)" classname="allcom.tests.passwordReset.RestorePasswordTests" time="0.521"/>
  <testcase name="restoreWithInvalidEmail[3](test@.com)" classname="allcom.tests.passwordReset.RestorePasswordTests" time="0.455"/>
  <testcase name="restoreWithInvalidEmail[4](test@gmailcom)" classname="allcom.tests.passwordReset.RestorePasswordTests" time="0.246"/>
  <testcase name="restoreWithInvalidEmail[5](test@gmail.)" classname="allcom.tests.passwordReset.RestorePasswordTests" time="0.202"/>
  <testcase name="restoreWithInvalidEmail[6](@gmail.com)" classname="allcom.tests.passwordReset.RestorePasswordTests" time="0.517"/>
  <testcase name="restoreWithInvalidEmail[7](Fqpwiuery)" classname="allcom.tests.passwordReset.RestorePasswordTests" time="0.51"/>
  <testcase name="restoreWithInvalidEmail[8](С†СѓРєС€РіРµС€РіР·)" classname="allcom.tests.passwordReset.RestorePasswordTests" time="0.526"/>
  <testcase name="restoreWithInvalidEmail[9](&quot;%^&amp;()):&quot;)" classname="allcom.tests.passwordReset.RestorePasswordTests" time="0.514"/>
  <testcase name="restoreWithInvalidEmail[10](1)" classname="allcom.tests.passwordReset.RestorePasswordTests" time="0.386"/>
  <testcase name="restoreWithInvalidEmail[11](С‚РµСЃС‚@gmail.com)" classname="allcom.tests.passwordReset.RestorePasswordTests" time="0.494"/>
  <testcase name="restoreWithInvalidEmail[12](SELECT* FROM)" classname="allcom.tests.passwordReset.RestorePasswordTests" time="0.498"/>
  <testcase name="restoreWithInvalidEmail[13](test@@gmail.com)" classname="allcom.tests.passwordReset.RestorePasswordTests" time="0.491"/>
  <testcase name="restoreWithInvalidEmail[14](www.telran.com)" classname="allcom.tests.passwordReset.RestorePasswordTests" time="0.489"/>
  <testcase name="restoreWithInvalidEmail[15](tes t@gmail.com)" classname="allcom.tests.passwordReset.RestorePasswordTests" time="0.488"/>
  <testcase name="restoreWithInvalidEmail[16](test@ gmail.com)" classname="allcom.tests.passwordReset.RestorePasswordTests" time="0.481"/>
  <testcase name="restoreWithInvalidEmail[17](test@gmail .com)" classname="allcom.tests.passwordReset.RestorePasswordTests" time="0.517"/>
  <testcase name="restoreWithInvalidEmail[18](test@gmail. com)" classname="allcom.tests.passwordReset.RestorePasswordTests" time="0.541"/>
  <testcase name="restoreWithInvalidEmail[19](&lt;script&gt;&lt;/script&gt;)" classname="allcom.tests.passwordReset.RestorePasswordTests" time="0.551"/>
  <testcase name="restoreWithInvalidEmail[20](&lt;input&gt;)" classname="allcom.tests.passwordReset.RestorePasswordTests" time="0.521"/>
  <testcase name="restoreWithInvalidEmail[21](0)" classname="allcom.tests.passwordReset.RestorePasswordTests" time="0.176"/>
  <testcase name="restoreWithValidEmail" classname="allcom.tests.passwordReset.RestorePasswordTests" time="0.52"/>
  <system-out><![CDATA[01:17:19.354 [Test worker] INFO  allcom.tests.TestBase -- Start test: [restoreWithInvalidEmail]
01:17:20.068 [Test worker] INFO  allcom.tests.TestBase -- PASSED: [restoreWithInvalidEmail], with Parameters: [п»ї]
01:17:20.069 [Test worker] INFO  allcom.tests.TestBase -- Start test: [restoreWithInvalidEmail]
01:17:20.833 [Test worker] INFO  allcom.tests.TestBase -- PASSED: [restoreWithInvalidEmail], with Parameters: []
01:17:20.833 [Test worker] INFO  allcom.tests.TestBase -- Start test: [restoreWithInvalidEmail]
01:17:21.483 [Test worker] INFO  allcom.tests.TestBase -- PASSED: [restoreWithInvalidEmail], with Parameters: [testgmail.com]
01:17:21.483 [Test worker] INFO  allcom.tests.TestBase -- Start test: [restoreWithInvalidEmail]
01:17:22.073 [Test worker] INFO  allcom.tests.TestBase -- PASSED: [restoreWithInvalidEmail], with Parameters: [test@.com]
01:17:22.073 [Test worker] INFO  allcom.tests.TestBase -- Start test: [restoreWithInvalidEmail]
01:17:22.485 [Test worker] INFO  allcom.tests.TestBase -- PASSED: [restoreWithInvalidEmail], with Parameters: [test@gmailcom]
01:17:22.485 [Test worker] INFO  allcom.tests.TestBase -- Start test: [restoreWithInvalidEmail]
01:17:22.957 [Test worker] INFO  allcom.tests.TestBase -- PASSED: [restoreWithInvalidEmail], with Parameters: [test@gmail.]
01:17:22.957 [Test worker] INFO  allcom.tests.TestBase -- Start test: [restoreWithInvalidEmail]
01:17:23.579 [Test worker] INFO  allcom.tests.TestBase -- PASSED: [restoreWithInvalidEmail], with Parameters: [@gmail.com]
01:17:23.579 [Test worker] INFO  allcom.tests.TestBase -- Start test: [restoreWithInvalidEmail]
01:17:24.211 [Test worker] INFO  allcom.tests.TestBase -- PASSED: [restoreWithInvalidEmail], with Parameters: [Fqpwiuery]
01:17:24.213 [Test worker] INFO  allcom.tests.TestBase -- Start test: [restoreWithInvalidEmail]
01:17:24.865 [Test worker] INFO  allcom.tests.TestBase -- PASSED: [restoreWithInvalidEmail], with Parameters: [С†СѓРєС€РіРµС€РіР·]
01:17:24.865 [Test worker] INFO  allcom.tests.TestBase -- Start test: [restoreWithInvalidEmail]
01:17:25.506 [Test worker] INFO  allcom.tests.TestBase -- PASSED: [restoreWithInvalidEmail], with Parameters: ["%^&()):"]
01:17:25.506 [Test worker] INFO  allcom.tests.TestBase -- Start test: [restoreWithInvalidEmail]
01:17:26.274 [Test worker] INFO  allcom.tests.TestBase -- PASSED: [restoreWithInvalidEmail], with Parameters: [1]
01:17:26.274 [Test worker] INFO  allcom.tests.TestBase -- Start test: [restoreWithInvalidEmail]
01:17:26.948 [Test worker] INFO  allcom.tests.TestBase -- PASSED: [restoreWithInvalidEmail], with Parameters: [С‚РµСЃС‚@gmail.com]
01:17:26.948 [Test worker] INFO  allcom.tests.TestBase -- Start test: [restoreWithInvalidEmail]
01:17:27.575 [Test worker] INFO  allcom.tests.TestBase -- PASSED: [restoreWithInvalidEmail], with Parameters: [SELECT* FROM]
01:17:27.575 [Test worker] INFO  allcom.tests.TestBase -- Start test: [restoreWithInvalidEmail]
01:17:28.185 [Test worker] INFO  allcom.tests.TestBase -- PASSED: [restoreWithInvalidEmail], with Parameters: [test@@gmail.com]
01:17:28.185 [Test worker] INFO  allcom.tests.TestBase -- Start test: [restoreWithInvalidEmail]
01:17:28.799 [Test worker] INFO  allcom.tests.TestBase -- PASSED: [restoreWithInvalidEmail], with Parameters: [www.telran.com]
01:17:28.801 [Test worker] INFO  allcom.tests.TestBase -- Start test: [restoreWithInvalidEmail]
01:17:29.417 [Test worker] INFO  allcom.tests.TestBase -- PASSED: [restoreWithInvalidEmail], with Parameters: [tes t@gmail.com]
01:17:29.417 [Test worker] INFO  allcom.tests.TestBase -- Start test: [restoreWithInvalidEmail]
01:17:30.024 [Test worker] INFO  allcom.tests.TestBase -- PASSED: [restoreWithInvalidEmail], with Parameters: [test@ gmail.com]
01:17:30.024 [Test worker] INFO  allcom.tests.TestBase -- Start test: [restoreWithInvalidEmail]
01:17:30.667 [Test worker] INFO  allcom.tests.TestBase -- PASSED: [restoreWithInvalidEmail], with Parameters: [test@gmail .com]
01:17:30.667 [Test worker] INFO  allcom.tests.TestBase -- Start test: [restoreWithInvalidEmail]
01:17:31.391 [Test worker] INFO  allcom.tests.TestBase -- PASSED: [restoreWithInvalidEmail], with Parameters: [test@gmail. com]
01:17:31.391 [Test worker] INFO  allcom.tests.TestBase -- Start test: [restoreWithInvalidEmail]
01:17:32.062 [Test worker] INFO  allcom.tests.TestBase -- PASSED: [restoreWithInvalidEmail], with Parameters: [<script></script>]
01:17:32.063 [Test worker] INFO  allcom.tests.TestBase -- Start test: [restoreWithInvalidEmail]
01:17:32.714 [Test worker] INFO  allcom.tests.TestBase -- PASSED: [restoreWithInvalidEmail], with Parameters: [<input>]
01:17:32.714 [Test worker] INFO  allcom.tests.TestBase -- Start test: [restoreWithInvalidEmail]
01:17:33.020 [Test worker] INFO  allcom.tests.TestBase -- PASSED: [restoreWithInvalidEmail], with Parameters: [0]
01:17:33.021 [Test worker] INFO  allcom.tests.TestBase -- Start test: [restoreWithValidEmail]
01:17:33.667 [Test worker] INFO  allcom.tests.TestBase -- PASSED: [restoreWithValidEmail], with Parameters: []
]]></system-out>
  <system-err><![CDATA[]]></system-err>
</testsuite>
