<?xml version="1.0" encoding="UTF-8"?>
<testsuite name="allcom_testng.tests.footerTests.FooterPageTests" tests="14" skipped="0" failures="0" errors="0" timestamp="2024-02-25T22:24:29" hostname="PORTISHEAD-PC" time="23.312">
  <properties/>
  <testcase name="clickAboutUsLink" classname="allcom_testng.tests.footerTests.FooterPageTests" time="0.864"/>
  <testcase name="clickAllcomBottomLink" classname="allcom_testng.tests.footerTests.FooterPageTests" time="0.031"/>
  <testcase name="clickContactLink" classname="allcom_testng.tests.footerTests.FooterPageTests" time="0.863"/>
  <testcase name="clickFacebookLink" classname="allcom_testng.tests.footerTests.FooterPageTests" time="0.782"/>
  <testcase name="clickFavoritesAuctionsLink" classname="allcom_testng.tests.footerTests.FooterPageTests" time="0.855"/>
  <testcase name="clickInstagramLink" classname="allcom_testng.tests.footerTests.FooterPageTests" time="2.656"/>
  <testcase name="clickLoginLink" classname="allcom_testng.tests.footerTests.FooterPageTests" time="0.818"/>
  <testcase name="clickMyAccountLink" classname="allcom_testng.tests.footerTests.FooterPageTests" time="0.781"/>
  <testcase name="clickMyAuctionsLink" classname="allcom_testng.tests.footerTests.FooterPageTests" time="0.905"/>
  <testcase name="clickPortfolioLink" classname="allcom_testng.tests.footerTests.FooterPageTests" time="0.781"/>
  <testcase name="clickPrivacyPolicyLink" classname="allcom_testng.tests.footerTests.FooterPageTests" time="0.032"/>
  <testcase name="clickRegisterLink" classname="allcom_testng.tests.footerTests.FooterPageTests" time="0.79"/>
  <testcase name="clickTwitterLink" classname="allcom_testng.tests.footerTests.FooterPageTests" time="1.291"/>
  <testcase name="clickYoutubeLink" classname="allcom_testng.tests.footerTests.FooterPageTests" time="1.787"/>
  <system-out><![CDATA[23:24:28.282 [Test worker] INFO  allcom_testng.tests.TestBase -- STARTED: [clickAboutUsLink]
23:24:29.883 [Test worker] INFO  allcom_testng.tests.TestBase -- PASSED: [clickAboutUsLink], with VALUES: []
23:24:29.884 [Test worker] INFO  allcom_testng.tests.TestBase -- STARTED: [clickAllcomBottomLink]
23:24:30.696 [Test worker] INFO  allcom_testng.tests.TestBase -- PASSED: [clickAllcomBottomLink], with VALUES: []
23:24:30.697 [Test worker] INFO  allcom_testng.tests.TestBase -- STARTED: [clickContactLink]
23:24:32.366 [Test worker] INFO  allcom_testng.tests.TestBase -- PASSED: [clickContactLink], with VALUES: []
23:24:32.367 [Test worker] INFO  allcom_testng.tests.TestBase -- STARTED: [clickFacebookLink]
23:24:33.919 [Test worker] INFO  allcom_testng.tests.TestBase -- PASSED: [clickFacebookLink], with VALUES: []
23:24:33.920 [Test worker] INFO  allcom_testng.tests.TestBase -- STARTED: [clickFavoritesAuctionsLink]
23:24:35.503 [Test worker] INFO  allcom_testng.tests.TestBase -- PASSED: [clickFavoritesAuctionsLink], with VALUES: []
23:24:35.504 [Test worker] INFO  allcom_testng.tests.TestBase -- STARTED: [clickInstagramLink]
23:24:38.984 [Test worker] INFO  allcom_testng.tests.TestBase -- PASSED: [clickInstagramLink], with VALUES: []
23:24:38.985 [Test worker] INFO  allcom_testng.tests.TestBase -- STARTED: [clickLoginLink]
23:24:40.573 [Test worker] INFO  allcom_testng.tests.TestBase -- PASSED: [clickLoginLink], with VALUES: []
23:24:40.573 [Test worker] INFO  allcom_testng.tests.TestBase -- STARTED: [clickMyAccountLink]
23:24:42.170 [Test worker] INFO  allcom_testng.tests.TestBase -- PASSED: [clickMyAccountLink], with VALUES: []
23:24:42.170 [Test worker] INFO  allcom_testng.tests.TestBase -- STARTED: [clickMyAuctionsLink]
23:24:43.852 [Test worker] INFO  allcom_testng.tests.TestBase -- PASSED: [clickMyAuctionsLink], with VALUES: []
23:24:43.853 [Test worker] INFO  allcom_testng.tests.TestBase -- STARTED: [clickPortfolioLink]
23:24:45.385 [Test worker] INFO  allcom_testng.tests.TestBase -- PASSED: [clickPortfolioLink], with VALUES: []
23:24:45.385 [Test worker] INFO  allcom_testng.tests.TestBase -- STARTED: [clickPrivacyPolicyLink]
23:24:46.167 [Test worker] INFO  allcom_testng.tests.TestBase -- PASSED: [clickPrivacyPolicyLink], with VALUES: []
23:24:46.168 [Test worker] INFO  allcom_testng.tests.TestBase -- STARTED: [clickRegisterLink]
23:24:47.700 [Test worker] INFO  allcom_testng.tests.TestBase -- PASSED: [clickRegisterLink], with VALUES: []
23:24:47.701 [Test worker] INFO  allcom_testng.tests.TestBase -- STARTED: [clickTwitterLink]
23:24:49.743 [Test worker] INFO  allcom_testng.tests.TestBase -- PASSED: [clickTwitterLink], with VALUES: []
23:24:49.743 [Test worker] INFO  allcom_testng.tests.TestBase -- STARTED: [clickYoutubeLink]
23:24:52.330 [Test worker] INFO  allcom_testng.tests.TestBase -- PASSED: [clickYoutubeLink], with VALUES: []
]]></system-out>
  <system-err><![CDATA[]]></system-err>
</testsuite>
