<?xml version="1.0" encoding="UTF-8"?>
<testsuite name="allcom.tests.header.AllcomLogoTests" tests="2" skipped="0" failures="0" errors="0" timestamp="2024-01-28T20:58:36" hostname="PORTISHEAD-PC" time="0.408">
  <properties/>
  <testcase name="allcomLogoIsPresent" classname="allcom.tests.header.AllcomLogoTests" time="0.0"/>
  <testcase name="clickAllcomLogoNavigatesToHomePage" classname="allcom.tests.header.AllcomLogoTests" time="0.304"/>
  <system-out><![CDATA[21:58:36.267 [Test worker] INFO  allcom.tests.TestBase -- Start test: [allcomLogoIsPresent]
21:58:36.375 [Test worker] INFO  allcom.tests.TestBase -- PASSED: [allcomLogoIsPresent], with Parameters: []
21:58:36.376 [Test worker] INFO  allcom.tests.TestBase -- Start test: [clickAllcomLogoNavigatesToHomePage]
21:58:36.783 [Test worker] INFO  allcom.tests.TestBase -- PASSED: [clickAllcomLogoNavigatesToHomePage], with Parameters: []
]]></system-out>
  <system-err><![CDATA[]]></system-err>
</testsuite>
