<?xml version="1.0" encoding="UTF-8"?>
<testsuite name="allcom_testng.tests.aboutUs.AboutUsPageTests" tests="3" skipped="0" failures="0" errors="0" timestamp="2024-02-25T22:24:25" hostname="PORTISHEAD-PC" time="1.553">
  <properties/>
  <testcase name="aboutUsContentIsPresent" classname="allcom_testng.tests.aboutUs.AboutUsPageTests" time="0.001"/>
  <testcase name="aboutUsHeaderIsPresent" classname="allcom_testng.tests.aboutUs.AboutUsPageTests" time="0.0"/>
  <testcase name="aboutUsMapContainerIsPresent" classname="allcom_testng.tests.aboutUs.AboutUsPageTests" time="0.0"/>
  <system-out><![CDATA[23:24:25.042 [Test worker] INFO  allcom_testng.tests.TestBase -- STARTED: [aboutUsContentIsPresent]
23:24:26.000 [Test worker] INFO  allcom_testng.tests.TestBase -- PASSED: [aboutUsContentIsPresent], with VALUES: []
23:24:26.002 [Test worker] INFO  allcom_testng.tests.TestBase -- STARTED: [aboutUsHeaderIsPresent]
23:24:26.847 [Test worker] INFO  allcom_testng.tests.TestBase -- PASSED: [aboutUsHeaderIsPresent], with VALUES: []
23:24:26.847 [Test worker] INFO  allcom_testng.tests.TestBase -- STARTED: [aboutUsMapContainerIsPresent]
23:24:27.550 [Test worker] INFO  allcom_testng.tests.TestBase -- PASSED: [aboutUsMapContainerIsPresent], with VALUES: []
]]></system-out>
  <system-err><![CDATA[]]></system-err>
</testsuite>
