<?xml version="1.0" encoding="UTF-8"?>
<testsuite name="allcom_testng.tests.header.SearchBoxTests" tests="77" skipped="0" failures="0" errors="0" timestamp="2024-02-08T22:52:45" hostname="DESKTOP-8I9EVFD" time="90.348">
  <properties/>
  <testcase name="searchBoxIsPresent" classname="allcom_testng.tests.header.SearchBoxTests" time="0.0"/>
  <testcase name="searchBoxIsPresentOnHighResolution" classname="allcom_testng.tests.header.SearchBoxTests" time="0.282"/>
  <testcase name="searchBoxIsAbsentOnLowResolution" classname="allcom_testng.tests.header.SearchBoxTests" time="0.256"/>
  <testcase name="searchButtonBottomIsPresentOnLowResolution" classname="allcom_testng.tests.header.SearchBoxTests" time="0.258"/>
  <testcase name="searchButtonBottomIsAbsentOnHighResolution" classname="allcom_testng.tests.header.SearchBoxTests" time="0.251"/>
  <testcase name="searchBoxInputIsPresent" classname="allcom_testng.tests.header.SearchBoxTests" time="0.0"/>
  <testcase name="searchBoxInputTextTest" classname="allcom_testng.tests.header.SearchBoxTests" time="0.332"/>
  <testcase name="searchBoxIsEmptyBeforeInput" classname="allcom_testng.tests.header.SearchBoxTests" time="0.013"/>
  <testcase name="searchBoxAcceptsLongInput" classname="allcom_testng.tests.header.SearchBoxTests" time="0.33"/>
  <testcase name="searchBoxAcceptsSpecialCharacters" classname="allcom_testng.tests.header.SearchBoxTests" time="0.289"/>
  <testcase name="searchBoxIsClickableOnDifferentResolutions" classname="allcom_testng.tests.header.SearchBoxTests" time="0.249"/>
  <testcase name="searchButtonBottomIsClickable" classname="allcom_testng.tests.header.SearchBoxTests" time="0.261"/>
  <testcase name="searchRedirectsToCorrectPageTest" classname="allcom_testng.tests.header.SearchBoxTests" time="1.398"/>
  <testcase name="searchBoxInputTest[0]()" classname="allcom_testng.tests.header.SearchBoxTests" time="0.281"/>
  <testcase name="searchBoxInputTest[1](В )" classname="allcom_testng.tests.header.SearchBoxTests" time="0.284"/>
  <testcase name="searchBoxInputTest[2](&lt;script&gt;)" classname="allcom_testng.tests.header.SearchBoxTests" time="0.29"/>
  <testcase name="searchBoxInputTest[3](&lt;/script&gt;)" classname="allcom_testng.tests.header.SearchBoxTests" time="0.303"/>
  <testcase name="searchBoxInputTest[4](&lt;script&gt;)" classname="allcom_testng.tests.header.SearchBoxTests" time="0.305"/>
  <testcase name="searchBoxInputTest[5](&lt;img&gt;)" classname="allcom_testng.tests.header.SearchBoxTests" time="0.299"/>
  <testcase name="searchBoxInputTest[6](&lt;div&gt;)" classname="allcom_testng.tests.header.SearchBoxTests" time="0.318"/>
  <testcase name="searchBoxInputTest[7](&lt;iframe&gt;)" classname="allcom_testng.tests.header.SearchBoxTests" time="0.316"/>
  <testcase name="searchBoxInputTest[8](&lt;input&gt;)" classname="allcom_testng.tests.header.SearchBoxTests" time="0.276"/>
  <testcase name="searchBoxInputTest[9](@@)" classname="allcom_testng.tests.header.SearchBoxTests" time="0.307"/>
  <testcase name="searchBoxInputTest[10](char)" classname="allcom_testng.tests.header.SearchBoxTests" time="0.304"/>
  <testcase name="searchBoxInputTest[11](nchar)" classname="allcom_testng.tests.header.SearchBoxTests" time="0.302"/>
  <testcase name="searchBoxInputTest[12](varchar)" classname="allcom_testng.tests.header.SearchBoxTests" time="0.296"/>
  <testcase name="searchBoxInputTest[13](nvarchar)" classname="allcom_testng.tests.header.SearchBoxTests" time="0.313"/>
  <testcase name="searchBoxInputTest[14](alter)" classname="allcom_testng.tests.header.SearchBoxTests" time="0.32"/>
  <testcase name="searchBoxInputTest[15](begin)" classname="allcom_testng.tests.header.SearchBoxTests" time="0.41"/>
  <testcase name="searchBoxInputTest[16](cast)" classname="allcom_testng.tests.header.SearchBoxTests" time="0.174"/>
  <testcase name="searchBoxInputTest[17](create)" classname="allcom_testng.tests.header.SearchBoxTests" time="0.29"/>
  <testcase name="searchBoxInputTest[18](cursor)" classname="allcom_testng.tests.header.SearchBoxTests" time="0.321"/>
  <testcase name="searchBoxInputTest[19](declare)" classname="allcom_testng.tests.header.SearchBoxTests" time="0.313"/>
  <testcase name="searchBoxInputTest[20](delete)" classname="allcom_testng.tests.header.SearchBoxTests" time="0.381"/>
  <testcase name="searchBoxInputTest[21](drop)" classname="allcom_testng.tests.header.SearchBoxTests" time="0.14"/>
  <testcase name="searchBoxInputTest[22](exec)" classname="allcom_testng.tests.header.SearchBoxTests" time="0.391"/>
  <testcase name="searchBoxInputTest[23](execute)" classname="allcom_testng.tests.header.SearchBoxTests" time="0.177"/>
  <testcase name="searchBoxInputTest[24](fetch)" classname="allcom_testng.tests.header.SearchBoxTests" time="0.332"/>
  <testcase name="searchBoxInputTest[25](insert)" classname="allcom_testng.tests.header.SearchBoxTests" time="0.149"/>
  <testcase name="searchBoxInputTest[26](kill)" classname="allcom_testng.tests.header.SearchBoxTests" time="0.357"/>
  <testcase name="searchBoxInputTest[27](select)" classname="allcom_testng.tests.header.SearchBoxTests" time="0.169"/>
  <testcase name="searchBoxInputTest[28](sys)" classname="allcom_testng.tests.header.SearchBoxTests" time="0.386"/>
  <testcase name="searchBoxInputTest[29](sysobjects)" classname="allcom_testng.tests.header.SearchBoxTests" time="0.165"/>
  <testcase name="searchBoxInputTest[30](syscolumns)" classname="allcom_testng.tests.header.SearchBoxTests" time="0.407"/>
  <testcase name="searchBoxInputTest[31](&lt;script&gt;&lt;/script&gt;)" classname="allcom_testng.tests.header.SearchBoxTests" time="0.228"/>
  <testcase name="validateSearchWithIncorrectData[0]()" classname="allcom_testng.tests.header.SearchBoxTests" time="0.152"/>
  <testcase name="validateSearchWithIncorrectData[1](В )" classname="allcom_testng.tests.header.SearchBoxTests" time="0.43"/>
  <testcase name="validateSearchWithIncorrectData[2](&lt;script&gt;)" classname="allcom_testng.tests.header.SearchBoxTests" time="0.167"/>
  <testcase name="validateSearchWithIncorrectData[3](&lt;/script&gt;)" classname="allcom_testng.tests.header.SearchBoxTests" time="0.329"/>
  <testcase name="validateSearchWithIncorrectData[4](&lt;script&gt;)" classname="allcom_testng.tests.header.SearchBoxTests" time="0.36"/>
  <testcase name="validateSearchWithIncorrectData[5](&lt;img&gt;)" classname="allcom_testng.tests.header.SearchBoxTests" time="0.353"/>
  <testcase name="validateSearchWithIncorrectData[6](&lt;div&gt;)" classname="allcom_testng.tests.header.SearchBoxTests" time="0.423"/>
  <testcase name="validateSearchWithIncorrectData[7](&lt;iframe&gt;)" classname="allcom_testng.tests.header.SearchBoxTests" time="0.398"/>
  <testcase name="validateSearchWithIncorrectData[8](&lt;input&gt;)" classname="allcom_testng.tests.header.SearchBoxTests" time="0.153"/>
  <testcase name="validateSearchWithIncorrectData[9](@@)" classname="allcom_testng.tests.header.SearchBoxTests" time="0.391"/>
  <testcase name="validateSearchWithIncorrectData[10](char)" classname="allcom_testng.tests.header.SearchBoxTests" time="0.186"/>
  <testcase name="validateSearchWithIncorrectData[11](nchar)" classname="allcom_testng.tests.header.SearchBoxTests" time="0.155"/>
  <testcase name="validateSearchWithIncorrectData[12](varchar)" classname="allcom_testng.tests.header.SearchBoxTests" time="0.416"/>
  <testcase name="validateSearchWithIncorrectData[13](nvarchar)" classname="allcom_testng.tests.header.SearchBoxTests" time="0.186"/>
  <testcase name="validateSearchWithIncorrectData[14](alter)" classname="allcom_testng.tests.header.SearchBoxTests" time="0.15"/>
  <testcase name="validateSearchWithIncorrectData[15](begin)" classname="allcom_testng.tests.header.SearchBoxTests" time="0.4"/>
  <testcase name="validateSearchWithIncorrectData[16](cast)" classname="allcom_testng.tests.header.SearchBoxTests" time="0.421"/>
  <testcase name="validateSearchWithIncorrectData[17](create)" classname="allcom_testng.tests.header.SearchBoxTests" time="0.184"/>
  <testcase name="validateSearchWithIncorrectData[18](cursor)" classname="allcom_testng.tests.header.SearchBoxTests" time="0.156"/>
  <testcase name="validateSearchWithIncorrectData[19](declare)" classname="allcom_testng.tests.header.SearchBoxTests" time="0.377"/>
  <testcase name="validateSearchWithIncorrectData[20](delete)" classname="allcom_testng.tests.header.SearchBoxTests" time="0.394"/>
  <testcase name="validateSearchWithIncorrectData[21](drop)" classname="allcom_testng.tests.header.SearchBoxTests" time="0.392"/>
  <testcase name="validateSearchWithIncorrectData[22](exec)" classname="allcom_testng.tests.header.SearchBoxTests" time="0.408"/>
  <testcase name="validateSearchWithIncorrectData[23](execute)" classname="allcom_testng.tests.header.SearchBoxTests" time="0.47"/>
  <testcase name="validateSearchWithIncorrectData[24](fetch)" classname="allcom_testng.tests.header.SearchBoxTests" time="0.153"/>
  <testcase name="validateSearchWithIncorrectData[25](insert)" classname="allcom_testng.tests.header.SearchBoxTests" time="0.438"/>
  <testcase name="validateSearchWithIncorrectData[26](kill)" classname="allcom_testng.tests.header.SearchBoxTests" time="0.191"/>
  <testcase name="validateSearchWithIncorrectData[27](select)" classname="allcom_testng.tests.header.SearchBoxTests" time="0.204"/>
  <testcase name="validateSearchWithIncorrectData[28](sys)" classname="allcom_testng.tests.header.SearchBoxTests" time="0.204"/>
  <testcase name="validateSearchWithIncorrectData[29](sysobjects)" classname="allcom_testng.tests.header.SearchBoxTests" time="0.158"/>
  <testcase name="validateSearchWithIncorrectData[30](syscolumns)" classname="allcom_testng.tests.header.SearchBoxTests" time="0.411"/>
  <testcase name="validateSearchWithIncorrectData[31](&lt;script&gt;&lt;/script&gt;)" classname="allcom_testng.tests.header.SearchBoxTests" time="0.387"/>
  <system-out><![CDATA[23:52:45.187 [Test worker] INFO  allcom_testng.tests.TestBase -- STARTED: [searchBoxIsPresent]
23:52:45.916 [Test worker] INFO  allcom_testng.tests.TestBase -- PASSED: [searchBoxIsPresent], with VALUES: []
23:52:45.916 [Test worker] INFO  allcom_testng.tests.TestBase -- STARTED: [searchBoxIsPresentOnHighResolution]
23:52:46.935 [Test worker] INFO  allcom_testng.tests.TestBase -- PASSED: [searchBoxIsPresentOnHighResolution], with VALUES: []
23:52:46.936 [Test worker] INFO  allcom_testng.tests.TestBase -- STARTED: [searchBoxIsAbsentOnLowResolution]
23:52:48.427 [Test worker] INFO  allcom_testng.tests.TestBase -- PASSED: [searchBoxIsAbsentOnLowResolution], with VALUES: []
23:52:48.428 [Test worker] INFO  allcom_testng.tests.TestBase -- STARTED: [searchButtonBottomIsPresentOnLowResolution]
23:52:49.648 [Test worker] INFO  allcom_testng.tests.TestBase -- PASSED: [searchButtonBottomIsPresentOnLowResolution], with VALUES: []
23:52:49.649 [Test worker] INFO  allcom_testng.tests.TestBase -- STARTED: [searchButtonBottomIsAbsentOnHighResolution]
23:52:50.845 [Test worker] INFO  allcom_testng.tests.TestBase -- PASSED: [searchButtonBottomIsAbsentOnHighResolution], with VALUES: []
23:52:50.846 [Test worker] INFO  allcom_testng.tests.TestBase -- STARTED: [searchBoxInputIsPresent]
23:52:51.839 [Test worker] INFO  allcom_testng.tests.TestBase -- PASSED: [searchBoxInputIsPresent], with VALUES: []
23:52:51.840 [Test worker] INFO  allcom_testng.tests.TestBase -- STARTED: [searchBoxInputTextTest]
23:52:52.921 [Test worker] INFO  allcom_testng.tests.TestBase -- PASSED: [searchBoxInputTextTest], with VALUES: []
23:52:52.922 [Test worker] INFO  allcom_testng.tests.TestBase -- STARTED: [searchBoxIsEmptyBeforeInput]
23:52:53.667 [Test worker] INFO  allcom_testng.tests.TestBase -- PASSED: [searchBoxIsEmptyBeforeInput], with VALUES: []
23:52:53.667 [Test worker] INFO  allcom_testng.tests.TestBase -- STARTED: [searchBoxAcceptsLongInput]
23:52:54.758 [Test worker] INFO  allcom_testng.tests.TestBase -- PASSED: [searchBoxAcceptsLongInput], with VALUES: []
23:52:54.759 [Test worker] INFO  allcom_testng.tests.TestBase -- STARTED: [searchBoxAcceptsSpecialCharacters]
23:52:55.779 [Test worker] INFO  allcom_testng.tests.TestBase -- PASSED: [searchBoxAcceptsSpecialCharacters], with VALUES: []
23:52:55.779 [Test worker] INFO  allcom_testng.tests.TestBase -- STARTED: [searchBoxIsClickableOnDifferentResolutions]
23:52:56.768 [Test worker] INFO  allcom_testng.tests.TestBase -- PASSED: [searchBoxIsClickableOnDifferentResolutions], with VALUES: []
23:52:56.769 [Test worker] INFO  allcom_testng.tests.TestBase -- STARTED: [searchButtonBottomIsClickable]
23:52:58.032 [Test worker] INFO  allcom_testng.tests.TestBase -- PASSED: [searchButtonBottomIsClickable], with VALUES: []
23:52:58.033 [Test worker] INFO  allcom_testng.tests.TestBase -- STARTED: [searchRedirectsToCorrectPageTest]
23:53:00.274 [Test worker] INFO  allcom_testng.tests.TestBase -- PASSED: [searchRedirectsToCorrectPageTest], with VALUES: []
23:53:00.290 [Test worker] INFO  allcom_testng.tests.TestBase -- STARTED: [searchBoxInputTest]
23:53:01.487 [Test worker] INFO  allcom_testng.tests.TestBase -- PASSED: [searchBoxInputTest], with VALUES: []
23:53:01.487 [Test worker] INFO  allcom_testng.tests.TestBase -- STARTED: [searchBoxInputTest]
23:53:02.511 [Test worker] INFO  allcom_testng.tests.TestBase -- PASSED: [searchBoxInputTest], with VALUES: [В ]
23:53:02.512 [Test worker] INFO  allcom_testng.tests.TestBase -- STARTED: [searchBoxInputTest]
23:53:03.541 [Test worker] INFO  allcom_testng.tests.TestBase -- PASSED: [searchBoxInputTest], with VALUES: [<script>]
23:53:03.542 [Test worker] INFO  allcom_testng.tests.TestBase -- STARTED: [searchBoxInputTest]
23:53:04.589 [Test worker] INFO  allcom_testng.tests.TestBase -- PASSED: [searchBoxInputTest], with VALUES: [</script>]
23:53:04.589 [Test worker] INFO  allcom_testng.tests.TestBase -- STARTED: [searchBoxInputTest]
23:53:05.722 [Test worker] INFO  allcom_testng.tests.TestBase -- PASSED: [searchBoxInputTest], with VALUES: [<script>]
23:53:05.722 [Test worker] INFO  allcom_testng.tests.TestBase -- STARTED: [searchBoxInputTest]
23:53:06.803 [Test worker] INFO  allcom_testng.tests.TestBase -- PASSED: [searchBoxInputTest], with VALUES: [<img>]
23:53:06.804 [Test worker] INFO  allcom_testng.tests.TestBase -- STARTED: [searchBoxInputTest]
23:53:07.859 [Test worker] INFO  allcom_testng.tests.TestBase -- PASSED: [searchBoxInputTest], with VALUES: [<div>]
23:53:07.859 [Test worker] INFO  allcom_testng.tests.TestBase -- STARTED: [searchBoxInputTest]
23:53:08.956 [Test worker] INFO  allcom_testng.tests.TestBase -- PASSED: [searchBoxInputTest], with VALUES: [<iframe>]
23:53:08.957 [Test worker] INFO  allcom_testng.tests.TestBase -- STARTED: [searchBoxInputTest]
23:53:10.007 [Test worker] INFO  allcom_testng.tests.TestBase -- PASSED: [searchBoxInputTest], with VALUES: [<input>]
23:53:10.007 [Test worker] INFO  allcom_testng.tests.TestBase -- STARTED: [searchBoxInputTest]
23:53:11.050 [Test worker] INFO  allcom_testng.tests.TestBase -- PASSED: [searchBoxInputTest], with VALUES: [@@]
23:53:11.050 [Test worker] INFO  allcom_testng.tests.TestBase -- STARTED: [searchBoxInputTest]
23:53:12.128 [Test worker] INFO  allcom_testng.tests.TestBase -- PASSED: [searchBoxInputTest], with VALUES: [char]
23:53:12.129 [Test worker] INFO  allcom_testng.tests.TestBase -- STARTED: [searchBoxInputTest]
23:53:13.176 [Test worker] INFO  allcom_testng.tests.TestBase -- PASSED: [searchBoxInputTest], with VALUES: [nchar]
23:53:13.176 [Test worker] INFO  allcom_testng.tests.TestBase -- STARTED: [searchBoxInputTest]
23:53:14.270 [Test worker] INFO  allcom_testng.tests.TestBase -- PASSED: [searchBoxInputTest], with VALUES: [varchar]
23:53:14.270 [Test worker] INFO  allcom_testng.tests.TestBase -- STARTED: [searchBoxInputTest]
23:53:15.370 [Test worker] INFO  allcom_testng.tests.TestBase -- PASSED: [searchBoxInputTest], with VALUES: [nvarchar]
23:53:15.371 [Test worker] INFO  allcom_testng.tests.TestBase -- STARTED: [searchBoxInputTest]
23:53:16.504 [Test worker] INFO  allcom_testng.tests.TestBase -- PASSED: [searchBoxInputTest], with VALUES: [alter]
23:53:16.504 [Test worker] INFO  allcom_testng.tests.TestBase -- STARTED: [searchBoxInputTest]
23:53:17.703 [Test worker] INFO  allcom_testng.tests.TestBase -- PASSED: [searchBoxInputTest], with VALUES: [begin]
23:53:17.704 [Test worker] INFO  allcom_testng.tests.TestBase -- STARTED: [searchBoxInputTest]
23:53:19.231 [Test worker] INFO  allcom_testng.tests.TestBase -- PASSED: [searchBoxInputTest], with VALUES: [cast]
23:53:19.231 [Test worker] INFO  allcom_testng.tests.TestBase -- STARTED: [searchBoxInputTest]
23:53:20.308 [Test worker] INFO  allcom_testng.tests.TestBase -- PASSED: [searchBoxInputTest], with VALUES: [create]
23:53:20.308 [Test worker] INFO  allcom_testng.tests.TestBase -- STARTED: [searchBoxInputTest]
23:53:21.436 [Test worker] INFO  allcom_testng.tests.TestBase -- PASSED: [searchBoxInputTest], with VALUES: [cursor]
23:53:21.436 [Test worker] INFO  allcom_testng.tests.TestBase -- STARTED: [searchBoxInputTest]
23:53:22.475 [Test worker] INFO  allcom_testng.tests.TestBase -- PASSED: [searchBoxInputTest], with VALUES: [declare]
23:53:22.475 [Test worker] INFO  allcom_testng.tests.TestBase -- STARTED: [searchBoxInputTest]
23:53:23.594 [Test worker] INFO  allcom_testng.tests.TestBase -- PASSED: [searchBoxInputTest], with VALUES: [delete]
23:53:23.595 [Test worker] INFO  allcom_testng.tests.TestBase -- STARTED: [searchBoxInputTest]
23:53:24.701 [Test worker] INFO  allcom_testng.tests.TestBase -- PASSED: [searchBoxInputTest], with VALUES: [drop]
23:53:24.702 [Test worker] INFO  allcom_testng.tests.TestBase -- STARTED: [searchBoxInputTest]
23:53:25.861 [Test worker] INFO  allcom_testng.tests.TestBase -- PASSED: [searchBoxInputTest], with VALUES: [exec]
23:53:25.862 [Test worker] INFO  allcom_testng.tests.TestBase -- STARTED: [searchBoxInputTest]
23:53:27.176 [Test worker] INFO  allcom_testng.tests.TestBase -- PASSED: [searchBoxInputTest], with VALUES: [execute]
23:53:27.176 [Test worker] INFO  allcom_testng.tests.TestBase -- STARTED: [searchBoxInputTest]
23:53:28.255 [Test worker] INFO  allcom_testng.tests.TestBase -- PASSED: [searchBoxInputTest], with VALUES: [fetch]
23:53:28.256 [Test worker] INFO  allcom_testng.tests.TestBase -- STARTED: [searchBoxInputTest]
23:53:29.450 [Test worker] INFO  allcom_testng.tests.TestBase -- PASSED: [searchBoxInputTest], with VALUES: [insert]
23:53:29.450 [Test worker] INFO  allcom_testng.tests.TestBase -- STARTED: [searchBoxInputTest]
23:53:30.561 [Test worker] INFO  allcom_testng.tests.TestBase -- PASSED: [searchBoxInputTest], with VALUES: [kill]
23:53:30.562 [Test worker] INFO  allcom_testng.tests.TestBase -- STARTED: [searchBoxInputTest]
23:53:31.699 [Test worker] INFO  allcom_testng.tests.TestBase -- PASSED: [searchBoxInputTest], with VALUES: [select]
23:53:31.699 [Test worker] INFO  allcom_testng.tests.TestBase -- STARTED: [searchBoxInputTest]
23:53:32.889 [Test worker] INFO  allcom_testng.tests.TestBase -- PASSED: [searchBoxInputTest], with VALUES: [sys]
23:53:32.889 [Test worker] INFO  allcom_testng.tests.TestBase -- STARTED: [searchBoxInputTest]
23:53:34.209 [Test worker] INFO  allcom_testng.tests.TestBase -- PASSED: [searchBoxInputTest], with VALUES: [sysobjects]
23:53:34.210 [Test worker] INFO  allcom_testng.tests.TestBase -- STARTED: [searchBoxInputTest]
23:53:35.418 [Test worker] INFO  allcom_testng.tests.TestBase -- PASSED: [searchBoxInputTest], with VALUES: [syscolumns]
23:53:35.419 [Test worker] INFO  allcom_testng.tests.TestBase -- STARTED: [searchBoxInputTest]
23:53:37.094 [Test worker] INFO  allcom_testng.tests.TestBase -- PASSED: [searchBoxInputTest], with VALUES: [<script></script>]
23:53:37.096 [Test worker] INFO  allcom_testng.tests.TestBase -- STARTED: [validateSearchWithIncorrectData]
23:53:38.296 [Test worker] INFO  allcom_testng.tests.TestBase -- PASSED: [validateSearchWithIncorrectData], with VALUES: []
23:53:38.297 [Test worker] INFO  allcom_testng.tests.TestBase -- STARTED: [validateSearchWithIncorrectData]
23:53:39.513 [Test worker] INFO  allcom_testng.tests.TestBase -- PASSED: [validateSearchWithIncorrectData], with VALUES: [В ]
23:53:39.514 [Test worker] INFO  allcom_testng.tests.TestBase -- STARTED: [validateSearchWithIncorrectData]
23:53:40.843 [Test worker] INFO  allcom_testng.tests.TestBase -- PASSED: [validateSearchWithIncorrectData], with VALUES: [<script>]
23:53:40.844 [Test worker] INFO  allcom_testng.tests.TestBase -- STARTED: [validateSearchWithIncorrectData]
23:53:41.925 [Test worker] INFO  allcom_testng.tests.TestBase -- PASSED: [validateSearchWithIncorrectData], with VALUES: [</script>]
23:53:41.925 [Test worker] INFO  allcom_testng.tests.TestBase -- STARTED: [validateSearchWithIncorrectData]
23:53:43.151 [Test worker] INFO  allcom_testng.tests.TestBase -- PASSED: [validateSearchWithIncorrectData], with VALUES: [<script>]
23:53:43.152 [Test worker] INFO  allcom_testng.tests.TestBase -- STARTED: [validateSearchWithIncorrectData]
23:53:44.266 [Test worker] INFO  allcom_testng.tests.TestBase -- PASSED: [validateSearchWithIncorrectData], with VALUES: [<img>]
23:53:44.266 [Test worker] INFO  allcom_testng.tests.TestBase -- STARTED: [validateSearchWithIncorrectData]
23:53:45.481 [Test worker] INFO  allcom_testng.tests.TestBase -- PASSED: [validateSearchWithIncorrectData], with VALUES: [<div>]
23:53:45.482 [Test worker] INFO  allcom_testng.tests.TestBase -- STARTED: [validateSearchWithIncorrectData]
23:53:46.673 [Test worker] INFO  allcom_testng.tests.TestBase -- PASSED: [validateSearchWithIncorrectData], with VALUES: [<iframe>]
23:53:46.674 [Test worker] INFO  allcom_testng.tests.TestBase -- STARTED: [validateSearchWithIncorrectData]
23:53:47.821 [Test worker] INFO  allcom_testng.tests.TestBase -- PASSED: [validateSearchWithIncorrectData], with VALUES: [<input>]
23:53:47.822 [Test worker] INFO  allcom_testng.tests.TestBase -- STARTED: [validateSearchWithIncorrectData]
23:53:49.017 [Test worker] INFO  allcom_testng.tests.TestBase -- PASSED: [validateSearchWithIncorrectData], with VALUES: [@@]
23:53:49.018 [Test worker] INFO  allcom_testng.tests.TestBase -- STARTED: [validateSearchWithIncorrectData]
23:53:50.218 [Test worker] INFO  allcom_testng.tests.TestBase -- PASSED: [validateSearchWithIncorrectData], with VALUES: [char]
23:53:50.218 [Test worker] INFO  allcom_testng.tests.TestBase -- STARTED: [validateSearchWithIncorrectData]
23:53:51.366 [Test worker] INFO  allcom_testng.tests.TestBase -- PASSED: [validateSearchWithIncorrectData], with VALUES: [nchar]
23:53:51.367 [Test worker] INFO  allcom_testng.tests.TestBase -- STARTED: [validateSearchWithIncorrectData]
23:53:52.594 [Test worker] INFO  allcom_testng.tests.TestBase -- PASSED: [validateSearchWithIncorrectData], with VALUES: [varchar]
23:53:52.594 [Test worker] INFO  allcom_testng.tests.TestBase -- STARTED: [validateSearchWithIncorrectData]
23:53:53.776 [Test worker] INFO  allcom_testng.tests.TestBase -- PASSED: [validateSearchWithIncorrectData], with VALUES: [nvarchar]
23:53:53.776 [Test worker] INFO  allcom_testng.tests.TestBase -- STARTED: [validateSearchWithIncorrectData]
23:53:54.948 [Test worker] INFO  allcom_testng.tests.TestBase -- PASSED: [validateSearchWithIncorrectData], with VALUES: [alter]
23:53:54.949 [Test worker] INFO  allcom_testng.tests.TestBase -- STARTED: [validateSearchWithIncorrectData]
23:53:56.141 [Test worker] INFO  allcom_testng.tests.TestBase -- PASSED: [validateSearchWithIncorrectData], with VALUES: [begin]
23:53:56.142 [Test worker] INFO  allcom_testng.tests.TestBase -- STARTED: [validateSearchWithIncorrectData]
23:53:57.325 [Test worker] INFO  allcom_testng.tests.TestBase -- PASSED: [validateSearchWithIncorrectData], with VALUES: [cast]
23:53:57.325 [Test worker] INFO  allcom_testng.tests.TestBase -- STARTED: [validateSearchWithIncorrectData]
23:53:58.783 [Test worker] INFO  allcom_testng.tests.TestBase -- PASSED: [validateSearchWithIncorrectData], with VALUES: [create]
23:53:58.783 [Test worker] INFO  allcom_testng.tests.TestBase -- STARTED: [validateSearchWithIncorrectData]
23:53:59.980 [Test worker] INFO  allcom_testng.tests.TestBase -- PASSED: [validateSearchWithIncorrectData], with VALUES: [cursor]
23:53:59.980 [Test worker] INFO  allcom_testng.tests.TestBase -- STARTED: [validateSearchWithIncorrectData]
23:54:01.109 [Test worker] INFO  allcom_testng.tests.TestBase -- PASSED: [validateSearchWithIncorrectData], with VALUES: [declare]
23:54:01.109 [Test worker] INFO  allcom_testng.tests.TestBase -- STARTED: [validateSearchWithIncorrectData]
23:54:02.281 [Test worker] INFO  allcom_testng.tests.TestBase -- PASSED: [validateSearchWithIncorrectData], with VALUES: [delete]
23:54:02.282 [Test worker] INFO  allcom_testng.tests.TestBase -- STARTED: [validateSearchWithIncorrectData]
23:54:03.552 [Test worker] INFO  allcom_testng.tests.TestBase -- PASSED: [validateSearchWithIncorrectData], with VALUES: [drop]
23:54:03.553 [Test worker] INFO  allcom_testng.tests.TestBase -- STARTED: [validateSearchWithIncorrectData]
23:54:04.739 [Test worker] INFO  allcom_testng.tests.TestBase -- PASSED: [validateSearchWithIncorrectData], with VALUES: [exec]
23:54:04.740 [Test worker] INFO  allcom_testng.tests.TestBase -- STARTED: [validateSearchWithIncorrectData]
23:54:06.036 [Test worker] INFO  allcom_testng.tests.TestBase -- PASSED: [validateSearchWithIncorrectData], with VALUES: [execute]
23:54:06.037 [Test worker] INFO  allcom_testng.tests.TestBase -- STARTED: [validateSearchWithIncorrectData]
23:54:07.439 [Test worker] INFO  allcom_testng.tests.TestBase -- PASSED: [validateSearchWithIncorrectData], with VALUES: [fetch]
23:54:07.440 [Test worker] INFO  allcom_testng.tests.TestBase -- STARTED: [validateSearchWithIncorrectData]
23:54:08.673 [Test worker] INFO  allcom_testng.tests.TestBase -- PASSED: [validateSearchWithIncorrectData], with VALUES: [insert]
23:54:08.673 [Test worker] INFO  allcom_testng.tests.TestBase -- STARTED: [validateSearchWithIncorrectData]
23:54:09.922 [Test worker] INFO  allcom_testng.tests.TestBase -- PASSED: [validateSearchWithIncorrectData], with VALUES: [kill]
23:54:09.922 [Test worker] INFO  allcom_testng.tests.TestBase -- STARTED: [validateSearchWithIncorrectData]
23:54:11.372 [Test worker] INFO  allcom_testng.tests.TestBase -- PASSED: [validateSearchWithIncorrectData], with VALUES: [select]
23:54:11.372 [Test worker] INFO  allcom_testng.tests.TestBase -- STARTED: [validateSearchWithIncorrectData]
23:54:12.616 [Test worker] INFO  allcom_testng.tests.TestBase -- PASSED: [validateSearchWithIncorrectData], with VALUES: [sys]
23:54:12.617 [Test worker] INFO  allcom_testng.tests.TestBase -- STARTED: [validateSearchWithIncorrectData]
23:54:13.989 [Test worker] INFO  allcom_testng.tests.TestBase -- PASSED: [validateSearchWithIncorrectData], with VALUES: [sysobjects]
23:54:13.989 [Test worker] INFO  allcom_testng.tests.TestBase -- STARTED: [validateSearchWithIncorrectData]
23:54:15.169 [Test worker] INFO  allcom_testng.tests.TestBase -- PASSED: [validateSearchWithIncorrectData], with VALUES: [syscolumns]
23:54:15.170 [Test worker] INFO  allcom_testng.tests.TestBase -- STARTED: [validateSearchWithIncorrectData]
23:54:16.263 [Test worker] INFO  allcom_testng.tests.TestBase -- PASSED: [validateSearchWithIncorrectData], with VALUES: [<script></script>]
]]></system-out>
  <system-err><![CDATA[]]></system-err>
</testsuite>
