<?xml version="1.0" encoding="UTF-8"?>
<testsuite name="allcom_testng.tests.registration.RegisterPageNegativeTests" tests="253" skipped="0" failures="0" errors="0" timestamp="2024-02-08T22:58:55" hostname="DESKTOP-8I9EVFD" time="478.661">
  <properties/>
  <testcase name="validateCityWithIncorrectData[0]()" classname="allcom_testng.tests.registration.RegisterPageNegativeTests" time="0.298"/>
  <testcase name="validateCityWithIncorrectData[1](В )" classname="allcom_testng.tests.registration.RegisterPageNegativeTests" time="0.31"/>
  <testcase name="validateCityWithIncorrectData[2]()" classname="allcom_testng.tests.registration.RegisterPageNegativeTests" time="0.252"/>
  <testcase name="validateCityWithIncorrectData[3](1)" classname="allcom_testng.tests.registration.RegisterPageNegativeTests" time="0.26"/>
  <testcase name="validateCityWithIncorrectData[4](s)" classname="allcom_testng.tests.registration.RegisterPageNegativeTests" time="0.26"/>
  <testcase name="validateCityWithIncorrectData[5](S)" classname="allcom_testng.tests.registration.RegisterPageNegativeTests" time="0.266"/>
  <testcase name="validateCityWithIncorrectData[6](С‹)" classname="allcom_testng.tests.registration.RegisterPageNegativeTests" time="0.293"/>
  <testcase name="validateCityWithIncorrectData[7](SС‹)" classname="allcom_testng.tests.registration.RegisterPageNegativeTests" time="0.295"/>
  <testcase name="validateCityWithIncorrectData[8](S1)" classname="allcom_testng.tests.registration.RegisterPageNegativeTests" time="0.29"/>
  <testcase name="validateCityWithIncorrectData[9](!)" classname="allcom_testng.tests.registration.RegisterPageNegativeTests" time="0.261"/>
  <testcase name="validateCityWithIncorrectData[10](@)" classname="allcom_testng.tests.registration.RegisterPageNegativeTests" time="0.257"/>
  <testcase name="validateCityWithIncorrectData[11](#)" classname="allcom_testng.tests.registration.RegisterPageNegativeTests" time="0.261"/>
  <testcase name="validateCityWithIncorrectData[12](Ass$)" classname="allcom_testng.tests.registration.RegisterPageNegativeTests" time="0.308"/>
  <testcase name="validateCityWithIncorrectData[13](ss%)" classname="allcom_testng.tests.registration.RegisterPageNegativeTests" time="0.304"/>
  <testcase name="validateCityWithIncorrectData[14](()" classname="allcom_testng.tests.registration.RegisterPageNegativeTests" time="0.287"/>
  <testcase name="validateCityWithIncorrectData[15](&lt;script&gt;&lt;/script&gt;)" classname="allcom_testng.tests.registration.RegisterPageNegativeTests" time="0.35"/>
  <testcase name="validateCityWithIncorrectData[16](&lt;input&gt;)" classname="allcom_testng.tests.registration.RegisterPageNegativeTests" time="0.299"/>
  <testcase name="validateCityWithIncorrectData[17](0)" classname="allcom_testng.tests.registration.RegisterPageNegativeTests" time="0.255"/>
  <testcase name="validateCompanyNameWithIncorrectData[0]()" classname="allcom_testng.tests.registration.RegisterPageNegativeTests" time="0.286"/>
  <testcase name="validateCompanyNameWithIncorrectData[1](В )" classname="allcom_testng.tests.registration.RegisterPageNegativeTests" time="0.295"/>
  <testcase name="validateCompanyNameWithIncorrectData[2]()" classname="allcom_testng.tests.registration.RegisterPageNegativeTests" time="0.263"/>
  <testcase name="validateCompanyNameWithIncorrectData[3](1)" classname="allcom_testng.tests.registration.RegisterPageNegativeTests" time="0.259"/>
  <testcase name="validateCompanyNameWithIncorrectData[4](s)" classname="allcom_testng.tests.registration.RegisterPageNegativeTests" time="0.259"/>
  <testcase name="validateCompanyNameWithIncorrectData[5](S)" classname="allcom_testng.tests.registration.RegisterPageNegativeTests" time="0.266"/>
  <testcase name="validateCompanyNameWithIncorrectData[6](С‹)" classname="allcom_testng.tests.registration.RegisterPageNegativeTests" time="0.285"/>
  <testcase name="validateCompanyNameWithIncorrectData[7](SС‹)" classname="allcom_testng.tests.registration.RegisterPageNegativeTests" time="0.29"/>
  <testcase name="validateCompanyNameWithIncorrectData[8](!)" classname="allcom_testng.tests.registration.RegisterPageNegativeTests" time="0.286"/>
  <testcase name="validateCompanyNameWithIncorrectData[9](@)" classname="allcom_testng.tests.registration.RegisterPageNegativeTests" time="0.266"/>
  <testcase name="validateCompanyNameWithIncorrectData[10](#)" classname="allcom_testng.tests.registration.RegisterPageNegativeTests" time="0.276"/>
  <testcase name="validateCompanyNameWithIncorrectData[11](()" classname="allcom_testng.tests.registration.RegisterPageNegativeTests" time="0.264"/>
  <testcase name="validateCompanyNameWithIncorrectData[12](&lt;script&gt;&lt;/script&gt;)" classname="allcom_testng.tests.registration.RegisterPageNegativeTests" time="0.404"/>
  <testcase name="validateCompanyNameWithIncorrectData[13](&lt;input&gt;)" classname="allcom_testng.tests.registration.RegisterPageNegativeTests" time="0.347"/>
  <testcase name="validateCompanyNameWithIncorrectData[14](0)" classname="allcom_testng.tests.registration.RegisterPageNegativeTests" time="0.272"/>
  <testcase name="validateCompanyPositionWithIncorrectData[0]()" classname="allcom_testng.tests.registration.RegisterPageNegativeTests" time="0.259"/>
  <testcase name="validateCompanyPositionWithIncorrectData[1](В )" classname="allcom_testng.tests.registration.RegisterPageNegativeTests" time="0.273"/>
  <testcase name="validateCompanyPositionWithIncorrectData[2]()" classname="allcom_testng.tests.registration.RegisterPageNegativeTests" time="0.258"/>
  <testcase name="validateCompanyPositionWithIncorrectData[3](1)" classname="allcom_testng.tests.registration.RegisterPageNegativeTests" time="0.287"/>
  <testcase name="validateCompanyPositionWithIncorrectData[4](s)" classname="allcom_testng.tests.registration.RegisterPageNegativeTests" time="0.305"/>
  <testcase name="validateCompanyPositionWithIncorrectData[5](S)" classname="allcom_testng.tests.registration.RegisterPageNegativeTests" time="0.293"/>
  <testcase name="validateCompanyPositionWithIncorrectData[6](С‹)" classname="allcom_testng.tests.registration.RegisterPageNegativeTests" time="0.259"/>
  <testcase name="validateCompanyPositionWithIncorrectData[7](SС‹)" classname="allcom_testng.tests.registration.RegisterPageNegativeTests" time="0.278"/>
  <testcase name="validateCompanyPositionWithIncorrectData[8](!)" classname="allcom_testng.tests.registration.RegisterPageNegativeTests" time="0.273"/>
  <testcase name="validateCompanyPositionWithIncorrectData[9](@)" classname="allcom_testng.tests.registration.RegisterPageNegativeTests" time="0.295"/>
  <testcase name="validateCompanyPositionWithIncorrectData[10](#)" classname="allcom_testng.tests.registration.RegisterPageNegativeTests" time="0.291"/>
  <testcase name="validateCompanyPositionWithIncorrectData[11](Ass$)" classname="allcom_testng.tests.registration.RegisterPageNegativeTests" time="0.307"/>
  <testcase name="validateCompanyPositionWithIncorrectData[12](ss%)" classname="allcom_testng.tests.registration.RegisterPageNegativeTests" time="0.274"/>
  <testcase name="validateCompanyPositionWithIncorrectData[13](()" classname="allcom_testng.tests.registration.RegisterPageNegativeTests" time="0.262"/>
  <testcase name="validateCompanyPositionWithIncorrectData[14](&lt;script&gt;&lt;/script&gt;)" classname="allcom_testng.tests.registration.RegisterPageNegativeTests" time="0.354"/>
  <testcase name="validateCompanyPositionWithIncorrectData[15](&lt;input&gt;)" classname="allcom_testng.tests.registration.RegisterPageNegativeTests" time="0.361"/>
  <testcase name="validateCompanyPositionWithIncorrectData[16](0)" classname="allcom_testng.tests.registration.RegisterPageNegativeTests" time="0.283"/>
  <testcase name="validateComparePasswordsEqualityNegativeData" classname="allcom_testng.tests.registration.RegisterPageNegativeTests" time="0.0"/>
  <testcase name="validateEmailWithIncorrectData[0](п»ї)" classname="allcom_testng.tests.registration.RegisterPageNegativeTests" time="0.194"/>
  <testcase name="validateEmailWithIncorrectData[1]()" classname="allcom_testng.tests.registration.RegisterPageNegativeTests" time="0.16"/>
  <testcase name="validateEmailWithIncorrectData[2](testgmail.com)" classname="allcom_testng.tests.registration.RegisterPageNegativeTests" time="0.215"/>
  <testcase name="validateEmailWithIncorrectData[3](test@.com)" classname="allcom_testng.tests.registration.RegisterPageNegativeTests" time="0.24"/>
  <testcase name="validateEmailWithIncorrectData[4](test@gmailcom)" classname="allcom_testng.tests.registration.RegisterPageNegativeTests" time="0.256"/>
  <testcase name="validateEmailWithIncorrectData[5](test@gmail.)" classname="allcom_testng.tests.registration.RegisterPageNegativeTests" time="0.251"/>
  <testcase name="validateEmailWithIncorrectData[6](@gmail.com)" classname="allcom_testng.tests.registration.RegisterPageNegativeTests" time="0.21"/>
  <testcase name="validateEmailWithIncorrectData[7](Fqpwiuery)" classname="allcom_testng.tests.registration.RegisterPageNegativeTests" time="0.217"/>
  <testcase name="validateEmailWithIncorrectData[8](С†СѓРєС€РіРµС€РіР·)" classname="allcom_testng.tests.registration.RegisterPageNegativeTests" time="0.263"/>
  <testcase name="validateEmailWithIncorrectData[9](&quot;%^&amp;()):&quot;)" classname="allcom_testng.tests.registration.RegisterPageNegativeTests" time="0.241"/>
  <testcase name="validateEmailWithIncorrectData[10](1)" classname="allcom_testng.tests.registration.RegisterPageNegativeTests" time="0.216"/>
  <testcase name="validateEmailWithIncorrectData[11](С‚РµСЃС‚@gmail.com)" classname="allcom_testng.tests.registration.RegisterPageNegativeTests" time="0.298"/>
  <testcase name="validateEmailWithIncorrectData[12](SELECT* FROM)" classname="allcom_testng.tests.registration.RegisterPageNegativeTests" time="0.237"/>
  <testcase name="validateEmailWithIncorrectData[13](test@@gmail.com)" classname="allcom_testng.tests.registration.RegisterPageNegativeTests" time="0.255"/>
  <testcase name="validateEmailWithIncorrectData[14](www.telran.com)" classname="allcom_testng.tests.registration.RegisterPageNegativeTests" time="0.251"/>
  <testcase name="validateEmailWithIncorrectData[15](tes t@gmail.com)" classname="allcom_testng.tests.registration.RegisterPageNegativeTests" time="0.285"/>
  <testcase name="validateEmailWithIncorrectData[16](test@ gmail.com)" classname="allcom_testng.tests.registration.RegisterPageNegativeTests" time="0.307"/>
  <testcase name="validateEmailWithIncorrectData[17](test@gmail .com)" classname="allcom_testng.tests.registration.RegisterPageNegativeTests" time="0.258"/>
  <testcase name="validateEmailWithIncorrectData[18](test@gmail. com)" classname="allcom_testng.tests.registration.RegisterPageNegativeTests" time="0.251"/>
  <testcase name="validateEmailWithIncorrectData[19](&lt;script&gt;&lt;/script&gt;)" classname="allcom_testng.tests.registration.RegisterPageNegativeTests" time="0.265"/>
  <testcase name="validateEmailWithIncorrectData[20](&lt;input&gt;)" classname="allcom_testng.tests.registration.RegisterPageNegativeTests" time="0.241"/>
  <testcase name="validateEmailWithIncorrectData[21](0)" classname="allcom_testng.tests.registration.RegisterPageNegativeTests" time="0.212"/>
  <testcase name="validateFirstNameWithIncorrectData[0]()" classname="allcom_testng.tests.registration.RegisterPageNegativeTests" time="0.192"/>
  <testcase name="validateFirstNameWithIncorrectData[1](В )" classname="allcom_testng.tests.registration.RegisterPageNegativeTests" time="0.186"/>
  <testcase name="validateFirstNameWithIncorrectData[2]()" classname="allcom_testng.tests.registration.RegisterPageNegativeTests" time="0.174"/>
  <testcase name="validateFirstNameWithIncorrectData[3](1)" classname="allcom_testng.tests.registration.RegisterPageNegativeTests" time="0.187"/>
  <testcase name="validateFirstNameWithIncorrectData[4](s)" classname="allcom_testng.tests.registration.RegisterPageNegativeTests" time="0.206"/>
  <testcase name="validateFirstNameWithIncorrectData[5](S)" classname="allcom_testng.tests.registration.RegisterPageNegativeTests" time="0.203"/>
  <testcase name="validateFirstNameWithIncorrectData[6](С‹)" classname="allcom_testng.tests.registration.RegisterPageNegativeTests" time="0.2"/>
  <testcase name="validateFirstNameWithIncorrectData[7](SС‹)" classname="allcom_testng.tests.registration.RegisterPageNegativeTests" time="0.189"/>
  <testcase name="validateFirstNameWithIncorrectData[8](S1)" classname="allcom_testng.tests.registration.RegisterPageNegativeTests" time="0.219"/>
  <testcase name="validateFirstNameWithIncorrectData[9](!)" classname="allcom_testng.tests.registration.RegisterPageNegativeTests" time="0.222"/>
  <testcase name="validateFirstNameWithIncorrectData[10](@)" classname="allcom_testng.tests.registration.RegisterPageNegativeTests" time="0.194"/>
  <testcase name="validateFirstNameWithIncorrectData[11](#)" classname="allcom_testng.tests.registration.RegisterPageNegativeTests" time="0.192"/>
  <testcase name="validateFirstNameWithIncorrectData[12](Ass$)" classname="allcom_testng.tests.registration.RegisterPageNegativeTests" time="0.194"/>
  <testcase name="validateFirstNameWithIncorrectData[13](ss%)" classname="allcom_testng.tests.registration.RegisterPageNegativeTests" time="0.188"/>
  <testcase name="validateFirstNameWithIncorrectData[14](()" classname="allcom_testng.tests.registration.RegisterPageNegativeTests" time="0.178"/>
  <testcase name="validateFirstNameWithIncorrectData[15](&lt;script&gt;&lt;/script&gt;)" classname="allcom_testng.tests.registration.RegisterPageNegativeTests" time="0.242"/>
  <testcase name="validateFirstNameWithIncorrectData[16](&lt;input&gt;)" classname="allcom_testng.tests.registration.RegisterPageNegativeTests" time="0.218"/>
  <testcase name="validateFirstNameWithIncorrectData[17](0)" classname="allcom_testng.tests.registration.RegisterPageNegativeTests" time="0.183"/>
  <testcase name="validateHouseNumberWithIncorrectData[0](В )" classname="allcom_testng.tests.registration.RegisterPageNegativeTests" time="0.36"/>
  <testcase name="validateHouseNumberWithIncorrectData[1]()" classname="allcom_testng.tests.registration.RegisterPageNegativeTests" time="0.296"/>
  <testcase name="validateHouseNumberWithIncorrectData[2](С‹)" classname="allcom_testng.tests.registration.RegisterPageNegativeTests" time="0.277"/>
  <testcase name="validateHouseNumberWithIncorrectData[3](СЏ)" classname="allcom_testng.tests.registration.RegisterPageNegativeTests" time="0.302"/>
  <testcase name="validateHouseNumberWithIncorrectData[4](С‹)" classname="allcom_testng.tests.registration.RegisterPageNegativeTests" time="0.312"/>
  <testcase name="validateHouseNumberWithIncorrectData[5](С‘)" classname="allcom_testng.tests.registration.RegisterPageNegativeTests" time="0.281"/>
  <testcase name="validateHouseNumberWithIncorrectData[6](SС‹)" classname="allcom_testng.tests.registration.RegisterPageNegativeTests" time="0.282"/>
  <testcase name="validateHouseNumberWithIncorrectData[7](!)" classname="allcom_testng.tests.registration.RegisterPageNegativeTests" time="0.276"/>
  <testcase name="validateHouseNumberWithIncorrectData[8](@)" classname="allcom_testng.tests.registration.RegisterPageNegativeTests" time="0.293"/>
  <testcase name="validateHouseNumberWithIncorrectData[9](Ass$)" classname="allcom_testng.tests.registration.RegisterPageNegativeTests" time="0.318"/>
  <testcase name="validateHouseNumberWithIncorrectData[10](ss%)" classname="allcom_testng.tests.registration.RegisterPageNegativeTests" time="0.312"/>
  <testcase name="validateHouseNumberWithIncorrectData[11](()" classname="allcom_testng.tests.registration.RegisterPageNegativeTests" time="0.269"/>
  <testcase name="validateHouseNumberWithIncorrectData[12]((1)" classname="allcom_testng.tests.registration.RegisterPageNegativeTests" time="0.27"/>
  <testcase name="validateHouseNumberWithIncorrectData[13](&lt;script&gt;&lt;/script&gt;)" classname="allcom_testng.tests.registration.RegisterPageNegativeTests" time="0.375"/>
  <testcase name="validateHouseNumberWithIncorrectData[14](&lt;input&gt;)" classname="allcom_testng.tests.registration.RegisterPageNegativeTests" time="0.376"/>
  <testcase name="validateLastNameWithIncorrectData[0]()" classname="allcom_testng.tests.registration.RegisterPageNegativeTests" time="0.217"/>
  <testcase name="validateLastNameWithIncorrectData[1](В )" classname="allcom_testng.tests.registration.RegisterPageNegativeTests" time="0.187"/>
  <testcase name="validateLastNameWithIncorrectData[2]()" classname="allcom_testng.tests.registration.RegisterPageNegativeTests" time="0.17"/>
  <testcase name="validateLastNameWithIncorrectData[3](1)" classname="allcom_testng.tests.registration.RegisterPageNegativeTests" time="0.171"/>
  <testcase name="validateLastNameWithIncorrectData[4](s)" classname="allcom_testng.tests.registration.RegisterPageNegativeTests" time="0.21"/>
  <testcase name="validateLastNameWithIncorrectData[5](S)" classname="allcom_testng.tests.registration.RegisterPageNegativeTests" time="0.193"/>
  <testcase name="validateLastNameWithIncorrectData[6](С‹)" classname="allcom_testng.tests.registration.RegisterPageNegativeTests" time="0.193"/>
  <testcase name="validateLastNameWithIncorrectData[7](SС‹)" classname="allcom_testng.tests.registration.RegisterPageNegativeTests" time="0.199"/>
  <testcase name="validateLastNameWithIncorrectData[8](S1)" classname="allcom_testng.tests.registration.RegisterPageNegativeTests" time="0.19"/>
  <testcase name="validateLastNameWithIncorrectData[9](!)" classname="allcom_testng.tests.registration.RegisterPageNegativeTests" time="0.218"/>
  <testcase name="validateLastNameWithIncorrectData[10](@)" classname="allcom_testng.tests.registration.RegisterPageNegativeTests" time="0.203"/>
  <testcase name="validateLastNameWithIncorrectData[11](#)" classname="allcom_testng.tests.registration.RegisterPageNegativeTests" time="0.19"/>
  <testcase name="validateLastNameWithIncorrectData[12](Ass$)" classname="allcom_testng.tests.registration.RegisterPageNegativeTests" time="0.213"/>
  <testcase name="validateLastNameWithIncorrectData[13](ss%)" classname="allcom_testng.tests.registration.RegisterPageNegativeTests" time="0.195"/>
  <testcase name="validateLastNameWithIncorrectData[14](()" classname="allcom_testng.tests.registration.RegisterPageNegativeTests" time="0.183"/>
  <testcase name="validateLastNameWithIncorrectData[15](&lt;script&gt;&lt;/script&gt;)" classname="allcom_testng.tests.registration.RegisterPageNegativeTests" time="0.303"/>
  <testcase name="validateLastNameWithIncorrectData[16](&lt;input&gt;)" classname="allcom_testng.tests.registration.RegisterPageNegativeTests" time="0.24"/>
  <testcase name="validateLastNameWithIncorrectData[17](0)" classname="allcom_testng.tests.registration.RegisterPageNegativeTests" time="0.184"/>
  <testcase name="validatePasswordConfirmWithIncorrectData[0](п»їTes123)" classname="allcom_testng.tests.registration.RegisterPageNegativeTests" time="0.227"/>
  <testcase name="validatePasswordConfirmWithIncorrectData[1](Tes1234)" classname="allcom_testng.tests.registration.RegisterPageNegativeTests" time="0.215"/>
  <testcase name="validatePasswordConfirmWithIncorrectData[2](Test1234555555555555555555555555555555555555555555555555555555555555555555555555555555555555)" classname="allcom_testng.tests.registration.RegisterPageNegativeTests" time="0.544"/>
  <testcase name="validatePasswordConfirmWithIncorrectData[3](1)" classname="allcom_testng.tests.registration.RegisterPageNegativeTests" time="0.205"/>
  <testcase name="validatePasswordConfirmWithIncorrectData[4](*&amp;^(*&amp;%$##@)" classname="allcom_testng.tests.registration.RegisterPageNegativeTests" time="0.25"/>
  <testcase name="validatePasswordConfirmWithIncorrectData[5](Qwertyuiop@1С‹)" classname="allcom_testng.tests.registration.RegisterPageNegativeTests" time="0.244"/>
  <testcase name="validatePasswordConfirmWithIncorrectData[6](Р¤Р«Р’РђРђРџРєРіСѓС‰СѓС†Р·)" classname="allcom_testng.tests.registration.RegisterPageNegativeTests" time="0.314"/>
  <testcase name="validatePasswordConfirmWithIncorrectData[7](Test 12345!)" classname="allcom_testng.tests.registration.RegisterPageNegativeTests" time="0.254"/>
  <testcase name="validatePasswordConfirmWithIncorrectData[8](SELECT* FROM)" classname="allcom_testng.tests.registration.RegisterPageNegativeTests" time="0.262"/>
  <testcase name="validatePasswordConfirmWithIncorrectData[9](www.gmail.com)" classname="allcom_testng.tests.registration.RegisterPageNegativeTests" time="0.261"/>
  <testcase name="validatePasswordConfirmWithIncorrectData[10]()" classname="allcom_testng.tests.registration.RegisterPageNegativeTests" time="0.18"/>
  <testcase name="validatePasswordConfirmWithIncorrectData[11](В )" classname="allcom_testng.tests.registration.RegisterPageNegativeTests" time="0.194"/>
  <testcase name="validatePasswordConfirmWithIncorrectData[12]()" classname="allcom_testng.tests.registration.RegisterPageNegativeTests" time="0.17"/>
  <testcase name="validatePasswordConfirmWithIncorrectData[13](0)" classname="allcom_testng.tests.registration.RegisterPageNegativeTests" time="0.199"/>
  <testcase name="validatePasswordConfirmWithIncorrectData[14](&lt;input&gt;)" classname="allcom_testng.tests.registration.RegisterPageNegativeTests" time="0.241"/>
  <testcase name="validatePasswordConfirmWithIncorrectData[15](&lt;script&gt;&lt;/script&gt;)" classname="allcom_testng.tests.registration.RegisterPageNegativeTests" time="0.274"/>
  <testcase name="validatePasswordConfirmWithIncorrectData[16](11111E+12)" classname="allcom_testng.tests.registration.RegisterPageNegativeTests" time="0.22"/>
  <testcase name="validatePasswordWithIncorrectData[0](п»їTes123)" classname="allcom_testng.tests.registration.RegisterPageNegativeTests" time="0.234"/>
  <testcase name="validatePasswordWithIncorrectData[1](Tes1234)" classname="allcom_testng.tests.registration.RegisterPageNegativeTests" time="0.235"/>
  <testcase name="validatePasswordWithIncorrectData[2](Test1234555555555555555555555555555555555555555555555555555555555555555555555555555555555555)" classname="allcom_testng.tests.registration.RegisterPageNegativeTests" time="0.567"/>
  <testcase name="validatePasswordWithIncorrectData[3](1)" classname="allcom_testng.tests.registration.RegisterPageNegativeTests" time="0.203"/>
  <testcase name="validatePasswordWithIncorrectData[4](*&amp;^(*&amp;%$##@)" classname="allcom_testng.tests.registration.RegisterPageNegativeTests" time="0.23"/>
  <testcase name="validatePasswordWithIncorrectData[5](Qwertyuiop@1С‹)" classname="allcom_testng.tests.registration.RegisterPageNegativeTests" time="0.27"/>
  <testcase name="validatePasswordWithIncorrectData[6](Р¤Р«Р’РђРђРџРєРіСѓС‰СѓС†Р·)" classname="allcom_testng.tests.registration.RegisterPageNegativeTests" time="0.311"/>
  <testcase name="validatePasswordWithIncorrectData[7](Test 12345!)" classname="allcom_testng.tests.registration.RegisterPageNegativeTests" time="0.26"/>
  <testcase name="validatePasswordWithIncorrectData[8](SELECT* FROM)" classname="allcom_testng.tests.registration.RegisterPageNegativeTests" time="0.266"/>
  <testcase name="validatePasswordWithIncorrectData[9](www.gmail.com)" classname="allcom_testng.tests.registration.RegisterPageNegativeTests" time="0.24"/>
  <testcase name="validatePasswordWithIncorrectData[10]()" classname="allcom_testng.tests.registration.RegisterPageNegativeTests" time="0.172"/>
  <testcase name="validatePasswordWithIncorrectData[11](В )" classname="allcom_testng.tests.registration.RegisterPageNegativeTests" time="0.192"/>
  <testcase name="validatePasswordWithIncorrectData[12]()" classname="allcom_testng.tests.registration.RegisterPageNegativeTests" time="0.191"/>
  <testcase name="validatePasswordWithIncorrectData[13](0)" classname="allcom_testng.tests.registration.RegisterPageNegativeTests" time="0.248"/>
  <testcase name="validatePasswordWithIncorrectData[14](&lt;input&gt;)" classname="allcom_testng.tests.registration.RegisterPageNegativeTests" time="0.214"/>
  <testcase name="validatePasswordWithIncorrectData[15](&lt;script&gt;&lt;/script&gt;)" classname="allcom_testng.tests.registration.RegisterPageNegativeTests" time="0.266"/>
  <testcase name="validatePasswordWithIncorrectData[16](11111E+12)" classname="allcom_testng.tests.registration.RegisterPageNegativeTests" time="0.228"/>
  <testcase name="validatePhoneWithIncorrectData[0]()" classname="allcom_testng.tests.registration.RegisterPageNegativeTests" time="0.198"/>
  <testcase name="validatePhoneWithIncorrectData[1](В )" classname="allcom_testng.tests.registration.RegisterPageNegativeTests" time="0.227"/>
  <testcase name="validatePhoneWithIncorrectData[2]()" classname="allcom_testng.tests.registration.RegisterPageNegativeTests" time="0.188"/>
  <testcase name="validatePhoneWithIncorrectData[3](1)" classname="allcom_testng.tests.registration.RegisterPageNegativeTests" time="0.186"/>
  <testcase name="validatePhoneWithIncorrectData[4](s)" classname="allcom_testng.tests.registration.RegisterPageNegativeTests" time="0.192"/>
  <testcase name="validatePhoneWithIncorrectData[5](S)" classname="allcom_testng.tests.registration.RegisterPageNegativeTests" time="0.203"/>
  <testcase name="validatePhoneWithIncorrectData[6](С‹)" classname="allcom_testng.tests.registration.RegisterPageNegativeTests" time="0.209"/>
  <testcase name="validatePhoneWithIncorrectData[7](SС‹)" classname="allcom_testng.tests.registration.RegisterPageNegativeTests" time="0.218"/>
  <testcase name="validatePhoneWithIncorrectData[8](S1)" classname="allcom_testng.tests.registration.RegisterPageNegativeTests" time="0.192"/>
  <testcase name="validatePhoneWithIncorrectData[9](!)" classname="allcom_testng.tests.registration.RegisterPageNegativeTests" time="0.186"/>
  <testcase name="validatePhoneWithIncorrectData[10](@)" classname="allcom_testng.tests.registration.RegisterPageNegativeTests" time="0.185"/>
  <testcase name="validatePhoneWithIncorrectData[11](#)" classname="allcom_testng.tests.registration.RegisterPageNegativeTests" time="0.203"/>
  <testcase name="validatePhoneWithIncorrectData[12](Ass$)" classname="allcom_testng.tests.registration.RegisterPageNegativeTests" time="0.22"/>
  <testcase name="validatePhoneWithIncorrectData[13](ss%)" classname="allcom_testng.tests.registration.RegisterPageNegativeTests" time="0.196"/>
  <testcase name="validatePhoneWithIncorrectData[14](()" classname="allcom_testng.tests.registration.RegisterPageNegativeTests" time="0.189"/>
  <testcase name="validatePhoneWithIncorrectData[15](&lt;script&gt;&lt;/script&gt;)" classname="allcom_testng.tests.registration.RegisterPageNegativeTests" time="0.273"/>
  <testcase name="validatePhoneWithIncorrectData[16](&lt;input&gt;)" classname="allcom_testng.tests.registration.RegisterPageNegativeTests" time="0.235"/>
  <testcase name="validatePhoneWithIncorrectData[17](0)" classname="allcom_testng.tests.registration.RegisterPageNegativeTests" time="0.195"/>
  <testcase name="validatePhoneWithIncorrectData[18](123456789)" classname="allcom_testng.tests.registration.RegisterPageNegativeTests" time="0.252"/>
  <testcase name="validatePhoneWithIncorrectData[19](null)" classname="allcom_testng.tests.registration.RegisterPageNegativeTests" time="0.222"/>
  <testcase name="validatePhoneWithIncorrectData[20](1234567890123)" classname="allcom_testng.tests.registration.RegisterPageNegativeTests" time="0.234"/>
  <testcase name="validatePhoneWithIncorrectData[21](1234567890С‹)" classname="allcom_testng.tests.registration.RegisterPageNegativeTests" time="0.263"/>
  <testcase name="validatePhoneWithIncorrectData[22](1234567890s)" classname="allcom_testng.tests.registration.RegisterPageNegativeTests" time="0.245"/>
  <testcase name="validatePhoneWithIncorrectData[23](123456789O)" classname="allcom_testng.tests.registration.RegisterPageNegativeTests" time="0.253"/>
  <testcase name="validatePostalWithIncorrectData[0]()" classname="allcom_testng.tests.registration.RegisterPageNegativeTests" time="0.275"/>
  <testcase name="validatePostalWithIncorrectData[1](В )" classname="allcom_testng.tests.registration.RegisterPageNegativeTests" time="0.298"/>
  <testcase name="validatePostalWithIncorrectData[2]()" classname="allcom_testng.tests.registration.RegisterPageNegativeTests" time="0.28"/>
  <testcase name="validatePostalWithIncorrectData[3](1)" classname="allcom_testng.tests.registration.RegisterPageNegativeTests" time="0.308"/>
  <testcase name="validatePostalWithIncorrectData[4](s)" classname="allcom_testng.tests.registration.RegisterPageNegativeTests" time="0.312"/>
  <testcase name="validatePostalWithIncorrectData[5](S)" classname="allcom_testng.tests.registration.RegisterPageNegativeTests" time="0.277"/>
  <testcase name="validatePostalWithIncorrectData[6](С‹)" classname="allcom_testng.tests.registration.RegisterPageNegativeTests" time="0.277"/>
  <testcase name="validatePostalWithIncorrectData[7](SС‹)" classname="allcom_testng.tests.registration.RegisterPageNegativeTests" time="0.304"/>
  <testcase name="validatePostalWithIncorrectData[8](S1)" classname="allcom_testng.tests.registration.RegisterPageNegativeTests" time="0.318"/>
  <testcase name="validatePostalWithIncorrectData[9](!)" classname="allcom_testng.tests.registration.RegisterPageNegativeTests" time="0.314"/>
  <testcase name="validatePostalWithIncorrectData[10](@)" classname="allcom_testng.tests.registration.RegisterPageNegativeTests" time="0.275"/>
  <testcase name="validatePostalWithIncorrectData[11](#)" classname="allcom_testng.tests.registration.RegisterPageNegativeTests" time="0.27"/>
  <testcase name="validatePostalWithIncorrectData[12](Ass$)" classname="allcom_testng.tests.registration.RegisterPageNegativeTests" time="0.32"/>
  <testcase name="validatePostalWithIncorrectData[13](ss%)" classname="allcom_testng.tests.registration.RegisterPageNegativeTests" time="0.322"/>
  <testcase name="validatePostalWithIncorrectData[14](()" classname="allcom_testng.tests.registration.RegisterPageNegativeTests" time="0.282"/>
  <testcase name="validatePostalWithIncorrectData[15](&lt;script&gt;&lt;/script&gt;)" classname="allcom_testng.tests.registration.RegisterPageNegativeTests" time="0.383"/>
  <testcase name="validatePostalWithIncorrectData[16](&lt;input&gt;)" classname="allcom_testng.tests.registration.RegisterPageNegativeTests" time="0.327"/>
  <testcase name="validatePostalWithIncorrectData[17](0)" classname="allcom_testng.tests.registration.RegisterPageNegativeTests" time="0.303"/>
  <testcase name="validatePostalWithIncorrectData[18](1234)" classname="allcom_testng.tests.registration.RegisterPageNegativeTests" time="0.32"/>
  <testcase name="validatePostalWithIncorrectData[19](123456)" classname="allcom_testng.tests.registration.RegisterPageNegativeTests" time="0.342"/>
  <testcase name="validatePostalWithIncorrectData[20](12345d)" classname="allcom_testng.tests.registration.RegisterPageNegativeTests" time="0.317"/>
  <testcase name="validatePostalWithIncorrectData[21](O01234)" classname="allcom_testng.tests.registration.RegisterPageNegativeTests" time="0.308"/>
  <testcase name="validatePostalWithIncorrectData[22](1234#)" classname="allcom_testng.tests.registration.RegisterPageNegativeTests" time="0.328"/>
  <testcase name="validatePostalWithIncorrectData[23](null)" classname="allcom_testng.tests.registration.RegisterPageNegativeTests" time="0.315"/>
  <testcase name="validatePostalWithIncorrectData[24](12345s)" classname="allcom_testng.tests.registration.RegisterPageNegativeTests" time="0.298"/>
  <testcase name="validatePostalWithIncorrectData[25](1234567890s)" classname="allcom_testng.tests.registration.RegisterPageNegativeTests" time="0.351"/>
  <testcase name="validatePostalWithIncorrectData[26](123456789O)" classname="allcom_testng.tests.registration.RegisterPageNegativeTests" time="0.336"/>
  <testcase name="validatePostalWithIncorrectData[27](123456789012345678901)" classname="allcom_testng.tests.registration.RegisterPageNegativeTests" time="0.437"/>
  <testcase name="validateStreetWithIncorrectData[0]()" classname="allcom_testng.tests.registration.RegisterPageNegativeTests" time="0.302"/>
  <testcase name="validateStreetWithIncorrectData[1](В )" classname="allcom_testng.tests.registration.RegisterPageNegativeTests" time="0.292"/>
  <testcase name="validateStreetWithIncorrectData[2]()" classname="allcom_testng.tests.registration.RegisterPageNegativeTests" time="0.263"/>
  <testcase name="validateStreetWithIncorrectData[3](1)" classname="allcom_testng.tests.registration.RegisterPageNegativeTests" time="0.277"/>
  <testcase name="validateStreetWithIncorrectData[4](s)" classname="allcom_testng.tests.registration.RegisterPageNegativeTests" time="0.319"/>
  <testcase name="validateStreetWithIncorrectData[5](S)" classname="allcom_testng.tests.registration.RegisterPageNegativeTests" time="0.301"/>
  <testcase name="validateStreetWithIncorrectData[6](С‹)" classname="allcom_testng.tests.registration.RegisterPageNegativeTests" time="0.278"/>
  <testcase name="validateStreetWithIncorrectData[7](SС‹)" classname="allcom_testng.tests.registration.RegisterPageNegativeTests" time="0.286"/>
  <testcase name="validateStreetWithIncorrectData[8](!)" classname="allcom_testng.tests.registration.RegisterPageNegativeTests" time="0.285"/>
  <testcase name="validateStreetWithIncorrectData[9](@)" classname="allcom_testng.tests.registration.RegisterPageNegativeTests" time="0.306"/>
  <testcase name="validateStreetWithIncorrectData[10](#)" classname="allcom_testng.tests.registration.RegisterPageNegativeTests" time="0.327"/>
  <testcase name="validateStreetWithIncorrectData[11](Ass$)" classname="allcom_testng.tests.registration.RegisterPageNegativeTests" time="0.285"/>
  <testcase name="validateStreetWithIncorrectData[12](ss%)" classname="allcom_testng.tests.registration.RegisterPageNegativeTests" time="0.287"/>
  <testcase name="validateStreetWithIncorrectData[13](()" classname="allcom_testng.tests.registration.RegisterPageNegativeTests" time="0.293"/>
  <testcase name="validateStreetWithIncorrectData[14](&lt;script&gt;&lt;/script&gt;)" classname="allcom_testng.tests.registration.RegisterPageNegativeTests" time="0.407"/>
  <testcase name="validateStreetWithIncorrectData[15](&lt;input&gt;)" classname="allcom_testng.tests.registration.RegisterPageNegativeTests" time="0.344"/>
  <testcase name="validateStreetWithIncorrectData[16](0)" classname="allcom_testng.tests.registration.RegisterPageNegativeTests" time="0.277"/>
  <testcase name="validateTaxWithIncorrectData[0]()" classname="allcom_testng.tests.registration.RegisterPageNegativeTests" time="0.266"/>
  <testcase name="validateTaxWithIncorrectData[1](В )" classname="allcom_testng.tests.registration.RegisterPageNegativeTests" time="0.307"/>
  <testcase name="validateTaxWithIncorrectData[2]()" classname="allcom_testng.tests.registration.RegisterPageNegativeTests" time="0.292"/>
  <testcase name="validateTaxWithIncorrectData[3](1)" classname="allcom_testng.tests.registration.RegisterPageNegativeTests" time="0.296"/>
  <testcase name="validateTaxWithIncorrectData[4](s)" classname="allcom_testng.tests.registration.RegisterPageNegativeTests" time="0.288"/>
  <testcase name="validateTaxWithIncorrectData[5](S)" classname="allcom_testng.tests.registration.RegisterPageNegativeTests" time="0.281"/>
  <testcase name="validateTaxWithIncorrectData[6](С‹)" classname="allcom_testng.tests.registration.RegisterPageNegativeTests" time="0.313"/>
  <testcase name="validateTaxWithIncorrectData[7](SС‹)" classname="allcom_testng.tests.registration.RegisterPageNegativeTests" time="0.319"/>
  <testcase name="validateTaxWithIncorrectData[8](S1)" classname="allcom_testng.tests.registration.RegisterPageNegativeTests" time="0.292"/>
  <testcase name="validateTaxWithIncorrectData[9](!)" classname="allcom_testng.tests.registration.RegisterPageNegativeTests" time="0.282"/>
  <testcase name="validateTaxWithIncorrectData[10](@)" classname="allcom_testng.tests.registration.RegisterPageNegativeTests" time="0.299"/>
  <testcase name="validateTaxWithIncorrectData[11](#)" classname="allcom_testng.tests.registration.RegisterPageNegativeTests" time="0.316"/>
  <testcase name="validateTaxWithIncorrectData[12](Ass$)" classname="allcom_testng.tests.registration.RegisterPageNegativeTests" time="0.324"/>
  <testcase name="validateTaxWithIncorrectData[13](ss%)" classname="allcom_testng.tests.registration.RegisterPageNegativeTests" time="0.28"/>
  <testcase name="validateTaxWithIncorrectData[14](()" classname="allcom_testng.tests.registration.RegisterPageNegativeTests" time="0.274"/>
  <testcase name="validateTaxWithIncorrectData[15](&lt;script&gt;&lt;/script&gt;)" classname="allcom_testng.tests.registration.RegisterPageNegativeTests" time="0.415"/>
  <testcase name="validateTaxWithIncorrectData[16](&lt;input&gt;)" classname="allcom_testng.tests.registration.RegisterPageNegativeTests" time="0.366"/>
  <testcase name="validateTaxWithIncorrectData[17](0)" classname="allcom_testng.tests.registration.RegisterPageNegativeTests" time="0.299"/>
  <testcase name="validateTaxWithIncorrectData[18](12345678)" classname="allcom_testng.tests.registration.RegisterPageNegativeTests" time="0.322"/>
  <testcase name="validateTaxWithIncorrectData[19](123456789d)" classname="allcom_testng.tests.registration.RegisterPageNegativeTests" time="0.347"/>
  <testcase name="validateTaxWithIncorrectData[20](123456789#)" classname="allcom_testng.tests.registration.RegisterPageNegativeTests" time="0.368"/>
  <testcase name="validateTaxWithIncorrectData[21](null)" classname="allcom_testng.tests.registration.RegisterPageNegativeTests" time="0.337"/>
  <testcase name="validateTaxWithIncorrectData[22](1234567890С‹)" classname="allcom_testng.tests.registration.RegisterPageNegativeTests" time="0.355"/>
  <testcase name="validateTaxWithIncorrectData[23](1234567890s)" classname="allcom_testng.tests.registration.RegisterPageNegativeTests" time="0.349"/>
  <testcase name="validateTaxWithIncorrectData[24](123456789O)" classname="allcom_testng.tests.registration.RegisterPageNegativeTests" time="0.363"/>
  <testcase name="validateTaxWithIncorrectData[25](123456789012345678901)" classname="allcom_testng.tests.registration.RegisterPageNegativeTests" time="0.462"/>
  <system-out><![CDATA[23:58:53.628 [Test worker] INFO  allcom_testng.tests.TestBase -- STARTED: [validateCityWithIncorrectData]
23:58:55.411 [Test worker] INFO  allcom_testng.tests.TestBase -- PASSED: [validateCityWithIncorrectData], with VALUES: []
23:58:55.411 [Test worker] INFO  allcom_testng.tests.TestBase -- STARTED: [validateCityWithIncorrectData]
23:58:57.126 [Test worker] INFO  allcom_testng.tests.TestBase -- PASSED: [validateCityWithIncorrectData], with VALUES: [В ]
23:58:57.126 [Test worker] INFO  allcom_testng.tests.TestBase -- STARTED: [validateCityWithIncorrectData]
23:58:58.767 [Test worker] INFO  allcom_testng.tests.TestBase -- PASSED: [validateCityWithIncorrectData], with VALUES: []
23:58:58.769 [Test worker] INFO  allcom_testng.tests.TestBase -- STARTED: [validateCityWithIncorrectData]
23:59:00.363 [Test worker] INFO  allcom_testng.tests.TestBase -- PASSED: [validateCityWithIncorrectData], with VALUES: [1]
23:59:00.364 [Test worker] INFO  allcom_testng.tests.TestBase -- STARTED: [validateCityWithIncorrectData]
23:59:01.923 [Test worker] INFO  allcom_testng.tests.TestBase -- PASSED: [validateCityWithIncorrectData], with VALUES: [s]
23:59:01.923 [Test worker] INFO  allcom_testng.tests.TestBase -- STARTED: [validateCityWithIncorrectData]
23:59:03.500 [Test worker] INFO  allcom_testng.tests.TestBase -- PASSED: [validateCityWithIncorrectData], with VALUES: [S]
23:59:03.500 [Test worker] INFO  allcom_testng.tests.TestBase -- STARTED: [validateCityWithIncorrectData]
23:59:05.349 [Test worker] INFO  allcom_testng.tests.TestBase -- PASSED: [validateCityWithIncorrectData], with VALUES: [С‹]
23:59:05.349 [Test worker] INFO  allcom_testng.tests.TestBase -- STARTED: [validateCityWithIncorrectData]
23:59:07.025 [Test worker] INFO  allcom_testng.tests.TestBase -- PASSED: [validateCityWithIncorrectData], with VALUES: [SС‹]
23:59:07.025 [Test worker] INFO  allcom_testng.tests.TestBase -- STARTED: [validateCityWithIncorrectData]
23:59:08.706 [Test worker] INFO  allcom_testng.tests.TestBase -- PASSED: [validateCityWithIncorrectData], with VALUES: [S1]
23:59:08.706 [Test worker] INFO  allcom_testng.tests.TestBase -- STARTED: [validateCityWithIncorrectData]
23:59:10.296 [Test worker] INFO  allcom_testng.tests.TestBase -- PASSED: [validateCityWithIncorrectData], with VALUES: [!]
23:59:10.296 [Test worker] INFO  allcom_testng.tests.TestBase -- STARTED: [validateCityWithIncorrectData]
23:59:11.874 [Test worker] INFO  allcom_testng.tests.TestBase -- PASSED: [validateCityWithIncorrectData], with VALUES: [@]
23:59:11.874 [Test worker] INFO  allcom_testng.tests.TestBase -- STARTED: [validateCityWithIncorrectData]
23:59:13.500 [Test worker] INFO  allcom_testng.tests.TestBase -- PASSED: [validateCityWithIncorrectData], with VALUES: [#]
23:59:13.500 [Test worker] INFO  allcom_testng.tests.TestBase -- STARTED: [validateCityWithIncorrectData]
23:59:15.174 [Test worker] INFO  allcom_testng.tests.TestBase -- PASSED: [validateCityWithIncorrectData], with VALUES: [Ass$]
23:59:15.174 [Test worker] INFO  allcom_testng.tests.TestBase -- STARTED: [validateCityWithIncorrectData]
23:59:16.901 [Test worker] INFO  allcom_testng.tests.TestBase -- PASSED: [validateCityWithIncorrectData], with VALUES: [ss%]
23:59:16.901 [Test worker] INFO  allcom_testng.tests.TestBase -- STARTED: [validateCityWithIncorrectData]
23:59:18.637 [Test worker] INFO  allcom_testng.tests.TestBase -- PASSED: [validateCityWithIncorrectData], with VALUES: [(]
23:59:18.639 [Test worker] INFO  allcom_testng.tests.TestBase -- STARTED: [validateCityWithIncorrectData]
23:59:20.376 [Test worker] INFO  allcom_testng.tests.TestBase -- PASSED: [validateCityWithIncorrectData], with VALUES: [<script></script>]
23:59:20.376 [Test worker] INFO  allcom_testng.tests.TestBase -- STARTED: [validateCityWithIncorrectData]
23:59:22.024 [Test worker] INFO  allcom_testng.tests.TestBase -- PASSED: [validateCityWithIncorrectData], with VALUES: [<input>]
23:59:22.024 [Test worker] INFO  allcom_testng.tests.TestBase -- STARTED: [validateCityWithIncorrectData]
23:59:23.636 [Test worker] INFO  allcom_testng.tests.TestBase -- PASSED: [validateCityWithIncorrectData], with VALUES: [0]
23:59:23.637 [Test worker] INFO  allcom_testng.tests.TestBase -- STARTED: [validateCompanyNameWithIncorrectData]
23:59:25.299 [Test worker] INFO  allcom_testng.tests.TestBase -- PASSED: [validateCompanyNameWithIncorrectData], with VALUES: []
23:59:25.299 [Test worker] INFO  allcom_testng.tests.TestBase -- STARTED: [validateCompanyNameWithIncorrectData]
23:59:27.029 [Test worker] INFO  allcom_testng.tests.TestBase -- PASSED: [validateCompanyNameWithIncorrectData], with VALUES: [В ]
23:59:27.029 [Test worker] INFO  allcom_testng.tests.TestBase -- STARTED: [validateCompanyNameWithIncorrectData]
23:59:28.725 [Test worker] INFO  allcom_testng.tests.TestBase -- PASSED: [validateCompanyNameWithIncorrectData], with VALUES: []
23:59:28.725 [Test worker] INFO  allcom_testng.tests.TestBase -- STARTED: [validateCompanyNameWithIncorrectData]
23:59:30.445 [Test worker] INFO  allcom_testng.tests.TestBase -- PASSED: [validateCompanyNameWithIncorrectData], with VALUES: [1]
23:59:30.446 [Test worker] INFO  allcom_testng.tests.TestBase -- STARTED: [validateCompanyNameWithIncorrectData]
23:59:32.036 [Test worker] INFO  allcom_testng.tests.TestBase -- PASSED: [validateCompanyNameWithIncorrectData], with VALUES: [s]
23:59:32.036 [Test worker] INFO  allcom_testng.tests.TestBase -- STARTED: [validateCompanyNameWithIncorrectData]
23:59:33.656 [Test worker] INFO  allcom_testng.tests.TestBase -- PASSED: [validateCompanyNameWithIncorrectData], with VALUES: [S]
23:59:33.656 [Test worker] INFO  allcom_testng.tests.TestBase -- STARTED: [validateCompanyNameWithIncorrectData]
23:59:35.322 [Test worker] INFO  allcom_testng.tests.TestBase -- PASSED: [validateCompanyNameWithIncorrectData], with VALUES: [С‹]
23:59:35.323 [Test worker] INFO  allcom_testng.tests.TestBase -- STARTED: [validateCompanyNameWithIncorrectData]
23:59:37.056 [Test worker] INFO  allcom_testng.tests.TestBase -- PASSED: [validateCompanyNameWithIncorrectData], with VALUES: [SС‹]
23:59:37.056 [Test worker] INFO  allcom_testng.tests.TestBase -- STARTED: [validateCompanyNameWithIncorrectData]
23:59:39.056 [Test worker] INFO  allcom_testng.tests.TestBase -- PASSED: [validateCompanyNameWithIncorrectData], with VALUES: [!]
23:59:39.057 [Test worker] INFO  allcom_testng.tests.TestBase -- STARTED: [validateCompanyNameWithIncorrectData]
23:59:40.690 [Test worker] INFO  allcom_testng.tests.TestBase -- PASSED: [validateCompanyNameWithIncorrectData], with VALUES: [@]
23:59:40.690 [Test worker] INFO  allcom_testng.tests.TestBase -- STARTED: [validateCompanyNameWithIncorrectData]
23:59:42.343 [Test worker] INFO  allcom_testng.tests.TestBase -- PASSED: [validateCompanyNameWithIncorrectData], with VALUES: [#]
23:59:42.343 [Test worker] INFO  allcom_testng.tests.TestBase -- STARTED: [validateCompanyNameWithIncorrectData]
23:59:43.951 [Test worker] INFO  allcom_testng.tests.TestBase -- PASSED: [validateCompanyNameWithIncorrectData], with VALUES: [(]
23:59:43.951 [Test worker] INFO  allcom_testng.tests.TestBase -- STARTED: [validateCompanyNameWithIncorrectData]
23:59:45.806 [Test worker] INFO  allcom_testng.tests.TestBase -- PASSED: [validateCompanyNameWithIncorrectData], with VALUES: [<script></script>]
23:59:45.806 [Test worker] INFO  allcom_testng.tests.TestBase -- STARTED: [validateCompanyNameWithIncorrectData]
23:59:47.579 [Test worker] INFO  allcom_testng.tests.TestBase -- PASSED: [validateCompanyNameWithIncorrectData], with VALUES: [<input>]
23:59:47.579 [Test worker] INFO  allcom_testng.tests.TestBase -- STARTED: [validateCompanyNameWithIncorrectData]
23:59:49.316 [Test worker] INFO  allcom_testng.tests.TestBase -- PASSED: [validateCompanyNameWithIncorrectData], with VALUES: [0]
23:59:49.317 [Test worker] INFO  allcom_testng.tests.TestBase -- STARTED: [validateCompanyPositionWithIncorrectData]
23:59:50.969 [Test worker] INFO  allcom_testng.tests.TestBase -- PASSED: [validateCompanyPositionWithIncorrectData], with VALUES: []
23:59:50.969 [Test worker] INFO  allcom_testng.tests.TestBase -- STARTED: [validateCompanyPositionWithIncorrectData]
23:59:52.606 [Test worker] INFO  allcom_testng.tests.TestBase -- PASSED: [validateCompanyPositionWithIncorrectData], with VALUES: [В ]
23:59:52.606 [Test worker] INFO  allcom_testng.tests.TestBase -- STARTED: [validateCompanyPositionWithIncorrectData]
23:59:54.231 [Test worker] INFO  allcom_testng.tests.TestBase -- PASSED: [validateCompanyPositionWithIncorrectData], with VALUES: []
23:59:54.231 [Test worker] INFO  allcom_testng.tests.TestBase -- STARTED: [validateCompanyPositionWithIncorrectData]
23:59:55.948 [Test worker] INFO  allcom_testng.tests.TestBase -- PASSED: [validateCompanyPositionWithIncorrectData], with VALUES: [1]
23:59:55.949 [Test worker] INFO  allcom_testng.tests.TestBase -- STARTED: [validateCompanyPositionWithIncorrectData]
23:59:57.719 [Test worker] INFO  allcom_testng.tests.TestBase -- PASSED: [validateCompanyPositionWithIncorrectData], with VALUES: [s]
23:59:57.719 [Test worker] INFO  allcom_testng.tests.TestBase -- STARTED: [validateCompanyPositionWithIncorrectData]
23:59:59.524 [Test worker] INFO  allcom_testng.tests.TestBase -- PASSED: [validateCompanyPositionWithIncorrectData], with VALUES: [S]
23:59:59.524 [Test worker] INFO  allcom_testng.tests.TestBase -- STARTED: [validateCompanyPositionWithIncorrectData]
00:00:01.194 [Test worker] INFO  allcom_testng.tests.TestBase -- PASSED: [validateCompanyPositionWithIncorrectData], with VALUES: [С‹]
00:00:01.195 [Test worker] INFO  allcom_testng.tests.TestBase -- STARTED: [validateCompanyPositionWithIncorrectData]
00:00:02.870 [Test worker] INFO  allcom_testng.tests.TestBase -- PASSED: [validateCompanyPositionWithIncorrectData], with VALUES: [SС‹]
00:00:02.870 [Test worker] INFO  allcom_testng.tests.TestBase -- STARTED: [validateCompanyPositionWithIncorrectData]
00:00:04.543 [Test worker] INFO  allcom_testng.tests.TestBase -- PASSED: [validateCompanyPositionWithIncorrectData], with VALUES: [!]
00:00:04.543 [Test worker] INFO  allcom_testng.tests.TestBase -- STARTED: [validateCompanyPositionWithIncorrectData]
00:00:06.316 [Test worker] INFO  allcom_testng.tests.TestBase -- PASSED: [validateCompanyPositionWithIncorrectData], with VALUES: [@]
00:00:06.316 [Test worker] INFO  allcom_testng.tests.TestBase -- STARTED: [validateCompanyPositionWithIncorrectData]
00:00:08.115 [Test worker] INFO  allcom_testng.tests.TestBase -- PASSED: [validateCompanyPositionWithIncorrectData], with VALUES: [#]
00:00:08.115 [Test worker] INFO  allcom_testng.tests.TestBase -- STARTED: [validateCompanyPositionWithIncorrectData]
00:00:09.966 [Test worker] INFO  allcom_testng.tests.TestBase -- PASSED: [validateCompanyPositionWithIncorrectData], with VALUES: [Ass$]
00:00:09.967 [Test worker] INFO  allcom_testng.tests.TestBase -- STARTED: [validateCompanyPositionWithIncorrectData]
00:00:11.609 [Test worker] INFO  allcom_testng.tests.TestBase -- PASSED: [validateCompanyPositionWithIncorrectData], with VALUES: [ss%]
00:00:11.609 [Test worker] INFO  allcom_testng.tests.TestBase -- STARTED: [validateCompanyPositionWithIncorrectData]
00:00:13.268 [Test worker] INFO  allcom_testng.tests.TestBase -- PASSED: [validateCompanyPositionWithIncorrectData], with VALUES: [(]
00:00:13.268 [Test worker] INFO  allcom_testng.tests.TestBase -- STARTED: [validateCompanyPositionWithIncorrectData]
00:00:15.026 [Test worker] INFO  allcom_testng.tests.TestBase -- PASSED: [validateCompanyPositionWithIncorrectData], with VALUES: [<script></script>]
00:00:15.027 [Test worker] INFO  allcom_testng.tests.TestBase -- STARTED: [validateCompanyPositionWithIncorrectData]
00:00:16.855 [Test worker] INFO  allcom_testng.tests.TestBase -- PASSED: [validateCompanyPositionWithIncorrectData], with VALUES: [<input>]
00:00:16.855 [Test worker] INFO  allcom_testng.tests.TestBase -- STARTED: [validateCompanyPositionWithIncorrectData]
00:00:18.648 [Test worker] INFO  allcom_testng.tests.TestBase -- PASSED: [validateCompanyPositionWithIncorrectData], with VALUES: [0]
00:00:18.648 [Test worker] INFO  allcom_testng.tests.TestBase -- STARTED: [validateComparePasswordsEqualityNegativeData]
00:00:20.137 [Test worker] INFO  allcom_testng.tests.TestBase -- PASSED: [validateComparePasswordsEqualityNegativeData], with VALUES: []
00:00:20.138 [Test worker] INFO  allcom_testng.tests.TestBase -- STARTED: [validateEmailWithIncorrectData]
00:00:21.721 [Test worker] INFO  allcom_testng.tests.TestBase -- PASSED: [validateEmailWithIncorrectData], with VALUES: [п»ї]
00:00:21.721 [Test worker] INFO  allcom_testng.tests.TestBase -- STARTED: [validateEmailWithIncorrectData]
00:00:23.332 [Test worker] INFO  allcom_testng.tests.TestBase -- PASSED: [validateEmailWithIncorrectData], with VALUES: []
00:00:23.332 [Test worker] INFO  allcom_testng.tests.TestBase -- STARTED: [validateEmailWithIncorrectData]
00:00:24.998 [Test worker] INFO  allcom_testng.tests.TestBase -- PASSED: [validateEmailWithIncorrectData], with VALUES: [testgmail.com]
00:00:24.999 [Test worker] INFO  allcom_testng.tests.TestBase -- STARTED: [validateEmailWithIncorrectData]
00:00:26.774 [Test worker] INFO  allcom_testng.tests.TestBase -- PASSED: [validateEmailWithIncorrectData], with VALUES: [test@.com]
00:00:26.774 [Test worker] INFO  allcom_testng.tests.TestBase -- STARTED: [validateEmailWithIncorrectData]
00:00:28.545 [Test worker] INFO  allcom_testng.tests.TestBase -- PASSED: [validateEmailWithIncorrectData], with VALUES: [test@gmailcom]
00:00:28.546 [Test worker] INFO  allcom_testng.tests.TestBase -- STARTED: [validateEmailWithIncorrectData]
00:00:30.289 [Test worker] INFO  allcom_testng.tests.TestBase -- PASSED: [validateEmailWithIncorrectData], with VALUES: [test@gmail.]
00:00:30.289 [Test worker] INFO  allcom_testng.tests.TestBase -- STARTED: [validateEmailWithIncorrectData]
00:00:31.914 [Test worker] INFO  allcom_testng.tests.TestBase -- PASSED: [validateEmailWithIncorrectData], with VALUES: [@gmail.com]
00:00:31.914 [Test worker] INFO  allcom_testng.tests.TestBase -- STARTED: [validateEmailWithIncorrectData]
00:00:33.583 [Test worker] INFO  allcom_testng.tests.TestBase -- PASSED: [validateEmailWithIncorrectData], with VALUES: [Fqpwiuery]
00:00:33.583 [Test worker] INFO  allcom_testng.tests.TestBase -- STARTED: [validateEmailWithIncorrectData]
00:00:35.255 [Test worker] INFO  allcom_testng.tests.TestBase -- PASSED: [validateEmailWithIncorrectData], with VALUES: [С†СѓРєС€РіРµС€РіР·]
00:00:35.256 [Test worker] INFO  allcom_testng.tests.TestBase -- STARTED: [validateEmailWithIncorrectData]
00:00:36.981 [Test worker] INFO  allcom_testng.tests.TestBase -- PASSED: [validateEmailWithIncorrectData], with VALUES: ["%^&()):"]
00:00:36.981 [Test worker] INFO  allcom_testng.tests.TestBase -- STARTED: [validateEmailWithIncorrectData]
00:00:38.744 [Test worker] INFO  allcom_testng.tests.TestBase -- PASSED: [validateEmailWithIncorrectData], with VALUES: [1]
00:00:38.744 [Test worker] INFO  allcom_testng.tests.TestBase -- STARTED: [validateEmailWithIncorrectData]
00:00:40.594 [Test worker] INFO  allcom_testng.tests.TestBase -- PASSED: [validateEmailWithIncorrectData], with VALUES: [С‚РµСЃС‚@gmail.com]
00:00:40.595 [Test worker] INFO  allcom_testng.tests.TestBase -- STARTED: [validateEmailWithIncorrectData]
00:00:42.477 [Test worker] INFO  allcom_testng.tests.TestBase -- PASSED: [validateEmailWithIncorrectData], with VALUES: [SELECT* FROM]
00:00:42.477 [Test worker] INFO  allcom_testng.tests.TestBase -- STARTED: [validateEmailWithIncorrectData]
00:00:44.186 [Test worker] INFO  allcom_testng.tests.TestBase -- PASSED: [validateEmailWithIncorrectData], with VALUES: [test@@gmail.com]
00:00:44.186 [Test worker] INFO  allcom_testng.tests.TestBase -- STARTED: [validateEmailWithIncorrectData]
00:00:45.890 [Test worker] INFO  allcom_testng.tests.TestBase -- PASSED: [validateEmailWithIncorrectData], with VALUES: [www.telran.com]
00:00:45.890 [Test worker] INFO  allcom_testng.tests.TestBase -- STARTED: [validateEmailWithIncorrectData]
00:00:47.722 [Test worker] INFO  allcom_testng.tests.TestBase -- PASSED: [validateEmailWithIncorrectData], with VALUES: [tes t@gmail.com]
00:00:47.722 [Test worker] INFO  allcom_testng.tests.TestBase -- STARTED: [validateEmailWithIncorrectData]
00:00:49.794 [Test worker] INFO  allcom_testng.tests.TestBase -- PASSED: [validateEmailWithIncorrectData], with VALUES: [test@ gmail.com]
00:00:49.794 [Test worker] INFO  allcom_testng.tests.TestBase -- STARTED: [validateEmailWithIncorrectData]
00:00:51.710 [Test worker] INFO  allcom_testng.tests.TestBase -- PASSED: [validateEmailWithIncorrectData], with VALUES: [test@gmail .com]
00:00:51.710 [Test worker] INFO  allcom_testng.tests.TestBase -- STARTED: [validateEmailWithIncorrectData]
00:00:53.425 [Test worker] INFO  allcom_testng.tests.TestBase -- PASSED: [validateEmailWithIncorrectData], with VALUES: [test@gmail. com]
00:00:53.425 [Test worker] INFO  allcom_testng.tests.TestBase -- STARTED: [validateEmailWithIncorrectData]
00:00:55.194 [Test worker] INFO  allcom_testng.tests.TestBase -- PASSED: [validateEmailWithIncorrectData], with VALUES: [<script></script>]
00:00:55.194 [Test worker] INFO  allcom_testng.tests.TestBase -- STARTED: [validateEmailWithIncorrectData]
00:00:57.006 [Test worker] INFO  allcom_testng.tests.TestBase -- PASSED: [validateEmailWithIncorrectData], with VALUES: [<input>]
00:00:57.006 [Test worker] INFO  allcom_testng.tests.TestBase -- STARTED: [validateEmailWithIncorrectData]
00:00:58.773 [Test worker] INFO  allcom_testng.tests.TestBase -- PASSED: [validateEmailWithIncorrectData], with VALUES: [0]
00:00:58.775 [Test worker] INFO  allcom_testng.tests.TestBase -- STARTED: [validateFirstNameWithIncorrectData]
00:01:00.569 [Test worker] INFO  allcom_testng.tests.TestBase -- PASSED: [validateFirstNameWithIncorrectData], with VALUES: []
00:01:00.570 [Test worker] INFO  allcom_testng.tests.TestBase -- STARTED: [validateFirstNameWithIncorrectData]
00:01:02.263 [Test worker] INFO  allcom_testng.tests.TestBase -- PASSED: [validateFirstNameWithIncorrectData], with VALUES: [В ]
00:01:02.264 [Test worker] INFO  allcom_testng.tests.TestBase -- STARTED: [validateFirstNameWithIncorrectData]
00:01:03.941 [Test worker] INFO  allcom_testng.tests.TestBase -- PASSED: [validateFirstNameWithIncorrectData], with VALUES: []
00:01:03.942 [Test worker] INFO  allcom_testng.tests.TestBase -- STARTED: [validateFirstNameWithIncorrectData]
00:01:05.596 [Test worker] INFO  allcom_testng.tests.TestBase -- PASSED: [validateFirstNameWithIncorrectData], with VALUES: [1]
00:01:05.596 [Test worker] INFO  allcom_testng.tests.TestBase -- STARTED: [validateFirstNameWithIncorrectData]
00:01:07.307 [Test worker] INFO  allcom_testng.tests.TestBase -- PASSED: [validateFirstNameWithIncorrectData], with VALUES: [s]
00:01:07.307 [Test worker] INFO  allcom_testng.tests.TestBase -- STARTED: [validateFirstNameWithIncorrectData]
00:01:09.126 [Test worker] INFO  allcom_testng.tests.TestBase -- PASSED: [validateFirstNameWithIncorrectData], with VALUES: [S]
00:01:09.127 [Test worker] INFO  allcom_testng.tests.TestBase -- STARTED: [validateFirstNameWithIncorrectData]
00:01:10.922 [Test worker] INFO  allcom_testng.tests.TestBase -- PASSED: [validateFirstNameWithIncorrectData], with VALUES: [С‹]
00:01:10.922 [Test worker] INFO  allcom_testng.tests.TestBase -- STARTED: [validateFirstNameWithIncorrectData]
00:01:12.622 [Test worker] INFO  allcom_testng.tests.TestBase -- PASSED: [validateFirstNameWithIncorrectData], with VALUES: [SС‹]
00:01:12.622 [Test worker] INFO  allcom_testng.tests.TestBase -- STARTED: [validateFirstNameWithIncorrectData]
00:01:14.335 [Test worker] INFO  allcom_testng.tests.TestBase -- PASSED: [validateFirstNameWithIncorrectData], with VALUES: [S1]
00:01:14.335 [Test worker] INFO  allcom_testng.tests.TestBase -- STARTED: [validateFirstNameWithIncorrectData]
00:01:16.065 [Test worker] INFO  allcom_testng.tests.TestBase -- PASSED: [validateFirstNameWithIncorrectData], with VALUES: [!]
00:01:16.065 [Test worker] INFO  allcom_testng.tests.TestBase -- STARTED: [validateFirstNameWithIncorrectData]
00:01:17.784 [Test worker] INFO  allcom_testng.tests.TestBase -- PASSED: [validateFirstNameWithIncorrectData], with VALUES: [@]
00:01:17.784 [Test worker] INFO  allcom_testng.tests.TestBase -- STARTED: [validateFirstNameWithIncorrectData]
00:01:19.588 [Test worker] INFO  allcom_testng.tests.TestBase -- PASSED: [validateFirstNameWithIncorrectData], with VALUES: [#]
00:01:19.589 [Test worker] INFO  allcom_testng.tests.TestBase -- STARTED: [validateFirstNameWithIncorrectData]
00:01:21.409 [Test worker] INFO  allcom_testng.tests.TestBase -- PASSED: [validateFirstNameWithIncorrectData], with VALUES: [Ass$]
00:01:21.409 [Test worker] INFO  allcom_testng.tests.TestBase -- STARTED: [validateFirstNameWithIncorrectData]
00:01:23.085 [Test worker] INFO  allcom_testng.tests.TestBase -- PASSED: [validateFirstNameWithIncorrectData], with VALUES: [ss%]
00:01:23.085 [Test worker] INFO  allcom_testng.tests.TestBase -- STARTED: [validateFirstNameWithIncorrectData]
00:01:24.762 [Test worker] INFO  allcom_testng.tests.TestBase -- PASSED: [validateFirstNameWithIncorrectData], with VALUES: [(]
00:01:24.763 [Test worker] INFO  allcom_testng.tests.TestBase -- STARTED: [validateFirstNameWithIncorrectData]
00:01:26.545 [Test worker] INFO  allcom_testng.tests.TestBase -- PASSED: [validateFirstNameWithIncorrectData], with VALUES: [<script></script>]
00:01:26.545 [Test worker] INFO  allcom_testng.tests.TestBase -- STARTED: [validateFirstNameWithIncorrectData]
00:01:28.398 [Test worker] INFO  allcom_testng.tests.TestBase -- PASSED: [validateFirstNameWithIncorrectData], with VALUES: [<input>]
00:01:28.399 [Test worker] INFO  allcom_testng.tests.TestBase -- STARTED: [validateFirstNameWithIncorrectData]
00:01:30.244 [Test worker] INFO  allcom_testng.tests.TestBase -- PASSED: [validateFirstNameWithIncorrectData], with VALUES: [0]
00:01:30.246 [Test worker] INFO  allcom_testng.tests.TestBase -- STARTED: [validateHouseNumberWithIncorrectData]
00:01:32.220 [Test worker] INFO  allcom_testng.tests.TestBase -- PASSED: [validateHouseNumberWithIncorrectData], with VALUES: [В ]
00:01:32.221 [Test worker] INFO  allcom_testng.tests.TestBase -- STARTED: [validateHouseNumberWithIncorrectData]
00:01:34.021 [Test worker] INFO  allcom_testng.tests.TestBase -- PASSED: [validateHouseNumberWithIncorrectData], with VALUES: []
00:01:34.021 [Test worker] INFO  allcom_testng.tests.TestBase -- STARTED: [validateHouseNumberWithIncorrectData]
00:01:35.844 [Test worker] INFO  allcom_testng.tests.TestBase -- PASSED: [validateHouseNumberWithIncorrectData], with VALUES: [С‹]
00:01:35.845 [Test worker] INFO  allcom_testng.tests.TestBase -- STARTED: [validateHouseNumberWithIncorrectData]
00:01:37.763 [Test worker] INFO  allcom_testng.tests.TestBase -- PASSED: [validateHouseNumberWithIncorrectData], with VALUES: [СЏ]
00:01:37.763 [Test worker] INFO  allcom_testng.tests.TestBase -- STARTED: [validateHouseNumberWithIncorrectData]
00:01:39.692 [Test worker] INFO  allcom_testng.tests.TestBase -- PASSED: [validateHouseNumberWithIncorrectData], with VALUES: [С‹]
00:01:39.692 [Test worker] INFO  allcom_testng.tests.TestBase -- STARTED: [validateHouseNumberWithIncorrectData]
00:01:41.679 [Test worker] INFO  allcom_testng.tests.TestBase -- PASSED: [validateHouseNumberWithIncorrectData], with VALUES: [С‘]
00:01:41.679 [Test worker] INFO  allcom_testng.tests.TestBase -- STARTED: [validateHouseNumberWithIncorrectData]
00:01:43.498 [Test worker] INFO  allcom_testng.tests.TestBase -- PASSED: [validateHouseNumberWithIncorrectData], with VALUES: [SС‹]
00:01:43.498 [Test worker] INFO  allcom_testng.tests.TestBase -- STARTED: [validateHouseNumberWithIncorrectData]
00:01:45.331 [Test worker] INFO  allcom_testng.tests.TestBase -- PASSED: [validateHouseNumberWithIncorrectData], with VALUES: [!]
00:01:45.332 [Test worker] INFO  allcom_testng.tests.TestBase -- STARTED: [validateHouseNumberWithIncorrectData]
00:01:47.209 [Test worker] INFO  allcom_testng.tests.TestBase -- PASSED: [validateHouseNumberWithIncorrectData], with VALUES: [@]
00:01:47.209 [Test worker] INFO  allcom_testng.tests.TestBase -- STARTED: [validateHouseNumberWithIncorrectData]
00:01:49.235 [Test worker] INFO  allcom_testng.tests.TestBase -- PASSED: [validateHouseNumberWithIncorrectData], with VALUES: [Ass$]
00:01:49.235 [Test worker] INFO  allcom_testng.tests.TestBase -- STARTED: [validateHouseNumberWithIncorrectData]
00:01:51.192 [Test worker] INFO  allcom_testng.tests.TestBase -- PASSED: [validateHouseNumberWithIncorrectData], with VALUES: [ss%]
00:01:51.192 [Test worker] INFO  allcom_testng.tests.TestBase -- STARTED: [validateHouseNumberWithIncorrectData]
00:01:53.065 [Test worker] INFO  allcom_testng.tests.TestBase -- PASSED: [validateHouseNumberWithIncorrectData], with VALUES: [(]
00:01:53.065 [Test worker] INFO  allcom_testng.tests.TestBase -- STARTED: [validateHouseNumberWithIncorrectData]
00:01:54.916 [Test worker] INFO  allcom_testng.tests.TestBase -- PASSED: [validateHouseNumberWithIncorrectData], with VALUES: [(1]
00:01:54.917 [Test worker] INFO  allcom_testng.tests.TestBase -- STARTED: [validateHouseNumberWithIncorrectData]
00:01:56.822 [Test worker] INFO  allcom_testng.tests.TestBase -- PASSED: [validateHouseNumberWithIncorrectData], with VALUES: [<script></script>]
00:01:56.822 [Test worker] INFO  allcom_testng.tests.TestBase -- STARTED: [validateHouseNumberWithIncorrectData]
00:01:58.842 [Test worker] INFO  allcom_testng.tests.TestBase -- PASSED: [validateHouseNumberWithIncorrectData], with VALUES: [<input>]
00:01:58.843 [Test worker] INFO  allcom_testng.tests.TestBase -- STARTED: [validateLastNameWithIncorrectData]
00:02:00.844 [Test worker] INFO  allcom_testng.tests.TestBase -- PASSED: [validateLastNameWithIncorrectData], with VALUES: []
00:02:00.844 [Test worker] INFO  allcom_testng.tests.TestBase -- STARTED: [validateLastNameWithIncorrectData]
00:02:02.770 [Test worker] INFO  allcom_testng.tests.TestBase -- PASSED: [validateLastNameWithIncorrectData], with VALUES: [В ]
00:02:02.770 [Test worker] INFO  allcom_testng.tests.TestBase -- STARTED: [validateLastNameWithIncorrectData]
00:02:04.462 [Test worker] INFO  allcom_testng.tests.TestBase -- PASSED: [validateLastNameWithIncorrectData], with VALUES: []
00:02:04.462 [Test worker] INFO  allcom_testng.tests.TestBase -- STARTED: [validateLastNameWithIncorrectData]
00:02:06.217 [Test worker] INFO  allcom_testng.tests.TestBase -- PASSED: [validateLastNameWithIncorrectData], with VALUES: [1]
00:02:06.218 [Test worker] INFO  allcom_testng.tests.TestBase -- STARTED: [validateLastNameWithIncorrectData]
00:02:08.024 [Test worker] INFO  allcom_testng.tests.TestBase -- PASSED: [validateLastNameWithIncorrectData], with VALUES: [s]
00:02:08.025 [Test worker] INFO  allcom_testng.tests.TestBase -- STARTED: [validateLastNameWithIncorrectData]
00:02:09.842 [Test worker] INFO  allcom_testng.tests.TestBase -- PASSED: [validateLastNameWithIncorrectData], with VALUES: [S]
00:02:09.842 [Test worker] INFO  allcom_testng.tests.TestBase -- STARTED: [validateLastNameWithIncorrectData]
00:02:11.760 [Test worker] INFO  allcom_testng.tests.TestBase -- PASSED: [validateLastNameWithIncorrectData], with VALUES: [С‹]
00:02:11.761 [Test worker] INFO  allcom_testng.tests.TestBase -- STARTED: [validateLastNameWithIncorrectData]
00:02:13.708 [Test worker] INFO  allcom_testng.tests.TestBase -- PASSED: [validateLastNameWithIncorrectData], with VALUES: [SС‹]
00:02:13.708 [Test worker] INFO  allcom_testng.tests.TestBase -- STARTED: [validateLastNameWithIncorrectData]
00:02:15.409 [Test worker] INFO  allcom_testng.tests.TestBase -- PASSED: [validateLastNameWithIncorrectData], with VALUES: [S1]
00:02:15.409 [Test worker] INFO  allcom_testng.tests.TestBase -- STARTED: [validateLastNameWithIncorrectData]
00:02:17.212 [Test worker] INFO  allcom_testng.tests.TestBase -- PASSED: [validateLastNameWithIncorrectData], with VALUES: [!]
00:02:17.212 [Test worker] INFO  allcom_testng.tests.TestBase -- STARTED: [validateLastNameWithIncorrectData]
00:02:18.969 [Test worker] INFO  allcom_testng.tests.TestBase -- PASSED: [validateLastNameWithIncorrectData], with VALUES: [@]
00:02:18.970 [Test worker] INFO  allcom_testng.tests.TestBase -- STARTED: [validateLastNameWithIncorrectData]
00:02:20.695 [Test worker] INFO  allcom_testng.tests.TestBase -- PASSED: [validateLastNameWithIncorrectData], with VALUES: [#]
00:02:20.695 [Test worker] INFO  allcom_testng.tests.TestBase -- STARTED: [validateLastNameWithIncorrectData]
00:02:22.419 [Test worker] INFO  allcom_testng.tests.TestBase -- PASSED: [validateLastNameWithIncorrectData], with VALUES: [Ass$]
00:02:22.419 [Test worker] INFO  allcom_testng.tests.TestBase -- STARTED: [validateLastNameWithIncorrectData]
00:02:24.190 [Test worker] INFO  allcom_testng.tests.TestBase -- PASSED: [validateLastNameWithIncorrectData], with VALUES: [ss%]
00:02:24.190 [Test worker] INFO  allcom_testng.tests.TestBase -- STARTED: [validateLastNameWithIncorrectData]
00:02:25.916 [Test worker] INFO  allcom_testng.tests.TestBase -- PASSED: [validateLastNameWithIncorrectData], with VALUES: [(]
00:02:25.916 [Test worker] INFO  allcom_testng.tests.TestBase -- STARTED: [validateLastNameWithIncorrectData]
00:02:27.853 [Test worker] INFO  allcom_testng.tests.TestBase -- PASSED: [validateLastNameWithIncorrectData], with VALUES: [<script></script>]
00:02:27.853 [Test worker] INFO  allcom_testng.tests.TestBase -- STARTED: [validateLastNameWithIncorrectData]
00:02:29.824 [Test worker] INFO  allcom_testng.tests.TestBase -- PASSED: [validateLastNameWithIncorrectData], with VALUES: [<input>]
00:02:29.824 [Test worker] INFO  allcom_testng.tests.TestBase -- STARTED: [validateLastNameWithIncorrectData]
00:02:31.702 [Test worker] INFO  allcom_testng.tests.TestBase -- PASSED: [validateLastNameWithIncorrectData], with VALUES: [0]
00:02:31.703 [Test worker] INFO  allcom_testng.tests.TestBase -- STARTED: [validatePasswordConfirmWithIncorrectData]
00:02:33.511 [Test worker] INFO  allcom_testng.tests.TestBase -- PASSED: [validatePasswordConfirmWithIncorrectData], with VALUES: [п»їTes123]
00:02:33.512 [Test worker] INFO  allcom_testng.tests.TestBase -- STARTED: [validatePasswordConfirmWithIncorrectData]
00:02:35.346 [Test worker] INFO  allcom_testng.tests.TestBase -- PASSED: [validatePasswordConfirmWithIncorrectData], with VALUES: [Tes1234]
00:02:35.346 [Test worker] INFO  allcom_testng.tests.TestBase -- STARTED: [validatePasswordConfirmWithIncorrectData]
00:02:37.483 [Test worker] INFO  allcom_testng.tests.TestBase -- PASSED: [validatePasswordConfirmWithIncorrectData], with VALUES: [Test1234555555555555555555555555555555555555555555555555555555555555555555555555555555555555]
00:02:37.483 [Test worker] INFO  allcom_testng.tests.TestBase -- STARTED: [validatePasswordConfirmWithIncorrectData]
00:02:39.375 [Test worker] INFO  allcom_testng.tests.TestBase -- PASSED: [validatePasswordConfirmWithIncorrectData], with VALUES: [1]
00:02:39.375 [Test worker] INFO  allcom_testng.tests.TestBase -- STARTED: [validatePasswordConfirmWithIncorrectData]
00:02:41.316 [Test worker] INFO  allcom_testng.tests.TestBase -- PASSED: [validatePasswordConfirmWithIncorrectData], with VALUES: [*&^(*&%$##@]
00:02:41.316 [Test worker] INFO  allcom_testng.tests.TestBase -- STARTED: [validatePasswordConfirmWithIncorrectData]
00:02:43.102 [Test worker] INFO  allcom_testng.tests.TestBase -- PASSED: [validatePasswordConfirmWithIncorrectData], with VALUES: [Qwertyuiop@1С‹]
00:02:43.102 [Test worker] INFO  allcom_testng.tests.TestBase -- STARTED: [validatePasswordConfirmWithIncorrectData]
00:02:44.957 [Test worker] INFO  allcom_testng.tests.TestBase -- PASSED: [validatePasswordConfirmWithIncorrectData], with VALUES: [Р¤Р«Р’РђРђРџРєРіСѓС‰СѓС†Р·]
00:02:44.957 [Test worker] INFO  allcom_testng.tests.TestBase -- STARTED: [validatePasswordConfirmWithIncorrectData]
00:02:46.776 [Test worker] INFO  allcom_testng.tests.TestBase -- PASSED: [validatePasswordConfirmWithIncorrectData], with VALUES: [Test 12345!]
00:02:46.776 [Test worker] INFO  allcom_testng.tests.TestBase -- STARTED: [validatePasswordConfirmWithIncorrectData]
00:02:48.705 [Test worker] INFO  allcom_testng.tests.TestBase -- PASSED: [validatePasswordConfirmWithIncorrectData], with VALUES: [SELECT* FROM]
00:02:48.705 [Test worker] INFO  allcom_testng.tests.TestBase -- STARTED: [validatePasswordConfirmWithIncorrectData]
00:02:50.649 [Test worker] INFO  allcom_testng.tests.TestBase -- PASSED: [validatePasswordConfirmWithIncorrectData], with VALUES: [www.gmail.com]
00:02:50.650 [Test worker] INFO  allcom_testng.tests.TestBase -- STARTED: [validatePasswordConfirmWithIncorrectData]
00:02:52.520 [Test worker] INFO  allcom_testng.tests.TestBase -- PASSED: [validatePasswordConfirmWithIncorrectData], with VALUES: []
00:02:52.520 [Test worker] INFO  allcom_testng.tests.TestBase -- STARTED: [validatePasswordConfirmWithIncorrectData]
00:02:54.316 [Test worker] INFO  allcom_testng.tests.TestBase -- PASSED: [validatePasswordConfirmWithIncorrectData], with VALUES: [В ]
00:02:54.316 [Test worker] INFO  allcom_testng.tests.TestBase -- STARTED: [validatePasswordConfirmWithIncorrectData]
00:02:56.047 [Test worker] INFO  allcom_testng.tests.TestBase -- PASSED: [validatePasswordConfirmWithIncorrectData], with VALUES: []
00:02:56.047 [Test worker] INFO  allcom_testng.tests.TestBase -- STARTED: [validatePasswordConfirmWithIncorrectData]
00:02:57.865 [Test worker] INFO  allcom_testng.tests.TestBase -- PASSED: [validatePasswordConfirmWithIncorrectData], with VALUES: [0]
00:02:57.865 [Test worker] INFO  allcom_testng.tests.TestBase -- STARTED: [validatePasswordConfirmWithIncorrectData]
00:02:59.809 [Test worker] INFO  allcom_testng.tests.TestBase -- PASSED: [validatePasswordConfirmWithIncorrectData], with VALUES: [<input>]
00:02:59.809 [Test worker] INFO  allcom_testng.tests.TestBase -- STARTED: [validatePasswordConfirmWithIncorrectData]
00:03:01.868 [Test worker] INFO  allcom_testng.tests.TestBase -- PASSED: [validatePasswordConfirmWithIncorrectData], with VALUES: [<script></script>]
00:03:01.868 [Test worker] INFO  allcom_testng.tests.TestBase -- STARTED: [validatePasswordConfirmWithIncorrectData]
00:03:03.660 [Test worker] INFO  allcom_testng.tests.TestBase -- PASSED: [validatePasswordConfirmWithIncorrectData], with VALUES: [11111E+12]
00:03:03.661 [Test worker] INFO  allcom_testng.tests.TestBase -- STARTED: [validatePasswordWithIncorrectData]
00:03:05.505 [Test worker] INFO  allcom_testng.tests.TestBase -- PASSED: [validatePasswordWithIncorrectData], with VALUES: [п»їTes123]
00:03:05.505 [Test worker] INFO  allcom_testng.tests.TestBase -- STARTED: [validatePasswordWithIncorrectData]
00:03:07.339 [Test worker] INFO  allcom_testng.tests.TestBase -- PASSED: [validatePasswordWithIncorrectData], with VALUES: [Tes1234]
00:03:07.339 [Test worker] INFO  allcom_testng.tests.TestBase -- STARTED: [validatePasswordWithIncorrectData]
00:03:09.597 [Test worker] INFO  allcom_testng.tests.TestBase -- PASSED: [validatePasswordWithIncorrectData], with VALUES: [Test1234555555555555555555555555555555555555555555555555555555555555555555555555555555555555]
00:03:09.597 [Test worker] INFO  allcom_testng.tests.TestBase -- STARTED: [validatePasswordWithIncorrectData]
00:03:11.463 [Test worker] INFO  allcom_testng.tests.TestBase -- PASSED: [validatePasswordWithIncorrectData], with VALUES: [1]
00:03:11.463 [Test worker] INFO  allcom_testng.tests.TestBase -- STARTED: [validatePasswordWithIncorrectData]
00:03:13.327 [Test worker] INFO  allcom_testng.tests.TestBase -- PASSED: [validatePasswordWithIncorrectData], with VALUES: [*&^(*&%$##@]
00:03:13.327 [Test worker] INFO  allcom_testng.tests.TestBase -- STARTED: [validatePasswordWithIncorrectData]
00:03:15.214 [Test worker] INFO  allcom_testng.tests.TestBase -- PASSED: [validatePasswordWithIncorrectData], with VALUES: [Qwertyuiop@1С‹]
00:03:15.214 [Test worker] INFO  allcom_testng.tests.TestBase -- STARTED: [validatePasswordWithIncorrectData]
00:03:17.120 [Test worker] INFO  allcom_testng.tests.TestBase -- PASSED: [validatePasswordWithIncorrectData], with VALUES: [Р¤Р«Р’РђРђРџРєРіСѓС‰СѓС†Р·]
00:03:17.121 [Test worker] INFO  allcom_testng.tests.TestBase -- STARTED: [validatePasswordWithIncorrectData]
00:03:19.093 [Test worker] INFO  allcom_testng.tests.TestBase -- PASSED: [validatePasswordWithIncorrectData], with VALUES: [Test 12345!]
00:03:19.093 [Test worker] INFO  allcom_testng.tests.TestBase -- STARTED: [validatePasswordWithIncorrectData]
00:03:21.073 [Test worker] INFO  allcom_testng.tests.TestBase -- PASSED: [validatePasswordWithIncorrectData], with VALUES: [SELECT* FROM]
00:03:21.074 [Test worker] INFO  allcom_testng.tests.TestBase -- STARTED: [validatePasswordWithIncorrectData]
00:03:23.020 [Test worker] INFO  allcom_testng.tests.TestBase -- PASSED: [validatePasswordWithIncorrectData], with VALUES: [www.gmail.com]
00:03:23.021 [Test worker] INFO  allcom_testng.tests.TestBase -- STARTED: [validatePasswordWithIncorrectData]
00:03:24.804 [Test worker] INFO  allcom_testng.tests.TestBase -- PASSED: [validatePasswordWithIncorrectData], with VALUES: []
00:03:24.804 [Test worker] INFO  allcom_testng.tests.TestBase -- STARTED: [validatePasswordWithIncorrectData]
00:03:26.635 [Test worker] INFO  allcom_testng.tests.TestBase -- PASSED: [validatePasswordWithIncorrectData], with VALUES: [В ]
00:03:26.635 [Test worker] INFO  allcom_testng.tests.TestBase -- STARTED: [validatePasswordWithIncorrectData]
00:03:28.532 [Test worker] INFO  allcom_testng.tests.TestBase -- PASSED: [validatePasswordWithIncorrectData], with VALUES: []
00:03:28.533 [Test worker] INFO  allcom_testng.tests.TestBase -- STARTED: [validatePasswordWithIncorrectData]
00:03:30.685 [Test worker] INFO  allcom_testng.tests.TestBase -- PASSED: [validatePasswordWithIncorrectData], with VALUES: [0]
00:03:30.685 [Test worker] INFO  allcom_testng.tests.TestBase -- STARTED: [validatePasswordWithIncorrectData]
00:03:32.623 [Test worker] INFO  allcom_testng.tests.TestBase -- PASSED: [validatePasswordWithIncorrectData], with VALUES: [<input>]
00:03:32.623 [Test worker] INFO  allcom_testng.tests.TestBase -- STARTED: [validatePasswordWithIncorrectData]
00:03:34.544 [Test worker] INFO  allcom_testng.tests.TestBase -- PASSED: [validatePasswordWithIncorrectData], with VALUES: [<script></script>]
00:03:34.545 [Test worker] INFO  allcom_testng.tests.TestBase -- STARTED: [validatePasswordWithIncorrectData]
00:03:36.416 [Test worker] INFO  allcom_testng.tests.TestBase -- PASSED: [validatePasswordWithIncorrectData], with VALUES: [11111E+12]
00:03:36.417 [Test worker] INFO  allcom_testng.tests.TestBase -- STARTED: [validatePhoneWithIncorrectData]
00:03:38.283 [Test worker] INFO  allcom_testng.tests.TestBase -- PASSED: [validatePhoneWithIncorrectData], with VALUES: []
00:03:38.283 [Test worker] INFO  allcom_testng.tests.TestBase -- STARTED: [validatePhoneWithIncorrectData]
00:03:40.256 [Test worker] INFO  allcom_testng.tests.TestBase -- PASSED: [validatePhoneWithIncorrectData], with VALUES: [В ]
00:03:40.256 [Test worker] INFO  allcom_testng.tests.TestBase -- STARTED: [validatePhoneWithIncorrectData]
00:03:42.190 [Test worker] INFO  allcom_testng.tests.TestBase -- PASSED: [validatePhoneWithIncorrectData], with VALUES: []
00:03:42.191 [Test worker] INFO  allcom_testng.tests.TestBase -- STARTED: [validatePhoneWithIncorrectData]
00:03:43.984 [Test worker] INFO  allcom_testng.tests.TestBase -- PASSED: [validatePhoneWithIncorrectData], with VALUES: [1]
00:03:43.984 [Test worker] INFO  allcom_testng.tests.TestBase -- STARTED: [validatePhoneWithIncorrectData]
00:03:45.806 [Test worker] INFO  allcom_testng.tests.TestBase -- PASSED: [validatePhoneWithIncorrectData], with VALUES: [s]
00:03:45.806 [Test worker] INFO  allcom_testng.tests.TestBase -- STARTED: [validatePhoneWithIncorrectData]
00:03:47.667 [Test worker] INFO  allcom_testng.tests.TestBase -- PASSED: [validatePhoneWithIncorrectData], with VALUES: [S]
00:03:47.667 [Test worker] INFO  allcom_testng.tests.TestBase -- STARTED: [validatePhoneWithIncorrectData]
00:03:49.666 [Test worker] INFO  allcom_testng.tests.TestBase -- PASSED: [validatePhoneWithIncorrectData], with VALUES: [С‹]
00:03:49.666 [Test worker] INFO  allcom_testng.tests.TestBase -- STARTED: [validatePhoneWithIncorrectData]
00:03:51.629 [Test worker] INFO  allcom_testng.tests.TestBase -- PASSED: [validatePhoneWithIncorrectData], with VALUES: [SС‹]
00:03:51.629 [Test worker] INFO  allcom_testng.tests.TestBase -- STARTED: [validatePhoneWithIncorrectData]
00:03:53.564 [Test worker] INFO  allcom_testng.tests.TestBase -- PASSED: [validatePhoneWithIncorrectData], with VALUES: [S1]
00:03:53.564 [Test worker] INFO  allcom_testng.tests.TestBase -- STARTED: [validatePhoneWithIncorrectData]
00:03:55.366 [Test worker] INFO  allcom_testng.tests.TestBase -- PASSED: [validatePhoneWithIncorrectData], with VALUES: [!]
00:03:55.366 [Test worker] INFO  allcom_testng.tests.TestBase -- STARTED: [validatePhoneWithIncorrectData]
00:03:57.190 [Test worker] INFO  allcom_testng.tests.TestBase -- PASSED: [validatePhoneWithIncorrectData], with VALUES: [@]
00:03:57.190 [Test worker] INFO  allcom_testng.tests.TestBase -- STARTED: [validatePhoneWithIncorrectData]
00:03:59.133 [Test worker] INFO  allcom_testng.tests.TestBase -- PASSED: [validatePhoneWithIncorrectData], with VALUES: [#]
00:03:59.133 [Test worker] INFO  allcom_testng.tests.TestBase -- STARTED: [validatePhoneWithIncorrectData]
00:04:01.087 [Test worker] INFO  allcom_testng.tests.TestBase -- PASSED: [validatePhoneWithIncorrectData], with VALUES: [Ass$]
00:04:01.088 [Test worker] INFO  allcom_testng.tests.TestBase -- STARTED: [validatePhoneWithIncorrectData]
00:04:03.039 [Test worker] INFO  allcom_testng.tests.TestBase -- PASSED: [validatePhoneWithIncorrectData], with VALUES: [ss%]
00:04:03.039 [Test worker] INFO  allcom_testng.tests.TestBase -- STARTED: [validatePhoneWithIncorrectData]
00:04:04.863 [Test worker] INFO  allcom_testng.tests.TestBase -- PASSED: [validatePhoneWithIncorrectData], with VALUES: [(]
00:04:04.863 [Test worker] INFO  allcom_testng.tests.TestBase -- STARTED: [validatePhoneWithIncorrectData]
00:04:06.783 [Test worker] INFO  allcom_testng.tests.TestBase -- PASSED: [validatePhoneWithIncorrectData], with VALUES: [<script></script>]
00:04:06.784 [Test worker] INFO  allcom_testng.tests.TestBase -- STARTED: [validatePhoneWithIncorrectData]
00:04:08.653 [Test worker] INFO  allcom_testng.tests.TestBase -- PASSED: [validatePhoneWithIncorrectData], with VALUES: [<input>]
00:04:08.653 [Test worker] INFO  allcom_testng.tests.TestBase -- STARTED: [validatePhoneWithIncorrectData]
00:04:10.635 [Test worker] INFO  allcom_testng.tests.TestBase -- PASSED: [validatePhoneWithIncorrectData], with VALUES: [0]
00:04:10.637 [Test worker] INFO  allcom_testng.tests.TestBase -- STARTED: [validatePhoneWithIncorrectData]
00:04:12.664 [Test worker] INFO  allcom_testng.tests.TestBase -- PASSED: [validatePhoneWithIncorrectData], with VALUES: [123456789]
00:04:12.664 [Test worker] INFO  allcom_testng.tests.TestBase -- STARTED: [validatePhoneWithIncorrectData]
00:04:14.559 [Test worker] INFO  allcom_testng.tests.TestBase -- PASSED: [validatePhoneWithIncorrectData], with VALUES: [null]
00:04:14.559 [Test worker] INFO  allcom_testng.tests.TestBase -- STARTED: [validatePhoneWithIncorrectData]
00:04:16.515 [Test worker] INFO  allcom_testng.tests.TestBase -- PASSED: [validatePhoneWithIncorrectData], with VALUES: [1234567890123]
00:04:16.515 [Test worker] INFO  allcom_testng.tests.TestBase -- STARTED: [validatePhoneWithIncorrectData]
00:04:18.474 [Test worker] INFO  allcom_testng.tests.TestBase -- PASSED: [validatePhoneWithIncorrectData], with VALUES: [1234567890С‹]
00:04:18.474 [Test worker] INFO  allcom_testng.tests.TestBase -- STARTED: [validatePhoneWithIncorrectData]
00:04:20.542 [Test worker] INFO  allcom_testng.tests.TestBase -- PASSED: [validatePhoneWithIncorrectData], with VALUES: [1234567890s]
00:04:20.543 [Test worker] INFO  allcom_testng.tests.TestBase -- STARTED: [validatePhoneWithIncorrectData]
00:04:22.617 [Test worker] INFO  allcom_testng.tests.TestBase -- PASSED: [validatePhoneWithIncorrectData], with VALUES: [123456789O]
00:04:22.619 [Test worker] INFO  allcom_testng.tests.TestBase -- STARTED: [validatePostalWithIncorrectData]
00:04:24.629 [Test worker] INFO  allcom_testng.tests.TestBase -- PASSED: [validatePostalWithIncorrectData], with VALUES: []
00:04:24.629 [Test worker] INFO  allcom_testng.tests.TestBase -- STARTED: [validatePostalWithIncorrectData]
00:04:26.590 [Test worker] INFO  allcom_testng.tests.TestBase -- PASSED: [validatePostalWithIncorrectData], with VALUES: [В ]
00:04:26.590 [Test worker] INFO  allcom_testng.tests.TestBase -- STARTED: [validatePostalWithIncorrectData]
00:04:28.562 [Test worker] INFO  allcom_testng.tests.TestBase -- PASSED: [validatePostalWithIncorrectData], with VALUES: []
00:04:28.563 [Test worker] INFO  allcom_testng.tests.TestBase -- STARTED: [validatePostalWithIncorrectData]
00:04:30.655 [Test worker] INFO  allcom_testng.tests.TestBase -- PASSED: [validatePostalWithIncorrectData], with VALUES: [1]
00:04:30.657 [Test worker] INFO  allcom_testng.tests.TestBase -- STARTED: [validatePostalWithIncorrectData]
00:04:32.769 [Test worker] INFO  allcom_testng.tests.TestBase -- PASSED: [validatePostalWithIncorrectData], with VALUES: [s]
00:04:32.770 [Test worker] INFO  allcom_testng.tests.TestBase -- STARTED: [validatePostalWithIncorrectData]
00:04:34.757 [Test worker] INFO  allcom_testng.tests.TestBase -- PASSED: [validatePostalWithIncorrectData], with VALUES: [S]
00:04:34.757 [Test worker] INFO  allcom_testng.tests.TestBase -- STARTED: [validatePostalWithIncorrectData]
00:04:36.718 [Test worker] INFO  allcom_testng.tests.TestBase -- PASSED: [validatePostalWithIncorrectData], with VALUES: [С‹]
00:04:36.718 [Test worker] INFO  allcom_testng.tests.TestBase -- STARTED: [validatePostalWithIncorrectData]
00:04:38.705 [Test worker] INFO  allcom_testng.tests.TestBase -- PASSED: [validatePostalWithIncorrectData], with VALUES: [SС‹]
00:04:38.705 [Test worker] INFO  allcom_testng.tests.TestBase -- STARTED: [validatePostalWithIncorrectData]
00:04:40.851 [Test worker] INFO  allcom_testng.tests.TestBase -- PASSED: [validatePostalWithIncorrectData], with VALUES: [S1]
00:04:40.851 [Test worker] INFO  allcom_testng.tests.TestBase -- STARTED: [validatePostalWithIncorrectData]
00:04:42.990 [Test worker] INFO  allcom_testng.tests.TestBase -- PASSED: [validatePostalWithIncorrectData], with VALUES: [!]
00:04:42.990 [Test worker] INFO  allcom_testng.tests.TestBase -- STARTED: [validatePostalWithIncorrectData]
00:04:45.000 [Test worker] INFO  allcom_testng.tests.TestBase -- PASSED: [validatePostalWithIncorrectData], with VALUES: [@]
00:04:45.000 [Test worker] INFO  allcom_testng.tests.TestBase -- STARTED: [validatePostalWithIncorrectData]
00:04:47.035 [Test worker] INFO  allcom_testng.tests.TestBase -- PASSED: [validatePostalWithIncorrectData], with VALUES: [#]
00:04:47.035 [Test worker] INFO  allcom_testng.tests.TestBase -- STARTED: [validatePostalWithIncorrectData]
00:04:49.049 [Test worker] INFO  allcom_testng.tests.TestBase -- PASSED: [validatePostalWithIncorrectData], with VALUES: [Ass$]
00:04:49.049 [Test worker] INFO  allcom_testng.tests.TestBase -- STARTED: [validatePostalWithIncorrectData]
00:04:51.205 [Test worker] INFO  allcom_testng.tests.TestBase -- PASSED: [validatePostalWithIncorrectData], with VALUES: [ss%]
00:04:51.205 [Test worker] INFO  allcom_testng.tests.TestBase -- STARTED: [validatePostalWithIncorrectData]
00:04:53.359 [Test worker] INFO  allcom_testng.tests.TestBase -- PASSED: [validatePostalWithIncorrectData], with VALUES: [(]
00:04:53.360 [Test worker] INFO  allcom_testng.tests.TestBase -- STARTED: [validatePostalWithIncorrectData]
00:04:55.487 [Test worker] INFO  allcom_testng.tests.TestBase -- PASSED: [validatePostalWithIncorrectData], with VALUES: [<script></script>]
00:04:55.487 [Test worker] INFO  allcom_testng.tests.TestBase -- STARTED: [validatePostalWithIncorrectData]
00:04:57.572 [Test worker] INFO  allcom_testng.tests.TestBase -- PASSED: [validatePostalWithIncorrectData], with VALUES: [<input>]
00:04:57.572 [Test worker] INFO  allcom_testng.tests.TestBase -- STARTED: [validatePostalWithIncorrectData]
00:04:59.824 [Test worker] INFO  allcom_testng.tests.TestBase -- PASSED: [validatePostalWithIncorrectData], with VALUES: [0]
00:04:59.824 [Test worker] INFO  allcom_testng.tests.TestBase -- STARTED: [validatePostalWithIncorrectData]
00:05:01.975 [Test worker] INFO  allcom_testng.tests.TestBase -- PASSED: [validatePostalWithIncorrectData], with VALUES: [1234]
00:05:01.975 [Test worker] INFO  allcom_testng.tests.TestBase -- STARTED: [validatePostalWithIncorrectData]
00:05:04.135 [Test worker] INFO  allcom_testng.tests.TestBase -- PASSED: [validatePostalWithIncorrectData], with VALUES: [123456]
00:05:04.135 [Test worker] INFO  allcom_testng.tests.TestBase -- STARTED: [validatePostalWithIncorrectData]
00:05:06.160 [Test worker] INFO  allcom_testng.tests.TestBase -- PASSED: [validatePostalWithIncorrectData], with VALUES: [12345d]
00:05:06.160 [Test worker] INFO  allcom_testng.tests.TestBase -- STARTED: [validatePostalWithIncorrectData]
00:05:08.197 [Test worker] INFO  allcom_testng.tests.TestBase -- PASSED: [validatePostalWithIncorrectData], with VALUES: [O01234]
00:05:08.198 [Test worker] INFO  allcom_testng.tests.TestBase -- STARTED: [validatePostalWithIncorrectData]
00:05:10.245 [Test worker] INFO  allcom_testng.tests.TestBase -- PASSED: [validatePostalWithIncorrectData], with VALUES: [1234#]
00:05:10.245 [Test worker] INFO  allcom_testng.tests.TestBase -- STARTED: [validatePostalWithIncorrectData]
00:05:12.431 [Test worker] INFO  allcom_testng.tests.TestBase -- PASSED: [validatePostalWithIncorrectData], with VALUES: [null]
00:05:12.431 [Test worker] INFO  allcom_testng.tests.TestBase -- STARTED: [validatePostalWithIncorrectData]
00:05:14.578 [Test worker] INFO  allcom_testng.tests.TestBase -- PASSED: [validatePostalWithIncorrectData], with VALUES: [12345s]
00:05:14.579 [Test worker] INFO  allcom_testng.tests.TestBase -- STARTED: [validatePostalWithIncorrectData]
00:05:16.640 [Test worker] INFO  allcom_testng.tests.TestBase -- PASSED: [validatePostalWithIncorrectData], with VALUES: [1234567890s]
00:05:16.640 [Test worker] INFO  allcom_testng.tests.TestBase -- STARTED: [validatePostalWithIncorrectData]
00:05:18.755 [Test worker] INFO  allcom_testng.tests.TestBase -- PASSED: [validatePostalWithIncorrectData], with VALUES: [123456789O]
00:05:18.755 [Test worker] INFO  allcom_testng.tests.TestBase -- STARTED: [validatePostalWithIncorrectData]
00:05:21.002 [Test worker] INFO  allcom_testng.tests.TestBase -- PASSED: [validatePostalWithIncorrectData], with VALUES: [123456789012345678901]
00:05:21.002 [Test worker] INFO  allcom_testng.tests.TestBase -- STARTED: [validateStreetWithIncorrectData]
00:05:23.115 [Test worker] INFO  allcom_testng.tests.TestBase -- PASSED: [validateStreetWithIncorrectData], with VALUES: []
00:05:23.115 [Test worker] INFO  allcom_testng.tests.TestBase -- STARTED: [validateStreetWithIncorrectData]
00:05:25.265 [Test worker] INFO  allcom_testng.tests.TestBase -- PASSED: [validateStreetWithIncorrectData], with VALUES: [В ]
00:05:25.265 [Test worker] INFO  allcom_testng.tests.TestBase -- STARTED: [validateStreetWithIncorrectData]
00:05:27.267 [Test worker] INFO  allcom_testng.tests.TestBase -- PASSED: [validateStreetWithIncorrectData], with VALUES: []
00:05:27.267 [Test worker] INFO  allcom_testng.tests.TestBase -- STARTED: [validateStreetWithIncorrectData]
00:05:29.287 [Test worker] INFO  allcom_testng.tests.TestBase -- PASSED: [validateStreetWithIncorrectData], with VALUES: [1]
00:05:29.287 [Test worker] INFO  allcom_testng.tests.TestBase -- STARTED: [validateStreetWithIncorrectData]
00:05:31.442 [Test worker] INFO  allcom_testng.tests.TestBase -- PASSED: [validateStreetWithIncorrectData], with VALUES: [s]
00:05:31.442 [Test worker] INFO  allcom_testng.tests.TestBase -- STARTED: [validateStreetWithIncorrectData]
00:05:33.663 [Test worker] INFO  allcom_testng.tests.TestBase -- PASSED: [validateStreetWithIncorrectData], with VALUES: [S]
00:05:33.663 [Test worker] INFO  allcom_testng.tests.TestBase -- STARTED: [validateStreetWithIncorrectData]
00:05:35.778 [Test worker] INFO  allcom_testng.tests.TestBase -- PASSED: [validateStreetWithIncorrectData], with VALUES: [С‹]
00:05:35.778 [Test worker] INFO  allcom_testng.tests.TestBase -- STARTED: [validateStreetWithIncorrectData]
00:05:37.845 [Test worker] INFO  allcom_testng.tests.TestBase -- PASSED: [validateStreetWithIncorrectData], with VALUES: [SС‹]
00:05:37.845 [Test worker] INFO  allcom_testng.tests.TestBase -- STARTED: [validateStreetWithIncorrectData]
00:05:39.838 [Test worker] INFO  allcom_testng.tests.TestBase -- PASSED: [validateStreetWithIncorrectData], with VALUES: [!]
00:05:39.838 [Test worker] INFO  allcom_testng.tests.TestBase -- STARTED: [validateStreetWithIncorrectData]
00:05:41.981 [Test worker] INFO  allcom_testng.tests.TestBase -- PASSED: [validateStreetWithIncorrectData], with VALUES: [@]
00:05:41.981 [Test worker] INFO  allcom_testng.tests.TestBase -- STARTED: [validateStreetWithIncorrectData]
00:05:44.139 [Test worker] INFO  allcom_testng.tests.TestBase -- PASSED: [validateStreetWithIncorrectData], with VALUES: [#]
00:05:44.139 [Test worker] INFO  allcom_testng.tests.TestBase -- STARTED: [validateStreetWithIncorrectData]
00:05:46.217 [Test worker] INFO  allcom_testng.tests.TestBase -- PASSED: [validateStreetWithIncorrectData], with VALUES: [Ass$]
00:05:46.217 [Test worker] INFO  allcom_testng.tests.TestBase -- STARTED: [validateStreetWithIncorrectData]
00:05:48.222 [Test worker] INFO  allcom_testng.tests.TestBase -- PASSED: [validateStreetWithIncorrectData], with VALUES: [ss%]
00:05:48.222 [Test worker] INFO  allcom_testng.tests.TestBase -- STARTED: [validateStreetWithIncorrectData]
00:05:50.295 [Test worker] INFO  allcom_testng.tests.TestBase -- PASSED: [validateStreetWithIncorrectData], with VALUES: [(]
00:05:50.295 [Test worker] INFO  allcom_testng.tests.TestBase -- STARTED: [validateStreetWithIncorrectData]
00:05:52.587 [Test worker] INFO  allcom_testng.tests.TestBase -- PASSED: [validateStreetWithIncorrectData], with VALUES: [<script></script>]
00:05:52.587 [Test worker] INFO  allcom_testng.tests.TestBase -- STARTED: [validateStreetWithIncorrectData]
00:05:54.791 [Test worker] INFO  allcom_testng.tests.TestBase -- PASSED: [validateStreetWithIncorrectData], with VALUES: [<input>]
00:05:54.792 [Test worker] INFO  allcom_testng.tests.TestBase -- STARTED: [validateStreetWithIncorrectData]
00:05:56.874 [Test worker] INFO  allcom_testng.tests.TestBase -- PASSED: [validateStreetWithIncorrectData], with VALUES: [0]
00:05:56.875 [Test worker] INFO  allcom_testng.tests.TestBase -- STARTED: [validateTaxWithIncorrectData]
00:05:59.010 [Test worker] INFO  allcom_testng.tests.TestBase -- PASSED: [validateTaxWithIncorrectData], with VALUES: []
00:05:59.010 [Test worker] INFO  allcom_testng.tests.TestBase -- STARTED: [validateTaxWithIncorrectData]
00:06:01.088 [Test worker] INFO  allcom_testng.tests.TestBase -- PASSED: [validateTaxWithIncorrectData], with VALUES: [В ]
00:06:01.088 [Test worker] INFO  allcom_testng.tests.TestBase -- STARTED: [validateTaxWithIncorrectData]
00:06:03.352 [Test worker] INFO  allcom_testng.tests.TestBase -- PASSED: [validateTaxWithIncorrectData], with VALUES: []
00:06:03.352 [Test worker] INFO  allcom_testng.tests.TestBase -- STARTED: [validateTaxWithIncorrectData]
00:06:05.571 [Test worker] INFO  allcom_testng.tests.TestBase -- PASSED: [validateTaxWithIncorrectData], with VALUES: [1]
00:06:05.571 [Test worker] INFO  allcom_testng.tests.TestBase -- STARTED: [validateTaxWithIncorrectData]
00:06:07.643 [Test worker] INFO  allcom_testng.tests.TestBase -- PASSED: [validateTaxWithIncorrectData], with VALUES: [s]
00:06:07.643 [Test worker] INFO  allcom_testng.tests.TestBase -- STARTED: [validateTaxWithIncorrectData]
00:06:09.794 [Test worker] INFO  allcom_testng.tests.TestBase -- PASSED: [validateTaxWithIncorrectData], with VALUES: [S]
00:06:09.794 [Test worker] INFO  allcom_testng.tests.TestBase -- STARTED: [validateTaxWithIncorrectData]
00:06:11.938 [Test worker] INFO  allcom_testng.tests.TestBase -- PASSED: [validateTaxWithIncorrectData], with VALUES: [С‹]
00:06:11.938 [Test worker] INFO  allcom_testng.tests.TestBase -- STARTED: [validateTaxWithIncorrectData]
00:06:14.179 [Test worker] INFO  allcom_testng.tests.TestBase -- PASSED: [validateTaxWithIncorrectData], with VALUES: [SС‹]
00:06:14.179 [Test worker] INFO  allcom_testng.tests.TestBase -- STARTED: [validateTaxWithIncorrectData]
00:06:16.362 [Test worker] INFO  allcom_testng.tests.TestBase -- PASSED: [validateTaxWithIncorrectData], with VALUES: [S1]
00:06:16.362 [Test worker] INFO  allcom_testng.tests.TestBase -- STARTED: [validateTaxWithIncorrectData]
00:06:18.413 [Test worker] INFO  allcom_testng.tests.TestBase -- PASSED: [validateTaxWithIncorrectData], with VALUES: [!]
00:06:18.413 [Test worker] INFO  allcom_testng.tests.TestBase -- STARTED: [validateTaxWithIncorrectData]
00:06:20.483 [Test worker] INFO  allcom_testng.tests.TestBase -- PASSED: [validateTaxWithIncorrectData], with VALUES: [@]
00:06:20.483 [Test worker] INFO  allcom_testng.tests.TestBase -- STARTED: [validateTaxWithIncorrectData]
00:06:22.697 [Test worker] INFO  allcom_testng.tests.TestBase -- PASSED: [validateTaxWithIncorrectData], with VALUES: [#]
00:06:22.697 [Test worker] INFO  allcom_testng.tests.TestBase -- STARTED: [validateTaxWithIncorrectData]
00:06:24.945 [Test worker] INFO  allcom_testng.tests.TestBase -- PASSED: [validateTaxWithIncorrectData], with VALUES: [Ass$]
00:06:24.946 [Test worker] INFO  allcom_testng.tests.TestBase -- STARTED: [validateTaxWithIncorrectData]
00:06:27.097 [Test worker] INFO  allcom_testng.tests.TestBase -- PASSED: [validateTaxWithIncorrectData], with VALUES: [ss%]
00:06:27.097 [Test worker] INFO  allcom_testng.tests.TestBase -- STARTED: [validateTaxWithIncorrectData]
00:06:29.161 [Test worker] INFO  allcom_testng.tests.TestBase -- PASSED: [validateTaxWithIncorrectData], with VALUES: [(]
00:06:29.161 [Test worker] INFO  allcom_testng.tests.TestBase -- STARTED: [validateTaxWithIncorrectData]
00:06:31.367 [Test worker] INFO  allcom_testng.tests.TestBase -- PASSED: [validateTaxWithIncorrectData], with VALUES: [<script></script>]
00:06:31.367 [Test worker] INFO  allcom_testng.tests.TestBase -- STARTED: [validateTaxWithIncorrectData]
00:06:33.671 [Test worker] INFO  allcom_testng.tests.TestBase -- PASSED: [validateTaxWithIncorrectData], with VALUES: [<input>]
00:06:33.671 [Test worker] INFO  allcom_testng.tests.TestBase -- STARTED: [validateTaxWithIncorrectData]
00:06:36.012 [Test worker] INFO  allcom_testng.tests.TestBase -- PASSED: [validateTaxWithIncorrectData], with VALUES: [0]
00:06:36.012 [Test worker] INFO  allcom_testng.tests.TestBase -- STARTED: [validateTaxWithIncorrectData]
00:06:38.093 [Test worker] INFO  allcom_testng.tests.TestBase -- PASSED: [validateTaxWithIncorrectData], with VALUES: [12345678]
00:06:38.094 [Test worker] INFO  allcom_testng.tests.TestBase -- STARTED: [validateTaxWithIncorrectData]
00:06:40.183 [Test worker] INFO  allcom_testng.tests.TestBase -- PASSED: [validateTaxWithIncorrectData], with VALUES: [123456789d]
00:06:40.183 [Test worker] INFO  allcom_testng.tests.TestBase -- STARTED: [validateTaxWithIncorrectData]
00:06:42.337 [Test worker] INFO  allcom_testng.tests.TestBase -- PASSED: [validateTaxWithIncorrectData], with VALUES: [123456789#]
00:06:42.337 [Test worker] INFO  allcom_testng.tests.TestBase -- STARTED: [validateTaxWithIncorrectData]
00:06:44.596 [Test worker] INFO  allcom_testng.tests.TestBase -- PASSED: [validateTaxWithIncorrectData], with VALUES: [null]
00:06:44.596 [Test worker] INFO  allcom_testng.tests.TestBase -- STARTED: [validateTaxWithIncorrectData]
00:06:46.934 [Test worker] INFO  allcom_testng.tests.TestBase -- PASSED: [validateTaxWithIncorrectData], with VALUES: [1234567890С‹]
00:06:46.934 [Test worker] INFO  allcom_testng.tests.TestBase -- STARTED: [validateTaxWithIncorrectData]
00:06:49.125 [Test worker] INFO  allcom_testng.tests.TestBase -- PASSED: [validateTaxWithIncorrectData], with VALUES: [1234567890s]
00:06:49.125 [Test worker] INFO  allcom_testng.tests.TestBase -- STARTED: [validateTaxWithIncorrectData]
00:06:51.309 [Test worker] INFO  allcom_testng.tests.TestBase -- PASSED: [validateTaxWithIncorrectData], with VALUES: [123456789O]
00:06:51.309 [Test worker] INFO  allcom_testng.tests.TestBase -- STARTED: [validateTaxWithIncorrectData]
00:06:53.774 [Test worker] INFO  allcom_testng.tests.TestBase -- PASSED: [validateTaxWithIncorrectData], with VALUES: [123456789012345678901]
]]></system-out>
  <system-err><![CDATA[]]></system-err>
</testsuite>
