<?xml version="1.0" encoding="UTF-8"?>
<testsuite name="allcom.tests.header.AllcomLogoTests" tests="2" skipped="0" failures="0" errors="0" timestamp="2024-01-30T01:44:51" hostname="PORTISHEAD-PC" time="0.447">
  <properties/>
  <testcase name="allcomLogoIsPresent" classname="allcom.tests.header.AllcomLogoTests" time="0.0"/>
  <testcase name="clickAllcomLogoNavigatesToHomePage" classname="allcom.tests.header.AllcomLogoTests" time="0.344"/>
  <system-out><![CDATA[02:44:51.165 [Test worker] INFO  allcom.tests.TestBase -- Start test: [allcomLogoIsPresent]
02:44:51.269 [Test worker] INFO  allcom.tests.TestBase -- PASSED: [allcomLogoIsPresent], with Parameters: []
02:44:51.269 [Test worker] INFO  allcom.tests.TestBase -- Start test: [clickAllcomLogoNavigatesToHomePage]
02:44:51.716 [Test worker] INFO  allcom.tests.TestBase -- PASSED: [clickAllcomLogoNavigatesToHomePage], with Parameters: []
]]></system-out>
  <system-err><![CDATA[]]></system-err>
</testsuite>
