<?xml version="1.0" encoding="UTF-8"?>
<testsuite name="allcom.tests.aboutUs.AboutUsPageTests" tests="3" skipped="0" failures="0" errors="0" timestamp="2024-01-28T20:58:36" hostname="PORTISHEAD-PC" time="0.227">
  <properties/>
  <testcase name="aboutUsContentIsPresent" classname="allcom.tests.aboutUs.AboutUsPageTests" time="0.0"/>
  <testcase name="aboutUsHeaderIsPresent" classname="allcom.tests.aboutUs.AboutUsPageTests" time="0.0"/>
  <testcase name="aboutUsMapContainerIsPresent" classname="allcom.tests.aboutUs.AboutUsPageTests" time="0.0"/>
  <system-out><![CDATA[21:58:35.754 [Test worker] INFO  allcom.tests.TestBase -- Start test: [aboutUsContentIsPresent]
21:58:36.038 [Test worker] INFO  allcom.tests.TestBase -- PASSED: [aboutUsContentIsPresent], with Parameters: []
21:58:36.040 [Test worker] INFO  allcom.tests.TestBase -- Start test: [aboutUsHeaderIsPresent]
21:58:36.151 [Test worker] INFO  allcom.tests.TestBase -- PASSED: [aboutUsHeaderIsPresent], with Parameters: []
21:58:36.152 [Test worker] INFO  allcom.tests.TestBase -- Start test: [aboutUsMapContainerIsPresent]
21:58:36.264 [Test worker] INFO  allcom.tests.TestBase -- PASSED: [aboutUsMapContainerIsPresent], with Parameters: []
]]></system-out>
  <system-err><![CDATA[]]></system-err>
</testsuite>
