<?xml version="1.0" encoding="UTF-8"?>
<testsuite name="allcom_testng.tests.passwordReset.RestorePasswordTests" tests="23" skipped="0" failures="0" errors="0" timestamp="2024-02-08T22:58:17" hostname="DESKTOP-8I9EVFD" time="34.826">
  <properties/>
  <testcase name="restoreWithInvalidEmail[0](п»ї)" classname="allcom_testng.tests.passwordReset.RestorePasswordTests" time="0.248"/>
  <testcase name="restoreWithInvalidEmail[1]()" classname="allcom_testng.tests.passwordReset.RestorePasswordTests" time="0.212"/>
  <testcase name="restoreWithInvalidEmail[2](testgmail.com)" classname="allcom_testng.tests.passwordReset.RestorePasswordTests" time="0.264"/>
  <testcase name="restoreWithInvalidEmail[3](test@.com)" classname="allcom_testng.tests.passwordReset.RestorePasswordTests" time="0.245"/>
  <testcase name="restoreWithInvalidEmail[4](test@gmailcom)" classname="allcom_testng.tests.passwordReset.RestorePasswordTests" time="0.278"/>
  <testcase name="restoreWithInvalidEmail[5](test@gmail.)" classname="allcom_testng.tests.passwordReset.RestorePasswordTests" time="0.284"/>
  <testcase name="restoreWithInvalidEmail[6](@gmail.com)" classname="allcom_testng.tests.passwordReset.RestorePasswordTests" time="0.282"/>
  <testcase name="restoreWithInvalidEmail[7](Fqpwiuery)" classname="allcom_testng.tests.passwordReset.RestorePasswordTests" time="0.246"/>
  <testcase name="restoreWithInvalidEmail[8](С†СѓРєС€РіРµС€РіР·)" classname="allcom_testng.tests.passwordReset.RestorePasswordTests" time="0.286"/>
  <testcase name="restoreWithInvalidEmail[9](&quot;%^&amp;()):&quot;)" classname="allcom_testng.tests.passwordReset.RestorePasswordTests" time="0.253"/>
  <testcase name="restoreWithInvalidEmail[10](1)" classname="allcom_testng.tests.passwordReset.RestorePasswordTests" time="0.233"/>
  <testcase name="restoreWithInvalidEmail[11](С‚РµСЃС‚@gmail.com)" classname="allcom_testng.tests.passwordReset.RestorePasswordTests" time="0.317"/>
  <testcase name="restoreWithInvalidEmail[12](SELECT* FROM)" classname="allcom_testng.tests.passwordReset.RestorePasswordTests" time="0.284"/>
  <testcase name="restoreWithInvalidEmail[13](test@@gmail.com)" classname="allcom_testng.tests.passwordReset.RestorePasswordTests" time="0.297"/>
  <testcase name="restoreWithInvalidEmail[14](www.telran.com)" classname="allcom_testng.tests.passwordReset.RestorePasswordTests" time="0.263"/>
  <testcase name="restoreWithInvalidEmail[15](tes t@gmail.com)" classname="allcom_testng.tests.passwordReset.RestorePasswordTests" time="0.267"/>
  <testcase name="restoreWithInvalidEmail[16](test@ gmail.com)" classname="allcom_testng.tests.passwordReset.RestorePasswordTests" time="0.267"/>
  <testcase name="restoreWithInvalidEmail[17](test@gmail .com)" classname="allcom_testng.tests.passwordReset.RestorePasswordTests" time="0.288"/>
  <testcase name="restoreWithInvalidEmail[18](test@gmail. com)" classname="allcom_testng.tests.passwordReset.RestorePasswordTests" time="0.295"/>
  <testcase name="restoreWithInvalidEmail[19](&lt;script&gt;&lt;/script&gt;)" classname="allcom_testng.tests.passwordReset.RestorePasswordTests" time="0.304"/>
  <testcase name="restoreWithInvalidEmail[20](&lt;input&gt;)" classname="allcom_testng.tests.passwordReset.RestorePasswordTests" time="0.25"/>
  <testcase name="restoreWithInvalidEmail[21](0)" classname="allcom_testng.tests.passwordReset.RestorePasswordTests" time="0.237"/>
  <testcase name="restoreWithValidEmail" classname="allcom_testng.tests.passwordReset.RestorePasswordTests" time="0.261"/>
  <system-out><![CDATA[23:58:16.111 [Test worker] INFO  allcom_testng.tests.TestBase -- STARTED: [restoreWithInvalidEmail]
23:58:17.614 [Test worker] INFO  allcom_testng.tests.TestBase -- PASSED: [restoreWithInvalidEmail], with VALUES: [п»ї]
23:58:17.614 [Test worker] INFO  allcom_testng.tests.TestBase -- STARTED: [restoreWithInvalidEmail]
23:58:19.115 [Test worker] INFO  allcom_testng.tests.TestBase -- PASSED: [restoreWithInvalidEmail], with VALUES: []
23:58:19.115 [Test worker] INFO  allcom_testng.tests.TestBase -- STARTED: [restoreWithInvalidEmail]
23:58:20.595 [Test worker] INFO  allcom_testng.tests.TestBase -- PASSED: [restoreWithInvalidEmail], with VALUES: [testgmail.com]
23:58:20.595 [Test worker] INFO  allcom_testng.tests.TestBase -- STARTED: [restoreWithInvalidEmail]
23:58:22.105 [Test worker] INFO  allcom_testng.tests.TestBase -- PASSED: [restoreWithInvalidEmail], with VALUES: [test@.com]
23:58:22.105 [Test worker] INFO  allcom_testng.tests.TestBase -- STARTED: [restoreWithInvalidEmail]
23:58:23.638 [Test worker] INFO  allcom_testng.tests.TestBase -- PASSED: [restoreWithInvalidEmail], with VALUES: [test@gmailcom]
23:58:23.638 [Test worker] INFO  allcom_testng.tests.TestBase -- STARTED: [restoreWithInvalidEmail]
23:58:25.239 [Test worker] INFO  allcom_testng.tests.TestBase -- PASSED: [restoreWithInvalidEmail], with VALUES: [test@gmail.]
23:58:25.240 [Test worker] INFO  allcom_testng.tests.TestBase -- STARTED: [restoreWithInvalidEmail]
23:58:26.876 [Test worker] INFO  allcom_testng.tests.TestBase -- PASSED: [restoreWithInvalidEmail], with VALUES: [@gmail.com]
23:58:26.878 [Test worker] INFO  allcom_testng.tests.TestBase -- STARTED: [restoreWithInvalidEmail]
23:58:28.426 [Test worker] INFO  allcom_testng.tests.TestBase -- PASSED: [restoreWithInvalidEmail], with VALUES: [Fqpwiuery]
23:58:28.426 [Test worker] INFO  allcom_testng.tests.TestBase -- STARTED: [restoreWithInvalidEmail]
23:58:30.029 [Test worker] INFO  allcom_testng.tests.TestBase -- PASSED: [restoreWithInvalidEmail], with VALUES: [С†СѓРєС€РіРµС€РіР·]
23:58:30.029 [Test worker] INFO  allcom_testng.tests.TestBase -- STARTED: [restoreWithInvalidEmail]
23:58:31.559 [Test worker] INFO  allcom_testng.tests.TestBase -- PASSED: [restoreWithInvalidEmail], with VALUES: ["%^&()):"]
23:58:31.559 [Test worker] INFO  allcom_testng.tests.TestBase -- STARTED: [restoreWithInvalidEmail]
23:58:33.051 [Test worker] INFO  allcom_testng.tests.TestBase -- PASSED: [restoreWithInvalidEmail], with VALUES: [1]
23:58:33.051 [Test worker] INFO  allcom_testng.tests.TestBase -- STARTED: [restoreWithInvalidEmail]
23:58:34.663 [Test worker] INFO  allcom_testng.tests.TestBase -- PASSED: [restoreWithInvalidEmail], with VALUES: [С‚РµСЃС‚@gmail.com]
23:58:34.664 [Test worker] INFO  allcom_testng.tests.TestBase -- STARTED: [restoreWithInvalidEmail]
23:58:36.364 [Test worker] INFO  allcom_testng.tests.TestBase -- PASSED: [restoreWithInvalidEmail], with VALUES: [SELECT* FROM]
23:58:36.364 [Test worker] INFO  allcom_testng.tests.TestBase -- STARTED: [restoreWithInvalidEmail]
23:58:38.004 [Test worker] INFO  allcom_testng.tests.TestBase -- PASSED: [restoreWithInvalidEmail], with VALUES: [test@@gmail.com]
23:58:38.004 [Test worker] INFO  allcom_testng.tests.TestBase -- STARTED: [restoreWithInvalidEmail]
23:58:39.553 [Test worker] INFO  allcom_testng.tests.TestBase -- PASSED: [restoreWithInvalidEmail], with VALUES: [www.telran.com]
23:58:39.553 [Test worker] INFO  allcom_testng.tests.TestBase -- STARTED: [restoreWithInvalidEmail]
23:58:41.080 [Test worker] INFO  allcom_testng.tests.TestBase -- PASSED: [restoreWithInvalidEmail], with VALUES: [tes t@gmail.com]
23:58:41.080 [Test worker] INFO  allcom_testng.tests.TestBase -- STARTED: [restoreWithInvalidEmail]
23:58:42.569 [Test worker] INFO  allcom_testng.tests.TestBase -- PASSED: [restoreWithInvalidEmail], with VALUES: [test@ gmail.com]
23:58:42.570 [Test worker] INFO  allcom_testng.tests.TestBase -- STARTED: [restoreWithInvalidEmail]
23:58:44.155 [Test worker] INFO  allcom_testng.tests.TestBase -- PASSED: [restoreWithInvalidEmail], with VALUES: [test@gmail .com]
23:58:44.155 [Test worker] INFO  allcom_testng.tests.TestBase -- STARTED: [restoreWithInvalidEmail]
23:58:45.808 [Test worker] INFO  allcom_testng.tests.TestBase -- PASSED: [restoreWithInvalidEmail], with VALUES: [test@gmail. com]
23:58:45.808 [Test worker] INFO  allcom_testng.tests.TestBase -- STARTED: [restoreWithInvalidEmail]
23:58:47.493 [Test worker] INFO  allcom_testng.tests.TestBase -- PASSED: [restoreWithInvalidEmail], with VALUES: [<script></script>]
23:58:47.493 [Test worker] INFO  allcom_testng.tests.TestBase -- STARTED: [restoreWithInvalidEmail]
23:58:49.105 [Test worker] INFO  allcom_testng.tests.TestBase -- PASSED: [restoreWithInvalidEmail], with VALUES: [<input>]
23:58:49.105 [Test worker] INFO  allcom_testng.tests.TestBase -- STARTED: [restoreWithInvalidEmail]
23:58:50.631 [Test worker] INFO  allcom_testng.tests.TestBase -- PASSED: [restoreWithInvalidEmail], with VALUES: [0]
23:58:50.632 [Test worker] INFO  allcom_testng.tests.TestBase -- STARTED: [restoreWithValidEmail]
23:58:52.191 [Test worker] INFO  allcom_testng.tests.TestBase -- PASSED: [restoreWithValidEmail], with VALUES: []
]]></system-out>
  <system-err><![CDATA[]]></system-err>
</testsuite>
