<?xml version="1.0" encoding="UTF-8"?>
<testsuite name="allcom.tests.passwordReset.CreateNewPasswordPageTests" tests="42" skipped="0" failures="0" errors="0" timestamp="2024-01-31T00:16:59" hostname="PORTISHEAD-PC" time="20.213">
  <properties/>
  <testcase name="isCreateNewPasswordButtonPresent" classname="allcom.tests.passwordReset.CreateNewPasswordPageTests" time="0.007"/>
  <testcase name="isPasswordResetNotSuccessInvalidDataWithValidationCheck" classname="allcom.tests.passwordReset.CreateNewPasswordPageTests" time="0.54"/>
  <testcase name="isPasswordResetNotSuccessInvalidDataWoValidationCheck" classname="allcom.tests.passwordReset.CreateNewPasswordPageTests" time="0.621"/>
  <testcase name="isPasswordResetNotSuccessInvalidDataWoValidationCheckWoTimer" classname="allcom.tests.passwordReset.CreateNewPasswordPageTests" time="0.6"/>
  <testcase name="isPasswordResetSuccessValidDataWithValidationCheck" classname="allcom.tests.passwordReset.CreateNewPasswordPageTests" time="0.65"/>
  <testcase name="isPasswordResetSuccessValidDataWoValidationCheck" classname="allcom.tests.passwordReset.CreateNewPasswordPageTests" time="0.676"/>
  <testcase name="validateComparePasswordsEqualityNegative" classname="allcom.tests.passwordReset.CreateNewPasswordPageTests" time="0.001"/>
  <testcase name="validateComparePasswordsEqualityPositive" classname="allcom.tests.passwordReset.CreateNewPasswordPageTests" time="0.634"/>
  <testcase name="validatePasswordConfirmWithIncorrectData[0](п»їTes123)" classname="allcom.tests.passwordReset.CreateNewPasswordPageTests" time="0.601"/>
  <testcase name="validatePasswordConfirmWithIncorrectData[1](Tes1234)" classname="allcom.tests.passwordReset.CreateNewPasswordPageTests" time="0.212"/>
  <testcase name="validatePasswordConfirmWithIncorrectData[2](Test1234555555555555555555555555555555555555555555555555555555555555555555555555555555555555)" classname="allcom.tests.passwordReset.CreateNewPasswordPageTests" time="0.286"/>
  <testcase name="validatePasswordConfirmWithIncorrectData[3](1)" classname="allcom.tests.passwordReset.CreateNewPasswordPageTests" time="0.434"/>
  <testcase name="validatePasswordConfirmWithIncorrectData[4](*&amp;^(*&amp;%$##@)" classname="allcom.tests.passwordReset.CreateNewPasswordPageTests" time="0.193"/>
  <testcase name="validatePasswordConfirmWithIncorrectData[5](Qwertyuiop@1С‹)" classname="allcom.tests.passwordReset.CreateNewPasswordPageTests" time="0.146"/>
  <testcase name="validatePasswordConfirmWithIncorrectData[6](Р¤Р«Р’РђРђРџРєРіСѓС‰СѓС†Р·)" classname="allcom.tests.passwordReset.CreateNewPasswordPageTests" time="0.421"/>
  <testcase name="validatePasswordConfirmWithIncorrectData[7](Test 12345!)" classname="allcom.tests.passwordReset.CreateNewPasswordPageTests" time="0.401"/>
  <testcase name="validatePasswordConfirmWithIncorrectData[8](SELECT* FROM)" classname="allcom.tests.passwordReset.CreateNewPasswordPageTests" time="0.317"/>
  <testcase name="validatePasswordConfirmWithIncorrectData[9](www.gmail.com)" classname="allcom.tests.passwordReset.CreateNewPasswordPageTests" time="0.149"/>
  <testcase name="validatePasswordConfirmWithIncorrectData[10]()" classname="allcom.tests.passwordReset.CreateNewPasswordPageTests" time="0.385"/>
  <testcase name="validatePasswordConfirmWithIncorrectData[11](В )" classname="allcom.tests.passwordReset.CreateNewPasswordPageTests" time="0.109"/>
  <testcase name="validatePasswordConfirmWithIncorrectData[12]()" classname="allcom.tests.passwordReset.CreateNewPasswordPageTests" time="0.375"/>
  <testcase name="validatePasswordConfirmWithIncorrectData[13](0)" classname="allcom.tests.passwordReset.CreateNewPasswordPageTests" time="0.124"/>
  <testcase name="validatePasswordConfirmWithIncorrectData[14](&lt;input&gt;)" classname="allcom.tests.passwordReset.CreateNewPasswordPageTests" time="0.525"/>
  <testcase name="validatePasswordConfirmWithIncorrectData[15](&lt;script&gt;&lt;/script&gt;)" classname="allcom.tests.passwordReset.CreateNewPasswordPageTests" time="0.324"/>
  <testcase name="validatePasswordConfirmWithIncorrectData[16](11111E+12)" classname="allcom.tests.passwordReset.CreateNewPasswordPageTests" time="0.14"/>
  <testcase name="validatePasswordWithIncorrectData[0](п»їTes123)" classname="allcom.tests.passwordReset.CreateNewPasswordPageTests" time="0.451"/>
  <testcase name="validatePasswordWithIncorrectData[1](Tes1234)" classname="allcom.tests.passwordReset.CreateNewPasswordPageTests" time="0.323"/>
  <testcase name="validatePasswordWithIncorrectData[2](Test1234555555555555555555555555555555555555555555555555555555555555555555555555555555555555)" classname="allcom.tests.passwordReset.CreateNewPasswordPageTests" time="0.332"/>
  <testcase name="validatePasswordWithIncorrectData[3](1)" classname="allcom.tests.passwordReset.CreateNewPasswordPageTests" time="0.138"/>
  <testcase name="validatePasswordWithIncorrectData[4](*&amp;^(*&amp;%$##@)" classname="allcom.tests.passwordReset.CreateNewPasswordPageTests" time="0.452"/>
  <testcase name="validatePasswordWithIncorrectData[5](Qwertyuiop@1С‹)" classname="allcom.tests.passwordReset.CreateNewPasswordPageTests" time="0.237"/>
  <testcase name="validatePasswordWithIncorrectData[6](Р¤Р«Р’РђРђРџРєРіСѓС‰СѓС†Р·)" classname="allcom.tests.passwordReset.CreateNewPasswordPageTests" time="0.18"/>
  <testcase name="validatePasswordWithIncorrectData[7](Test 12345!)" classname="allcom.tests.passwordReset.CreateNewPasswordPageTests" time="0.22"/>
  <testcase name="validatePasswordWithIncorrectData[8](SELECT* FROM)" classname="allcom.tests.passwordReset.CreateNewPasswordPageTests" time="0.135"/>
  <testcase name="validatePasswordWithIncorrectData[9](www.gmail.com)" classname="allcom.tests.passwordReset.CreateNewPasswordPageTests" time="0.562"/>
  <testcase name="validatePasswordWithIncorrectData[10]()" classname="allcom.tests.passwordReset.CreateNewPasswordPageTests" time="0.395"/>
  <testcase name="validatePasswordWithIncorrectData[11](В )" classname="allcom.tests.passwordReset.CreateNewPasswordPageTests" time="0.119"/>
  <testcase name="validatePasswordWithIncorrectData[12]()" classname="allcom.tests.passwordReset.CreateNewPasswordPageTests" time="0.468"/>
  <testcase name="validatePasswordWithIncorrectData[13](0)" classname="allcom.tests.passwordReset.CreateNewPasswordPageTests" time="0.118"/>
  <testcase name="validatePasswordWithIncorrectData[14](&lt;input&gt;)" classname="allcom.tests.passwordReset.CreateNewPasswordPageTests" time="0.467"/>
  <testcase name="validatePasswordWithIncorrectData[15](&lt;script&gt;&lt;/script&gt;)" classname="allcom.tests.passwordReset.CreateNewPasswordPageTests" time="0.443"/>
  <testcase name="validatePasswordWithIncorrectData[16](11111E+12)" classname="allcom.tests.passwordReset.CreateNewPasswordPageTests" time="0.131"/>
  <system-out><![CDATA[01:16:58.931 [Test worker] INFO  allcom.tests.TestBase -- Start test: [isCreateNewPasswordButtonPresent]
01:16:59.146 [Test worker] INFO  allcom.tests.TestBase -- PASSED: [isCreateNewPasswordButtonPresent], with Parameters: []
01:16:59.147 [Test worker] INFO  allcom.tests.TestBase -- Start test: [isPasswordResetNotSuccessInvalidDataWithValidationCheck]
01:16:59.784 [Test worker] INFO  allcom.tests.TestBase -- PASSED: [isPasswordResetNotSuccessInvalidDataWithValidationCheck], with Parameters: []
01:16:59.784 [Test worker] INFO  allcom.tests.TestBase -- Start test: [isPasswordResetNotSuccessInvalidDataWoValidationCheck]
01:17:00.506 [Test worker] INFO  allcom.tests.TestBase -- PASSED: [isPasswordResetNotSuccessInvalidDataWoValidationCheck], with Parameters: []
01:17:00.507 [Test worker] INFO  allcom.tests.TestBase -- Start test: [isPasswordResetNotSuccessInvalidDataWoValidationCheckWoTimer]
01:17:01.244 [Test worker] INFO  allcom.tests.TestBase -- PASSED: [isPasswordResetNotSuccessInvalidDataWoValidationCheckWoTimer], with Parameters: []
01:17:01.244 [Test worker] INFO  allcom.tests.TestBase -- Start test: [isPasswordResetSuccessValidDataWithValidationCheck]
01:17:02.026 [Test worker] INFO  allcom.tests.TestBase -- PASSED: [isPasswordResetSuccessValidDataWithValidationCheck], with Parameters: []
01:17:02.026 [Test worker] INFO  allcom.tests.TestBase -- Start test: [isPasswordResetSuccessValidDataWoValidationCheck]
01:17:02.837 [Test worker] INFO  allcom.tests.TestBase -- PASSED: [isPasswordResetSuccessValidDataWoValidationCheck], with Parameters: []
01:17:02.838 [Test worker] INFO  allcom.tests.TestBase -- Start test: [validateComparePasswordsEqualityNegative]
01:17:02.993 [Test worker] INFO  allcom.tests.TestBase -- PASSED: [validateComparePasswordsEqualityNegative], with Parameters: []
01:17:02.993 [Test worker] INFO  allcom.tests.TestBase -- Start test: [validateComparePasswordsEqualityPositive]
01:17:03.758 [Test worker] INFO  allcom.tests.TestBase -- PASSED: [validateComparePasswordsEqualityPositive], with Parameters: []
01:17:03.760 [Test worker] INFO  allcom.tests.TestBase -- Start test: [validatePasswordConfirmWithIncorrectData]
01:17:04.516 [Test worker] INFO  allcom.tests.TestBase -- PASSED: [validatePasswordConfirmWithIncorrectData], with Parameters: [п»їTes123]
01:17:04.517 [Test worker] INFO  allcom.tests.TestBase -- Start test: [validatePasswordConfirmWithIncorrectData]
01:17:05.029 [Test worker] INFO  allcom.tests.TestBase -- PASSED: [validatePasswordConfirmWithIncorrectData], with Parameters: [Tes1234]
01:17:05.030 [Test worker] INFO  allcom.tests.TestBase -- Start test: [validatePasswordConfirmWithIncorrectData]
01:17:05.535 [Test worker] INFO  allcom.tests.TestBase -- PASSED: [validatePasswordConfirmWithIncorrectData], with Parameters: [Test1234555555555555555555555555555555555555555555555555555555555555555555555555555555555555]
01:17:05.535 [Test worker] INFO  allcom.tests.TestBase -- Start test: [validatePasswordConfirmWithIncorrectData]
01:17:06.068 [Test worker] INFO  allcom.tests.TestBase -- PASSED: [validatePasswordConfirmWithIncorrectData], with Parameters: [1]
01:17:06.068 [Test worker] INFO  allcom.tests.TestBase -- Start test: [validatePasswordConfirmWithIncorrectData]
01:17:06.388 [Test worker] INFO  allcom.tests.TestBase -- PASSED: [validatePasswordConfirmWithIncorrectData], with Parameters: [*&^(*&%$##@]
01:17:06.388 [Test worker] INFO  allcom.tests.TestBase -- Start test: [validatePasswordConfirmWithIncorrectData]
01:17:06.813 [Test worker] INFO  allcom.tests.TestBase -- PASSED: [validatePasswordConfirmWithIncorrectData], with Parameters: [Qwertyuiop@1С‹]
01:17:06.813 [Test worker] INFO  allcom.tests.TestBase -- Start test: [validatePasswordConfirmWithIncorrectData]
01:17:07.334 [Test worker] INFO  allcom.tests.TestBase -- PASSED: [validatePasswordConfirmWithIncorrectData], with Parameters: [Р¤Р«Р’РђРђРџРєРіСѓС‰СѓС†Р·]
01:17:07.334 [Test worker] INFO  allcom.tests.TestBase -- Start test: [validatePasswordConfirmWithIncorrectData]
01:17:07.865 [Test worker] INFO  allcom.tests.TestBase -- PASSED: [validatePasswordConfirmWithIncorrectData], with Parameters: [Test 12345!]
01:17:07.865 [Test worker] INFO  allcom.tests.TestBase -- Start test: [validatePasswordConfirmWithIncorrectData]
01:17:08.307 [Test worker] INFO  allcom.tests.TestBase -- PASSED: [validatePasswordConfirmWithIncorrectData], with Parameters: [SELECT* FROM]
01:17:08.307 [Test worker] INFO  allcom.tests.TestBase -- Start test: [validatePasswordConfirmWithIncorrectData]
01:17:08.616 [Test worker] INFO  allcom.tests.TestBase -- PASSED: [validatePasswordConfirmWithIncorrectData], with Parameters: [www.gmail.com]
01:17:08.616 [Test worker] INFO  allcom.tests.TestBase -- Start test: [validatePasswordConfirmWithIncorrectData]
01:17:09.119 [Test worker] INFO  allcom.tests.TestBase -- PASSED: [validatePasswordConfirmWithIncorrectData], with Parameters: []
01:17:09.119 [Test worker] INFO  allcom.tests.TestBase -- Start test: [validatePasswordConfirmWithIncorrectData]
01:17:09.349 [Test worker] INFO  allcom.tests.TestBase -- PASSED: [validatePasswordConfirmWithIncorrectData], with Parameters: [В ]
01:17:09.349 [Test worker] INFO  allcom.tests.TestBase -- Start test: [validatePasswordConfirmWithIncorrectData]
01:17:09.841 [Test worker] INFO  allcom.tests.TestBase -- PASSED: [validatePasswordConfirmWithIncorrectData], with Parameters: []
01:17:09.843 [Test worker] INFO  allcom.tests.TestBase -- Start test: [validatePasswordConfirmWithIncorrectData]
01:17:10.082 [Test worker] INFO  allcom.tests.TestBase -- PASSED: [validatePasswordConfirmWithIncorrectData], with Parameters: [0]
01:17:10.082 [Test worker] INFO  allcom.tests.TestBase -- Start test: [validatePasswordConfirmWithIncorrectData]
01:17:10.724 [Test worker] INFO  allcom.tests.TestBase -- PASSED: [validatePasswordConfirmWithIncorrectData], with Parameters: [<input>]
01:17:10.725 [Test worker] INFO  allcom.tests.TestBase -- Start test: [validatePasswordConfirmWithIncorrectData]
01:17:11.202 [Test worker] INFO  allcom.tests.TestBase -- PASSED: [validatePasswordConfirmWithIncorrectData], with Parameters: [<script></script>]
01:17:11.202 [Test worker] INFO  allcom.tests.TestBase -- Start test: [validatePasswordConfirmWithIncorrectData]
01:17:11.542 [Test worker] INFO  allcom.tests.TestBase -- PASSED: [validatePasswordConfirmWithIncorrectData], with Parameters: [11111E+12]
01:17:11.543 [Test worker] INFO  allcom.tests.TestBase -- Start test: [validatePasswordWithIncorrectData]
01:17:12.102 [Test worker] INFO  allcom.tests.TestBase -- PASSED: [validatePasswordWithIncorrectData], with Parameters: [п»їTes123]
01:17:12.102 [Test worker] INFO  allcom.tests.TestBase -- Start test: [validatePasswordWithIncorrectData]
01:17:12.552 [Test worker] INFO  allcom.tests.TestBase -- PASSED: [validatePasswordWithIncorrectData], with Parameters: [Tes1234]
01:17:12.553 [Test worker] INFO  allcom.tests.TestBase -- Start test: [validatePasswordWithIncorrectData]
01:17:13.079 [Test worker] INFO  allcom.tests.TestBase -- PASSED: [validatePasswordWithIncorrectData], with Parameters: [Test1234555555555555555555555555555555555555555555555555555555555555555555555555555555555555]
01:17:13.079 [Test worker] INFO  allcom.tests.TestBase -- Start test: [validatePasswordWithIncorrectData]
01:17:13.484 [Test worker] INFO  allcom.tests.TestBase -- PASSED: [validatePasswordWithIncorrectData], with Parameters: [1]
01:17:13.484 [Test worker] INFO  allcom.tests.TestBase -- Start test: [validatePasswordWithIncorrectData]
01:17:14.031 [Test worker] INFO  allcom.tests.TestBase -- PASSED: [validatePasswordWithIncorrectData], with Parameters: [*&^(*&%$##@]
01:17:14.032 [Test worker] INFO  allcom.tests.TestBase -- Start test: [validatePasswordWithIncorrectData]
01:17:14.396 [Test worker] INFO  allcom.tests.TestBase -- PASSED: [validatePasswordWithIncorrectData], with Parameters: [Qwertyuiop@1С‹]
01:17:14.397 [Test worker] INFO  allcom.tests.TestBase -- Start test: [validatePasswordWithIncorrectData]
01:17:14.860 [Test worker] INFO  allcom.tests.TestBase -- PASSED: [validatePasswordWithIncorrectData], with Parameters: [Р¤Р«Р’РђРђРџРєРіСѓС‰СѓС†Р·]
01:17:14.860 [Test worker] INFO  allcom.tests.TestBase -- Start test: [validatePasswordWithIncorrectData]
01:17:15.183 [Test worker] INFO  allcom.tests.TestBase -- PASSED: [validatePasswordWithIncorrectData], with Parameters: [Test 12345!]
01:17:15.184 [Test worker] INFO  allcom.tests.TestBase -- Start test: [validatePasswordWithIncorrectData]
01:17:15.583 [Test worker] INFO  allcom.tests.TestBase -- PASSED: [validatePasswordWithIncorrectData], with Parameters: [SELECT* FROM]
01:17:15.583 [Test worker] INFO  allcom.tests.TestBase -- Start test: [validatePasswordWithIncorrectData]
01:17:16.243 [Test worker] INFO  allcom.tests.TestBase -- PASSED: [validatePasswordWithIncorrectData], with Parameters: [www.gmail.com]
01:17:16.243 [Test worker] INFO  allcom.tests.TestBase -- Start test: [validatePasswordWithIncorrectData]
01:17:16.764 [Test worker] INFO  allcom.tests.TestBase -- PASSED: [validatePasswordWithIncorrectData], with Parameters: []
01:17:16.765 [Test worker] INFO  allcom.tests.TestBase -- Start test: [validatePasswordWithIncorrectData]
01:17:17.017 [Test worker] INFO  allcom.tests.TestBase -- PASSED: [validatePasswordWithIncorrectData], with Parameters: [В ]
01:17:17.018 [Test worker] INFO  allcom.tests.TestBase -- Start test: [validatePasswordWithIncorrectData]
01:17:17.605 [Test worker] INFO  allcom.tests.TestBase -- PASSED: [validatePasswordWithIncorrectData], with Parameters: []
01:17:17.605 [Test worker] INFO  allcom.tests.TestBase -- Start test: [validatePasswordWithIncorrectData]
01:17:17.868 [Test worker] INFO  allcom.tests.TestBase -- PASSED: [validatePasswordWithIncorrectData], with Parameters: [0]
01:17:17.868 [Test worker] INFO  allcom.tests.TestBase -- Start test: [validatePasswordWithIncorrectData]
01:17:18.459 [Test worker] INFO  allcom.tests.TestBase -- PASSED: [validatePasswordWithIncorrectData], with Parameters: [<input>]
01:17:18.459 [Test worker] INFO  allcom.tests.TestBase -- Start test: [validatePasswordWithIncorrectData]
01:17:19.040 [Test worker] INFO  allcom.tests.TestBase -- PASSED: [validatePasswordWithIncorrectData], with Parameters: [<script></script>]
01:17:19.040 [Test worker] INFO  allcom.tests.TestBase -- Start test: [validatePasswordWithIncorrectData]
01:17:19.352 [Test worker] INFO  allcom.tests.TestBase -- PASSED: [validatePasswordWithIncorrectData], with Parameters: [11111E+12]
]]></system-out>
  <system-err><![CDATA[]]></system-err>
</testsuite>
