<?xml version="1.0" encoding="UTF-8"?>
<testsuite name="allcom.tests.header.HeaderAccountTests" tests="6" skipped="0" failures="0" errors="0" timestamp="2024-01-28T20:58:36" hostname="PORTISHEAD-PC" time="0.713">
  <properties/>
  <testcase name="cartTopIsPresent" classname="allcom.tests.header.HeaderAccountTests" time="0.0"/>
  <testcase name="clickCartTopNavigatesToCorrectPage" classname="allcom.tests.header.HeaderAccountTests" time="0.051"/>
  <testcase name="clickMyAccountTopNavigatesToCorrectPage" classname="allcom.tests.header.HeaderAccountTests" time="0.056"/>
  <testcase name="clickWishlistTopNavigatesToCorrectPage" classname="allcom.tests.header.HeaderAccountTests" time="0.047"/>
  <testcase name="myAccountTopIsPresent" classname="allcom.tests.header.HeaderAccountTests" time="0.001"/>
  <testcase name="wishlistTopIsPresent" classname="allcom.tests.header.HeaderAccountTests" time="0.0"/>
  <system-out><![CDATA[21:58:36.785 [Test worker] INFO  allcom.tests.TestBase -- Start test: [cartTopIsPresent]
21:58:36.892 [Test worker] INFO  allcom.tests.TestBase -- PASSED: [cartTopIsPresent], with Parameters: []
21:58:36.893 [Test worker] INFO  allcom.tests.TestBase -- Start test: [clickCartTopNavigatesToCorrectPage]
21:58:37.067 [Test worker] INFO  allcom.tests.TestBase -- PASSED: [clickCartTopNavigatesToCorrectPage], with Parameters: []
21:58:37.068 [Test worker] INFO  allcom.tests.TestBase -- Start test: [clickMyAccountTopNavigatesToCorrectPage]
21:58:37.228 [Test worker] INFO  allcom.tests.TestBase -- PASSED: [clickMyAccountTopNavigatesToCorrectPage], with Parameters: []
21:58:37.229 [Test worker] INFO  allcom.tests.TestBase -- Start test: [clickWishlistTopNavigatesToCorrectPage]
21:58:37.385 [Test worker] INFO  allcom.tests.TestBase -- PASSED: [clickWishlistTopNavigatesToCorrectPage], with Parameters: []
21:58:37.385 [Test worker] INFO  allcom.tests.TestBase -- Start test: [myAccountTopIsPresent]
21:58:37.493 [Test worker] INFO  allcom.tests.TestBase -- PASSED: [myAccountTopIsPresent], with Parameters: []
21:58:37.494 [Test worker] INFO  allcom.tests.TestBase -- Start test: [wishlistTopIsPresent]
21:58:37.604 [Test worker] INFO  allcom.tests.TestBase -- PASSED: [wishlistTopIsPresent], with Parameters: []
]]></system-out>
  <system-err><![CDATA[]]></system-err>
</testsuite>
