<?xml version="1.0" encoding="UTF-8"?>
<testsuite name="allcom.tests.registration.RegisterPageTests" tests="256" skipped="0" failures="0" errors="0" timestamp="2024-01-28T21:00:30" hostname="PORTISHEAD-PC" time="181.755">
  <properties/>
  <testcase name="registerClientWithValidDataPositiveTest" classname="allcom.tests.registration.RegisterPageTests" time="11.08"/>
  <testcase name="registerFirmaWithValidDataPositiveTest" classname="allcom.tests.registration.RegisterPageTests" time="12.3"/>
  <testcase name="validateCityWithIncorrectData[0]()" classname="allcom.tests.registration.RegisterPageTests" time="0.393"/>
  <testcase name="validateCityWithIncorrectData[1](В )" classname="allcom.tests.registration.RegisterPageTests" time="0.364"/>
  <testcase name="validateCityWithIncorrectData[2]()" classname="allcom.tests.registration.RegisterPageTests" time="0.149"/>
  <testcase name="validateCityWithIncorrectData[3](1)" classname="allcom.tests.registration.RegisterPageTests" time="0.177"/>
  <testcase name="validateCityWithIncorrectData[4](s)" classname="allcom.tests.registration.RegisterPageTests" time="0.383"/>
  <testcase name="validateCityWithIncorrectData[5](S)" classname="allcom.tests.registration.RegisterPageTests" time="0.375"/>
  <testcase name="validateCityWithIncorrectData[6](С‹)" classname="allcom.tests.registration.RegisterPageTests" time="0.373"/>
  <testcase name="validateCityWithIncorrectData[7](SС‹)" classname="allcom.tests.registration.RegisterPageTests" time="0.381"/>
  <testcase name="validateCityWithIncorrectData[8](S1)" classname="allcom.tests.registration.RegisterPageTests" time="0.4"/>
  <testcase name="validateCityWithIncorrectData[9](!)" classname="allcom.tests.registration.RegisterPageTests" time="0.383"/>
  <testcase name="validateCityWithIncorrectData[10](@)" classname="allcom.tests.registration.RegisterPageTests" time="0.292"/>
  <testcase name="validateCityWithIncorrectData[11](#)" classname="allcom.tests.registration.RegisterPageTests" time="0.153"/>
  <testcase name="validateCityWithIncorrectData[12](Ass$)" classname="allcom.tests.registration.RegisterPageTests" time="0.397"/>
  <testcase name="validateCityWithIncorrectData[13](ss%)" classname="allcom.tests.registration.RegisterPageTests" time="0.44"/>
  <testcase name="validateCityWithIncorrectData[14](()" classname="allcom.tests.registration.RegisterPageTests" time="0.396"/>
  <testcase name="validateCityWithIncorrectData[15](&lt;script&gt;&lt;/script&gt;)" classname="allcom.tests.registration.RegisterPageTests" time="0.446"/>
  <testcase name="validateCityWithIncorrectData[16](&lt;input&gt;)" classname="allcom.tests.registration.RegisterPageTests" time="0.343"/>
  <testcase name="validateCityWithIncorrectData[17](0)" classname="allcom.tests.registration.RegisterPageTests" time="0.145"/>
  <testcase name="validateCompanyNameWithIncorrectData[0]()" classname="allcom.tests.registration.RegisterPageTests" time="0.377"/>
  <testcase name="validateCompanyNameWithIncorrectData[1](В )" classname="allcom.tests.registration.RegisterPageTests" time="0.392"/>
  <testcase name="validateCompanyNameWithIncorrectData[2]()" classname="allcom.tests.registration.RegisterPageTests" time="0.284"/>
  <testcase name="validateCompanyNameWithIncorrectData[3](1)" classname="allcom.tests.registration.RegisterPageTests" time="0.142"/>
  <testcase name="validateCompanyNameWithIncorrectData[4](s)" classname="allcom.tests.registration.RegisterPageTests" time="0.393"/>
  <testcase name="validateCompanyNameWithIncorrectData[5](S)" classname="allcom.tests.registration.RegisterPageTests" time="0.471"/>
  <testcase name="validateCompanyNameWithIncorrectData[6](С‹)" classname="allcom.tests.registration.RegisterPageTests" time="0.435"/>
  <testcase name="validateCompanyNameWithIncorrectData[7](SС‹)" classname="allcom.tests.registration.RegisterPageTests" time="0.406"/>
  <testcase name="validateCompanyNameWithIncorrectData[8](!)" classname="allcom.tests.registration.RegisterPageTests" time="0.386"/>
  <testcase name="validateCompanyNameWithIncorrectData[9](@)" classname="allcom.tests.registration.RegisterPageTests" time="0.44"/>
  <testcase name="validateCompanyNameWithIncorrectData[10](#)" classname="allcom.tests.registration.RegisterPageTests" time="0.391"/>
  <testcase name="validateCompanyNameWithIncorrectData[11](()" classname="allcom.tests.registration.RegisterPageTests" time="0.403"/>
  <testcase name="validateCompanyNameWithIncorrectData[12](&lt;script&gt;&lt;/script&gt;)" classname="allcom.tests.registration.RegisterPageTests" time="0.468"/>
  <testcase name="validateCompanyNameWithIncorrectData[13](&lt;input&gt;)" classname="allcom.tests.registration.RegisterPageTests" time="0.473"/>
  <testcase name="validateCompanyNameWithIncorrectData[14](0)" classname="allcom.tests.registration.RegisterPageTests" time="0.501"/>
  <testcase name="validateCompanyPositionWithIncorrectData[0]()" classname="allcom.tests.registration.RegisterPageTests" time="0.167"/>
  <testcase name="validateCompanyPositionWithIncorrectData[1](В )" classname="allcom.tests.registration.RegisterPageTests" time="0.423"/>
  <testcase name="validateCompanyPositionWithIncorrectData[2]()" classname="allcom.tests.registration.RegisterPageTests" time="0.448"/>
  <testcase name="validateCompanyPositionWithIncorrectData[3](1)" classname="allcom.tests.registration.RegisterPageTests" time="0.485"/>
  <testcase name="validateCompanyPositionWithIncorrectData[4](s)" classname="allcom.tests.registration.RegisterPageTests" time="0.404"/>
  <testcase name="validateCompanyPositionWithIncorrectData[5](S)" classname="allcom.tests.registration.RegisterPageTests" time="0.385"/>
  <testcase name="validateCompanyPositionWithIncorrectData[6](С‹)" classname="allcom.tests.registration.RegisterPageTests" time="0.361"/>
  <testcase name="validateCompanyPositionWithIncorrectData[7](SС‹)" classname="allcom.tests.registration.RegisterPageTests" time="0.324"/>
  <testcase name="validateCompanyPositionWithIncorrectData[8](!)" classname="allcom.tests.registration.RegisterPageTests" time="0.145"/>
  <testcase name="validateCompanyPositionWithIncorrectData[9](@)" classname="allcom.tests.registration.RegisterPageTests" time="0.415"/>
  <testcase name="validateCompanyPositionWithIncorrectData[10](#)" classname="allcom.tests.registration.RegisterPageTests" time="0.414"/>
  <testcase name="validateCompanyPositionWithIncorrectData[11](Ass$)" classname="allcom.tests.registration.RegisterPageTests" time="0.427"/>
  <testcase name="validateCompanyPositionWithIncorrectData[12](ss%)" classname="allcom.tests.registration.RegisterPageTests" time="0.434"/>
  <testcase name="validateCompanyPositionWithIncorrectData[13](()" classname="allcom.tests.registration.RegisterPageTests" time="0.413"/>
  <testcase name="validateCompanyPositionWithIncorrectData[14](&lt;script&gt;&lt;/script&gt;)" classname="allcom.tests.registration.RegisterPageTests" time="0.466"/>
  <testcase name="validateCompanyPositionWithIncorrectData[15](&lt;input&gt;)" classname="allcom.tests.registration.RegisterPageTests" time="0.33"/>
  <testcase name="validateCompanyPositionWithIncorrectData[16](0)" classname="allcom.tests.registration.RegisterPageTests" time="0.144"/>
  <testcase name="validateComparePasswordsEqualityNegativeData" classname="allcom.tests.registration.RegisterPageTests" time="0.0"/>
  <testcase name="validateComparePasswordsEqualityPositiveData" classname="allcom.tests.registration.RegisterPageTests" time="0.538"/>
  <testcase name="validateEmailWithIncorrectData[0](п»ї)" classname="allcom.tests.registration.RegisterPageTests" time="0.128"/>
  <testcase name="validateEmailWithIncorrectData[1]()" classname="allcom.tests.registration.RegisterPageTests" time="0.37"/>
  <testcase name="validateEmailWithIncorrectData[2](testgmail.com)" classname="allcom.tests.registration.RegisterPageTests" time="0.321"/>
  <testcase name="validateEmailWithIncorrectData[3](test@.com)" classname="allcom.tests.registration.RegisterPageTests" time="0.536"/>
  <testcase name="validateEmailWithIncorrectData[4](test@gmailcom)" classname="allcom.tests.registration.RegisterPageTests" time="0.482"/>
  <testcase name="validateEmailWithIncorrectData[5](test@gmail.)" classname="allcom.tests.registration.RegisterPageTests" time="0.323"/>
  <testcase name="validateEmailWithIncorrectData[6](@gmail.com)" classname="allcom.tests.registration.RegisterPageTests" time="0.392"/>
  <testcase name="validateEmailWithIncorrectData[7](Fqpwiuery)" classname="allcom.tests.registration.RegisterPageTests" time="0.175"/>
  <testcase name="validateEmailWithIncorrectData[8](С†СѓРєС€РіРµС€РіР·)" classname="allcom.tests.registration.RegisterPageTests" time="0.178"/>
  <testcase name="validateEmailWithIncorrectData[9](&quot;%^&amp;()):&quot;)" classname="allcom.tests.registration.RegisterPageTests" time="0.527"/>
  <testcase name="validateEmailWithIncorrectData[10](1)" classname="allcom.tests.registration.RegisterPageTests" time="0.116"/>
  <testcase name="validateEmailWithIncorrectData[11](С‚РµСЃС‚@gmail.com)" classname="allcom.tests.registration.RegisterPageTests" time="0.771"/>
  <testcase name="validateEmailWithIncorrectData[12](SELECT* FROM)" classname="allcom.tests.registration.RegisterPageTests" time="0.576"/>
  <testcase name="validateEmailWithIncorrectData[13](test@@gmail.com)" classname="allcom.tests.registration.RegisterPageTests" time="0.483"/>
  <testcase name="validateEmailWithIncorrectData[14](www.telran.com)" classname="allcom.tests.registration.RegisterPageTests" time="0.442"/>
  <testcase name="validateEmailWithIncorrectData[15](tes t@gmail.com)" classname="allcom.tests.registration.RegisterPageTests" time="0.447"/>
  <testcase name="validateEmailWithIncorrectData[16](test@ gmail.com)" classname="allcom.tests.registration.RegisterPageTests" time="0.437"/>
  <testcase name="validateEmailWithIncorrectData[17](test@gmail .com)" classname="allcom.tests.registration.RegisterPageTests" time="0.435"/>
  <testcase name="validateEmailWithIncorrectData[18](test@gmail. com)" classname="allcom.tests.registration.RegisterPageTests" time="0.452"/>
  <testcase name="validateEmailWithIncorrectData[19](&lt;script&gt;&lt;/script&gt;)" classname="allcom.tests.registration.RegisterPageTests" time="0.594"/>
  <testcase name="validateEmailWithIncorrectData[20](&lt;input&gt;)" classname="allcom.tests.registration.RegisterPageTests" time="0.485"/>
  <testcase name="validateEmailWithIncorrectData[21](0)" classname="allcom.tests.registration.RegisterPageTests" time="0.488"/>
  <testcase name="validateFirstNameWithIncorrectData[0]()" classname="allcom.tests.registration.RegisterPageTests" time="0.113"/>
  <testcase name="validateFirstNameWithIncorrectData[1](В )" classname="allcom.tests.registration.RegisterPageTests" time="0.621"/>
  <testcase name="validateFirstNameWithIncorrectData[2]()" classname="allcom.tests.registration.RegisterPageTests" time="0.122"/>
  <testcase name="validateFirstNameWithIncorrectData[3](1)" classname="allcom.tests.registration.RegisterPageTests" time="0.434"/>
  <testcase name="validateFirstNameWithIncorrectData[4](s)" classname="allcom.tests.registration.RegisterPageTests" time="0.118"/>
  <testcase name="validateFirstNameWithIncorrectData[5](S)" classname="allcom.tests.registration.RegisterPageTests" time="0.428"/>
  <testcase name="validateFirstNameWithIncorrectData[6](С‹)" classname="allcom.tests.registration.RegisterPageTests" time="0.135"/>
  <testcase name="validateFirstNameWithIncorrectData[7](SС‹)" classname="allcom.tests.registration.RegisterPageTests" time="0.112"/>
  <testcase name="validateFirstNameWithIncorrectData[8](S1)" classname="allcom.tests.registration.RegisterPageTests" time="0.405"/>
  <testcase name="validateFirstNameWithIncorrectData[9](!)" classname="allcom.tests.registration.RegisterPageTests" time="0.102"/>
  <testcase name="validateFirstNameWithIncorrectData[10](@)" classname="allcom.tests.registration.RegisterPageTests" time="0.439"/>
  <testcase name="validateFirstNameWithIncorrectData[11](#)" classname="allcom.tests.registration.RegisterPageTests" time="0.111"/>
  <testcase name="validateFirstNameWithIncorrectData[12](Ass$)" classname="allcom.tests.registration.RegisterPageTests" time="0.428"/>
  <testcase name="validateFirstNameWithIncorrectData[13](ss%)" classname="allcom.tests.registration.RegisterPageTests" time="0.429"/>
  <testcase name="validateFirstNameWithIncorrectData[14](()" classname="allcom.tests.registration.RegisterPageTests" time="0.105"/>
  <testcase name="validateFirstNameWithIncorrectData[15](&lt;script&gt;&lt;/script&gt;)" classname="allcom.tests.registration.RegisterPageTests" time="0.537"/>
  <testcase name="validateFirstNameWithIncorrectData[16](&lt;input&gt;)" classname="allcom.tests.registration.RegisterPageTests" time="0.436"/>
  <testcase name="validateFirstNameWithIncorrectData[17](0)" classname="allcom.tests.registration.RegisterPageTests" time="0.427"/>
  <testcase name="validateHouseNumberWithIncorrectData[0](В )" classname="allcom.tests.registration.RegisterPageTests" time="0.45"/>
  <testcase name="validateHouseNumberWithIncorrectData[1]()" classname="allcom.tests.registration.RegisterPageTests" time="0.151"/>
  <testcase name="validateHouseNumberWithIncorrectData[2](С‹)" classname="allcom.tests.registration.RegisterPageTests" time="0.472"/>
  <testcase name="validateHouseNumberWithIncorrectData[3](СЏ)" classname="allcom.tests.registration.RegisterPageTests" time="0.489"/>
  <testcase name="validateHouseNumberWithIncorrectData[4](С‹)" classname="allcom.tests.registration.RegisterPageTests" time="0.491"/>
  <testcase name="validateHouseNumberWithIncorrectData[5](С‘)" classname="allcom.tests.registration.RegisterPageTests" time="0.369"/>
  <testcase name="validateHouseNumberWithIncorrectData[6](SС‹)" classname="allcom.tests.registration.RegisterPageTests" time="0.253"/>
  <testcase name="validateHouseNumberWithIncorrectData[7](!)" classname="allcom.tests.registration.RegisterPageTests" time="0.148"/>
  <testcase name="validateHouseNumberWithIncorrectData[8](@)" classname="allcom.tests.registration.RegisterPageTests" time="0.476"/>
  <testcase name="validateHouseNumberWithIncorrectData[9](Ass$)" classname="allcom.tests.registration.RegisterPageTests" time="0.703"/>
  <testcase name="validateHouseNumberWithIncorrectData[10](ss%)" classname="allcom.tests.registration.RegisterPageTests" time="0.584"/>
  <testcase name="validateHouseNumberWithIncorrectData[11](()" classname="allcom.tests.registration.RegisterPageTests" time="0.567"/>
  <testcase name="validateHouseNumberWithIncorrectData[12]((1)" classname="allcom.tests.registration.RegisterPageTests" time="0.48"/>
  <testcase name="validateHouseNumberWithIncorrectData[13](&lt;script&gt;&lt;/script&gt;)" classname="allcom.tests.registration.RegisterPageTests" time="0.549"/>
  <testcase name="validateHouseNumberWithIncorrectData[14](&lt;input&gt;)" classname="allcom.tests.registration.RegisterPageTests" time="0.54"/>
  <testcase name="validateLastNameWithIncorrectData[0]()" classname="allcom.tests.registration.RegisterPageTests" time="0.441"/>
  <testcase name="validateLastNameWithIncorrectData[1](В )" classname="allcom.tests.registration.RegisterPageTests" time="0.437"/>
  <testcase name="validateLastNameWithIncorrectData[2]()" classname="allcom.tests.registration.RegisterPageTests" time="0.439"/>
  <testcase name="validateLastNameWithIncorrectData[3](1)" classname="allcom.tests.registration.RegisterPageTests" time="0.502"/>
  <testcase name="validateLastNameWithIncorrectData[4](s)" classname="allcom.tests.registration.RegisterPageTests" time="0.464"/>
  <testcase name="validateLastNameWithIncorrectData[5](S)" classname="allcom.tests.registration.RegisterPageTests" time="0.455"/>
  <testcase name="validateLastNameWithIncorrectData[6](С‹)" classname="allcom.tests.registration.RegisterPageTests" time="0.451"/>
  <testcase name="validateLastNameWithIncorrectData[7](SС‹)" classname="allcom.tests.registration.RegisterPageTests" time="0.464"/>
  <testcase name="validateLastNameWithIncorrectData[8](S1)" classname="allcom.tests.registration.RegisterPageTests" time="0.468"/>
  <testcase name="validateLastNameWithIncorrectData[9](!)" classname="allcom.tests.registration.RegisterPageTests" time="0.473"/>
  <testcase name="validateLastNameWithIncorrectData[10](@)" classname="allcom.tests.registration.RegisterPageTests" time="0.473"/>
  <testcase name="validateLastNameWithIncorrectData[11](#)" classname="allcom.tests.registration.RegisterPageTests" time="0.454"/>
  <testcase name="validateLastNameWithIncorrectData[12](Ass$)" classname="allcom.tests.registration.RegisterPageTests" time="0.482"/>
  <testcase name="validateLastNameWithIncorrectData[13](ss%)" classname="allcom.tests.registration.RegisterPageTests" time="0.454"/>
  <testcase name="validateLastNameWithIncorrectData[14](()" classname="allcom.tests.registration.RegisterPageTests" time="0.47"/>
  <testcase name="validateLastNameWithIncorrectData[15](&lt;script&gt;&lt;/script&gt;)" classname="allcom.tests.registration.RegisterPageTests" time="0.49"/>
  <testcase name="validateLastNameWithIncorrectData[16](&lt;input&gt;)" classname="allcom.tests.registration.RegisterPageTests" time="0.602"/>
  <testcase name="validateLastNameWithIncorrectData[17](0)" classname="allcom.tests.registration.RegisterPageTests" time="0.658"/>
  <testcase name="validatePasswordConfirmWithIncorrectData[0](п»їTes123)" classname="allcom.tests.registration.RegisterPageTests" time="0.642"/>
  <testcase name="validatePasswordConfirmWithIncorrectData[1](Tes1234)" classname="allcom.tests.registration.RegisterPageTests" time="0.513"/>
  <testcase name="validatePasswordConfirmWithIncorrectData[2](Test1234555555555555555555555555555555555555555555555555555555555555555555555555555555555555)" classname="allcom.tests.registration.RegisterPageTests" time="0.691"/>
  <testcase name="validatePasswordConfirmWithIncorrectData[3](1)" classname="allcom.tests.registration.RegisterPageTests" time="0.472"/>
  <testcase name="validatePasswordConfirmWithIncorrectData[4](*&amp;^(*&amp;%$##@)" classname="allcom.tests.registration.RegisterPageTests" time="0.497"/>
  <testcase name="validatePasswordConfirmWithIncorrectData[5](Qwertyuiop@1С‹)" classname="allcom.tests.registration.RegisterPageTests" time="0.52"/>
  <testcase name="validatePasswordConfirmWithIncorrectData[6](Р¤Р«Р’РђРђРџРєРіСѓС‰СѓС†Р·)" classname="allcom.tests.registration.RegisterPageTests" time="0.56"/>
  <testcase name="validatePasswordConfirmWithIncorrectData[7](Test 12345!)" classname="allcom.tests.registration.RegisterPageTests" time="0.51"/>
  <testcase name="validatePasswordConfirmWithIncorrectData[8](SELECT* FROM)" classname="allcom.tests.registration.RegisterPageTests" time="0.585"/>
  <testcase name="validatePasswordConfirmWithIncorrectData[9](www.gmail.com)" classname="allcom.tests.registration.RegisterPageTests" time="0.5"/>
  <testcase name="validatePasswordConfirmWithIncorrectData[10]()" classname="allcom.tests.registration.RegisterPageTests" time="0.472"/>
  <testcase name="validatePasswordConfirmWithIncorrectData[11](В )" classname="allcom.tests.registration.RegisterPageTests" time="0.461"/>
  <testcase name="validatePasswordConfirmWithIncorrectData[12]()" classname="allcom.tests.registration.RegisterPageTests" time="0.34"/>
  <testcase name="validatePasswordConfirmWithIncorrectData[13](0)" classname="allcom.tests.registration.RegisterPageTests" time="0.475"/>
  <testcase name="validatePasswordConfirmWithIncorrectData[14](&lt;input&gt;)" classname="allcom.tests.registration.RegisterPageTests" time="0.51"/>
  <testcase name="validatePasswordConfirmWithIncorrectData[15](&lt;script&gt;&lt;/script&gt;)" classname="allcom.tests.registration.RegisterPageTests" time="0.552"/>
  <testcase name="validatePasswordConfirmWithIncorrectData[16](11111E+12)" classname="allcom.tests.registration.RegisterPageTests" time="0.503"/>
  <testcase name="validatePasswordWithIncorrectData[0](п»їTes123)" classname="allcom.tests.registration.RegisterPageTests" time="0.513"/>
  <testcase name="validatePasswordWithIncorrectData[1](Tes1234)" classname="allcom.tests.registration.RegisterPageTests" time="0.496"/>
  <testcase name="validatePasswordWithIncorrectData[2](Test1234555555555555555555555555555555555555555555555555555555555555555555555555555555555555)" classname="allcom.tests.registration.RegisterPageTests" time="0.701"/>
  <testcase name="validatePasswordWithIncorrectData[3](1)" classname="allcom.tests.registration.RegisterPageTests" time="0.494"/>
  <testcase name="validatePasswordWithIncorrectData[4](*&amp;^(*&amp;%$##@)" classname="allcom.tests.registration.RegisterPageTests" time="0.253"/>
  <testcase name="validatePasswordWithIncorrectData[5](Qwertyuiop@1С‹)" classname="allcom.tests.registration.RegisterPageTests" time="0.209"/>
  <testcase name="validatePasswordWithIncorrectData[6](Р¤Р«Р’РђРђРџРєРіСѓС‰СѓС†Р·)" classname="allcom.tests.registration.RegisterPageTests" time="0.57"/>
  <testcase name="validatePasswordWithIncorrectData[7](Test 12345!)" classname="allcom.tests.registration.RegisterPageTests" time="0.521"/>
  <testcase name="validatePasswordWithIncorrectData[8](SELECT* FROM)" classname="allcom.tests.registration.RegisterPageTests" time="0.518"/>
  <testcase name="validatePasswordWithIncorrectData[9](www.gmail.com)" classname="allcom.tests.registration.RegisterPageTests" time="0.528"/>
  <testcase name="validatePasswordWithIncorrectData[10]()" classname="allcom.tests.registration.RegisterPageTests" time="0.469"/>
  <testcase name="validatePasswordWithIncorrectData[11](В )" classname="allcom.tests.registration.RegisterPageTests" time="0.498"/>
  <testcase name="validatePasswordWithIncorrectData[12]()" classname="allcom.tests.registration.RegisterPageTests" time="0.474"/>
  <testcase name="validatePasswordWithIncorrectData[13](0)" classname="allcom.tests.registration.RegisterPageTests" time="0.504"/>
  <testcase name="validatePasswordWithIncorrectData[14](&lt;input&gt;)" classname="allcom.tests.registration.RegisterPageTests" time="0.515"/>
  <testcase name="validatePasswordWithIncorrectData[15](&lt;script&gt;&lt;/script&gt;)" classname="allcom.tests.registration.RegisterPageTests" time="0.552"/>
  <testcase name="validatePasswordWithIncorrectData[16](11111E+12)" classname="allcom.tests.registration.RegisterPageTests" time="0.573"/>
  <testcase name="validatePhoneWithIncorrectData[0]()" classname="allcom.tests.registration.RegisterPageTests" time="0.49"/>
  <testcase name="validatePhoneWithIncorrectData[1](В )" classname="allcom.tests.registration.RegisterPageTests" time="0.514"/>
  <testcase name="validatePhoneWithIncorrectData[2]()" classname="allcom.tests.registration.RegisterPageTests" time="0.503"/>
  <testcase name="validatePhoneWithIncorrectData[3](1)" classname="allcom.tests.registration.RegisterPageTests" time="0.514"/>
  <testcase name="validatePhoneWithIncorrectData[4](s)" classname="allcom.tests.registration.RegisterPageTests" time="0.242"/>
  <testcase name="validatePhoneWithIncorrectData[5](S)" classname="allcom.tests.registration.RegisterPageTests" time="0.122"/>
  <testcase name="validatePhoneWithIncorrectData[6](С‹)" classname="allcom.tests.registration.RegisterPageTests" time="0.515"/>
  <testcase name="validatePhoneWithIncorrectData[7](SС‹)" classname="allcom.tests.registration.RegisterPageTests" time="0.526"/>
  <testcase name="validatePhoneWithIncorrectData[8](S1)" classname="allcom.tests.registration.RegisterPageTests" time="0.557"/>
  <testcase name="validatePhoneWithIncorrectData[9](!)" classname="allcom.tests.registration.RegisterPageTests" time="0.506"/>
  <testcase name="validatePhoneWithIncorrectData[10](@)" classname="allcom.tests.registration.RegisterPageTests" time="0.657"/>
  <testcase name="validatePhoneWithIncorrectData[11](#)" classname="allcom.tests.registration.RegisterPageTests" time="0.831"/>
  <testcase name="validatePhoneWithIncorrectData[12](Ass$)" classname="allcom.tests.registration.RegisterPageTests" time="0.679"/>
  <testcase name="validatePhoneWithIncorrectData[13](ss%)" classname="allcom.tests.registration.RegisterPageTests" time="0.558"/>
  <testcase name="validatePhoneWithIncorrectData[14](()" classname="allcom.tests.registration.RegisterPageTests" time="0.531"/>
  <testcase name="validatePhoneWithIncorrectData[15](&lt;script&gt;&lt;/script&gt;)" classname="allcom.tests.registration.RegisterPageTests" time="0.618"/>
  <testcase name="validatePhoneWithIncorrectData[16](&lt;input&gt;)" classname="allcom.tests.registration.RegisterPageTests" time="0.325"/>
  <testcase name="validatePhoneWithIncorrectData[17](0)" classname="allcom.tests.registration.RegisterPageTests" time="0.118"/>
  <testcase name="validatePhoneWithIncorrectData[18](123456789)" classname="allcom.tests.registration.RegisterPageTests" time="0.549"/>
  <testcase name="validatePhoneWithIncorrectData[19](null)" classname="allcom.tests.registration.RegisterPageTests" time="0.529"/>
  <testcase name="validatePhoneWithIncorrectData[20](1234567890123)" classname="allcom.tests.registration.RegisterPageTests" time="0.652"/>
  <testcase name="validatePhoneWithIncorrectData[21](1234567890С‹)" classname="allcom.tests.registration.RegisterPageTests" time="0.609"/>
  <testcase name="validatePhoneWithIncorrectData[22](1234567890s)" classname="allcom.tests.registration.RegisterPageTests" time="0.578"/>
  <testcase name="validatePhoneWithIncorrectData[23](123456789O)" classname="allcom.tests.registration.RegisterPageTests" time="0.572"/>
  <testcase name="validatePostalWithIncorrectData[0]()" classname="allcom.tests.registration.RegisterPageTests" time="0.605"/>
  <testcase name="validatePostalWithIncorrectData[1](В )" classname="allcom.tests.registration.RegisterPageTests" time="0.596"/>
  <testcase name="validatePostalWithIncorrectData[2]()" classname="allcom.tests.registration.RegisterPageTests" time="0.574"/>
  <testcase name="validatePostalWithIncorrectData[3](1)" classname="allcom.tests.registration.RegisterPageTests" time="0.618"/>
  <testcase name="validatePostalWithIncorrectData[4](s)" classname="allcom.tests.registration.RegisterPageTests" time="0.607"/>
  <testcase name="validatePostalWithIncorrectData[5](S)" classname="allcom.tests.registration.RegisterPageTests" time="0.612"/>
  <testcase name="validatePostalWithIncorrectData[6](С‹)" classname="allcom.tests.registration.RegisterPageTests" time="0.603"/>
  <testcase name="validatePostalWithIncorrectData[7](SС‹)" classname="allcom.tests.registration.RegisterPageTests" time="0.587"/>
  <testcase name="validatePostalWithIncorrectData[8](S1)" classname="allcom.tests.registration.RegisterPageTests" time="0.585"/>
  <testcase name="validatePostalWithIncorrectData[9](!)" classname="allcom.tests.registration.RegisterPageTests" time="0.6"/>
  <testcase name="validatePostalWithIncorrectData[10](@)" classname="allcom.tests.registration.RegisterPageTests" time="0.604"/>
  <testcase name="validatePostalWithIncorrectData[11](#)" classname="allcom.tests.registration.RegisterPageTests" time="0.606"/>
  <testcase name="validatePostalWithIncorrectData[12](Ass$)" classname="allcom.tests.registration.RegisterPageTests" time="0.621"/>
  <testcase name="validatePostalWithIncorrectData[13](ss%)" classname="allcom.tests.registration.RegisterPageTests" time="0.625"/>
  <testcase name="validatePostalWithIncorrectData[14](()" classname="allcom.tests.registration.RegisterPageTests" time="0.67"/>
  <testcase name="validatePostalWithIncorrectData[15](&lt;script&gt;&lt;/script&gt;)" classname="allcom.tests.registration.RegisterPageTests" time="0.689"/>
  <testcase name="validatePostalWithIncorrectData[16](&lt;input&gt;)" classname="allcom.tests.registration.RegisterPageTests" time="0.622"/>
  <testcase name="validatePostalWithIncorrectData[17](0)" classname="allcom.tests.registration.RegisterPageTests" time="0.625"/>
  <testcase name="validatePostalWithIncorrectData[18](1234)" classname="allcom.tests.registration.RegisterPageTests" time="0.659"/>
  <testcase name="validatePostalWithIncorrectData[19](123456)" classname="allcom.tests.registration.RegisterPageTests" time="0.677"/>
  <testcase name="validatePostalWithIncorrectData[20](12345d)" classname="allcom.tests.registration.RegisterPageTests" time="0.635"/>
  <testcase name="validatePostalWithIncorrectData[21](O01234)" classname="allcom.tests.registration.RegisterPageTests" time="0.652"/>
  <testcase name="validatePostalWithIncorrectData[22](1234#)" classname="allcom.tests.registration.RegisterPageTests" time="0.648"/>
  <testcase name="validatePostalWithIncorrectData[23](null)" classname="allcom.tests.registration.RegisterPageTests" time="0.642"/>
  <testcase name="validatePostalWithIncorrectData[24](12345s)" classname="allcom.tests.registration.RegisterPageTests" time="0.654"/>
  <testcase name="validatePostalWithIncorrectData[25](1234567890s)" classname="allcom.tests.registration.RegisterPageTests" time="0.669"/>
  <testcase name="validatePostalWithIncorrectData[26](123456789O)" classname="allcom.tests.registration.RegisterPageTests" time="0.648"/>
  <testcase name="validatePostalWithIncorrectData[27](123456789012345678901)" classname="allcom.tests.registration.RegisterPageTests" time="0.713"/>
  <testcase name="validateStreetWithIncorrectData[0]()" classname="allcom.tests.registration.RegisterPageTests" time="0.645"/>
  <testcase name="validateStreetWithIncorrectData[1](В )" classname="allcom.tests.registration.RegisterPageTests" time="0.696"/>
  <testcase name="validateStreetWithIncorrectData[2]()" classname="allcom.tests.registration.RegisterPageTests" time="0.625"/>
  <testcase name="validateStreetWithIncorrectData[3](1)" classname="allcom.tests.registration.RegisterPageTests" time="0.643"/>
  <testcase name="validateStreetWithIncorrectData[4](s)" classname="allcom.tests.registration.RegisterPageTests" time="0.664"/>
  <testcase name="validateStreetWithIncorrectData[5](S)" classname="allcom.tests.registration.RegisterPageTests" time="0.647"/>
  <testcase name="validateStreetWithIncorrectData[6](С‹)" classname="allcom.tests.registration.RegisterPageTests" time="0.641"/>
  <testcase name="validateStreetWithIncorrectData[7](SС‹)" classname="allcom.tests.registration.RegisterPageTests" time="0.643"/>
  <testcase name="validateStreetWithIncorrectData[8](!)" classname="allcom.tests.registration.RegisterPageTests" time="0.643"/>
  <testcase name="validateStreetWithIncorrectData[9](@)" classname="allcom.tests.registration.RegisterPageTests" time="0.637"/>
  <testcase name="validateStreetWithIncorrectData[10](#)" classname="allcom.tests.registration.RegisterPageTests" time="0.639"/>
  <testcase name="validateStreetWithIncorrectData[11](Ass$)" classname="allcom.tests.registration.RegisterPageTests" time="0.907"/>
  <testcase name="validateStreetWithIncorrectData[12](ss%)" classname="allcom.tests.registration.RegisterPageTests" time="0.942"/>
  <testcase name="validateStreetWithIncorrectData[13](()" classname="allcom.tests.registration.RegisterPageTests" time="0.617"/>
  <testcase name="validateStreetWithIncorrectData[14](&lt;script&gt;&lt;/script&gt;)" classname="allcom.tests.registration.RegisterPageTests" time="0.712"/>
  <testcase name="validateStreetWithIncorrectData[15](&lt;input&gt;)" classname="allcom.tests.registration.RegisterPageTests" time="0.687"/>
  <testcase name="validateStreetWithIncorrectData[16](0)" classname="allcom.tests.registration.RegisterPageTests" time="0.627"/>
  <testcase name="validateTaxWithIncorrectData[0]()" classname="allcom.tests.registration.RegisterPageTests" time="0.619"/>
  <testcase name="validateTaxWithIncorrectData[1](В )" classname="allcom.tests.registration.RegisterPageTests" time="0.712"/>
  <testcase name="validateTaxWithIncorrectData[2]()" classname="allcom.tests.registration.RegisterPageTests" time="0.392"/>
  <testcase name="validateTaxWithIncorrectData[3](1)" classname="allcom.tests.registration.RegisterPageTests" time="0.163"/>
  <testcase name="validateTaxWithIncorrectData[4](s)" classname="allcom.tests.registration.RegisterPageTests" time="0.641"/>
  <testcase name="validateTaxWithIncorrectData[5](S)" classname="allcom.tests.registration.RegisterPageTests" time="0.658"/>
  <testcase name="validateTaxWithIncorrectData[6](С‹)" classname="allcom.tests.registration.RegisterPageTests" time="0.885"/>
  <testcase name="validateTaxWithIncorrectData[7](SС‹)" classname="allcom.tests.registration.RegisterPageTests" time="0.849"/>
  <testcase name="validateTaxWithIncorrectData[8](S1)" classname="allcom.tests.registration.RegisterPageTests" time="0.758"/>
  <testcase name="validateTaxWithIncorrectData[9](!)" classname="allcom.tests.registration.RegisterPageTests" time="0.676"/>
  <testcase name="validateTaxWithIncorrectData[10](@)" classname="allcom.tests.registration.RegisterPageTests" time="0.642"/>
  <testcase name="validateTaxWithIncorrectData[11](#)" classname="allcom.tests.registration.RegisterPageTests" time="0.818"/>
  <testcase name="validateTaxWithIncorrectData[12](Ass$)" classname="allcom.tests.registration.RegisterPageTests" time="0.688"/>
  <testcase name="validateTaxWithIncorrectData[13](ss%)" classname="allcom.tests.registration.RegisterPageTests" time="0.749"/>
  <testcase name="validateTaxWithIncorrectData[14](()" classname="allcom.tests.registration.RegisterPageTests" time="0.992"/>
  <testcase name="validateTaxWithIncorrectData[15](&lt;script&gt;&lt;/script&gt;)" classname="allcom.tests.registration.RegisterPageTests" time="0.924"/>
  <testcase name="validateTaxWithIncorrectData[16](&lt;input&gt;)" classname="allcom.tests.registration.RegisterPageTests" time="0.71"/>
  <testcase name="validateTaxWithIncorrectData[17](0)" classname="allcom.tests.registration.RegisterPageTests" time="0.71"/>
  <testcase name="validateTaxWithIncorrectData[18](12345678)" classname="allcom.tests.registration.RegisterPageTests" time="0.688"/>
  <testcase name="validateTaxWithIncorrectData[19](123456789d)" classname="allcom.tests.registration.RegisterPageTests" time="0.81"/>
  <testcase name="validateTaxWithIncorrectData[20](123456789#)" classname="allcom.tests.registration.RegisterPageTests" time="0.686"/>
  <testcase name="validateTaxWithIncorrectData[21](null)" classname="allcom.tests.registration.RegisterPageTests" time="0.656"/>
  <testcase name="validateTaxWithIncorrectData[22](1234567890С‹)" classname="allcom.tests.registration.RegisterPageTests" time="0.685"/>
  <testcase name="validateTaxWithIncorrectData[23](1234567890s)" classname="allcom.tests.registration.RegisterPageTests" time="0.697"/>
  <testcase name="validateTaxWithIncorrectData[24](123456789O)" classname="allcom.tests.registration.RegisterPageTests" time="0.737"/>
  <testcase name="validateTaxWithIncorrectData[25](123456789012345678901)" classname="allcom.tests.registration.RegisterPageTests" time="0.791"/>
  <system-out><![CDATA[22:00:30.036 [Test worker] INFO  allcom.tests.TestBase -- Start test: [registerClientWithValidDataPositiveTest]
22:00:41.360 [Test worker] INFO  allcom.tests.TestBase -- PASSED: [registerClientWithValidDataPositiveTest], with Parameters: []
22:00:41.360 [Test worker] INFO  allcom.tests.TestBase -- Start test: [registerFirmaWithValidDataPositiveTest]
22:00:53.803 [Test worker] INFO  allcom.tests.TestBase -- PASSED: [registerFirmaWithValidDataPositiveTest], with Parameters: []
22:00:53.805 [Test worker] INFO  allcom.tests.TestBase -- Start test: [validateCityWithIncorrectData]
22:00:54.361 [Test worker] INFO  allcom.tests.TestBase -- PASSED: [validateCityWithIncorrectData], with Parameters: []
22:00:54.361 [Test worker] INFO  allcom.tests.TestBase -- Start test: [validateCityWithIncorrectData]
22:00:54.851 [Test worker] INFO  allcom.tests.TestBase -- PASSED: [validateCityWithIncorrectData], with Parameters: [В ]
22:00:54.851 [Test worker] INFO  allcom.tests.TestBase -- Start test: [validateCityWithIncorrectData]
22:00:55.127 [Test worker] INFO  allcom.tests.TestBase -- PASSED: [validateCityWithIncorrectData], with Parameters: []
22:00:55.127 [Test worker] INFO  allcom.tests.TestBase -- Start test: [validateCityWithIncorrectData]
22:00:55.578 [Test worker] INFO  allcom.tests.TestBase -- PASSED: [validateCityWithIncorrectData], with Parameters: [1]
22:00:55.578 [Test worker] INFO  allcom.tests.TestBase -- Start test: [validateCityWithIncorrectData]
22:00:56.054 [Test worker] INFO  allcom.tests.TestBase -- PASSED: [validateCityWithIncorrectData], with Parameters: [s]
22:00:56.054 [Test worker] INFO  allcom.tests.TestBase -- Start test: [validateCityWithIncorrectData]
22:00:56.553 [Test worker] INFO  allcom.tests.TestBase -- PASSED: [validateCityWithIncorrectData], with Parameters: [S]
22:00:56.553 [Test worker] INFO  allcom.tests.TestBase -- Start test: [validateCityWithIncorrectData]
22:00:57.045 [Test worker] INFO  allcom.tests.TestBase -- PASSED: [validateCityWithIncorrectData], with Parameters: [С‹]
22:00:57.045 [Test worker] INFO  allcom.tests.TestBase -- Start test: [validateCityWithIncorrectData]
22:00:57.550 [Test worker] INFO  allcom.tests.TestBase -- PASSED: [validateCityWithIncorrectData], with Parameters: [SС‹]
22:00:57.551 [Test worker] INFO  allcom.tests.TestBase -- Start test: [validateCityWithIncorrectData]
22:00:58.064 [Test worker] INFO  allcom.tests.TestBase -- PASSED: [validateCityWithIncorrectData], with Parameters: [S1]
22:00:58.065 [Test worker] INFO  allcom.tests.TestBase -- Start test: [validateCityWithIncorrectData]
22:00:58.567 [Test worker] INFO  allcom.tests.TestBase -- PASSED: [validateCityWithIncorrectData], with Parameters: [!]
22:00:58.568 [Test worker] INFO  allcom.tests.TestBase -- Start test: [validateCityWithIncorrectData]
22:00:58.976 [Test worker] INFO  allcom.tests.TestBase -- PASSED: [validateCityWithIncorrectData], with Parameters: [@]
22:00:58.976 [Test worker] INFO  allcom.tests.TestBase -- Start test: [validateCityWithIncorrectData]
22:00:59.284 [Test worker] INFO  allcom.tests.TestBase -- PASSED: [validateCityWithIncorrectData], with Parameters: [#]
22:00:59.284 [Test worker] INFO  allcom.tests.TestBase -- Start test: [validateCityWithIncorrectData]
22:00:59.822 [Test worker] INFO  allcom.tests.TestBase -- PASSED: [validateCityWithIncorrectData], with Parameters: [Ass$]
22:00:59.822 [Test worker] INFO  allcom.tests.TestBase -- Start test: [validateCityWithIncorrectData]
22:01:00.392 [Test worker] INFO  allcom.tests.TestBase -- PASSED: [validateCityWithIncorrectData], with Parameters: [ss%]
22:01:00.392 [Test worker] INFO  allcom.tests.TestBase -- Start test: [validateCityWithIncorrectData]
22:01:00.909 [Test worker] INFO  allcom.tests.TestBase -- PASSED: [validateCityWithIncorrectData], with Parameters: [(]
22:01:00.909 [Test worker] INFO  allcom.tests.TestBase -- Start test: [validateCityWithIncorrectData]
22:01:01.480 [Test worker] INFO  allcom.tests.TestBase -- PASSED: [validateCityWithIncorrectData], with Parameters: [<script></script>]
22:01:01.481 [Test worker] INFO  allcom.tests.TestBase -- Start test: [validateCityWithIncorrectData]
22:01:01.949 [Test worker] INFO  allcom.tests.TestBase -- PASSED: [validateCityWithIncorrectData], with Parameters: [<input>]
22:01:01.950 [Test worker] INFO  allcom.tests.TestBase -- Start test: [validateCityWithIncorrectData]
22:01:02.246 [Test worker] INFO  allcom.tests.TestBase -- PASSED: [validateCityWithIncorrectData], with Parameters: [0]
22:01:02.247 [Test worker] INFO  allcom.tests.TestBase -- Start test: [validateCompanyNameWithIncorrectData]
22:01:02.760 [Test worker] INFO  allcom.tests.TestBase -- PASSED: [validateCompanyNameWithIncorrectData], with Parameters: []
22:01:02.760 [Test worker] INFO  allcom.tests.TestBase -- Start test: [validateCompanyNameWithIncorrectData]
22:01:03.282 [Test worker] INFO  allcom.tests.TestBase -- PASSED: [validateCompanyNameWithIncorrectData], with Parameters: [В ]
22:01:03.282 [Test worker] INFO  allcom.tests.TestBase -- Start test: [validateCompanyNameWithIncorrectData]
22:01:03.697 [Test worker] INFO  allcom.tests.TestBase -- PASSED: [validateCompanyNameWithIncorrectData], with Parameters: []
22:01:03.697 [Test worker] INFO  allcom.tests.TestBase -- Start test: [validateCompanyNameWithIncorrectData]
22:01:04.006 [Test worker] INFO  allcom.tests.TestBase -- PASSED: [validateCompanyNameWithIncorrectData], with Parameters: [1]
22:01:04.006 [Test worker] INFO  allcom.tests.TestBase -- Start test: [validateCompanyNameWithIncorrectData]
22:01:04.532 [Test worker] INFO  allcom.tests.TestBase -- PASSED: [validateCompanyNameWithIncorrectData], with Parameters: [s]
22:01:04.533 [Test worker] INFO  allcom.tests.TestBase -- Start test: [validateCompanyNameWithIncorrectData]
22:01:05.119 [Test worker] INFO  allcom.tests.TestBase -- PASSED: [validateCompanyNameWithIncorrectData], with Parameters: [S]
22:01:05.119 [Test worker] INFO  allcom.tests.TestBase -- Start test: [validateCompanyNameWithIncorrectData]
22:01:05.670 [Test worker] INFO  allcom.tests.TestBase -- PASSED: [validateCompanyNameWithIncorrectData], with Parameters: [С‹]
22:01:05.670 [Test worker] INFO  allcom.tests.TestBase -- Start test: [validateCompanyNameWithIncorrectData]
22:01:06.208 [Test worker] INFO  allcom.tests.TestBase -- PASSED: [validateCompanyNameWithIncorrectData], with Parameters: [SС‹]
22:01:06.208 [Test worker] INFO  allcom.tests.TestBase -- Start test: [validateCompanyNameWithIncorrectData]
22:01:06.720 [Test worker] INFO  allcom.tests.TestBase -- PASSED: [validateCompanyNameWithIncorrectData], with Parameters: [!]
22:01:06.721 [Test worker] INFO  allcom.tests.TestBase -- Start test: [validateCompanyNameWithIncorrectData]
22:01:07.275 [Test worker] INFO  allcom.tests.TestBase -- PASSED: [validateCompanyNameWithIncorrectData], with Parameters: [@]
22:01:07.276 [Test worker] INFO  allcom.tests.TestBase -- Start test: [validateCompanyNameWithIncorrectData]
22:01:07.793 [Test worker] INFO  allcom.tests.TestBase -- PASSED: [validateCompanyNameWithIncorrectData], with Parameters: [#]
22:01:07.793 [Test worker] INFO  allcom.tests.TestBase -- Start test: [validateCompanyNameWithIncorrectData]
22:01:08.320 [Test worker] INFO  allcom.tests.TestBase -- PASSED: [validateCompanyNameWithIncorrectData], with Parameters: [(]
22:01:08.320 [Test worker] INFO  allcom.tests.TestBase -- Start test: [validateCompanyNameWithIncorrectData]
22:01:08.917 [Test worker] INFO  allcom.tests.TestBase -- PASSED: [validateCompanyNameWithIncorrectData], with Parameters: [<script></script>]
22:01:08.917 [Test worker] INFO  allcom.tests.TestBase -- Start test: [validateCompanyNameWithIncorrectData]
22:01:09.525 [Test worker] INFO  allcom.tests.TestBase -- PASSED: [validateCompanyNameWithIncorrectData], with Parameters: [<input>]
22:01:09.526 [Test worker] INFO  allcom.tests.TestBase -- Start test: [validateCompanyNameWithIncorrectData]
22:01:10.276 [Test worker] INFO  allcom.tests.TestBase -- PASSED: [validateCompanyNameWithIncorrectData], with Parameters: [0]
22:01:10.277 [Test worker] INFO  allcom.tests.TestBase -- Start test: [validateCompanyPositionWithIncorrectData]
22:01:10.648 [Test worker] INFO  allcom.tests.TestBase -- PASSED: [validateCompanyPositionWithIncorrectData], with Parameters: []
22:01:10.648 [Test worker] INFO  allcom.tests.TestBase -- Start test: [validateCompanyPositionWithIncorrectData]
22:01:11.304 [Test worker] INFO  allcom.tests.TestBase -- PASSED: [validateCompanyPositionWithIncorrectData], with Parameters: [В ]
22:01:11.304 [Test worker] INFO  allcom.tests.TestBase -- Start test: [validateCompanyPositionWithIncorrectData]
22:01:11.876 [Test worker] INFO  allcom.tests.TestBase -- PASSED: [validateCompanyPositionWithIncorrectData], with Parameters: []
22:01:11.878 [Test worker] INFO  allcom.tests.TestBase -- Start test: [validateCompanyPositionWithIncorrectData]
22:01:12.486 [Test worker] INFO  allcom.tests.TestBase -- PASSED: [validateCompanyPositionWithIncorrectData], with Parameters: [1]
22:01:12.486 [Test worker] INFO  allcom.tests.TestBase -- Start test: [validateCompanyPositionWithIncorrectData]
22:01:13.019 [Test worker] INFO  allcom.tests.TestBase -- PASSED: [validateCompanyPositionWithIncorrectData], with Parameters: [s]
22:01:13.019 [Test worker] INFO  allcom.tests.TestBase -- Start test: [validateCompanyPositionWithIncorrectData]
22:01:13.532 [Test worker] INFO  allcom.tests.TestBase -- PASSED: [validateCompanyPositionWithIncorrectData], with Parameters: [S]
22:01:13.532 [Test worker] INFO  allcom.tests.TestBase -- Start test: [validateCompanyPositionWithIncorrectData]
22:01:14.021 [Test worker] INFO  allcom.tests.TestBase -- PASSED: [validateCompanyPositionWithIncorrectData], with Parameters: [С‹]
22:01:14.021 [Test worker] INFO  allcom.tests.TestBase -- Start test: [validateCompanyPositionWithIncorrectData]
22:01:14.487 [Test worker] INFO  allcom.tests.TestBase -- PASSED: [validateCompanyPositionWithIncorrectData], with Parameters: [SС‹]
22:01:14.487 [Test worker] INFO  allcom.tests.TestBase -- Start test: [validateCompanyPositionWithIncorrectData]
22:01:14.820 [Test worker] INFO  allcom.tests.TestBase -- PASSED: [validateCompanyPositionWithIncorrectData], with Parameters: [!]
22:01:14.821 [Test worker] INFO  allcom.tests.TestBase -- Start test: [validateCompanyPositionWithIncorrectData]
22:01:15.369 [Test worker] INFO  allcom.tests.TestBase -- PASSED: [validateCompanyPositionWithIncorrectData], with Parameters: [@]
22:01:15.369 [Test worker] INFO  allcom.tests.TestBase -- Start test: [validateCompanyPositionWithIncorrectData]
22:01:15.916 [Test worker] INFO  allcom.tests.TestBase -- PASSED: [validateCompanyPositionWithIncorrectData], with Parameters: [#]
22:01:15.916 [Test worker] INFO  allcom.tests.TestBase -- Start test: [validateCompanyPositionWithIncorrectData]
22:01:16.466 [Test worker] INFO  allcom.tests.TestBase -- PASSED: [validateCompanyPositionWithIncorrectData], with Parameters: [Ass$]
22:01:16.466 [Test worker] INFO  allcom.tests.TestBase -- Start test: [validateCompanyPositionWithIncorrectData]
22:01:17.014 [Test worker] INFO  allcom.tests.TestBase -- PASSED: [validateCompanyPositionWithIncorrectData], with Parameters: [ss%]
22:01:17.014 [Test worker] INFO  allcom.tests.TestBase -- Start test: [validateCompanyPositionWithIncorrectData]
22:01:17.548 [Test worker] INFO  allcom.tests.TestBase -- PASSED: [validateCompanyPositionWithIncorrectData], with Parameters: [(]
22:01:17.548 [Test worker] INFO  allcom.tests.TestBase -- Start test: [validateCompanyPositionWithIncorrectData]
22:01:18.116 [Test worker] INFO  allcom.tests.TestBase -- PASSED: [validateCompanyPositionWithIncorrectData], with Parameters: [<script></script>]
22:01:18.116 [Test worker] INFO  allcom.tests.TestBase -- Start test: [validateCompanyPositionWithIncorrectData]
22:01:18.582 [Test worker] INFO  allcom.tests.TestBase -- PASSED: [validateCompanyPositionWithIncorrectData], with Parameters: [<input>]
22:01:18.583 [Test worker] INFO  allcom.tests.TestBase -- Start test: [validateCompanyPositionWithIncorrectData]
22:01:18.945 [Test worker] INFO  allcom.tests.TestBase -- PASSED: [validateCompanyPositionWithIncorrectData], with Parameters: [0]
22:01:18.946 [Test worker] INFO  allcom.tests.TestBase -- Start test: [validateComparePasswordsEqualityNegativeData]
22:01:19.074 [Test worker] INFO  allcom.tests.TestBase -- PASSED: [validateComparePasswordsEqualityNegativeData], with Parameters: []
22:01:19.074 [Test worker] INFO  allcom.tests.TestBase -- Start test: [validateComparePasswordsEqualityPositiveData]
22:01:19.725 [Test worker] INFO  allcom.tests.TestBase -- PASSED: [validateComparePasswordsEqualityPositiveData], with Parameters: []
22:01:19.726 [Test worker] INFO  allcom.tests.TestBase -- Start test: [validateEmailWithIncorrectData]
22:01:19.984 [Test worker] INFO  allcom.tests.TestBase -- PASSED: [validateEmailWithIncorrectData], with Parameters: [п»ї]
22:01:19.985 [Test worker] INFO  allcom.tests.TestBase -- Start test: [validateEmailWithIncorrectData]
22:01:20.483 [Test worker] INFO  allcom.tests.TestBase -- PASSED: [validateEmailWithIncorrectData], with Parameters: []
22:01:20.483 [Test worker] INFO  allcom.tests.TestBase -- Start test: [validateEmailWithIncorrectData]
22:01:20.920 [Test worker] INFO  allcom.tests.TestBase -- PASSED: [validateEmailWithIncorrectData], with Parameters: [testgmail.com]
22:01:20.921 [Test worker] INFO  allcom.tests.TestBase -- Start test: [validateEmailWithIncorrectData]
22:01:21.638 [Test worker] INFO  allcom.tests.TestBase -- PASSED: [validateEmailWithIncorrectData], with Parameters: [test@.com]
22:01:21.638 [Test worker] INFO  allcom.tests.TestBase -- Start test: [validateEmailWithIncorrectData]
22:01:22.251 [Test worker] INFO  allcom.tests.TestBase -- PASSED: [validateEmailWithIncorrectData], with Parameters: [test@gmailcom]
22:01:22.251 [Test worker] INFO  allcom.tests.TestBase -- Start test: [validateEmailWithIncorrectData]
22:01:22.702 [Test worker] INFO  allcom.tests.TestBase -- PASSED: [validateEmailWithIncorrectData], with Parameters: [test@gmail.]
22:01:22.703 [Test worker] INFO  allcom.tests.TestBase -- Start test: [validateEmailWithIncorrectData]
22:01:23.269 [Test worker] INFO  allcom.tests.TestBase -- PASSED: [validateEmailWithIncorrectData], with Parameters: [@gmail.com]
22:01:23.269 [Test worker] INFO  allcom.tests.TestBase -- Start test: [validateEmailWithIncorrectData]
22:01:23.575 [Test worker] INFO  allcom.tests.TestBase -- PASSED: [validateEmailWithIncorrectData], with Parameters: [Fqpwiuery]
22:01:23.582 [Test worker] INFO  allcom.tests.TestBase -- Start test: [validateEmailWithIncorrectData]
22:01:24.074 [Test worker] INFO  allcom.tests.TestBase -- PASSED: [validateEmailWithIncorrectData], with Parameters: [С†СѓРєС€РіРµС€РіР·]
22:01:24.074 [Test worker] INFO  allcom.tests.TestBase -- Start test: [validateEmailWithIncorrectData]
22:01:24.721 [Test worker] INFO  allcom.tests.TestBase -- PASSED: [validateEmailWithIncorrectData], with Parameters: ["%^&()):"]
22:01:24.721 [Test worker] INFO  allcom.tests.TestBase -- Start test: [validateEmailWithIncorrectData]
22:01:25.134 [Test worker] INFO  allcom.tests.TestBase -- PASSED: [validateEmailWithIncorrectData], with Parameters: [1]
22:01:25.135 [Test worker] INFO  allcom.tests.TestBase -- Start test: [validateEmailWithIncorrectData]
22:01:26.125 [Test worker] INFO  allcom.tests.TestBase -- PASSED: [validateEmailWithIncorrectData], with Parameters: [С‚РµСЃС‚@gmail.com]
22:01:26.125 [Test worker] INFO  allcom.tests.TestBase -- Start test: [validateEmailWithIncorrectData]
22:01:26.862 [Test worker] INFO  allcom.tests.TestBase -- PASSED: [validateEmailWithIncorrectData], with Parameters: [SELECT* FROM]
22:01:26.863 [Test worker] INFO  allcom.tests.TestBase -- Start test: [validateEmailWithIncorrectData]
22:01:27.473 [Test worker] INFO  allcom.tests.TestBase -- PASSED: [validateEmailWithIncorrectData], with Parameters: [test@@gmail.com]
22:01:27.473 [Test worker] INFO  allcom.tests.TestBase -- Start test: [validateEmailWithIncorrectData]
22:01:28.078 [Test worker] INFO  allcom.tests.TestBase -- PASSED: [validateEmailWithIncorrectData], with Parameters: [www.telran.com]
22:01:28.078 [Test worker] INFO  allcom.tests.TestBase -- Start test: [validateEmailWithIncorrectData]
22:01:28.647 [Test worker] INFO  allcom.tests.TestBase -- PASSED: [validateEmailWithIncorrectData], with Parameters: [tes t@gmail.com]
22:01:28.647 [Test worker] INFO  allcom.tests.TestBase -- Start test: [validateEmailWithIncorrectData]
22:01:29.223 [Test worker] INFO  allcom.tests.TestBase -- PASSED: [validateEmailWithIncorrectData], with Parameters: [test@ gmail.com]
22:01:29.223 [Test worker] INFO  allcom.tests.TestBase -- Start test: [validateEmailWithIncorrectData]
22:01:29.789 [Test worker] INFO  allcom.tests.TestBase -- PASSED: [validateEmailWithIncorrectData], with Parameters: [test@gmail .com]
22:01:29.789 [Test worker] INFO  allcom.tests.TestBase -- Start test: [validateEmailWithIncorrectData]
22:01:30.375 [Test worker] INFO  allcom.tests.TestBase -- PASSED: [validateEmailWithIncorrectData], with Parameters: [test@gmail. com]
22:01:30.375 [Test worker] INFO  allcom.tests.TestBase -- Start test: [validateEmailWithIncorrectData]
22:01:31.098 [Test worker] INFO  allcom.tests.TestBase -- PASSED: [validateEmailWithIncorrectData], with Parameters: [<script></script>]
22:01:31.099 [Test worker] INFO  allcom.tests.TestBase -- Start test: [validateEmailWithIncorrectData]
22:01:31.814 [Test worker] INFO  allcom.tests.TestBase -- PASSED: [validateEmailWithIncorrectData], with Parameters: [<input>]
22:01:31.814 [Test worker] INFO  allcom.tests.TestBase -- Start test: [validateEmailWithIncorrectData]
22:01:32.456 [Test worker] INFO  allcom.tests.TestBase -- PASSED: [validateEmailWithIncorrectData], with Parameters: [0]
22:01:32.457 [Test worker] INFO  allcom.tests.TestBase -- Start test: [validateFirstNameWithIncorrectData]
22:01:32.779 [Test worker] INFO  allcom.tests.TestBase -- PASSED: [validateFirstNameWithIncorrectData], with Parameters: []
22:01:32.779 [Test worker] INFO  allcom.tests.TestBase -- Start test: [validateFirstNameWithIncorrectData]
22:01:33.563 [Test worker] INFO  allcom.tests.TestBase -- PASSED: [validateFirstNameWithIncorrectData], with Parameters: [В ]
22:01:33.563 [Test worker] INFO  allcom.tests.TestBase -- Start test: [validateFirstNameWithIncorrectData]
22:01:33.837 [Test worker] INFO  allcom.tests.TestBase -- PASSED: [validateFirstNameWithIncorrectData], with Parameters: []
22:01:33.838 [Test worker] INFO  allcom.tests.TestBase -- Start test: [validateFirstNameWithIncorrectData]
22:01:34.400 [Test worker] INFO  allcom.tests.TestBase -- PASSED: [validateFirstNameWithIncorrectData], with Parameters: [1]
22:01:34.400 [Test worker] INFO  allcom.tests.TestBase -- Start test: [validateFirstNameWithIncorrectData]
22:01:34.640 [Test worker] INFO  allcom.tests.TestBase -- PASSED: [validateFirstNameWithIncorrectData], with Parameters: [s]
22:01:34.641 [Test worker] INFO  allcom.tests.TestBase -- Start test: [validateFirstNameWithIncorrectData]
22:01:35.195 [Test worker] INFO  allcom.tests.TestBase -- PASSED: [validateFirstNameWithIncorrectData], with Parameters: [S]
22:01:35.196 [Test worker] INFO  allcom.tests.TestBase -- Start test: [validateFirstNameWithIncorrectData]
22:01:35.448 [Test worker] INFO  allcom.tests.TestBase -- PASSED: [validateFirstNameWithIncorrectData], with Parameters: [С‹]
22:01:35.448 [Test worker] INFO  allcom.tests.TestBase -- Start test: [validateFirstNameWithIncorrectData]
22:01:36.010 [Test worker] INFO  allcom.tests.TestBase -- PASSED: [validateFirstNameWithIncorrectData], with Parameters: [SС‹]
22:01:36.010 [Test worker] INFO  allcom.tests.TestBase -- Start test: [validateFirstNameWithIncorrectData]
22:01:36.521 [Test worker] INFO  allcom.tests.TestBase -- PASSED: [validateFirstNameWithIncorrectData], with Parameters: [S1]
22:01:36.522 [Test worker] INFO  allcom.tests.TestBase -- Start test: [validateFirstNameWithIncorrectData]
22:01:36.751 [Test worker] INFO  allcom.tests.TestBase -- PASSED: [validateFirstNameWithIncorrectData], with Parameters: [!]
22:01:36.751 [Test worker] INFO  allcom.tests.TestBase -- Start test: [validateFirstNameWithIncorrectData]
22:01:37.313 [Test worker] INFO  allcom.tests.TestBase -- PASSED: [validateFirstNameWithIncorrectData], with Parameters: [@]
22:01:37.313 [Test worker] INFO  allcom.tests.TestBase -- Start test: [validateFirstNameWithIncorrectData]
22:01:37.541 [Test worker] INFO  allcom.tests.TestBase -- PASSED: [validateFirstNameWithIncorrectData], with Parameters: [#]
22:01:37.541 [Test worker] INFO  allcom.tests.TestBase -- Start test: [validateFirstNameWithIncorrectData]
22:01:38.093 [Test worker] INFO  allcom.tests.TestBase -- PASSED: [validateFirstNameWithIncorrectData], with Parameters: [Ass$]
22:01:38.093 [Test worker] INFO  allcom.tests.TestBase -- Start test: [validateFirstNameWithIncorrectData]
22:01:38.648 [Test worker] INFO  allcom.tests.TestBase -- PASSED: [validateFirstNameWithIncorrectData], with Parameters: [ss%]
22:01:38.648 [Test worker] INFO  allcom.tests.TestBase -- Start test: [validateFirstNameWithIncorrectData]
22:01:38.884 [Test worker] INFO  allcom.tests.TestBase -- PASSED: [validateFirstNameWithIncorrectData], with Parameters: [(]
22:01:38.884 [Test worker] INFO  allcom.tests.TestBase -- Start test: [validateFirstNameWithIncorrectData]
22:01:39.543 [Test worker] INFO  allcom.tests.TestBase -- PASSED: [validateFirstNameWithIncorrectData], with Parameters: [<script></script>]
22:01:39.544 [Test worker] INFO  allcom.tests.TestBase -- Start test: [validateFirstNameWithIncorrectData]
22:01:40.112 [Test worker] INFO  allcom.tests.TestBase -- PASSED: [validateFirstNameWithIncorrectData], with Parameters: [<input>]
22:01:40.113 [Test worker] INFO  allcom.tests.TestBase -- Start test: [validateFirstNameWithIncorrectData]
22:01:40.658 [Test worker] INFO  allcom.tests.TestBase -- PASSED: [validateFirstNameWithIncorrectData], with Parameters: [0]
22:01:40.659 [Test worker] INFO  allcom.tests.TestBase -- Start test: [validateHouseNumberWithIncorrectData]
22:01:41.230 [Test worker] INFO  allcom.tests.TestBase -- PASSED: [validateHouseNumberWithIncorrectData], with Parameters: [В ]
22:01:41.230 [Test worker] INFO  allcom.tests.TestBase -- Start test: [validateHouseNumberWithIncorrectData]
22:01:41.532 [Test worker] INFO  allcom.tests.TestBase -- PASSED: [validateHouseNumberWithIncorrectData], with Parameters: []
22:01:41.532 [Test worker] INFO  allcom.tests.TestBase -- Start test: [validateHouseNumberWithIncorrectData]
22:01:42.132 [Test worker] INFO  allcom.tests.TestBase -- PASSED: [validateHouseNumberWithIncorrectData], with Parameters: [С‹]
22:01:42.133 [Test worker] INFO  allcom.tests.TestBase -- Start test: [validateHouseNumberWithIncorrectData]
22:01:42.735 [Test worker] INFO  allcom.tests.TestBase -- PASSED: [validateHouseNumberWithIncorrectData], with Parameters: [СЏ]
22:01:42.735 [Test worker] INFO  allcom.tests.TestBase -- Start test: [validateHouseNumberWithIncorrectData]
22:01:43.351 [Test worker] INFO  allcom.tests.TestBase -- PASSED: [validateHouseNumberWithIncorrectData], with Parameters: [С‹]
22:01:43.351 [Test worker] INFO  allcom.tests.TestBase -- Start test: [validateHouseNumberWithIncorrectData]
22:01:43.835 [Test worker] INFO  allcom.tests.TestBase -- PASSED: [validateHouseNumberWithIncorrectData], with Parameters: [С‘]
22:01:43.835 [Test worker] INFO  allcom.tests.TestBase -- Start test: [validateHouseNumberWithIncorrectData]
22:01:44.239 [Test worker] INFO  allcom.tests.TestBase -- PASSED: [validateHouseNumberWithIncorrectData], with Parameters: [SС‹]
22:01:44.240 [Test worker] INFO  allcom.tests.TestBase -- Start test: [validateHouseNumberWithIncorrectData]
22:01:44.710 [Test worker] INFO  allcom.tests.TestBase -- PASSED: [validateHouseNumberWithIncorrectData], with Parameters: [!]
22:01:44.710 [Test worker] INFO  allcom.tests.TestBase -- Start test: [validateHouseNumberWithIncorrectData]
22:01:45.303 [Test worker] INFO  allcom.tests.TestBase -- PASSED: [validateHouseNumberWithIncorrectData], with Parameters: [@]
22:01:45.303 [Test worker] INFO  allcom.tests.TestBase -- Start test: [validateHouseNumberWithIncorrectData]
22:01:46.137 [Test worker] INFO  allcom.tests.TestBase -- PASSED: [validateHouseNumberWithIncorrectData], with Parameters: [Ass$]
22:01:46.137 [Test worker] INFO  allcom.tests.TestBase -- Start test: [validateHouseNumberWithIncorrectData]
22:01:46.919 [Test worker] INFO  allcom.tests.TestBase -- PASSED: [validateHouseNumberWithIncorrectData], with Parameters: [ss%]
22:01:46.920 [Test worker] INFO  allcom.tests.TestBase -- Start test: [validateHouseNumberWithIncorrectData]
22:01:47.618 [Test worker] INFO  allcom.tests.TestBase -- PASSED: [validateHouseNumberWithIncorrectData], with Parameters: [(]
22:01:47.618 [Test worker] INFO  allcom.tests.TestBase -- Start test: [validateHouseNumberWithIncorrectData]
22:01:48.225 [Test worker] INFO  allcom.tests.TestBase -- PASSED: [validateHouseNumberWithIncorrectData], with Parameters: [(1]
22:01:48.225 [Test worker] INFO  allcom.tests.TestBase -- Start test: [validateHouseNumberWithIncorrectData]
22:01:48.898 [Test worker] INFO  allcom.tests.TestBase -- PASSED: [validateHouseNumberWithIncorrectData], with Parameters: [<script></script>]
22:01:48.898 [Test worker] INFO  allcom.tests.TestBase -- Start test: [validateHouseNumberWithIncorrectData]
22:01:49.658 [Test worker] INFO  allcom.tests.TestBase -- PASSED: [validateHouseNumberWithIncorrectData], with Parameters: [<input>]
22:01:49.658 [Test worker] INFO  allcom.tests.TestBase -- Start test: [validateLastNameWithIncorrectData]
22:01:50.235 [Test worker] INFO  allcom.tests.TestBase -- PASSED: [validateLastNameWithIncorrectData], with Parameters: []
22:01:50.235 [Test worker] INFO  allcom.tests.TestBase -- Start test: [validateLastNameWithIncorrectData]
22:01:50.805 [Test worker] INFO  allcom.tests.TestBase -- PASSED: [validateLastNameWithIncorrectData], with Parameters: [В ]
22:01:50.805 [Test worker] INFO  allcom.tests.TestBase -- Start test: [validateLastNameWithIncorrectData]
22:01:51.343 [Test worker] INFO  allcom.tests.TestBase -- PASSED: [validateLastNameWithIncorrectData], with Parameters: []
22:01:51.343 [Test worker] INFO  allcom.tests.TestBase -- Start test: [validateLastNameWithIncorrectData]
22:01:51.952 [Test worker] INFO  allcom.tests.TestBase -- PASSED: [validateLastNameWithIncorrectData], with Parameters: [1]
22:01:51.952 [Test worker] INFO  allcom.tests.TestBase -- Start test: [validateLastNameWithIncorrectData]
22:01:52.534 [Test worker] INFO  allcom.tests.TestBase -- PASSED: [validateLastNameWithIncorrectData], with Parameters: [s]
22:01:52.534 [Test worker] INFO  allcom.tests.TestBase -- Start test: [validateLastNameWithIncorrectData]
22:01:53.085 [Test worker] INFO  allcom.tests.TestBase -- PASSED: [validateLastNameWithIncorrectData], with Parameters: [S]
22:01:53.085 [Test worker] INFO  allcom.tests.TestBase -- Start test: [validateLastNameWithIncorrectData]
22:01:53.629 [Test worker] INFO  allcom.tests.TestBase -- PASSED: [validateLastNameWithIncorrectData], with Parameters: [С‹]
22:01:53.630 [Test worker] INFO  allcom.tests.TestBase -- Start test: [validateLastNameWithIncorrectData]
22:01:54.196 [Test worker] INFO  allcom.tests.TestBase -- PASSED: [validateLastNameWithIncorrectData], with Parameters: [SС‹]
22:01:54.196 [Test worker] INFO  allcom.tests.TestBase -- Start test: [validateLastNameWithIncorrectData]
22:01:54.768 [Test worker] INFO  allcom.tests.TestBase -- PASSED: [validateLastNameWithIncorrectData], with Parameters: [S1]
22:01:54.768 [Test worker] INFO  allcom.tests.TestBase -- Start test: [validateLastNameWithIncorrectData]
22:01:55.339 [Test worker] INFO  allcom.tests.TestBase -- PASSED: [validateLastNameWithIncorrectData], with Parameters: [!]
22:01:55.339 [Test worker] INFO  allcom.tests.TestBase -- Start test: [validateLastNameWithIncorrectData]
22:01:55.904 [Test worker] INFO  allcom.tests.TestBase -- PASSED: [validateLastNameWithIncorrectData], with Parameters: [@]
22:01:55.904 [Test worker] INFO  allcom.tests.TestBase -- Start test: [validateLastNameWithIncorrectData]
22:01:56.454 [Test worker] INFO  allcom.tests.TestBase -- PASSED: [validateLastNameWithIncorrectData], with Parameters: [#]
22:01:56.454 [Test worker] INFO  allcom.tests.TestBase -- Start test: [validateLastNameWithIncorrectData]
22:01:57.033 [Test worker] INFO  allcom.tests.TestBase -- PASSED: [validateLastNameWithIncorrectData], with Parameters: [Ass$]
22:01:57.033 [Test worker] INFO  allcom.tests.TestBase -- Start test: [validateLastNameWithIncorrectData]
22:01:57.627 [Test worker] INFO  allcom.tests.TestBase -- PASSED: [validateLastNameWithIncorrectData], with Parameters: [ss%]
22:01:57.627 [Test worker] INFO  allcom.tests.TestBase -- Start test: [validateLastNameWithIncorrectData]
22:01:58.189 [Test worker] INFO  allcom.tests.TestBase -- PASSED: [validateLastNameWithIncorrectData], with Parameters: [(]
22:01:58.189 [Test worker] INFO  allcom.tests.TestBase -- Start test: [validateLastNameWithIncorrectData]
22:01:58.803 [Test worker] INFO  allcom.tests.TestBase -- PASSED: [validateLastNameWithIncorrectData], with Parameters: [<script></script>]
22:01:58.804 [Test worker] INFO  allcom.tests.TestBase -- Start test: [validateLastNameWithIncorrectData]
22:01:59.527 [Test worker] INFO  allcom.tests.TestBase -- PASSED: [validateLastNameWithIncorrectData], with Parameters: [<input>]
22:01:59.528 [Test worker] INFO  allcom.tests.TestBase -- Start test: [validateLastNameWithIncorrectData]
22:02:00.295 [Test worker] INFO  allcom.tests.TestBase -- PASSED: [validateLastNameWithIncorrectData], with Parameters: [0]
22:02:00.296 [Test worker] INFO  allcom.tests.TestBase -- Start test: [validatePasswordConfirmWithIncorrectData]
22:02:01.095 [Test worker] INFO  allcom.tests.TestBase -- PASSED: [validatePasswordConfirmWithIncorrectData], with Parameters: [п»їTes123]
22:02:01.095 [Test worker] INFO  allcom.tests.TestBase -- Start test: [validatePasswordConfirmWithIncorrectData]
22:02:01.712 [Test worker] INFO  allcom.tests.TestBase -- PASSED: [validatePasswordConfirmWithIncorrectData], with Parameters: [Tes1234]
22:02:01.713 [Test worker] INFO  allcom.tests.TestBase -- Start test: [validatePasswordConfirmWithIncorrectData]
22:02:02.505 [Test worker] INFO  allcom.tests.TestBase -- PASSED: [validatePasswordConfirmWithIncorrectData], with Parameters: [Test1234555555555555555555555555555555555555555555555555555555555555555555555555555555555555]
22:02:02.505 [Test worker] INFO  allcom.tests.TestBase -- Start test: [validatePasswordConfirmWithIncorrectData]
22:02:03.073 [Test worker] INFO  allcom.tests.TestBase -- PASSED: [validatePasswordConfirmWithIncorrectData], with Parameters: [1]
22:02:03.073 [Test worker] INFO  allcom.tests.TestBase -- Start test: [validatePasswordConfirmWithIncorrectData]
22:02:03.663 [Test worker] INFO  allcom.tests.TestBase -- PASSED: [validatePasswordConfirmWithIncorrectData], with Parameters: [*&^(*&%$##@]
22:02:03.663 [Test worker] INFO  allcom.tests.TestBase -- Start test: [validatePasswordConfirmWithIncorrectData]
22:02:04.284 [Test worker] INFO  allcom.tests.TestBase -- PASSED: [validatePasswordConfirmWithIncorrectData], with Parameters: [Qwertyuiop@1С‹]
22:02:04.285 [Test worker] INFO  allcom.tests.TestBase -- Start test: [validatePasswordConfirmWithIncorrectData]
22:02:04.944 [Test worker] INFO  allcom.tests.TestBase -- PASSED: [validatePasswordConfirmWithIncorrectData], with Parameters: [Р¤Р«Р’РђРђРџРєРіСѓС‰СѓС†Р·]
22:02:04.945 [Test worker] INFO  allcom.tests.TestBase -- Start test: [validatePasswordConfirmWithIncorrectData]
22:02:05.547 [Test worker] INFO  allcom.tests.TestBase -- PASSED: [validatePasswordConfirmWithIncorrectData], with Parameters: [Test 12345!]
22:02:05.548 [Test worker] INFO  allcom.tests.TestBase -- Start test: [validatePasswordConfirmWithIncorrectData]
22:02:06.238 [Test worker] INFO  allcom.tests.TestBase -- PASSED: [validatePasswordConfirmWithIncorrectData], with Parameters: [SELECT* FROM]
22:02:06.238 [Test worker] INFO  allcom.tests.TestBase -- Start test: [validatePasswordConfirmWithIncorrectData]
22:02:06.849 [Test worker] INFO  allcom.tests.TestBase -- PASSED: [validatePasswordConfirmWithIncorrectData], with Parameters: [www.gmail.com]
22:02:06.849 [Test worker] INFO  allcom.tests.TestBase -- Start test: [validatePasswordConfirmWithIncorrectData]
22:02:07.444 [Test worker] INFO  allcom.tests.TestBase -- PASSED: [validatePasswordConfirmWithIncorrectData], with Parameters: []
22:02:07.444 [Test worker] INFO  allcom.tests.TestBase -- Start test: [validatePasswordConfirmWithIncorrectData]
22:02:08.011 [Test worker] INFO  allcom.tests.TestBase -- PASSED: [validatePasswordConfirmWithIncorrectData], with Parameters: [В ]
22:02:08.011 [Test worker] INFO  allcom.tests.TestBase -- Start test: [validatePasswordConfirmWithIncorrectData]
22:02:08.457 [Test worker] INFO  allcom.tests.TestBase -- PASSED: [validatePasswordConfirmWithIncorrectData], with Parameters: []
22:02:08.457 [Test worker] INFO  allcom.tests.TestBase -- Start test: [validatePasswordConfirmWithIncorrectData]
22:02:09.089 [Test worker] INFO  allcom.tests.TestBase -- PASSED: [validatePasswordConfirmWithIncorrectData], with Parameters: [0]
22:02:09.089 [Test worker] INFO  allcom.tests.TestBase -- Start test: [validatePasswordConfirmWithIncorrectData]
22:02:09.694 [Test worker] INFO  allcom.tests.TestBase -- PASSED: [validatePasswordConfirmWithIncorrectData], with Parameters: [<input>]
22:02:09.694 [Test worker] INFO  allcom.tests.TestBase -- Start test: [validatePasswordConfirmWithIncorrectData]
22:02:10.354 [Test worker] INFO  allcom.tests.TestBase -- PASSED: [validatePasswordConfirmWithIncorrectData], with Parameters: [<script></script>]
22:02:10.354 [Test worker] INFO  allcom.tests.TestBase -- Start test: [validatePasswordConfirmWithIncorrectData]
22:02:10.971 [Test worker] INFO  allcom.tests.TestBase -- PASSED: [validatePasswordConfirmWithIncorrectData], with Parameters: [11111E+12]
22:02:10.972 [Test worker] INFO  allcom.tests.TestBase -- Start test: [validatePasswordWithIncorrectData]
22:02:11.579 [Test worker] INFO  allcom.tests.TestBase -- PASSED: [validatePasswordWithIncorrectData], with Parameters: [п»їTes123]
22:02:11.579 [Test worker] INFO  allcom.tests.TestBase -- Start test: [validatePasswordWithIncorrectData]
22:02:12.176 [Test worker] INFO  allcom.tests.TestBase -- PASSED: [validatePasswordWithIncorrectData], with Parameters: [Tes1234]
22:02:12.176 [Test worker] INFO  allcom.tests.TestBase -- Start test: [validatePasswordWithIncorrectData]
22:02:12.970 [Test worker] INFO  allcom.tests.TestBase -- PASSED: [validatePasswordWithIncorrectData], with Parameters: [Test1234555555555555555555555555555555555555555555555555555555555555555555555555555555555555]
22:02:12.970 [Test worker] INFO  allcom.tests.TestBase -- Start test: [validatePasswordWithIncorrectData]
22:02:13.577 [Test worker] INFO  allcom.tests.TestBase -- PASSED: [validatePasswordWithIncorrectData], with Parameters: [1]
22:02:13.578 [Test worker] INFO  allcom.tests.TestBase -- Start test: [validatePasswordWithIncorrectData]
22:02:13.938 [Test worker] INFO  allcom.tests.TestBase -- PASSED: [validatePasswordWithIncorrectData], with Parameters: [*&^(*&%$##@]
22:02:13.939 [Test worker] INFO  allcom.tests.TestBase -- Start test: [validatePasswordWithIncorrectData]
22:02:14.384 [Test worker] INFO  allcom.tests.TestBase -- PASSED: [validatePasswordWithIncorrectData], with Parameters: [Qwertyuiop@1С‹]
22:02:14.385 [Test worker] INFO  allcom.tests.TestBase -- Start test: [validatePasswordWithIncorrectData]
22:02:15.069 [Test worker] INFO  allcom.tests.TestBase -- PASSED: [validatePasswordWithIncorrectData], with Parameters: [Р¤Р«Р’РђРђРџРєРіСѓС‰СѓС†Р·]
22:02:15.070 [Test worker] INFO  allcom.tests.TestBase -- Start test: [validatePasswordWithIncorrectData]
22:02:15.685 [Test worker] INFO  allcom.tests.TestBase -- PASSED: [validatePasswordWithIncorrectData], with Parameters: [Test 12345!]
22:02:15.685 [Test worker] INFO  allcom.tests.TestBase -- Start test: [validatePasswordWithIncorrectData]
22:02:16.299 [Test worker] INFO  allcom.tests.TestBase -- PASSED: [validatePasswordWithIncorrectData], with Parameters: [SELECT* FROM]
22:02:16.299 [Test worker] INFO  allcom.tests.TestBase -- Start test: [validatePasswordWithIncorrectData]
22:02:16.929 [Test worker] INFO  allcom.tests.TestBase -- PASSED: [validatePasswordWithIncorrectData], with Parameters: [www.gmail.com]
22:02:16.929 [Test worker] INFO  allcom.tests.TestBase -- Start test: [validatePasswordWithIncorrectData]
22:02:17.522 [Test worker] INFO  allcom.tests.TestBase -- PASSED: [validatePasswordWithIncorrectData], with Parameters: []
22:02:17.522 [Test worker] INFO  allcom.tests.TestBase -- Start test: [validatePasswordWithIncorrectData]
22:02:18.113 [Test worker] INFO  allcom.tests.TestBase -- PASSED: [validatePasswordWithIncorrectData], with Parameters: [В ]
22:02:18.113 [Test worker] INFO  allcom.tests.TestBase -- Start test: [validatePasswordWithIncorrectData]
22:02:18.690 [Test worker] INFO  allcom.tests.TestBase -- PASSED: [validatePasswordWithIncorrectData], with Parameters: []
22:02:18.690 [Test worker] INFO  allcom.tests.TestBase -- Start test: [validatePasswordWithIncorrectData]
22:02:19.305 [Test worker] INFO  allcom.tests.TestBase -- PASSED: [validatePasswordWithIncorrectData], with Parameters: [0]
22:02:19.306 [Test worker] INFO  allcom.tests.TestBase -- Start test: [validatePasswordWithIncorrectData]
22:02:19.932 [Test worker] INFO  allcom.tests.TestBase -- PASSED: [validatePasswordWithIncorrectData], with Parameters: [<input>]
22:02:19.932 [Test worker] INFO  allcom.tests.TestBase -- Start test: [validatePasswordWithIncorrectData]
22:02:20.583 [Test worker] INFO  allcom.tests.TestBase -- PASSED: [validatePasswordWithIncorrectData], with Parameters: [<script></script>]
22:02:20.583 [Test worker] INFO  allcom.tests.TestBase -- Start test: [validatePasswordWithIncorrectData]
22:02:21.265 [Test worker] INFO  allcom.tests.TestBase -- PASSED: [validatePasswordWithIncorrectData], with Parameters: [11111E+12]
22:02:21.266 [Test worker] INFO  allcom.tests.TestBase -- Start test: [validatePhoneWithIncorrectData]
22:02:21.861 [Test worker] INFO  allcom.tests.TestBase -- PASSED: [validatePhoneWithIncorrectData], with Parameters: []
22:02:21.862 [Test worker] INFO  allcom.tests.TestBase -- Start test: [validatePhoneWithIncorrectData]
22:02:22.479 [Test worker] INFO  allcom.tests.TestBase -- PASSED: [validatePhoneWithIncorrectData], with Parameters: [В ]
22:02:22.480 [Test worker] INFO  allcom.tests.TestBase -- Start test: [validatePhoneWithIncorrectData]
22:02:23.097 [Test worker] INFO  allcom.tests.TestBase -- PASSED: [validatePhoneWithIncorrectData], with Parameters: []
22:02:23.097 [Test worker] INFO  allcom.tests.TestBase -- Start test: [validatePhoneWithIncorrectData]
22:02:23.717 [Test worker] INFO  allcom.tests.TestBase -- PASSED: [validatePhoneWithIncorrectData], with Parameters: [1]
22:02:23.717 [Test worker] INFO  allcom.tests.TestBase -- Start test: [validatePhoneWithIncorrectData]
22:02:24.052 [Test worker] INFO  allcom.tests.TestBase -- PASSED: [validatePhoneWithIncorrectData], with Parameters: [s]
22:02:24.052 [Test worker] INFO  allcom.tests.TestBase -- Start test: [validatePhoneWithIncorrectData]
22:02:24.429 [Test worker] INFO  allcom.tests.TestBase -- PASSED: [validatePhoneWithIncorrectData], with Parameters: [S]
22:02:24.429 [Test worker] INFO  allcom.tests.TestBase -- Start test: [validatePhoneWithIncorrectData]
22:02:25.049 [Test worker] INFO  allcom.tests.TestBase -- PASSED: [validatePhoneWithIncorrectData], with Parameters: [С‹]
22:02:25.049 [Test worker] INFO  allcom.tests.TestBase -- Start test: [validatePhoneWithIncorrectData]
22:02:25.679 [Test worker] INFO  allcom.tests.TestBase -- PASSED: [validatePhoneWithIncorrectData], with Parameters: [SС‹]
22:02:25.679 [Test worker] INFO  allcom.tests.TestBase -- Start test: [validatePhoneWithIncorrectData]
22:02:26.351 [Test worker] INFO  allcom.tests.TestBase -- PASSED: [validatePhoneWithIncorrectData], with Parameters: [S1]
22:02:26.351 [Test worker] INFO  allcom.tests.TestBase -- Start test: [validatePhoneWithIncorrectData]
22:02:26.954 [Test worker] INFO  allcom.tests.TestBase -- PASSED: [validatePhoneWithIncorrectData], with Parameters: [!]
22:02:26.954 [Test worker] INFO  allcom.tests.TestBase -- Start test: [validatePhoneWithIncorrectData]
22:02:27.705 [Test worker] INFO  allcom.tests.TestBase -- PASSED: [validatePhoneWithIncorrectData], with Parameters: [@]
22:02:27.706 [Test worker] INFO  allcom.tests.TestBase -- Start test: [validatePhoneWithIncorrectData]
22:02:28.646 [Test worker] INFO  allcom.tests.TestBase -- PASSED: [validatePhoneWithIncorrectData], with Parameters: [#]
22:02:28.646 [Test worker] INFO  allcom.tests.TestBase -- Start test: [validatePhoneWithIncorrectData]
22:02:29.458 [Test worker] INFO  allcom.tests.TestBase -- PASSED: [validatePhoneWithIncorrectData], with Parameters: [Ass$]
22:02:29.458 [Test worker] INFO  allcom.tests.TestBase -- Start test: [validatePhoneWithIncorrectData]
22:02:30.125 [Test worker] INFO  allcom.tests.TestBase -- PASSED: [validatePhoneWithIncorrectData], with Parameters: [ss%]
22:02:30.125 [Test worker] INFO  allcom.tests.TestBase -- Start test: [validatePhoneWithIncorrectData]
22:02:30.762 [Test worker] INFO  allcom.tests.TestBase -- PASSED: [validatePhoneWithIncorrectData], with Parameters: [(]
22:02:30.762 [Test worker] INFO  allcom.tests.TestBase -- Start test: [validatePhoneWithIncorrectData]
22:02:31.501 [Test worker] INFO  allcom.tests.TestBase -- PASSED: [validatePhoneWithIncorrectData], with Parameters: [<script></script>]
22:02:31.501 [Test worker] INFO  allcom.tests.TestBase -- Start test: [validatePhoneWithIncorrectData]
22:02:31.929 [Test worker] INFO  allcom.tests.TestBase -- PASSED: [validatePhoneWithIncorrectData], with Parameters: [<input>]
22:02:31.930 [Test worker] INFO  allcom.tests.TestBase -- Start test: [validatePhoneWithIncorrectData]
22:02:32.276 [Test worker] INFO  allcom.tests.TestBase -- PASSED: [validatePhoneWithIncorrectData], with Parameters: [0]
22:02:32.276 [Test worker] INFO  allcom.tests.TestBase -- Start test: [validatePhoneWithIncorrectData]
22:02:32.930 [Test worker] INFO  allcom.tests.TestBase -- PASSED: [validatePhoneWithIncorrectData], with Parameters: [123456789]
22:02:32.931 [Test worker] INFO  allcom.tests.TestBase -- Start test: [validatePhoneWithIncorrectData]
22:02:33.566 [Test worker] INFO  allcom.tests.TestBase -- PASSED: [validatePhoneWithIncorrectData], with Parameters: [null]
22:02:33.566 [Test worker] INFO  allcom.tests.TestBase -- Start test: [validatePhoneWithIncorrectData]
22:02:34.320 [Test worker] INFO  allcom.tests.TestBase -- PASSED: [validatePhoneWithIncorrectData], with Parameters: [1234567890123]
22:02:34.320 [Test worker] INFO  allcom.tests.TestBase -- Start test: [validatePhoneWithIncorrectData]
22:02:35.028 [Test worker] INFO  allcom.tests.TestBase -- PASSED: [validatePhoneWithIncorrectData], with Parameters: [1234567890С‹]
22:02:35.028 [Test worker] INFO  allcom.tests.TestBase -- Start test: [validatePhoneWithIncorrectData]
22:02:35.710 [Test worker] INFO  allcom.tests.TestBase -- PASSED: [validatePhoneWithIncorrectData], with Parameters: [1234567890s]
22:02:35.710 [Test worker] INFO  allcom.tests.TestBase -- Start test: [validatePhoneWithIncorrectData]
22:02:36.387 [Test worker] INFO  allcom.tests.TestBase -- PASSED: [validatePhoneWithIncorrectData], with Parameters: [123456789O]
22:02:36.387 [Test worker] INFO  allcom.tests.TestBase -- Start test: [validatePostalWithIncorrectData]
22:02:37.087 [Test worker] INFO  allcom.tests.TestBase -- PASSED: [validatePostalWithIncorrectData], with Parameters: []
22:02:37.088 [Test worker] INFO  allcom.tests.TestBase -- Start test: [validatePostalWithIncorrectData]
22:02:37.798 [Test worker] INFO  allcom.tests.TestBase -- PASSED: [validatePostalWithIncorrectData], with Parameters: [В ]
22:02:37.798 [Test worker] INFO  allcom.tests.TestBase -- Start test: [validatePostalWithIncorrectData]
22:02:38.477 [Test worker] INFO  allcom.tests.TestBase -- PASSED: [validatePostalWithIncorrectData], with Parameters: []
22:02:38.477 [Test worker] INFO  allcom.tests.TestBase -- Start test: [validatePostalWithIncorrectData]
22:02:39.202 [Test worker] INFO  allcom.tests.TestBase -- PASSED: [validatePostalWithIncorrectData], with Parameters: [1]
22:02:39.202 [Test worker] INFO  allcom.tests.TestBase -- Start test: [validatePostalWithIncorrectData]
22:02:39.907 [Test worker] INFO  allcom.tests.TestBase -- PASSED: [validatePostalWithIncorrectData], with Parameters: [s]
22:02:39.908 [Test worker] INFO  allcom.tests.TestBase -- Start test: [validatePostalWithIncorrectData]
22:02:40.649 [Test worker] INFO  allcom.tests.TestBase -- PASSED: [validatePostalWithIncorrectData], with Parameters: [S]
22:02:40.649 [Test worker] INFO  allcom.tests.TestBase -- Start test: [validatePostalWithIncorrectData]
22:02:41.374 [Test worker] INFO  allcom.tests.TestBase -- PASSED: [validatePostalWithIncorrectData], with Parameters: [С‹]
22:02:41.374 [Test worker] INFO  allcom.tests.TestBase -- Start test: [validatePostalWithIncorrectData]
22:02:42.087 [Test worker] INFO  allcom.tests.TestBase -- PASSED: [validatePostalWithIncorrectData], with Parameters: [SС‹]
22:02:42.087 [Test worker] INFO  allcom.tests.TestBase -- Start test: [validatePostalWithIncorrectData]
22:02:42.799 [Test worker] INFO  allcom.tests.TestBase -- PASSED: [validatePostalWithIncorrectData], with Parameters: [S1]
22:02:42.799 [Test worker] INFO  allcom.tests.TestBase -- Start test: [validatePostalWithIncorrectData]
22:02:43.498 [Test worker] INFO  allcom.tests.TestBase -- PASSED: [validatePostalWithIncorrectData], with Parameters: [!]
22:02:43.498 [Test worker] INFO  allcom.tests.TestBase -- Start test: [validatePostalWithIncorrectData]
22:02:44.205 [Test worker] INFO  allcom.tests.TestBase -- PASSED: [validatePostalWithIncorrectData], with Parameters: [@]
22:02:44.205 [Test worker] INFO  allcom.tests.TestBase -- Start test: [validatePostalWithIncorrectData]
22:02:44.926 [Test worker] INFO  allcom.tests.TestBase -- PASSED: [validatePostalWithIncorrectData], with Parameters: [#]
22:02:44.926 [Test worker] INFO  allcom.tests.TestBase -- Start test: [validatePostalWithIncorrectData]
22:02:45.668 [Test worker] INFO  allcom.tests.TestBase -- PASSED: [validatePostalWithIncorrectData], with Parameters: [Ass$]
22:02:45.668 [Test worker] INFO  allcom.tests.TestBase -- Start test: [validatePostalWithIncorrectData]
22:02:46.411 [Test worker] INFO  allcom.tests.TestBase -- PASSED: [validatePostalWithIncorrectData], with Parameters: [ss%]
22:02:46.411 [Test worker] INFO  allcom.tests.TestBase -- Start test: [validatePostalWithIncorrectData]
22:02:47.187 [Test worker] INFO  allcom.tests.TestBase -- PASSED: [validatePostalWithIncorrectData], with Parameters: [(]
22:02:47.188 [Test worker] INFO  allcom.tests.TestBase -- Start test: [validatePostalWithIncorrectData]
22:02:47.972 [Test worker] INFO  allcom.tests.TestBase -- PASSED: [validatePostalWithIncorrectData], with Parameters: [<script></script>]
22:02:47.972 [Test worker] INFO  allcom.tests.TestBase -- Start test: [validatePostalWithIncorrectData]
22:02:48.689 [Test worker] INFO  allcom.tests.TestBase -- PASSED: [validatePostalWithIncorrectData], with Parameters: [<input>]
22:02:48.689 [Test worker] INFO  allcom.tests.TestBase -- Start test: [validatePostalWithIncorrectData]
22:02:49.421 [Test worker] INFO  allcom.tests.TestBase -- PASSED: [validatePostalWithIncorrectData], with Parameters: [0]
22:02:49.422 [Test worker] INFO  allcom.tests.TestBase -- Start test: [validatePostalWithIncorrectData]
22:02:50.179 [Test worker] INFO  allcom.tests.TestBase -- PASSED: [validatePostalWithIncorrectData], with Parameters: [1234]
22:02:50.179 [Test worker] INFO  allcom.tests.TestBase -- Start test: [validatePostalWithIncorrectData]
22:02:50.974 [Test worker] INFO  allcom.tests.TestBase -- PASSED: [validatePostalWithIncorrectData], with Parameters: [123456]
22:02:50.974 [Test worker] INFO  allcom.tests.TestBase -- Start test: [validatePostalWithIncorrectData]
22:02:51.739 [Test worker] INFO  allcom.tests.TestBase -- PASSED: [validatePostalWithIncorrectData], with Parameters: [12345d]
22:02:51.739 [Test worker] INFO  allcom.tests.TestBase -- Start test: [validatePostalWithIncorrectData]
22:02:52.497 [Test worker] INFO  allcom.tests.TestBase -- PASSED: [validatePostalWithIncorrectData], with Parameters: [O01234]
22:02:52.497 [Test worker] INFO  allcom.tests.TestBase -- Start test: [validatePostalWithIncorrectData]
22:02:53.248 [Test worker] INFO  allcom.tests.TestBase -- PASSED: [validatePostalWithIncorrectData], with Parameters: [1234#]
22:02:53.248 [Test worker] INFO  allcom.tests.TestBase -- Start test: [validatePostalWithIncorrectData]
22:02:53.984 [Test worker] INFO  allcom.tests.TestBase -- PASSED: [validatePostalWithIncorrectData], with Parameters: [null]
22:02:53.984 [Test worker] INFO  allcom.tests.TestBase -- Start test: [validatePostalWithIncorrectData]
22:02:54.737 [Test worker] INFO  allcom.tests.TestBase -- PASSED: [validatePostalWithIncorrectData], with Parameters: [12345s]
22:02:54.737 [Test worker] INFO  allcom.tests.TestBase -- Start test: [validatePostalWithIncorrectData]
22:02:55.521 [Test worker] INFO  allcom.tests.TestBase -- PASSED: [validatePostalWithIncorrectData], with Parameters: [1234567890s]
22:02:55.522 [Test worker] INFO  allcom.tests.TestBase -- Start test: [validatePostalWithIncorrectData]
22:02:56.282 [Test worker] INFO  allcom.tests.TestBase -- PASSED: [validatePostalWithIncorrectData], with Parameters: [123456789O]
22:02:56.282 [Test worker] INFO  allcom.tests.TestBase -- Start test: [validatePostalWithIncorrectData]
22:02:57.113 [Test worker] INFO  allcom.tests.TestBase -- PASSED: [validatePostalWithIncorrectData], with Parameters: [123456789012345678901]
22:02:57.113 [Test worker] INFO  allcom.tests.TestBase -- Start test: [validateStreetWithIncorrectData]
22:02:57.864 [Test worker] INFO  allcom.tests.TestBase -- PASSED: [validateStreetWithIncorrectData], with Parameters: []
22:02:57.864 [Test worker] INFO  allcom.tests.TestBase -- Start test: [validateStreetWithIncorrectData]
22:02:58.667 [Test worker] INFO  allcom.tests.TestBase -- PASSED: [validateStreetWithIncorrectData], with Parameters: [В ]
22:02:58.667 [Test worker] INFO  allcom.tests.TestBase -- Start test: [validateStreetWithIncorrectData]
22:02:59.393 [Test worker] INFO  allcom.tests.TestBase -- PASSED: [validateStreetWithIncorrectData], with Parameters: []
22:02:59.393 [Test worker] INFO  allcom.tests.TestBase -- Start test: [validateStreetWithIncorrectData]
22:03:00.141 [Test worker] INFO  allcom.tests.TestBase -- PASSED: [validateStreetWithIncorrectData], with Parameters: [1]
22:03:00.141 [Test worker] INFO  allcom.tests.TestBase -- Start test: [validateStreetWithIncorrectData]
22:03:00.916 [Test worker] INFO  allcom.tests.TestBase -- PASSED: [validateStreetWithIncorrectData], with Parameters: [s]
22:03:00.916 [Test worker] INFO  allcom.tests.TestBase -- Start test: [validateStreetWithIncorrectData]
22:03:01.678 [Test worker] INFO  allcom.tests.TestBase -- PASSED: [validateStreetWithIncorrectData], with Parameters: [S]
22:03:01.678 [Test worker] INFO  allcom.tests.TestBase -- Start test: [validateStreetWithIncorrectData]
22:03:02.432 [Test worker] INFO  allcom.tests.TestBase -- PASSED: [validateStreetWithIncorrectData], with Parameters: [С‹]
22:03:02.432 [Test worker] INFO  allcom.tests.TestBase -- Start test: [validateStreetWithIncorrectData]
22:03:03.206 [Test worker] INFO  allcom.tests.TestBase -- PASSED: [validateStreetWithIncorrectData], with Parameters: [SС‹]
22:03:03.206 [Test worker] INFO  allcom.tests.TestBase -- Start test: [validateStreetWithIncorrectData]
22:03:03.975 [Test worker] INFO  allcom.tests.TestBase -- PASSED: [validateStreetWithIncorrectData], with Parameters: [!]
22:03:03.975 [Test worker] INFO  allcom.tests.TestBase -- Start test: [validateStreetWithIncorrectData]
22:03:04.725 [Test worker] INFO  allcom.tests.TestBase -- PASSED: [validateStreetWithIncorrectData], with Parameters: [@]
22:03:04.725 [Test worker] INFO  allcom.tests.TestBase -- Start test: [validateStreetWithIncorrectData]
22:03:05.472 [Test worker] INFO  allcom.tests.TestBase -- PASSED: [validateStreetWithIncorrectData], with Parameters: [#]
22:03:05.472 [Test worker] INFO  allcom.tests.TestBase -- Start test: [validateStreetWithIncorrectData]
22:03:06.474 [Test worker] INFO  allcom.tests.TestBase -- PASSED: [validateStreetWithIncorrectData], with Parameters: [Ass$]
22:03:06.475 [Test worker] INFO  allcom.tests.TestBase -- Start test: [validateStreetWithIncorrectData]
22:03:07.554 [Test worker] INFO  allcom.tests.TestBase -- PASSED: [validateStreetWithIncorrectData], with Parameters: [ss%]
22:03:07.554 [Test worker] INFO  allcom.tests.TestBase -- Start test: [validateStreetWithIncorrectData]
22:03:08.284 [Test worker] INFO  allcom.tests.TestBase -- PASSED: [validateStreetWithIncorrectData], with Parameters: [(]
22:03:08.284 [Test worker] INFO  allcom.tests.TestBase -- Start test: [validateStreetWithIncorrectData]
22:03:09.093 [Test worker] INFO  allcom.tests.TestBase -- PASSED: [validateStreetWithIncorrectData], with Parameters: [<script></script>]
22:03:09.094 [Test worker] INFO  allcom.tests.TestBase -- Start test: [validateStreetWithIncorrectData]
22:03:09.886 [Test worker] INFO  allcom.tests.TestBase -- PASSED: [validateStreetWithIncorrectData], with Parameters: [<input>]
22:03:09.886 [Test worker] INFO  allcom.tests.TestBase -- Start test: [validateStreetWithIncorrectData]
22:03:10.624 [Test worker] INFO  allcom.tests.TestBase -- PASSED: [validateStreetWithIncorrectData], with Parameters: [0]
22:03:10.625 [Test worker] INFO  allcom.tests.TestBase -- Start test: [validateTaxWithIncorrectData]
22:03:11.352 [Test worker] INFO  allcom.tests.TestBase -- PASSED: [validateTaxWithIncorrectData], with Parameters: []
22:03:11.352 [Test worker] INFO  allcom.tests.TestBase -- Start test: [validateTaxWithIncorrectData]
22:03:12.156 [Test worker] INFO  allcom.tests.TestBase -- PASSED: [validateTaxWithIncorrectData], with Parameters: [В ]
22:03:12.156 [Test worker] INFO  allcom.tests.TestBase -- Start test: [validateTaxWithIncorrectData]
22:03:12.653 [Test worker] INFO  allcom.tests.TestBase -- PASSED: [validateTaxWithIncorrectData], with Parameters: []
22:03:12.653 [Test worker] INFO  allcom.tests.TestBase -- Start test: [validateTaxWithIncorrectData]
22:03:13.058 [Test worker] INFO  allcom.tests.TestBase -- PASSED: [validateTaxWithIncorrectData], with Parameters: [1]
22:03:13.058 [Test worker] INFO  allcom.tests.TestBase -- Start test: [validateTaxWithIncorrectData]
22:03:13.805 [Test worker] INFO  allcom.tests.TestBase -- PASSED: [validateTaxWithIncorrectData], with Parameters: [s]
22:03:13.805 [Test worker] INFO  allcom.tests.TestBase -- Start test: [validateTaxWithIncorrectData]
22:03:14.572 [Test worker] INFO  allcom.tests.TestBase -- PASSED: [validateTaxWithIncorrectData], with Parameters: [S]
22:03:14.573 [Test worker] INFO  allcom.tests.TestBase -- Start test: [validateTaxWithIncorrectData]
22:03:15.576 [Test worker] INFO  allcom.tests.TestBase -- PASSED: [validateTaxWithIncorrectData], with Parameters: [С‹]
22:03:15.578 [Test worker] INFO  allcom.tests.TestBase -- Start test: [validateTaxWithIncorrectData]
22:03:16.595 [Test worker] INFO  allcom.tests.TestBase -- PASSED: [validateTaxWithIncorrectData], with Parameters: [SС‹]
22:03:16.595 [Test worker] INFO  allcom.tests.TestBase -- Start test: [validateTaxWithIncorrectData]
22:03:17.464 [Test worker] INFO  allcom.tests.TestBase -- PASSED: [validateTaxWithIncorrectData], with Parameters: [S1]
22:03:17.464 [Test worker] INFO  allcom.tests.TestBase -- Start test: [validateTaxWithIncorrectData]
22:03:18.236 [Test worker] INFO  allcom.tests.TestBase -- PASSED: [validateTaxWithIncorrectData], with Parameters: [!]
22:03:18.237 [Test worker] INFO  allcom.tests.TestBase -- Start test: [validateTaxWithIncorrectData]
22:03:18.978 [Test worker] INFO  allcom.tests.TestBase -- PASSED: [validateTaxWithIncorrectData], with Parameters: [@]
22:03:18.978 [Test worker] INFO  allcom.tests.TestBase -- Start test: [validateTaxWithIncorrectData]
22:03:19.895 [Test worker] INFO  allcom.tests.TestBase -- PASSED: [validateTaxWithIncorrectData], with Parameters: [#]
22:03:19.895 [Test worker] INFO  allcom.tests.TestBase -- Start test: [validateTaxWithIncorrectData]
22:03:20.696 [Test worker] INFO  allcom.tests.TestBase -- PASSED: [validateTaxWithIncorrectData], with Parameters: [Ass$]
22:03:20.696 [Test worker] INFO  allcom.tests.TestBase -- Start test: [validateTaxWithIncorrectData]
22:03:21.541 [Test worker] INFO  allcom.tests.TestBase -- PASSED: [validateTaxWithIncorrectData], with Parameters: [ss%]
22:03:21.541 [Test worker] INFO  allcom.tests.TestBase -- Start test: [validateTaxWithIncorrectData]
22:03:22.686 [Test worker] INFO  allcom.tests.TestBase -- PASSED: [validateTaxWithIncorrectData], with Parameters: [(]
22:03:22.686 [Test worker] INFO  allcom.tests.TestBase -- Start test: [validateTaxWithIncorrectData]
22:03:23.723 [Test worker] INFO  allcom.tests.TestBase -- PASSED: [validateTaxWithIncorrectData], with Parameters: [<script></script>]
22:03:23.724 [Test worker] INFO  allcom.tests.TestBase -- Start test: [validateTaxWithIncorrectData]
22:03:24.544 [Test worker] INFO  allcom.tests.TestBase -- PASSED: [validateTaxWithIncorrectData], with Parameters: [<input>]
22:03:24.544 [Test worker] INFO  allcom.tests.TestBase -- Start test: [validateTaxWithIncorrectData]
22:03:25.360 [Test worker] INFO  allcom.tests.TestBase -- PASSED: [validateTaxWithIncorrectData], with Parameters: [0]
22:03:25.360 [Test worker] INFO  allcom.tests.TestBase -- Start test: [validateTaxWithIncorrectData]
22:03:26.157 [Test worker] INFO  allcom.tests.TestBase -- PASSED: [validateTaxWithIncorrectData], with Parameters: [12345678]
22:03:26.157 [Test worker] INFO  allcom.tests.TestBase -- Start test: [validateTaxWithIncorrectData]
22:03:27.105 [Test worker] INFO  allcom.tests.TestBase -- PASSED: [validateTaxWithIncorrectData], with Parameters: [123456789d]
22:03:27.105 [Test worker] INFO  allcom.tests.TestBase -- Start test: [validateTaxWithIncorrectData]
22:03:27.903 [Test worker] INFO  allcom.tests.TestBase -- PASSED: [validateTaxWithIncorrectData], with Parameters: [123456789#]
22:03:27.904 [Test worker] INFO  allcom.tests.TestBase -- Start test: [validateTaxWithIncorrectData]
22:03:28.672 [Test worker] INFO  allcom.tests.TestBase -- PASSED: [validateTaxWithIncorrectData], with Parameters: [null]
22:03:28.673 [Test worker] INFO  allcom.tests.TestBase -- Start test: [validateTaxWithIncorrectData]
22:03:29.465 [Test worker] INFO  allcom.tests.TestBase -- PASSED: [validateTaxWithIncorrectData], with Parameters: [1234567890С‹]
22:03:29.465 [Test worker] INFO  allcom.tests.TestBase -- Start test: [validateTaxWithIncorrectData]
22:03:30.265 [Test worker] INFO  allcom.tests.TestBase -- PASSED: [validateTaxWithIncorrectData], with Parameters: [1234567890s]
22:03:30.265 [Test worker] INFO  allcom.tests.TestBase -- Start test: [validateTaxWithIncorrectData]
22:03:31.127 [Test worker] INFO  allcom.tests.TestBase -- PASSED: [validateTaxWithIncorrectData], with Parameters: [123456789O]
22:03:31.127 [Test worker] INFO  allcom.tests.TestBase -- Start test: [validateTaxWithIncorrectData]
22:03:32.036 [Test worker] INFO  allcom.tests.TestBase -- PASSED: [validateTaxWithIncorrectData], with Parameters: [123456789012345678901]
]]></system-out>
  <system-err><![CDATA[]]></system-err>
</testsuite>
