<?xml version="1.0" encoding="UTF-8"?>
<testsuite name="allcom.tests.footerPageTests.FooterPageTests" tests="14" skipped="0" failures="0" errors="0" timestamp="2024-01-31T00:15:08" hostname="PORTISHEAD-PC" time="7.925">
  <properties/>
  <testcase name="clickAboutUsLink" classname="allcom.tests.footerPageTests.FooterPageTests" time="0.122"/>
  <testcase name="clickAllcomBottomLink" classname="allcom.tests.footerPageTests.FooterPageTests" time="0.026"/>
  <testcase name="clickContactLink" classname="allcom.tests.footerPageTests.FooterPageTests" time="0.116"/>
  <testcase name="clickFacebookLink" classname="allcom.tests.footerPageTests.FooterPageTests" time="0.689"/>
  <testcase name="clickFavoritesAuctionsLink" classname="allcom.tests.footerPageTests.FooterPageTests" time="0.121"/>
  <testcase name="clickInstagramLink" classname="allcom.tests.footerPageTests.FooterPageTests" time="1.119"/>
  <testcase name="clickLoginLink" classname="allcom.tests.footerPageTests.FooterPageTests" time="0.112"/>
  <testcase name="clickMyAccountLink" classname="allcom.tests.footerPageTests.FooterPageTests" time="0.123"/>
  <testcase name="clickMyAuctionsLink" classname="allcom.tests.footerPageTests.FooterPageTests" time="0.112"/>
  <testcase name="clickPortfolioLink" classname="allcom.tests.footerPageTests.FooterPageTests" time="0.126"/>
  <testcase name="clickPrivacyPolicyLink" classname="allcom.tests.footerPageTests.FooterPageTests" time="0.128"/>
  <testcase name="clickRegisterLink" classname="allcom.tests.footerPageTests.FooterPageTests" time="0.131"/>
  <testcase name="clickTwitterLink" classname="allcom.tests.footerPageTests.FooterPageTests" time="1.594"/>
  <testcase name="clickYoutubeLink" classname="allcom.tests.footerPageTests.FooterPageTests" time="1.76"/>
  <system-out><![CDATA[01:15:08.755 [Test worker] INFO  allcom.tests.TestBase -- Start test: [clickAboutUsLink]
01:15:08.989 [Test worker] INFO  allcom.tests.TestBase -- PASSED: [clickAboutUsLink], with Parameters: []
01:15:08.990 [Test worker] INFO  allcom.tests.TestBase -- Start test: [clickAllcomBottomLink]
01:15:09.125 [Test worker] INFO  allcom.tests.TestBase -- PASSED: [clickAllcomBottomLink], with Parameters: []
01:15:09.126 [Test worker] INFO  allcom.tests.TestBase -- Start test: [clickContactLink]
01:15:09.354 [Test worker] INFO  allcom.tests.TestBase -- PASSED: [clickContactLink], with Parameters: []
01:15:09.355 [Test worker] INFO  allcom.tests.TestBase -- Start test: [clickFacebookLink]
01:15:10.223 [Test worker] INFO  allcom.tests.TestBase -- PASSED: [clickFacebookLink], with Parameters: []
01:15:10.223 [Test worker] INFO  allcom.tests.TestBase -- Start test: [clickFavoritesAuctionsLink]
01:15:10.455 [Test worker] INFO  allcom.tests.TestBase -- PASSED: [clickFavoritesAuctionsLink], with Parameters: []
01:15:10.456 [Test worker] INFO  allcom.tests.TestBase -- Start test: [clickInstagramLink]
01:15:11.694 [Test worker] INFO  allcom.tests.TestBase -- PASSED: [clickInstagramLink], with Parameters: []
01:15:11.695 [Test worker] INFO  allcom.tests.TestBase -- Start test: [clickLoginLink]
01:15:11.915 [Test worker] INFO  allcom.tests.TestBase -- PASSED: [clickLoginLink], with Parameters: []
01:15:11.916 [Test worker] INFO  allcom.tests.TestBase -- Start test: [clickMyAccountLink]
01:15:12.157 [Test worker] INFO  allcom.tests.TestBase -- PASSED: [clickMyAccountLink], with Parameters: []
01:15:12.158 [Test worker] INFO  allcom.tests.TestBase -- Start test: [clickMyAuctionsLink]
01:15:12.399 [Test worker] INFO  allcom.tests.TestBase -- PASSED: [clickMyAuctionsLink], with Parameters: []
01:15:12.399 [Test worker] INFO  allcom.tests.TestBase -- Start test: [clickPortfolioLink]
01:15:12.639 [Test worker] INFO  allcom.tests.TestBase -- PASSED: [clickPortfolioLink], with Parameters: []
01:15:12.641 [Test worker] INFO  allcom.tests.TestBase -- Start test: [clickPrivacyPolicyLink]
01:15:12.967 [Test worker] INFO  allcom.tests.TestBase -- PASSED: [clickPrivacyPolicyLink], with Parameters: []
01:15:12.967 [Test worker] INFO  allcom.tests.TestBase -- Start test: [clickRegisterLink]
01:15:13.211 [Test worker] INFO  allcom.tests.TestBase -- PASSED: [clickRegisterLink], with Parameters: []
01:15:13.212 [Test worker] INFO  allcom.tests.TestBase -- Start test: [clickTwitterLink]
01:15:14.919 [Test worker] INFO  allcom.tests.TestBase -- PASSED: [clickTwitterLink], with Parameters: []
01:15:14.919 [Test worker] INFO  allcom.tests.TestBase -- Start test: [clickYoutubeLink]
01:15:16.791 [Test worker] INFO  allcom.tests.TestBase -- PASSED: [clickYoutubeLink], with Parameters: []
]]></system-out>
  <system-err><![CDATA[]]></system-err>
</testsuite>
