<?xml version="1.0" encoding="UTF-8"?>
<testsuite name="allcom.tests.passwordReset.RestorePasswordTests" tests="23" skipped="0" failures="0" errors="0" timestamp="2024-01-30T01:46:27" hostname="PORTISHEAD-PC" time="11.488">
  <properties/>
  <testcase name="restoreWithInvalidEmail[0](п»ї)" classname="allcom.tests.passwordReset.RestorePasswordTests" time="0.396"/>
  <testcase name="restoreWithInvalidEmail[1]()" classname="allcom.tests.passwordReset.RestorePasswordTests" time="0.381"/>
  <testcase name="restoreWithInvalidEmail[2](testgmail.com)" classname="allcom.tests.passwordReset.RestorePasswordTests" time="0.215"/>
  <testcase name="restoreWithInvalidEmail[3](test@.com)" classname="allcom.tests.passwordReset.RestorePasswordTests" time="0.15"/>
  <testcase name="restoreWithInvalidEmail[4](test@gmailcom)" classname="allcom.tests.passwordReset.RestorePasswordTests" time="0.407"/>
  <testcase name="restoreWithInvalidEmail[5](test@gmail.)" classname="allcom.tests.passwordReset.RestorePasswordTests" time="0.455"/>
  <testcase name="restoreWithInvalidEmail[6](@gmail.com)" classname="allcom.tests.passwordReset.RestorePasswordTests" time="0.24"/>
  <testcase name="restoreWithInvalidEmail[7](Fqpwiuery)" classname="allcom.tests.passwordReset.RestorePasswordTests" time="0.154"/>
  <testcase name="restoreWithInvalidEmail[8](С†СѓРєС€РіРµС€РіР·)" classname="allcom.tests.passwordReset.RestorePasswordTests" time="0.439"/>
  <testcase name="restoreWithInvalidEmail[9](&quot;%^&amp;()):&quot;)" classname="allcom.tests.passwordReset.RestorePasswordTests" time="0.436"/>
  <testcase name="restoreWithInvalidEmail[10](1)" classname="allcom.tests.passwordReset.RestorePasswordTests" time="0.428"/>
  <testcase name="restoreWithInvalidEmail[11](С‚РµСЃС‚@gmail.com)" classname="allcom.tests.passwordReset.RestorePasswordTests" time="0.445"/>
  <testcase name="restoreWithInvalidEmail[12](SELECT* FROM)" classname="allcom.tests.passwordReset.RestorePasswordTests" time="0.244"/>
  <testcase name="restoreWithInvalidEmail[13](test@@gmail.com)" classname="allcom.tests.passwordReset.RestorePasswordTests" time="0.17"/>
  <testcase name="restoreWithInvalidEmail[14](www.telran.com)" classname="allcom.tests.passwordReset.RestorePasswordTests" time="0.426"/>
  <testcase name="restoreWithInvalidEmail[15](tes t@gmail.com)" classname="allcom.tests.passwordReset.RestorePasswordTests" time="0.45"/>
  <testcase name="restoreWithInvalidEmail[16](test@ gmail.com)" classname="allcom.tests.passwordReset.RestorePasswordTests" time="0.436"/>
  <testcase name="restoreWithInvalidEmail[17](test@gmail .com)" classname="allcom.tests.passwordReset.RestorePasswordTests" time="0.427"/>
  <testcase name="restoreWithInvalidEmail[18](test@gmail. com)" classname="allcom.tests.passwordReset.RestorePasswordTests" time="0.441"/>
  <testcase name="restoreWithInvalidEmail[19](&lt;script&gt;&lt;/script&gt;)" classname="allcom.tests.passwordReset.RestorePasswordTests" time="0.457"/>
  <testcase name="restoreWithInvalidEmail[20](&lt;input&gt;)" classname="allcom.tests.passwordReset.RestorePasswordTests" time="0.412"/>
  <testcase name="restoreWithInvalidEmail[21](0)" classname="allcom.tests.passwordReset.RestorePasswordTests" time="0.42"/>
  <testcase name="restoreWithValidEmail" classname="allcom.tests.passwordReset.RestorePasswordTests" time="0.431"/>
  <system-out><![CDATA[02:46:27.772 [Test worker] INFO  allcom.tests.TestBase -- Start test: [restoreWithInvalidEmail]
02:46:28.285 [Test worker] INFO  allcom.tests.TestBase -- PASSED: [restoreWithInvalidEmail], with Parameters: [п»ї]
02:46:28.286 [Test worker] INFO  allcom.tests.TestBase -- Start test: [restoreWithInvalidEmail]
02:46:28.790 [Test worker] INFO  allcom.tests.TestBase -- PASSED: [restoreWithInvalidEmail], with Parameters: []
02:46:28.791 [Test worker] INFO  allcom.tests.TestBase -- Start test: [restoreWithInvalidEmail]
02:46:29.132 [Test worker] INFO  allcom.tests.TestBase -- PASSED: [restoreWithInvalidEmail], with Parameters: [testgmail.com]
02:46:29.132 [Test worker] INFO  allcom.tests.TestBase -- Start test: [restoreWithInvalidEmail]
02:46:29.525 [Test worker] INFO  allcom.tests.TestBase -- PASSED: [restoreWithInvalidEmail], with Parameters: [test@.com]
02:46:29.526 [Test worker] INFO  allcom.tests.TestBase -- Start test: [restoreWithInvalidEmail]
02:46:30.039 [Test worker] INFO  allcom.tests.TestBase -- PASSED: [restoreWithInvalidEmail], with Parameters: [test@gmailcom]
02:46:30.040 [Test worker] INFO  allcom.tests.TestBase -- Start test: [restoreWithInvalidEmail]
02:46:30.617 [Test worker] INFO  allcom.tests.TestBase -- PASSED: [restoreWithInvalidEmail], with Parameters: [test@gmail.]
02:46:30.617 [Test worker] INFO  allcom.tests.TestBase -- Start test: [restoreWithInvalidEmail]
02:46:30.978 [Test worker] INFO  allcom.tests.TestBase -- PASSED: [restoreWithInvalidEmail], with Parameters: [@gmail.com]
02:46:30.979 [Test worker] INFO  allcom.tests.TestBase -- Start test: [restoreWithInvalidEmail]
02:46:31.358 [Test worker] INFO  allcom.tests.TestBase -- PASSED: [restoreWithInvalidEmail], with Parameters: [Fqpwiuery]
02:46:31.359 [Test worker] INFO  allcom.tests.TestBase -- Start test: [restoreWithInvalidEmail]
02:46:31.890 [Test worker] INFO  allcom.tests.TestBase -- PASSED: [restoreWithInvalidEmail], with Parameters: [С†СѓРєС€РіРµС€РіР·]
02:46:31.890 [Test worker] INFO  allcom.tests.TestBase -- Start test: [restoreWithInvalidEmail]
02:46:32.448 [Test worker] INFO  allcom.tests.TestBase -- PASSED: [restoreWithInvalidEmail], with Parameters: ["%^&()):"]
02:46:32.449 [Test worker] INFO  allcom.tests.TestBase -- Start test: [restoreWithInvalidEmail]
02:46:32.994 [Test worker] INFO  allcom.tests.TestBase -- PASSED: [restoreWithInvalidEmail], with Parameters: [1]
02:46:32.995 [Test worker] INFO  allcom.tests.TestBase -- Start test: [restoreWithInvalidEmail]
02:46:33.592 [Test worker] INFO  allcom.tests.TestBase -- PASSED: [restoreWithInvalidEmail], with Parameters: [С‚РµСЃС‚@gmail.com]
02:46:33.592 [Test worker] INFO  allcom.tests.TestBase -- Start test: [restoreWithInvalidEmail]
02:46:33.966 [Test worker] INFO  allcom.tests.TestBase -- PASSED: [restoreWithInvalidEmail], with Parameters: [SELECT* FROM]
02:46:33.966 [Test worker] INFO  allcom.tests.TestBase -- Start test: [restoreWithInvalidEmail]
02:46:34.368 [Test worker] INFO  allcom.tests.TestBase -- PASSED: [restoreWithInvalidEmail], with Parameters: [test@@gmail.com]
02:46:34.369 [Test worker] INFO  allcom.tests.TestBase -- Start test: [restoreWithInvalidEmail]
02:46:34.894 [Test worker] INFO  allcom.tests.TestBase -- PASSED: [restoreWithInvalidEmail], with Parameters: [www.telran.com]
02:46:34.895 [Test worker] INFO  allcom.tests.TestBase -- Start test: [restoreWithInvalidEmail]
02:46:35.473 [Test worker] INFO  allcom.tests.TestBase -- PASSED: [restoreWithInvalidEmail], with Parameters: [tes t@gmail.com]
02:46:35.473 [Test worker] INFO  allcom.tests.TestBase -- Start test: [restoreWithInvalidEmail]
02:46:36.036 [Test worker] INFO  allcom.tests.TestBase -- PASSED: [restoreWithInvalidEmail], with Parameters: [test@ gmail.com]
02:46:36.037 [Test worker] INFO  allcom.tests.TestBase -- Start test: [restoreWithInvalidEmail]
02:46:36.586 [Test worker] INFO  allcom.tests.TestBase -- PASSED: [restoreWithInvalidEmail], with Parameters: [test@gmail .com]
02:46:36.586 [Test worker] INFO  allcom.tests.TestBase -- Start test: [restoreWithInvalidEmail]
02:46:37.160 [Test worker] INFO  allcom.tests.TestBase -- PASSED: [restoreWithInvalidEmail], with Parameters: [test@gmail. com]
02:46:37.160 [Test worker] INFO  allcom.tests.TestBase -- Start test: [restoreWithInvalidEmail]
02:46:37.739 [Test worker] INFO  allcom.tests.TestBase -- PASSED: [restoreWithInvalidEmail], with Parameters: [<script></script>]
02:46:37.739 [Test worker] INFO  allcom.tests.TestBase -- Start test: [restoreWithInvalidEmail]
02:46:38.280 [Test worker] INFO  allcom.tests.TestBase -- PASSED: [restoreWithInvalidEmail], with Parameters: [<input>]
02:46:38.281 [Test worker] INFO  allcom.tests.TestBase -- Start test: [restoreWithInvalidEmail]
02:46:38.822 [Test worker] INFO  allcom.tests.TestBase -- PASSED: [restoreWithInvalidEmail], with Parameters: [0]
02:46:38.822 [Test worker] INFO  allcom.tests.TestBase -- Start test: [restoreWithValidEmail]
02:46:39.378 [Test worker] INFO  allcom.tests.TestBase -- PASSED: [restoreWithValidEmail], with Parameters: []
]]></system-out>
  <system-err><![CDATA[]]></system-err>
</testsuite>
