<?xml version="1.0" encoding="UTF-8"?>
<testsuite name="allcom.tests.passwordReset.RestorePasswordTests" tests="23" skipped="0" failures="0" errors="0" timestamp="2024-01-28T21:00:18" hostname="PORTISHEAD-PC" time="10.807">
  <properties/>
  <testcase name="restoreWithInvalidEmail[0](п»ї)" classname="allcom.tests.passwordReset.RestorePasswordTests" time="0.355"/>
  <testcase name="restoreWithInvalidEmail[1]()" classname="allcom.tests.passwordReset.RestorePasswordTests" time="0.318"/>
  <testcase name="restoreWithInvalidEmail[2](testgmail.com)" classname="allcom.tests.passwordReset.RestorePasswordTests" time="0.404"/>
  <testcase name="restoreWithInvalidEmail[3](test@.com)" classname="allcom.tests.passwordReset.RestorePasswordTests" time="0.167"/>
  <testcase name="restoreWithInvalidEmail[4](test@gmailcom)" classname="allcom.tests.passwordReset.RestorePasswordTests" time="0.179"/>
  <testcase name="restoreWithInvalidEmail[5](test@gmail.)" classname="allcom.tests.passwordReset.RestorePasswordTests" time="0.356"/>
  <testcase name="restoreWithInvalidEmail[6](@gmail.com)" classname="allcom.tests.passwordReset.RestorePasswordTests" time="0.348"/>
  <testcase name="restoreWithInvalidEmail[7](Fqpwiuery)" classname="allcom.tests.passwordReset.RestorePasswordTests" time="0.345"/>
  <testcase name="restoreWithInvalidEmail[8](С†СѓРєС€РіРµС€РіР·)" classname="allcom.tests.passwordReset.RestorePasswordTests" time="0.379"/>
  <testcase name="restoreWithInvalidEmail[9](&quot;%^&amp;()):&quot;)" classname="allcom.tests.passwordReset.RestorePasswordTests" time="0.355"/>
  <testcase name="restoreWithInvalidEmail[10](1)" classname="allcom.tests.passwordReset.RestorePasswordTests" time="0.193"/>
  <testcase name="restoreWithInvalidEmail[11](С‚РµСЃС‚@gmail.com)" classname="allcom.tests.passwordReset.RestorePasswordTests" time="0.383"/>
  <testcase name="restoreWithInvalidEmail[12](SELECT* FROM)" classname="allcom.tests.passwordReset.RestorePasswordTests" time="0.376"/>
  <testcase name="restoreWithInvalidEmail[13](test@@gmail.com)" classname="allcom.tests.passwordReset.RestorePasswordTests" time="0.392"/>
  <testcase name="restoreWithInvalidEmail[14](www.telran.com)" classname="allcom.tests.passwordReset.RestorePasswordTests" time="0.37"/>
  <testcase name="restoreWithInvalidEmail[15](tes t@gmail.com)" classname="allcom.tests.passwordReset.RestorePasswordTests" time="0.371"/>
  <testcase name="restoreWithInvalidEmail[16](test@ gmail.com)" classname="allcom.tests.passwordReset.RestorePasswordTests" time="0.426"/>
  <testcase name="restoreWithInvalidEmail[17](test@gmail .com)" classname="allcom.tests.passwordReset.RestorePasswordTests" time="0.371"/>
  <testcase name="restoreWithInvalidEmail[18](test@gmail. com)" classname="allcom.tests.passwordReset.RestorePasswordTests" time="0.373"/>
  <testcase name="restoreWithInvalidEmail[19](&lt;script&gt;&lt;/script&gt;)" classname="allcom.tests.passwordReset.RestorePasswordTests" time="0.419"/>
  <testcase name="restoreWithInvalidEmail[20](&lt;input&gt;)" classname="allcom.tests.passwordReset.RestorePasswordTests" time="0.354"/>
  <testcase name="restoreWithInvalidEmail[21](0)" classname="allcom.tests.passwordReset.RestorePasswordTests" time="0.408"/>
  <testcase name="restoreWithValidEmail" classname="allcom.tests.passwordReset.RestorePasswordTests" time="0.27"/>
  <system-out><![CDATA[22:00:18.636 [Test worker] INFO  allcom.tests.TestBase -- Start test: [restoreWithInvalidEmail]
22:00:19.223 [Test worker] INFO  allcom.tests.TestBase -- PASSED: [restoreWithInvalidEmail], with Parameters: [п»ї]
22:00:19.223 [Test worker] INFO  allcom.tests.TestBase -- Start test: [restoreWithInvalidEmail]
22:00:19.665 [Test worker] INFO  allcom.tests.TestBase -- PASSED: [restoreWithInvalidEmail], with Parameters: []
22:00:19.666 [Test worker] INFO  allcom.tests.TestBase -- Start test: [restoreWithInvalidEmail]
22:00:20.195 [Test worker] INFO  allcom.tests.TestBase -- PASSED: [restoreWithInvalidEmail], with Parameters: [testgmail.com]
22:00:20.195 [Test worker] INFO  allcom.tests.TestBase -- Start test: [restoreWithInvalidEmail]
22:00:20.553 [Test worker] INFO  allcom.tests.TestBase -- PASSED: [restoreWithInvalidEmail], with Parameters: [test@.com]
22:00:20.553 [Test worker] INFO  allcom.tests.TestBase -- Start test: [restoreWithInvalidEmail]
22:00:20.959 [Test worker] INFO  allcom.tests.TestBase -- PASSED: [restoreWithInvalidEmail], with Parameters: [test@gmailcom]
22:00:20.959 [Test worker] INFO  allcom.tests.TestBase -- Start test: [restoreWithInvalidEmail]
22:00:21.410 [Test worker] INFO  allcom.tests.TestBase -- PASSED: [restoreWithInvalidEmail], with Parameters: [test@gmail.]
22:00:21.411 [Test worker] INFO  allcom.tests.TestBase -- Start test: [restoreWithInvalidEmail]
22:00:21.881 [Test worker] INFO  allcom.tests.TestBase -- PASSED: [restoreWithInvalidEmail], with Parameters: [@gmail.com]
22:00:21.881 [Test worker] INFO  allcom.tests.TestBase -- Start test: [restoreWithInvalidEmail]
22:00:22.347 [Test worker] INFO  allcom.tests.TestBase -- PASSED: [restoreWithInvalidEmail], with Parameters: [Fqpwiuery]
22:00:22.348 [Test worker] INFO  allcom.tests.TestBase -- Start test: [restoreWithInvalidEmail]
22:00:22.848 [Test worker] INFO  allcom.tests.TestBase -- PASSED: [restoreWithInvalidEmail], with Parameters: [С†СѓРєС€РіРµС€РіР·]
22:00:22.848 [Test worker] INFO  allcom.tests.TestBase -- Start test: [restoreWithInvalidEmail]
22:00:23.326 [Test worker] INFO  allcom.tests.TestBase -- PASSED: [restoreWithInvalidEmail], with Parameters: ["%^&()):"]
22:00:23.328 [Test worker] INFO  allcom.tests.TestBase -- Start test: [restoreWithInvalidEmail]
22:00:23.646 [Test worker] INFO  allcom.tests.TestBase -- PASSED: [restoreWithInvalidEmail], with Parameters: [1]
22:00:23.646 [Test worker] INFO  allcom.tests.TestBase -- Start test: [restoreWithInvalidEmail]
22:00:24.153 [Test worker] INFO  allcom.tests.TestBase -- PASSED: [restoreWithInvalidEmail], with Parameters: [С‚РµСЃС‚@gmail.com]
22:00:24.154 [Test worker] INFO  allcom.tests.TestBase -- Start test: [restoreWithInvalidEmail]
22:00:24.662 [Test worker] INFO  allcom.tests.TestBase -- PASSED: [restoreWithInvalidEmail], with Parameters: [SELECT* FROM]
22:00:24.663 [Test worker] INFO  allcom.tests.TestBase -- Start test: [restoreWithInvalidEmail]
22:00:25.182 [Test worker] INFO  allcom.tests.TestBase -- PASSED: [restoreWithInvalidEmail], with Parameters: [test@@gmail.com]
22:00:25.183 [Test worker] INFO  allcom.tests.TestBase -- Start test: [restoreWithInvalidEmail]
22:00:25.686 [Test worker] INFO  allcom.tests.TestBase -- PASSED: [restoreWithInvalidEmail], with Parameters: [www.telran.com]
22:00:25.686 [Test worker] INFO  allcom.tests.TestBase -- Start test: [restoreWithInvalidEmail]
22:00:26.186 [Test worker] INFO  allcom.tests.TestBase -- PASSED: [restoreWithInvalidEmail], with Parameters: [tes t@gmail.com]
22:00:26.186 [Test worker] INFO  allcom.tests.TestBase -- Start test: [restoreWithInvalidEmail]
22:00:26.744 [Test worker] INFO  allcom.tests.TestBase -- PASSED: [restoreWithInvalidEmail], with Parameters: [test@ gmail.com]
22:00:26.745 [Test worker] INFO  allcom.tests.TestBase -- Start test: [restoreWithInvalidEmail]
22:00:27.239 [Test worker] INFO  allcom.tests.TestBase -- PASSED: [restoreWithInvalidEmail], with Parameters: [test@gmail .com]
22:00:27.239 [Test worker] INFO  allcom.tests.TestBase -- Start test: [restoreWithInvalidEmail]
22:00:27.739 [Test worker] INFO  allcom.tests.TestBase -- PASSED: [restoreWithInvalidEmail], with Parameters: [test@gmail. com]
22:00:27.740 [Test worker] INFO  allcom.tests.TestBase -- Start test: [restoreWithInvalidEmail]
22:00:28.278 [Test worker] INFO  allcom.tests.TestBase -- PASSED: [restoreWithInvalidEmail], with Parameters: [<script></script>]
22:00:28.278 [Test worker] INFO  allcom.tests.TestBase -- Start test: [restoreWithInvalidEmail]
22:00:28.755 [Test worker] INFO  allcom.tests.TestBase -- PASSED: [restoreWithInvalidEmail], with Parameters: [<input>]
22:00:28.755 [Test worker] INFO  allcom.tests.TestBase -- Start test: [restoreWithInvalidEmail]
22:00:29.285 [Test worker] INFO  allcom.tests.TestBase -- PASSED: [restoreWithInvalidEmail], with Parameters: [0]
22:00:29.285 [Test worker] INFO  allcom.tests.TestBase -- Start test: [restoreWithValidEmail]
22:00:29.675 [Test worker] INFO  allcom.tests.TestBase -- PASSED: [restoreWithValidEmail], with Parameters: []
]]></system-out>
  <system-err><![CDATA[]]></system-err>
</testsuite>
