<?xml version="1.0" encoding="UTF-8"?>
<testsuite name="allcom_testng.tests.header.HeaderAccountTests" tests="6" skipped="0" failures="0" errors="0" timestamp="2024-02-25T22:25:06" hostname="PORTISHEAD-PC" time="50.115">
  <properties/>
  <testcase name="cartTopIsPresent" classname="allcom_testng.tests.header.HeaderAccountTests" time="0.001"/>
  <testcase name="clickCartTopNavigatesToCorrectPage" classname="allcom_testng.tests.header.HeaderAccountTests" time="0.137"/>
  <testcase name="clickMyAccountTopNavigatesToCorrectPage" classname="allcom_testng.tests.header.HeaderAccountTests" time="0.143"/>
  <testcase name="clickWishlistTopNavigatesToCorrectPage" classname="allcom_testng.tests.header.HeaderAccountTests" time="0.067"/>
  <testcase name="myAccountTopIsPresent" classname="allcom_testng.tests.header.HeaderAccountTests" time="0.0"/>
  <testcase name="wishlistTopIsPresent" classname="allcom_testng.tests.header.HeaderAccountTests" time="0.0"/>
  <system-out><![CDATA[23:24:54.996 [Test worker] INFO  allcom_testng.tests.TestBase -- STARTED: [cartTopIsPresent]
Login element not found. Skipping login.
23:25:06.812 [Test worker] INFO  allcom_testng.tests.TestBase -- PASSED: [cartTopIsPresent], with VALUES: []
23:25:06.816 [Test worker] INFO  allcom_testng.tests.TestBase -- STARTED: [clickCartTopNavigatesToCorrectPage]
Login element not found. Skipping login.
23:25:19.061 [Test worker] INFO  allcom_testng.tests.TestBase -- PASSED: [clickCartTopNavigatesToCorrectPage], with VALUES: []
23:25:19.061 [Test worker] INFO  allcom_testng.tests.TestBase -- STARTED: [clickMyAccountTopNavigatesToCorrectPage]
Login element not found. Skipping login.
23:25:31.092 [Test worker] INFO  allcom_testng.tests.TestBase -- PASSED: [clickMyAccountTopNavigatesToCorrectPage], with VALUES: []
23:25:31.092 [Test worker] INFO  allcom_testng.tests.TestBase -- STARTED: [clickWishlistTopNavigatesToCorrectPage]
23:25:33.198 [Test worker] INFO  allcom_testng.tests.TestBase -- PASSED: [clickWishlistTopNavigatesToCorrectPage], with VALUES: []
23:25:33.199 [Test worker] INFO  allcom_testng.tests.TestBase -- STARTED: [myAccountTopIsPresent]
Login element not found. Skipping login.
23:25:45.262 [Test worker] INFO  allcom_testng.tests.TestBase -- PASSED: [myAccountTopIsPresent], with VALUES: []
23:25:45.265 [Test worker] INFO  allcom_testng.tests.TestBase -- STARTED: [wishlistTopIsPresent]
Login element not found. Skipping login.
23:25:56.925 [Test worker] INFO  allcom_testng.tests.TestBase -- PASSED: [wishlistTopIsPresent], with VALUES: []
]]></system-out>
  <system-err><![CDATA[]]></system-err>
</testsuite>
