<?xml version="1.0" encoding="UTF-8"?>
<testsuite name="allcom.tests.registration.RegisterPagePositiveTests" tests="127" skipped="0" failures="0" errors="0" timestamp="2024-01-30T01:49:27" hostname="PORTISHEAD-PC" time="269.048">
  <properties/>
  <testcase name="registerClientWithValidDataPositiveTest" classname="allcom.tests.registration.RegisterPagePositiveTests" time="0.865"/>
  <testcase name="registerFirmaWithValidDataPositiveTest" classname="allcom.tests.registration.RegisterPagePositiveTests" time="1.746"/>
  <testcase name="registerNewFirmaWithValidDataPositive[0](John, Doe, johndoe@example.com, 4934567894, Test!123, Test!123, ACME Corp, Manager, 123456789012, 12345, Berlin, Berliner Strasse, 42A)" classname="allcom.tests.registration.RegisterPagePositiveTests" time="1.821"/>
  <testcase name="registerNewFirmaWithValidDataPositive[1](Jane, Smith, janesmith@example.com, 9876545321, Demo@Pass2022, Demo@Pass2022, XYZ Ltd, Engineer, 987654321098, 54321, Hamburg, Hauptstrasse, 17B)" classname="allcom.tests.registration.RegisterPagePositiveTests" time="1.854"/>
  <testcase name="registerNewFirmaWithValidDataPositive[2](Alice, Johnson, alicejohnson@example.com, 4556789012, Secure@Pwd567, Secure@Pwd567, QuickFix Inc, Developer, 654321098765, 67890, Munich, Muenchner Weg, 99C)" classname="allcom.tests.registration.RegisterPagePositiveTests" time="1.856"/>
  <testcase name="registerNewFirmaWithValidDataPositive[3](Bob, Miller, bobmiller@example.com, 7890123545, Test@Pass789, Test@Pass789, Sprint Systems, Analyst, 210987654321, 98765, Stuttgart, Stuttgarter Allee, 12D)" classname="allcom.tests.registration.RegisterPagePositiveTests" time="1.979"/>
  <testcase name="registerNewFirmaWithValidDataPositive[4](Charlie, Brown, charliebrown@example.com, 3210958765, Awesome!12345, Awesome!12345, InnoTech Solutions, Designer, 543210987654, 34567, Frankfurt, Frankfurte Ring, 7E)" classname="allcom.tests.registration.RegisterPagePositiveTests" time="1.887"/>
  <testcase name="registerNewFirmaWithValidDataPositive[5](Eva, Clark, evaclark@example.com, 6543210958, Dummy@Pass456, Dummy@Pass456, SmartGrid GmbH, Manager, 109876543210, 87654, Dusseldorf, Duesseldorfer Platz, 23F)" classname="allcom.tests.registration.RegisterPagePositiveTests" time="1.905"/>
  <testcase name="registerNewFirmaWithValidDataPositive[6](David, Williams, davidwilliams@example.com, 25109876554, Explore@Test789, Explore@Test789, TechPro GmbH, Engineer, 987654321012, 43210, Leipzig, Leipziger Strasse, 56G)" classname="allcom.tests.registration.RegisterPagePositiveTests" time="1.927"/>
  <testcase name="registerNewFirmaWithValidDataPositive[7](Olivia, Jones, oliviajones@example.com, 54321509875, Beta@UserPass!33, Beta@UserPass!33, InnovaCorp AG, Analyst, 876543210987, 21098, Hannover, Hannoveraner Weg, 78H)" classname="allcom.tests.registration.RegisterPagePositiveTests" time="1.901"/>
  <testcase name="registerNewFirmaWithValidDataPositive[8](Michael, Smith, michaelsmith@example.com, 8765543210, Verify@Pass2022, Verify@Pass2022, FirmTech Solutions, Developer, 109876543210, 76543, Cologne, Koelner Gasse, 34I)" classname="allcom.tests.registration.RegisterPagePositiveTests" time="1.897"/>
  <testcase name="registerNewFirmaWithValidDataPositive[9](Sophie, Anderson, sophieanderson@example.com, 1095876543, Happy@Testing!333, Happy@Testing!333, DataFlow Systems, Designer, 321098765, 54321, Berlin, Berliner Strasse, 42A)" classname="allcom.tests.registration.RegisterPagePositiveTests" time="1.892"/>
  <testcase name="registerNewFirmaWithValidDataPositive[10](Alex, White, alexwhite@example.com, 9876543521, Pass@123, Pass@123, GlobalTech Ltd, Manager, 123456789012, 12345, Hamburg, Hauptstrasse, 17B)" classname="allcom.tests.registration.RegisterPagePositiveTests" time="1.803"/>
  <testcase name="registerNewFirmaWithValidDataPositive[11](Emma, Taylor, emataylor@example.com, 6543251098, Test@456, Test@456, BlueSky Inc, Engineer, 987654321098, 54321, Munich, Muenchner Weg, 99C)" classname="allcom.tests.registration.RegisterPagePositiveTests" time="1.886"/>
  <testcase name="registerNewFirmaWithValidDataPositive[12](Daniel, Baker, danielbaker@example.com, 3251098765, Secure@789, Secure@789, SmartBuild Solutions, Developer, 654321098765, 67890, Stuttgart, Stuttgarter Allee, 12D)" classname="allcom.tests.registration.RegisterPagePositiveTests" time="1.876"/>
  <testcase name="registerNewFirmaWithValidDataPositive[13](Grace, Turner, graceturner@example.com, 7859012345, Pass!2022, Pass!2022, FastTech Systems, Analyst, 210987654321, 98765, Frankfurt, Frankfurter Ring, 7E)" classname="allcom.tests.registration.RegisterPagePositiveTests" time="1.868"/>
  <testcase name="registerNewFirmaWithValidDataPositive[14](Oliver, Hall, oliverhall@example.com, 2109587654, Explore@2023, Explore@2023, TechGenius GmbH, Engineer, 987654321012, 43210, Dusseldorf, Duesseldorfer Platz, 23F)" classname="allcom.tests.registration.RegisterPagePositiveTests" time="1.849"/>
  <testcase name="registerNewFirmaWithValidDataPositive[15](Mia, Wilson, miawilson@example.com, 5432105987, Beta@Tester!33, Beta@Tester!33, InnoSoft AG, Analyst, 876543210987, 21098, Leipzig, Leipziger Strasse, 56G)" classname="allcom.tests.registration.RegisterPagePositiveTests" time="1.924"/>
  <testcase name="registerNewFirmaWithValidDataPositive[16](Sophia, Moore, sophiamoore@example.com, 8756543210, Verify@4567, Verify@4567, SmartData Solutions, Developer, 109876543210, 76543, Hannover, Hannoveraner Weg, 78H)" classname="allcom.tests.registration.RegisterPagePositiveTests" time="1.896"/>
  <testcase name="registerNewFirmaWithValidDataPositive[17](Liam, Carter, liamcarter@example.com, 1098576543, Happy@2023, Happy@2023, FutureTech Corp, Designer, 321098765, 54321, Cologne, Koelner Gasse, 4I)" classname="allcom.tests.registration.RegisterPagePositiveTests" time="1.825"/>
  <testcase name="registerNewFirmaWithValidDataPositive[18](Ava, Martin, avamartin@example.com, 7654325109, Test@12345, Test@12345, DataInnovate GmbH, Manager, 123456789012, 12345, Berlin, Berliner Strasse, 42A)" classname="allcom.tests.registration.RegisterPagePositiveTests" time="1.785"/>
  <testcase name="registerNewFirmaWithValidDataPositive[19](Lucas, Harris, lucasharris@example.com, 98576543210, Pass@2022, Pass@2022, GlobalSoft Ltd, Engineer, 987654321098, 54321, Hamburg, Hauptstrasse, 17B)" classname="allcom.tests.registration.RegisterPagePositiveTests" time="1.813"/>
  <testcase name="registerNewFirmaWithValidDataPositive[20](Ella, Cooper, ellacooper@example.com, 8765432109, Secure@1234, Secure@1234, BlueWave Inc, Developer, 654321098765, 67890, Munich, Muenchner Weg, 99C)" classname="allcom.tests.registration.RegisterPagePositiveTests" time="1.814"/>
  <testcase name="registerNewFirmaWithValidDataPositive[21](Jackson, Fisher, jacksonfisher@example.com, 7654321098, Test@5678, Test@5678, SmartTech Solutions, Analyst, 210987654321, 98765, Stuttgart, Stuttgarter Allee, 12D)" classname="allcom.tests.registration.RegisterPagePositiveTests" time="1.808"/>
  <testcase name="registerNewFirmaWithValidDataPositive[22](Isabella, Clark, isabellaclark@example.com, 10987654321, Awesome@2022, Awesome@2022, InnoConnect GmbH, Designer, 543210987654, 34567, Frankfurt, Frankfurter Ring, 7E)" classname="allcom.tests.registration.RegisterPagePositiveTests" time="1.822"/>
  <testcase name="registerNewFirmaWithValidDataPositive[23](Leo, Ward, leoward@example.com, 87654321098, Dummy@4567, Dummy@4567, FutureBuild Systems, Manager, 109876543210, 87654, Dusseldorf, Duesseldorfer Platz, 23F)" classname="allcom.tests.registration.RegisterPagePositiveTests" time="1.804"/>
  <testcase name="registerNewFirmaWithValidDataPositive[24](Aria, Martin, ariamartin@example.com, 10987654321, Explore@Tester!33, Explore@Tester!33, DataScape AG, Engineer, 987654321012, 43210, Leipzig, Leipziger Strasse, 56G)" classname="allcom.tests.registration.RegisterPagePositiveTests" time="1.894"/>
  <testcase name="registerNewFirmaWithValidDataPositive[25](Oliver, Adams, oliveradams@example.com, 7654321098, Beta@Tester456, Beta@Tester456, InnoWave Corp, Analyst, 876543210987, 21098, Hannover, Hannoveraner Weg, 8H)" classname="allcom.tests.registration.RegisterPagePositiveTests" time="1.832"/>
  <testcase name="registerNewFirmaWithValidDataPositive[26](Liam, Grey, liamgrey@example.com, 10987654321, Verify@Tester2022, Verify@Tester2022, SmartMind Solutions, Developer, 109876543210, 76543, Cologne, Koelner Gasse, 34I)" classname="allcom.tests.registration.RegisterPagePositiveTests" time="1.825"/>
  <testcase name="registerNewFirmaWithValidDataPositive[27](Zoe, Turner, zoeturner@example.com, 76543210987, Happy@Tester2022, Happy@Tester2022, FutureTech Innovations, Designer, 32109876576, 54321, Berlin, Berliner Strasse, 42A)" classname="allcom.tests.registration.RegisterPagePositiveTests" time="1.963"/>
  <testcase name="registerNewFirmaWithValidDataPositive[28](Ethan, Williams, ethanwilliams@example.com, 10987654321, Test@Tester123, Test@Tester123, GlobalInnovate GmbH, Manager, 123456789012, 12345, Hamburg, Hauptstrasse, 17B)" classname="allcom.tests.registration.RegisterPagePositiveTests" time="1.909"/>
  <testcase name="registerNewFirmaWithValidDataPositive[29](Luna, Knight, lunaknight@example.com, 87654321098, Pass@Tester2022, Pass@Tester2022, BlueTech Ltd, Engineer, 987654321098, 54321, Munich, Muenchner Weg, 99C)" classname="allcom.tests.registration.RegisterPagePositiveTests" time="1.836"/>
  <testcase name="registerNewFirmaWithValidDataPositive[30](Nikolay, Kotenko, nikolenkotenikolenkotenikolenkotenikolenkotenikolenkotenikolenk@gmail.com, 87654321098, Explore@Tester!33, Explore@Tester!33, DataScape AG, Analyst, 109876543210, 43210, Cologne, Koelner Gasse, 17B)" classname="allcom.tests.registration.RegisterPagePositiveTests" time="1.98"/>
  <testcase name="registerNewFirmaWithValidDataPositive[31](Gmail, Kotenko, nikolenkotenikolenkotenikolenkotenikolenkotenikolenkotenikolenk@gmailgmailgmailgmailgmailgmailgmailgmailgmailgmailgmailgmailgma.com, 87654321098, Pass@Tester2022, Pass@Tester2022, FutureTech Innovations, Designer, 543210987654, 76543, Munich, Duesseldorfer Platz, #45)" classname="allcom.tests.registration.RegisterPagePositiveTests" time="2.188"/>
  <testcase name="registerNewFirmaWithValidRandomDataPositive" classname="allcom.tests.registration.RegisterPagePositiveTests" time="1.955"/>
  <testcase name="registerNewFirmaWithValidRandomDataPositive" classname="allcom.tests.registration.RegisterPagePositiveTests" time="2.021"/>
  <testcase name="registerNewFirmaWithValidRandomDataPositive" classname="allcom.tests.registration.RegisterPagePositiveTests" time="1.99"/>
  <testcase name="registerNewFirmaWithValidRandomDataPositive" classname="allcom.tests.registration.RegisterPagePositiveTests" time="2.091"/>
  <testcase name="registerNewFirmaWithValidRandomDataPositive" classname="allcom.tests.registration.RegisterPagePositiveTests" time="1.935"/>
  <testcase name="registerNewFirmaWithValidRandomDataPositive" classname="allcom.tests.registration.RegisterPagePositiveTests" time="1.943"/>
  <testcase name="registerNewFirmaWithValidRandomDataPositive" classname="allcom.tests.registration.RegisterPagePositiveTests" time="2.012"/>
  <testcase name="registerNewFirmaWithValidRandomDataPositive" classname="allcom.tests.registration.RegisterPagePositiveTests" time="1.957"/>
  <testcase name="registerNewFirmaWithValidRandomDataPositive" classname="allcom.tests.registration.RegisterPagePositiveTests" time="1.876"/>
  <testcase name="registerNewFirmaWithValidRandomDataPositive" classname="allcom.tests.registration.RegisterPagePositiveTests" time="1.968"/>
  <testcase name="registerNewFirmaWithValidRandomDataPositive" classname="allcom.tests.registration.RegisterPagePositiveTests" time="1.842"/>
  <testcase name="registerNewFirmaWithValidRandomDataPositive" classname="allcom.tests.registration.RegisterPagePositiveTests" time="1.872"/>
  <testcase name="registerNewFirmaWithValidRandomDataPositive" classname="allcom.tests.registration.RegisterPagePositiveTests" time="1.909"/>
  <testcase name="registerNewFirmaWithValidRandomDataPositive" classname="allcom.tests.registration.RegisterPagePositiveTests" time="1.804"/>
  <testcase name="registerNewFirmaWithValidRandomDataPositive" classname="allcom.tests.registration.RegisterPagePositiveTests" time="1.803"/>
  <testcase name="registerNewFirmaWithValidRandomDataPositive" classname="allcom.tests.registration.RegisterPagePositiveTests" time="1.899"/>
  <testcase name="registerNewFirmaWithValidRandomDataPositive" classname="allcom.tests.registration.RegisterPagePositiveTests" time="1.816"/>
  <testcase name="registerNewFirmaWithValidRandomDataPositive" classname="allcom.tests.registration.RegisterPagePositiveTests" time="1.818"/>
  <testcase name="registerNewFirmaWithValidRandomDataPositive" classname="allcom.tests.registration.RegisterPagePositiveTests" time="1.865"/>
  <testcase name="registerNewFirmaWithValidRandomDataPositive" classname="allcom.tests.registration.RegisterPagePositiveTests" time="1.825"/>
  <testcase name="registerNewFirmaWithValidRandomDataPositive" classname="allcom.tests.registration.RegisterPagePositiveTests" time="1.772"/>
  <testcase name="registerNewFirmaWithValidRandomDataPositive" classname="allcom.tests.registration.RegisterPagePositiveTests" time="1.894"/>
  <testcase name="registerNewFirmaWithValidRandomDataPositive" classname="allcom.tests.registration.RegisterPagePositiveTests" time="1.83"/>
  <testcase name="registerNewFirmaWithValidRandomDataPositive" classname="allcom.tests.registration.RegisterPagePositiveTests" time="1.827"/>
  <testcase name="registerNewFirmaWithValidRandomDataPositive" classname="allcom.tests.registration.RegisterPagePositiveTests" time="1.935"/>
  <testcase name="registerNewFirmaWithValidRandomDataPositive" classname="allcom.tests.registration.RegisterPagePositiveTests" time="1.889"/>
  <testcase name="registerNewFirmaWithValidRandomDataPositive" classname="allcom.tests.registration.RegisterPagePositiveTests" time="1.954"/>
  <testcase name="registerNewFirmaWithValidRandomDataPositive" classname="allcom.tests.registration.RegisterPagePositiveTests" time="1.842"/>
  <testcase name="registerNewFirmaWithValidRandomDataPositive" classname="allcom.tests.registration.RegisterPagePositiveTests" time="1.871"/>
  <testcase name="registerNewFirmaWithValidRandomDataPositive" classname="allcom.tests.registration.RegisterPagePositiveTests" time="1.843"/>
  <testcase name="registerNewUserWithValidDataPositive[0](John, Doe, johndoe@example.com, 4934567894, Test!123)" classname="allcom.tests.registration.RegisterPagePositiveTests" time="0.806"/>
  <testcase name="registerNewUserWithValidDataPositive[1](Jane, Smith, janesmith@example.com, 9876545321, Demo@Pass2022)" classname="allcom.tests.registration.RegisterPagePositiveTests" time="0.81"/>
  <testcase name="registerNewUserWithValidDataPositive[2](Alice, Johnson, alicejohnson@example.com, 4556789012, Secure@Pwd567)" classname="allcom.tests.registration.RegisterPagePositiveTests" time="0.818"/>
  <testcase name="registerNewUserWithValidDataPositive[3](Bob, Miller, bobmiller@example.com, 7890123545, Test@Pass789)" classname="allcom.tests.registration.RegisterPagePositiveTests" time="0.827"/>
  <testcase name="registerNewUserWithValidDataPositive[4](Charlie, Brown, charliebrown@example.com, 3210958765, Awesome!12345)" classname="allcom.tests.registration.RegisterPagePositiveTests" time="0.828"/>
  <testcase name="registerNewUserWithValidDataPositive[5](Eva, Clark, evaclark@example.com, 6543210958, Dummy@Pass456)" classname="allcom.tests.registration.RegisterPagePositiveTests" time="0.8"/>
  <testcase name="registerNewUserWithValidDataPositive[6](David, Williams, davidwilliams@example.com, 25109876554, Explore@Test789)" classname="allcom.tests.registration.RegisterPagePositiveTests" time="0.838"/>
  <testcase name="registerNewUserWithValidDataPositive[7](Olivia, Jones, oliviajones@example.com, 54321509875, Beta@UserPass!33)" classname="allcom.tests.registration.RegisterPagePositiveTests" time="0.897"/>
  <testcase name="registerNewUserWithValidDataPositive[8](Michael, Smith, michaelsmith@example.com, 8765543210, Verify@Pass2022)" classname="allcom.tests.registration.RegisterPagePositiveTests" time="0.894"/>
  <testcase name="registerNewUserWithValidDataPositive[9](Sophie, Anderson, sophieanderson@example.com, 1095876543, Happy@Testing!333)" classname="allcom.tests.registration.RegisterPagePositiveTests" time="0.971"/>
  <testcase name="registerNewUserWithValidDataPositive[10](Alex, White, alexwhite@example.com, 9876543521, Pass@123)" classname="allcom.tests.registration.RegisterPagePositiveTests" time="0.83"/>
  <testcase name="registerNewUserWithValidDataPositive[11](Emma, Taylor, emataylor@example.com, 6543251098, Test@456)" classname="allcom.tests.registration.RegisterPagePositiveTests" time="0.818"/>
  <testcase name="registerNewUserWithValidDataPositive[12](Daniel, Baker, danielbaker@example.com, 3251098765, Secure@789)" classname="allcom.tests.registration.RegisterPagePositiveTests" time="0.812"/>
  <testcase name="registerNewUserWithValidDataPositive[13](Grace, Turner, graceturner@example.com, 7859012345, Pass!2022)" classname="allcom.tests.registration.RegisterPagePositiveTests" time="0.833"/>
  <testcase name="registerNewUserWithValidDataPositive[14](Oliver, Hall, oliverhall@example.com, 2109587654, Explore@2023)" classname="allcom.tests.registration.RegisterPagePositiveTests" time="0.803"/>
  <testcase name="registerNewUserWithValidDataPositive[15](Mia, Wilson, miawilson@example.com, 5432105987, Beta@Tester!33)" classname="allcom.tests.registration.RegisterPagePositiveTests" time="0.844"/>
  <testcase name="registerNewUserWithValidDataPositive[16](Sophia, Moore, sophiamoore@example.com, 8756543210, Verify@4567)" classname="allcom.tests.registration.RegisterPagePositiveTests" time="0.816"/>
  <testcase name="registerNewUserWithValidDataPositive[17](Liam, Carter, liamcarter@example.com, 1098576543, Happy@2023)" classname="allcom.tests.registration.RegisterPagePositiveTests" time="0.816"/>
  <testcase name="registerNewUserWithValidDataPositive[18](Ava, Martin, avamartin@example.com, 7654325109, Test@12345)" classname="allcom.tests.registration.RegisterPagePositiveTests" time="0.951"/>
  <testcase name="registerNewUserWithValidDataPositive[19](Lucas, Harris, lucasharris@example.com, 98576543210, Pass@2022)" classname="allcom.tests.registration.RegisterPagePositiveTests" time="0.837"/>
  <testcase name="registerNewUserWithValidDataPositive[20](Ella, Cooper, ellacooper@example.com, 8765432109, Secure@1234)" classname="allcom.tests.registration.RegisterPagePositiveTests" time="0.896"/>
  <testcase name="registerNewUserWithValidDataPositive[21](Jackson, Fisher, jacksonfisher@example.com, 7654321098, Test@5678)" classname="allcom.tests.registration.RegisterPagePositiveTests" time="0.851"/>
  <testcase name="registerNewUserWithValidDataPositive[22](Isabella, Clark, isabellaclark@example.com, 10987654321, Awesome@2022)" classname="allcom.tests.registration.RegisterPagePositiveTests" time="0.847"/>
  <testcase name="registerNewUserWithValidDataPositive[23](Leo, Ward, leoward@example.com, 87654321098, Dummy@4567)" classname="allcom.tests.registration.RegisterPagePositiveTests" time="0.798"/>
  <testcase name="registerNewUserWithValidDataPositive[24](Aria, Martin, ariamartin@example.com, 10987654321, Explore@Tester!33)" classname="allcom.tests.registration.RegisterPagePositiveTests" time="0.838"/>
  <testcase name="registerNewUserWithValidDataPositive[25](Oliver, Adams, oliveradams@example.com, 7654321098, Beta@Tester456)" classname="allcom.tests.registration.RegisterPagePositiveTests" time="0.939"/>
  <testcase name="registerNewUserWithValidDataPositive[26](Liam, Grey, liamgrey@example.com, 10987654321, Verify@Tester2022)" classname="allcom.tests.registration.RegisterPagePositiveTests" time="0.863"/>
  <testcase name="registerNewUserWithValidDataPositive[27](Zoe, Turner, zoeturner@example.com, 76543210987, Happy@Tester2022)" classname="allcom.tests.registration.RegisterPagePositiveTests" time="0.864"/>
  <testcase name="registerNewUserWithValidDataPositive[28](Ethan, Williams, ethanwilliams@example.com, 10987654321, Test@Tester123)" classname="allcom.tests.registration.RegisterPagePositiveTests" time="0.871"/>
  <testcase name="registerNewUserWithValidDataPositive[29](Luna, Knight, lunaknight@example.com, 87654321098, Pass@Tester2022)" classname="allcom.tests.registration.RegisterPagePositiveTests" time="0.875"/>
  <testcase name="registerNewUserWithValidDataPositive[30](Nikolay, Kotenko, nikolenkotenikolenkotenikolenkotenikolenkotenikolenkotenikolenk@gmail.com, 4567894012, secureusersecureuserD@User202)" classname="allcom.tests.registration.RegisterPagePositiveTests" time="1.019"/>
  <testcase name="registerNewUserWithValidDataPositive[31](Gmail, Kotenko, nikolenkotenikolenkotenikolenkotenikolenkotenikolenkotenikolenk@gmailgmailgmailgmailgmailgmailgmailgmailgmailgmailgmailgmailgma.com, 3210948765, ecureusersecureuserecureusersecureuserecureusersecureuserecureusersecureuserecureusersecureuserecureusersecureuserecureusersecureuserecureusersecureuserecureusersecureuserecureusersecureuserecureusersecureusaD@User2022)" classname="allcom.tests.registration.RegisterPagePositiveTests" time="1.862"/>
  <testcase name="registerNewUserWithValidRandomDataPositive" classname="allcom.tests.registration.RegisterPagePositiveTests" time="0.97"/>
  <testcase name="registerNewUserWithValidRandomDataPositive" classname="allcom.tests.registration.RegisterPagePositiveTests" time="0.882"/>
  <testcase name="registerNewUserWithValidRandomDataPositive" classname="allcom.tests.registration.RegisterPagePositiveTests" time="0.909"/>
  <testcase name="registerNewUserWithValidRandomDataPositive" classname="allcom.tests.registration.RegisterPagePositiveTests" time="0.923"/>
  <testcase name="registerNewUserWithValidRandomDataPositive" classname="allcom.tests.registration.RegisterPagePositiveTests" time="0.903"/>
  <testcase name="registerNewUserWithValidRandomDataPositive" classname="allcom.tests.registration.RegisterPagePositiveTests" time="1.038"/>
  <testcase name="registerNewUserWithValidRandomDataPositive" classname="allcom.tests.registration.RegisterPagePositiveTests" time="0.976"/>
  <testcase name="registerNewUserWithValidRandomDataPositive" classname="allcom.tests.registration.RegisterPagePositiveTests" time="0.995"/>
  <testcase name="registerNewUserWithValidRandomDataPositive" classname="allcom.tests.registration.RegisterPagePositiveTests" time="0.946"/>
  <testcase name="registerNewUserWithValidRandomDataPositive" classname="allcom.tests.registration.RegisterPagePositiveTests" time="0.907"/>
  <testcase name="registerNewUserWithValidRandomDataPositive" classname="allcom.tests.registration.RegisterPagePositiveTests" time="0.882"/>
  <testcase name="registerNewUserWithValidRandomDataPositive" classname="allcom.tests.registration.RegisterPagePositiveTests" time="0.891"/>
  <testcase name="registerNewUserWithValidRandomDataPositive" classname="allcom.tests.registration.RegisterPagePositiveTests" time="0.923"/>
  <testcase name="registerNewUserWithValidRandomDataPositive" classname="allcom.tests.registration.RegisterPagePositiveTests" time="0.89"/>
  <testcase name="registerNewUserWithValidRandomDataPositive" classname="allcom.tests.registration.RegisterPagePositiveTests" time="0.936"/>
  <testcase name="registerNewUserWithValidRandomDataPositive" classname="allcom.tests.registration.RegisterPagePositiveTests" time="0.953"/>
  <testcase name="registerNewUserWithValidRandomDataPositive" classname="allcom.tests.registration.RegisterPagePositiveTests" time="1.003"/>
  <testcase name="registerNewUserWithValidRandomDataPositive" classname="allcom.tests.registration.RegisterPagePositiveTests" time="0.963"/>
  <testcase name="registerNewUserWithValidRandomDataPositive" classname="allcom.tests.registration.RegisterPagePositiveTests" time="1.195"/>
  <testcase name="registerNewUserWithValidRandomDataPositive" classname="allcom.tests.registration.RegisterPagePositiveTests" time="0.883"/>
  <testcase name="registerNewUserWithValidRandomDataPositive" classname="allcom.tests.registration.RegisterPagePositiveTests" time="0.91"/>
  <testcase name="registerNewUserWithValidRandomDataPositive" classname="allcom.tests.registration.RegisterPagePositiveTests" time="1.017"/>
  <testcase name="registerNewUserWithValidRandomDataPositive" classname="allcom.tests.registration.RegisterPagePositiveTests" time="1.1"/>
  <testcase name="registerNewUserWithValidRandomDataPositive" classname="allcom.tests.registration.RegisterPagePositiveTests" time="1.055"/>
  <testcase name="registerNewUserWithValidRandomDataPositive" classname="allcom.tests.registration.RegisterPagePositiveTests" time="0.904"/>
  <testcase name="registerNewUserWithValidRandomDataPositive" classname="allcom.tests.registration.RegisterPagePositiveTests" time="0.948"/>
  <testcase name="registerNewUserWithValidRandomDataPositive" classname="allcom.tests.registration.RegisterPagePositiveTests" time="0.941"/>
  <testcase name="registerNewUserWithValidRandomDataPositive" classname="allcom.tests.registration.RegisterPagePositiveTests" time="0.882"/>
  <testcase name="registerNewUserWithValidRandomDataPositive" classname="allcom.tests.registration.RegisterPagePositiveTests" time="0.923"/>
  <testcase name="registerNewUserWithValidRandomDataPositive" classname="allcom.tests.registration.RegisterPagePositiveTests" time="0.959"/>
  <testcase name="validateComparePasswordsEqualityPositiveData" classname="allcom.tests.registration.RegisterPagePositiveTests" time="0.266"/>
  <system-out><![CDATA[02:49:26.376 [Test worker] INFO  allcom.tests.TestBase -- Start test: [registerClientWithValidDataPositiveTest]
02:49:27.934 [Test worker] INFO  allcom.tests.TestBase -- PASSED: [registerClientWithValidDataPositiveTest], with Parameters: []
02:49:27.935 [Test worker] INFO  allcom.tests.TestBase -- Start test: [registerFirmaWithValidDataPositiveTest]
02:49:30.342 [Test worker] INFO  allcom.tests.TestBase -- PASSED: [registerFirmaWithValidDataPositiveTest], with Parameters: []
02:49:30.344 [Test worker] INFO  allcom.tests.TestBase -- Start test: [registerNewFirmaWithValidDataPositive]
02:49:32.810 [Test worker] INFO  allcom.tests.TestBase -- PASSED: [registerNewFirmaWithValidDataPositive], with Parameters: [John, Doe, johndoe@example.com, 4934567894, Test!123, Test!123, ACME Corp, Manager, 123456789012, 12345, Berlin, Berliner Strasse, 42A]
02:49:32.810 [Test worker] INFO  allcom.tests.TestBase -- Start test: [registerNewFirmaWithValidDataPositive]
02:49:35.339 [Test worker] INFO  allcom.tests.TestBase -- PASSED: [registerNewFirmaWithValidDataPositive], with Parameters: [Jane, Smith, janesmith@example.com, 9876545321, Demo@Pass2022, Demo@Pass2022, XYZ Ltd, Engineer, 987654321098, 54321, Hamburg, Hauptstrasse, 17B]
02:49:35.340 [Test worker] INFO  allcom.tests.TestBase -- Start test: [registerNewFirmaWithValidDataPositive]
02:49:37.875 [Test worker] INFO  allcom.tests.TestBase -- PASSED: [registerNewFirmaWithValidDataPositive], with Parameters: [Alice, Johnson, alicejohnson@example.com, 4556789012, Secure@Pwd567, Secure@Pwd567, QuickFix Inc, Developer, 654321098765, 67890, Munich, Muenchner Weg, 99C]
02:49:37.875 [Test worker] INFO  allcom.tests.TestBase -- Start test: [registerNewFirmaWithValidDataPositive]
02:49:40.492 [Test worker] INFO  allcom.tests.TestBase -- PASSED: [registerNewFirmaWithValidDataPositive], with Parameters: [Bob, Miller, bobmiller@example.com, 7890123545, Test@Pass789, Test@Pass789, Sprint Systems, Analyst, 210987654321, 98765, Stuttgart, Stuttgarter Allee, 12D]
02:49:40.492 [Test worker] INFO  allcom.tests.TestBase -- Start test: [registerNewFirmaWithValidDataPositive]
02:49:43.027 [Test worker] INFO  allcom.tests.TestBase -- PASSED: [registerNewFirmaWithValidDataPositive], with Parameters: [Charlie, Brown, charliebrown@example.com, 3210958765, Awesome!12345, Awesome!12345, InnoTech Solutions, Designer, 543210987654, 34567, Frankfurt, Frankfurte Ring, 7E]
02:49:43.028 [Test worker] INFO  allcom.tests.TestBase -- Start test: [registerNewFirmaWithValidDataPositive]
02:49:45.585 [Test worker] INFO  allcom.tests.TestBase -- PASSED: [registerNewFirmaWithValidDataPositive], with Parameters: [Eva, Clark, evaclark@example.com, 6543210958, Dummy@Pass456, Dummy@Pass456, SmartGrid GmbH, Manager, 109876543210, 87654, Dusseldorf, Duesseldorfer Platz, 23F]
02:49:45.585 [Test worker] INFO  allcom.tests.TestBase -- Start test: [registerNewFirmaWithValidDataPositive]
02:49:48.181 [Test worker] INFO  allcom.tests.TestBase -- PASSED: [registerNewFirmaWithValidDataPositive], with Parameters: [David, Williams, davidwilliams@example.com, 25109876554, Explore@Test789, Explore@Test789, TechPro GmbH, Engineer, 987654321012, 43210, Leipzig, Leipziger Strasse, 56G]
02:49:48.181 [Test worker] INFO  allcom.tests.TestBase -- Start test: [registerNewFirmaWithValidDataPositive]
02:49:50.761 [Test worker] INFO  allcom.tests.TestBase -- PASSED: [registerNewFirmaWithValidDataPositive], with Parameters: [Olivia, Jones, oliviajones@example.com, 54321509875, Beta@UserPass!33, Beta@UserPass!33, InnovaCorp AG, Analyst, 876543210987, 21098, Hannover, Hannoveraner Weg, 78H]
02:49:50.761 [Test worker] INFO  allcom.tests.TestBase -- Start test: [registerNewFirmaWithValidDataPositive]
02:49:53.309 [Test worker] INFO  allcom.tests.TestBase -- PASSED: [registerNewFirmaWithValidDataPositive], with Parameters: [Michael, Smith, michaelsmith@example.com, 8765543210, Verify@Pass2022, Verify@Pass2022, FirmTech Solutions, Developer, 109876543210, 76543, Cologne, Koelner Gasse, 34I]
02:49:53.309 [Test worker] INFO  allcom.tests.TestBase -- Start test: [registerNewFirmaWithValidDataPositive]
02:49:55.862 [Test worker] INFO  allcom.tests.TestBase -- PASSED: [registerNewFirmaWithValidDataPositive], with Parameters: [Sophie, Anderson, sophieanderson@example.com, 1095876543, Happy@Testing!333, Happy@Testing!333, DataFlow Systems, Designer, 321098765, 54321, Berlin, Berliner Strasse, 42A]
02:49:55.863 [Test worker] INFO  allcom.tests.TestBase -- Start test: [registerNewFirmaWithValidDataPositive]
02:49:58.444 [Test worker] INFO  allcom.tests.TestBase -- PASSED: [registerNewFirmaWithValidDataPositive], with Parameters: [Alex, White, alexwhite@example.com, 9876543521, Pass@123, Pass@123, GlobalTech Ltd, Manager, 123456789012, 12345, Hamburg, Hauptstrasse, 17B]
02:49:58.445 [Test worker] INFO  allcom.tests.TestBase -- Start test: [registerNewFirmaWithValidDataPositive]
02:50:01.027 [Test worker] INFO  allcom.tests.TestBase -- PASSED: [registerNewFirmaWithValidDataPositive], with Parameters: [Emma, Taylor, emataylor@example.com, 6543251098, Test@456, Test@456, BlueSky Inc, Engineer, 987654321098, 54321, Munich, Muenchner Weg, 99C]
02:50:01.027 [Test worker] INFO  allcom.tests.TestBase -- Start test: [registerNewFirmaWithValidDataPositive]
02:50:03.584 [Test worker] INFO  allcom.tests.TestBase -- PASSED: [registerNewFirmaWithValidDataPositive], with Parameters: [Daniel, Baker, danielbaker@example.com, 3251098765, Secure@789, Secure@789, SmartBuild Solutions, Developer, 654321098765, 67890, Stuttgart, Stuttgarter Allee, 12D]
02:50:03.585 [Test worker] INFO  allcom.tests.TestBase -- Start test: [registerNewFirmaWithValidDataPositive]
02:50:06.129 [Test worker] INFO  allcom.tests.TestBase -- PASSED: [registerNewFirmaWithValidDataPositive], with Parameters: [Grace, Turner, graceturner@example.com, 7859012345, Pass!2022, Pass!2022, FastTech Systems, Analyst, 210987654321, 98765, Frankfurt, Frankfurter Ring, 7E]
02:50:06.130 [Test worker] INFO  allcom.tests.TestBase -- Start test: [registerNewFirmaWithValidDataPositive]
02:50:08.651 [Test worker] INFO  allcom.tests.TestBase -- PASSED: [registerNewFirmaWithValidDataPositive], with Parameters: [Oliver, Hall, oliverhall@example.com, 2109587654, Explore@2023, Explore@2023, TechGenius GmbH, Engineer, 987654321012, 43210, Dusseldorf, Duesseldorfer Platz, 23F]
02:50:08.652 [Test worker] INFO  allcom.tests.TestBase -- Start test: [registerNewFirmaWithValidDataPositive]
02:50:11.269 [Test worker] INFO  allcom.tests.TestBase -- PASSED: [registerNewFirmaWithValidDataPositive], with Parameters: [Mia, Wilson, miawilson@example.com, 5432105987, Beta@Tester!33, Beta@Tester!33, InnoSoft AG, Analyst, 876543210987, 21098, Leipzig, Leipziger Strasse, 56G]
02:50:11.269 [Test worker] INFO  allcom.tests.TestBase -- Start test: [registerNewFirmaWithValidDataPositive]
02:50:13.859 [Test worker] INFO  allcom.tests.TestBase -- PASSED: [registerNewFirmaWithValidDataPositive], with Parameters: [Sophia, Moore, sophiamoore@example.com, 8756543210, Verify@4567, Verify@4567, SmartData Solutions, Developer, 109876543210, 76543, Hannover, Hannoveraner Weg, 78H]
02:50:13.859 [Test worker] INFO  allcom.tests.TestBase -- Start test: [registerNewFirmaWithValidDataPositive]
02:50:16.357 [Test worker] INFO  allcom.tests.TestBase -- PASSED: [registerNewFirmaWithValidDataPositive], with Parameters: [Liam, Carter, liamcarter@example.com, 1098576543, Happy@2023, Happy@2023, FutureTech Corp, Designer, 321098765, 54321, Cologne, Koelner Gasse, 4I]
02:50:16.357 [Test worker] INFO  allcom.tests.TestBase -- Start test: [registerNewFirmaWithValidDataPositive]
02:50:18.828 [Test worker] INFO  allcom.tests.TestBase -- PASSED: [registerNewFirmaWithValidDataPositive], with Parameters: [Ava, Martin, avamartin@example.com, 7654325109, Test@12345, Test@12345, DataInnovate GmbH, Manager, 123456789012, 12345, Berlin, Berliner Strasse, 42A]
02:50:18.828 [Test worker] INFO  allcom.tests.TestBase -- Start test: [registerNewFirmaWithValidDataPositive]
02:50:21.351 [Test worker] INFO  allcom.tests.TestBase -- PASSED: [registerNewFirmaWithValidDataPositive], with Parameters: [Lucas, Harris, lucasharris@example.com, 98576543210, Pass@2022, Pass@2022, GlobalSoft Ltd, Engineer, 987654321098, 54321, Hamburg, Hauptstrasse, 17B]
02:50:21.351 [Test worker] INFO  allcom.tests.TestBase -- Start test: [registerNewFirmaWithValidDataPositive]
02:50:23.818 [Test worker] INFO  allcom.tests.TestBase -- PASSED: [registerNewFirmaWithValidDataPositive], with Parameters: [Ella, Cooper, ellacooper@example.com, 8765432109, Secure@1234, Secure@1234, BlueWave Inc, Developer, 654321098765, 67890, Munich, Muenchner Weg, 99C]
02:50:23.818 [Test worker] INFO  allcom.tests.TestBase -- Start test: [registerNewFirmaWithValidDataPositive]
02:50:26.295 [Test worker] INFO  allcom.tests.TestBase -- PASSED: [registerNewFirmaWithValidDataPositive], with Parameters: [Jackson, Fisher, jacksonfisher@example.com, 7654321098, Test@5678, Test@5678, SmartTech Solutions, Analyst, 210987654321, 98765, Stuttgart, Stuttgarter Allee, 12D]
02:50:26.295 [Test worker] INFO  allcom.tests.TestBase -- Start test: [registerNewFirmaWithValidDataPositive]
02:50:28.795 [Test worker] INFO  allcom.tests.TestBase -- PASSED: [registerNewFirmaWithValidDataPositive], with Parameters: [Isabella, Clark, isabellaclark@example.com, 10987654321, Awesome@2022, Awesome@2022, InnoConnect GmbH, Designer, 543210987654, 34567, Frankfurt, Frankfurter Ring, 7E]
02:50:28.795 [Test worker] INFO  allcom.tests.TestBase -- Start test: [registerNewFirmaWithValidDataPositive]
02:50:31.272 [Test worker] INFO  allcom.tests.TestBase -- PASSED: [registerNewFirmaWithValidDataPositive], with Parameters: [Leo, Ward, leoward@example.com, 87654321098, Dummy@4567, Dummy@4567, FutureBuild Systems, Manager, 109876543210, 87654, Dusseldorf, Duesseldorfer Platz, 23F]
02:50:31.272 [Test worker] INFO  allcom.tests.TestBase -- Start test: [registerNewFirmaWithValidDataPositive]
02:50:33.862 [Test worker] INFO  allcom.tests.TestBase -- PASSED: [registerNewFirmaWithValidDataPositive], with Parameters: [Aria, Martin, ariamartin@example.com, 10987654321, Explore@Tester!33, Explore@Tester!33, DataScape AG, Engineer, 987654321012, 43210, Leipzig, Leipziger Strasse, 56G]
02:50:33.862 [Test worker] INFO  allcom.tests.TestBase -- Start test: [registerNewFirmaWithValidDataPositive]
02:50:36.377 [Test worker] INFO  allcom.tests.TestBase -- PASSED: [registerNewFirmaWithValidDataPositive], with Parameters: [Oliver, Adams, oliveradams@example.com, 7654321098, Beta@Tester456, Beta@Tester456, InnoWave Corp, Analyst, 876543210987, 21098, Hannover, Hannoveraner Weg, 8H]
02:50:36.377 [Test worker] INFO  allcom.tests.TestBase -- Start test: [registerNewFirmaWithValidDataPositive]
02:50:38.894 [Test worker] INFO  allcom.tests.TestBase -- PASSED: [registerNewFirmaWithValidDataPositive], with Parameters: [Liam, Grey, liamgrey@example.com, 10987654321, Verify@Tester2022, Verify@Tester2022, SmartMind Solutions, Developer, 109876543210, 76543, Cologne, Koelner Gasse, 34I]
02:50:38.894 [Test worker] INFO  allcom.tests.TestBase -- Start test: [registerNewFirmaWithValidDataPositive]
02:50:41.545 [Test worker] INFO  allcom.tests.TestBase -- PASSED: [registerNewFirmaWithValidDataPositive], with Parameters: [Zoe, Turner, zoeturner@example.com, 76543210987, Happy@Tester2022, Happy@Tester2022, FutureTech Innovations, Designer, 32109876576, 54321, Berlin, Berliner Strasse, 42A]
02:50:41.545 [Test worker] INFO  allcom.tests.TestBase -- Start test: [registerNewFirmaWithValidDataPositive]
02:50:44.233 [Test worker] INFO  allcom.tests.TestBase -- PASSED: [registerNewFirmaWithValidDataPositive], with Parameters: [Ethan, Williams, ethanwilliams@example.com, 10987654321, Test@Tester123, Test@Tester123, GlobalInnovate GmbH, Manager, 123456789012, 12345, Hamburg, Hauptstrasse, 17B]
02:50:44.233 [Test worker] INFO  allcom.tests.TestBase -- Start test: [registerNewFirmaWithValidDataPositive]
02:50:46.793 [Test worker] INFO  allcom.tests.TestBase -- PASSED: [registerNewFirmaWithValidDataPositive], with Parameters: [Luna, Knight, lunaknight@example.com, 87654321098, Pass@Tester2022, Pass@Tester2022, BlueTech Ltd, Engineer, 987654321098, 54321, Munich, Muenchner Weg, 99C]
02:50:46.793 [Test worker] INFO  allcom.tests.TestBase -- Start test: [registerNewFirmaWithValidDataPositive]
02:50:49.474 [Test worker] INFO  allcom.tests.TestBase -- PASSED: [registerNewFirmaWithValidDataPositive], with Parameters: [Nikolay, Kotenko, nikolenkotenikolenkotenikolenkotenikolenkotenikolenkotenikolenk@gmail.com, 87654321098, Explore@Tester!33, Explore@Tester!33, DataScape AG, Analyst, 109876543210, 43210, Cologne, Koelner Gasse, 17B]
02:50:49.475 [Test worker] INFO  allcom.tests.TestBase -- Start test: [registerNewFirmaWithValidDataPositive]
02:50:52.372 [Test worker] INFO  allcom.tests.TestBase -- PASSED: [registerNewFirmaWithValidDataPositive], with Parameters: [Gmail, Kotenko, nikolenkotenikolenkotenikolenkotenikolenkotenikolenkotenikolenk@gmailgmailgmailgmailgmailgmailgmailgmailgmailgmailgmailgmailgma.com, 87654321098, Pass@Tester2022, Pass@Tester2022, FutureTech Innovations, Designer, 543210987654, 76543, Munich, Duesseldorfer Platz, #45]
02:50:52.373 [Test worker] INFO  allcom.tests.TestBase -- Start test: [registerNewFirmaWithValidRandomDataPositive]
02:50:55.021 [Test worker] INFO  allcom.tests.TestBase -- PASSED: [registerNewFirmaWithValidRandomDataPositive], with Parameters: []
02:50:55.021 [Test worker] INFO  allcom.tests.TestBase -- Start test: [registerNewFirmaWithValidRandomDataPositive]
02:50:57.741 [Test worker] INFO  allcom.tests.TestBase -- PASSED: [registerNewFirmaWithValidRandomDataPositive], with Parameters: []
02:50:57.741 [Test worker] INFO  allcom.tests.TestBase -- Start test: [registerNewFirmaWithValidRandomDataPositive]
02:51:00.424 [Test worker] INFO  allcom.tests.TestBase -- PASSED: [registerNewFirmaWithValidRandomDataPositive], with Parameters: []
02:51:00.424 [Test worker] INFO  allcom.tests.TestBase -- Start test: [registerNewFirmaWithValidRandomDataPositive]
02:51:03.219 [Test worker] INFO  allcom.tests.TestBase -- PASSED: [registerNewFirmaWithValidRandomDataPositive], with Parameters: []
02:51:03.219 [Test worker] INFO  allcom.tests.TestBase -- Start test: [registerNewFirmaWithValidRandomDataPositive]
02:51:05.865 [Test worker] INFO  allcom.tests.TestBase -- PASSED: [registerNewFirmaWithValidRandomDataPositive], with Parameters: []
02:51:05.865 [Test worker] INFO  allcom.tests.TestBase -- Start test: [registerNewFirmaWithValidRandomDataPositive]
02:51:08.531 [Test worker] INFO  allcom.tests.TestBase -- PASSED: [registerNewFirmaWithValidRandomDataPositive], with Parameters: []
02:51:08.531 [Test worker] INFO  allcom.tests.TestBase -- Start test: [registerNewFirmaWithValidRandomDataPositive]
02:51:11.236 [Test worker] INFO  allcom.tests.TestBase -- PASSED: [registerNewFirmaWithValidRandomDataPositive], with Parameters: []
02:51:11.236 [Test worker] INFO  allcom.tests.TestBase -- Start test: [registerNewFirmaWithValidRandomDataPositive]
02:51:13.887 [Test worker] INFO  allcom.tests.TestBase -- PASSED: [registerNewFirmaWithValidRandomDataPositive], with Parameters: []
02:51:13.887 [Test worker] INFO  allcom.tests.TestBase -- Start test: [registerNewFirmaWithValidRandomDataPositive]
02:51:16.444 [Test worker] INFO  allcom.tests.TestBase -- PASSED: [registerNewFirmaWithValidRandomDataPositive], with Parameters: []
02:51:16.444 [Test worker] INFO  allcom.tests.TestBase -- Start test: [registerNewFirmaWithValidRandomDataPositive]
02:51:19.246 [Test worker] INFO  allcom.tests.TestBase -- PASSED: [registerNewFirmaWithValidRandomDataPositive], with Parameters: []
02:51:19.246 [Test worker] INFO  allcom.tests.TestBase -- Start test: [registerNewFirmaWithValidRandomDataPositive]
02:51:21.806 [Test worker] INFO  allcom.tests.TestBase -- PASSED: [registerNewFirmaWithValidRandomDataPositive], with Parameters: []
02:51:21.806 [Test worker] INFO  allcom.tests.TestBase -- Start test: [registerNewFirmaWithValidRandomDataPositive]
02:51:24.349 [Test worker] INFO  allcom.tests.TestBase -- PASSED: [registerNewFirmaWithValidRandomDataPositive], with Parameters: []
02:51:24.350 [Test worker] INFO  allcom.tests.TestBase -- Start test: [registerNewFirmaWithValidRandomDataPositive]
02:51:26.925 [Test worker] INFO  allcom.tests.TestBase -- PASSED: [registerNewFirmaWithValidRandomDataPositive], with Parameters: []
02:51:26.925 [Test worker] INFO  allcom.tests.TestBase -- Start test: [registerNewFirmaWithValidRandomDataPositive]
02:51:29.440 [Test worker] INFO  allcom.tests.TestBase -- PASSED: [registerNewFirmaWithValidRandomDataPositive], with Parameters: []
02:51:29.440 [Test worker] INFO  allcom.tests.TestBase -- Start test: [registerNewFirmaWithValidRandomDataPositive]
02:51:31.912 [Test worker] INFO  allcom.tests.TestBase -- PASSED: [registerNewFirmaWithValidRandomDataPositive], with Parameters: []
02:51:31.912 [Test worker] INFO  allcom.tests.TestBase -- Start test: [registerNewFirmaWithValidRandomDataPositive]
02:51:34.488 [Test worker] INFO  allcom.tests.TestBase -- PASSED: [registerNewFirmaWithValidRandomDataPositive], with Parameters: []
02:51:34.488 [Test worker] INFO  allcom.tests.TestBase -- Start test: [registerNewFirmaWithValidRandomDataPositive]
02:51:37.001 [Test worker] INFO  allcom.tests.TestBase -- PASSED: [registerNewFirmaWithValidRandomDataPositive], with Parameters: []
02:51:37.001 [Test worker] INFO  allcom.tests.TestBase -- Start test: [registerNewFirmaWithValidRandomDataPositive]
02:51:39.573 [Test worker] INFO  allcom.tests.TestBase -- PASSED: [registerNewFirmaWithValidRandomDataPositive], with Parameters: []
02:51:39.574 [Test worker] INFO  allcom.tests.TestBase -- Start test: [registerNewFirmaWithValidRandomDataPositive]
02:51:42.107 [Test worker] INFO  allcom.tests.TestBase -- PASSED: [registerNewFirmaWithValidRandomDataPositive], with Parameters: []
02:51:42.107 [Test worker] INFO  allcom.tests.TestBase -- Start test: [registerNewFirmaWithValidRandomDataPositive]
02:51:44.615 [Test worker] INFO  allcom.tests.TestBase -- PASSED: [registerNewFirmaWithValidRandomDataPositive], with Parameters: []
02:51:44.615 [Test worker] INFO  allcom.tests.TestBase -- Start test: [registerNewFirmaWithValidRandomDataPositive]
02:51:47.062 [Test worker] INFO  allcom.tests.TestBase -- PASSED: [registerNewFirmaWithValidRandomDataPositive], with Parameters: []
02:51:47.062 [Test worker] INFO  allcom.tests.TestBase -- Start test: [registerNewFirmaWithValidRandomDataPositive]
02:51:49.643 [Test worker] INFO  allcom.tests.TestBase -- PASSED: [registerNewFirmaWithValidRandomDataPositive], with Parameters: []
02:51:49.643 [Test worker] INFO  allcom.tests.TestBase -- Start test: [registerNewFirmaWithValidRandomDataPositive]
02:51:52.151 [Test worker] INFO  allcom.tests.TestBase -- PASSED: [registerNewFirmaWithValidRandomDataPositive], with Parameters: []
02:51:52.151 [Test worker] INFO  allcom.tests.TestBase -- Start test: [registerNewFirmaWithValidRandomDataPositive]
02:51:54.699 [Test worker] INFO  allcom.tests.TestBase -- PASSED: [registerNewFirmaWithValidRandomDataPositive], with Parameters: []
02:51:54.699 [Test worker] INFO  allcom.tests.TestBase -- Start test: [registerNewFirmaWithValidRandomDataPositive]
02:51:57.330 [Test worker] INFO  allcom.tests.TestBase -- PASSED: [registerNewFirmaWithValidRandomDataPositive], with Parameters: []
02:51:57.330 [Test worker] INFO  allcom.tests.TestBase -- Start test: [registerNewFirmaWithValidRandomDataPositive]
02:51:59.905 [Test worker] INFO  allcom.tests.TestBase -- PASSED: [registerNewFirmaWithValidRandomDataPositive], with Parameters: []
02:51:59.905 [Test worker] INFO  allcom.tests.TestBase -- Start test: [registerNewFirmaWithValidRandomDataPositive]
02:52:02.529 [Test worker] INFO  allcom.tests.TestBase -- PASSED: [registerNewFirmaWithValidRandomDataPositive], with Parameters: []
02:52:02.529 [Test worker] INFO  allcom.tests.TestBase -- Start test: [registerNewFirmaWithValidRandomDataPositive]
02:52:05.035 [Test worker] INFO  allcom.tests.TestBase -- PASSED: [registerNewFirmaWithValidRandomDataPositive], with Parameters: []
02:52:05.035 [Test worker] INFO  allcom.tests.TestBase -- Start test: [registerNewFirmaWithValidRandomDataPositive]
02:52:07.642 [Test worker] INFO  allcom.tests.TestBase -- PASSED: [registerNewFirmaWithValidRandomDataPositive], with Parameters: []
02:52:07.642 [Test worker] INFO  allcom.tests.TestBase -- Start test: [registerNewFirmaWithValidRandomDataPositive]
02:52:10.190 [Test worker] INFO  allcom.tests.TestBase -- PASSED: [registerNewFirmaWithValidRandomDataPositive], with Parameters: []
02:52:10.191 [Test worker] INFO  allcom.tests.TestBase -- Start test: [registerNewUserWithValidDataPositive]
02:52:11.679 [Test worker] INFO  allcom.tests.TestBase -- PASSED: [registerNewUserWithValidDataPositive], with Parameters: [John, Doe, johndoe@example.com, 4934567894, Test!123]
02:52:11.679 [Test worker] INFO  allcom.tests.TestBase -- Start test: [registerNewUserWithValidDataPositive]
02:52:13.184 [Test worker] INFO  allcom.tests.TestBase -- PASSED: [registerNewUserWithValidDataPositive], with Parameters: [Jane, Smith, janesmith@example.com, 9876545321, Demo@Pass2022]
02:52:13.184 [Test worker] INFO  allcom.tests.TestBase -- Start test: [registerNewUserWithValidDataPositive]
02:52:14.748 [Test worker] INFO  allcom.tests.TestBase -- PASSED: [registerNewUserWithValidDataPositive], with Parameters: [Alice, Johnson, alicejohnson@example.com, 4556789012, Secure@Pwd567]
02:52:14.748 [Test worker] INFO  allcom.tests.TestBase -- Start test: [registerNewUserWithValidDataPositive]
02:52:16.267 [Test worker] INFO  allcom.tests.TestBase -- PASSED: [registerNewUserWithValidDataPositive], with Parameters: [Bob, Miller, bobmiller@example.com, 7890123545, Test@Pass789]
02:52:16.267 [Test worker] INFO  allcom.tests.TestBase -- Start test: [registerNewUserWithValidDataPositive]
02:52:17.798 [Test worker] INFO  allcom.tests.TestBase -- PASSED: [registerNewUserWithValidDataPositive], with Parameters: [Charlie, Brown, charliebrown@example.com, 3210958765, Awesome!12345]
02:52:17.799 [Test worker] INFO  allcom.tests.TestBase -- Start test: [registerNewUserWithValidDataPositive]
02:52:19.289 [Test worker] INFO  allcom.tests.TestBase -- PASSED: [registerNewUserWithValidDataPositive], with Parameters: [Eva, Clark, evaclark@example.com, 6543210958, Dummy@Pass456]
02:52:19.289 [Test worker] INFO  allcom.tests.TestBase -- Start test: [registerNewUserWithValidDataPositive]
02:52:20.829 [Test worker] INFO  allcom.tests.TestBase -- PASSED: [registerNewUserWithValidDataPositive], with Parameters: [David, Williams, davidwilliams@example.com, 25109876554, Explore@Test789]
02:52:20.829 [Test worker] INFO  allcom.tests.TestBase -- Start test: [registerNewUserWithValidDataPositive]
02:52:22.435 [Test worker] INFO  allcom.tests.TestBase -- PASSED: [registerNewUserWithValidDataPositive], with Parameters: [Olivia, Jones, oliviajones@example.com, 54321509875, Beta@UserPass!33]
02:52:22.435 [Test worker] INFO  allcom.tests.TestBase -- Start test: [registerNewUserWithValidDataPositive]
02:52:24.081 [Test worker] INFO  allcom.tests.TestBase -- PASSED: [registerNewUserWithValidDataPositive], with Parameters: [Michael, Smith, michaelsmith@example.com, 8765543210, Verify@Pass2022]
02:52:24.081 [Test worker] INFO  allcom.tests.TestBase -- Start test: [registerNewUserWithValidDataPositive]
02:52:25.866 [Test worker] INFO  allcom.tests.TestBase -- PASSED: [registerNewUserWithValidDataPositive], with Parameters: [Sophie, Anderson, sophieanderson@example.com, 1095876543, Happy@Testing!333]
02:52:25.866 [Test worker] INFO  allcom.tests.TestBase -- Start test: [registerNewUserWithValidDataPositive]
02:52:27.487 [Test worker] INFO  allcom.tests.TestBase -- PASSED: [registerNewUserWithValidDataPositive], with Parameters: [Alex, White, alexwhite@example.com, 9876543521, Pass@123]
02:52:27.487 [Test worker] INFO  allcom.tests.TestBase -- Start test: [registerNewUserWithValidDataPositive]
02:52:29.006 [Test worker] INFO  allcom.tests.TestBase -- PASSED: [registerNewUserWithValidDataPositive], with Parameters: [Emma, Taylor, emataylor@example.com, 6543251098, Test@456]
02:52:29.006 [Test worker] INFO  allcom.tests.TestBase -- Start test: [registerNewUserWithValidDataPositive]
02:52:30.525 [Test worker] INFO  allcom.tests.TestBase -- PASSED: [registerNewUserWithValidDataPositive], with Parameters: [Daniel, Baker, danielbaker@example.com, 3251098765, Secure@789]
02:52:30.525 [Test worker] INFO  allcom.tests.TestBase -- Start test: [registerNewUserWithValidDataPositive]
02:52:32.039 [Test worker] INFO  allcom.tests.TestBase -- PASSED: [registerNewUserWithValidDataPositive], with Parameters: [Grace, Turner, graceturner@example.com, 7859012345, Pass!2022]
02:52:32.039 [Test worker] INFO  allcom.tests.TestBase -- Start test: [registerNewUserWithValidDataPositive]
02:52:33.552 [Test worker] INFO  allcom.tests.TestBase -- PASSED: [registerNewUserWithValidDataPositive], with Parameters: [Oliver, Hall, oliverhall@example.com, 2109587654, Explore@2023]
02:52:33.552 [Test worker] INFO  allcom.tests.TestBase -- Start test: [registerNewUserWithValidDataPositive]
02:52:35.083 [Test worker] INFO  allcom.tests.TestBase -- PASSED: [registerNewUserWithValidDataPositive], with Parameters: [Mia, Wilson, miawilson@example.com, 5432105987, Beta@Tester!33]
02:52:35.083 [Test worker] INFO  allcom.tests.TestBase -- Start test: [registerNewUserWithValidDataPositive]
02:52:36.606 [Test worker] INFO  allcom.tests.TestBase -- PASSED: [registerNewUserWithValidDataPositive], with Parameters: [Sophia, Moore, sophiamoore@example.com, 8756543210, Verify@4567]
02:52:36.606 [Test worker] INFO  allcom.tests.TestBase -- Start test: [registerNewUserWithValidDataPositive]
02:52:38.181 [Test worker] INFO  allcom.tests.TestBase -- PASSED: [registerNewUserWithValidDataPositive], with Parameters: [Liam, Carter, liamcarter@example.com, 1098576543, Happy@2023]
02:52:38.182 [Test worker] INFO  allcom.tests.TestBase -- Start test: [registerNewUserWithValidDataPositive]
02:52:39.981 [Test worker] INFO  allcom.tests.TestBase -- PASSED: [registerNewUserWithValidDataPositive], with Parameters: [Ava, Martin, avamartin@example.com, 7654325109, Test@12345]
02:52:39.981 [Test worker] INFO  allcom.tests.TestBase -- Start test: [registerNewUserWithValidDataPositive]
02:52:41.561 [Test worker] INFO  allcom.tests.TestBase -- PASSED: [registerNewUserWithValidDataPositive], with Parameters: [Lucas, Harris, lucasharris@example.com, 98576543210, Pass@2022]
02:52:41.561 [Test worker] INFO  allcom.tests.TestBase -- Start test: [registerNewUserWithValidDataPositive]
02:52:43.324 [Test worker] INFO  allcom.tests.TestBase -- PASSED: [registerNewUserWithValidDataPositive], with Parameters: [Ella, Cooper, ellacooper@example.com, 8765432109, Secure@1234]
02:52:43.324 [Test worker] INFO  allcom.tests.TestBase -- Start test: [registerNewUserWithValidDataPositive]
02:52:44.941 [Test worker] INFO  allcom.tests.TestBase -- PASSED: [registerNewUserWithValidDataPositive], with Parameters: [Jackson, Fisher, jacksonfisher@example.com, 7654321098, Test@5678]
02:52:44.941 [Test worker] INFO  allcom.tests.TestBase -- Start test: [registerNewUserWithValidDataPositive]
02:52:46.594 [Test worker] INFO  allcom.tests.TestBase -- PASSED: [registerNewUserWithValidDataPositive], with Parameters: [Isabella, Clark, isabellaclark@example.com, 10987654321, Awesome@2022]
02:52:46.594 [Test worker] INFO  allcom.tests.TestBase -- Start test: [registerNewUserWithValidDataPositive]
02:52:48.142 [Test worker] INFO  allcom.tests.TestBase -- PASSED: [registerNewUserWithValidDataPositive], with Parameters: [Leo, Ward, leoward@example.com, 87654321098, Dummy@4567]
02:52:48.142 [Test worker] INFO  allcom.tests.TestBase -- Start test: [registerNewUserWithValidDataPositive]
02:52:49.742 [Test worker] INFO  allcom.tests.TestBase -- PASSED: [registerNewUserWithValidDataPositive], with Parameters: [Aria, Martin, ariamartin@example.com, 10987654321, Explore@Tester!33]
02:52:49.742 [Test worker] INFO  allcom.tests.TestBase -- Start test: [registerNewUserWithValidDataPositive]
02:52:51.437 [Test worker] INFO  allcom.tests.TestBase -- PASSED: [registerNewUserWithValidDataPositive], with Parameters: [Oliver, Adams, oliveradams@example.com, 7654321098, Beta@Tester456]
02:52:51.438 [Test worker] INFO  allcom.tests.TestBase -- Start test: [registerNewUserWithValidDataPositive]
02:52:53.205 [Test worker] INFO  allcom.tests.TestBase -- PASSED: [registerNewUserWithValidDataPositive], with Parameters: [Liam, Grey, liamgrey@example.com, 10987654321, Verify@Tester2022]
02:52:53.205 [Test worker] INFO  allcom.tests.TestBase -- Start test: [registerNewUserWithValidDataPositive]
02:52:54.864 [Test worker] INFO  allcom.tests.TestBase -- PASSED: [registerNewUserWithValidDataPositive], with Parameters: [Zoe, Turner, zoeturner@example.com, 76543210987, Happy@Tester2022]
02:52:54.864 [Test worker] INFO  allcom.tests.TestBase -- Start test: [registerNewUserWithValidDataPositive]
02:52:56.658 [Test worker] INFO  allcom.tests.TestBase -- PASSED: [registerNewUserWithValidDataPositive], with Parameters: [Ethan, Williams, ethanwilliams@example.com, 10987654321, Test@Tester123]
02:52:56.658 [Test worker] INFO  allcom.tests.TestBase -- Start test: [registerNewUserWithValidDataPositive]
02:52:58.347 [Test worker] INFO  allcom.tests.TestBase -- PASSED: [registerNewUserWithValidDataPositive], with Parameters: [Luna, Knight, lunaknight@example.com, 87654321098, Pass@Tester2022]
02:52:58.347 [Test worker] INFO  allcom.tests.TestBase -- Start test: [registerNewUserWithValidDataPositive]
02:53:00.095 [Test worker] INFO  allcom.tests.TestBase -- PASSED: [registerNewUserWithValidDataPositive], with Parameters: [Nikolay, Kotenko, nikolenkotenikolenkotenikolenkotenikolenkotenikolenkotenikolenk@gmail.com, 4567894012, secureusersecureuserD@User202]
02:53:00.095 [Test worker] INFO  allcom.tests.TestBase -- Start test: [registerNewUserWithValidDataPositive]
02:53:02.684 [Test worker] INFO  allcom.tests.TestBase -- PASSED: [registerNewUserWithValidDataPositive], with Parameters: [Gmail, Kotenko, nikolenkotenikolenkotenikolenkotenikolenkotenikolenkotenikolenk@gmailgmailgmailgmailgmailgmailgmailgmailgmailgmailgmailgmailgma.com, 3210948765, ecureusersecureuserecureusersecureuserecureusersecureuserecureusersecureuserecureusersecureuserecureusersecureuserecureusersecureuserecureusersecureuserecureusersecureuserecureusersecureuserecureusersecureusaD@User2022]
02:53:02.685 [Test worker] INFO  allcom.tests.TestBase -- Start test: [registerNewUserWithValidRandomDataPositive]
02:53:04.431 [Test worker] INFO  allcom.tests.TestBase -- PASSED: [registerNewUserWithValidRandomDataPositive], with Parameters: []
02:53:04.431 [Test worker] INFO  allcom.tests.TestBase -- Start test: [registerNewUserWithValidRandomDataPositive]
02:53:06.069 [Test worker] INFO  allcom.tests.TestBase -- PASSED: [registerNewUserWithValidRandomDataPositive], with Parameters: []
02:53:06.069 [Test worker] INFO  allcom.tests.TestBase -- Start test: [registerNewUserWithValidRandomDataPositive]
02:53:07.730 [Test worker] INFO  allcom.tests.TestBase -- PASSED: [registerNewUserWithValidRandomDataPositive], with Parameters: []
02:53:07.731 [Test worker] INFO  allcom.tests.TestBase -- Start test: [registerNewUserWithValidRandomDataPositive]
02:53:09.375 [Test worker] INFO  allcom.tests.TestBase -- PASSED: [registerNewUserWithValidRandomDataPositive], with Parameters: []
02:53:09.375 [Test worker] INFO  allcom.tests.TestBase -- Start test: [registerNewUserWithValidRandomDataPositive]
02:53:11.005 [Test worker] INFO  allcom.tests.TestBase -- PASSED: [registerNewUserWithValidRandomDataPositive], with Parameters: []
02:53:11.005 [Test worker] INFO  allcom.tests.TestBase -- Start test: [registerNewUserWithValidRandomDataPositive]
02:53:12.841 [Test worker] INFO  allcom.tests.TestBase -- PASSED: [registerNewUserWithValidRandomDataPositive], with Parameters: []
02:53:12.841 [Test worker] INFO  allcom.tests.TestBase -- Start test: [registerNewUserWithValidRandomDataPositive]
02:53:14.600 [Test worker] INFO  allcom.tests.TestBase -- PASSED: [registerNewUserWithValidRandomDataPositive], with Parameters: []
02:53:14.600 [Test worker] INFO  allcom.tests.TestBase -- Start test: [registerNewUserWithValidRandomDataPositive]
02:53:16.458 [Test worker] INFO  allcom.tests.TestBase -- PASSED: [registerNewUserWithValidRandomDataPositive], with Parameters: []
02:53:16.458 [Test worker] INFO  allcom.tests.TestBase -- Start test: [registerNewUserWithValidRandomDataPositive]
02:53:18.172 [Test worker] INFO  allcom.tests.TestBase -- PASSED: [registerNewUserWithValidRandomDataPositive], with Parameters: []
02:53:18.172 [Test worker] INFO  allcom.tests.TestBase -- Start test: [registerNewUserWithValidRandomDataPositive]
02:53:19.850 [Test worker] INFO  allcom.tests.TestBase -- PASSED: [registerNewUserWithValidRandomDataPositive], with Parameters: []
02:53:19.851 [Test worker] INFO  allcom.tests.TestBase -- Start test: [registerNewUserWithValidRandomDataPositive]
02:53:21.452 [Test worker] INFO  allcom.tests.TestBase -- PASSED: [registerNewUserWithValidRandomDataPositive], with Parameters: []
02:53:21.452 [Test worker] INFO  allcom.tests.TestBase -- Start test: [registerNewUserWithValidRandomDataPositive]
02:53:23.091 [Test worker] INFO  allcom.tests.TestBase -- PASSED: [registerNewUserWithValidRandomDataPositive], with Parameters: []
02:53:23.091 [Test worker] INFO  allcom.tests.TestBase -- Start test: [registerNewUserWithValidRandomDataPositive]
02:53:24.801 [Test worker] INFO  allcom.tests.TestBase -- PASSED: [registerNewUserWithValidRandomDataPositive], with Parameters: []
02:53:24.801 [Test worker] INFO  allcom.tests.TestBase -- Start test: [registerNewUserWithValidRandomDataPositive]
02:53:26.442 [Test worker] INFO  allcom.tests.TestBase -- PASSED: [registerNewUserWithValidRandomDataPositive], with Parameters: []
02:53:26.442 [Test worker] INFO  allcom.tests.TestBase -- Start test: [registerNewUserWithValidRandomDataPositive]
02:53:28.134 [Test worker] INFO  allcom.tests.TestBase -- PASSED: [registerNewUserWithValidRandomDataPositive], with Parameters: []
02:53:28.134 [Test worker] INFO  allcom.tests.TestBase -- Start test: [registerNewUserWithValidRandomDataPositive]
02:53:29.808 [Test worker] INFO  allcom.tests.TestBase -- PASSED: [registerNewUserWithValidRandomDataPositive], with Parameters: []
02:53:29.809 [Test worker] INFO  allcom.tests.TestBase -- Start test: [registerNewUserWithValidRandomDataPositive]
02:53:31.677 [Test worker] INFO  allcom.tests.TestBase -- PASSED: [registerNewUserWithValidRandomDataPositive], with Parameters: []
02:53:31.677 [Test worker] INFO  allcom.tests.TestBase -- Start test: [registerNewUserWithValidRandomDataPositive]
02:53:33.484 [Test worker] INFO  allcom.tests.TestBase -- PASSED: [registerNewUserWithValidRandomDataPositive], with Parameters: []
02:53:33.484 [Test worker] INFO  allcom.tests.TestBase -- Start test: [registerNewUserWithValidRandomDataPositive]
02:53:35.671 [Test worker] INFO  allcom.tests.TestBase -- PASSED: [registerNewUserWithValidRandomDataPositive], with Parameters: []
02:53:35.672 [Test worker] INFO  allcom.tests.TestBase -- Start test: [registerNewUserWithValidRandomDataPositive]
02:53:37.314 [Test worker] INFO  allcom.tests.TestBase -- PASSED: [registerNewUserWithValidRandomDataPositive], with Parameters: []
02:53:37.314 [Test worker] INFO  allcom.tests.TestBase -- Start test: [registerNewUserWithValidRandomDataPositive]
02:53:38.975 [Test worker] INFO  allcom.tests.TestBase -- PASSED: [registerNewUserWithValidRandomDataPositive], with Parameters: []
02:53:38.976 [Test worker] INFO  allcom.tests.TestBase -- Start test: [registerNewUserWithValidRandomDataPositive]
02:53:40.970 [Test worker] INFO  allcom.tests.TestBase -- PASSED: [registerNewUserWithValidRandomDataPositive], with Parameters: []
02:53:40.971 [Test worker] INFO  allcom.tests.TestBase -- Start test: [registerNewUserWithValidRandomDataPositive]
02:53:42.979 [Test worker] INFO  allcom.tests.TestBase -- PASSED: [registerNewUserWithValidRandomDataPositive], with Parameters: []
02:53:42.980 [Test worker] INFO  allcom.tests.TestBase -- Start test: [registerNewUserWithValidRandomDataPositive]
02:53:44.885 [Test worker] INFO  allcom.tests.TestBase -- PASSED: [registerNewUserWithValidRandomDataPositive], with Parameters: []
02:53:44.885 [Test worker] INFO  allcom.tests.TestBase -- Start test: [registerNewUserWithValidRandomDataPositive]
02:53:46.575 [Test worker] INFO  allcom.tests.TestBase -- PASSED: [registerNewUserWithValidRandomDataPositive], with Parameters: []
02:53:46.575 [Test worker] INFO  allcom.tests.TestBase -- Start test: [registerNewUserWithValidRandomDataPositive]
02:53:48.287 [Test worker] INFO  allcom.tests.TestBase -- PASSED: [registerNewUserWithValidRandomDataPositive], with Parameters: []
02:53:48.288 [Test worker] INFO  allcom.tests.TestBase -- Start test: [registerNewUserWithValidRandomDataPositive]
02:53:49.979 [Test worker] INFO  allcom.tests.TestBase -- PASSED: [registerNewUserWithValidRandomDataPositive], with Parameters: []
02:53:49.979 [Test worker] INFO  allcom.tests.TestBase -- Start test: [registerNewUserWithValidRandomDataPositive]
02:53:51.615 [Test worker] INFO  allcom.tests.TestBase -- PASSED: [registerNewUserWithValidRandomDataPositive], with Parameters: []
02:53:51.615 [Test worker] INFO  allcom.tests.TestBase -- Start test: [registerNewUserWithValidRandomDataPositive]
02:53:53.361 [Test worker] INFO  allcom.tests.TestBase -- PASSED: [registerNewUserWithValidRandomDataPositive], with Parameters: []
02:53:53.361 [Test worker] INFO  allcom.tests.TestBase -- Start test: [registerNewUserWithValidRandomDataPositive]
02:53:55.096 [Test worker] INFO  allcom.tests.TestBase -- PASSED: [registerNewUserWithValidRandomDataPositive], with Parameters: []
02:53:55.097 [Test worker] INFO  allcom.tests.TestBase -- Start test: [validateComparePasswordsEqualityPositiveData]
02:53:56.117 [Test worker] INFO  allcom.tests.TestBase -- PASSED: [validateComparePasswordsEqualityPositiveData], with Parameters: []
]]></system-out>
  <system-err><![CDATA[]]></system-err>
</testsuite>
