<?xml version="1.0" encoding="UTF-8"?>
<testsuite name="allcom_testng.tests.passwordReset.RestorePasswordWaitPageTests" tests="1" skipped="0" failures="0" errors="0" timestamp="2024-02-08T22:58:53" hostname="DESKTOP-8I9EVFD" time="0.087">
  <properties/>
  <testcase name="isLoginButtonPresent" classname="allcom_testng.tests.passwordReset.RestorePasswordWaitPageTests" time="0.087"/>
  <system-out><![CDATA[23:58:52.191 [Test worker] INFO  allcom_testng.tests.TestBase -- STARTED: [isLoginButtonPresent]
23:58:53.626 [Test worker] INFO  allcom_testng.tests.TestBase -- PASSED: [isLoginButtonPresent], with VALUES: []
]]></system-out>
  <system-err><![CDATA[]]></system-err>
</testsuite>
