<?xml version="1.0" encoding="UTF-8"?>
<testsuite name="allcom.tests.login.LoginPositiveTests" tests="61" skipped="0" failures="0" errors="0" timestamp="2024-01-30T01:45:33" hostname="PORTISHEAD-PC" time="37.41">
  <properties/>
  <testcase name="loginUserWithValidRandomDataPositive" classname="allcom.tests.login.LoginPositiveTests" time="0.471"/>
  <testcase name="loginUserWithValidRandomDataPositive" classname="allcom.tests.login.LoginPositiveTests" time="0.539"/>
  <testcase name="loginUserWithValidRandomDataPositive" classname="allcom.tests.login.LoginPositiveTests" time="0.464"/>
  <testcase name="loginUserWithValidRandomDataPositive" classname="allcom.tests.login.LoginPositiveTests" time="0.432"/>
  <testcase name="loginUserWithValidRandomDataPositive" classname="allcom.tests.login.LoginPositiveTests" time="0.503"/>
  <testcase name="loginUserWithValidRandomDataPositive" classname="allcom.tests.login.LoginPositiveTests" time="0.458"/>
  <testcase name="loginUserWithValidRandomDataPositive" classname="allcom.tests.login.LoginPositiveTests" time="0.431"/>
  <testcase name="loginUserWithValidRandomDataPositive" classname="allcom.tests.login.LoginPositiveTests" time="0.455"/>
  <testcase name="loginUserWithValidRandomDataPositive" classname="allcom.tests.login.LoginPositiveTests" time="0.485"/>
  <testcase name="loginUserWithValidRandomDataPositive" classname="allcom.tests.login.LoginPositiveTests" time="0.471"/>
  <testcase name="loginUserWithValidRandomDataPositive" classname="allcom.tests.login.LoginPositiveTests" time="0.449"/>
  <testcase name="loginUserWithValidRandomDataPositive" classname="allcom.tests.login.LoginPositiveTests" time="0.438"/>
  <testcase name="loginUserWithValidRandomDataPositive" classname="allcom.tests.login.LoginPositiveTests" time="0.465"/>
  <testcase name="loginUserWithValidRandomDataPositive" classname="allcom.tests.login.LoginPositiveTests" time="0.481"/>
  <testcase name="loginUserWithValidRandomDataPositive" classname="allcom.tests.login.LoginPositiveTests" time="0.488"/>
  <testcase name="loginUserWithValidRandomDataPositive" classname="allcom.tests.login.LoginPositiveTests" time="0.445"/>
  <testcase name="loginUserWithValidRandomDataPositive" classname="allcom.tests.login.LoginPositiveTests" time="0.51"/>
  <testcase name="loginUserWithValidRandomDataPositive" classname="allcom.tests.login.LoginPositiveTests" time="0.469"/>
  <testcase name="loginUserWithValidRandomDataPositive" classname="allcom.tests.login.LoginPositiveTests" time="0.445"/>
  <testcase name="loginUserWithValidRandomDataPositive" classname="allcom.tests.login.LoginPositiveTests" time="0.489"/>
  <testcase name="loginUserWithValidRandomDataPositive" classname="allcom.tests.login.LoginPositiveTests" time="0.544"/>
  <testcase name="loginUserWithValidRandomDataPositive" classname="allcom.tests.login.LoginPositiveTests" time="0.474"/>
  <testcase name="loginUserWithValidRandomDataPositive" classname="allcom.tests.login.LoginPositiveTests" time="0.485"/>
  <testcase name="loginUserWithValidRandomDataPositive" classname="allcom.tests.login.LoginPositiveTests" time="0.48"/>
  <testcase name="loginUserWithValidRandomDataPositive" classname="allcom.tests.login.LoginPositiveTests" time="0.503"/>
  <testcase name="loginUserWithValidRandomDataPositive" classname="allcom.tests.login.LoginPositiveTests" time="0.456"/>
  <testcase name="loginUserWithValidRandomDataPositive" classname="allcom.tests.login.LoginPositiveTests" time="0.487"/>
  <testcase name="loginUserWithValidRandomDataPositive" classname="allcom.tests.login.LoginPositiveTests" time="0.47"/>
  <testcase name="loginUserWithValidRandomDataPositive" classname="allcom.tests.login.LoginPositiveTests" time="0.496"/>
  <testcase name="loginUserWithValidRandomDataPositive" classname="allcom.tests.login.LoginPositiveTests" time="0.484"/>
  <testcase name="loginWithValidDataPositive" classname="allcom.tests.login.LoginPositiveTests" time="0.443"/>
  <testcase name="loginWithValidDataProviderPositive[0](testuser1@testuser.com, Test!123)" classname="allcom.tests.login.LoginPositiveTests" time="0.441"/>
  <testcase name="loginWithValidDataProviderPositive[1](demoaccount@demoaccoun.com, Demo@Pass2022)" classname="allcom.tests.login.LoginPositiveTests" time="0.469"/>
  <testcase name="loginWithValidDataProviderPositive[2](user1234@user1234.com, Secure@Pwd567)" classname="allcom.tests.login.LoginPositiveTests" time="0.451"/>
  <testcase name="loginWithValidDataProviderPositive[3](trialuser@trialuser.cdddom, Test@Pass789)" classname="allcom.tests.login.LoginPositiveTests" time="0.465"/>
  <testcase name="loginWithValidDataProviderPositive[4](awesome_tester@example.com, Awesome!12345)" classname="allcom.tests.login.LoginPositiveTests" time="0.459"/>
  <testcase name="loginWithValidDataProviderPositive[5](dummyuser@i.ua, Dummy@Pass456)" classname="allcom.tests.login.LoginPositiveTests" time="0.437"/>
  <testcase name="loginWithValidDataProviderPositive[6](explorertester@example.com, Explore@Test789)" classname="allcom.tests.login.LoginPositiveTests" time="0.472"/>
  <testcase name="loginWithValidDataProviderPositive[7](betauser123@example.com, Beta@UserPass!33)" classname="allcom.tests.login.LoginPositiveTests" time="0.516"/>
  <testcase name="loginWithValidDataProviderPositive[8](verify_test@example.com, Verify@Pass2022)" classname="allcom.tests.login.LoginPositiveTests" time="0.474"/>
  <testcase name="loginWithValidDataProviderPositive[9](happytester@happytester.com, Happy@Testing!333)" classname="allcom.tests.login.LoginPositiveTests" time="0.528"/>
  <testcase name="loginWithValidDataProviderPositive[10](techtester@techtester.com, Tech@Pass123)" classname="allcom.tests.login.LoginPositiveTests" time="0.466"/>
  <testcase name="loginWithValidDataProviderPositive[11](quality_test@example.com, Quality!123)" classname="allcom.tests.login.LoginPositiveTests" time="0.472"/>
  <testcase name="loginWithValidDataProviderPositive[12](trialaccount@trialaccount.com, Trial@Pass456)" classname="allcom.tests.login.LoginPositiveTests" time="0.471"/>
  <testcase name="loginWithValidDataProviderPositive[13](email@email.com, Email!Test789)" classname="allcom.tests.login.LoginPositiveTests" time="0.452"/>
  <testcase name="loginWithValidDataProviderPositive[14](secureuser@example.com, Secure@User2022)" classname="allcom.tests.login.LoginPositiveTests" time="0.479"/>
  <testcase name="loginWithValidDataProviderPositive[15](happytester2@example.com, Happy@Testing!33)" classname="allcom.tests.login.LoginPositiveTests" time="0.485"/>
  <testcase name="loginWithValidDataProviderPositive[16](user456@example.com, User@Pass123)" classname="allcom.tests.login.LoginPositiveTests" time="0.466"/>
  <testcase name="loginWithValidDataProviderPositive[17](testaccount@example.com, Test@12345)" classname="allcom.tests.login.LoginPositiveTests" time="0.468"/>
  <testcase name="loginWithValidDataProviderPositive[18](betauser456@betauser456.com, Beta@UserPass!333)" classname="allcom.tests.login.LoginPositiveTests" time="0.494"/>
  <testcase name="loginWithValidDataProviderPositive[19](securetester@example.com, Secure@Test2022)" classname="allcom.tests.login.LoginPositiveTests" time="0.473"/>
  <testcase name="loginWithValidDataProviderPositive[20](qualityuser@example.com, Quality!Test123)" classname="allcom.tests.login.LoginPositiveTests" time="0.483"/>
  <testcase name="loginWithValidDataProviderPositive[21](explorertester2@example.com, Explore@Test789)" classname="allcom.tests.login.LoginPositiveTests" time="0.594"/>
  <testcase name="loginWithValidDataProviderPositive[22](dummyuser2@dummyuser2.com, Dummy@Pass456)" classname="allcom.tests.login.LoginPositiveTests" time="0.533"/>
  <testcase name="loginWithValidDataProviderPositive[23](prodtester2@example.com, Prod@Test2023)" classname="allcom.tests.login.LoginPositiveTests" time="0.481"/>
  <testcase name="loginWithValidDataProviderPositive[24](verifyuser@example.com, Verify@Test2022)" classname="allcom.tests.login.LoginPositiveTests" time="0.484"/>
  <testcase name="loginWithValidDataProviderPositive[25](techengineer@example.com, Tech@Engineer123)" classname="allcom.tests.login.LoginPositiveTests" time="0.522"/>
  <testcase name="loginWithValidDataProviderPositive[26](qauser@example.com, QA@Tester2022)" classname="allcom.tests.login.LoginPositiveTests" time="0.463"/>
  <testcase name="loginWithValidDataProviderPositive[27](happytestuser@example.com, Happy@TestUser123)" classname="allcom.tests.login.LoginPositiveTests" time="0.542"/>
  <testcase name="loginWithValidDataProviderPositive[28](nikolenkotenikolenkotenikolenkotenikolenkotenikolenkotenikolenk@gmail.com, secureusersecureuserD@User202)" classname="allcom.tests.login.LoginPositiveTests" time="0.622"/>
  <testcase name="loginWithValidDataProviderPositive[29](nikolenkotenikolenkotenikolenkotenikolenkotenikolenkotenikolenk@gmailgmailgmailgmailgmailgmailgmailgmailgmailgmailgmailgmailgma.com, ecureusersecureuserecureusersecureuserecureusersecureuserecureusersecureuserecureusersecureuserecureusersecureuserecureusersecureuserecureusersecureuserecureusersecureuserecureusersecureuserecureusersecureuserecureusersecureuserecureusersecureusaD@User2022)" classname="allcom.tests.login.LoginPositiveTests" time="1.158"/>
  <system-out><![CDATA[02:45:33.351 [Test worker] INFO  allcom.tests.TestBase -- Start test: [loginUserWithValidRandomDataPositive]
02:45:33.936 [Test worker] INFO  allcom.tests.TestBase -- PASSED: [loginUserWithValidRandomDataPositive], with Parameters: []
02:45:33.937 [Test worker] INFO  allcom.tests.TestBase -- Start test: [loginUserWithValidRandomDataPositive]
02:45:34.597 [Test worker] INFO  allcom.tests.TestBase -- PASSED: [loginUserWithValidRandomDataPositive], with Parameters: []
02:45:34.597 [Test worker] INFO  allcom.tests.TestBase -- Start test: [loginUserWithValidRandomDataPositive]
02:45:35.182 [Test worker] INFO  allcom.tests.TestBase -- PASSED: [loginUserWithValidRandomDataPositive], with Parameters: []
02:45:35.182 [Test worker] INFO  allcom.tests.TestBase -- Start test: [loginUserWithValidRandomDataPositive]
02:45:35.736 [Test worker] INFO  allcom.tests.TestBase -- PASSED: [loginUserWithValidRandomDataPositive], with Parameters: []
02:45:35.737 [Test worker] INFO  allcom.tests.TestBase -- Start test: [loginUserWithValidRandomDataPositive]
02:45:36.352 [Test worker] INFO  allcom.tests.TestBase -- PASSED: [loginUserWithValidRandomDataPositive], with Parameters: []
02:45:36.353 [Test worker] INFO  allcom.tests.TestBase -- Start test: [loginUserWithValidRandomDataPositive]
02:45:36.936 [Test worker] INFO  allcom.tests.TestBase -- PASSED: [loginUserWithValidRandomDataPositive], with Parameters: []
02:45:36.937 [Test worker] INFO  allcom.tests.TestBase -- Start test: [loginUserWithValidRandomDataPositive]
02:45:37.489 [Test worker] INFO  allcom.tests.TestBase -- PASSED: [loginUserWithValidRandomDataPositive], with Parameters: []
02:45:37.489 [Test worker] INFO  allcom.tests.TestBase -- Start test: [loginUserWithValidRandomDataPositive]
02:45:38.067 [Test worker] INFO  allcom.tests.TestBase -- PASSED: [loginUserWithValidRandomDataPositive], with Parameters: []
02:45:38.067 [Test worker] INFO  allcom.tests.TestBase -- Start test: [loginUserWithValidRandomDataPositive]
02:45:38.668 [Test worker] INFO  allcom.tests.TestBase -- PASSED: [loginUserWithValidRandomDataPositive], with Parameters: []
02:45:38.668 [Test worker] INFO  allcom.tests.TestBase -- Start test: [loginUserWithValidRandomDataPositive]
02:45:39.261 [Test worker] INFO  allcom.tests.TestBase -- PASSED: [loginUserWithValidRandomDataPositive], with Parameters: []
02:45:39.262 [Test worker] INFO  allcom.tests.TestBase -- Start test: [loginUserWithValidRandomDataPositive]
02:45:39.831 [Test worker] INFO  allcom.tests.TestBase -- PASSED: [loginUserWithValidRandomDataPositive], with Parameters: []
02:45:39.832 [Test worker] INFO  allcom.tests.TestBase -- Start test: [loginUserWithValidRandomDataPositive]
02:45:40.390 [Test worker] INFO  allcom.tests.TestBase -- PASSED: [loginUserWithValidRandomDataPositive], with Parameters: []
02:45:40.391 [Test worker] INFO  allcom.tests.TestBase -- Start test: [loginUserWithValidRandomDataPositive]
02:45:40.980 [Test worker] INFO  allcom.tests.TestBase -- PASSED: [loginUserWithValidRandomDataPositive], with Parameters: []
02:45:40.980 [Test worker] INFO  allcom.tests.TestBase -- Start test: [loginUserWithValidRandomDataPositive]
02:45:41.582 [Test worker] INFO  allcom.tests.TestBase -- PASSED: [loginUserWithValidRandomDataPositive], with Parameters: []
02:45:41.583 [Test worker] INFO  allcom.tests.TestBase -- Start test: [loginUserWithValidRandomDataPositive]
02:45:42.189 [Test worker] INFO  allcom.tests.TestBase -- PASSED: [loginUserWithValidRandomDataPositive], with Parameters: []
02:45:42.189 [Test worker] INFO  allcom.tests.TestBase -- Start test: [loginUserWithValidRandomDataPositive]
02:45:42.754 [Test worker] INFO  allcom.tests.TestBase -- PASSED: [loginUserWithValidRandomDataPositive], with Parameters: []
02:45:42.754 [Test worker] INFO  allcom.tests.TestBase -- Start test: [loginUserWithValidRandomDataPositive]
02:45:43.385 [Test worker] INFO  allcom.tests.TestBase -- PASSED: [loginUserWithValidRandomDataPositive], with Parameters: []
02:45:43.385 [Test worker] INFO  allcom.tests.TestBase -- Start test: [loginUserWithValidRandomDataPositive]
02:45:43.968 [Test worker] INFO  allcom.tests.TestBase -- PASSED: [loginUserWithValidRandomDataPositive], with Parameters: []
02:45:43.969 [Test worker] INFO  allcom.tests.TestBase -- Start test: [loginUserWithValidRandomDataPositive]
02:45:44.534 [Test worker] INFO  allcom.tests.TestBase -- PASSED: [loginUserWithValidRandomDataPositive], with Parameters: []
02:45:44.534 [Test worker] INFO  allcom.tests.TestBase -- Start test: [loginUserWithValidRandomDataPositive]
02:45:45.138 [Test worker] INFO  allcom.tests.TestBase -- PASSED: [loginUserWithValidRandomDataPositive], with Parameters: []
02:45:45.139 [Test worker] INFO  allcom.tests.TestBase -- Start test: [loginUserWithValidRandomDataPositive]
02:45:45.808 [Test worker] INFO  allcom.tests.TestBase -- PASSED: [loginUserWithValidRandomDataPositive], with Parameters: []
02:45:45.808 [Test worker] INFO  allcom.tests.TestBase -- Start test: [loginUserWithValidRandomDataPositive]
02:45:46.403 [Test worker] INFO  allcom.tests.TestBase -- PASSED: [loginUserWithValidRandomDataPositive], with Parameters: []
02:45:46.403 [Test worker] INFO  allcom.tests.TestBase -- Start test: [loginUserWithValidRandomDataPositive]
02:45:47.009 [Test worker] INFO  allcom.tests.TestBase -- PASSED: [loginUserWithValidRandomDataPositive], with Parameters: []
02:45:47.010 [Test worker] INFO  allcom.tests.TestBase -- Start test: [loginUserWithValidRandomDataPositive]
02:45:47.614 [Test worker] INFO  allcom.tests.TestBase -- PASSED: [loginUserWithValidRandomDataPositive], with Parameters: []
02:45:47.615 [Test worker] INFO  allcom.tests.TestBase -- Start test: [loginUserWithValidRandomDataPositive]
02:45:48.239 [Test worker] INFO  allcom.tests.TestBase -- PASSED: [loginUserWithValidRandomDataPositive], with Parameters: []
02:45:48.239 [Test worker] INFO  allcom.tests.TestBase -- Start test: [loginUserWithValidRandomDataPositive]
02:45:48.815 [Test worker] INFO  allcom.tests.TestBase -- PASSED: [loginUserWithValidRandomDataPositive], with Parameters: []
02:45:48.816 [Test worker] INFO  allcom.tests.TestBase -- Start test: [loginUserWithValidRandomDataPositive]
02:45:49.419 [Test worker] INFO  allcom.tests.TestBase -- PASSED: [loginUserWithValidRandomDataPositive], with Parameters: []
02:45:49.420 [Test worker] INFO  allcom.tests.TestBase -- Start test: [loginUserWithValidRandomDataPositive]
02:45:50.035 [Test worker] INFO  allcom.tests.TestBase -- PASSED: [loginUserWithValidRandomDataPositive], with Parameters: []
02:45:50.036 [Test worker] INFO  allcom.tests.TestBase -- Start test: [loginUserWithValidRandomDataPositive]
02:45:50.655 [Test worker] INFO  allcom.tests.TestBase -- PASSED: [loginUserWithValidRandomDataPositive], with Parameters: []
02:45:50.655 [Test worker] INFO  allcom.tests.TestBase -- Start test: [loginUserWithValidRandomDataPositive]
02:45:51.260 [Test worker] INFO  allcom.tests.TestBase -- PASSED: [loginUserWithValidRandomDataPositive], with Parameters: []
02:45:51.260 [Test worker] INFO  allcom.tests.TestBase -- Start test: [loginWithValidDataPositive]
02:45:51.827 [Test worker] INFO  allcom.tests.TestBase -- PASSED: [loginWithValidDataPositive], with Parameters: []
02:45:51.828 [Test worker] INFO  allcom.tests.TestBase -- Start test: [loginWithValidDataProviderPositive]
02:45:52.392 [Test worker] INFO  allcom.tests.TestBase -- PASSED: [loginWithValidDataProviderPositive], with Parameters: [testuser1@testuser.com, Test!123]
02:45:52.394 [Test worker] INFO  allcom.tests.TestBase -- Start test: [loginWithValidDataProviderPositive]
02:45:52.985 [Test worker] INFO  allcom.tests.TestBase -- PASSED: [loginWithValidDataProviderPositive], with Parameters: [demoaccount@demoaccoun.com, Demo@Pass2022]
02:45:52.986 [Test worker] INFO  allcom.tests.TestBase -- Start test: [loginWithValidDataProviderPositive]
02:45:53.562 [Test worker] INFO  allcom.tests.TestBase -- PASSED: [loginWithValidDataProviderPositive], with Parameters: [user1234@user1234.com, Secure@Pwd567]
02:45:53.563 [Test worker] INFO  allcom.tests.TestBase -- Start test: [loginWithValidDataProviderPositive]
02:45:54.154 [Test worker] INFO  allcom.tests.TestBase -- PASSED: [loginWithValidDataProviderPositive], with Parameters: [trialuser@trialuser.cdddom, Test@Pass789]
02:45:54.154 [Test worker] INFO  allcom.tests.TestBase -- Start test: [loginWithValidDataProviderPositive]
02:45:54.739 [Test worker] INFO  allcom.tests.TestBase -- PASSED: [loginWithValidDataProviderPositive], with Parameters: [awesome_tester@example.com, Awesome!12345]
02:45:54.739 [Test worker] INFO  allcom.tests.TestBase -- Start test: [loginWithValidDataProviderPositive]
02:45:55.304 [Test worker] INFO  allcom.tests.TestBase -- PASSED: [loginWithValidDataProviderPositive], with Parameters: [dummyuser@i.ua, Dummy@Pass456]
02:45:55.304 [Test worker] INFO  allcom.tests.TestBase -- Start test: [loginWithValidDataProviderPositive]
02:45:55.897 [Test worker] INFO  allcom.tests.TestBase -- PASSED: [loginWithValidDataProviderPositive], with Parameters: [explorertester@example.com, Explore@Test789]
02:45:55.897 [Test worker] INFO  allcom.tests.TestBase -- Start test: [loginWithValidDataProviderPositive]
02:45:56.532 [Test worker] INFO  allcom.tests.TestBase -- PASSED: [loginWithValidDataProviderPositive], with Parameters: [betauser123@example.com, Beta@UserPass!33]
02:45:56.532 [Test worker] INFO  allcom.tests.TestBase -- Start test: [loginWithValidDataProviderPositive]
02:45:57.122 [Test worker] INFO  allcom.tests.TestBase -- PASSED: [loginWithValidDataProviderPositive], with Parameters: [verify_test@example.com, Verify@Pass2022]
02:45:57.122 [Test worker] INFO  allcom.tests.TestBase -- Start test: [loginWithValidDataProviderPositive]
02:45:57.773 [Test worker] INFO  allcom.tests.TestBase -- PASSED: [loginWithValidDataProviderPositive], with Parameters: [happytester@happytester.com, Happy@Testing!333]
02:45:57.773 [Test worker] INFO  allcom.tests.TestBase -- Start test: [loginWithValidDataProviderPositive]
02:45:58.363 [Test worker] INFO  allcom.tests.TestBase -- PASSED: [loginWithValidDataProviderPositive], with Parameters: [techtester@techtester.com, Tech@Pass123]
02:45:58.363 [Test worker] INFO  allcom.tests.TestBase -- Start test: [loginWithValidDataProviderPositive]
02:45:58.958 [Test worker] INFO  allcom.tests.TestBase -- PASSED: [loginWithValidDataProviderPositive], with Parameters: [quality_test@example.com, Quality!123]
02:45:58.958 [Test worker] INFO  allcom.tests.TestBase -- Start test: [loginWithValidDataProviderPositive]
02:45:59.552 [Test worker] INFO  allcom.tests.TestBase -- PASSED: [loginWithValidDataProviderPositive], with Parameters: [trialaccount@trialaccount.com, Trial@Pass456]
02:45:59.552 [Test worker] INFO  allcom.tests.TestBase -- Start test: [loginWithValidDataProviderPositive]
02:46:00.130 [Test worker] INFO  allcom.tests.TestBase -- PASSED: [loginWithValidDataProviderPositive], with Parameters: [email@email.com, Email!Test789]
02:46:00.130 [Test worker] INFO  allcom.tests.TestBase -- Start test: [loginWithValidDataProviderPositive]
02:46:00.730 [Test worker] INFO  allcom.tests.TestBase -- PASSED: [loginWithValidDataProviderPositive], with Parameters: [secureuser@example.com, Secure@User2022]
02:46:00.730 [Test worker] INFO  allcom.tests.TestBase -- Start test: [loginWithValidDataProviderPositive]
02:46:01.335 [Test worker] INFO  allcom.tests.TestBase -- PASSED: [loginWithValidDataProviderPositive], with Parameters: [happytester2@example.com, Happy@Testing!33]
02:46:01.335 [Test worker] INFO  allcom.tests.TestBase -- Start test: [loginWithValidDataProviderPositive]
02:46:01.925 [Test worker] INFO  allcom.tests.TestBase -- PASSED: [loginWithValidDataProviderPositive], with Parameters: [user456@example.com, User@Pass123]
02:46:01.925 [Test worker] INFO  allcom.tests.TestBase -- Start test: [loginWithValidDataProviderPositive]
02:46:02.517 [Test worker] INFO  allcom.tests.TestBase -- PASSED: [loginWithValidDataProviderPositive], with Parameters: [testaccount@example.com, Test@12345]
02:46:02.517 [Test worker] INFO  allcom.tests.TestBase -- Start test: [loginWithValidDataProviderPositive]
02:46:03.138 [Test worker] INFO  allcom.tests.TestBase -- PASSED: [loginWithValidDataProviderPositive], with Parameters: [betauser456@betauser456.com, Beta@UserPass!333]
02:46:03.139 [Test worker] INFO  allcom.tests.TestBase -- Start test: [loginWithValidDataProviderPositive]
02:46:03.734 [Test worker] INFO  allcom.tests.TestBase -- PASSED: [loginWithValidDataProviderPositive], with Parameters: [securetester@example.com, Secure@Test2022]
02:46:03.735 [Test worker] INFO  allcom.tests.TestBase -- Start test: [loginWithValidDataProviderPositive]
02:46:04.334 [Test worker] INFO  allcom.tests.TestBase -- PASSED: [loginWithValidDataProviderPositive], with Parameters: [qualityuser@example.com, Quality!Test123]
02:46:04.335 [Test worker] INFO  allcom.tests.TestBase -- Start test: [loginWithValidDataProviderPositive]
02:46:05.056 [Test worker] INFO  allcom.tests.TestBase -- PASSED: [loginWithValidDataProviderPositive], with Parameters: [explorertester2@example.com, Explore@Test789]
02:46:05.057 [Test worker] INFO  allcom.tests.TestBase -- Start test: [loginWithValidDataProviderPositive]
02:46:05.730 [Test worker] INFO  allcom.tests.TestBase -- PASSED: [loginWithValidDataProviderPositive], with Parameters: [dummyuser2@dummyuser2.com, Dummy@Pass456]
02:46:05.730 [Test worker] INFO  allcom.tests.TestBase -- Start test: [loginWithValidDataProviderPositive]
02:46:06.328 [Test worker] INFO  allcom.tests.TestBase -- PASSED: [loginWithValidDataProviderPositive], with Parameters: [prodtester2@example.com, Prod@Test2023]
02:46:06.329 [Test worker] INFO  allcom.tests.TestBase -- Start test: [loginWithValidDataProviderPositive]
02:46:06.937 [Test worker] INFO  allcom.tests.TestBase -- PASSED: [loginWithValidDataProviderPositive], with Parameters: [verifyuser@example.com, Verify@Test2022]
02:46:06.937 [Test worker] INFO  allcom.tests.TestBase -- Start test: [loginWithValidDataProviderPositive]
02:46:07.590 [Test worker] INFO  allcom.tests.TestBase -- PASSED: [loginWithValidDataProviderPositive], with Parameters: [techengineer@example.com, Tech@Engineer123]
02:46:07.591 [Test worker] INFO  allcom.tests.TestBase -- Start test: [loginWithValidDataProviderPositive]
02:46:08.185 [Test worker] INFO  allcom.tests.TestBase -- PASSED: [loginWithValidDataProviderPositive], with Parameters: [qauser@example.com, QA@Tester2022]
02:46:08.185 [Test worker] INFO  allcom.tests.TestBase -- Start test: [loginWithValidDataProviderPositive]
02:46:08.852 [Test worker] INFO  allcom.tests.TestBase -- PASSED: [loginWithValidDataProviderPositive], with Parameters: [happytestuser@example.com, Happy@TestUser123]
02:46:08.852 [Test worker] INFO  allcom.tests.TestBase -- Start test: [loginWithValidDataProviderPositive]
02:46:09.597 [Test worker] INFO  allcom.tests.TestBase -- PASSED: [loginWithValidDataProviderPositive], with Parameters: [nikolenkotenikolenkotenikolenkotenikolenkotenikolenkotenikolenk@gmail.com, secureusersecureuserD@User202]
02:46:09.597 [Test worker] INFO  allcom.tests.TestBase -- Start test: [loginWithValidDataProviderPositive]
02:46:10.875 [Test worker] INFO  allcom.tests.TestBase -- PASSED: [loginWithValidDataProviderPositive], with Parameters: [nikolenkotenikolenkotenikolenkotenikolenkotenikolenkotenikolenk@gmailgmailgmailgmailgmailgmailgmailgmailgmailgmailgmailgmailgma.com, ecureusersecureuserecureusersecureuserecureusersecureuserecureusersecureuserecureusersecureuserecureusersecureuserecureusersecureuserecureusersecureuserecureusersecureuserecureusersecureuserecureusersecureuserecureusersecureuserecureusersecureusaD@User2022]
]]></system-out>
  <system-err><![CDATA[]]></system-err>
</testsuite>
