<?xml version="1.0" encoding="UTF-8"?>
<testsuite name="allcom.tests.registration.RegisterPageNegativeTests" tests="253" skipped="0" failures="0" errors="0" timestamp="2024-01-31T00:17:34" hostname="PORTISHEAD-PC" time="185.194">
  <properties/>
  <testcase name="validateCityWithIncorrectData[0]()" classname="allcom.tests.registration.RegisterPageNegativeTests" time="0.533"/>
  <testcase name="validateCityWithIncorrectData[1](В )" classname="allcom.tests.registration.RegisterPageNegativeTests" time="0.513"/>
  <testcase name="validateCityWithIncorrectData[2]()" classname="allcom.tests.registration.RegisterPageNegativeTests" time="0.468"/>
  <testcase name="validateCityWithIncorrectData[3](1)" classname="allcom.tests.registration.RegisterPageNegativeTests" time="0.457"/>
  <testcase name="validateCityWithIncorrectData[4](s)" classname="allcom.tests.registration.RegisterPageNegativeTests" time="0.248"/>
  <testcase name="validateCityWithIncorrectData[5](S)" classname="allcom.tests.registration.RegisterPageNegativeTests" time="0.174"/>
  <testcase name="validateCityWithIncorrectData[6](С‹)" classname="allcom.tests.registration.RegisterPageNegativeTests" time="0.486"/>
  <testcase name="validateCityWithIncorrectData[7](SС‹)" classname="allcom.tests.registration.RegisterPageNegativeTests" time="0.559"/>
  <testcase name="validateCityWithIncorrectData[8](S1)" classname="allcom.tests.registration.RegisterPageNegativeTests" time="0.495"/>
  <testcase name="validateCityWithIncorrectData[9](!)" classname="allcom.tests.registration.RegisterPageNegativeTests" time="0.596"/>
  <testcase name="validateCityWithIncorrectData[10](@)" classname="allcom.tests.registration.RegisterPageNegativeTests" time="0.543"/>
  <testcase name="validateCityWithIncorrectData[11](#)" classname="allcom.tests.registration.RegisterPageNegativeTests" time="0.485"/>
  <testcase name="validateCityWithIncorrectData[12](Ass$)" classname="allcom.tests.registration.RegisterPageNegativeTests" time="0.506"/>
  <testcase name="validateCityWithIncorrectData[13](ss%)" classname="allcom.tests.registration.RegisterPageNegativeTests" time="0.494"/>
  <testcase name="validateCityWithIncorrectData[14](()" classname="allcom.tests.registration.RegisterPageNegativeTests" time="0.501"/>
  <testcase name="validateCityWithIncorrectData[15](&lt;script&gt;&lt;/script&gt;)" classname="allcom.tests.registration.RegisterPageNegativeTests" time="0.532"/>
  <testcase name="validateCityWithIncorrectData[16](&lt;input&gt;)" classname="allcom.tests.registration.RegisterPageNegativeTests" time="0.476"/>
  <testcase name="validateCityWithIncorrectData[17](0)" classname="allcom.tests.registration.RegisterPageNegativeTests" time="0.461"/>
  <testcase name="validateCompanyNameWithIncorrectData[0]()" classname="allcom.tests.registration.RegisterPageNegativeTests" time="0.458"/>
  <testcase name="validateCompanyNameWithIncorrectData[1](В )" classname="allcom.tests.registration.RegisterPageNegativeTests" time="0.641"/>
  <testcase name="validateCompanyNameWithIncorrectData[2]()" classname="allcom.tests.registration.RegisterPageNegativeTests" time="0.63"/>
  <testcase name="validateCompanyNameWithIncorrectData[3](1)" classname="allcom.tests.registration.RegisterPageNegativeTests" time="0.544"/>
  <testcase name="validateCompanyNameWithIncorrectData[4](s)" classname="allcom.tests.registration.RegisterPageNegativeTests" time="0.537"/>
  <testcase name="validateCompanyNameWithIncorrectData[5](S)" classname="allcom.tests.registration.RegisterPageNegativeTests" time="0.505"/>
  <testcase name="validateCompanyNameWithIncorrectData[6](С‹)" classname="allcom.tests.registration.RegisterPageNegativeTests" time="0.503"/>
  <testcase name="validateCompanyNameWithIncorrectData[7](SС‹)" classname="allcom.tests.registration.RegisterPageNegativeTests" time="0.496"/>
  <testcase name="validateCompanyNameWithIncorrectData[8](!)" classname="allcom.tests.registration.RegisterPageNegativeTests" time="0.486"/>
  <testcase name="validateCompanyNameWithIncorrectData[9](@)" classname="allcom.tests.registration.RegisterPageNegativeTests" time="0.494"/>
  <testcase name="validateCompanyNameWithIncorrectData[10](#)" classname="allcom.tests.registration.RegisterPageNegativeTests" time="0.477"/>
  <testcase name="validateCompanyNameWithIncorrectData[11](()" classname="allcom.tests.registration.RegisterPageNegativeTests" time="0.494"/>
  <testcase name="validateCompanyNameWithIncorrectData[12](&lt;script&gt;&lt;/script&gt;)" classname="allcom.tests.registration.RegisterPageNegativeTests" time="0.559"/>
  <testcase name="validateCompanyNameWithIncorrectData[13](&lt;input&gt;)" classname="allcom.tests.registration.RegisterPageNegativeTests" time="0.525"/>
  <testcase name="validateCompanyNameWithIncorrectData[14](0)" classname="allcom.tests.registration.RegisterPageNegativeTests" time="0.484"/>
  <testcase name="validateCompanyPositionWithIncorrectData[0]()" classname="allcom.tests.registration.RegisterPageNegativeTests" time="0.47"/>
  <testcase name="validateCompanyPositionWithIncorrectData[1](В )" classname="allcom.tests.registration.RegisterPageNegativeTests" time="0.503"/>
  <testcase name="validateCompanyPositionWithIncorrectData[2]()" classname="allcom.tests.registration.RegisterPageNegativeTests" time="0.497"/>
  <testcase name="validateCompanyPositionWithIncorrectData[3](1)" classname="allcom.tests.registration.RegisterPageNegativeTests" time="0.484"/>
  <testcase name="validateCompanyPositionWithIncorrectData[4](s)" classname="allcom.tests.registration.RegisterPageNegativeTests" time="0.505"/>
  <testcase name="validateCompanyPositionWithIncorrectData[5](S)" classname="allcom.tests.registration.RegisterPageNegativeTests" time="0.509"/>
  <testcase name="validateCompanyPositionWithIncorrectData[6](С‹)" classname="allcom.tests.registration.RegisterPageNegativeTests" time="0.564"/>
  <testcase name="validateCompanyPositionWithIncorrectData[7](SС‹)" classname="allcom.tests.registration.RegisterPageNegativeTests" time="0.556"/>
  <testcase name="validateCompanyPositionWithIncorrectData[8](!)" classname="allcom.tests.registration.RegisterPageNegativeTests" time="0.549"/>
  <testcase name="validateCompanyPositionWithIncorrectData[9](@)" classname="allcom.tests.registration.RegisterPageNegativeTests" time="0.545"/>
  <testcase name="validateCompanyPositionWithIncorrectData[10](#)" classname="allcom.tests.registration.RegisterPageNegativeTests" time="0.528"/>
  <testcase name="validateCompanyPositionWithIncorrectData[11](Ass$)" classname="allcom.tests.registration.RegisterPageNegativeTests" time="0.52"/>
  <testcase name="validateCompanyPositionWithIncorrectData[12](ss%)" classname="allcom.tests.registration.RegisterPageNegativeTests" time="0.517"/>
  <testcase name="validateCompanyPositionWithIncorrectData[13](()" classname="allcom.tests.registration.RegisterPageNegativeTests" time="0.516"/>
  <testcase name="validateCompanyPositionWithIncorrectData[14](&lt;script&gt;&lt;/script&gt;)" classname="allcom.tests.registration.RegisterPageNegativeTests" time="0.587"/>
  <testcase name="validateCompanyPositionWithIncorrectData[15](&lt;input&gt;)" classname="allcom.tests.registration.RegisterPageNegativeTests" time="0.655"/>
  <testcase name="validateCompanyPositionWithIncorrectData[16](0)" classname="allcom.tests.registration.RegisterPageNegativeTests" time="0.661"/>
  <testcase name="validateComparePasswordsEqualityNegativeData" classname="allcom.tests.registration.RegisterPageNegativeTests" time="0.001"/>
  <testcase name="validateEmailWithIncorrectData[0](п»ї)" classname="allcom.tests.registration.RegisterPageNegativeTests" time="0.518"/>
  <testcase name="validateEmailWithIncorrectData[1]()" classname="allcom.tests.registration.RegisterPageNegativeTests" time="0.511"/>
  <testcase name="validateEmailWithIncorrectData[2](testgmail.com)" classname="allcom.tests.registration.RegisterPageNegativeTests" time="0.562"/>
  <testcase name="validateEmailWithIncorrectData[3](test@.com)" classname="allcom.tests.registration.RegisterPageNegativeTests" time="0.279"/>
  <testcase name="validateEmailWithIncorrectData[4](test@gmailcom)" classname="allcom.tests.registration.RegisterPageNegativeTests" time="0.165"/>
  <testcase name="validateEmailWithIncorrectData[5](test@gmail.)" classname="allcom.tests.registration.RegisterPageNegativeTests" time="0.492"/>
  <testcase name="validateEmailWithIncorrectData[6](@gmail.com)" classname="allcom.tests.registration.RegisterPageNegativeTests" time="0.547"/>
  <testcase name="validateEmailWithIncorrectData[7](Fqpwiuery)" classname="allcom.tests.registration.RegisterPageNegativeTests" time="0.326"/>
  <testcase name="validateEmailWithIncorrectData[8](С†СѓРєС€РіРµС€РіР·)" classname="allcom.tests.registration.RegisterPageNegativeTests" time="0.17"/>
  <testcase name="validateEmailWithIncorrectData[9](&quot;%^&amp;()):&quot;)" classname="allcom.tests.registration.RegisterPageNegativeTests" time="0.561"/>
  <testcase name="validateEmailWithIncorrectData[10](1)" classname="allcom.tests.registration.RegisterPageNegativeTests" time="0.485"/>
  <testcase name="validateEmailWithIncorrectData[11](С‚РµСЃС‚@gmail.com)" classname="allcom.tests.registration.RegisterPageNegativeTests" time="0.52"/>
  <testcase name="validateEmailWithIncorrectData[12](SELECT* FROM)" classname="allcom.tests.registration.RegisterPageNegativeTests" time="0.567"/>
  <testcase name="validateEmailWithIncorrectData[13](test@@gmail.com)" classname="allcom.tests.registration.RegisterPageNegativeTests" time="0.388"/>
  <testcase name="validateEmailWithIncorrectData[14](www.telran.com)" classname="allcom.tests.registration.RegisterPageNegativeTests" time="0.162"/>
  <testcase name="validateEmailWithIncorrectData[15](tes t@gmail.com)" classname="allcom.tests.registration.RegisterPageNegativeTests" time="0.576"/>
  <testcase name="validateEmailWithIncorrectData[16](test@ gmail.com)" classname="allcom.tests.registration.RegisterPageNegativeTests" time="0.57"/>
  <testcase name="validateEmailWithIncorrectData[17](test@gmail .com)" classname="allcom.tests.registration.RegisterPageNegativeTests" time="0.585"/>
  <testcase name="validateEmailWithIncorrectData[18](test@gmail. com)" classname="allcom.tests.registration.RegisterPageNegativeTests" time="0.567"/>
  <testcase name="validateEmailWithIncorrectData[19](&lt;script&gt;&lt;/script&gt;)" classname="allcom.tests.registration.RegisterPageNegativeTests" time="0.568"/>
  <testcase name="validateEmailWithIncorrectData[20](&lt;input&gt;)" classname="allcom.tests.registration.RegisterPageNegativeTests" time="0.511"/>
  <testcase name="validateEmailWithIncorrectData[21](0)" classname="allcom.tests.registration.RegisterPageNegativeTests" time="0.478"/>
  <testcase name="validateFirstNameWithIncorrectData[0]()" classname="allcom.tests.registration.RegisterPageNegativeTests" time="0.472"/>
  <testcase name="validateFirstNameWithIncorrectData[1](В )" classname="allcom.tests.registration.RegisterPageNegativeTests" time="0.327"/>
  <testcase name="validateFirstNameWithIncorrectData[2]()" classname="allcom.tests.registration.RegisterPageNegativeTests" time="0.126"/>
  <testcase name="validateFirstNameWithIncorrectData[3](1)" classname="allcom.tests.registration.RegisterPageNegativeTests" time="0.509"/>
  <testcase name="validateFirstNameWithIncorrectData[4](s)" classname="allcom.tests.registration.RegisterPageNegativeTests" time="0.504"/>
  <testcase name="validateFirstNameWithIncorrectData[5](S)" classname="allcom.tests.registration.RegisterPageNegativeTests" time="0.502"/>
  <testcase name="validateFirstNameWithIncorrectData[6](С‹)" classname="allcom.tests.registration.RegisterPageNegativeTests" time="0.495"/>
  <testcase name="validateFirstNameWithIncorrectData[7](SС‹)" classname="allcom.tests.registration.RegisterPageNegativeTests" time="0.502"/>
  <testcase name="validateFirstNameWithIncorrectData[8](S1)" classname="allcom.tests.registration.RegisterPageNegativeTests" time="0.501"/>
  <testcase name="validateFirstNameWithIncorrectData[9](!)" classname="allcom.tests.registration.RegisterPageNegativeTests" time="0.499"/>
  <testcase name="validateFirstNameWithIncorrectData[10](@)" classname="allcom.tests.registration.RegisterPageNegativeTests" time="0.534"/>
  <testcase name="validateFirstNameWithIncorrectData[11](#)" classname="allcom.tests.registration.RegisterPageNegativeTests" time="0.546"/>
  <testcase name="validateFirstNameWithIncorrectData[12](Ass$)" classname="allcom.tests.registration.RegisterPageNegativeTests" time="0.559"/>
  <testcase name="validateFirstNameWithIncorrectData[13](ss%)" classname="allcom.tests.registration.RegisterPageNegativeTests" time="0.52"/>
  <testcase name="validateFirstNameWithIncorrectData[14](()" classname="allcom.tests.registration.RegisterPageNegativeTests" time="0.227"/>
  <testcase name="validateFirstNameWithIncorrectData[15](&lt;script&gt;&lt;/script&gt;)" classname="allcom.tests.registration.RegisterPageNegativeTests" time="0.174"/>
  <testcase name="validateFirstNameWithIncorrectData[16](&lt;input&gt;)" classname="allcom.tests.registration.RegisterPageNegativeTests" time="0.52"/>
  <testcase name="validateFirstNameWithIncorrectData[17](0)" classname="allcom.tests.registration.RegisterPageNegativeTests" time="0.497"/>
  <testcase name="validateHouseNumberWithIncorrectData[0](В )" classname="allcom.tests.registration.RegisterPageNegativeTests" time="0.567"/>
  <testcase name="validateHouseNumberWithIncorrectData[1]()" classname="allcom.tests.registration.RegisterPageNegativeTests" time="0.538"/>
  <testcase name="validateHouseNumberWithIncorrectData[2](С‹)" classname="allcom.tests.registration.RegisterPageNegativeTests" time="0.629"/>
  <testcase name="validateHouseNumberWithIncorrectData[3](СЏ)" classname="allcom.tests.registration.RegisterPageNegativeTests" time="0.596"/>
  <testcase name="validateHouseNumberWithIncorrectData[4](С‹)" classname="allcom.tests.registration.RegisterPageNegativeTests" time="0.585"/>
  <testcase name="validateHouseNumberWithIncorrectData[5](С‘)" classname="allcom.tests.registration.RegisterPageNegativeTests" time="0.55"/>
  <testcase name="validateHouseNumberWithIncorrectData[6](SС‹)" classname="allcom.tests.registration.RegisterPageNegativeTests" time="0.677"/>
  <testcase name="validateHouseNumberWithIncorrectData[7](!)" classname="allcom.tests.registration.RegisterPageNegativeTests" time="0.657"/>
  <testcase name="validateHouseNumberWithIncorrectData[8](@)" classname="allcom.tests.registration.RegisterPageNegativeTests" time="0.567"/>
  <testcase name="validateHouseNumberWithIncorrectData[9](Ass$)" classname="allcom.tests.registration.RegisterPageNegativeTests" time="0.62"/>
  <testcase name="validateHouseNumberWithIncorrectData[10](ss%)" classname="allcom.tests.registration.RegisterPageNegativeTests" time="0.627"/>
  <testcase name="validateHouseNumberWithIncorrectData[11](()" classname="allcom.tests.registration.RegisterPageNegativeTests" time="0.614"/>
  <testcase name="validateHouseNumberWithIncorrectData[12]((1)" classname="allcom.tests.registration.RegisterPageNegativeTests" time="0.561"/>
  <testcase name="validateHouseNumberWithIncorrectData[13](&lt;script&gt;&lt;/script&gt;)" classname="allcom.tests.registration.RegisterPageNegativeTests" time="0.656"/>
  <testcase name="validateHouseNumberWithIncorrectData[14](&lt;input&gt;)" classname="allcom.tests.registration.RegisterPageNegativeTests" time="0.601"/>
  <testcase name="validateLastNameWithIncorrectData[0]()" classname="allcom.tests.registration.RegisterPageNegativeTests" time="0.528"/>
  <testcase name="validateLastNameWithIncorrectData[1](В )" classname="allcom.tests.registration.RegisterPageNegativeTests" time="0.556"/>
  <testcase name="validateLastNameWithIncorrectData[2]()" classname="allcom.tests.registration.RegisterPageNegativeTests" time="0.577"/>
  <testcase name="validateLastNameWithIncorrectData[3](1)" classname="allcom.tests.registration.RegisterPageNegativeTests" time="0.529"/>
  <testcase name="validateLastNameWithIncorrectData[4](s)" classname="allcom.tests.registration.RegisterPageNegativeTests" time="0.253"/>
  <testcase name="validateLastNameWithIncorrectData[5](S)" classname="allcom.tests.registration.RegisterPageNegativeTests" time="0.139"/>
  <testcase name="validateLastNameWithIncorrectData[6](С‹)" classname="allcom.tests.registration.RegisterPageNegativeTests" time="0.579"/>
  <testcase name="validateLastNameWithIncorrectData[7](SС‹)" classname="allcom.tests.registration.RegisterPageNegativeTests" time="0.53"/>
  <testcase name="validateLastNameWithIncorrectData[8](S1)" classname="allcom.tests.registration.RegisterPageNegativeTests" time="0.655"/>
  <testcase name="validateLastNameWithIncorrectData[9](!)" classname="allcom.tests.registration.RegisterPageNegativeTests" time="0.563"/>
  <testcase name="validateLastNameWithIncorrectData[10](@)" classname="allcom.tests.registration.RegisterPageNegativeTests" time="0.556"/>
  <testcase name="validateLastNameWithIncorrectData[11](#)" classname="allcom.tests.registration.RegisterPageNegativeTests" time="0.573"/>
  <testcase name="validateLastNameWithIncorrectData[12](Ass$)" classname="allcom.tests.registration.RegisterPageNegativeTests" time="0.557"/>
  <testcase name="validateLastNameWithIncorrectData[13](ss%)" classname="allcom.tests.registration.RegisterPageNegativeTests" time="0.559"/>
  <testcase name="validateLastNameWithIncorrectData[14](()" classname="allcom.tests.registration.RegisterPageNegativeTests" time="0.27"/>
  <testcase name="validateLastNameWithIncorrectData[15](&lt;script&gt;&lt;/script&gt;)" classname="allcom.tests.registration.RegisterPageNegativeTests" time="0.178"/>
  <testcase name="validateLastNameWithIncorrectData[16](&lt;input&gt;)" classname="allcom.tests.registration.RegisterPageNegativeTests" time="0.559"/>
  <testcase name="validateLastNameWithIncorrectData[17](0)" classname="allcom.tests.registration.RegisterPageNegativeTests" time="0.532"/>
  <testcase name="validatePasswordConfirmWithIncorrectData[0](п»їTes123)" classname="allcom.tests.registration.RegisterPageNegativeTests" time="0.569"/>
  <testcase name="validatePasswordConfirmWithIncorrectData[1](Tes1234)" classname="allcom.tests.registration.RegisterPageNegativeTests" time="0.579"/>
  <testcase name="validatePasswordConfirmWithIncorrectData[2](Test1234555555555555555555555555555555555555555555555555555555555555555555555555555555555555)" classname="allcom.tests.registration.RegisterPageNegativeTests" time="0.852"/>
  <testcase name="validatePasswordConfirmWithIncorrectData[3](1)" classname="allcom.tests.registration.RegisterPageNegativeTests" time="0.601"/>
  <testcase name="validatePasswordConfirmWithIncorrectData[4](*&amp;^(*&amp;%$##@)" classname="allcom.tests.registration.RegisterPageNegativeTests" time="0.633"/>
  <testcase name="validatePasswordConfirmWithIncorrectData[5](Qwertyuiop@1С‹)" classname="allcom.tests.registration.RegisterPageNegativeTests" time="0.601"/>
  <testcase name="validatePasswordConfirmWithIncorrectData[6](Р¤Р«Р’РђРђРџРєРіСѓС‰СѓС†Р·)" classname="allcom.tests.registration.RegisterPageNegativeTests" time="0.414"/>
  <testcase name="validatePasswordConfirmWithIncorrectData[7](Test 12345!)" classname="allcom.tests.registration.RegisterPageNegativeTests" time="0.149"/>
  <testcase name="validatePasswordConfirmWithIncorrectData[8](SELECT* FROM)" classname="allcom.tests.registration.RegisterPageNegativeTests" time="0.578"/>
  <testcase name="validatePasswordConfirmWithIncorrectData[9](www.gmail.com)" classname="allcom.tests.registration.RegisterPageNegativeTests" time="0.605"/>
  <testcase name="validatePasswordConfirmWithIncorrectData[10]()" classname="allcom.tests.registration.RegisterPageNegativeTests" time="0.226"/>
  <testcase name="validatePasswordConfirmWithIncorrectData[11](В )" classname="allcom.tests.registration.RegisterPageNegativeTests" time="0.556"/>
  <testcase name="validatePasswordConfirmWithIncorrectData[12]()" classname="allcom.tests.registration.RegisterPageNegativeTests" time="0.582"/>
  <testcase name="validatePasswordConfirmWithIncorrectData[13](0)" classname="allcom.tests.registration.RegisterPageNegativeTests" time="0.6"/>
  <testcase name="validatePasswordConfirmWithIncorrectData[14](&lt;input&gt;)" classname="allcom.tests.registration.RegisterPageNegativeTests" time="0.596"/>
  <testcase name="validatePasswordConfirmWithIncorrectData[15](&lt;script&gt;&lt;/script&gt;)" classname="allcom.tests.registration.RegisterPageNegativeTests" time="0.606"/>
  <testcase name="validatePasswordConfirmWithIncorrectData[16](11111E+12)" classname="allcom.tests.registration.RegisterPageNegativeTests" time="0.426"/>
  <testcase name="validatePasswordWithIncorrectData[0](п»їTes123)" classname="allcom.tests.registration.RegisterPageNegativeTests" time="0.599"/>
  <testcase name="validatePasswordWithIncorrectData[1](Tes1234)" classname="allcom.tests.registration.RegisterPageNegativeTests" time="0.594"/>
  <testcase name="validatePasswordWithIncorrectData[2](Test1234555555555555555555555555555555555555555555555555555555555555555555555555555555555555)" classname="allcom.tests.registration.RegisterPageNegativeTests" time="0.84"/>
  <testcase name="validatePasswordWithIncorrectData[3](1)" classname="allcom.tests.registration.RegisterPageNegativeTests" time="0.592"/>
  <testcase name="validatePasswordWithIncorrectData[4](*&amp;^(*&amp;%$##@)" classname="allcom.tests.registration.RegisterPageNegativeTests" time="0.603"/>
  <testcase name="validatePasswordWithIncorrectData[5](Qwertyuiop@1С‹)" classname="allcom.tests.registration.RegisterPageNegativeTests" time="0.368"/>
  <testcase name="validatePasswordWithIncorrectData[6](Р¤Р«Р’РђРђРџРєРіСѓС‰СѓС†Р·)" classname="allcom.tests.registration.RegisterPageNegativeTests" time="0.226"/>
  <testcase name="validatePasswordWithIncorrectData[7](Test 12345!)" classname="allcom.tests.registration.RegisterPageNegativeTests" time="0.595"/>
  <testcase name="validatePasswordWithIncorrectData[8](SELECT* FROM)" classname="allcom.tests.registration.RegisterPageNegativeTests" time="0.624"/>
  <testcase name="validatePasswordWithIncorrectData[9](www.gmail.com)" classname="allcom.tests.registration.RegisterPageNegativeTests" time="0.622"/>
  <testcase name="validatePasswordWithIncorrectData[10]()" classname="allcom.tests.registration.RegisterPageNegativeTests" time="0.562"/>
  <testcase name="validatePasswordWithIncorrectData[11](В )" classname="allcom.tests.registration.RegisterPageNegativeTests" time="0.582"/>
  <testcase name="validatePasswordWithIncorrectData[12]()" classname="allcom.tests.registration.RegisterPageNegativeTests" time="0.584"/>
  <testcase name="validatePasswordWithIncorrectData[13](0)" classname="allcom.tests.registration.RegisterPageNegativeTests" time="0.578"/>
  <testcase name="validatePasswordWithIncorrectData[14](&lt;input&gt;)" classname="allcom.tests.registration.RegisterPageNegativeTests" time="0.596"/>
  <testcase name="validatePasswordWithIncorrectData[15](&lt;script&gt;&lt;/script&gt;)" classname="allcom.tests.registration.RegisterPageNegativeTests" time="0.638"/>
  <testcase name="validatePasswordWithIncorrectData[16](11111E+12)" classname="allcom.tests.registration.RegisterPageNegativeTests" time="0.65"/>
  <testcase name="validatePhoneWithIncorrectData[0]()" classname="allcom.tests.registration.RegisterPageNegativeTests" time="0.571"/>
  <testcase name="validatePhoneWithIncorrectData[1](В )" classname="allcom.tests.registration.RegisterPageNegativeTests" time="0.589"/>
  <testcase name="validatePhoneWithIncorrectData[2]()" classname="allcom.tests.registration.RegisterPageNegativeTests" time="0.638"/>
  <testcase name="validatePhoneWithIncorrectData[3](1)" classname="allcom.tests.registration.RegisterPageNegativeTests" time="0.62"/>
  <testcase name="validatePhoneWithIncorrectData[4](s)" classname="allcom.tests.registration.RegisterPageNegativeTests" time="0.603"/>
  <testcase name="validatePhoneWithIncorrectData[5](S)" classname="allcom.tests.registration.RegisterPageNegativeTests" time="0.592"/>
  <testcase name="validatePhoneWithIncorrectData[6](С‹)" classname="allcom.tests.registration.RegisterPageNegativeTests" time="0.676"/>
  <testcase name="validatePhoneWithIncorrectData[7](SС‹)" classname="allcom.tests.registration.RegisterPageNegativeTests" time="0.124"/>
  <testcase name="validatePhoneWithIncorrectData[8](S1)" classname="allcom.tests.registration.RegisterPageNegativeTests" time="0.125"/>
  <testcase name="validatePhoneWithIncorrectData[9](!)" classname="allcom.tests.registration.RegisterPageNegativeTests" time="0.118"/>
  <testcase name="validatePhoneWithIncorrectData[10](@)" classname="allcom.tests.registration.RegisterPageNegativeTests" time="0.114"/>
  <testcase name="validatePhoneWithIncorrectData[11](#)" classname="allcom.tests.registration.RegisterPageNegativeTests" time="0.121"/>
  <testcase name="validatePhoneWithIncorrectData[12](Ass$)" classname="allcom.tests.registration.RegisterPageNegativeTests" time="0.125"/>
  <testcase name="validatePhoneWithIncorrectData[13](ss%)" classname="allcom.tests.registration.RegisterPageNegativeTests" time="0.142"/>
  <testcase name="validatePhoneWithIncorrectData[14](()" classname="allcom.tests.registration.RegisterPageNegativeTests" time="0.11"/>
  <testcase name="validatePhoneWithIncorrectData[15](&lt;script&gt;&lt;/script&gt;)" classname="allcom.tests.registration.RegisterPageNegativeTests" time="0.204"/>
  <testcase name="validatePhoneWithIncorrectData[16](&lt;input&gt;)" classname="allcom.tests.registration.RegisterPageNegativeTests" time="0.149"/>
  <testcase name="validatePhoneWithIncorrectData[17](0)" classname="allcom.tests.registration.RegisterPageNegativeTests" time="0.11"/>
  <testcase name="validatePhoneWithIncorrectData[18](123456789)" classname="allcom.tests.registration.RegisterPageNegativeTests" time="0.155"/>
  <testcase name="validatePhoneWithIncorrectData[19](null)" classname="allcom.tests.registration.RegisterPageNegativeTests" time="0.132"/>
  <testcase name="validatePhoneWithIncorrectData[20](1234567890123)" classname="allcom.tests.registration.RegisterPageNegativeTests" time="0.161"/>
  <testcase name="validatePhoneWithIncorrectData[21](1234567890С‹)" classname="allcom.tests.registration.RegisterPageNegativeTests" time="0.159"/>
  <testcase name="validatePhoneWithIncorrectData[22](1234567890s)" classname="allcom.tests.registration.RegisterPageNegativeTests" time="0.161"/>
  <testcase name="validatePhoneWithIncorrectData[23](123456789O)" classname="allcom.tests.registration.RegisterPageNegativeTests" time="0.166"/>
  <testcase name="validatePostalWithIncorrectData[0]()" classname="allcom.tests.registration.RegisterPageNegativeTests" time="0.175"/>
  <testcase name="validatePostalWithIncorrectData[1](В )" classname="allcom.tests.registration.RegisterPageNegativeTests" time="0.191"/>
  <testcase name="validatePostalWithIncorrectData[2]()" classname="allcom.tests.registration.RegisterPageNegativeTests" time="0.16"/>
  <testcase name="validatePostalWithIncorrectData[3](1)" classname="allcom.tests.registration.RegisterPageNegativeTests" time="0.187"/>
  <testcase name="validatePostalWithIncorrectData[4](s)" classname="allcom.tests.registration.RegisterPageNegativeTests" time="0.18"/>
  <testcase name="validatePostalWithIncorrectData[5](S)" classname="allcom.tests.registration.RegisterPageNegativeTests" time="0.189"/>
  <testcase name="validatePostalWithIncorrectData[6](С‹)" classname="allcom.tests.registration.RegisterPageNegativeTests" time="0.19"/>
  <testcase name="validatePostalWithIncorrectData[7](SС‹)" classname="allcom.tests.registration.RegisterPageNegativeTests" time="0.184"/>
  <testcase name="validatePostalWithIncorrectData[8](S1)" classname="allcom.tests.registration.RegisterPageNegativeTests" time="0.178"/>
  <testcase name="validatePostalWithIncorrectData[9](!)" classname="allcom.tests.registration.RegisterPageNegativeTests" time="0.205"/>
  <testcase name="validatePostalWithIncorrectData[10](@)" classname="allcom.tests.registration.RegisterPageNegativeTests" time="0.2"/>
  <testcase name="validatePostalWithIncorrectData[11](#)" classname="allcom.tests.registration.RegisterPageNegativeTests" time="0.183"/>
  <testcase name="validatePostalWithIncorrectData[12](Ass$)" classname="allcom.tests.registration.RegisterPageNegativeTests" time="0.21"/>
  <testcase name="validatePostalWithIncorrectData[13](ss%)" classname="allcom.tests.registration.RegisterPageNegativeTests" time="0.19"/>
  <testcase name="validatePostalWithIncorrectData[14](()" classname="allcom.tests.registration.RegisterPageNegativeTests" time="0.189"/>
  <testcase name="validatePostalWithIncorrectData[15](&lt;script&gt;&lt;/script&gt;)" classname="allcom.tests.registration.RegisterPageNegativeTests" time="0.309"/>
  <testcase name="validatePostalWithIncorrectData[16](&lt;input&gt;)" classname="allcom.tests.registration.RegisterPageNegativeTests" time="0.244"/>
  <testcase name="validatePostalWithIncorrectData[17](0)" classname="allcom.tests.registration.RegisterPageNegativeTests" time="0.191"/>
  <testcase name="validatePostalWithIncorrectData[18](1234)" classname="allcom.tests.registration.RegisterPageNegativeTests" time="0.193"/>
  <testcase name="validatePostalWithIncorrectData[19](123456)" classname="allcom.tests.registration.RegisterPageNegativeTests" time="0.212"/>
  <testcase name="validatePostalWithIncorrectData[20](12345d)" classname="allcom.tests.registration.RegisterPageNegativeTests" time="0.211"/>
  <testcase name="validatePostalWithIncorrectData[21](O01234)" classname="allcom.tests.registration.RegisterPageNegativeTests" time="0.2"/>
  <testcase name="validatePostalWithIncorrectData[22](1234#)" classname="allcom.tests.registration.RegisterPageNegativeTests" time="0.19"/>
  <testcase name="validatePostalWithIncorrectData[23](null)" classname="allcom.tests.registration.RegisterPageNegativeTests" time="0.193"/>
  <testcase name="validatePostalWithIncorrectData[24](12345s)" classname="allcom.tests.registration.RegisterPageNegativeTests" time="0.199"/>
  <testcase name="validatePostalWithIncorrectData[25](1234567890s)" classname="allcom.tests.registration.RegisterPageNegativeTests" time="0.252"/>
  <testcase name="validatePostalWithIncorrectData[26](123456789O)" classname="allcom.tests.registration.RegisterPageNegativeTests" time="0.212"/>
  <testcase name="validatePostalWithIncorrectData[27](123456789012345678901)" classname="allcom.tests.registration.RegisterPageNegativeTests" time="0.264"/>
  <testcase name="validateStreetWithIncorrectData[0]()" classname="allcom.tests.registration.RegisterPageNegativeTests" time="0.187"/>
  <testcase name="validateStreetWithIncorrectData[1](В )" classname="allcom.tests.registration.RegisterPageNegativeTests" time="0.202"/>
  <testcase name="validateStreetWithIncorrectData[2]()" classname="allcom.tests.registration.RegisterPageNegativeTests" time="0.176"/>
  <testcase name="validateStreetWithIncorrectData[3](1)" classname="allcom.tests.registration.RegisterPageNegativeTests" time="0.179"/>
  <testcase name="validateStreetWithIncorrectData[4](s)" classname="allcom.tests.registration.RegisterPageNegativeTests" time="0.181"/>
  <testcase name="validateStreetWithIncorrectData[5](S)" classname="allcom.tests.registration.RegisterPageNegativeTests" time="0.194"/>
  <testcase name="validateStreetWithIncorrectData[6](С‹)" classname="allcom.tests.registration.RegisterPageNegativeTests" time="0.207"/>
  <testcase name="validateStreetWithIncorrectData[7](SС‹)" classname="allcom.tests.registration.RegisterPageNegativeTests" time="0.204"/>
  <testcase name="validateStreetWithIncorrectData[8](!)" classname="allcom.tests.registration.RegisterPageNegativeTests" time="0.199"/>
  <testcase name="validateStreetWithIncorrectData[9](@)" classname="allcom.tests.registration.RegisterPageNegativeTests" time="0.181"/>
  <testcase name="validateStreetWithIncorrectData[10](#)" classname="allcom.tests.registration.RegisterPageNegativeTests" time="0.177"/>
  <testcase name="validateStreetWithIncorrectData[11](Ass$)" classname="allcom.tests.registration.RegisterPageNegativeTests" time="0.196"/>
  <testcase name="validateStreetWithIncorrectData[12](ss%)" classname="allcom.tests.registration.RegisterPageNegativeTests" time="0.307"/>
  <testcase name="validateStreetWithIncorrectData[13](()" classname="allcom.tests.registration.RegisterPageNegativeTests" time="0.218"/>
  <testcase name="validateStreetWithIncorrectData[14](&lt;script&gt;&lt;/script&gt;)" classname="allcom.tests.registration.RegisterPageNegativeTests" time="0.357"/>
  <testcase name="validateStreetWithIncorrectData[15](&lt;input&gt;)" classname="allcom.tests.registration.RegisterPageNegativeTests" time="0.226"/>
  <testcase name="validateStreetWithIncorrectData[16](0)" classname="allcom.tests.registration.RegisterPageNegativeTests" time="0.186"/>
  <testcase name="validateTaxWithIncorrectData[0]()" classname="allcom.tests.registration.RegisterPageNegativeTests" time="0.165"/>
  <testcase name="validateTaxWithIncorrectData[1](В )" classname="allcom.tests.registration.RegisterPageNegativeTests" time="0.187"/>
  <testcase name="validateTaxWithIncorrectData[2]()" classname="allcom.tests.registration.RegisterPageNegativeTests" time="0.164"/>
  <testcase name="validateTaxWithIncorrectData[3](1)" classname="allcom.tests.registration.RegisterPageNegativeTests" time="0.21"/>
  <testcase name="validateTaxWithIncorrectData[4](s)" classname="allcom.tests.registration.RegisterPageNegativeTests" time="0.203"/>
  <testcase name="validateTaxWithIncorrectData[5](S)" classname="allcom.tests.registration.RegisterPageNegativeTests" time="0.235"/>
  <testcase name="validateTaxWithIncorrectData[6](С‹)" classname="allcom.tests.registration.RegisterPageNegativeTests" time="0.216"/>
  <testcase name="validateTaxWithIncorrectData[7](SС‹)" classname="allcom.tests.registration.RegisterPageNegativeTests" time="0.418"/>
  <testcase name="validateTaxWithIncorrectData[8](S1)" classname="allcom.tests.registration.RegisterPageNegativeTests" time="0.277"/>
  <testcase name="validateTaxWithIncorrectData[9](!)" classname="allcom.tests.registration.RegisterPageNegativeTests" time="0.183"/>
  <testcase name="validateTaxWithIncorrectData[10](@)" classname="allcom.tests.registration.RegisterPageNegativeTests" time="0.327"/>
  <testcase name="validateTaxWithIncorrectData[11](#)" classname="allcom.tests.registration.RegisterPageNegativeTests" time="0.327"/>
  <testcase name="validateTaxWithIncorrectData[12](Ass$)" classname="allcom.tests.registration.RegisterPageNegativeTests" time="0.333"/>
  <testcase name="validateTaxWithIncorrectData[13](ss%)" classname="allcom.tests.registration.RegisterPageNegativeTests" time="0.304"/>
  <testcase name="validateTaxWithIncorrectData[14](()" classname="allcom.tests.registration.RegisterPageNegativeTests" time="0.314"/>
  <testcase name="validateTaxWithIncorrectData[15](&lt;script&gt;&lt;/script&gt;)" classname="allcom.tests.registration.RegisterPageNegativeTests" time="0.398"/>
  <testcase name="validateTaxWithIncorrectData[16](&lt;input&gt;)" classname="allcom.tests.registration.RegisterPageNegativeTests" time="0.321"/>
  <testcase name="validateTaxWithIncorrectData[17](0)" classname="allcom.tests.registration.RegisterPageNegativeTests" time="0.284"/>
  <testcase name="validateTaxWithIncorrectData[18](12345678)" classname="allcom.tests.registration.RegisterPageNegativeTests" time="0.243"/>
  <testcase name="validateTaxWithIncorrectData[19](123456789d)" classname="allcom.tests.registration.RegisterPageNegativeTests" time="0.301"/>
  <testcase name="validateTaxWithIncorrectData[20](123456789#)" classname="allcom.tests.registration.RegisterPageNegativeTests" time="0.256"/>
  <testcase name="validateTaxWithIncorrectData[21](null)" classname="allcom.tests.registration.RegisterPageNegativeTests" time="0.205"/>
  <testcase name="validateTaxWithIncorrectData[22](1234567890С‹)" classname="allcom.tests.registration.RegisterPageNegativeTests" time="0.252"/>
  <testcase name="validateTaxWithIncorrectData[23](1234567890s)" classname="allcom.tests.registration.RegisterPageNegativeTests" time="0.241"/>
  <testcase name="validateTaxWithIncorrectData[24](123456789O)" classname="allcom.tests.registration.RegisterPageNegativeTests" time="0.21"/>
  <testcase name="validateTaxWithIncorrectData[25](123456789012345678901)" classname="allcom.tests.registration.RegisterPageNegativeTests" time="0.257"/>
  <system-out><![CDATA[01:17:33.974 [Test worker] INFO  allcom.tests.TestBase -- Start test: [validateCityWithIncorrectData]
01:17:34.660 [Test worker] INFO  allcom.tests.TestBase -- PASSED: [validateCityWithIncorrectData], with Parameters: []
01:17:34.660 [Test worker] INFO  allcom.tests.TestBase -- Start test: [validateCityWithIncorrectData]
01:17:35.279 [Test worker] INFO  allcom.tests.TestBase -- PASSED: [validateCityWithIncorrectData], with Parameters: [В ]
01:17:35.279 [Test worker] INFO  allcom.tests.TestBase -- Start test: [validateCityWithIncorrectData]
01:17:35.876 [Test worker] INFO  allcom.tests.TestBase -- PASSED: [validateCityWithIncorrectData], with Parameters: []
01:17:35.876 [Test worker] INFO  allcom.tests.TestBase -- Start test: [validateCityWithIncorrectData]
01:17:36.462 [Test worker] INFO  allcom.tests.TestBase -- PASSED: [validateCityWithIncorrectData], with Parameters: [1]
01:17:36.462 [Test worker] INFO  allcom.tests.TestBase -- Start test: [validateCityWithIncorrectData]
01:17:36.841 [Test worker] INFO  allcom.tests.TestBase -- PASSED: [validateCityWithIncorrectData], with Parameters: [s]
01:17:36.841 [Test worker] INFO  allcom.tests.TestBase -- Start test: [validateCityWithIncorrectData]
01:17:37.288 [Test worker] INFO  allcom.tests.TestBase -- PASSED: [validateCityWithIncorrectData], with Parameters: [S]
01:17:37.288 [Test worker] INFO  allcom.tests.TestBase -- Start test: [validateCityWithIncorrectData]
01:17:37.883 [Test worker] INFO  allcom.tests.TestBase -- PASSED: [validateCityWithIncorrectData], with Parameters: [С‹]
01:17:37.883 [Test worker] INFO  allcom.tests.TestBase -- Start test: [validateCityWithIncorrectData]
01:17:38.536 [Test worker] INFO  allcom.tests.TestBase -- PASSED: [validateCityWithIncorrectData], with Parameters: [SС‹]
01:17:38.536 [Test worker] INFO  allcom.tests.TestBase -- Start test: [validateCityWithIncorrectData]
01:17:39.143 [Test worker] INFO  allcom.tests.TestBase -- PASSED: [validateCityWithIncorrectData], with Parameters: [S1]
01:17:39.143 [Test worker] INFO  allcom.tests.TestBase -- Start test: [validateCityWithIncorrectData]
01:17:39.840 [Test worker] INFO  allcom.tests.TestBase -- PASSED: [validateCityWithIncorrectData], with Parameters: [!]
01:17:39.841 [Test worker] INFO  allcom.tests.TestBase -- Start test: [validateCityWithIncorrectData]
01:17:40.555 [Test worker] INFO  allcom.tests.TestBase -- PASSED: [validateCityWithIncorrectData], with Parameters: [@]
01:17:40.555 [Test worker] INFO  allcom.tests.TestBase -- Start test: [validateCityWithIncorrectData]
01:17:41.164 [Test worker] INFO  allcom.tests.TestBase -- PASSED: [validateCityWithIncorrectData], with Parameters: [#]
01:17:41.164 [Test worker] INFO  allcom.tests.TestBase -- Start test: [validateCityWithIncorrectData]
01:17:41.764 [Test worker] INFO  allcom.tests.TestBase -- PASSED: [validateCityWithIncorrectData], with Parameters: [Ass$]
01:17:41.764 [Test worker] INFO  allcom.tests.TestBase -- Start test: [validateCityWithIncorrectData]
01:17:42.353 [Test worker] INFO  allcom.tests.TestBase -- PASSED: [validateCityWithIncorrectData], with Parameters: [ss%]
01:17:42.353 [Test worker] INFO  allcom.tests.TestBase -- Start test: [validateCityWithIncorrectData]
01:17:42.949 [Test worker] INFO  allcom.tests.TestBase -- PASSED: [validateCityWithIncorrectData], with Parameters: [(]
01:17:42.949 [Test worker] INFO  allcom.tests.TestBase -- Start test: [validateCityWithIncorrectData]
01:17:43.576 [Test worker] INFO  allcom.tests.TestBase -- PASSED: [validateCityWithIncorrectData], with Parameters: [<script></script>]
01:17:43.576 [Test worker] INFO  allcom.tests.TestBase -- Start test: [validateCityWithIncorrectData]
01:17:44.153 [Test worker] INFO  allcom.tests.TestBase -- PASSED: [validateCityWithIncorrectData], with Parameters: [<input>]
01:17:44.153 [Test worker] INFO  allcom.tests.TestBase -- Start test: [validateCityWithIncorrectData]
01:17:44.761 [Test worker] INFO  allcom.tests.TestBase -- PASSED: [validateCityWithIncorrectData], with Parameters: [0]
01:17:44.761 [Test worker] INFO  allcom.tests.TestBase -- Start test: [validateCompanyNameWithIncorrectData]
01:17:45.345 [Test worker] INFO  allcom.tests.TestBase -- PASSED: [validateCompanyNameWithIncorrectData], with Parameters: []
01:17:45.345 [Test worker] INFO  allcom.tests.TestBase -- Start test: [validateCompanyNameWithIncorrectData]
01:17:46.120 [Test worker] INFO  allcom.tests.TestBase -- PASSED: [validateCompanyNameWithIncorrectData], with Parameters: [В ]
01:17:46.120 [Test worker] INFO  allcom.tests.TestBase -- Start test: [validateCompanyNameWithIncorrectData]
01:17:46.894 [Test worker] INFO  allcom.tests.TestBase -- PASSED: [validateCompanyNameWithIncorrectData], with Parameters: []
01:17:46.894 [Test worker] INFO  allcom.tests.TestBase -- Start test: [validateCompanyNameWithIncorrectData]
01:17:47.557 [Test worker] INFO  allcom.tests.TestBase -- PASSED: [validateCompanyNameWithIncorrectData], with Parameters: [1]
01:17:47.557 [Test worker] INFO  allcom.tests.TestBase -- Start test: [validateCompanyNameWithIncorrectData]
01:17:48.198 [Test worker] INFO  allcom.tests.TestBase -- PASSED: [validateCompanyNameWithIncorrectData], with Parameters: [s]
01:17:48.198 [Test worker] INFO  allcom.tests.TestBase -- Start test: [validateCompanyNameWithIncorrectData]
01:17:48.796 [Test worker] INFO  allcom.tests.TestBase -- PASSED: [validateCompanyNameWithIncorrectData], with Parameters: [S]
01:17:48.796 [Test worker] INFO  allcom.tests.TestBase -- Start test: [validateCompanyNameWithIncorrectData]
01:17:49.399 [Test worker] INFO  allcom.tests.TestBase -- PASSED: [validateCompanyNameWithIncorrectData], with Parameters: [С‹]
01:17:49.399 [Test worker] INFO  allcom.tests.TestBase -- Start test: [validateCompanyNameWithIncorrectData]
01:17:49.987 [Test worker] INFO  allcom.tests.TestBase -- PASSED: [validateCompanyNameWithIncorrectData], with Parameters: [SС‹]
01:17:49.987 [Test worker] INFO  allcom.tests.TestBase -- Start test: [validateCompanyNameWithIncorrectData]
01:17:50.565 [Test worker] INFO  allcom.tests.TestBase -- PASSED: [validateCompanyNameWithIncorrectData], with Parameters: [!]
01:17:50.565 [Test worker] INFO  allcom.tests.TestBase -- Start test: [validateCompanyNameWithIncorrectData]
01:17:51.153 [Test worker] INFO  allcom.tests.TestBase -- PASSED: [validateCompanyNameWithIncorrectData], with Parameters: [@]
01:17:51.153 [Test worker] INFO  allcom.tests.TestBase -- Start test: [validateCompanyNameWithIncorrectData]
01:17:51.747 [Test worker] INFO  allcom.tests.TestBase -- PASSED: [validateCompanyNameWithIncorrectData], with Parameters: [#]
01:17:51.747 [Test worker] INFO  allcom.tests.TestBase -- Start test: [validateCompanyNameWithIncorrectData]
01:17:52.344 [Test worker] INFO  allcom.tests.TestBase -- PASSED: [validateCompanyNameWithIncorrectData], with Parameters: [(]
01:17:52.345 [Test worker] INFO  allcom.tests.TestBase -- Start test: [validateCompanyNameWithIncorrectData]
01:17:53.005 [Test worker] INFO  allcom.tests.TestBase -- PASSED: [validateCompanyNameWithIncorrectData], with Parameters: [<script></script>]
01:17:53.005 [Test worker] INFO  allcom.tests.TestBase -- Start test: [validateCompanyNameWithIncorrectData]
01:17:53.633 [Test worker] INFO  allcom.tests.TestBase -- PASSED: [validateCompanyNameWithIncorrectData], with Parameters: [<input>]
01:17:53.634 [Test worker] INFO  allcom.tests.TestBase -- Start test: [validateCompanyNameWithIncorrectData]
01:17:54.213 [Test worker] INFO  allcom.tests.TestBase -- PASSED: [validateCompanyNameWithIncorrectData], with Parameters: [0]
01:17:54.214 [Test worker] INFO  allcom.tests.TestBase -- Start test: [validateCompanyPositionWithIncorrectData]
01:17:54.783 [Test worker] INFO  allcom.tests.TestBase -- PASSED: [validateCompanyPositionWithIncorrectData], with Parameters: []
01:17:54.783 [Test worker] INFO  allcom.tests.TestBase -- Start test: [validateCompanyPositionWithIncorrectData]
01:17:55.378 [Test worker] INFO  allcom.tests.TestBase -- PASSED: [validateCompanyPositionWithIncorrectData], with Parameters: [В ]
01:17:55.378 [Test worker] INFO  allcom.tests.TestBase -- Start test: [validateCompanyPositionWithIncorrectData]
01:17:56.013 [Test worker] INFO  allcom.tests.TestBase -- PASSED: [validateCompanyPositionWithIncorrectData], with Parameters: []
01:17:56.013 [Test worker] INFO  allcom.tests.TestBase -- Start test: [validateCompanyPositionWithIncorrectData]
01:17:56.624 [Test worker] INFO  allcom.tests.TestBase -- PASSED: [validateCompanyPositionWithIncorrectData], with Parameters: [1]
01:17:56.624 [Test worker] INFO  allcom.tests.TestBase -- Start test: [validateCompanyPositionWithIncorrectData]
01:17:57.248 [Test worker] INFO  allcom.tests.TestBase -- PASSED: [validateCompanyPositionWithIncorrectData], with Parameters: [s]
01:17:57.248 [Test worker] INFO  allcom.tests.TestBase -- Start test: [validateCompanyPositionWithIncorrectData]
01:17:57.871 [Test worker] INFO  allcom.tests.TestBase -- PASSED: [validateCompanyPositionWithIncorrectData], with Parameters: [S]
01:17:57.871 [Test worker] INFO  allcom.tests.TestBase -- Start test: [validateCompanyPositionWithIncorrectData]
01:17:58.557 [Test worker] INFO  allcom.tests.TestBase -- PASSED: [validateCompanyPositionWithIncorrectData], with Parameters: [С‹]
01:17:58.557 [Test worker] INFO  allcom.tests.TestBase -- Start test: [validateCompanyPositionWithIncorrectData]
01:17:59.266 [Test worker] INFO  allcom.tests.TestBase -- PASSED: [validateCompanyPositionWithIncorrectData], with Parameters: [SС‹]
01:17:59.266 [Test worker] INFO  allcom.tests.TestBase -- Start test: [validateCompanyPositionWithIncorrectData]
01:17:59.930 [Test worker] INFO  allcom.tests.TestBase -- PASSED: [validateCompanyPositionWithIncorrectData], with Parameters: [!]
01:17:59.930 [Test worker] INFO  allcom.tests.TestBase -- Start test: [validateCompanyPositionWithIncorrectData]
01:18:00.606 [Test worker] INFO  allcom.tests.TestBase -- PASSED: [validateCompanyPositionWithIncorrectData], with Parameters: [@]
01:18:00.606 [Test worker] INFO  allcom.tests.TestBase -- Start test: [validateCompanyPositionWithIncorrectData]
01:18:01.255 [Test worker] INFO  allcom.tests.TestBase -- PASSED: [validateCompanyPositionWithIncorrectData], with Parameters: [#]
01:18:01.255 [Test worker] INFO  allcom.tests.TestBase -- Start test: [validateCompanyPositionWithIncorrectData]
01:18:01.869 [Test worker] INFO  allcom.tests.TestBase -- PASSED: [validateCompanyPositionWithIncorrectData], with Parameters: [Ass$]
01:18:01.870 [Test worker] INFO  allcom.tests.TestBase -- Start test: [validateCompanyPositionWithIncorrectData]
01:18:02.513 [Test worker] INFO  allcom.tests.TestBase -- PASSED: [validateCompanyPositionWithIncorrectData], with Parameters: [ss%]
01:18:02.513 [Test worker] INFO  allcom.tests.TestBase -- Start test: [validateCompanyPositionWithIncorrectData]
01:18:03.147 [Test worker] INFO  allcom.tests.TestBase -- PASSED: [validateCompanyPositionWithIncorrectData], with Parameters: [(]
01:18:03.147 [Test worker] INFO  allcom.tests.TestBase -- Start test: [validateCompanyPositionWithIncorrectData]
01:18:03.828 [Test worker] INFO  allcom.tests.TestBase -- PASSED: [validateCompanyPositionWithIncorrectData], with Parameters: [<script></script>]
01:18:03.828 [Test worker] INFO  allcom.tests.TestBase -- Start test: [validateCompanyPositionWithIncorrectData]
01:18:04.580 [Test worker] INFO  allcom.tests.TestBase -- PASSED: [validateCompanyPositionWithIncorrectData], with Parameters: [<input>]
01:18:04.581 [Test worker] INFO  allcom.tests.TestBase -- Start test: [validateCompanyPositionWithIncorrectData]
01:18:05.355 [Test worker] INFO  allcom.tests.TestBase -- PASSED: [validateCompanyPositionWithIncorrectData], with Parameters: [0]
01:18:05.355 [Test worker] INFO  allcom.tests.TestBase -- Start test: [validateComparePasswordsEqualityNegativeData]
01:18:05.460 [Test worker] INFO  allcom.tests.TestBase -- PASSED: [validateComparePasswordsEqualityNegativeData], with Parameters: []
01:18:05.461 [Test worker] INFO  allcom.tests.TestBase -- Start test: [validateEmailWithIncorrectData]
01:18:06.084 [Test worker] INFO  allcom.tests.TestBase -- PASSED: [validateEmailWithIncorrectData], with Parameters: [п»ї]
01:18:06.084 [Test worker] INFO  allcom.tests.TestBase -- Start test: [validateEmailWithIncorrectData]
01:18:06.690 [Test worker] INFO  allcom.tests.TestBase -- PASSED: [validateEmailWithIncorrectData], with Parameters: []
01:18:06.690 [Test worker] INFO  allcom.tests.TestBase -- Start test: [validateEmailWithIncorrectData]
01:18:07.356 [Test worker] INFO  allcom.tests.TestBase -- PASSED: [validateEmailWithIncorrectData], with Parameters: [testgmail.com]
01:18:07.356 [Test worker] INFO  allcom.tests.TestBase -- Start test: [validateEmailWithIncorrectData]
01:18:07.745 [Test worker] INFO  allcom.tests.TestBase -- PASSED: [validateEmailWithIncorrectData], with Parameters: [test@.com]
01:18:07.745 [Test worker] INFO  allcom.tests.TestBase -- Start test: [validateEmailWithIncorrectData]
01:18:08.127 [Test worker] INFO  allcom.tests.TestBase -- PASSED: [validateEmailWithIncorrectData], with Parameters: [test@gmailcom]
01:18:08.127 [Test worker] INFO  allcom.tests.TestBase -- Start test: [validateEmailWithIncorrectData]
01:18:08.721 [Test worker] INFO  allcom.tests.TestBase -- PASSED: [validateEmailWithIncorrectData], with Parameters: [test@gmail.]
01:18:08.721 [Test worker] INFO  allcom.tests.TestBase -- Start test: [validateEmailWithIncorrectData]
01:18:09.377 [Test worker] INFO  allcom.tests.TestBase -- PASSED: [validateEmailWithIncorrectData], with Parameters: [@gmail.com]
01:18:09.377 [Test worker] INFO  allcom.tests.TestBase -- Start test: [validateEmailWithIncorrectData]
01:18:09.803 [Test worker] INFO  allcom.tests.TestBase -- PASSED: [validateEmailWithIncorrectData], with Parameters: [Fqpwiuery]
01:18:09.803 [Test worker] INFO  allcom.tests.TestBase -- Start test: [validateEmailWithIncorrectData]
01:18:10.177 [Test worker] INFO  allcom.tests.TestBase -- PASSED: [validateEmailWithIncorrectData], with Parameters: [С†СѓРєС€РіРµС€РіР·]
01:18:10.178 [Test worker] INFO  allcom.tests.TestBase -- Start test: [validateEmailWithIncorrectData]
01:18:10.840 [Test worker] INFO  allcom.tests.TestBase -- PASSED: [validateEmailWithIncorrectData], with Parameters: ["%^&()):"]
01:18:10.840 [Test worker] INFO  allcom.tests.TestBase -- Start test: [validateEmailWithIncorrectData]
01:18:11.425 [Test worker] INFO  allcom.tests.TestBase -- PASSED: [validateEmailWithIncorrectData], with Parameters: [1]
01:18:11.426 [Test worker] INFO  allcom.tests.TestBase -- Start test: [validateEmailWithIncorrectData]
01:18:12.046 [Test worker] INFO  allcom.tests.TestBase -- PASSED: [validateEmailWithIncorrectData], with Parameters: [С‚РµСЃС‚@gmail.com]
01:18:12.046 [Test worker] INFO  allcom.tests.TestBase -- Start test: [validateEmailWithIncorrectData]
01:18:12.715 [Test worker] INFO  allcom.tests.TestBase -- PASSED: [validateEmailWithIncorrectData], with Parameters: [SELECT* FROM]
01:18:12.716 [Test worker] INFO  allcom.tests.TestBase -- Start test: [validateEmailWithIncorrectData]
01:18:13.200 [Test worker] INFO  allcom.tests.TestBase -- PASSED: [validateEmailWithIncorrectData], with Parameters: [test@@gmail.com]
01:18:13.200 [Test worker] INFO  allcom.tests.TestBase -- Start test: [validateEmailWithIncorrectData]
01:18:13.578 [Test worker] INFO  allcom.tests.TestBase -- PASSED: [validateEmailWithIncorrectData], with Parameters: [www.telran.com]
01:18:13.578 [Test worker] INFO  allcom.tests.TestBase -- Start test: [validateEmailWithIncorrectData]
01:18:14.248 [Test worker] INFO  allcom.tests.TestBase -- PASSED: [validateEmailWithIncorrectData], with Parameters: [tes t@gmail.com]
01:18:14.249 [Test worker] INFO  allcom.tests.TestBase -- Start test: [validateEmailWithIncorrectData]
01:18:14.919 [Test worker] INFO  allcom.tests.TestBase -- PASSED: [validateEmailWithIncorrectData], with Parameters: [test@ gmail.com]
01:18:14.919 [Test worker] INFO  allcom.tests.TestBase -- Start test: [validateEmailWithIncorrectData]
01:18:15.614 [Test worker] INFO  allcom.tests.TestBase -- PASSED: [validateEmailWithIncorrectData], with Parameters: [test@gmail .com]
01:18:15.614 [Test worker] INFO  allcom.tests.TestBase -- Start test: [validateEmailWithIncorrectData]
01:18:16.326 [Test worker] INFO  allcom.tests.TestBase -- PASSED: [validateEmailWithIncorrectData], with Parameters: [test@gmail. com]
01:18:16.326 [Test worker] INFO  allcom.tests.TestBase -- Start test: [validateEmailWithIncorrectData]
01:18:17.021 [Test worker] INFO  allcom.tests.TestBase -- PASSED: [validateEmailWithIncorrectData], with Parameters: [<script></script>]
01:18:17.021 [Test worker] INFO  allcom.tests.TestBase -- Start test: [validateEmailWithIncorrectData]
01:18:17.641 [Test worker] INFO  allcom.tests.TestBase -- PASSED: [validateEmailWithIncorrectData], with Parameters: [<input>]
01:18:17.641 [Test worker] INFO  allcom.tests.TestBase -- Start test: [validateEmailWithIncorrectData]
01:18:18.223 [Test worker] INFO  allcom.tests.TestBase -- PASSED: [validateEmailWithIncorrectData], with Parameters: [0]
01:18:18.224 [Test worker] INFO  allcom.tests.TestBase -- Start test: [validateFirstNameWithIncorrectData]
01:18:18.810 [Test worker] INFO  allcom.tests.TestBase -- PASSED: [validateFirstNameWithIncorrectData], with Parameters: []
01:18:18.811 [Test worker] INFO  allcom.tests.TestBase -- Start test: [validateFirstNameWithIncorrectData]
01:18:19.241 [Test worker] INFO  allcom.tests.TestBase -- PASSED: [validateFirstNameWithIncorrectData], with Parameters: [В ]
01:18:19.241 [Test worker] INFO  allcom.tests.TestBase -- Start test: [validateFirstNameWithIncorrectData]
01:18:19.589 [Test worker] INFO  allcom.tests.TestBase -- PASSED: [validateFirstNameWithIncorrectData], with Parameters: []
01:18:19.589 [Test worker] INFO  allcom.tests.TestBase -- Start test: [validateFirstNameWithIncorrectData]
01:18:20.190 [Test worker] INFO  allcom.tests.TestBase -- PASSED: [validateFirstNameWithIncorrectData], with Parameters: [1]
01:18:20.191 [Test worker] INFO  allcom.tests.TestBase -- Start test: [validateFirstNameWithIncorrectData]
01:18:20.797 [Test worker] INFO  allcom.tests.TestBase -- PASSED: [validateFirstNameWithIncorrectData], with Parameters: [s]
01:18:20.797 [Test worker] INFO  allcom.tests.TestBase -- Start test: [validateFirstNameWithIncorrectData]
01:18:21.393 [Test worker] INFO  allcom.tests.TestBase -- PASSED: [validateFirstNameWithIncorrectData], with Parameters: [S]
01:18:21.393 [Test worker] INFO  allcom.tests.TestBase -- Start test: [validateFirstNameWithIncorrectData]
01:18:21.993 [Test worker] INFO  allcom.tests.TestBase -- PASSED: [validateFirstNameWithIncorrectData], with Parameters: [С‹]
01:18:21.993 [Test worker] INFO  allcom.tests.TestBase -- Start test: [validateFirstNameWithIncorrectData]
01:18:22.597 [Test worker] INFO  allcom.tests.TestBase -- PASSED: [validateFirstNameWithIncorrectData], with Parameters: [SС‹]
01:18:22.597 [Test worker] INFO  allcom.tests.TestBase -- Start test: [validateFirstNameWithIncorrectData]
01:18:23.193 [Test worker] INFO  allcom.tests.TestBase -- PASSED: [validateFirstNameWithIncorrectData], with Parameters: [S1]
01:18:23.193 [Test worker] INFO  allcom.tests.TestBase -- Start test: [validateFirstNameWithIncorrectData]
01:18:23.793 [Test worker] INFO  allcom.tests.TestBase -- PASSED: [validateFirstNameWithIncorrectData], with Parameters: [!]
01:18:23.793 [Test worker] INFO  allcom.tests.TestBase -- Start test: [validateFirstNameWithIncorrectData]
01:18:24.429 [Test worker] INFO  allcom.tests.TestBase -- PASSED: [validateFirstNameWithIncorrectData], with Parameters: [@]
01:18:24.429 [Test worker] INFO  allcom.tests.TestBase -- Start test: [validateFirstNameWithIncorrectData]
01:18:25.069 [Test worker] INFO  allcom.tests.TestBase -- PASSED: [validateFirstNameWithIncorrectData], with Parameters: [#]
01:18:25.069 [Test worker] INFO  allcom.tests.TestBase -- Start test: [validateFirstNameWithIncorrectData]
01:18:25.722 [Test worker] INFO  allcom.tests.TestBase -- PASSED: [validateFirstNameWithIncorrectData], with Parameters: [Ass$]
01:18:25.722 [Test worker] INFO  allcom.tests.TestBase -- Start test: [validateFirstNameWithIncorrectData]
01:18:26.343 [Test worker] INFO  allcom.tests.TestBase -- PASSED: [validateFirstNameWithIncorrectData], with Parameters: [ss%]
01:18:26.343 [Test worker] INFO  allcom.tests.TestBase -- Start test: [validateFirstNameWithIncorrectData]
01:18:26.672 [Test worker] INFO  allcom.tests.TestBase -- PASSED: [validateFirstNameWithIncorrectData], with Parameters: [(]
01:18:26.673 [Test worker] INFO  allcom.tests.TestBase -- Start test: [validateFirstNameWithIncorrectData]
01:18:27.114 [Test worker] INFO  allcom.tests.TestBase -- PASSED: [validateFirstNameWithIncorrectData], with Parameters: [<script></script>]
01:18:27.114 [Test worker] INFO  allcom.tests.TestBase -- Start test: [validateFirstNameWithIncorrectData]
01:18:27.750 [Test worker] INFO  allcom.tests.TestBase -- PASSED: [validateFirstNameWithIncorrectData], with Parameters: [<input>]
01:18:27.751 [Test worker] INFO  allcom.tests.TestBase -- Start test: [validateFirstNameWithIncorrectData]
01:18:28.344 [Test worker] INFO  allcom.tests.TestBase -- PASSED: [validateFirstNameWithIncorrectData], with Parameters: [0]
01:18:28.345 [Test worker] INFO  allcom.tests.TestBase -- Start test: [validateHouseNumberWithIncorrectData]
01:18:29.007 [Test worker] INFO  allcom.tests.TestBase -- PASSED: [validateHouseNumberWithIncorrectData], with Parameters: [В ]
01:18:29.007 [Test worker] INFO  allcom.tests.TestBase -- Start test: [validateHouseNumberWithIncorrectData]
01:18:29.646 [Test worker] INFO  allcom.tests.TestBase -- PASSED: [validateHouseNumberWithIncorrectData], with Parameters: []
01:18:29.646 [Test worker] INFO  allcom.tests.TestBase -- Start test: [validateHouseNumberWithIncorrectData]
01:18:30.367 [Test worker] INFO  allcom.tests.TestBase -- PASSED: [validateHouseNumberWithIncorrectData], with Parameters: [С‹]
01:18:30.367 [Test worker] INFO  allcom.tests.TestBase -- Start test: [validateHouseNumberWithIncorrectData]
01:18:31.059 [Test worker] INFO  allcom.tests.TestBase -- PASSED: [validateHouseNumberWithIncorrectData], with Parameters: [СЏ]
01:18:31.059 [Test worker] INFO  allcom.tests.TestBase -- Start test: [validateHouseNumberWithIncorrectData]
01:18:31.741 [Test worker] INFO  allcom.tests.TestBase -- PASSED: [validateHouseNumberWithIncorrectData], with Parameters: [С‹]
01:18:31.741 [Test worker] INFO  allcom.tests.TestBase -- Start test: [validateHouseNumberWithIncorrectData]
01:18:32.394 [Test worker] INFO  allcom.tests.TestBase -- PASSED: [validateHouseNumberWithIncorrectData], with Parameters: [С‘]
01:18:32.394 [Test worker] INFO  allcom.tests.TestBase -- Start test: [validateHouseNumberWithIncorrectData]
01:18:33.165 [Test worker] INFO  allcom.tests.TestBase -- PASSED: [validateHouseNumberWithIncorrectData], with Parameters: [SС‹]
01:18:33.165 [Test worker] INFO  allcom.tests.TestBase -- Start test: [validateHouseNumberWithIncorrectData]
01:18:33.918 [Test worker] INFO  allcom.tests.TestBase -- PASSED: [validateHouseNumberWithIncorrectData], with Parameters: [!]
01:18:33.919 [Test worker] INFO  allcom.tests.TestBase -- Start test: [validateHouseNumberWithIncorrectData]
01:18:34.580 [Test worker] INFO  allcom.tests.TestBase -- PASSED: [validateHouseNumberWithIncorrectData], with Parameters: [@]
01:18:34.580 [Test worker] INFO  allcom.tests.TestBase -- Start test: [validateHouseNumberWithIncorrectData]
01:18:35.293 [Test worker] INFO  allcom.tests.TestBase -- PASSED: [validateHouseNumberWithIncorrectData], with Parameters: [Ass$]
01:18:35.293 [Test worker] INFO  allcom.tests.TestBase -- Start test: [validateHouseNumberWithIncorrectData]
01:18:36.022 [Test worker] INFO  allcom.tests.TestBase -- PASSED: [validateHouseNumberWithIncorrectData], with Parameters: [ss%]
01:18:36.022 [Test worker] INFO  allcom.tests.TestBase -- Start test: [validateHouseNumberWithIncorrectData]
01:18:36.728 [Test worker] INFO  allcom.tests.TestBase -- PASSED: [validateHouseNumberWithIncorrectData], with Parameters: [(]
01:18:36.728 [Test worker] INFO  allcom.tests.TestBase -- Start test: [validateHouseNumberWithIncorrectData]
01:18:37.391 [Test worker] INFO  allcom.tests.TestBase -- PASSED: [validateHouseNumberWithIncorrectData], with Parameters: [(1]
01:18:37.391 [Test worker] INFO  allcom.tests.TestBase -- Start test: [validateHouseNumberWithIncorrectData]
01:18:38.149 [Test worker] INFO  allcom.tests.TestBase -- PASSED: [validateHouseNumberWithIncorrectData], with Parameters: [<script></script>]
01:18:38.150 [Test worker] INFO  allcom.tests.TestBase -- Start test: [validateHouseNumberWithIncorrectData]
01:18:38.845 [Test worker] INFO  allcom.tests.TestBase -- PASSED: [validateHouseNumberWithIncorrectData], with Parameters: [<input>]
01:18:38.846 [Test worker] INFO  allcom.tests.TestBase -- Start test: [validateLastNameWithIncorrectData]
01:18:39.474 [Test worker] INFO  allcom.tests.TestBase -- PASSED: [validateLastNameWithIncorrectData], with Parameters: []
01:18:39.474 [Test worker] INFO  allcom.tests.TestBase -- Start test: [validateLastNameWithIncorrectData]
01:18:40.127 [Test worker] INFO  allcom.tests.TestBase -- PASSED: [validateLastNameWithIncorrectData], with Parameters: [В ]
01:18:40.128 [Test worker] INFO  allcom.tests.TestBase -- Start test: [validateLastNameWithIncorrectData]
01:18:40.800 [Test worker] INFO  allcom.tests.TestBase -- PASSED: [validateLastNameWithIncorrectData], with Parameters: []
01:18:40.800 [Test worker] INFO  allcom.tests.TestBase -- Start test: [validateLastNameWithIncorrectData]
01:18:41.426 [Test worker] INFO  allcom.tests.TestBase -- PASSED: [validateLastNameWithIncorrectData], with Parameters: [1]
01:18:41.426 [Test worker] INFO  allcom.tests.TestBase -- Start test: [validateLastNameWithIncorrectData]
01:18:41.778 [Test worker] INFO  allcom.tests.TestBase -- PASSED: [validateLastNameWithIncorrectData], with Parameters: [s]
01:18:41.778 [Test worker] INFO  allcom.tests.TestBase -- Start test: [validateLastNameWithIncorrectData]
01:18:42.193 [Test worker] INFO  allcom.tests.TestBase -- PASSED: [validateLastNameWithIncorrectData], with Parameters: [S]
01:18:42.193 [Test worker] INFO  allcom.tests.TestBase -- Start test: [validateLastNameWithIncorrectData]
01:18:42.870 [Test worker] INFO  allcom.tests.TestBase -- PASSED: [validateLastNameWithIncorrectData], with Parameters: [С‹]
01:18:42.870 [Test worker] INFO  allcom.tests.TestBase -- Start test: [validateLastNameWithIncorrectData]
01:18:43.503 [Test worker] INFO  allcom.tests.TestBase -- PASSED: [validateLastNameWithIncorrectData], with Parameters: [SС‹]
01:18:43.504 [Test worker] INFO  allcom.tests.TestBase -- Start test: [validateLastNameWithIncorrectData]
01:18:44.265 [Test worker] INFO  allcom.tests.TestBase -- PASSED: [validateLastNameWithIncorrectData], with Parameters: [S1]
01:18:44.266 [Test worker] INFO  allcom.tests.TestBase -- Start test: [validateLastNameWithIncorrectData]
01:18:44.954 [Test worker] INFO  allcom.tests.TestBase -- PASSED: [validateLastNameWithIncorrectData], with Parameters: [!]
01:18:44.955 [Test worker] INFO  allcom.tests.TestBase -- Start test: [validateLastNameWithIncorrectData]
01:18:45.637 [Test worker] INFO  allcom.tests.TestBase -- PASSED: [validateLastNameWithIncorrectData], with Parameters: [@]
01:18:45.637 [Test worker] INFO  allcom.tests.TestBase -- Start test: [validateLastNameWithIncorrectData]
01:18:46.327 [Test worker] INFO  allcom.tests.TestBase -- PASSED: [validateLastNameWithIncorrectData], with Parameters: [#]
01:18:46.327 [Test worker] INFO  allcom.tests.TestBase -- Start test: [validateLastNameWithIncorrectData]
01:18:46.980 [Test worker] INFO  allcom.tests.TestBase -- PASSED: [validateLastNameWithIncorrectData], with Parameters: [Ass$]
01:18:46.980 [Test worker] INFO  allcom.tests.TestBase -- Start test: [validateLastNameWithIncorrectData]
01:18:47.635 [Test worker] INFO  allcom.tests.TestBase -- PASSED: [validateLastNameWithIncorrectData], with Parameters: [ss%]
01:18:47.635 [Test worker] INFO  allcom.tests.TestBase -- Start test: [validateLastNameWithIncorrectData]
01:18:48.001 [Test worker] INFO  allcom.tests.TestBase -- PASSED: [validateLastNameWithIncorrectData], with Parameters: [(]
01:18:48.001 [Test worker] INFO  allcom.tests.TestBase -- Start test: [validateLastNameWithIncorrectData]
01:18:48.449 [Test worker] INFO  allcom.tests.TestBase -- PASSED: [validateLastNameWithIncorrectData], with Parameters: [<script></script>]
01:18:48.449 [Test worker] INFO  allcom.tests.TestBase -- Start test: [validateLastNameWithIncorrectData]
01:18:49.119 [Test worker] INFO  allcom.tests.TestBase -- PASSED: [validateLastNameWithIncorrectData], with Parameters: [<input>]
01:18:49.119 [Test worker] INFO  allcom.tests.TestBase -- Start test: [validateLastNameWithIncorrectData]
01:18:49.743 [Test worker] INFO  allcom.tests.TestBase -- PASSED: [validateLastNameWithIncorrectData], with Parameters: [0]
01:18:49.744 [Test worker] INFO  allcom.tests.TestBase -- Start test: [validatePasswordConfirmWithIncorrectData]
01:18:50.408 [Test worker] INFO  allcom.tests.TestBase -- PASSED: [validatePasswordConfirmWithIncorrectData], with Parameters: [п»їTes123]
01:18:50.408 [Test worker] INFO  allcom.tests.TestBase -- Start test: [validatePasswordConfirmWithIncorrectData]
01:18:51.094 [Test worker] INFO  allcom.tests.TestBase -- PASSED: [validatePasswordConfirmWithIncorrectData], with Parameters: [Tes1234]
01:18:51.094 [Test worker] INFO  allcom.tests.TestBase -- Start test: [validatePasswordConfirmWithIncorrectData]
01:18:52.043 [Test worker] INFO  allcom.tests.TestBase -- PASSED: [validatePasswordConfirmWithIncorrectData], with Parameters: [Test1234555555555555555555555555555555555555555555555555555555555555555555555555555555555555]
01:18:52.043 [Test worker] INFO  allcom.tests.TestBase -- Start test: [validatePasswordConfirmWithIncorrectData]
01:18:52.746 [Test worker] INFO  allcom.tests.TestBase -- PASSED: [validatePasswordConfirmWithIncorrectData], with Parameters: [1]
01:18:52.746 [Test worker] INFO  allcom.tests.TestBase -- Start test: [validatePasswordConfirmWithIncorrectData]
01:18:53.493 [Test worker] INFO  allcom.tests.TestBase -- PASSED: [validatePasswordConfirmWithIncorrectData], with Parameters: [*&^(*&%$##@]
01:18:53.493 [Test worker] INFO  allcom.tests.TestBase -- Start test: [validatePasswordConfirmWithIncorrectData]
01:18:54.189 [Test worker] INFO  allcom.tests.TestBase -- PASSED: [validatePasswordConfirmWithIncorrectData], with Parameters: [Qwertyuiop@1С‹]
01:18:54.189 [Test worker] INFO  allcom.tests.TestBase -- Start test: [validatePasswordConfirmWithIncorrectData]
01:18:54.703 [Test worker] INFO  allcom.tests.TestBase -- PASSED: [validatePasswordConfirmWithIncorrectData], with Parameters: [Р¤Р«Р’РђРђРџРєРіСѓС‰СѓС†Р·]
01:18:54.703 [Test worker] INFO  allcom.tests.TestBase -- Start test: [validatePasswordConfirmWithIncorrectData]
01:18:55.070 [Test worker] INFO  allcom.tests.TestBase -- PASSED: [validatePasswordConfirmWithIncorrectData], with Parameters: [Test 12345!]
01:18:55.070 [Test worker] INFO  allcom.tests.TestBase -- Start test: [validatePasswordConfirmWithIncorrectData]
01:18:55.751 [Test worker] INFO  allcom.tests.TestBase -- PASSED: [validatePasswordConfirmWithIncorrectData], with Parameters: [SELECT* FROM]
01:18:55.752 [Test worker] INFO  allcom.tests.TestBase -- Start test: [validatePasswordConfirmWithIncorrectData]
01:18:56.451 [Test worker] INFO  allcom.tests.TestBase -- PASSED: [validatePasswordConfirmWithIncorrectData], with Parameters: [www.gmail.com]
01:18:56.451 [Test worker] INFO  allcom.tests.TestBase -- Start test: [validatePasswordConfirmWithIncorrectData]
01:18:56.771 [Test worker] INFO  allcom.tests.TestBase -- PASSED: [validatePasswordConfirmWithIncorrectData], with Parameters: []
01:18:56.773 [Test worker] INFO  allcom.tests.TestBase -- Start test: [validatePasswordConfirmWithIncorrectData]
01:18:57.745 [Test worker] INFO  allcom.tests.TestBase -- PASSED: [validatePasswordConfirmWithIncorrectData], with Parameters: [В ]
01:18:57.746 [Test worker] INFO  allcom.tests.TestBase -- Start test: [validatePasswordConfirmWithIncorrectData]
01:18:58.422 [Test worker] INFO  allcom.tests.TestBase -- PASSED: [validatePasswordConfirmWithIncorrectData], with Parameters: []
01:18:58.422 [Test worker] INFO  allcom.tests.TestBase -- Start test: [validatePasswordConfirmWithIncorrectData]
01:18:59.123 [Test worker] INFO  allcom.tests.TestBase -- PASSED: [validatePasswordConfirmWithIncorrectData], with Parameters: [0]
01:18:59.123 [Test worker] INFO  allcom.tests.TestBase -- Start test: [validatePasswordConfirmWithIncorrectData]
01:18:59.850 [Test worker] INFO  allcom.tests.TestBase -- PASSED: [validatePasswordConfirmWithIncorrectData], with Parameters: [<input>]
01:18:59.851 [Test worker] INFO  allcom.tests.TestBase -- Start test: [validatePasswordConfirmWithIncorrectData]
01:19:00.562 [Test worker] INFO  allcom.tests.TestBase -- PASSED: [validatePasswordConfirmWithIncorrectData], with Parameters: [<script></script>]
01:19:00.562 [Test worker] INFO  allcom.tests.TestBase -- Start test: [validatePasswordConfirmWithIncorrectData]
01:19:01.099 [Test worker] INFO  allcom.tests.TestBase -- PASSED: [validatePasswordConfirmWithIncorrectData], with Parameters: [11111E+12]
01:19:01.101 [Test worker] INFO  allcom.tests.TestBase -- Start test: [validatePasswordWithIncorrectData]
01:19:01.888 [Test worker] INFO  allcom.tests.TestBase -- PASSED: [validatePasswordWithIncorrectData], with Parameters: [п»їTes123]
01:19:01.888 [Test worker] INFO  allcom.tests.TestBase -- Start test: [validatePasswordWithIncorrectData]
01:19:02.616 [Test worker] INFO  allcom.tests.TestBase -- PASSED: [validatePasswordWithIncorrectData], with Parameters: [Tes1234]
01:19:02.616 [Test worker] INFO  allcom.tests.TestBase -- Start test: [validatePasswordWithIncorrectData]
01:19:03.579 [Test worker] INFO  allcom.tests.TestBase -- PASSED: [validatePasswordWithIncorrectData], with Parameters: [Test1234555555555555555555555555555555555555555555555555555555555555555555555555555555555555]
01:19:03.579 [Test worker] INFO  allcom.tests.TestBase -- Start test: [validatePasswordWithIncorrectData]
01:19:04.285 [Test worker] INFO  allcom.tests.TestBase -- PASSED: [validatePasswordWithIncorrectData], with Parameters: [1]
01:19:04.285 [Test worker] INFO  allcom.tests.TestBase -- Start test: [validatePasswordWithIncorrectData]
01:19:04.993 [Test worker] INFO  allcom.tests.TestBase -- PASSED: [validatePasswordWithIncorrectData], with Parameters: [*&^(*&%$##@]
01:19:04.993 [Test worker] INFO  allcom.tests.TestBase -- Start test: [validatePasswordWithIncorrectData]
01:19:05.457 [Test worker] INFO  allcom.tests.TestBase -- PASSED: [validatePasswordWithIncorrectData], with Parameters: [Qwertyuiop@1С‹]
01:19:05.457 [Test worker] INFO  allcom.tests.TestBase -- Start test: [validatePasswordWithIncorrectData]
01:19:05.957 [Test worker] INFO  allcom.tests.TestBase -- PASSED: [validatePasswordWithIncorrectData], with Parameters: [Р¤Р«Р’РђРђРџРєРіСѓС‰СѓС†Р·]
01:19:05.957 [Test worker] INFO  allcom.tests.TestBase -- Start test: [validatePasswordWithIncorrectData]
01:19:06.653 [Test worker] INFO  allcom.tests.TestBase -- PASSED: [validatePasswordWithIncorrectData], with Parameters: [Test 12345!]
01:19:06.653 [Test worker] INFO  allcom.tests.TestBase -- Start test: [validatePasswordWithIncorrectData]
01:19:07.377 [Test worker] INFO  allcom.tests.TestBase -- PASSED: [validatePasswordWithIncorrectData], with Parameters: [SELECT* FROM]
01:19:07.377 [Test worker] INFO  allcom.tests.TestBase -- Start test: [validatePasswordWithIncorrectData]
01:19:08.092 [Test worker] INFO  allcom.tests.TestBase -- PASSED: [validatePasswordWithIncorrectData], with Parameters: [www.gmail.com]
01:19:08.092 [Test worker] INFO  allcom.tests.TestBase -- Start test: [validatePasswordWithIncorrectData]
01:19:08.758 [Test worker] INFO  allcom.tests.TestBase -- PASSED: [validatePasswordWithIncorrectData], with Parameters: []
01:19:08.758 [Test worker] INFO  allcom.tests.TestBase -- Start test: [validatePasswordWithIncorrectData]
01:19:09.436 [Test worker] INFO  allcom.tests.TestBase -- PASSED: [validatePasswordWithIncorrectData], with Parameters: [В ]
01:19:09.436 [Test worker] INFO  allcom.tests.TestBase -- Start test: [validatePasswordWithIncorrectData]
01:19:10.121 [Test worker] INFO  allcom.tests.TestBase -- PASSED: [validatePasswordWithIncorrectData], with Parameters: []
01:19:10.122 [Test worker] INFO  allcom.tests.TestBase -- Start test: [validatePasswordWithIncorrectData]
01:19:10.806 [Test worker] INFO  allcom.tests.TestBase -- PASSED: [validatePasswordWithIncorrectData], with Parameters: [0]
01:19:10.806 [Test worker] INFO  allcom.tests.TestBase -- Start test: [validatePasswordWithIncorrectData]
01:19:11.500 [Test worker] INFO  allcom.tests.TestBase -- PASSED: [validatePasswordWithIncorrectData], with Parameters: [<input>]
01:19:11.500 [Test worker] INFO  allcom.tests.TestBase -- Start test: [validatePasswordWithIncorrectData]
01:19:12.233 [Test worker] INFO  allcom.tests.TestBase -- PASSED: [validatePasswordWithIncorrectData], with Parameters: [<script></script>]
01:19:12.233 [Test worker] INFO  allcom.tests.TestBase -- Start test: [validatePasswordWithIncorrectData]
01:19:12.994 [Test worker] INFO  allcom.tests.TestBase -- PASSED: [validatePasswordWithIncorrectData], with Parameters: [11111E+12]
01:19:12.995 [Test worker] INFO  allcom.tests.TestBase -- Start test: [validatePhoneWithIncorrectData]
01:19:13.661 [Test worker] INFO  allcom.tests.TestBase -- PASSED: [validatePhoneWithIncorrectData], with Parameters: []
01:19:13.661 [Test worker] INFO  allcom.tests.TestBase -- Start test: [validatePhoneWithIncorrectData]
01:19:14.346 [Test worker] INFO  allcom.tests.TestBase -- PASSED: [validatePhoneWithIncorrectData], with Parameters: [В ]
01:19:14.346 [Test worker] INFO  allcom.tests.TestBase -- Start test: [validatePhoneWithIncorrectData]
01:19:15.093 [Test worker] INFO  allcom.tests.TestBase -- PASSED: [validatePhoneWithIncorrectData], with Parameters: []
01:19:15.093 [Test worker] INFO  allcom.tests.TestBase -- Start test: [validatePhoneWithIncorrectData]
01:19:15.811 [Test worker] INFO  allcom.tests.TestBase -- PASSED: [validatePhoneWithIncorrectData], with Parameters: [1]
01:19:15.811 [Test worker] INFO  allcom.tests.TestBase -- Start test: [validatePhoneWithIncorrectData]
01:19:16.516 [Test worker] INFO  allcom.tests.TestBase -- PASSED: [validatePhoneWithIncorrectData], with Parameters: [s]
01:19:16.516 [Test worker] INFO  allcom.tests.TestBase -- Start test: [validatePhoneWithIncorrectData]
01:19:17.205 [Test worker] INFO  allcom.tests.TestBase -- PASSED: [validatePhoneWithIncorrectData], with Parameters: [S]
01:19:17.206 [Test worker] INFO  allcom.tests.TestBase -- Start test: [validatePhoneWithIncorrectData]
01:19:17.981 [Test worker] INFO  allcom.tests.TestBase -- PASSED: [validatePhoneWithIncorrectData], with Parameters: [С‹]
01:19:17.983 [Test worker] INFO  allcom.tests.TestBase -- Start test: [validatePhoneWithIncorrectData]
01:19:18.725 [Test worker] INFO  allcom.tests.TestBase -- PASSED: [validatePhoneWithIncorrectData], with Parameters: [SС‹]
01:19:18.725 [Test worker] INFO  allcom.tests.TestBase -- Start test: [validatePhoneWithIncorrectData]
01:19:19.505 [Test worker] INFO  allcom.tests.TestBase -- PASSED: [validatePhoneWithIncorrectData], with Parameters: [S1]
01:19:19.505 [Test worker] INFO  allcom.tests.TestBase -- Start test: [validatePhoneWithIncorrectData]
01:19:20.219 [Test worker] INFO  allcom.tests.TestBase -- PASSED: [validatePhoneWithIncorrectData], with Parameters: [!]
01:19:20.219 [Test worker] INFO  allcom.tests.TestBase -- Start test: [validatePhoneWithIncorrectData]
01:19:20.991 [Test worker] INFO  allcom.tests.TestBase -- PASSED: [validatePhoneWithIncorrectData], with Parameters: [@]
01:19:20.991 [Test worker] INFO  allcom.tests.TestBase -- Start test: [validatePhoneWithIncorrectData]
01:19:21.710 [Test worker] INFO  allcom.tests.TestBase -- PASSED: [validatePhoneWithIncorrectData], with Parameters: [#]
01:19:21.710 [Test worker] INFO  allcom.tests.TestBase -- Start test: [validatePhoneWithIncorrectData]
01:19:22.444 [Test worker] INFO  allcom.tests.TestBase -- PASSED: [validatePhoneWithIncorrectData], with Parameters: [Ass$]
01:19:22.445 [Test worker] INFO  allcom.tests.TestBase -- Start test: [validatePhoneWithIncorrectData]
01:19:23.171 [Test worker] INFO  allcom.tests.TestBase -- PASSED: [validatePhoneWithIncorrectData], with Parameters: [ss%]
01:19:23.171 [Test worker] INFO  allcom.tests.TestBase -- Start test: [validatePhoneWithIncorrectData]
01:19:23.854 [Test worker] INFO  allcom.tests.TestBase -- PASSED: [validatePhoneWithIncorrectData], with Parameters: [(]
01:19:23.854 [Test worker] INFO  allcom.tests.TestBase -- Start test: [validatePhoneWithIncorrectData]
01:19:24.664 [Test worker] INFO  allcom.tests.TestBase -- PASSED: [validatePhoneWithIncorrectData], with Parameters: [<script></script>]
01:19:24.664 [Test worker] INFO  allcom.tests.TestBase -- Start test: [validatePhoneWithIncorrectData]
01:19:25.394 [Test worker] INFO  allcom.tests.TestBase -- PASSED: [validatePhoneWithIncorrectData], with Parameters: [<input>]
01:19:25.394 [Test worker] INFO  allcom.tests.TestBase -- Start test: [validatePhoneWithIncorrectData]
01:19:26.117 [Test worker] INFO  allcom.tests.TestBase -- PASSED: [validatePhoneWithIncorrectData], with Parameters: [0]
01:19:26.117 [Test worker] INFO  allcom.tests.TestBase -- Start test: [validatePhoneWithIncorrectData]
01:19:26.880 [Test worker] INFO  allcom.tests.TestBase -- PASSED: [validatePhoneWithIncorrectData], with Parameters: [123456789]
01:19:26.880 [Test worker] INFO  allcom.tests.TestBase -- Start test: [validatePhoneWithIncorrectData]
01:19:27.626 [Test worker] INFO  allcom.tests.TestBase -- PASSED: [validatePhoneWithIncorrectData], with Parameters: [null]
01:19:27.627 [Test worker] INFO  allcom.tests.TestBase -- Start test: [validatePhoneWithIncorrectData]
01:19:28.373 [Test worker] INFO  allcom.tests.TestBase -- PASSED: [validatePhoneWithIncorrectData], with Parameters: [1234567890123]
01:19:28.374 [Test worker] INFO  allcom.tests.TestBase -- Start test: [validatePhoneWithIncorrectData]
01:19:29.133 [Test worker] INFO  allcom.tests.TestBase -- PASSED: [validatePhoneWithIncorrectData], with Parameters: [1234567890С‹]
01:19:29.133 [Test worker] INFO  allcom.tests.TestBase -- Start test: [validatePhoneWithIncorrectData]
01:19:29.897 [Test worker] INFO  allcom.tests.TestBase -- PASSED: [validatePhoneWithIncorrectData], with Parameters: [1234567890s]
01:19:29.897 [Test worker] INFO  allcom.tests.TestBase -- Start test: [validatePhoneWithIncorrectData]
01:19:30.667 [Test worker] INFO  allcom.tests.TestBase -- PASSED: [validatePhoneWithIncorrectData], with Parameters: [123456789O]
01:19:30.668 [Test worker] INFO  allcom.tests.TestBase -- Start test: [validatePostalWithIncorrectData]
01:19:31.483 [Test worker] INFO  allcom.tests.TestBase -- PASSED: [validatePostalWithIncorrectData], with Parameters: []
01:19:31.484 [Test worker] INFO  allcom.tests.TestBase -- Start test: [validatePostalWithIncorrectData]
01:19:32.287 [Test worker] INFO  allcom.tests.TestBase -- PASSED: [validatePostalWithIncorrectData], with Parameters: [В ]
01:19:32.287 [Test worker] INFO  allcom.tests.TestBase -- Start test: [validatePostalWithIncorrectData]
01:19:33.049 [Test worker] INFO  allcom.tests.TestBase -- PASSED: [validatePostalWithIncorrectData], with Parameters: []
01:19:33.049 [Test worker] INFO  allcom.tests.TestBase -- Start test: [validatePostalWithIncorrectData]
01:19:33.888 [Test worker] INFO  allcom.tests.TestBase -- PASSED: [validatePostalWithIncorrectData], with Parameters: [1]
01:19:33.889 [Test worker] INFO  allcom.tests.TestBase -- Start test: [validatePostalWithIncorrectData]
01:19:34.665 [Test worker] INFO  allcom.tests.TestBase -- PASSED: [validatePostalWithIncorrectData], with Parameters: [s]
01:19:34.665 [Test worker] INFO  allcom.tests.TestBase -- Start test: [validatePostalWithIncorrectData]
01:19:35.485 [Test worker] INFO  allcom.tests.TestBase -- PASSED: [validatePostalWithIncorrectData], with Parameters: [S]
01:19:35.485 [Test worker] INFO  allcom.tests.TestBase -- Start test: [validatePostalWithIncorrectData]
01:19:36.295 [Test worker] INFO  allcom.tests.TestBase -- PASSED: [validatePostalWithIncorrectData], with Parameters: [С‹]
01:19:36.296 [Test worker] INFO  allcom.tests.TestBase -- Start test: [validatePostalWithIncorrectData]
01:19:37.123 [Test worker] INFO  allcom.tests.TestBase -- PASSED: [validatePostalWithIncorrectData], with Parameters: [SС‹]
01:19:37.124 [Test worker] INFO  allcom.tests.TestBase -- Start test: [validatePostalWithIncorrectData]
01:19:37.936 [Test worker] INFO  allcom.tests.TestBase -- PASSED: [validatePostalWithIncorrectData], with Parameters: [S1]
01:19:37.936 [Test worker] INFO  allcom.tests.TestBase -- Start test: [validatePostalWithIncorrectData]
01:19:38.899 [Test worker] INFO  allcom.tests.TestBase -- PASSED: [validatePostalWithIncorrectData], with Parameters: [!]
01:19:38.899 [Test worker] INFO  allcom.tests.TestBase -- Start test: [validatePostalWithIncorrectData]
01:19:39.826 [Test worker] INFO  allcom.tests.TestBase -- PASSED: [validatePostalWithIncorrectData], with Parameters: [@]
01:19:39.827 [Test worker] INFO  allcom.tests.TestBase -- Start test: [validatePostalWithIncorrectData]
01:19:40.616 [Test worker] INFO  allcom.tests.TestBase -- PASSED: [validatePostalWithIncorrectData], with Parameters: [#]
01:19:40.616 [Test worker] INFO  allcom.tests.TestBase -- Start test: [validatePostalWithIncorrectData]
01:19:41.561 [Test worker] INFO  allcom.tests.TestBase -- PASSED: [validatePostalWithIncorrectData], with Parameters: [Ass$]
01:19:41.561 [Test worker] INFO  allcom.tests.TestBase -- Start test: [validatePostalWithIncorrectData]
01:19:42.398 [Test worker] INFO  allcom.tests.TestBase -- PASSED: [validatePostalWithIncorrectData], with Parameters: [ss%]
01:19:42.398 [Test worker] INFO  allcom.tests.TestBase -- Start test: [validatePostalWithIncorrectData]
01:19:43.220 [Test worker] INFO  allcom.tests.TestBase -- PASSED: [validatePostalWithIncorrectData], with Parameters: [(]
01:19:43.220 [Test worker] INFO  allcom.tests.TestBase -- Start test: [validatePostalWithIncorrectData]
01:19:44.234 [Test worker] INFO  allcom.tests.TestBase -- PASSED: [validatePostalWithIncorrectData], with Parameters: [<script></script>]
01:19:44.235 [Test worker] INFO  allcom.tests.TestBase -- Start test: [validatePostalWithIncorrectData]
01:19:45.142 [Test worker] INFO  allcom.tests.TestBase -- PASSED: [validatePostalWithIncorrectData], with Parameters: [<input>]
01:19:45.142 [Test worker] INFO  allcom.tests.TestBase -- Start test: [validatePostalWithIncorrectData]
01:19:45.932 [Test worker] INFO  allcom.tests.TestBase -- PASSED: [validatePostalWithIncorrectData], with Parameters: [0]
01:19:45.932 [Test worker] INFO  allcom.tests.TestBase -- Start test: [validatePostalWithIncorrectData]
01:19:46.719 [Test worker] INFO  allcom.tests.TestBase -- PASSED: [validatePostalWithIncorrectData], with Parameters: [1234]
01:19:46.719 [Test worker] INFO  allcom.tests.TestBase -- Start test: [validatePostalWithIncorrectData]
01:19:47.555 [Test worker] INFO  allcom.tests.TestBase -- PASSED: [validatePostalWithIncorrectData], with Parameters: [123456]
01:19:47.555 [Test worker] INFO  allcom.tests.TestBase -- Start test: [validatePostalWithIncorrectData]
01:19:48.399 [Test worker] INFO  allcom.tests.TestBase -- PASSED: [validatePostalWithIncorrectData], with Parameters: [12345d]
01:19:48.399 [Test worker] INFO  allcom.tests.TestBase -- Start test: [validatePostalWithIncorrectData]
01:19:49.224 [Test worker] INFO  allcom.tests.TestBase -- PASSED: [validatePostalWithIncorrectData], with Parameters: [O01234]
01:19:49.224 [Test worker] INFO  allcom.tests.TestBase -- Start test: [validatePostalWithIncorrectData]
01:19:50.022 [Test worker] INFO  allcom.tests.TestBase -- PASSED: [validatePostalWithIncorrectData], with Parameters: [1234#]
01:19:50.022 [Test worker] INFO  allcom.tests.TestBase -- Start test: [validatePostalWithIncorrectData]
01:19:50.855 [Test worker] INFO  allcom.tests.TestBase -- PASSED: [validatePostalWithIncorrectData], with Parameters: [null]
01:19:50.855 [Test worker] INFO  allcom.tests.TestBase -- Start test: [validatePostalWithIncorrectData]
01:19:51.666 [Test worker] INFO  allcom.tests.TestBase -- PASSED: [validatePostalWithIncorrectData], with Parameters: [12345s]
01:19:51.666 [Test worker] INFO  allcom.tests.TestBase -- Start test: [validatePostalWithIncorrectData]
01:19:52.542 [Test worker] INFO  allcom.tests.TestBase -- PASSED: [validatePostalWithIncorrectData], with Parameters: [1234567890s]
01:19:52.542 [Test worker] INFO  allcom.tests.TestBase -- Start test: [validatePostalWithIncorrectData]
01:19:53.402 [Test worker] INFO  allcom.tests.TestBase -- PASSED: [validatePostalWithIncorrectData], with Parameters: [123456789O]
01:19:53.402 [Test worker] INFO  allcom.tests.TestBase -- Start test: [validatePostalWithIncorrectData]
01:19:54.302 [Test worker] INFO  allcom.tests.TestBase -- PASSED: [validatePostalWithIncorrectData], with Parameters: [123456789012345678901]
01:19:54.303 [Test worker] INFO  allcom.tests.TestBase -- Start test: [validateStreetWithIncorrectData]
01:19:55.099 [Test worker] INFO  allcom.tests.TestBase -- PASSED: [validateStreetWithIncorrectData], with Parameters: []
01:19:55.100 [Test worker] INFO  allcom.tests.TestBase -- Start test: [validateStreetWithIncorrectData]
01:19:55.895 [Test worker] INFO  allcom.tests.TestBase -- PASSED: [validateStreetWithIncorrectData], with Parameters: [В ]
01:19:55.895 [Test worker] INFO  allcom.tests.TestBase -- Start test: [validateStreetWithIncorrectData]
01:19:56.655 [Test worker] INFO  allcom.tests.TestBase -- PASSED: [validateStreetWithIncorrectData], with Parameters: []
01:19:56.655 [Test worker] INFO  allcom.tests.TestBase -- Start test: [validateStreetWithIncorrectData]
01:19:57.448 [Test worker] INFO  allcom.tests.TestBase -- PASSED: [validateStreetWithIncorrectData], with Parameters: [1]
01:19:57.448 [Test worker] INFO  allcom.tests.TestBase -- Start test: [validateStreetWithIncorrectData]
01:19:58.272 [Test worker] INFO  allcom.tests.TestBase -- PASSED: [validateStreetWithIncorrectData], with Parameters: [s]
01:19:58.272 [Test worker] INFO  allcom.tests.TestBase -- Start test: [validateStreetWithIncorrectData]
01:19:59.051 [Test worker] INFO  allcom.tests.TestBase -- PASSED: [validateStreetWithIncorrectData], with Parameters: [S]
01:19:59.051 [Test worker] INFO  allcom.tests.TestBase -- Start test: [validateStreetWithIncorrectData]
01:19:59.850 [Test worker] INFO  allcom.tests.TestBase -- PASSED: [validateStreetWithIncorrectData], with Parameters: [С‹]
01:19:59.850 [Test worker] INFO  allcom.tests.TestBase -- Start test: [validateStreetWithIncorrectData]
01:20:00.734 [Test worker] INFO  allcom.tests.TestBase -- PASSED: [validateStreetWithIncorrectData], with Parameters: [SС‹]
01:20:00.735 [Test worker] INFO  allcom.tests.TestBase -- Start test: [validateStreetWithIncorrectData]
01:20:01.683 [Test worker] INFO  allcom.tests.TestBase -- PASSED: [validateStreetWithIncorrectData], with Parameters: [!]
01:20:01.683 [Test worker] INFO  allcom.tests.TestBase -- Start test: [validateStreetWithIncorrectData]
01:20:02.688 [Test worker] INFO  allcom.tests.TestBase -- PASSED: [validateStreetWithIncorrectData], with Parameters: [@]
01:20:02.688 [Test worker] INFO  allcom.tests.TestBase -- Start test: [validateStreetWithIncorrectData]
01:20:03.543 [Test worker] INFO  allcom.tests.TestBase -- PASSED: [validateStreetWithIncorrectData], with Parameters: [#]
01:20:03.543 [Test worker] INFO  allcom.tests.TestBase -- Start test: [validateStreetWithIncorrectData]
01:20:04.457 [Test worker] INFO  allcom.tests.TestBase -- PASSED: [validateStreetWithIncorrectData], with Parameters: [Ass$]
01:20:04.457 [Test worker] INFO  allcom.tests.TestBase -- Start test: [validateStreetWithIncorrectData]
01:20:05.558 [Test worker] INFO  allcom.tests.TestBase -- PASSED: [validateStreetWithIncorrectData], with Parameters: [ss%]
01:20:05.558 [Test worker] INFO  allcom.tests.TestBase -- Start test: [validateStreetWithIncorrectData]
01:20:06.722 [Test worker] INFO  allcom.tests.TestBase -- PASSED: [validateStreetWithIncorrectData], with Parameters: [(]
01:20:06.722 [Test worker] INFO  allcom.tests.TestBase -- Start test: [validateStreetWithIncorrectData]
01:20:07.848 [Test worker] INFO  allcom.tests.TestBase -- PASSED: [validateStreetWithIncorrectData], with Parameters: [<script></script>]
01:20:07.848 [Test worker] INFO  allcom.tests.TestBase -- Start test: [validateStreetWithIncorrectData]
01:20:08.901 [Test worker] INFO  allcom.tests.TestBase -- PASSED: [validateStreetWithIncorrectData], with Parameters: [<input>]
01:20:08.901 [Test worker] INFO  allcom.tests.TestBase -- Start test: [validateStreetWithIncorrectData]
01:20:09.829 [Test worker] INFO  allcom.tests.TestBase -- PASSED: [validateStreetWithIncorrectData], with Parameters: [0]
01:20:09.830 [Test worker] INFO  allcom.tests.TestBase -- Start test: [validateTaxWithIncorrectData]
01:20:10.699 [Test worker] INFO  allcom.tests.TestBase -- PASSED: [validateTaxWithIncorrectData], with Parameters: []
01:20:10.699 [Test worker] INFO  allcom.tests.TestBase -- Start test: [validateTaxWithIncorrectData]
01:20:11.573 [Test worker] INFO  allcom.tests.TestBase -- PASSED: [validateTaxWithIncorrectData], with Parameters: [В ]
01:20:11.573 [Test worker] INFO  allcom.tests.TestBase -- Start test: [validateTaxWithIncorrectData]
01:20:12.496 [Test worker] INFO  allcom.tests.TestBase -- PASSED: [validateTaxWithIncorrectData], with Parameters: []
01:20:12.497 [Test worker] INFO  allcom.tests.TestBase -- Start test: [validateTaxWithIncorrectData]
01:20:13.437 [Test worker] INFO  allcom.tests.TestBase -- PASSED: [validateTaxWithIncorrectData], with Parameters: [1]
01:20:13.437 [Test worker] INFO  allcom.tests.TestBase -- Start test: [validateTaxWithIncorrectData]
01:20:14.593 [Test worker] INFO  allcom.tests.TestBase -- PASSED: [validateTaxWithIncorrectData], with Parameters: [s]
01:20:14.593 [Test worker] INFO  allcom.tests.TestBase -- Start test: [validateTaxWithIncorrectData]
01:20:15.765 [Test worker] INFO  allcom.tests.TestBase -- PASSED: [validateTaxWithIncorrectData], with Parameters: [S]
01:20:15.766 [Test worker] INFO  allcom.tests.TestBase -- Start test: [validateTaxWithIncorrectData]
01:20:16.755 [Test worker] INFO  allcom.tests.TestBase -- PASSED: [validateTaxWithIncorrectData], with Parameters: [С‹]
01:20:16.755 [Test worker] INFO  allcom.tests.TestBase -- Start test: [validateTaxWithIncorrectData]
01:20:18.047 [Test worker] INFO  allcom.tests.TestBase -- PASSED: [validateTaxWithIncorrectData], with Parameters: [SС‹]
01:20:18.048 [Test worker] INFO  allcom.tests.TestBase -- Start test: [validateTaxWithIncorrectData]
01:20:19.367 [Test worker] INFO  allcom.tests.TestBase -- PASSED: [validateTaxWithIncorrectData], with Parameters: [S1]
01:20:19.367 [Test worker] INFO  allcom.tests.TestBase -- Start test: [validateTaxWithIncorrectData]
01:20:20.275 [Test worker] INFO  allcom.tests.TestBase -- PASSED: [validateTaxWithIncorrectData], with Parameters: [!]
01:20:20.276 [Test worker] INFO  allcom.tests.TestBase -- Start test: [validateTaxWithIncorrectData]
01:20:21.319 [Test worker] INFO  allcom.tests.TestBase -- PASSED: [validateTaxWithIncorrectData], with Parameters: [@]
01:20:21.320 [Test worker] INFO  allcom.tests.TestBase -- Start test: [validateTaxWithIncorrectData]
01:20:22.822 [Test worker] INFO  allcom.tests.TestBase -- PASSED: [validateTaxWithIncorrectData], with Parameters: [#]
01:20:22.822 [Test worker] INFO  allcom.tests.TestBase -- Start test: [validateTaxWithIncorrectData]
01:20:24.256 [Test worker] INFO  allcom.tests.TestBase -- PASSED: [validateTaxWithIncorrectData], with Parameters: [Ass$]
01:20:24.256 [Test worker] INFO  allcom.tests.TestBase -- Start test: [validateTaxWithIncorrectData]
01:20:25.631 [Test worker] INFO  allcom.tests.TestBase -- PASSED: [validateTaxWithIncorrectData], with Parameters: [ss%]
01:20:25.632 [Test worker] INFO  allcom.tests.TestBase -- Start test: [validateTaxWithIncorrectData]
01:20:26.997 [Test worker] INFO  allcom.tests.TestBase -- PASSED: [validateTaxWithIncorrectData], with Parameters: [(]
01:20:26.997 [Test worker] INFO  allcom.tests.TestBase -- Start test: [validateTaxWithIncorrectData]
01:20:28.473 [Test worker] INFO  allcom.tests.TestBase -- PASSED: [validateTaxWithIncorrectData], with Parameters: [<script></script>]
01:20:28.474 [Test worker] INFO  allcom.tests.TestBase -- Start test: [validateTaxWithIncorrectData]
01:20:29.842 [Test worker] INFO  allcom.tests.TestBase -- PASSED: [validateTaxWithIncorrectData], with Parameters: [<input>]
01:20:29.842 [Test worker] INFO  allcom.tests.TestBase -- Start test: [validateTaxWithIncorrectData]
01:20:31.170 [Test worker] INFO  allcom.tests.TestBase -- PASSED: [validateTaxWithIncorrectData], with Parameters: [0]
01:20:31.171 [Test worker] INFO  allcom.tests.TestBase -- Start test: [validateTaxWithIncorrectData]
01:20:32.366 [Test worker] INFO  allcom.tests.TestBase -- PASSED: [validateTaxWithIncorrectData], with Parameters: [12345678]
01:20:32.366 [Test worker] INFO  allcom.tests.TestBase -- Start test: [validateTaxWithIncorrectData]
01:20:33.549 [Test worker] INFO  allcom.tests.TestBase -- PASSED: [validateTaxWithIncorrectData], with Parameters: [123456789d]
01:20:33.549 [Test worker] INFO  allcom.tests.TestBase -- Start test: [validateTaxWithIncorrectData]
01:20:34.613 [Test worker] INFO  allcom.tests.TestBase -- PASSED: [validateTaxWithIncorrectData], with Parameters: [123456789#]
01:20:34.613 [Test worker] INFO  allcom.tests.TestBase -- Start test: [validateTaxWithIncorrectData]
01:20:35.511 [Test worker] INFO  allcom.tests.TestBase -- PASSED: [validateTaxWithIncorrectData], with Parameters: [null]
01:20:35.512 [Test worker] INFO  allcom.tests.TestBase -- Start test: [validateTaxWithIncorrectData]
01:20:36.470 [Test worker] INFO  allcom.tests.TestBase -- PASSED: [validateTaxWithIncorrectData], with Parameters: [1234567890С‹]
01:20:36.470 [Test worker] INFO  allcom.tests.TestBase -- Start test: [validateTaxWithIncorrectData]
01:20:37.435 [Test worker] INFO  allcom.tests.TestBase -- PASSED: [validateTaxWithIncorrectData], with Parameters: [1234567890s]
01:20:37.435 [Test worker] INFO  allcom.tests.TestBase -- Start test: [validateTaxWithIncorrectData]
01:20:38.351 [Test worker] INFO  allcom.tests.TestBase -- PASSED: [validateTaxWithIncorrectData], with Parameters: [123456789O]
01:20:38.351 [Test worker] INFO  allcom.tests.TestBase -- Start test: [validateTaxWithIncorrectData]
01:20:39.321 [Test worker] INFO  allcom.tests.TestBase -- PASSED: [validateTaxWithIncorrectData], with Parameters: [123456789012345678901]
]]></system-out>
  <system-err><![CDATA[]]></system-err>
</testsuite>
