<?xml version="1.0" encoding="UTF-8"?>
<testsuite name="allcom.tests.login.LoginNegativeTests" tests="47" skipped="0" failures="0" errors="0" timestamp="2024-01-31T00:15:41" hostname="PORTISHEAD-PC" time="29.178">
  <properties/>
  <testcase name="clickOnForgotYourPasswordLabel" classname="allcom.tests.login.LoginNegativeTests" time="0.046"/>
  <testcase name="clickOnLoginButtonWOData" classname="allcom.tests.login.LoginNegativeTests" time="0.44"/>
  <testcase name="clickOnRegisterButtonWOData" classname="allcom.tests.login.LoginNegativeTests" time="0.052"/>
  <testcase name="loginWithInvalidData[0](п»їemail, password)" classname="allcom.tests.login.LoginNegativeTests" time="0.524"/>
  <testcase name="loginWithInvalidData[1](test@gmail.com, )" classname="allcom.tests.login.LoginNegativeTests" time="0.455"/>
  <testcase name="loginWithInvalidData[2](test@gmail.com, )" classname="allcom.tests.login.LoginNegativeTests" time="0.453"/>
  <testcase name="loginWithInvalidData[3](test@gmail.com, Tes123)" classname="allcom.tests.login.LoginNegativeTests" time="0.439"/>
  <testcase name="loginWithInvalidData[4](test@gmail.com, Tes1234)" classname="allcom.tests.login.LoginNegativeTests" time="0.446"/>
  <testcase name="loginWithInvalidData[5](test@gmail.com, Test1234555555555555555555555555555555555555555555555555555555555555555555555555555555555555)" classname="allcom.tests.login.LoginNegativeTests" time="0.715"/>
  <testcase name="loginWithInvalidData[6](test@gmail.com, 11111E+12)" classname="allcom.tests.login.LoginNegativeTests" time="0.465"/>
  <testcase name="loginWithInvalidData[7](test@gmail.com, *&amp;^(*&amp;%$##@)" classname="allcom.tests.login.LoginNegativeTests" time="0.463"/>
  <testcase name="loginWithInvalidData[8](test@gmail.com, Qwertyuiop@1С‹)" classname="allcom.tests.login.LoginNegativeTests" time="0.479"/>
  <testcase name="loginWithInvalidData[9](test@gmail.com, Р¤Р«Р’РђРђРџРєРіСѓС‰СѓС†Р·)" classname="allcom.tests.login.LoginNegativeTests" time="0.528"/>
  <testcase name="loginWithInvalidData[10](test@gmail.com, Test 12345!)" classname="allcom.tests.login.LoginNegativeTests" time="0.452"/>
  <testcase name="loginWithInvalidData[11](test@gmail.com,  Test12345!)" classname="allcom.tests.login.LoginNegativeTests" time="0.483"/>
  <testcase name="loginWithInvalidData[12](test@gmail.com, Test12345)" classname="allcom.tests.login.LoginNegativeTests" time="0.484"/>
  <testcase name="loginWithInvalidData[13](test@gmail.com, SELECT* FROM)" classname="allcom.tests.login.LoginNegativeTests" time="0.53"/>
  <testcase name="loginWithInvalidData[14](test@gmail.com, www.gmail.com)" classname="allcom.tests.login.LoginNegativeTests" time="0.514"/>
  <testcase name="loginWithInvalidData[15](test@gmail.com, test@gmail.com)" classname="allcom.tests.login.LoginNegativeTests" time="0.51"/>
  <testcase name="loginWithInvalidData[16](test@gmail.com, 0)" classname="allcom.tests.login.LoginNegativeTests" time="0.485"/>
  <testcase name="loginWithInvalidData[17](test@gmail.com, &lt;input&gt;)" classname="allcom.tests.login.LoginNegativeTests" time="0.477"/>
  <testcase name="loginWithInvalidData[18](test@gmail.com, &lt;script&gt;&lt;/script&gt;)" classname="allcom.tests.login.LoginNegativeTests" time="0.504"/>
  <testcase name="loginWithInvalidData[19](, Qwertyuiop@1)" classname="allcom.tests.login.LoginNegativeTests" time="0.441"/>
  <testcase name="loginWithInvalidData[20]( , Qwertyuiop@1)" classname="allcom.tests.login.LoginNegativeTests" time="0.517"/>
  <testcase name="loginWithInvalidData[21](testgmail.com, Qwertyuiop@1)" classname="allcom.tests.login.LoginNegativeTests" time="0.488"/>
  <testcase name="loginWithInvalidData[22](test@.com, Qwertyuiop@1)" classname="allcom.tests.login.LoginNegativeTests" time="0.462"/>
  <testcase name="loginWithInvalidData[23](test@gmailcom, Qwertyuiop@1)" classname="allcom.tests.login.LoginNegativeTests" time="0.551"/>
  <testcase name="loginWithInvalidData[24](test@gmail., Qwertyuiop@1)" classname="allcom.tests.login.LoginNegativeTests" time="0.537"/>
  <testcase name="loginWithInvalidData[25](@gmail.com, Qwertyuiop@1)" classname="allcom.tests.login.LoginNegativeTests" time="0.55"/>
  <testcase name="loginWithInvalidData[26](Fqpwiuery, Qwertyuiop@1)" classname="allcom.tests.login.LoginNegativeTests" time="0.497"/>
  <testcase name="loginWithInvalidData[27](С†СѓРєС€РіРµС€РіР·, Qwertyuiop@1)" classname="allcom.tests.login.LoginNegativeTests" time="0.547"/>
  <testcase name="loginWithInvalidData[28](%^&amp;()), Qwertyuiop@1)" classname="allcom.tests.login.LoginNegativeTests" time="0.568"/>
  <testcase name="loginWithInvalidData[29](23446E+11, Qwertyuiop@1)" classname="allcom.tests.login.LoginNegativeTests" time="0.53"/>
  <testcase name="loginWithInvalidData[30](С‚РµСЃС‚@gmail.com, Qwertyuiop@1)" classname="allcom.tests.login.LoginNegativeTests" time="0.55"/>
  <testcase name="loginWithInvalidData[31](SELECT* FROM, Qwertyuiop@1)" classname="allcom.tests.login.LoginNegativeTests" time="0.559"/>
  <testcase name="loginWithInvalidData[32](test@@gmail.com, Qwertyuiop@1)" classname="allcom.tests.login.LoginNegativeTests" time="0.542"/>
  <testcase name="loginWithInvalidData[33](www.telran.com, Qwertyuiop@1)" classname="allcom.tests.login.LoginNegativeTests" time="0.539"/>
  <testcase name="loginWithInvalidData[34](tes t@gmail.com, Qwertyuiop@1)" classname="allcom.tests.login.LoginNegativeTests" time="0.511"/>
  <testcase name="loginWithInvalidData[35](test@ gmail.com, Qwertyuiop@1)" classname="allcom.tests.login.LoginNegativeTests" time="0.521"/>
  <testcase name="loginWithInvalidData[36](test@gmail .com, Qwertyuiop@1)" classname="allcom.tests.login.LoginNegativeTests" time="0.509"/>
  <testcase name="loginWithInvalidData[37](test@gmail. com, Qwertyuiop@1)" classname="allcom.tests.login.LoginNegativeTests" time="0.515"/>
  <testcase name="loginWithInvalidData[38](&lt;script&gt;&lt;/script&gt;, Qwertyuiop@1)" classname="allcom.tests.login.LoginNegativeTests" time="0.614"/>
  <testcase name="loginWithInvalidData[39](&lt;input&gt;, Qwertyuiop@1)" classname="allcom.tests.login.LoginNegativeTests" time="0.492"/>
  <testcase name="loginWithInvalidData[40](0, Qwertyuiop@1)" classname="allcom.tests.login.LoginNegativeTests" time="0.477"/>
  <testcase name="loginWithInvalidData[41](test@gmail.com, В )" classname="allcom.tests.login.LoginNegativeTests" time="0.492"/>
  <testcase name="loginWithInvalidEmail" classname="allcom.tests.login.LoginNegativeTests" time="0.588"/>
  <testcase name="loginWithInvalidPassword" classname="allcom.tests.login.LoginNegativeTests" time="0.546"/>
  <system-out><![CDATA[01:15:41.482 [Test worker] INFO  allcom.tests.TestBase -- Start test: [clickOnForgotYourPasswordLabel]
01:15:41.646 [Test worker] INFO  allcom.tests.TestBase -- PASSED: [clickOnForgotYourPasswordLabel], with Parameters: []
01:15:41.647 [Test worker] INFO  allcom.tests.TestBase -- Start test: [clickOnLoginButtonWOData]
01:15:42.190 [Test worker] INFO  allcom.tests.TestBase -- PASSED: [clickOnLoginButtonWOData], with Parameters: []
01:15:42.190 [Test worker] INFO  allcom.tests.TestBase -- Start test: [clickOnRegisterButtonWOData]
01:15:42.372 [Test worker] INFO  allcom.tests.TestBase -- PASSED: [clickOnRegisterButtonWOData], with Parameters: []
01:15:42.373 [Test worker] INFO  allcom.tests.TestBase -- Start test: [loginWithInvalidData]
01:15:43.016 [Test worker] INFO  allcom.tests.TestBase -- PASSED: [loginWithInvalidData], with Parameters: [п»їemail, password]
01:15:43.016 [Test worker] INFO  allcom.tests.TestBase -- Start test: [loginWithInvalidData]
01:15:43.597 [Test worker] INFO  allcom.tests.TestBase -- PASSED: [loginWithInvalidData], with Parameters: [test@gmail.com, ]
01:15:43.597 [Test worker] INFO  allcom.tests.TestBase -- Start test: [loginWithInvalidData]
01:15:44.175 [Test worker] INFO  allcom.tests.TestBase -- PASSED: [loginWithInvalidData], with Parameters: [test@gmail.com, ]
01:15:44.175 [Test worker] INFO  allcom.tests.TestBase -- Start test: [loginWithInvalidData]
01:15:44.736 [Test worker] INFO  allcom.tests.TestBase -- PASSED: [loginWithInvalidData], with Parameters: [test@gmail.com, Tes123]
01:15:44.737 [Test worker] INFO  allcom.tests.TestBase -- Start test: [loginWithInvalidData]
01:15:45.308 [Test worker] INFO  allcom.tests.TestBase -- PASSED: [loginWithInvalidData], with Parameters: [test@gmail.com, Tes1234]
01:15:45.308 [Test worker] INFO  allcom.tests.TestBase -- Start test: [loginWithInvalidData]
01:15:46.146 [Test worker] INFO  allcom.tests.TestBase -- PASSED: [loginWithInvalidData], with Parameters: [test@gmail.com, Test1234555555555555555555555555555555555555555555555555555555555555555555555555555555555555]
01:15:46.146 [Test worker] INFO  allcom.tests.TestBase -- Start test: [loginWithInvalidData]
01:15:46.728 [Test worker] INFO  allcom.tests.TestBase -- PASSED: [loginWithInvalidData], with Parameters: [test@gmail.com, 11111E+12]
01:15:46.728 [Test worker] INFO  allcom.tests.TestBase -- Start test: [loginWithInvalidData]
01:15:47.324 [Test worker] INFO  allcom.tests.TestBase -- PASSED: [loginWithInvalidData], with Parameters: [test@gmail.com, *&^(*&%$##@]
01:15:47.324 [Test worker] INFO  allcom.tests.TestBase -- Start test: [loginWithInvalidData]
01:15:47.924 [Test worker] INFO  allcom.tests.TestBase -- PASSED: [loginWithInvalidData], with Parameters: [test@gmail.com, Qwertyuiop@1С‹]
01:15:47.925 [Test worker] INFO  allcom.tests.TestBase -- Start test: [loginWithInvalidData]
01:15:48.578 [Test worker] INFO  allcom.tests.TestBase -- PASSED: [loginWithInvalidData], with Parameters: [test@gmail.com, Р¤Р«Р’РђРђРџРєРіСѓС‰СѓС†Р·]
01:15:48.578 [Test worker] INFO  allcom.tests.TestBase -- Start test: [loginWithInvalidData]
01:15:49.153 [Test worker] INFO  allcom.tests.TestBase -- PASSED: [loginWithInvalidData], with Parameters: [test@gmail.com, Test 12345!]
01:15:49.154 [Test worker] INFO  allcom.tests.TestBase -- Start test: [loginWithInvalidData]
01:15:49.767 [Test worker] INFO  allcom.tests.TestBase -- PASSED: [loginWithInvalidData], with Parameters: [test@gmail.com,  Test12345!]
01:15:49.767 [Test worker] INFO  allcom.tests.TestBase -- Start test: [loginWithInvalidData]
01:15:50.380 [Test worker] INFO  allcom.tests.TestBase -- PASSED: [loginWithInvalidData], with Parameters: [test@gmail.com, Test12345]
01:15:50.381 [Test worker] INFO  allcom.tests.TestBase -- Start test: [loginWithInvalidData]
01:15:51.025 [Test worker] INFO  allcom.tests.TestBase -- PASSED: [loginWithInvalidData], with Parameters: [test@gmail.com, SELECT* FROM]
01:15:51.025 [Test worker] INFO  allcom.tests.TestBase -- Start test: [loginWithInvalidData]
01:15:51.844 [Test worker] INFO  allcom.tests.TestBase -- PASSED: [loginWithInvalidData], with Parameters: [test@gmail.com, www.gmail.com]
01:15:51.845 [Test worker] INFO  allcom.tests.TestBase -- Start test: [loginWithInvalidData]
01:15:52.475 [Test worker] INFO  allcom.tests.TestBase -- PASSED: [loginWithInvalidData], with Parameters: [test@gmail.com, test@gmail.com]
01:15:52.476 [Test worker] INFO  allcom.tests.TestBase -- Start test: [loginWithInvalidData]
01:15:53.088 [Test worker] INFO  allcom.tests.TestBase -- PASSED: [loginWithInvalidData], with Parameters: [test@gmail.com, 0]
01:15:53.088 [Test worker] INFO  allcom.tests.TestBase -- Start test: [loginWithInvalidData]
01:15:53.690 [Test worker] INFO  allcom.tests.TestBase -- PASSED: [loginWithInvalidData], with Parameters: [test@gmail.com, <input>]
01:15:53.690 [Test worker] INFO  allcom.tests.TestBase -- Start test: [loginWithInvalidData]
01:15:54.325 [Test worker] INFO  allcom.tests.TestBase -- PASSED: [loginWithInvalidData], with Parameters: [test@gmail.com, <script></script>]
01:15:54.325 [Test worker] INFO  allcom.tests.TestBase -- Start test: [loginWithInvalidData]
01:15:54.891 [Test worker] INFO  allcom.tests.TestBase -- PASSED: [loginWithInvalidData], with Parameters: [, Qwertyuiop@1]
01:15:54.891 [Test worker] INFO  allcom.tests.TestBase -- Start test: [loginWithInvalidData]
01:15:55.528 [Test worker] INFO  allcom.tests.TestBase -- PASSED: [loginWithInvalidData], with Parameters: [ , Qwertyuiop@1]
01:15:55.528 [Test worker] INFO  allcom.tests.TestBase -- Start test: [loginWithInvalidData]
01:15:56.133 [Test worker] INFO  allcom.tests.TestBase -- PASSED: [loginWithInvalidData], with Parameters: [testgmail.com, Qwertyuiop@1]
01:15:56.134 [Test worker] INFO  allcom.tests.TestBase -- Start test: [loginWithInvalidData]
01:15:56.720 [Test worker] INFO  allcom.tests.TestBase -- PASSED: [loginWithInvalidData], with Parameters: [test@.com, Qwertyuiop@1]
01:15:56.721 [Test worker] INFO  allcom.tests.TestBase -- Start test: [loginWithInvalidData]
01:15:57.397 [Test worker] INFO  allcom.tests.TestBase -- PASSED: [loginWithInvalidData], with Parameters: [test@gmailcom, Qwertyuiop@1]
01:15:57.397 [Test worker] INFO  allcom.tests.TestBase -- Start test: [loginWithInvalidData]
01:15:58.065 [Test worker] INFO  allcom.tests.TestBase -- PASSED: [loginWithInvalidData], with Parameters: [test@gmail., Qwertyuiop@1]
01:15:58.066 [Test worker] INFO  allcom.tests.TestBase -- Start test: [loginWithInvalidData]
01:15:58.751 [Test worker] INFO  allcom.tests.TestBase -- PASSED: [loginWithInvalidData], with Parameters: [@gmail.com, Qwertyuiop@1]
01:15:58.751 [Test worker] INFO  allcom.tests.TestBase -- Start test: [loginWithInvalidData]
01:15:59.372 [Test worker] INFO  allcom.tests.TestBase -- PASSED: [loginWithInvalidData], with Parameters: [Fqpwiuery, Qwertyuiop@1]
01:15:59.373 [Test worker] INFO  allcom.tests.TestBase -- Start test: [loginWithInvalidData]
01:16:00.046 [Test worker] INFO  allcom.tests.TestBase -- PASSED: [loginWithInvalidData], with Parameters: [С†СѓРєС€РіРµС€РіР·, Qwertyuiop@1]
01:16:00.046 [Test worker] INFO  allcom.tests.TestBase -- Start test: [loginWithInvalidData]
01:16:00.744 [Test worker] INFO  allcom.tests.TestBase -- PASSED: [loginWithInvalidData], with Parameters: [%^&()), Qwertyuiop@1]
01:16:00.745 [Test worker] INFO  allcom.tests.TestBase -- Start test: [loginWithInvalidData]
01:16:01.458 [Test worker] INFO  allcom.tests.TestBase -- PASSED: [loginWithInvalidData], with Parameters: [23446E+11, Qwertyuiop@1]
01:16:01.459 [Test worker] INFO  allcom.tests.TestBase -- Start test: [loginWithInvalidData]
01:16:02.128 [Test worker] INFO  allcom.tests.TestBase -- PASSED: [loginWithInvalidData], with Parameters: [С‚РµСЃС‚@gmail.com, Qwertyuiop@1]
01:16:02.129 [Test worker] INFO  allcom.tests.TestBase -- Start test: [loginWithInvalidData]
01:16:02.821 [Test worker] INFO  allcom.tests.TestBase -- PASSED: [loginWithInvalidData], with Parameters: [SELECT* FROM, Qwertyuiop@1]
01:16:02.821 [Test worker] INFO  allcom.tests.TestBase -- Start test: [loginWithInvalidData]
01:16:03.486 [Test worker] INFO  allcom.tests.TestBase -- PASSED: [loginWithInvalidData], with Parameters: [test@@gmail.com, Qwertyuiop@1]
01:16:03.486 [Test worker] INFO  allcom.tests.TestBase -- Start test: [loginWithInvalidData]
01:16:04.154 [Test worker] INFO  allcom.tests.TestBase -- PASSED: [loginWithInvalidData], with Parameters: [www.telran.com, Qwertyuiop@1]
01:16:04.154 [Test worker] INFO  allcom.tests.TestBase -- Start test: [loginWithInvalidData]
01:16:04.790 [Test worker] INFO  allcom.tests.TestBase -- PASSED: [loginWithInvalidData], with Parameters: [tes t@gmail.com, Qwertyuiop@1]
01:16:04.790 [Test worker] INFO  allcom.tests.TestBase -- Start test: [loginWithInvalidData]
01:16:05.441 [Test worker] INFO  allcom.tests.TestBase -- PASSED: [loginWithInvalidData], with Parameters: [test@ gmail.com, Qwertyuiop@1]
01:16:05.441 [Test worker] INFO  allcom.tests.TestBase -- Start test: [loginWithInvalidData]
01:16:06.074 [Test worker] INFO  allcom.tests.TestBase -- PASSED: [loginWithInvalidData], with Parameters: [test@gmail .com, Qwertyuiop@1]
01:16:06.074 [Test worker] INFO  allcom.tests.TestBase -- Start test: [loginWithInvalidData]
01:16:06.715 [Test worker] INFO  allcom.tests.TestBase -- PASSED: [loginWithInvalidData], with Parameters: [test@gmail. com, Qwertyuiop@1]
01:16:06.715 [Test worker] INFO  allcom.tests.TestBase -- Start test: [loginWithInvalidData]
01:16:07.551 [Test worker] INFO  allcom.tests.TestBase -- PASSED: [loginWithInvalidData], with Parameters: [<script></script>, Qwertyuiop@1]
01:16:07.551 [Test worker] INFO  allcom.tests.TestBase -- Start test: [loginWithInvalidData]
01:16:08.176 [Test worker] INFO  allcom.tests.TestBase -- PASSED: [loginWithInvalidData], with Parameters: [<input>, Qwertyuiop@1]
01:16:08.176 [Test worker] INFO  allcom.tests.TestBase -- Start test: [loginWithInvalidData]
01:16:08.774 [Test worker] INFO  allcom.tests.TestBase -- PASSED: [loginWithInvalidData], with Parameters: [0, Qwertyuiop@1]
01:16:08.774 [Test worker] INFO  allcom.tests.TestBase -- Start test: [loginWithInvalidData]
01:16:09.390 [Test worker] INFO  allcom.tests.TestBase -- PASSED: [loginWithInvalidData], with Parameters: [test@gmail.com, В ]
01:16:09.390 [Test worker] INFO  allcom.tests.TestBase -- Start test: [loginWithInvalidEmail]
01:16:10.099 [Test worker] INFO  allcom.tests.TestBase -- PASSED: [loginWithInvalidEmail], with Parameters: []
01:16:10.099 [Test worker] INFO  allcom.tests.TestBase -- Start test: [loginWithInvalidPassword]
01:16:10.779 [Test worker] INFO  allcom.tests.TestBase -- PASSED: [loginWithInvalidPassword], with Parameters: []
]]></system-out>
  <system-err><![CDATA[]]></system-err>
</testsuite>
