<?xml version="1.0" encoding="UTF-8"?>
<testsuite name="allcom.tests.passwordReset.RestorePasswordWaitPageTests" tests="1" skipped="0" failures="0" errors="0" timestamp="2024-01-31T00:17:33" hostname="PORTISHEAD-PC" time="0.062">
  <properties/>
  <testcase name="isLoginButtonPresent" classname="allcom.tests.passwordReset.RestorePasswordWaitPageTests" time="0.062"/>
  <system-out><![CDATA[01:17:33.668 [Test worker] INFO  allcom.tests.TestBase -- Start test: [isLoginButtonPresent]
01:17:33.973 [Test worker] INFO  allcom.tests.TestBase -- PASSED: [isLoginButtonPresent], with Parameters: []
]]></system-out>
  <system-err><![CDATA[]]></system-err>
</testsuite>
