<?xml version="1.0" encoding="UTF-8"?>
<testsuite name="allcom.tests.header.SearchBoxTests" tests="78" skipped="0" failures="0" errors="0" timestamp="2024-01-31T00:15:18" hostname="PORTISHEAD-PC" time="23.259">
  <properties/>
  <testcase name="searchBoxAcceptsLongInput" classname="allcom.tests.header.SearchBoxTests" time="0.252"/>
  <testcase name="searchBoxAcceptsSpecialCharacters" classname="allcom.tests.header.SearchBoxTests" time="0.145"/>
  <testcase name="searchBoxInputIsPresent" classname="allcom.tests.header.SearchBoxTests" time="0.0"/>
  <testcase name="searchBoxInputTest[0]()" classname="allcom.tests.header.SearchBoxTests" time="0.203"/>
  <testcase name="searchBoxInputTest[1](В )" classname="allcom.tests.header.SearchBoxTests" time="0.127"/>
  <testcase name="searchBoxInputTest[2](&lt;script&gt;)" classname="allcom.tests.header.SearchBoxTests" time="0.233"/>
  <testcase name="searchBoxInputTest[3](&lt;/script&gt;)" classname="allcom.tests.header.SearchBoxTests" time="0.129"/>
  <testcase name="searchBoxInputTest[4](&lt;script&gt;)" classname="allcom.tests.header.SearchBoxTests" time="0.123"/>
  <testcase name="searchBoxInputTest[5](&lt;img&gt;)" classname="allcom.tests.header.SearchBoxTests" time="0.202"/>
  <testcase name="searchBoxInputTest[6](&lt;div&gt;)" classname="allcom.tests.header.SearchBoxTests" time="0.125"/>
  <testcase name="searchBoxInputTest[7](&lt;iframe&gt;)" classname="allcom.tests.header.SearchBoxTests" time="0.127"/>
  <testcase name="searchBoxInputTest[8](&lt;input&gt;)" classname="allcom.tests.header.SearchBoxTests" time="0.142"/>
  <testcase name="searchBoxInputTest[9](@@)" classname="allcom.tests.header.SearchBoxTests" time="0.14"/>
  <testcase name="searchBoxInputTest[10](char)" classname="allcom.tests.header.SearchBoxTests" time="0.211"/>
  <testcase name="searchBoxInputTest[11](nchar)" classname="allcom.tests.header.SearchBoxTests" time="0.128"/>
  <testcase name="searchBoxInputTest[12](varchar)" classname="allcom.tests.header.SearchBoxTests" time="0.13"/>
  <testcase name="searchBoxInputTest[13](nvarchar)" classname="allcom.tests.header.SearchBoxTests" time="0.283"/>
  <testcase name="searchBoxInputTest[14](alter)" classname="allcom.tests.header.SearchBoxTests" time="0.129"/>
  <testcase name="searchBoxInputTest[15](begin)" classname="allcom.tests.header.SearchBoxTests" time="0.243"/>
  <testcase name="searchBoxInputTest[16](cast)" classname="allcom.tests.header.SearchBoxTests" time="0.144"/>
  <testcase name="searchBoxInputTest[17](create)" classname="allcom.tests.header.SearchBoxTests" time="0.121"/>
  <testcase name="searchBoxInputTest[18](cursor)" classname="allcom.tests.header.SearchBoxTests" time="0.111"/>
  <testcase name="searchBoxInputTest[19](declare)" classname="allcom.tests.header.SearchBoxTests" time="0.11"/>
  <testcase name="searchBoxInputTest[20](delete)" classname="allcom.tests.header.SearchBoxTests" time="0.108"/>
  <testcase name="searchBoxInputTest[21](drop)" classname="allcom.tests.header.SearchBoxTests" time="0.117"/>
  <testcase name="searchBoxInputTest[22](exec)" classname="allcom.tests.header.SearchBoxTests" time="0.109"/>
  <testcase name="searchBoxInputTest[23](execute)" classname="allcom.tests.header.SearchBoxTests" time="0.117"/>
  <testcase name="searchBoxInputTest[24](fetch)" classname="allcom.tests.header.SearchBoxTests" time="0.11"/>
  <testcase name="searchBoxInputTest[25](insert)" classname="allcom.tests.header.SearchBoxTests" time="0.109"/>
  <testcase name="searchBoxInputTest[26](kill)" classname="allcom.tests.header.SearchBoxTests" time="0.112"/>
  <testcase name="searchBoxInputTest[27](select)" classname="allcom.tests.header.SearchBoxTests" time="0.194"/>
  <testcase name="searchBoxInputTest[28](sys)" classname="allcom.tests.header.SearchBoxTests" time="0.116"/>
  <testcase name="searchBoxInputTest[29](sysobjects)" classname="allcom.tests.header.SearchBoxTests" time="0.124"/>
  <testcase name="searchBoxInputTest[30](syscolumns)" classname="allcom.tests.header.SearchBoxTests" time="0.122"/>
  <testcase name="searchBoxInputTest[31](&lt;script&gt;&lt;/script&gt;)" classname="allcom.tests.header.SearchBoxTests" time="0.135"/>
  <testcase name="searchBoxInputTextTest" classname="allcom.tests.header.SearchBoxTests" time="0.128"/>
  <testcase name="searchBoxIsAbsentOnLowResolution" classname="allcom.tests.header.SearchBoxTests" time="0.238"/>
  <testcase name="searchBoxIsClickableOnDifferentResolutions" classname="allcom.tests.header.SearchBoxTests" time="0.59"/>
  <testcase name="searchBoxIsEmptyBeforeInput" classname="allcom.tests.header.SearchBoxTests" time="0.016"/>
  <testcase name="searchBoxIsPresent" classname="allcom.tests.header.SearchBoxTests" time="0.0"/>
  <testcase name="searchBoxIsPresentOnHighResolution" classname="allcom.tests.header.SearchBoxTests" time="0.308"/>
  <testcase name="searchButtonBottomIsAbsentOnHighResolution" classname="allcom.tests.header.SearchBoxTests" time="0.233"/>
  <testcase name="searchButtonBottomIsClickable" classname="allcom.tests.header.SearchBoxTests" time="0.266"/>
  <testcase name="searchButtonBottomIsPresentOnLowResolution" classname="allcom.tests.header.SearchBoxTests" time="0.264"/>
  <testcase name="searchButtonIsClickable" classname="allcom.tests.header.SearchBoxTests" time="0.298"/>
  <testcase name="searchRedirectsToCorrectPageTest" classname="allcom.tests.header.SearchBoxTests" time="0.454"/>
  <testcase name="validateSearchWithIncorrectData[0]()" classname="allcom.tests.header.SearchBoxTests" time="0.114"/>
  <testcase name="validateSearchWithIncorrectData[1](В )" classname="allcom.tests.header.SearchBoxTests" time="0.111"/>
  <testcase name="validateSearchWithIncorrectData[2](&lt;script&gt;)" classname="allcom.tests.header.SearchBoxTests" time="0.109"/>
  <testcase name="validateSearchWithIncorrectData[3](&lt;/script&gt;)" classname="allcom.tests.header.SearchBoxTests" time="0.11"/>
  <testcase name="validateSearchWithIncorrectData[4](&lt;script&gt;)" classname="allcom.tests.header.SearchBoxTests" time="0.112"/>
  <testcase name="validateSearchWithIncorrectData[5](&lt;img&gt;)" classname="allcom.tests.header.SearchBoxTests" time="0.112"/>
  <testcase name="validateSearchWithIncorrectData[6](&lt;div&gt;)" classname="allcom.tests.header.SearchBoxTests" time="0.102"/>
  <testcase name="validateSearchWithIncorrectData[7](&lt;iframe&gt;)" classname="allcom.tests.header.SearchBoxTests" time="0.102"/>
  <testcase name="validateSearchWithIncorrectData[8](&lt;input&gt;)" classname="allcom.tests.header.SearchBoxTests" time="0.105"/>
  <testcase name="validateSearchWithIncorrectData[9](@@)" classname="allcom.tests.header.SearchBoxTests" time="0.097"/>
  <testcase name="validateSearchWithIncorrectData[10](char)" classname="allcom.tests.header.SearchBoxTests" time="0.118"/>
  <testcase name="validateSearchWithIncorrectData[11](nchar)" classname="allcom.tests.header.SearchBoxTests" time="0.1"/>
  <testcase name="validateSearchWithIncorrectData[12](varchar)" classname="allcom.tests.header.SearchBoxTests" time="0.1"/>
  <testcase name="validateSearchWithIncorrectData[13](nvarchar)" classname="allcom.tests.header.SearchBoxTests" time="0.095"/>
  <testcase name="validateSearchWithIncorrectData[14](alter)" classname="allcom.tests.header.SearchBoxTests" time="0.096"/>
  <testcase name="validateSearchWithIncorrectData[15](begin)" classname="allcom.tests.header.SearchBoxTests" time="0.096"/>
  <testcase name="validateSearchWithIncorrectData[16](cast)" classname="allcom.tests.header.SearchBoxTests" time="0.102"/>
  <testcase name="validateSearchWithIncorrectData[17](create)" classname="allcom.tests.header.SearchBoxTests" time="0.104"/>
  <testcase name="validateSearchWithIncorrectData[18](cursor)" classname="allcom.tests.header.SearchBoxTests" time="0.262"/>
  <testcase name="validateSearchWithIncorrectData[19](declare)" classname="allcom.tests.header.SearchBoxTests" time="0.257"/>
  <testcase name="validateSearchWithIncorrectData[20](delete)" classname="allcom.tests.header.SearchBoxTests" time="0.258"/>
  <testcase name="validateSearchWithIncorrectData[21](drop)" classname="allcom.tests.header.SearchBoxTests" time="0.272"/>
  <testcase name="validateSearchWithIncorrectData[22](exec)" classname="allcom.tests.header.SearchBoxTests" time="0.105"/>
  <testcase name="validateSearchWithIncorrectData[23](execute)" classname="allcom.tests.header.SearchBoxTests" time="0.099"/>
  <testcase name="validateSearchWithIncorrectData[24](fetch)" classname="allcom.tests.header.SearchBoxTests" time="0.256"/>
  <testcase name="validateSearchWithIncorrectData[25](insert)" classname="allcom.tests.header.SearchBoxTests" time="0.102"/>
  <testcase name="validateSearchWithIncorrectData[26](kill)" classname="allcom.tests.header.SearchBoxTests" time="0.272"/>
  <testcase name="validateSearchWithIncorrectData[27](select)" classname="allcom.tests.header.SearchBoxTests" time="0.266"/>
  <testcase name="validateSearchWithIncorrectData[28](sys)" classname="allcom.tests.header.SearchBoxTests" time="0.261"/>
  <testcase name="validateSearchWithIncorrectData[29](sysobjects)" classname="allcom.tests.header.SearchBoxTests" time="0.109"/>
  <testcase name="validateSearchWithIncorrectData[30](syscolumns)" classname="allcom.tests.header.SearchBoxTests" time="0.284"/>
  <testcase name="validateSearchWithIncorrectData[31](&lt;script&gt;&lt;/script&gt;)" classname="allcom.tests.header.SearchBoxTests" time="0.338"/>
  <system-out><![CDATA[01:15:17.995 [Test worker] INFO  allcom.tests.TestBase -- Start test: [searchBoxAcceptsLongInput]
01:15:18.473 [Test worker] INFO  allcom.tests.TestBase -- PASSED: [searchBoxAcceptsLongInput], with Parameters: []
01:15:18.474 [Test worker] INFO  allcom.tests.TestBase -- Start test: [searchBoxAcceptsSpecialCharacters]
01:15:18.728 [Test worker] INFO  allcom.tests.TestBase -- PASSED: [searchBoxAcceptsSpecialCharacters], with Parameters: []
01:15:18.729 [Test worker] INFO  allcom.tests.TestBase -- Start test: [searchBoxInputIsPresent]
01:15:18.852 [Test worker] INFO  allcom.tests.TestBase -- PASSED: [searchBoxInputIsPresent], with Parameters: []
01:15:18.866 [Test worker] INFO  allcom.tests.TestBase -- Start test: [searchBoxInputTest]
01:15:19.190 [Test worker] INFO  allcom.tests.TestBase -- PASSED: [searchBoxInputTest], with Parameters: []
01:15:19.191 [Test worker] INFO  allcom.tests.TestBase -- Start test: [searchBoxInputTest]
01:15:19.427 [Test worker] INFO  allcom.tests.TestBase -- PASSED: [searchBoxInputTest], with Parameters: [В ]
01:15:19.428 [Test worker] INFO  allcom.tests.TestBase -- Start test: [searchBoxInputTest]
01:15:19.803 [Test worker] INFO  allcom.tests.TestBase -- PASSED: [searchBoxInputTest], with Parameters: [<script>]
01:15:19.804 [Test worker] INFO  allcom.tests.TestBase -- Start test: [searchBoxInputTest]
01:15:20.045 [Test worker] INFO  allcom.tests.TestBase -- PASSED: [searchBoxInputTest], with Parameters: [</script>]
01:15:20.046 [Test worker] INFO  allcom.tests.TestBase -- Start test: [searchBoxInputTest]
01:15:20.350 [Test worker] INFO  allcom.tests.TestBase -- PASSED: [searchBoxInputTest], with Parameters: [<script>]
01:15:20.350 [Test worker] INFO  allcom.tests.TestBase -- Start test: [searchBoxInputTest]
01:15:20.673 [Test worker] INFO  allcom.tests.TestBase -- PASSED: [searchBoxInputTest], with Parameters: [<img>]
01:15:20.674 [Test worker] INFO  allcom.tests.TestBase -- Start test: [searchBoxInputTest]
01:15:20.930 [Test worker] INFO  allcom.tests.TestBase -- PASSED: [searchBoxInputTest], with Parameters: [<div>]
01:15:20.931 [Test worker] INFO  allcom.tests.TestBase -- Start test: [searchBoxInputTest]
01:15:21.174 [Test worker] INFO  allcom.tests.TestBase -- PASSED: [searchBoxInputTest], with Parameters: [<iframe>]
01:15:21.175 [Test worker] INFO  allcom.tests.TestBase -- Start test: [searchBoxInputTest]
01:15:21.443 [Test worker] INFO  allcom.tests.TestBase -- PASSED: [searchBoxInputTest], with Parameters: [<input>]
01:15:21.444 [Test worker] INFO  allcom.tests.TestBase -- Start test: [searchBoxInputTest]
01:15:21.727 [Test worker] INFO  allcom.tests.TestBase -- PASSED: [searchBoxInputTest], with Parameters: [@@]
01:15:21.728 [Test worker] INFO  allcom.tests.TestBase -- Start test: [searchBoxInputTest]
01:15:22.085 [Test worker] INFO  allcom.tests.TestBase -- PASSED: [searchBoxInputTest], with Parameters: [char]
01:15:22.085 [Test worker] INFO  allcom.tests.TestBase -- Start test: [searchBoxInputTest]
01:15:22.328 [Test worker] INFO  allcom.tests.TestBase -- PASSED: [searchBoxInputTest], with Parameters: [nchar]
01:15:22.329 [Test worker] INFO  allcom.tests.TestBase -- Start test: [searchBoxInputTest]
01:15:22.574 [Test worker] INFO  allcom.tests.TestBase -- PASSED: [searchBoxInputTest], with Parameters: [varchar]
01:15:22.574 [Test worker] INFO  allcom.tests.TestBase -- Start test: [searchBoxInputTest]
01:15:22.969 [Test worker] INFO  allcom.tests.TestBase -- PASSED: [searchBoxInputTest], with Parameters: [nvarchar]
01:15:22.970 [Test worker] INFO  allcom.tests.TestBase -- Start test: [searchBoxInputTest]
01:15:23.237 [Test worker] INFO  allcom.tests.TestBase -- PASSED: [searchBoxInputTest], with Parameters: [alter]
01:15:23.238 [Test worker] INFO  allcom.tests.TestBase -- Start test: [searchBoxInputTest]
01:15:23.689 [Test worker] INFO  allcom.tests.TestBase -- PASSED: [searchBoxInputTest], with Parameters: [begin]
01:15:23.689 [Test worker] INFO  allcom.tests.TestBase -- Start test: [searchBoxInputTest]
01:15:23.965 [Test worker] INFO  allcom.tests.TestBase -- PASSED: [searchBoxInputTest], with Parameters: [cast]
01:15:23.965 [Test worker] INFO  allcom.tests.TestBase -- Start test: [searchBoxInputTest]
01:15:24.229 [Test worker] INFO  allcom.tests.TestBase -- PASSED: [searchBoxInputTest], with Parameters: [create]
01:15:24.229 [Test worker] INFO  allcom.tests.TestBase -- Start test: [searchBoxInputTest]
01:15:24.476 [Test worker] INFO  allcom.tests.TestBase -- PASSED: [searchBoxInputTest], with Parameters: [cursor]
01:15:24.477 [Test worker] INFO  allcom.tests.TestBase -- Start test: [searchBoxInputTest]
01:15:24.695 [Test worker] INFO  allcom.tests.TestBase -- PASSED: [searchBoxInputTest], with Parameters: [declare]
01:15:24.695 [Test worker] INFO  allcom.tests.TestBase -- Start test: [searchBoxInputTest]
01:15:24.910 [Test worker] INFO  allcom.tests.TestBase -- PASSED: [searchBoxInputTest], with Parameters: [delete]
01:15:24.911 [Test worker] INFO  allcom.tests.TestBase -- Start test: [searchBoxInputTest]
01:15:25.144 [Test worker] INFO  allcom.tests.TestBase -- PASSED: [searchBoxInputTest], with Parameters: [drop]
01:15:25.145 [Test worker] INFO  allcom.tests.TestBase -- Start test: [searchBoxInputTest]
01:15:25.357 [Test worker] INFO  allcom.tests.TestBase -- PASSED: [searchBoxInputTest], with Parameters: [exec]
01:15:25.359 [Test worker] INFO  allcom.tests.TestBase -- Start test: [searchBoxInputTest]
01:15:25.581 [Test worker] INFO  allcom.tests.TestBase -- PASSED: [searchBoxInputTest], with Parameters: [execute]
01:15:25.581 [Test worker] INFO  allcom.tests.TestBase -- Start test: [searchBoxInputTest]
01:15:25.796 [Test worker] INFO  allcom.tests.TestBase -- PASSED: [searchBoxInputTest], with Parameters: [fetch]
01:15:25.796 [Test worker] INFO  allcom.tests.TestBase -- Start test: [searchBoxInputTest]
01:15:26.007 [Test worker] INFO  allcom.tests.TestBase -- PASSED: [searchBoxInputTest], with Parameters: [insert]
01:15:26.008 [Test worker] INFO  allcom.tests.TestBase -- Start test: [searchBoxInputTest]
01:15:26.221 [Test worker] INFO  allcom.tests.TestBase -- PASSED: [searchBoxInputTest], with Parameters: [kill]
01:15:26.221 [Test worker] INFO  allcom.tests.TestBase -- Start test: [searchBoxInputTest]
01:15:26.515 [Test worker] INFO  allcom.tests.TestBase -- PASSED: [searchBoxInputTest], with Parameters: [select]
01:15:26.515 [Test worker] INFO  allcom.tests.TestBase -- Start test: [searchBoxInputTest]
01:15:26.737 [Test worker] INFO  allcom.tests.TestBase -- PASSED: [searchBoxInputTest], with Parameters: [sys]
01:15:26.737 [Test worker] INFO  allcom.tests.TestBase -- Start test: [searchBoxInputTest]
01:15:26.967 [Test worker] INFO  allcom.tests.TestBase -- PASSED: [searchBoxInputTest], with Parameters: [sysobjects]
01:15:26.968 [Test worker] INFO  allcom.tests.TestBase -- Start test: [searchBoxInputTest]
01:15:27.200 [Test worker] INFO  allcom.tests.TestBase -- PASSED: [searchBoxInputTest], with Parameters: [syscolumns]
01:15:27.201 [Test worker] INFO  allcom.tests.TestBase -- Start test: [searchBoxInputTest]
01:15:27.452 [Test worker] INFO  allcom.tests.TestBase -- PASSED: [searchBoxInputTest], with Parameters: [<script></script>]
01:15:27.452 [Test worker] INFO  allcom.tests.TestBase -- Start test: [searchBoxInputTextTest]
01:15:27.715 [Test worker] INFO  allcom.tests.TestBase -- PASSED: [searchBoxInputTextTest], with Parameters: []
01:15:27.716 [Test worker] INFO  allcom.tests.TestBase -- Start test: [searchBoxIsAbsentOnLowResolution]
01:15:28.070 [Test worker] INFO  allcom.tests.TestBase -- PASSED: [searchBoxIsAbsentOnLowResolution], with Parameters: []
01:15:28.071 [Test worker] INFO  allcom.tests.TestBase -- Start test: [searchBoxIsClickableOnDifferentResolutions]
01:15:28.876 [Test worker] INFO  allcom.tests.TestBase -- PASSED: [searchBoxIsClickableOnDifferentResolutions], with Parameters: []
01:15:28.877 [Test worker] INFO  allcom.tests.TestBase -- Start test: [searchBoxIsEmptyBeforeInput]
01:15:29.255 [Test worker] INFO  allcom.tests.TestBase -- PASSED: [searchBoxIsEmptyBeforeInput], with Parameters: []
01:15:29.256 [Test worker] INFO  allcom.tests.TestBase -- Start test: [searchBoxIsPresent]
01:15:29.384 [Test worker] INFO  allcom.tests.TestBase -- PASSED: [searchBoxIsPresent], with Parameters: []
01:15:29.384 [Test worker] INFO  allcom.tests.TestBase -- Start test: [searchBoxIsPresentOnHighResolution]
01:15:29.794 [Test worker] INFO  allcom.tests.TestBase -- PASSED: [searchBoxIsPresentOnHighResolution], with Parameters: []
01:15:29.795 [Test worker] INFO  allcom.tests.TestBase -- Start test: [searchButtonBottomIsAbsentOnHighResolution]
01:15:30.420 [Test worker] INFO  allcom.tests.TestBase -- PASSED: [searchButtonBottomIsAbsentOnHighResolution], with Parameters: []
01:15:30.420 [Test worker] INFO  allcom.tests.TestBase -- Start test: [searchButtonBottomIsClickable]
01:15:30.897 [Test worker] INFO  allcom.tests.TestBase -- PASSED: [searchButtonBottomIsClickable], with Parameters: []
01:15:30.897 [Test worker] INFO  allcom.tests.TestBase -- Start test: [searchButtonBottomIsPresentOnLowResolution]
01:15:31.375 [Test worker] INFO  allcom.tests.TestBase -- PASSED: [searchButtonBottomIsPresentOnLowResolution], with Parameters: []
01:15:31.375 [Test worker] INFO  allcom.tests.TestBase -- Start test: [searchButtonIsClickable]
01:15:31.893 [Test worker] INFO  allcom.tests.TestBase -- PASSED: [searchButtonIsClickable], with Parameters: []
01:15:31.894 [Test worker] INFO  allcom.tests.TestBase -- Start test: [searchRedirectsToCorrectPageTest]
01:15:32.648 [Test worker] INFO  allcom.tests.TestBase -- PASSED: [searchRedirectsToCorrectPageTest], with Parameters: []
01:15:32.649 [Test worker] INFO  allcom.tests.TestBase -- Start test: [validateSearchWithIncorrectData]
01:15:32.891 [Test worker] INFO  allcom.tests.TestBase -- PASSED: [validateSearchWithIncorrectData], with Parameters: []
01:15:32.892 [Test worker] INFO  allcom.tests.TestBase -- Start test: [validateSearchWithIncorrectData]
01:15:33.120 [Test worker] INFO  allcom.tests.TestBase -- PASSED: [validateSearchWithIncorrectData], with Parameters: [В ]
01:15:33.121 [Test worker] INFO  allcom.tests.TestBase -- Start test: [validateSearchWithIncorrectData]
01:15:33.338 [Test worker] INFO  allcom.tests.TestBase -- PASSED: [validateSearchWithIncorrectData], with Parameters: [<script>]
01:15:33.339 [Test worker] INFO  allcom.tests.TestBase -- Start test: [validateSearchWithIncorrectData]
01:15:33.556 [Test worker] INFO  allcom.tests.TestBase -- PASSED: [validateSearchWithIncorrectData], with Parameters: [</script>]
01:15:33.556 [Test worker] INFO  allcom.tests.TestBase -- Start test: [validateSearchWithIncorrectData]
01:15:33.773 [Test worker] INFO  allcom.tests.TestBase -- PASSED: [validateSearchWithIncorrectData], with Parameters: [<script>]
01:15:33.774 [Test worker] INFO  allcom.tests.TestBase -- Start test: [validateSearchWithIncorrectData]
01:15:33.991 [Test worker] INFO  allcom.tests.TestBase -- PASSED: [validateSearchWithIncorrectData], with Parameters: [<img>]
01:15:33.991 [Test worker] INFO  allcom.tests.TestBase -- Start test: [validateSearchWithIncorrectData]
01:15:34.196 [Test worker] INFO  allcom.tests.TestBase -- PASSED: [validateSearchWithIncorrectData], with Parameters: [<div>]
01:15:34.196 [Test worker] INFO  allcom.tests.TestBase -- Start test: [validateSearchWithIncorrectData]
01:15:34.422 [Test worker] INFO  allcom.tests.TestBase -- PASSED: [validateSearchWithIncorrectData], with Parameters: [<iframe>]
01:15:34.423 [Test worker] INFO  allcom.tests.TestBase -- Start test: [validateSearchWithIncorrectData]
01:15:34.626 [Test worker] INFO  allcom.tests.TestBase -- PASSED: [validateSearchWithIncorrectData], with Parameters: [<input>]
01:15:34.626 [Test worker] INFO  allcom.tests.TestBase -- Start test: [validateSearchWithIncorrectData]
01:15:34.825 [Test worker] INFO  allcom.tests.TestBase -- PASSED: [validateSearchWithIncorrectData], with Parameters: [@@]
01:15:34.825 [Test worker] INFO  allcom.tests.TestBase -- Start test: [validateSearchWithIncorrectData]
01:15:35.080 [Test worker] INFO  allcom.tests.TestBase -- PASSED: [validateSearchWithIncorrectData], with Parameters: [char]
01:15:35.081 [Test worker] INFO  allcom.tests.TestBase -- Start test: [validateSearchWithIncorrectData]
01:15:35.394 [Test worker] INFO  allcom.tests.TestBase -- PASSED: [validateSearchWithIncorrectData], with Parameters: [nchar]
01:15:35.394 [Test worker] INFO  allcom.tests.TestBase -- Start test: [validateSearchWithIncorrectData]
01:15:35.598 [Test worker] INFO  allcom.tests.TestBase -- PASSED: [validateSearchWithIncorrectData], with Parameters: [varchar]
01:15:35.598 [Test worker] INFO  allcom.tests.TestBase -- Start test: [validateSearchWithIncorrectData]
01:15:35.798 [Test worker] INFO  allcom.tests.TestBase -- PASSED: [validateSearchWithIncorrectData], with Parameters: [nvarchar]
01:15:35.798 [Test worker] INFO  allcom.tests.TestBase -- Start test: [validateSearchWithIncorrectData]
01:15:35.998 [Test worker] INFO  allcom.tests.TestBase -- PASSED: [validateSearchWithIncorrectData], with Parameters: [alter]
01:15:35.999 [Test worker] INFO  allcom.tests.TestBase -- Start test: [validateSearchWithIncorrectData]
01:15:36.196 [Test worker] INFO  allcom.tests.TestBase -- PASSED: [validateSearchWithIncorrectData], with Parameters: [begin]
01:15:36.197 [Test worker] INFO  allcom.tests.TestBase -- Start test: [validateSearchWithIncorrectData]
01:15:36.399 [Test worker] INFO  allcom.tests.TestBase -- PASSED: [validateSearchWithIncorrectData], with Parameters: [cast]
01:15:36.399 [Test worker] INFO  allcom.tests.TestBase -- Start test: [validateSearchWithIncorrectData]
01:15:36.628 [Test worker] INFO  allcom.tests.TestBase -- PASSED: [validateSearchWithIncorrectData], with Parameters: [create]
01:15:36.628 [Test worker] INFO  allcom.tests.TestBase -- Start test: [validateSearchWithIncorrectData]
01:15:36.990 [Test worker] INFO  allcom.tests.TestBase -- PASSED: [validateSearchWithIncorrectData], with Parameters: [cursor]
01:15:36.990 [Test worker] INFO  allcom.tests.TestBase -- Start test: [validateSearchWithIncorrectData]
01:15:37.372 [Test worker] INFO  allcom.tests.TestBase -- PASSED: [validateSearchWithIncorrectData], with Parameters: [declare]
01:15:37.372 [Test worker] INFO  allcom.tests.TestBase -- Start test: [validateSearchWithIncorrectData]
01:15:37.758 [Test worker] INFO  allcom.tests.TestBase -- PASSED: [validateSearchWithIncorrectData], with Parameters: [delete]
01:15:37.758 [Test worker] INFO  allcom.tests.TestBase -- Start test: [validateSearchWithIncorrectData]
01:15:38.156 [Test worker] INFO  allcom.tests.TestBase -- PASSED: [validateSearchWithIncorrectData], with Parameters: [drop]
01:15:38.156 [Test worker] INFO  allcom.tests.TestBase -- Start test: [validateSearchWithIncorrectData]
01:15:38.405 [Test worker] INFO  allcom.tests.TestBase -- PASSED: [validateSearchWithIncorrectData], with Parameters: [exec]
01:15:38.406 [Test worker] INFO  allcom.tests.TestBase -- Start test: [validateSearchWithIncorrectData]
01:15:38.672 [Test worker] INFO  allcom.tests.TestBase -- PASSED: [validateSearchWithIncorrectData], with Parameters: [execute]
01:15:38.672 [Test worker] INFO  allcom.tests.TestBase -- Start test: [validateSearchWithIncorrectData]
01:15:39.030 [Test worker] INFO  allcom.tests.TestBase -- PASSED: [validateSearchWithIncorrectData], with Parameters: [fetch]
01:15:39.030 [Test worker] INFO  allcom.tests.TestBase -- Start test: [validateSearchWithIncorrectData]
01:15:39.233 [Test worker] INFO  allcom.tests.TestBase -- PASSED: [validateSearchWithIncorrectData], with Parameters: [insert]
01:15:39.233 [Test worker] INFO  allcom.tests.TestBase -- Start test: [validateSearchWithIncorrectData]
01:15:39.614 [Test worker] INFO  allcom.tests.TestBase -- PASSED: [validateSearchWithIncorrectData], with Parameters: [kill]
01:15:39.614 [Test worker] INFO  allcom.tests.TestBase -- Start test: [validateSearchWithIncorrectData]
01:15:40.019 [Test worker] INFO  allcom.tests.TestBase -- PASSED: [validateSearchWithIncorrectData], with Parameters: [select]
01:15:40.020 [Test worker] INFO  allcom.tests.TestBase -- Start test: [validateSearchWithIncorrectData]
01:15:40.400 [Test worker] INFO  allcom.tests.TestBase -- PASSED: [validateSearchWithIncorrectData], with Parameters: [sys]
01:15:40.400 [Test worker] INFO  allcom.tests.TestBase -- Start test: [validateSearchWithIncorrectData]
01:15:40.613 [Test worker] INFO  allcom.tests.TestBase -- PASSED: [validateSearchWithIncorrectData], with Parameters: [sysobjects]
01:15:40.614 [Test worker] INFO  allcom.tests.TestBase -- Start test: [validateSearchWithIncorrectData]
01:15:41.007 [Test worker] INFO  allcom.tests.TestBase -- PASSED: [validateSearchWithIncorrectData], with Parameters: [syscolumns]
01:15:41.008 [Test worker] INFO  allcom.tests.TestBase -- Start test: [validateSearchWithIncorrectData]
01:15:41.481 [Test worker] INFO  allcom.tests.TestBase -- PASSED: [validateSearchWithIncorrectData], with Parameters: [<script></script>]
]]></system-out>
  <system-err><![CDATA[]]></system-err>
</testsuite>
