<?xml version="1.0" encoding="UTF-8"?>
<testsuite name="allcom_testng.tests.passwordReset.CreateNewPasswordPageTests" tests="42" skipped="0" failures="0" errors="0" timestamp="2024-02-08T22:57:15" hostname="DESKTOP-8I9EVFD" time="60.999">
  <properties/>
  <testcase name="isCreateNewPasswordButtonPresent" classname="allcom_testng.tests.passwordReset.CreateNewPasswordPageTests" time="0.013"/>
  <testcase name="isPasswordResetNotSuccessInvalidDataWithValidationCheck" classname="allcom_testng.tests.passwordReset.CreateNewPasswordPageTests" time="0.513"/>
  <testcase name="isPasswordResetNotSuccessInvalidDataWoValidationCheck" classname="allcom_testng.tests.passwordReset.CreateNewPasswordPageTests" time="0.451"/>
  <testcase name="isPasswordResetNotSuccessInvalidDataWoValidationCheckWoTimer" classname="allcom_testng.tests.passwordReset.CreateNewPasswordPageTests" time="0.432"/>
  <testcase name="isPasswordResetSuccessValidDataWithValidationCheck" classname="allcom_testng.tests.passwordReset.CreateNewPasswordPageTests" time="0.464"/>
  <testcase name="isPasswordResetSuccessValidDataWoValidationCheck" classname="allcom_testng.tests.passwordReset.CreateNewPasswordPageTests" time="0.417"/>
  <testcase name="validateComparePasswordsEqualityNegative" classname="allcom_testng.tests.passwordReset.CreateNewPasswordPageTests" time="0.0"/>
  <testcase name="validateComparePasswordsEqualityPositive" classname="allcom_testng.tests.passwordReset.CreateNewPasswordPageTests" time="0.366"/>
  <testcase name="validatePasswordConfirmWithIncorrectData[0](п»їTes123)" classname="allcom_testng.tests.passwordReset.CreateNewPasswordPageTests" time="0.213"/>
  <testcase name="validatePasswordConfirmWithIncorrectData[1](Tes1234)" classname="allcom_testng.tests.passwordReset.CreateNewPasswordPageTests" time="0.22"/>
  <testcase name="validatePasswordConfirmWithIncorrectData[2](Test1234555555555555555555555555555555555555555555555555555555555555555555555555555555555555)" classname="allcom_testng.tests.passwordReset.CreateNewPasswordPageTests" time="0.411"/>
  <testcase name="validatePasswordConfirmWithIncorrectData[3](1)" classname="allcom_testng.tests.passwordReset.CreateNewPasswordPageTests" time="0.166"/>
  <testcase name="validatePasswordConfirmWithIncorrectData[4](*&amp;^(*&amp;%$##@)" classname="allcom_testng.tests.passwordReset.CreateNewPasswordPageTests" time="0.205"/>
  <testcase name="validatePasswordConfirmWithIncorrectData[5](Qwertyuiop@1С‹)" classname="allcom_testng.tests.passwordReset.CreateNewPasswordPageTests" time="0.207"/>
  <testcase name="validatePasswordConfirmWithIncorrectData[6](Р¤Р«Р’РђРђРџРєРіСѓС‰СѓС†Р·)" classname="allcom_testng.tests.passwordReset.CreateNewPasswordPageTests" time="0.241"/>
  <testcase name="validatePasswordConfirmWithIncorrectData[7](Test 12345!)" classname="allcom_testng.tests.passwordReset.CreateNewPasswordPageTests" time="0.201"/>
  <testcase name="validatePasswordConfirmWithIncorrectData[8](SELECT* FROM)" classname="allcom_testng.tests.passwordReset.CreateNewPasswordPageTests" time="0.206"/>
  <testcase name="validatePasswordConfirmWithIncorrectData[9](www.gmail.com)" classname="allcom_testng.tests.passwordReset.CreateNewPasswordPageTests" time="0.207"/>
  <testcase name="validatePasswordConfirmWithIncorrectData[10]()" classname="allcom_testng.tests.passwordReset.CreateNewPasswordPageTests" time="0.162"/>
  <testcase name="validatePasswordConfirmWithIncorrectData[11](В )" classname="allcom_testng.tests.passwordReset.CreateNewPasswordPageTests" time="0.18"/>
  <testcase name="validatePasswordConfirmWithIncorrectData[12]()" classname="allcom_testng.tests.passwordReset.CreateNewPasswordPageTests" time="0.158"/>
  <testcase name="validatePasswordConfirmWithIncorrectData[13](0)" classname="allcom_testng.tests.passwordReset.CreateNewPasswordPageTests" time="0.186"/>
  <testcase name="validatePasswordConfirmWithIncorrectData[14](&lt;input&gt;)" classname="allcom_testng.tests.passwordReset.CreateNewPasswordPageTests" time="0.196"/>
  <testcase name="validatePasswordConfirmWithIncorrectData[15](&lt;script&gt;&lt;/script&gt;)" classname="allcom_testng.tests.passwordReset.CreateNewPasswordPageTests" time="0.217"/>
  <testcase name="validatePasswordConfirmWithIncorrectData[16](11111E+12)" classname="allcom_testng.tests.passwordReset.CreateNewPasswordPageTests" time="0.193"/>
  <testcase name="validatePasswordWithIncorrectData[0](п»їTes123)" classname="allcom_testng.tests.passwordReset.CreateNewPasswordPageTests" time="0.2"/>
  <testcase name="validatePasswordWithIncorrectData[1](Tes1234)" classname="allcom_testng.tests.passwordReset.CreateNewPasswordPageTests" time="0.191"/>
  <testcase name="validatePasswordWithIncorrectData[2](Test1234555555555555555555555555555555555555555555555555555555555555555555555555555555555555)" classname="allcom_testng.tests.passwordReset.CreateNewPasswordPageTests" time="0.39"/>
  <testcase name="validatePasswordWithIncorrectData[3](1)" classname="allcom_testng.tests.passwordReset.CreateNewPasswordPageTests" time="0.171"/>
  <testcase name="validatePasswordWithIncorrectData[4](*&amp;^(*&amp;%$##@)" classname="allcom_testng.tests.passwordReset.CreateNewPasswordPageTests" time="0.204"/>
  <testcase name="validatePasswordWithIncorrectData[5](Qwertyuiop@1С‹)" classname="allcom_testng.tests.passwordReset.CreateNewPasswordPageTests" time="0.214"/>
  <testcase name="validatePasswordWithIncorrectData[6](Р¤Р«Р’РђРђРџРєРіСѓС‰СѓС†Р·)" classname="allcom_testng.tests.passwordReset.CreateNewPasswordPageTests" time="0.244"/>
  <testcase name="validatePasswordWithIncorrectData[7](Test 12345!)" classname="allcom_testng.tests.passwordReset.CreateNewPasswordPageTests" time="0.198"/>
  <testcase name="validatePasswordWithIncorrectData[8](SELECT* FROM)" classname="allcom_testng.tests.passwordReset.CreateNewPasswordPageTests" time="0.211"/>
  <testcase name="validatePasswordWithIncorrectData[9](www.gmail.com)" classname="allcom_testng.tests.passwordReset.CreateNewPasswordPageTests" time="0.207"/>
  <testcase name="validatePasswordWithIncorrectData[10]()" classname="allcom_testng.tests.passwordReset.CreateNewPasswordPageTests" time="0.167"/>
  <testcase name="validatePasswordWithIncorrectData[11](В )" classname="allcom_testng.tests.passwordReset.CreateNewPasswordPageTests" time="0.178"/>
  <testcase name="validatePasswordWithIncorrectData[12]()" classname="allcom_testng.tests.passwordReset.CreateNewPasswordPageTests" time="0.165"/>
  <testcase name="validatePasswordWithIncorrectData[13](0)" classname="allcom_testng.tests.passwordReset.CreateNewPasswordPageTests" time="0.17"/>
  <testcase name="validatePasswordWithIncorrectData[14](&lt;input&gt;)" classname="allcom_testng.tests.passwordReset.CreateNewPasswordPageTests" time="0.217"/>
  <testcase name="validatePasswordWithIncorrectData[15](&lt;script&gt;&lt;/script&gt;)" classname="allcom_testng.tests.passwordReset.CreateNewPasswordPageTests" time="0.22"/>
  <testcase name="validatePasswordWithIncorrectData[16](11111E+12)" classname="allcom_testng.tests.passwordReset.CreateNewPasswordPageTests" time="0.21"/>
  <system-out><![CDATA[23:57:13.688 [Test worker] INFO  allcom_testng.tests.TestBase -- STARTED: [isCreateNewPasswordButtonPresent]
23:57:15.123 [Test worker] INFO  allcom_testng.tests.TestBase -- PASSED: [isCreateNewPasswordButtonPresent], with VALUES: []
23:57:15.123 [Test worker] INFO  allcom_testng.tests.TestBase -- STARTED: [isPasswordResetNotSuccessInvalidDataWithValidationCheck]
23:57:17.042 [Test worker] INFO  allcom_testng.tests.TestBase -- PASSED: [isPasswordResetNotSuccessInvalidDataWithValidationCheck], with VALUES: []
23:57:17.043 [Test worker] INFO  allcom_testng.tests.TestBase -- STARTED: [isPasswordResetNotSuccessInvalidDataWoValidationCheck]
23:57:18.996 [Test worker] INFO  allcom_testng.tests.TestBase -- PASSED: [isPasswordResetNotSuccessInvalidDataWoValidationCheck], with VALUES: []
23:57:18.997 [Test worker] INFO  allcom_testng.tests.TestBase -- STARTED: [isPasswordResetNotSuccessInvalidDataWoValidationCheckWoTimer]
23:57:20.700 [Test worker] INFO  allcom_testng.tests.TestBase -- PASSED: [isPasswordResetNotSuccessInvalidDataWoValidationCheckWoTimer], with VALUES: []
23:57:20.700 [Test worker] INFO  allcom_testng.tests.TestBase -- STARTED: [isPasswordResetSuccessValidDataWithValidationCheck]
23:57:22.409 [Test worker] INFO  allcom_testng.tests.TestBase -- PASSED: [isPasswordResetSuccessValidDataWithValidationCheck], with VALUES: []
23:57:22.409 [Test worker] INFO  allcom_testng.tests.TestBase -- STARTED: [isPasswordResetSuccessValidDataWoValidationCheck]
23:57:24.018 [Test worker] INFO  allcom_testng.tests.TestBase -- PASSED: [isPasswordResetSuccessValidDataWoValidationCheck], with VALUES: []
23:57:24.019 [Test worker] INFO  allcom_testng.tests.TestBase -- STARTED: [validateComparePasswordsEqualityNegative]
23:57:25.392 [Test worker] INFO  allcom_testng.tests.TestBase -- PASSED: [validateComparePasswordsEqualityNegative], with VALUES: []
23:57:25.393 [Test worker] INFO  allcom_testng.tests.TestBase -- STARTED: [validateComparePasswordsEqualityPositive]
23:57:26.941 [Test worker] INFO  allcom_testng.tests.TestBase -- PASSED: [validateComparePasswordsEqualityPositive], with VALUES: []
23:57:26.942 [Test worker] INFO  allcom_testng.tests.TestBase -- STARTED: [validatePasswordConfirmWithIncorrectData]
23:57:28.350 [Test worker] INFO  allcom_testng.tests.TestBase -- PASSED: [validatePasswordConfirmWithIncorrectData], with VALUES: [п»їTes123]
23:57:28.350 [Test worker] INFO  allcom_testng.tests.TestBase -- STARTED: [validatePasswordConfirmWithIncorrectData]
23:57:29.848 [Test worker] INFO  allcom_testng.tests.TestBase -- PASSED: [validatePasswordConfirmWithIncorrectData], with VALUES: [Tes1234]
23:57:29.848 [Test worker] INFO  allcom_testng.tests.TestBase -- STARTED: [validatePasswordConfirmWithIncorrectData]
23:57:31.513 [Test worker] INFO  allcom_testng.tests.TestBase -- PASSED: [validatePasswordConfirmWithIncorrectData], with VALUES: [Test1234555555555555555555555555555555555555555555555555555555555555555555555555555555555555]
23:57:31.513 [Test worker] INFO  allcom_testng.tests.TestBase -- STARTED: [validatePasswordConfirmWithIncorrectData]
23:57:33.016 [Test worker] INFO  allcom_testng.tests.TestBase -- PASSED: [validatePasswordConfirmWithIncorrectData], with VALUES: [1]
23:57:33.016 [Test worker] INFO  allcom_testng.tests.TestBase -- STARTED: [validatePasswordConfirmWithIncorrectData]
23:57:34.410 [Test worker] INFO  allcom_testng.tests.TestBase -- PASSED: [validatePasswordConfirmWithIncorrectData], with VALUES: [*&^(*&%$##@]
23:57:34.410 [Test worker] INFO  allcom_testng.tests.TestBase -- STARTED: [validatePasswordConfirmWithIncorrectData]
23:57:35.776 [Test worker] INFO  allcom_testng.tests.TestBase -- PASSED: [validatePasswordConfirmWithIncorrectData], with VALUES: [Qwertyuiop@1С‹]
23:57:35.776 [Test worker] INFO  allcom_testng.tests.TestBase -- STARTED: [validatePasswordConfirmWithIncorrectData]
23:57:37.250 [Test worker] INFO  allcom_testng.tests.TestBase -- PASSED: [validatePasswordConfirmWithIncorrectData], with VALUES: [Р¤Р«Р’РђРђРџРєРіСѓС‰СѓС†Р·]
23:57:37.250 [Test worker] INFO  allcom_testng.tests.TestBase -- STARTED: [validatePasswordConfirmWithIncorrectData]
23:57:38.743 [Test worker] INFO  allcom_testng.tests.TestBase -- PASSED: [validatePasswordConfirmWithIncorrectData], with VALUES: [Test 12345!]
23:57:38.743 [Test worker] INFO  allcom_testng.tests.TestBase -- STARTED: [validatePasswordConfirmWithIncorrectData]
23:57:40.116 [Test worker] INFO  allcom_testng.tests.TestBase -- PASSED: [validatePasswordConfirmWithIncorrectData], with VALUES: [SELECT* FROM]
23:57:40.116 [Test worker] INFO  allcom_testng.tests.TestBase -- STARTED: [validatePasswordConfirmWithIncorrectData]
23:57:41.516 [Test worker] INFO  allcom_testng.tests.TestBase -- PASSED: [validatePasswordConfirmWithIncorrectData], with VALUES: [www.gmail.com]
23:57:41.516 [Test worker] INFO  allcom_testng.tests.TestBase -- STARTED: [validatePasswordConfirmWithIncorrectData]
23:57:42.891 [Test worker] INFO  allcom_testng.tests.TestBase -- PASSED: [validatePasswordConfirmWithIncorrectData], with VALUES: []
23:57:42.891 [Test worker] INFO  allcom_testng.tests.TestBase -- STARTED: [validatePasswordConfirmWithIncorrectData]
23:57:44.267 [Test worker] INFO  allcom_testng.tests.TestBase -- PASSED: [validatePasswordConfirmWithIncorrectData], with VALUES: [В ]
23:57:44.267 [Test worker] INFO  allcom_testng.tests.TestBase -- STARTED: [validatePasswordConfirmWithIncorrectData]
23:57:45.675 [Test worker] INFO  allcom_testng.tests.TestBase -- PASSED: [validatePasswordConfirmWithIncorrectData], with VALUES: []
23:57:45.675 [Test worker] INFO  allcom_testng.tests.TestBase -- STARTED: [validatePasswordConfirmWithIncorrectData]
23:57:47.059 [Test worker] INFO  allcom_testng.tests.TestBase -- PASSED: [validatePasswordConfirmWithIncorrectData], with VALUES: [0]
23:57:47.060 [Test worker] INFO  allcom_testng.tests.TestBase -- STARTED: [validatePasswordConfirmWithIncorrectData]
23:57:48.634 [Test worker] INFO  allcom_testng.tests.TestBase -- PASSED: [validatePasswordConfirmWithIncorrectData], with VALUES: [<input>]
23:57:48.634 [Test worker] INFO  allcom_testng.tests.TestBase -- STARTED: [validatePasswordConfirmWithIncorrectData]
23:57:50.120 [Test worker] INFO  allcom_testng.tests.TestBase -- PASSED: [validatePasswordConfirmWithIncorrectData], with VALUES: [<script></script>]
23:57:50.120 [Test worker] INFO  allcom_testng.tests.TestBase -- STARTED: [validatePasswordConfirmWithIncorrectData]
23:57:51.515 [Test worker] INFO  allcom_testng.tests.TestBase -- PASSED: [validatePasswordConfirmWithIncorrectData], with VALUES: [11111E+12]
23:57:51.516 [Test worker] INFO  allcom_testng.tests.TestBase -- STARTED: [validatePasswordWithIncorrectData]
23:57:52.918 [Test worker] INFO  allcom_testng.tests.TestBase -- PASSED: [validatePasswordWithIncorrectData], with VALUES: [п»їTes123]
23:57:52.918 [Test worker] INFO  allcom_testng.tests.TestBase -- STARTED: [validatePasswordWithIncorrectData]
23:57:54.334 [Test worker] INFO  allcom_testng.tests.TestBase -- PASSED: [validatePasswordWithIncorrectData], with VALUES: [Tes1234]
23:57:54.334 [Test worker] INFO  allcom_testng.tests.TestBase -- STARTED: [validatePasswordWithIncorrectData]
23:57:55.912 [Test worker] INFO  allcom_testng.tests.TestBase -- PASSED: [validatePasswordWithIncorrectData], with VALUES: [Test1234555555555555555555555555555555555555555555555555555555555555555555555555555555555555]
23:57:55.913 [Test worker] INFO  allcom_testng.tests.TestBase -- STARTED: [validatePasswordWithIncorrectData]
23:57:57.264 [Test worker] INFO  allcom_testng.tests.TestBase -- PASSED: [validatePasswordWithIncorrectData], with VALUES: [1]
23:57:57.264 [Test worker] INFO  allcom_testng.tests.TestBase -- STARTED: [validatePasswordWithIncorrectData]
23:57:58.653 [Test worker] INFO  allcom_testng.tests.TestBase -- PASSED: [validatePasswordWithIncorrectData], with VALUES: [*&^(*&%$##@]
23:57:58.653 [Test worker] INFO  allcom_testng.tests.TestBase -- STARTED: [validatePasswordWithIncorrectData]
23:58:00.081 [Test worker] INFO  allcom_testng.tests.TestBase -- PASSED: [validatePasswordWithIncorrectData], with VALUES: [Qwertyuiop@1С‹]
23:58:00.081 [Test worker] INFO  allcom_testng.tests.TestBase -- STARTED: [validatePasswordWithIncorrectData]
23:58:01.537 [Test worker] INFO  allcom_testng.tests.TestBase -- PASSED: [validatePasswordWithIncorrectData], with VALUES: [Р¤Р«Р’РђРђРџРєРіСѓС‰СѓС†Р·]
23:58:01.538 [Test worker] INFO  allcom_testng.tests.TestBase -- STARTED: [validatePasswordWithIncorrectData]
23:58:02.972 [Test worker] INFO  allcom_testng.tests.TestBase -- PASSED: [validatePasswordWithIncorrectData], with VALUES: [Test 12345!]
23:58:02.972 [Test worker] INFO  allcom_testng.tests.TestBase -- STARTED: [validatePasswordWithIncorrectData]
23:58:04.469 [Test worker] INFO  allcom_testng.tests.TestBase -- PASSED: [validatePasswordWithIncorrectData], with VALUES: [SELECT* FROM]
23:58:04.469 [Test worker] INFO  allcom_testng.tests.TestBase -- STARTED: [validatePasswordWithIncorrectData]
23:58:06.135 [Test worker] INFO  allcom_testng.tests.TestBase -- PASSED: [validatePasswordWithIncorrectData], with VALUES: [www.gmail.com]
23:58:06.135 [Test worker] INFO  allcom_testng.tests.TestBase -- STARTED: [validatePasswordWithIncorrectData]
23:58:07.564 [Test worker] INFO  allcom_testng.tests.TestBase -- PASSED: [validatePasswordWithIncorrectData], with VALUES: []
23:58:07.564 [Test worker] INFO  allcom_testng.tests.TestBase -- STARTED: [validatePasswordWithIncorrectData]
23:58:08.961 [Test worker] INFO  allcom_testng.tests.TestBase -- PASSED: [validatePasswordWithIncorrectData], with VALUES: [В ]
23:58:08.962 [Test worker] INFO  allcom_testng.tests.TestBase -- STARTED: [validatePasswordWithIncorrectData]
23:58:10.367 [Test worker] INFO  allcom_testng.tests.TestBase -- PASSED: [validatePasswordWithIncorrectData], with VALUES: []
23:58:10.368 [Test worker] INFO  allcom_testng.tests.TestBase -- STARTED: [validatePasswordWithIncorrectData]
23:58:11.742 [Test worker] INFO  allcom_testng.tests.TestBase -- PASSED: [validatePasswordWithIncorrectData], with VALUES: [0]
23:58:11.743 [Test worker] INFO  allcom_testng.tests.TestBase -- STARTED: [validatePasswordWithIncorrectData]
23:58:13.214 [Test worker] INFO  allcom_testng.tests.TestBase -- PASSED: [validatePasswordWithIncorrectData], with VALUES: [<input>]
23:58:13.214 [Test worker] INFO  allcom_testng.tests.TestBase -- STARTED: [validatePasswordWithIncorrectData]
23:58:14.699 [Test worker] INFO  allcom_testng.tests.TestBase -- PASSED: [validatePasswordWithIncorrectData], with VALUES: [<script></script>]
23:58:14.699 [Test worker] INFO  allcom_testng.tests.TestBase -- STARTED: [validatePasswordWithIncorrectData]
23:58:16.109 [Test worker] INFO  allcom_testng.tests.TestBase -- PASSED: [validatePasswordWithIncorrectData], with VALUES: [11111E+12]
]]></system-out>
  <system-err><![CDATA[]]></system-err>
</testsuite>
