<?xml version="1.0" encoding="UTF-8"?>
<testsuite name="allcom_testng.tests.aboutUs.AboutUsPageTests" tests="3" skipped="0" failures="0" errors="0" timestamp="2024-02-08T22:52:06" hostname="DESKTOP-8I9EVFD" time="1.549">
  <properties/>
  <testcase name="aboutUsContentIsPresent" classname="allcom_testng.tests.aboutUs.AboutUsPageTests" time="0.001"/>
  <testcase name="aboutUsHeaderIsPresent" classname="allcom_testng.tests.aboutUs.AboutUsPageTests" time="0.001"/>
  <testcase name="aboutUsMapContainerIsPresent" classname="allcom_testng.tests.aboutUs.AboutUsPageTests" time="0.0"/>
  <system-out><![CDATA[23:52:05.184 [Test worker] INFO  allcom_testng.tests.TestBase -- STARTED: [aboutUsContentIsPresent]
23:52:06.197 [Test worker] INFO  allcom_testng.tests.TestBase -- PASSED: [aboutUsContentIsPresent], with VALUES: []
23:52:06.201 [Test worker] INFO  allcom_testng.tests.TestBase -- STARTED: [aboutUsHeaderIsPresent]
23:52:07.027 [Test worker] INFO  allcom_testng.tests.TestBase -- PASSED: [aboutUsHeaderIsPresent], with VALUES: []
23:52:07.028 [Test worker] INFO  allcom_testng.tests.TestBase -- STARTED: [aboutUsMapContainerIsPresent]
23:52:07.744 [Test worker] INFO  allcom_testng.tests.TestBase -- PASSED: [aboutUsMapContainerIsPresent], with VALUES: []
]]></system-out>
  <system-err><![CDATA[]]></system-err>
</testsuite>
