<?xml version="1.0" encoding="UTF-8"?>
<testsuite name="allcom.tests.passwordReset.CreateNewPasswordPageTests" tests="42" skipped="0" failures="0" errors="0" timestamp="2024-01-28T20:59:32" hostname="PORTISHEAD-PC" time="45.944">
  <properties/>
  <testcase name="isCreateNewPasswordButtonPresent" classname="allcom.tests.passwordReset.CreateNewPasswordPageTests" time="10.103"/>
  <testcase name="isPasswordResetNotSuccessInvalidDataWithValidationCheck" classname="allcom.tests.passwordReset.CreateNewPasswordPageTests" time="0.377"/>
  <testcase name="isPasswordResetNotSuccessInvalidDataWoValidationCheck" classname="allcom.tests.passwordReset.CreateNewPasswordPageTests" time="5.46"/>
  <testcase name="isPasswordResetNotSuccessInvalidDataWoValidationCheckWoTimer" classname="allcom.tests.passwordReset.CreateNewPasswordPageTests" time="5.466"/>
  <testcase name="isPasswordResetSuccessValidDataWithValidationCheck" classname="allcom.tests.passwordReset.CreateNewPasswordPageTests" time="10.374"/>
  <testcase name="isPasswordResetSuccessValidDataWoValidationCheck" classname="allcom.tests.passwordReset.CreateNewPasswordPageTests" time="0.408"/>
  <testcase name="validateComparePasswordsEqualityNegative" classname="allcom.tests.passwordReset.CreateNewPasswordPageTests" time="0.0"/>
  <testcase name="validateComparePasswordsEqualityPositive" classname="allcom.tests.passwordReset.CreateNewPasswordPageTests" time="0.36"/>
  <testcase name="validatePasswordConfirmWithIncorrectData[0](п»їTes123)" classname="allcom.tests.passwordReset.CreateNewPasswordPageTests" time="0.27"/>
  <testcase name="validatePasswordConfirmWithIncorrectData[1](Tes1234)" classname="allcom.tests.passwordReset.CreateNewPasswordPageTests" time="0.279"/>
  <testcase name="validatePasswordConfirmWithIncorrectData[2](Test1234555555555555555555555555555555555555555555555555555555555555555555555555555555555555)" classname="allcom.tests.passwordReset.CreateNewPasswordPageTests" time="0.393"/>
  <testcase name="validatePasswordConfirmWithIncorrectData[3](1)" classname="allcom.tests.passwordReset.CreateNewPasswordPageTests" time="0.102"/>
  <testcase name="validatePasswordConfirmWithIncorrectData[4](*&amp;^(*&amp;%$##@)" classname="allcom.tests.passwordReset.CreateNewPasswordPageTests" time="0.276"/>
  <testcase name="validatePasswordConfirmWithIncorrectData[5](Qwertyuiop@1С‹)" classname="allcom.tests.passwordReset.CreateNewPasswordPageTests" time="0.291"/>
  <testcase name="validatePasswordConfirmWithIncorrectData[6](Р¤Р«Р’РђРђРџРєРіСѓС‰СѓС†Р·)" classname="allcom.tests.passwordReset.CreateNewPasswordPageTests" time="0.307"/>
  <testcase name="validatePasswordConfirmWithIncorrectData[7](Test 12345!)" classname="allcom.tests.passwordReset.CreateNewPasswordPageTests" time="0.123"/>
  <testcase name="validatePasswordConfirmWithIncorrectData[8](SELECT* FROM)" classname="allcom.tests.passwordReset.CreateNewPasswordPageTests" time="0.289"/>
  <testcase name="validatePasswordConfirmWithIncorrectData[9](www.gmail.com)" classname="allcom.tests.passwordReset.CreateNewPasswordPageTests" time="0.29"/>
  <testcase name="validatePasswordConfirmWithIncorrectData[10]()" classname="allcom.tests.passwordReset.CreateNewPasswordPageTests" time="0.091"/>
  <testcase name="validatePasswordConfirmWithIncorrectData[11](В )" classname="allcom.tests.passwordReset.CreateNewPasswordPageTests" time="0.313"/>
  <testcase name="validatePasswordConfirmWithIncorrectData[12]()" classname="allcom.tests.passwordReset.CreateNewPasswordPageTests" time="0.095"/>
  <testcase name="validatePasswordConfirmWithIncorrectData[13](0)" classname="allcom.tests.passwordReset.CreateNewPasswordPageTests" time="0.264"/>
  <testcase name="validatePasswordConfirmWithIncorrectData[14](&lt;input&gt;)" classname="allcom.tests.passwordReset.CreateNewPasswordPageTests" time="0.263"/>
  <testcase name="validatePasswordConfirmWithIncorrectData[15](&lt;script&gt;&lt;/script&gt;)" classname="allcom.tests.passwordReset.CreateNewPasswordPageTests" time="0.133"/>
  <testcase name="validatePasswordConfirmWithIncorrectData[16](11111E+12)" classname="allcom.tests.passwordReset.CreateNewPasswordPageTests" time="0.285"/>
  <testcase name="validatePasswordWithIncorrectData[0](п»їTes123)" classname="allcom.tests.passwordReset.CreateNewPasswordPageTests" time="0.282"/>
  <testcase name="validatePasswordWithIncorrectData[1](Tes1234)" classname="allcom.tests.passwordReset.CreateNewPasswordPageTests" time="0.12"/>
  <testcase name="validatePasswordWithIncorrectData[2](Test1234555555555555555555555555555555555555555555555555555555555555555555555555555555555555)" classname="allcom.tests.passwordReset.CreateNewPasswordPageTests" time="0.417"/>
  <testcase name="validatePasswordWithIncorrectData[3](1)" classname="allcom.tests.passwordReset.CreateNewPasswordPageTests" time="0.28"/>
  <testcase name="validatePasswordWithIncorrectData[4](*&amp;^(*&amp;%$##@)" classname="allcom.tests.passwordReset.CreateNewPasswordPageTests" time="0.29"/>
  <testcase name="validatePasswordWithIncorrectData[5](Qwertyuiop@1С‹)" classname="allcom.tests.passwordReset.CreateNewPasswordPageTests" time="0.125"/>
  <testcase name="validatePasswordWithIncorrectData[6](Р¤Р«Р’РђРђРџРєРіСѓС‰СѓС†Р·)" classname="allcom.tests.passwordReset.CreateNewPasswordPageTests" time="0.332"/>
  <testcase name="validatePasswordWithIncorrectData[7](Test 12345!)" classname="allcom.tests.passwordReset.CreateNewPasswordPageTests" time="0.294"/>
  <testcase name="validatePasswordWithIncorrectData[8](SELECT* FROM)" classname="allcom.tests.passwordReset.CreateNewPasswordPageTests" time="0.36"/>
  <testcase name="validatePasswordWithIncorrectData[9](www.gmail.com)" classname="allcom.tests.passwordReset.CreateNewPasswordPageTests" time="0.131"/>
  <testcase name="validatePasswordWithIncorrectData[10]()" classname="allcom.tests.passwordReset.CreateNewPasswordPageTests" time="0.281"/>
  <testcase name="validatePasswordWithIncorrectData[11](В )" classname="allcom.tests.passwordReset.CreateNewPasswordPageTests" time="0.1"/>
  <testcase name="validatePasswordWithIncorrectData[12]()" classname="allcom.tests.passwordReset.CreateNewPasswordPageTests" time="0.28"/>
  <testcase name="validatePasswordWithIncorrectData[13](0)" classname="allcom.tests.passwordReset.CreateNewPasswordPageTests" time="0.107"/>
  <testcase name="validatePasswordWithIncorrectData[14](&lt;input&gt;)" classname="allcom.tests.passwordReset.CreateNewPasswordPageTests" time="0.295"/>
  <testcase name="validatePasswordWithIncorrectData[15](&lt;script&gt;&lt;/script&gt;)" classname="allcom.tests.passwordReset.CreateNewPasswordPageTests" time="0.314"/>
  <testcase name="validatePasswordWithIncorrectData[16](11111E+12)" classname="allcom.tests.passwordReset.CreateNewPasswordPageTests" time="0.121"/>
  <system-out><![CDATA[21:59:32.470 [Test worker] INFO  allcom.tests.TestBase -- Start test: [isCreateNewPasswordButtonPresent]
21:59:42.794 [Test worker] INFO  allcom.tests.TestBase -- PASSED: [isCreateNewPasswordButtonPresent], with Parameters: []
21:59:42.795 [Test worker] INFO  allcom.tests.TestBase -- Start test: [isPasswordResetNotSuccessInvalidDataWithValidationCheck]
21:59:43.302 [Test worker] INFO  allcom.tests.TestBase -- PASSED: [isPasswordResetNotSuccessInvalidDataWithValidationCheck], with Parameters: []
21:59:43.302 [Test worker] INFO  allcom.tests.TestBase -- Start test: [isPasswordResetNotSuccessInvalidDataWoValidationCheck]
21:59:48.884 [Test worker] INFO  allcom.tests.TestBase -- PASSED: [isPasswordResetNotSuccessInvalidDataWoValidationCheck], with Parameters: []
21:59:48.884 [Test worker] INFO  allcom.tests.TestBase -- Start test: [isPasswordResetNotSuccessInvalidDataWoValidationCheckWoTimer]
21:59:54.486 [Test worker] INFO  allcom.tests.TestBase -- PASSED: [isPasswordResetNotSuccessInvalidDataWoValidationCheckWoTimer], with Parameters: []
21:59:54.486 [Test worker] INFO  allcom.tests.TestBase -- Start test: [isPasswordResetSuccessValidDataWithValidationCheck]
22:00:05.136 [Test worker] INFO  allcom.tests.TestBase -- PASSED: [isPasswordResetSuccessValidDataWithValidationCheck], with Parameters: []
22:00:05.137 [Test worker] INFO  allcom.tests.TestBase -- Start test: [isPasswordResetSuccessValidDataWoValidationCheck]
22:00:05.671 [Test worker] INFO  allcom.tests.TestBase -- PASSED: [isPasswordResetSuccessValidDataWoValidationCheck], with Parameters: []
22:00:05.672 [Test worker] INFO  allcom.tests.TestBase -- Start test: [validateComparePasswordsEqualityNegative]
22:00:05.796 [Test worker] INFO  allcom.tests.TestBase -- PASSED: [validateComparePasswordsEqualityNegative], with Parameters: []
22:00:05.796 [Test worker] INFO  allcom.tests.TestBase -- Start test: [validateComparePasswordsEqualityPositive]
22:00:06.273 [Test worker] INFO  allcom.tests.TestBase -- PASSED: [validateComparePasswordsEqualityPositive], with Parameters: []
22:00:06.275 [Test worker] INFO  allcom.tests.TestBase -- Start test: [validatePasswordConfirmWithIncorrectData]
22:00:06.669 [Test worker] INFO  allcom.tests.TestBase -- PASSED: [validatePasswordConfirmWithIncorrectData], with Parameters: [п»їTes123]
22:00:06.670 [Test worker] INFO  allcom.tests.TestBase -- Start test: [validatePasswordConfirmWithIncorrectData]
22:00:07.064 [Test worker] INFO  allcom.tests.TestBase -- PASSED: [validatePasswordConfirmWithIncorrectData], with Parameters: [Tes1234]
22:00:07.064 [Test worker] INFO  allcom.tests.TestBase -- Start test: [validatePasswordConfirmWithIncorrectData]
22:00:07.580 [Test worker] INFO  allcom.tests.TestBase -- PASSED: [validatePasswordConfirmWithIncorrectData], with Parameters: [Test1234555555555555555555555555555555555555555555555555555555555555555555555555555555555555]
22:00:07.581 [Test worker] INFO  allcom.tests.TestBase -- Start test: [validatePasswordConfirmWithIncorrectData]
22:00:07.804 [Test worker] INFO  allcom.tests.TestBase -- PASSED: [validatePasswordConfirmWithIncorrectData], with Parameters: [1]
22:00:07.805 [Test worker] INFO  allcom.tests.TestBase -- Start test: [validatePasswordConfirmWithIncorrectData]
22:00:08.201 [Test worker] INFO  allcom.tests.TestBase -- PASSED: [validatePasswordConfirmWithIncorrectData], with Parameters: [*&^(*&%$##@]
22:00:08.201 [Test worker] INFO  allcom.tests.TestBase -- Start test: [validatePasswordConfirmWithIncorrectData]
22:00:08.608 [Test worker] INFO  allcom.tests.TestBase -- PASSED: [validatePasswordConfirmWithIncorrectData], with Parameters: [Qwertyuiop@1С‹]
22:00:08.608 [Test worker] INFO  allcom.tests.TestBase -- Start test: [validatePasswordConfirmWithIncorrectData]
22:00:09.038 [Test worker] INFO  allcom.tests.TestBase -- PASSED: [validatePasswordConfirmWithIncorrectData], with Parameters: [Р¤Р«Р’РђРђРџРєРіСѓС‰СѓС†Р·]
22:00:09.039 [Test worker] INFO  allcom.tests.TestBase -- Start test: [validatePasswordConfirmWithIncorrectData]
22:00:09.282 [Test worker] INFO  allcom.tests.TestBase -- PASSED: [validatePasswordConfirmWithIncorrectData], with Parameters: [Test 12345!]
22:00:09.282 [Test worker] INFO  allcom.tests.TestBase -- Start test: [validatePasswordConfirmWithIncorrectData]
22:00:09.693 [Test worker] INFO  allcom.tests.TestBase -- PASSED: [validatePasswordConfirmWithIncorrectData], with Parameters: [SELECT* FROM]
22:00:09.694 [Test worker] INFO  allcom.tests.TestBase -- Start test: [validatePasswordConfirmWithIncorrectData]
22:00:10.104 [Test worker] INFO  allcom.tests.TestBase -- PASSED: [validatePasswordConfirmWithIncorrectData], with Parameters: [www.gmail.com]
22:00:10.104 [Test worker] INFO  allcom.tests.TestBase -- Start test: [validatePasswordConfirmWithIncorrectData]
22:00:10.320 [Test worker] INFO  allcom.tests.TestBase -- PASSED: [validatePasswordConfirmWithIncorrectData], with Parameters: []
22:00:10.321 [Test worker] INFO  allcom.tests.TestBase -- Start test: [validatePasswordConfirmWithIncorrectData]
22:00:10.756 [Test worker] INFO  allcom.tests.TestBase -- PASSED: [validatePasswordConfirmWithIncorrectData], with Parameters: [В ]
22:00:10.756 [Test worker] INFO  allcom.tests.TestBase -- Start test: [validatePasswordConfirmWithIncorrectData]
22:00:10.987 [Test worker] INFO  allcom.tests.TestBase -- PASSED: [validatePasswordConfirmWithIncorrectData], with Parameters: []
22:00:10.987 [Test worker] INFO  allcom.tests.TestBase -- Start test: [validatePasswordConfirmWithIncorrectData]
22:00:11.370 [Test worker] INFO  allcom.tests.TestBase -- PASSED: [validatePasswordConfirmWithIncorrectData], with Parameters: [0]
22:00:11.370 [Test worker] INFO  allcom.tests.TestBase -- Start test: [validatePasswordConfirmWithIncorrectData]
22:00:11.749 [Test worker] INFO  allcom.tests.TestBase -- PASSED: [validatePasswordConfirmWithIncorrectData], with Parameters: [<input>]
22:00:11.749 [Test worker] INFO  allcom.tests.TestBase -- Start test: [validatePasswordConfirmWithIncorrectData]
22:00:12.017 [Test worker] INFO  allcom.tests.TestBase -- PASSED: [validatePasswordConfirmWithIncorrectData], with Parameters: [<script></script>]
22:00:12.017 [Test worker] INFO  allcom.tests.TestBase -- Start test: [validatePasswordConfirmWithIncorrectData]
22:00:12.417 [Test worker] INFO  allcom.tests.TestBase -- PASSED: [validatePasswordConfirmWithIncorrectData], with Parameters: [11111E+12]
22:00:12.418 [Test worker] INFO  allcom.tests.TestBase -- Start test: [validatePasswordWithIncorrectData]
22:00:12.825 [Test worker] INFO  allcom.tests.TestBase -- PASSED: [validatePasswordWithIncorrectData], with Parameters: [п»їTes123]
22:00:12.826 [Test worker] INFO  allcom.tests.TestBase -- Start test: [validatePasswordWithIncorrectData]
22:00:13.078 [Test worker] INFO  allcom.tests.TestBase -- PASSED: [validatePasswordWithIncorrectData], with Parameters: [Tes1234]
22:00:13.078 [Test worker] INFO  allcom.tests.TestBase -- Start test: [validatePasswordWithIncorrectData]
22:00:13.615 [Test worker] INFO  allcom.tests.TestBase -- PASSED: [validatePasswordWithIncorrectData], with Parameters: [Test1234555555555555555555555555555555555555555555555555555555555555555555555555555555555555]
22:00:13.615 [Test worker] INFO  allcom.tests.TestBase -- Start test: [validatePasswordWithIncorrectData]
22:00:14.017 [Test worker] INFO  allcom.tests.TestBase -- PASSED: [validatePasswordWithIncorrectData], with Parameters: [1]
22:00:14.018 [Test worker] INFO  allcom.tests.TestBase -- Start test: [validatePasswordWithIncorrectData]
22:00:14.437 [Test worker] INFO  allcom.tests.TestBase -- PASSED: [validatePasswordWithIncorrectData], with Parameters: [*&^(*&%$##@]
22:00:14.437 [Test worker] INFO  allcom.tests.TestBase -- Start test: [validatePasswordWithIncorrectData]
22:00:14.690 [Test worker] INFO  allcom.tests.TestBase -- PASSED: [validatePasswordWithIncorrectData], with Parameters: [Qwertyuiop@1С‹]
22:00:14.690 [Test worker] INFO  allcom.tests.TestBase -- Start test: [validatePasswordWithIncorrectData]
22:00:15.150 [Test worker] INFO  allcom.tests.TestBase -- PASSED: [validatePasswordWithIncorrectData], with Parameters: [Р¤Р«Р’РђРђРџРєРіСѓС‰СѓС†Р·]
22:00:15.150 [Test worker] INFO  allcom.tests.TestBase -- Start test: [validatePasswordWithIncorrectData]
22:00:15.570 [Test worker] INFO  allcom.tests.TestBase -- PASSED: [validatePasswordWithIncorrectData], with Parameters: [Test 12345!]
22:00:15.570 [Test worker] INFO  allcom.tests.TestBase -- Start test: [validatePasswordWithIncorrectData]
22:00:16.052 [Test worker] INFO  allcom.tests.TestBase -- PASSED: [validatePasswordWithIncorrectData], with Parameters: [SELECT* FROM]
22:00:16.053 [Test worker] INFO  allcom.tests.TestBase -- Start test: [validatePasswordWithIncorrectData]
22:00:16.299 [Test worker] INFO  allcom.tests.TestBase -- PASSED: [validatePasswordWithIncorrectData], with Parameters: [www.gmail.com]
22:00:16.299 [Test worker] INFO  allcom.tests.TestBase -- Start test: [validatePasswordWithIncorrectData]
22:00:16.696 [Test worker] INFO  allcom.tests.TestBase -- PASSED: [validatePasswordWithIncorrectData], with Parameters: []
22:00:16.696 [Test worker] INFO  allcom.tests.TestBase -- Start test: [validatePasswordWithIncorrectData]
22:00:16.920 [Test worker] INFO  allcom.tests.TestBase -- PASSED: [validatePasswordWithIncorrectData], with Parameters: [В ]
22:00:16.921 [Test worker] INFO  allcom.tests.TestBase -- Start test: [validatePasswordWithIncorrectData]
22:00:17.322 [Test worker] INFO  allcom.tests.TestBase -- PASSED: [validatePasswordWithIncorrectData], with Parameters: []
22:00:17.322 [Test worker] INFO  allcom.tests.TestBase -- Start test: [validatePasswordWithIncorrectData]
22:00:17.539 [Test worker] INFO  allcom.tests.TestBase -- PASSED: [validatePasswordWithIncorrectData], with Parameters: [0]
22:00:17.539 [Test worker] INFO  allcom.tests.TestBase -- Start test: [validatePasswordWithIncorrectData]
22:00:17.954 [Test worker] INFO  allcom.tests.TestBase -- PASSED: [validatePasswordWithIncorrectData], with Parameters: [<input>]
22:00:17.954 [Test worker] INFO  allcom.tests.TestBase -- Start test: [validatePasswordWithIncorrectData]
22:00:18.383 [Test worker] INFO  allcom.tests.TestBase -- PASSED: [validatePasswordWithIncorrectData], with Parameters: [<script></script>]
22:00:18.383 [Test worker] INFO  allcom.tests.TestBase -- Start test: [validatePasswordWithIncorrectData]
22:00:18.635 [Test worker] INFO  allcom.tests.TestBase -- PASSED: [validatePasswordWithIncorrectData], with Parameters: [11111E+12]
]]></system-out>
  <system-err><![CDATA[]]></system-err>
</testsuite>
