<?xml version="1.0" encoding="UTF-8"?>
<testsuite name="allcom.tests.header.SearchBoxTests" tests="78" skipped="0" failures="0" errors="0" timestamp="2024-01-28T20:58:37" hostname="PORTISHEAD-PC" time="18.559">
  <properties/>
  <testcase name="searchBoxAcceptsLongInput" classname="allcom.tests.header.SearchBoxTests" time="0.207"/>
  <testcase name="searchBoxAcceptsSpecialCharacters" classname="allcom.tests.header.SearchBoxTests" time="0.115"/>
  <testcase name="searchBoxInputIsPresent" classname="allcom.tests.header.SearchBoxTests" time="0.0"/>
  <testcase name="searchBoxInputTest[0]()" classname="allcom.tests.header.SearchBoxTests" time="0.098"/>
  <testcase name="searchBoxInputTest[1](В )" classname="allcom.tests.header.SearchBoxTests" time="0.091"/>
  <testcase name="searchBoxInputTest[2](&lt;script&gt;)" classname="allcom.tests.header.SearchBoxTests" time="0.122"/>
  <testcase name="searchBoxInputTest[3](&lt;/script&gt;)" classname="allcom.tests.header.SearchBoxTests" time="0.105"/>
  <testcase name="searchBoxInputTest[4](&lt;script&gt;)" classname="allcom.tests.header.SearchBoxTests" time="0.11"/>
  <testcase name="searchBoxInputTest[5](&lt;img&gt;)" classname="allcom.tests.header.SearchBoxTests" time="0.201"/>
  <testcase name="searchBoxInputTest[6](&lt;div&gt;)" classname="allcom.tests.header.SearchBoxTests" time="0.093"/>
  <testcase name="searchBoxInputTest[7](&lt;iframe&gt;)" classname="allcom.tests.header.SearchBoxTests" time="0.095"/>
  <testcase name="searchBoxInputTest[8](&lt;input&gt;)" classname="allcom.tests.header.SearchBoxTests" time="0.107"/>
  <testcase name="searchBoxInputTest[9](@@)" classname="allcom.tests.header.SearchBoxTests" time="0.094"/>
  <testcase name="searchBoxInputTest[10](char)" classname="allcom.tests.header.SearchBoxTests" time="0.1"/>
  <testcase name="searchBoxInputTest[11](nchar)" classname="allcom.tests.header.SearchBoxTests" time="0.096"/>
  <testcase name="searchBoxInputTest[12](varchar)" classname="allcom.tests.header.SearchBoxTests" time="0.093"/>
  <testcase name="searchBoxInputTest[13](nvarchar)" classname="allcom.tests.header.SearchBoxTests" time="0.102"/>
  <testcase name="searchBoxInputTest[14](alter)" classname="allcom.tests.header.SearchBoxTests" time="0.086"/>
  <testcase name="searchBoxInputTest[15](begin)" classname="allcom.tests.header.SearchBoxTests" time="0.091"/>
  <testcase name="searchBoxInputTest[16](cast)" classname="allcom.tests.header.SearchBoxTests" time="0.091"/>
  <testcase name="searchBoxInputTest[17](create)" classname="allcom.tests.header.SearchBoxTests" time="0.105"/>
  <testcase name="searchBoxInputTest[18](cursor)" classname="allcom.tests.header.SearchBoxTests" time="0.099"/>
  <testcase name="searchBoxInputTest[19](declare)" classname="allcom.tests.header.SearchBoxTests" time="0.088"/>
  <testcase name="searchBoxInputTest[20](delete)" classname="allcom.tests.header.SearchBoxTests" time="0.118"/>
  <testcase name="searchBoxInputTest[21](drop)" classname="allcom.tests.header.SearchBoxTests" time="0.087"/>
  <testcase name="searchBoxInputTest[22](exec)" classname="allcom.tests.header.SearchBoxTests" time="0.091"/>
  <testcase name="searchBoxInputTest[23](execute)" classname="allcom.tests.header.SearchBoxTests" time="0.09"/>
  <testcase name="searchBoxInputTest[24](fetch)" classname="allcom.tests.header.SearchBoxTests" time="0.088"/>
  <testcase name="searchBoxInputTest[25](insert)" classname="allcom.tests.header.SearchBoxTests" time="0.092"/>
  <testcase name="searchBoxInputTest[26](kill)" classname="allcom.tests.header.SearchBoxTests" time="0.088"/>
  <testcase name="searchBoxInputTest[27](select)" classname="allcom.tests.header.SearchBoxTests" time="0.096"/>
  <testcase name="searchBoxInputTest[28](sys)" classname="allcom.tests.header.SearchBoxTests" time="0.09"/>
  <testcase name="searchBoxInputTest[29](sysobjects)" classname="allcom.tests.header.SearchBoxTests" time="0.096"/>
  <testcase name="searchBoxInputTest[30](syscolumns)" classname="allcom.tests.header.SearchBoxTests" time="0.094"/>
  <testcase name="searchBoxInputTest[31](&lt;script&gt;&lt;/script&gt;)" classname="allcom.tests.header.SearchBoxTests" time="0.099"/>
  <testcase name="searchBoxInputTextTest" classname="allcom.tests.header.SearchBoxTests" time="0.1"/>
  <testcase name="searchBoxIsAbsentOnLowResolution" classname="allcom.tests.header.SearchBoxTests" time="0.257"/>
  <testcase name="searchBoxIsClickableOnDifferentResolutions" classname="allcom.tests.header.SearchBoxTests" time="0.482"/>
  <testcase name="searchBoxIsEmptyBeforeInput" classname="allcom.tests.header.SearchBoxTests" time="0.012"/>
  <testcase name="searchBoxIsPresent" classname="allcom.tests.header.SearchBoxTests" time="0.0"/>
  <testcase name="searchBoxIsPresentOnHighResolution" classname="allcom.tests.header.SearchBoxTests" time="0.262"/>
  <testcase name="searchButtonBottomIsAbsentOnHighResolution" classname="allcom.tests.header.SearchBoxTests" time="0.261"/>
  <testcase name="searchButtonBottomIsClickable" classname="allcom.tests.header.SearchBoxTests" time="0.276"/>
  <testcase name="searchButtonBottomIsPresentOnLowResolution" classname="allcom.tests.header.SearchBoxTests" time="0.27"/>
  <testcase name="searchButtonIsClickable" classname="allcom.tests.header.SearchBoxTests" time="0.285"/>
  <testcase name="searchRedirectsToCorrectPageTest" classname="allcom.tests.header.SearchBoxTests" time="0.349"/>
  <testcase name="validateSearchWithIncorrectData[0]()" classname="allcom.tests.header.SearchBoxTests" time="0.075"/>
  <testcase name="validateSearchWithIncorrectData[1](В )" classname="allcom.tests.header.SearchBoxTests" time="0.077"/>
  <testcase name="validateSearchWithIncorrectData[2](&lt;script&gt;)" classname="allcom.tests.header.SearchBoxTests" time="0.082"/>
  <testcase name="validateSearchWithIncorrectData[3](&lt;/script&gt;)" classname="allcom.tests.header.SearchBoxTests" time="0.079"/>
  <testcase name="validateSearchWithIncorrectData[4](&lt;script&gt;)" classname="allcom.tests.header.SearchBoxTests" time="0.078"/>
  <testcase name="validateSearchWithIncorrectData[5](&lt;img&gt;)" classname="allcom.tests.header.SearchBoxTests" time="0.081"/>
  <testcase name="validateSearchWithIncorrectData[6](&lt;div&gt;)" classname="allcom.tests.header.SearchBoxTests" time="0.078"/>
  <testcase name="validateSearchWithIncorrectData[7](&lt;iframe&gt;)" classname="allcom.tests.header.SearchBoxTests" time="0.079"/>
  <testcase name="validateSearchWithIncorrectData[8](&lt;input&gt;)" classname="allcom.tests.header.SearchBoxTests" time="0.081"/>
  <testcase name="validateSearchWithIncorrectData[9](@@)" classname="allcom.tests.header.SearchBoxTests" time="0.08"/>
  <testcase name="validateSearchWithIncorrectData[10](char)" classname="allcom.tests.header.SearchBoxTests" time="0.077"/>
  <testcase name="validateSearchWithIncorrectData[11](nchar)" classname="allcom.tests.header.SearchBoxTests" time="0.076"/>
  <testcase name="validateSearchWithIncorrectData[12](varchar)" classname="allcom.tests.header.SearchBoxTests" time="0.082"/>
  <testcase name="validateSearchWithIncorrectData[13](nvarchar)" classname="allcom.tests.header.SearchBoxTests" time="0.091"/>
  <testcase name="validateSearchWithIncorrectData[14](alter)" classname="allcom.tests.header.SearchBoxTests" time="0.078"/>
  <testcase name="validateSearchWithIncorrectData[15](begin)" classname="allcom.tests.header.SearchBoxTests" time="0.078"/>
  <testcase name="validateSearchWithIncorrectData[16](cast)" classname="allcom.tests.header.SearchBoxTests" time="0.075"/>
  <testcase name="validateSearchWithIncorrectData[17](create)" classname="allcom.tests.header.SearchBoxTests" time="0.08"/>
  <testcase name="validateSearchWithIncorrectData[18](cursor)" classname="allcom.tests.header.SearchBoxTests" time="0.076"/>
  <testcase name="validateSearchWithIncorrectData[19](declare)" classname="allcom.tests.header.SearchBoxTests" time="0.078"/>
  <testcase name="validateSearchWithIncorrectData[20](delete)" classname="allcom.tests.header.SearchBoxTests" time="0.079"/>
  <testcase name="validateSearchWithIncorrectData[21](drop)" classname="allcom.tests.header.SearchBoxTests" time="0.077"/>
  <testcase name="validateSearchWithIncorrectData[22](exec)" classname="allcom.tests.header.SearchBoxTests" time="0.079"/>
  <testcase name="validateSearchWithIncorrectData[23](execute)" classname="allcom.tests.header.SearchBoxTests" time="0.086"/>
  <testcase name="validateSearchWithIncorrectData[24](fetch)" classname="allcom.tests.header.SearchBoxTests" time="0.077"/>
  <testcase name="validateSearchWithIncorrectData[25](insert)" classname="allcom.tests.header.SearchBoxTests" time="0.08"/>
  <testcase name="validateSearchWithIncorrectData[26](kill)" classname="allcom.tests.header.SearchBoxTests" time="0.08"/>
  <testcase name="validateSearchWithIncorrectData[27](select)" classname="allcom.tests.header.SearchBoxTests" time="0.083"/>
  <testcase name="validateSearchWithIncorrectData[28](sys)" classname="allcom.tests.header.SearchBoxTests" time="0.081"/>
  <testcase name="validateSearchWithIncorrectData[29](sysobjects)" classname="allcom.tests.header.SearchBoxTests" time="0.133"/>
  <testcase name="validateSearchWithIncorrectData[30](syscolumns)" classname="allcom.tests.header.SearchBoxTests" time="0.083"/>
  <testcase name="validateSearchWithIncorrectData[31](&lt;script&gt;&lt;/script&gt;)" classname="allcom.tests.header.SearchBoxTests" time="0.103"/>
  <system-out><![CDATA[21:58:37.605 [Test worker] INFO  allcom.tests.TestBase -- Start test: [searchBoxAcceptsLongInput]
21:58:38.039 [Test worker] INFO  allcom.tests.TestBase -- PASSED: [searchBoxAcceptsLongInput], with Parameters: []
21:58:38.040 [Test worker] INFO  allcom.tests.TestBase -- Start test: [searchBoxAcceptsSpecialCharacters]
21:58:38.307 [Test worker] INFO  allcom.tests.TestBase -- PASSED: [searchBoxAcceptsSpecialCharacters], with Parameters: []
21:58:38.308 [Test worker] INFO  allcom.tests.TestBase -- Start test: [searchBoxInputIsPresent]
21:58:38.452 [Test worker] INFO  allcom.tests.TestBase -- PASSED: [searchBoxInputIsPresent], with Parameters: []
21:58:38.462 [Test worker] INFO  allcom.tests.TestBase -- Start test: [searchBoxInputTest]
21:58:38.686 [Test worker] INFO  allcom.tests.TestBase -- PASSED: [searchBoxInputTest], with Parameters: []
21:58:38.687 [Test worker] INFO  allcom.tests.TestBase -- Start test: [searchBoxInputTest]
21:58:38.896 [Test worker] INFO  allcom.tests.TestBase -- PASSED: [searchBoxInputTest], with Parameters: [В ]
21:58:38.897 [Test worker] INFO  allcom.tests.TestBase -- Start test: [searchBoxInputTest]
21:58:39.169 [Test worker] INFO  allcom.tests.TestBase -- PASSED: [searchBoxInputTest], with Parameters: [<script>]
21:58:39.169 [Test worker] INFO  allcom.tests.TestBase -- Start test: [searchBoxInputTest]
21:58:39.429 [Test worker] INFO  allcom.tests.TestBase -- PASSED: [searchBoxInputTest], with Parameters: [</script>]
21:58:39.429 [Test worker] INFO  allcom.tests.TestBase -- Start test: [searchBoxInputTest]
21:58:39.705 [Test worker] INFO  allcom.tests.TestBase -- PASSED: [searchBoxInputTest], with Parameters: [<script>]
21:58:39.705 [Test worker] INFO  allcom.tests.TestBase -- Start test: [searchBoxInputTest]
21:58:40.012 [Test worker] INFO  allcom.tests.TestBase -- PASSED: [searchBoxInputTest], with Parameters: [<img>]
21:58:40.012 [Test worker] INFO  allcom.tests.TestBase -- Start test: [searchBoxInputTest]
21:58:40.224 [Test worker] INFO  allcom.tests.TestBase -- PASSED: [searchBoxInputTest], with Parameters: [<div>]
21:58:40.225 [Test worker] INFO  allcom.tests.TestBase -- Start test: [searchBoxInputTest]
21:58:40.428 [Test worker] INFO  allcom.tests.TestBase -- PASSED: [searchBoxInputTest], with Parameters: [<iframe>]
21:58:40.429 [Test worker] INFO  allcom.tests.TestBase -- Start test: [searchBoxInputTest]
21:58:40.651 [Test worker] INFO  allcom.tests.TestBase -- PASSED: [searchBoxInputTest], with Parameters: [<input>]
21:58:40.651 [Test worker] INFO  allcom.tests.TestBase -- Start test: [searchBoxInputTest]
21:58:40.855 [Test worker] INFO  allcom.tests.TestBase -- PASSED: [searchBoxInputTest], with Parameters: [@@]
21:58:40.856 [Test worker] INFO  allcom.tests.TestBase -- Start test: [searchBoxInputTest]
21:58:41.066 [Test worker] INFO  allcom.tests.TestBase -- PASSED: [searchBoxInputTest], with Parameters: [char]
21:58:41.067 [Test worker] INFO  allcom.tests.TestBase -- Start test: [searchBoxInputTest]
21:58:41.272 [Test worker] INFO  allcom.tests.TestBase -- PASSED: [searchBoxInputTest], with Parameters: [nchar]
21:58:41.272 [Test worker] INFO  allcom.tests.TestBase -- Start test: [searchBoxInputTest]
21:58:41.469 [Test worker] INFO  allcom.tests.TestBase -- PASSED: [searchBoxInputTest], with Parameters: [varchar]
21:58:41.470 [Test worker] INFO  allcom.tests.TestBase -- Start test: [searchBoxInputTest]
21:58:41.687 [Test worker] INFO  allcom.tests.TestBase -- PASSED: [searchBoxInputTest], with Parameters: [nvarchar]
21:58:41.688 [Test worker] INFO  allcom.tests.TestBase -- Start test: [searchBoxInputTest]
21:58:41.876 [Test worker] INFO  allcom.tests.TestBase -- PASSED: [searchBoxInputTest], with Parameters: [alter]
21:58:41.877 [Test worker] INFO  allcom.tests.TestBase -- Start test: [searchBoxInputTest]
21:58:42.079 [Test worker] INFO  allcom.tests.TestBase -- PASSED: [searchBoxInputTest], with Parameters: [begin]
21:58:42.080 [Test worker] INFO  allcom.tests.TestBase -- Start test: [searchBoxInputTest]
21:58:42.280 [Test worker] INFO  allcom.tests.TestBase -- PASSED: [searchBoxInputTest], with Parameters: [cast]
21:58:42.281 [Test worker] INFO  allcom.tests.TestBase -- Start test: [searchBoxInputTest]
21:58:42.492 [Test worker] INFO  allcom.tests.TestBase -- PASSED: [searchBoxInputTest], with Parameters: [create]
21:58:42.493 [Test worker] INFO  allcom.tests.TestBase -- Start test: [searchBoxInputTest]
21:58:42.697 [Test worker] INFO  allcom.tests.TestBase -- PASSED: [searchBoxInputTest], with Parameters: [cursor]
21:58:42.698 [Test worker] INFO  allcom.tests.TestBase -- Start test: [searchBoxInputTest]
21:58:42.900 [Test worker] INFO  allcom.tests.TestBase -- PASSED: [searchBoxInputTest], with Parameters: [declare]
21:58:42.900 [Test worker] INFO  allcom.tests.TestBase -- Start test: [searchBoxInputTest]
21:58:43.149 [Test worker] INFO  allcom.tests.TestBase -- PASSED: [searchBoxInputTest], with Parameters: [delete]
21:58:43.150 [Test worker] INFO  allcom.tests.TestBase -- Start test: [searchBoxInputTest]
21:58:43.380 [Test worker] INFO  allcom.tests.TestBase -- PASSED: [searchBoxInputTest], with Parameters: [drop]
21:58:43.380 [Test worker] INFO  allcom.tests.TestBase -- Start test: [searchBoxInputTest]
21:58:43.585 [Test worker] INFO  allcom.tests.TestBase -- PASSED: [searchBoxInputTest], with Parameters: [exec]
21:58:43.585 [Test worker] INFO  allcom.tests.TestBase -- Start test: [searchBoxInputTest]
21:58:43.783 [Test worker] INFO  allcom.tests.TestBase -- PASSED: [searchBoxInputTest], with Parameters: [execute]
21:58:43.783 [Test worker] INFO  allcom.tests.TestBase -- Start test: [searchBoxInputTest]
21:58:43.979 [Test worker] INFO  allcom.tests.TestBase -- PASSED: [searchBoxInputTest], with Parameters: [fetch]
21:58:43.979 [Test worker] INFO  allcom.tests.TestBase -- Start test: [searchBoxInputTest]
21:58:44.178 [Test worker] INFO  allcom.tests.TestBase -- PASSED: [searchBoxInputTest], with Parameters: [insert]
21:58:44.178 [Test worker] INFO  allcom.tests.TestBase -- Start test: [searchBoxInputTest]
21:58:44.375 [Test worker] INFO  allcom.tests.TestBase -- PASSED: [searchBoxInputTest], with Parameters: [kill]
21:58:44.375 [Test worker] INFO  allcom.tests.TestBase -- Start test: [searchBoxInputTest]
21:58:44.578 [Test worker] INFO  allcom.tests.TestBase -- PASSED: [searchBoxInputTest], with Parameters: [select]
21:58:44.579 [Test worker] INFO  allcom.tests.TestBase -- Start test: [searchBoxInputTest]
21:58:44.775 [Test worker] INFO  allcom.tests.TestBase -- PASSED: [searchBoxInputTest], with Parameters: [sys]
21:58:44.775 [Test worker] INFO  allcom.tests.TestBase -- Start test: [searchBoxInputTest]
21:58:45.018 [Test worker] INFO  allcom.tests.TestBase -- PASSED: [searchBoxInputTest], with Parameters: [sysobjects]
21:58:45.018 [Test worker] INFO  allcom.tests.TestBase -- Start test: [searchBoxInputTest]
21:58:45.219 [Test worker] INFO  allcom.tests.TestBase -- PASSED: [searchBoxInputTest], with Parameters: [syscolumns]
21:58:45.219 [Test worker] INFO  allcom.tests.TestBase -- Start test: [searchBoxInputTest]
21:58:45.429 [Test worker] INFO  allcom.tests.TestBase -- PASSED: [searchBoxInputTest], with Parameters: [<script></script>]
21:58:45.430 [Test worker] INFO  allcom.tests.TestBase -- Start test: [searchBoxInputTextTest]
21:58:45.634 [Test worker] INFO  allcom.tests.TestBase -- PASSED: [searchBoxInputTextTest], with Parameters: []
21:58:45.635 [Test worker] INFO  allcom.tests.TestBase -- Start test: [searchBoxIsAbsentOnLowResolution]
21:58:46.005 [Test worker] INFO  allcom.tests.TestBase -- PASSED: [searchBoxIsAbsentOnLowResolution], with Parameters: []
21:58:46.006 [Test worker] INFO  allcom.tests.TestBase -- Start test: [searchBoxIsClickableOnDifferentResolutions]
21:58:46.725 [Test worker] INFO  allcom.tests.TestBase -- PASSED: [searchBoxIsClickableOnDifferentResolutions], with Parameters: []
21:58:46.725 [Test worker] INFO  allcom.tests.TestBase -- Start test: [searchBoxIsEmptyBeforeInput]
21:58:47.002 [Test worker] INFO  allcom.tests.TestBase -- PASSED: [searchBoxIsEmptyBeforeInput], with Parameters: []
21:58:47.003 [Test worker] INFO  allcom.tests.TestBase -- Start test: [searchBoxIsPresent]
21:58:47.154 [Test worker] INFO  allcom.tests.TestBase -- PASSED: [searchBoxIsPresent], with Parameters: []
21:58:47.155 [Test worker] INFO  allcom.tests.TestBase -- Start test: [searchBoxIsPresentOnHighResolution]
21:58:47.516 [Test worker] INFO  allcom.tests.TestBase -- PASSED: [searchBoxIsPresentOnHighResolution], with Parameters: []
21:58:47.516 [Test worker] INFO  allcom.tests.TestBase -- Start test: [searchButtonBottomIsAbsentOnHighResolution]
21:58:48.017 [Test worker] INFO  allcom.tests.TestBase -- PASSED: [searchButtonBottomIsAbsentOnHighResolution], with Parameters: []
21:58:48.018 [Test worker] INFO  allcom.tests.TestBase -- Start test: [searchButtonBottomIsClickable]
21:58:48.560 [Test worker] INFO  allcom.tests.TestBase -- PASSED: [searchButtonBottomIsClickable], with Parameters: []
21:58:48.560 [Test worker] INFO  allcom.tests.TestBase -- Start test: [searchButtonBottomIsPresentOnLowResolution]
21:58:49.053 [Test worker] INFO  allcom.tests.TestBase -- PASSED: [searchButtonBottomIsPresentOnLowResolution], with Parameters: []
21:58:49.053 [Test worker] INFO  allcom.tests.TestBase -- Start test: [searchButtonIsClickable]
21:58:49.581 [Test worker] INFO  allcom.tests.TestBase -- PASSED: [searchButtonIsClickable], with Parameters: []
21:58:49.582 [Test worker] INFO  allcom.tests.TestBase -- Start test: [searchRedirectsToCorrectPageTest]
21:58:50.208 [Test worker] INFO  allcom.tests.TestBase -- PASSED: [searchRedirectsToCorrectPageTest], with Parameters: []
21:58:50.210 [Test worker] INFO  allcom.tests.TestBase -- Start test: [validateSearchWithIncorrectData]
21:58:50.411 [Test worker] INFO  allcom.tests.TestBase -- PASSED: [validateSearchWithIncorrectData], with Parameters: []
21:58:50.412 [Test worker] INFO  allcom.tests.TestBase -- Start test: [validateSearchWithIncorrectData]
21:58:50.590 [Test worker] INFO  allcom.tests.TestBase -- PASSED: [validateSearchWithIncorrectData], with Parameters: [В ]
21:58:50.590 [Test worker] INFO  allcom.tests.TestBase -- Start test: [validateSearchWithIncorrectData]
21:58:50.777 [Test worker] INFO  allcom.tests.TestBase -- PASSED: [validateSearchWithIncorrectData], with Parameters: [<script>]
21:58:50.777 [Test worker] INFO  allcom.tests.TestBase -- Start test: [validateSearchWithIncorrectData]
21:58:50.971 [Test worker] INFO  allcom.tests.TestBase -- PASSED: [validateSearchWithIncorrectData], with Parameters: [</script>]
21:58:50.971 [Test worker] INFO  allcom.tests.TestBase -- Start test: [validateSearchWithIncorrectData]
21:58:51.158 [Test worker] INFO  allcom.tests.TestBase -- PASSED: [validateSearchWithIncorrectData], with Parameters: [<script>]
21:58:51.158 [Test worker] INFO  allcom.tests.TestBase -- Start test: [validateSearchWithIncorrectData]
21:58:51.340 [Test worker] INFO  allcom.tests.TestBase -- PASSED: [validateSearchWithIncorrectData], with Parameters: [<img>]
21:58:51.341 [Test worker] INFO  allcom.tests.TestBase -- Start test: [validateSearchWithIncorrectData]
21:58:51.521 [Test worker] INFO  allcom.tests.TestBase -- PASSED: [validateSearchWithIncorrectData], with Parameters: [<div>]
21:58:51.521 [Test worker] INFO  allcom.tests.TestBase -- Start test: [validateSearchWithIncorrectData]
21:58:51.707 [Test worker] INFO  allcom.tests.TestBase -- PASSED: [validateSearchWithIncorrectData], with Parameters: [<iframe>]
21:58:51.708 [Test worker] INFO  allcom.tests.TestBase -- Start test: [validateSearchWithIncorrectData]
21:58:51.897 [Test worker] INFO  allcom.tests.TestBase -- PASSED: [validateSearchWithIncorrectData], with Parameters: [<input>]
21:58:51.897 [Test worker] INFO  allcom.tests.TestBase -- Start test: [validateSearchWithIncorrectData]
21:58:52.084 [Test worker] INFO  allcom.tests.TestBase -- PASSED: [validateSearchWithIncorrectData], with Parameters: [@@]
21:58:52.084 [Test worker] INFO  allcom.tests.TestBase -- Start test: [validateSearchWithIncorrectData]
21:58:52.263 [Test worker] INFO  allcom.tests.TestBase -- PASSED: [validateSearchWithIncorrectData], with Parameters: [char]
21:58:52.264 [Test worker] INFO  allcom.tests.TestBase -- Start test: [validateSearchWithIncorrectData]
21:58:52.449 [Test worker] INFO  allcom.tests.TestBase -- PASSED: [validateSearchWithIncorrectData], with Parameters: [nchar]
21:58:52.449 [Test worker] INFO  allcom.tests.TestBase -- Start test: [validateSearchWithIncorrectData]
21:58:52.639 [Test worker] INFO  allcom.tests.TestBase -- PASSED: [validateSearchWithIncorrectData], with Parameters: [varchar]
21:58:52.639 [Test worker] INFO  allcom.tests.TestBase -- Start test: [validateSearchWithIncorrectData]
21:58:52.832 [Test worker] INFO  allcom.tests.TestBase -- PASSED: [validateSearchWithIncorrectData], with Parameters: [nvarchar]
21:58:52.832 [Test worker] INFO  allcom.tests.TestBase -- Start test: [validateSearchWithIncorrectData]
21:58:53.018 [Test worker] INFO  allcom.tests.TestBase -- PASSED: [validateSearchWithIncorrectData], with Parameters: [alter]
21:58:53.018 [Test worker] INFO  allcom.tests.TestBase -- Start test: [validateSearchWithIncorrectData]
21:58:53.205 [Test worker] INFO  allcom.tests.TestBase -- PASSED: [validateSearchWithIncorrectData], with Parameters: [begin]
21:58:53.205 [Test worker] INFO  allcom.tests.TestBase -- Start test: [validateSearchWithIncorrectData]
21:58:53.389 [Test worker] INFO  allcom.tests.TestBase -- PASSED: [validateSearchWithIncorrectData], with Parameters: [cast]
21:58:53.389 [Test worker] INFO  allcom.tests.TestBase -- Start test: [validateSearchWithIncorrectData]
21:58:53.570 [Test worker] INFO  allcom.tests.TestBase -- PASSED: [validateSearchWithIncorrectData], with Parameters: [create]
21:58:53.570 [Test worker] INFO  allcom.tests.TestBase -- Start test: [validateSearchWithIncorrectData]
21:58:53.749 [Test worker] INFO  allcom.tests.TestBase -- PASSED: [validateSearchWithIncorrectData], with Parameters: [cursor]
21:58:53.749 [Test worker] INFO  allcom.tests.TestBase -- Start test: [validateSearchWithIncorrectData]
21:58:53.939 [Test worker] INFO  allcom.tests.TestBase -- PASSED: [validateSearchWithIncorrectData], with Parameters: [declare]
21:58:53.939 [Test worker] INFO  allcom.tests.TestBase -- Start test: [validateSearchWithIncorrectData]
21:58:54.122 [Test worker] INFO  allcom.tests.TestBase -- PASSED: [validateSearchWithIncorrectData], with Parameters: [delete]
21:58:54.122 [Test worker] INFO  allcom.tests.TestBase -- Start test: [validateSearchWithIncorrectData]
21:58:54.299 [Test worker] INFO  allcom.tests.TestBase -- PASSED: [validateSearchWithIncorrectData], with Parameters: [drop]
21:58:54.299 [Test worker] INFO  allcom.tests.TestBase -- Start test: [validateSearchWithIncorrectData]
21:58:54.485 [Test worker] INFO  allcom.tests.TestBase -- PASSED: [validateSearchWithIncorrectData], with Parameters: [exec]
21:58:54.485 [Test worker] INFO  allcom.tests.TestBase -- Start test: [validateSearchWithIncorrectData]
21:58:54.694 [Test worker] INFO  allcom.tests.TestBase -- PASSED: [validateSearchWithIncorrectData], with Parameters: [execute]
21:58:54.695 [Test worker] INFO  allcom.tests.TestBase -- Start test: [validateSearchWithIncorrectData]
21:58:54.884 [Test worker] INFO  allcom.tests.TestBase -- PASSED: [validateSearchWithIncorrectData], with Parameters: [fetch]
21:58:54.884 [Test worker] INFO  allcom.tests.TestBase -- Start test: [validateSearchWithIncorrectData]
21:58:55.069 [Test worker] INFO  allcom.tests.TestBase -- PASSED: [validateSearchWithIncorrectData], with Parameters: [insert]
21:58:55.069 [Test worker] INFO  allcom.tests.TestBase -- Start test: [validateSearchWithIncorrectData]
21:58:55.254 [Test worker] INFO  allcom.tests.TestBase -- PASSED: [validateSearchWithIncorrectData], with Parameters: [kill]
21:58:55.255 [Test worker] INFO  allcom.tests.TestBase -- Start test: [validateSearchWithIncorrectData]
21:58:55.448 [Test worker] INFO  allcom.tests.TestBase -- PASSED: [validateSearchWithIncorrectData], with Parameters: [select]
21:58:55.448 [Test worker] INFO  allcom.tests.TestBase -- Start test: [validateSearchWithIncorrectData]
21:58:55.715 [Test worker] INFO  allcom.tests.TestBase -- PASSED: [validateSearchWithIncorrectData], with Parameters: [sys]
21:58:55.715 [Test worker] INFO  allcom.tests.TestBase -- Start test: [validateSearchWithIncorrectData]
21:58:55.963 [Test worker] INFO  allcom.tests.TestBase -- PASSED: [validateSearchWithIncorrectData], with Parameters: [sysobjects]
21:58:55.963 [Test worker] INFO  allcom.tests.TestBase -- Start test: [validateSearchWithIncorrectData]
21:58:56.173 [Test worker] INFO  allcom.tests.TestBase -- PASSED: [validateSearchWithIncorrectData], with Parameters: [syscolumns]
21:58:56.173 [Test worker] INFO  allcom.tests.TestBase -- Start test: [validateSearchWithIncorrectData]
21:58:56.391 [Test worker] INFO  allcom.tests.TestBase -- PASSED: [validateSearchWithIncorrectData], with Parameters: [<script></script>]
]]></system-out>
  <system-err><![CDATA[]]></system-err>
</testsuite>
