<?xml version="1.0" encoding="UTF-8"?>
<testsuite name="allcom.tests.header.SearchBoxTests" tests="78" skipped="0" failures="0" errors="0" timestamp="2024-01-30T01:44:52" hostname="PORTISHEAD-PC" time="17.358">
  <properties/>
  <testcase name="searchBoxAcceptsLongInput" classname="allcom.tests.header.SearchBoxTests" time="0.294"/>
  <testcase name="searchBoxAcceptsSpecialCharacters" classname="allcom.tests.header.SearchBoxTests" time="0.099"/>
  <testcase name="searchBoxInputIsPresent" classname="allcom.tests.header.SearchBoxTests" time="0.0"/>
  <testcase name="searchBoxInputTest[0]()" classname="allcom.tests.header.SearchBoxTests" time="0.087"/>
  <testcase name="searchBoxInputTest[1](В )" classname="allcom.tests.header.SearchBoxTests" time="0.091"/>
  <testcase name="searchBoxInputTest[2](&lt;script&gt;)" classname="allcom.tests.header.SearchBoxTests" time="0.096"/>
  <testcase name="searchBoxInputTest[3](&lt;/script&gt;)" classname="allcom.tests.header.SearchBoxTests" time="0.101"/>
  <testcase name="searchBoxInputTest[4](&lt;script&gt;)" classname="allcom.tests.header.SearchBoxTests" time="0.092"/>
  <testcase name="searchBoxInputTest[5](&lt;img&gt;)" classname="allcom.tests.header.SearchBoxTests" time="0.09"/>
  <testcase name="searchBoxInputTest[6](&lt;div&gt;)" classname="allcom.tests.header.SearchBoxTests" time="0.09"/>
  <testcase name="searchBoxInputTest[7](&lt;iframe&gt;)" classname="allcom.tests.header.SearchBoxTests" time="0.091"/>
  <testcase name="searchBoxInputTest[8](&lt;input&gt;)" classname="allcom.tests.header.SearchBoxTests" time="0.095"/>
  <testcase name="searchBoxInputTest[9](@@)" classname="allcom.tests.header.SearchBoxTests" time="0.092"/>
  <testcase name="searchBoxInputTest[10](char)" classname="allcom.tests.header.SearchBoxTests" time="0.089"/>
  <testcase name="searchBoxInputTest[11](nchar)" classname="allcom.tests.header.SearchBoxTests" time="0.093"/>
  <testcase name="searchBoxInputTest[12](varchar)" classname="allcom.tests.header.SearchBoxTests" time="0.092"/>
  <testcase name="searchBoxInputTest[13](nvarchar)" classname="allcom.tests.header.SearchBoxTests" time="0.091"/>
  <testcase name="searchBoxInputTest[14](alter)" classname="allcom.tests.header.SearchBoxTests" time="0.09"/>
  <testcase name="searchBoxInputTest[15](begin)" classname="allcom.tests.header.SearchBoxTests" time="0.091"/>
  <testcase name="searchBoxInputTest[16](cast)" classname="allcom.tests.header.SearchBoxTests" time="0.095"/>
  <testcase name="searchBoxInputTest[17](create)" classname="allcom.tests.header.SearchBoxTests" time="0.093"/>
  <testcase name="searchBoxInputTest[18](cursor)" classname="allcom.tests.header.SearchBoxTests" time="0.091"/>
  <testcase name="searchBoxInputTest[19](declare)" classname="allcom.tests.header.SearchBoxTests" time="0.093"/>
  <testcase name="searchBoxInputTest[20](delete)" classname="allcom.tests.header.SearchBoxTests" time="0.089"/>
  <testcase name="searchBoxInputTest[21](drop)" classname="allcom.tests.header.SearchBoxTests" time="0.088"/>
  <testcase name="searchBoxInputTest[22](exec)" classname="allcom.tests.header.SearchBoxTests" time="0.086"/>
  <testcase name="searchBoxInputTest[23](execute)" classname="allcom.tests.header.SearchBoxTests" time="0.091"/>
  <testcase name="searchBoxInputTest[24](fetch)" classname="allcom.tests.header.SearchBoxTests" time="0.088"/>
  <testcase name="searchBoxInputTest[25](insert)" classname="allcom.tests.header.SearchBoxTests" time="0.089"/>
  <testcase name="searchBoxInputTest[26](kill)" classname="allcom.tests.header.SearchBoxTests" time="0.087"/>
  <testcase name="searchBoxInputTest[27](select)" classname="allcom.tests.header.SearchBoxTests" time="0.092"/>
  <testcase name="searchBoxInputTest[28](sys)" classname="allcom.tests.header.SearchBoxTests" time="0.091"/>
  <testcase name="searchBoxInputTest[29](sysobjects)" classname="allcom.tests.header.SearchBoxTests" time="0.094"/>
  <testcase name="searchBoxInputTest[30](syscolumns)" classname="allcom.tests.header.SearchBoxTests" time="0.088"/>
  <testcase name="searchBoxInputTest[31](&lt;script&gt;&lt;/script&gt;)" classname="allcom.tests.header.SearchBoxTests" time="0.096"/>
  <testcase name="searchBoxInputTextTest" classname="allcom.tests.header.SearchBoxTests" time="0.101"/>
  <testcase name="searchBoxIsAbsentOnLowResolution" classname="allcom.tests.header.SearchBoxTests" time="0.239"/>
  <testcase name="searchBoxIsClickableOnDifferentResolutions" classname="allcom.tests.header.SearchBoxTests" time="0.565"/>
  <testcase name="searchBoxIsEmptyBeforeInput" classname="allcom.tests.header.SearchBoxTests" time="0.012"/>
  <testcase name="searchBoxIsPresent" classname="allcom.tests.header.SearchBoxTests" time="0.001"/>
  <testcase name="searchBoxIsPresentOnHighResolution" classname="allcom.tests.header.SearchBoxTests" time="0.239"/>
  <testcase name="searchButtonBottomIsAbsentOnHighResolution" classname="allcom.tests.header.SearchBoxTests" time="0.237"/>
  <testcase name="searchButtonBottomIsClickable" classname="allcom.tests.header.SearchBoxTests" time="0.251"/>
  <testcase name="searchButtonBottomIsPresentOnLowResolution" classname="allcom.tests.header.SearchBoxTests" time="0.269"/>
  <testcase name="searchButtonIsClickable" classname="allcom.tests.header.SearchBoxTests" time="0.315"/>
  <testcase name="searchRedirectsToCorrectPageTest" classname="allcom.tests.header.SearchBoxTests" time="0.297"/>
  <testcase name="validateSearchWithIncorrectData[0]()" classname="allcom.tests.header.SearchBoxTests" time="0.078"/>
  <testcase name="validateSearchWithIncorrectData[1](В )" classname="allcom.tests.header.SearchBoxTests" time="0.074"/>
  <testcase name="validateSearchWithIncorrectData[2](&lt;script&gt;)" classname="allcom.tests.header.SearchBoxTests" time="0.076"/>
  <testcase name="validateSearchWithIncorrectData[3](&lt;/script&gt;)" classname="allcom.tests.header.SearchBoxTests" time="0.083"/>
  <testcase name="validateSearchWithIncorrectData[4](&lt;script&gt;)" classname="allcom.tests.header.SearchBoxTests" time="0.078"/>
  <testcase name="validateSearchWithIncorrectData[5](&lt;img&gt;)" classname="allcom.tests.header.SearchBoxTests" time="0.078"/>
  <testcase name="validateSearchWithIncorrectData[6](&lt;div&gt;)" classname="allcom.tests.header.SearchBoxTests" time="0.075"/>
  <testcase name="validateSearchWithIncorrectData[7](&lt;iframe&gt;)" classname="allcom.tests.header.SearchBoxTests" time="0.08"/>
  <testcase name="validateSearchWithIncorrectData[8](&lt;input&gt;)" classname="allcom.tests.header.SearchBoxTests" time="0.076"/>
  <testcase name="validateSearchWithIncorrectData[9](@@)" classname="allcom.tests.header.SearchBoxTests" time="0.073"/>
  <testcase name="validateSearchWithIncorrectData[10](char)" classname="allcom.tests.header.SearchBoxTests" time="0.077"/>
  <testcase name="validateSearchWithIncorrectData[11](nchar)" classname="allcom.tests.header.SearchBoxTests" time="0.08"/>
  <testcase name="validateSearchWithIncorrectData[12](varchar)" classname="allcom.tests.header.SearchBoxTests" time="0.078"/>
  <testcase name="validateSearchWithIncorrectData[13](nvarchar)" classname="allcom.tests.header.SearchBoxTests" time="0.078"/>
  <testcase name="validateSearchWithIncorrectData[14](alter)" classname="allcom.tests.header.SearchBoxTests" time="0.077"/>
  <testcase name="validateSearchWithIncorrectData[15](begin)" classname="allcom.tests.header.SearchBoxTests" time="0.079"/>
  <testcase name="validateSearchWithIncorrectData[16](cast)" classname="allcom.tests.header.SearchBoxTests" time="0.076"/>
  <testcase name="validateSearchWithIncorrectData[17](create)" classname="allcom.tests.header.SearchBoxTests" time="0.076"/>
  <testcase name="validateSearchWithIncorrectData[18](cursor)" classname="allcom.tests.header.SearchBoxTests" time="0.077"/>
  <testcase name="validateSearchWithIncorrectData[19](declare)" classname="allcom.tests.header.SearchBoxTests" time="0.076"/>
  <testcase name="validateSearchWithIncorrectData[20](delete)" classname="allcom.tests.header.SearchBoxTests" time="0.077"/>
  <testcase name="validateSearchWithIncorrectData[21](drop)" classname="allcom.tests.header.SearchBoxTests" time="0.076"/>
  <testcase name="validateSearchWithIncorrectData[22](exec)" classname="allcom.tests.header.SearchBoxTests" time="0.074"/>
  <testcase name="validateSearchWithIncorrectData[23](execute)" classname="allcom.tests.header.SearchBoxTests" time="0.077"/>
  <testcase name="validateSearchWithIncorrectData[24](fetch)" classname="allcom.tests.header.SearchBoxTests" time="0.075"/>
  <testcase name="validateSearchWithIncorrectData[25](insert)" classname="allcom.tests.header.SearchBoxTests" time="0.072"/>
  <testcase name="validateSearchWithIncorrectData[26](kill)" classname="allcom.tests.header.SearchBoxTests" time="0.075"/>
  <testcase name="validateSearchWithIncorrectData[27](select)" classname="allcom.tests.header.SearchBoxTests" time="0.08"/>
  <testcase name="validateSearchWithIncorrectData[28](sys)" classname="allcom.tests.header.SearchBoxTests" time="0.073"/>
  <testcase name="validateSearchWithIncorrectData[29](sysobjects)" classname="allcom.tests.header.SearchBoxTests" time="0.079"/>
  <testcase name="validateSearchWithIncorrectData[30](syscolumns)" classname="allcom.tests.header.SearchBoxTests" time="0.078"/>
  <testcase name="validateSearchWithIncorrectData[31](&lt;script&gt;&lt;/script&gt;)" classname="allcom.tests.header.SearchBoxTests" time="0.291"/>
  <system-out><![CDATA[02:44:52.515 [Test worker] INFO  allcom.tests.TestBase -- Start test: [searchBoxAcceptsLongInput]
02:44:53.019 [Test worker] INFO  allcom.tests.TestBase -- PASSED: [searchBoxAcceptsLongInput], with Parameters: []
02:44:53.020 [Test worker] INFO  allcom.tests.TestBase -- Start test: [searchBoxAcceptsSpecialCharacters]
02:44:53.223 [Test worker] INFO  allcom.tests.TestBase -- PASSED: [searchBoxAcceptsSpecialCharacters], with Parameters: []
02:44:53.223 [Test worker] INFO  allcom.tests.TestBase -- Start test: [searchBoxInputIsPresent]
02:44:53.328 [Test worker] INFO  allcom.tests.TestBase -- PASSED: [searchBoxInputIsPresent], with Parameters: []
02:44:53.340 [Test worker] INFO  allcom.tests.TestBase -- Start test: [searchBoxInputTest]
02:44:53.532 [Test worker] INFO  allcom.tests.TestBase -- PASSED: [searchBoxInputTest], with Parameters: []
02:44:53.532 [Test worker] INFO  allcom.tests.TestBase -- Start test: [searchBoxInputTest]
02:44:53.728 [Test worker] INFO  allcom.tests.TestBase -- PASSED: [searchBoxInputTest], with Parameters: [В ]
02:44:53.729 [Test worker] INFO  allcom.tests.TestBase -- Start test: [searchBoxInputTest]
02:44:53.930 [Test worker] INFO  allcom.tests.TestBase -- PASSED: [searchBoxInputTest], with Parameters: [<script>]
02:44:53.931 [Test worker] INFO  allcom.tests.TestBase -- Start test: [searchBoxInputTest]
02:44:54.135 [Test worker] INFO  allcom.tests.TestBase -- PASSED: [searchBoxInputTest], with Parameters: [</script>]
02:44:54.136 [Test worker] INFO  allcom.tests.TestBase -- Start test: [searchBoxInputTest]
02:44:54.331 [Test worker] INFO  allcom.tests.TestBase -- PASSED: [searchBoxInputTest], with Parameters: [<script>]
02:44:54.331 [Test worker] INFO  allcom.tests.TestBase -- Start test: [searchBoxInputTest]
02:44:54.527 [Test worker] INFO  allcom.tests.TestBase -- PASSED: [searchBoxInputTest], with Parameters: [<img>]
02:44:54.528 [Test worker] INFO  allcom.tests.TestBase -- Start test: [searchBoxInputTest]
02:44:54.720 [Test worker] INFO  allcom.tests.TestBase -- PASSED: [searchBoxInputTest], with Parameters: [<div>]
02:44:54.721 [Test worker] INFO  allcom.tests.TestBase -- Start test: [searchBoxInputTest]
02:44:54.914 [Test worker] INFO  allcom.tests.TestBase -- PASSED: [searchBoxInputTest], with Parameters: [<iframe>]
02:44:54.914 [Test worker] INFO  allcom.tests.TestBase -- Start test: [searchBoxInputTest]
02:44:55.111 [Test worker] INFO  allcom.tests.TestBase -- PASSED: [searchBoxInputTest], with Parameters: [<input>]
02:44:55.112 [Test worker] INFO  allcom.tests.TestBase -- Start test: [searchBoxInputTest]
02:44:55.308 [Test worker] INFO  allcom.tests.TestBase -- PASSED: [searchBoxInputTest], with Parameters: [@@]
02:44:55.308 [Test worker] INFO  allcom.tests.TestBase -- Start test: [searchBoxInputTest]
02:44:55.501 [Test worker] INFO  allcom.tests.TestBase -- PASSED: [searchBoxInputTest], with Parameters: [char]
02:44:55.501 [Test worker] INFO  allcom.tests.TestBase -- Start test: [searchBoxInputTest]
02:44:55.700 [Test worker] INFO  allcom.tests.TestBase -- PASSED: [searchBoxInputTest], with Parameters: [nchar]
02:44:55.700 [Test worker] INFO  allcom.tests.TestBase -- Start test: [searchBoxInputTest]
02:44:55.895 [Test worker] INFO  allcom.tests.TestBase -- PASSED: [searchBoxInputTest], with Parameters: [varchar]
02:44:55.895 [Test worker] INFO  allcom.tests.TestBase -- Start test: [searchBoxInputTest]
02:44:56.092 [Test worker] INFO  allcom.tests.TestBase -- PASSED: [searchBoxInputTest], with Parameters: [nvarchar]
02:44:56.093 [Test worker] INFO  allcom.tests.TestBase -- Start test: [searchBoxInputTest]
02:44:56.288 [Test worker] INFO  allcom.tests.TestBase -- PASSED: [searchBoxInputTest], with Parameters: [alter]
02:44:56.288 [Test worker] INFO  allcom.tests.TestBase -- Start test: [searchBoxInputTest]
02:44:56.482 [Test worker] INFO  allcom.tests.TestBase -- PASSED: [searchBoxInputTest], with Parameters: [begin]
02:44:56.484 [Test worker] INFO  allcom.tests.TestBase -- Start test: [searchBoxInputTest]
02:44:56.682 [Test worker] INFO  allcom.tests.TestBase -- PASSED: [searchBoxInputTest], with Parameters: [cast]
02:44:56.682 [Test worker] INFO  allcom.tests.TestBase -- Start test: [searchBoxInputTest]
02:44:56.883 [Test worker] INFO  allcom.tests.TestBase -- PASSED: [searchBoxInputTest], with Parameters: [create]
02:44:56.884 [Test worker] INFO  allcom.tests.TestBase -- Start test: [searchBoxInputTest]
02:44:57.079 [Test worker] INFO  allcom.tests.TestBase -- PASSED: [searchBoxInputTest], with Parameters: [cursor]
02:44:57.079 [Test worker] INFO  allcom.tests.TestBase -- Start test: [searchBoxInputTest]
02:44:57.276 [Test worker] INFO  allcom.tests.TestBase -- PASSED: [searchBoxInputTest], with Parameters: [declare]
02:44:57.277 [Test worker] INFO  allcom.tests.TestBase -- Start test: [searchBoxInputTest]
02:44:57.468 [Test worker] INFO  allcom.tests.TestBase -- PASSED: [searchBoxInputTest], with Parameters: [delete]
02:44:57.468 [Test worker] INFO  allcom.tests.TestBase -- Start test: [searchBoxInputTest]
02:44:57.661 [Test worker] INFO  allcom.tests.TestBase -- PASSED: [searchBoxInputTest], with Parameters: [drop]
02:44:57.661 [Test worker] INFO  allcom.tests.TestBase -- Start test: [searchBoxInputTest]
02:44:57.853 [Test worker] INFO  allcom.tests.TestBase -- PASSED: [searchBoxInputTest], with Parameters: [exec]
02:44:57.854 [Test worker] INFO  allcom.tests.TestBase -- Start test: [searchBoxInputTest]
02:44:58.048 [Test worker] INFO  allcom.tests.TestBase -- PASSED: [searchBoxInputTest], with Parameters: [execute]
02:44:58.049 [Test worker] INFO  allcom.tests.TestBase -- Start test: [searchBoxInputTest]
02:44:58.238 [Test worker] INFO  allcom.tests.TestBase -- PASSED: [searchBoxInputTest], with Parameters: [fetch]
02:44:58.239 [Test worker] INFO  allcom.tests.TestBase -- Start test: [searchBoxInputTest]
02:44:58.432 [Test worker] INFO  allcom.tests.TestBase -- PASSED: [searchBoxInputTest], with Parameters: [insert]
02:44:58.433 [Test worker] INFO  allcom.tests.TestBase -- Start test: [searchBoxInputTest]
02:44:58.625 [Test worker] INFO  allcom.tests.TestBase -- PASSED: [searchBoxInputTest], with Parameters: [kill]
02:44:58.626 [Test worker] INFO  allcom.tests.TestBase -- Start test: [searchBoxInputTest]
02:44:58.821 [Test worker] INFO  allcom.tests.TestBase -- PASSED: [searchBoxInputTest], with Parameters: [select]
02:44:58.821 [Test worker] INFO  allcom.tests.TestBase -- Start test: [searchBoxInputTest]
02:44:59.014 [Test worker] INFO  allcom.tests.TestBase -- PASSED: [searchBoxInputTest], with Parameters: [sys]
02:44:59.015 [Test worker] INFO  allcom.tests.TestBase -- Start test: [searchBoxInputTest]
02:44:59.213 [Test worker] INFO  allcom.tests.TestBase -- PASSED: [searchBoxInputTest], with Parameters: [sysobjects]
02:44:59.213 [Test worker] INFO  allcom.tests.TestBase -- Start test: [searchBoxInputTest]
02:44:59.406 [Test worker] INFO  allcom.tests.TestBase -- PASSED: [searchBoxInputTest], with Parameters: [syscolumns]
02:44:59.406 [Test worker] INFO  allcom.tests.TestBase -- Start test: [searchBoxInputTest]
02:44:59.603 [Test worker] INFO  allcom.tests.TestBase -- PASSED: [searchBoxInputTest], with Parameters: [<script></script>]
02:44:59.604 [Test worker] INFO  allcom.tests.TestBase -- Start test: [searchBoxInputTextTest]
02:44:59.805 [Test worker] INFO  allcom.tests.TestBase -- PASSED: [searchBoxInputTextTest], with Parameters: []
02:44:59.805 [Test worker] INFO  allcom.tests.TestBase -- Start test: [searchBoxIsAbsentOnLowResolution]
02:45:00.150 [Test worker] INFO  allcom.tests.TestBase -- PASSED: [searchBoxIsAbsentOnLowResolution], with Parameters: []
02:45:00.151 [Test worker] INFO  allcom.tests.TestBase -- Start test: [searchBoxIsClickableOnDifferentResolutions]
02:45:00.926 [Test worker] INFO  allcom.tests.TestBase -- PASSED: [searchBoxIsClickableOnDifferentResolutions], with Parameters: []
02:45:00.927 [Test worker] INFO  allcom.tests.TestBase -- Start test: [searchBoxIsEmptyBeforeInput]
02:45:01.175 [Test worker] INFO  allcom.tests.TestBase -- PASSED: [searchBoxIsEmptyBeforeInput], with Parameters: []
02:45:01.175 [Test worker] INFO  allcom.tests.TestBase -- Start test: [searchBoxIsPresent]
02:45:01.308 [Test worker] INFO  allcom.tests.TestBase -- PASSED: [searchBoxIsPresent], with Parameters: []
02:45:01.308 [Test worker] INFO  allcom.tests.TestBase -- Start test: [searchBoxIsPresentOnHighResolution]
02:45:01.646 [Test worker] INFO  allcom.tests.TestBase -- PASSED: [searchBoxIsPresentOnHighResolution], with Parameters: []
02:45:01.647 [Test worker] INFO  allcom.tests.TestBase -- Start test: [searchButtonBottomIsAbsentOnHighResolution]
02:45:02.092 [Test worker] INFO  allcom.tests.TestBase -- PASSED: [searchButtonBottomIsAbsentOnHighResolution], with Parameters: []
02:45:02.092 [Test worker] INFO  allcom.tests.TestBase -- Start test: [searchButtonBottomIsClickable]
02:45:02.556 [Test worker] INFO  allcom.tests.TestBase -- PASSED: [searchButtonBottomIsClickable], with Parameters: []
02:45:02.557 [Test worker] INFO  allcom.tests.TestBase -- Start test: [searchButtonBottomIsPresentOnLowResolution]
02:45:03.040 [Test worker] INFO  allcom.tests.TestBase -- PASSED: [searchButtonBottomIsPresentOnLowResolution], with Parameters: []
02:45:03.041 [Test worker] INFO  allcom.tests.TestBase -- Start test: [searchButtonIsClickable]
02:45:03.576 [Test worker] INFO  allcom.tests.TestBase -- PASSED: [searchButtonIsClickable], with Parameters: []
02:45:03.577 [Test worker] INFO  allcom.tests.TestBase -- Start test: [searchRedirectsToCorrectPageTest]
02:45:04.102 [Test worker] INFO  allcom.tests.TestBase -- PASSED: [searchRedirectsToCorrectPageTest], with Parameters: []
02:45:04.103 [Test worker] INFO  allcom.tests.TestBase -- Start test: [validateSearchWithIncorrectData]
02:45:04.286 [Test worker] INFO  allcom.tests.TestBase -- PASSED: [validateSearchWithIncorrectData], with Parameters: []
02:45:04.286 [Test worker] INFO  allcom.tests.TestBase -- Start test: [validateSearchWithIncorrectData]
02:45:04.462 [Test worker] INFO  allcom.tests.TestBase -- PASSED: [validateSearchWithIncorrectData], with Parameters: [В ]
02:45:04.463 [Test worker] INFO  allcom.tests.TestBase -- Start test: [validateSearchWithIncorrectData]
02:45:04.640 [Test worker] INFO  allcom.tests.TestBase -- PASSED: [validateSearchWithIncorrectData], with Parameters: [<script>]
02:45:04.641 [Test worker] INFO  allcom.tests.TestBase -- Start test: [validateSearchWithIncorrectData]
02:45:04.828 [Test worker] INFO  allcom.tests.TestBase -- PASSED: [validateSearchWithIncorrectData], with Parameters: [</script>]
02:45:04.829 [Test worker] INFO  allcom.tests.TestBase -- Start test: [validateSearchWithIncorrectData]
02:45:05.006 [Test worker] INFO  allcom.tests.TestBase -- PASSED: [validateSearchWithIncorrectData], with Parameters: [<script>]
02:45:05.007 [Test worker] INFO  allcom.tests.TestBase -- Start test: [validateSearchWithIncorrectData]
02:45:05.189 [Test worker] INFO  allcom.tests.TestBase -- PASSED: [validateSearchWithIncorrectData], with Parameters: [<img>]
02:45:05.189 [Test worker] INFO  allcom.tests.TestBase -- Start test: [validateSearchWithIncorrectData]
02:45:05.366 [Test worker] INFO  allcom.tests.TestBase -- PASSED: [validateSearchWithIncorrectData], with Parameters: [<div>]
02:45:05.367 [Test worker] INFO  allcom.tests.TestBase -- Start test: [validateSearchWithIncorrectData]
02:45:05.546 [Test worker] INFO  allcom.tests.TestBase -- PASSED: [validateSearchWithIncorrectData], with Parameters: [<iframe>]
02:45:05.547 [Test worker] INFO  allcom.tests.TestBase -- Start test: [validateSearchWithIncorrectData]
02:45:05.723 [Test worker] INFO  allcom.tests.TestBase -- PASSED: [validateSearchWithIncorrectData], with Parameters: [<input>]
02:45:05.723 [Test worker] INFO  allcom.tests.TestBase -- Start test: [validateSearchWithIncorrectData]
02:45:05.900 [Test worker] INFO  allcom.tests.TestBase -- PASSED: [validateSearchWithIncorrectData], with Parameters: [@@]
02:45:05.900 [Test worker] INFO  allcom.tests.TestBase -- Start test: [validateSearchWithIncorrectData]
02:45:06.082 [Test worker] INFO  allcom.tests.TestBase -- PASSED: [validateSearchWithIncorrectData], with Parameters: [char]
02:45:06.082 [Test worker] INFO  allcom.tests.TestBase -- Start test: [validateSearchWithIncorrectData]
02:45:06.262 [Test worker] INFO  allcom.tests.TestBase -- PASSED: [validateSearchWithIncorrectData], with Parameters: [nchar]
02:45:06.262 [Test worker] INFO  allcom.tests.TestBase -- Start test: [validateSearchWithIncorrectData]
02:45:06.442 [Test worker] INFO  allcom.tests.TestBase -- PASSED: [validateSearchWithIncorrectData], with Parameters: [varchar]
02:45:06.442 [Test worker] INFO  allcom.tests.TestBase -- Start test: [validateSearchWithIncorrectData]
02:45:06.625 [Test worker] INFO  allcom.tests.TestBase -- PASSED: [validateSearchWithIncorrectData], with Parameters: [nvarchar]
02:45:06.626 [Test worker] INFO  allcom.tests.TestBase -- Start test: [validateSearchWithIncorrectData]
02:45:06.805 [Test worker] INFO  allcom.tests.TestBase -- PASSED: [validateSearchWithIncorrectData], with Parameters: [alter]
02:45:06.806 [Test worker] INFO  allcom.tests.TestBase -- Start test: [validateSearchWithIncorrectData]
02:45:06.985 [Test worker] INFO  allcom.tests.TestBase -- PASSED: [validateSearchWithIncorrectData], with Parameters: [begin]
02:45:06.986 [Test worker] INFO  allcom.tests.TestBase -- Start test: [validateSearchWithIncorrectData]
02:45:07.162 [Test worker] INFO  allcom.tests.TestBase -- PASSED: [validateSearchWithIncorrectData], with Parameters: [cast]
02:45:07.162 [Test worker] INFO  allcom.tests.TestBase -- Start test: [validateSearchWithIncorrectData]
02:45:07.341 [Test worker] INFO  allcom.tests.TestBase -- PASSED: [validateSearchWithIncorrectData], with Parameters: [create]
02:45:07.342 [Test worker] INFO  allcom.tests.TestBase -- Start test: [validateSearchWithIncorrectData]
02:45:07.522 [Test worker] INFO  allcom.tests.TestBase -- PASSED: [validateSearchWithIncorrectData], with Parameters: [cursor]
02:45:07.523 [Test worker] INFO  allcom.tests.TestBase -- Start test: [validateSearchWithIncorrectData]
02:45:07.700 [Test worker] INFO  allcom.tests.TestBase -- PASSED: [validateSearchWithIncorrectData], with Parameters: [declare]
02:45:07.700 [Test worker] INFO  allcom.tests.TestBase -- Start test: [validateSearchWithIncorrectData]
02:45:07.877 [Test worker] INFO  allcom.tests.TestBase -- PASSED: [validateSearchWithIncorrectData], with Parameters: [delete]
02:45:07.877 [Test worker] INFO  allcom.tests.TestBase -- Start test: [validateSearchWithIncorrectData]
02:45:08.058 [Test worker] INFO  allcom.tests.TestBase -- PASSED: [validateSearchWithIncorrectData], with Parameters: [drop]
02:45:08.059 [Test worker] INFO  allcom.tests.TestBase -- Start test: [validateSearchWithIncorrectData]
02:45:08.235 [Test worker] INFO  allcom.tests.TestBase -- PASSED: [validateSearchWithIncorrectData], with Parameters: [exec]
02:45:08.235 [Test worker] INFO  allcom.tests.TestBase -- Start test: [validateSearchWithIncorrectData]
02:45:08.415 [Test worker] INFO  allcom.tests.TestBase -- PASSED: [validateSearchWithIncorrectData], with Parameters: [execute]
02:45:08.415 [Test worker] INFO  allcom.tests.TestBase -- Start test: [validateSearchWithIncorrectData]
02:45:08.592 [Test worker] INFO  allcom.tests.TestBase -- PASSED: [validateSearchWithIncorrectData], with Parameters: [fetch]
02:45:08.592 [Test worker] INFO  allcom.tests.TestBase -- Start test: [validateSearchWithIncorrectData]
02:45:08.769 [Test worker] INFO  allcom.tests.TestBase -- PASSED: [validateSearchWithIncorrectData], with Parameters: [insert]
02:45:08.769 [Test worker] INFO  allcom.tests.TestBase -- Start test: [validateSearchWithIncorrectData]
02:45:08.947 [Test worker] INFO  allcom.tests.TestBase -- PASSED: [validateSearchWithIncorrectData], with Parameters: [kill]
02:45:08.947 [Test worker] INFO  allcom.tests.TestBase -- Start test: [validateSearchWithIncorrectData]
02:45:09.126 [Test worker] INFO  allcom.tests.TestBase -- PASSED: [validateSearchWithIncorrectData], with Parameters: [select]
02:45:09.127 [Test worker] INFO  allcom.tests.TestBase -- Start test: [validateSearchWithIncorrectData]
02:45:09.331 [Test worker] INFO  allcom.tests.TestBase -- PASSED: [validateSearchWithIncorrectData], with Parameters: [sys]
02:45:09.332 [Test worker] INFO  allcom.tests.TestBase -- Start test: [validateSearchWithIncorrectData]
02:45:09.512 [Test worker] INFO  allcom.tests.TestBase -- PASSED: [validateSearchWithIncorrectData], with Parameters: [sysobjects]
02:45:09.512 [Test worker] INFO  allcom.tests.TestBase -- Start test: [validateSearchWithIncorrectData]
02:45:09.693 [Test worker] INFO  allcom.tests.TestBase -- PASSED: [validateSearchWithIncorrectData], with Parameters: [syscolumns]
02:45:09.693 [Test worker] INFO  allcom.tests.TestBase -- Start test: [validateSearchWithIncorrectData]
02:45:10.084 [Test worker] INFO  allcom.tests.TestBase -- PASSED: [validateSearchWithIncorrectData], with Parameters: [<script></script>]
]]></system-out>
  <system-err><![CDATA[]]></system-err>
</testsuite>
