<?xml version="1.0" encoding="UTF-8"?>
<testsuite name="allcom_testng.tests.passwordReset.CreateNewPasswordPageTests" tests="42" skipped="0" failures="21" errors="0" timestamp="2024-02-25T22:29:41" hostname="PORTISHEAD-PC" time="42.888">
  <properties/>
  <testcase name="isCreateNewPasswordButtonPresent" classname="allcom_testng.tests.passwordReset.CreateNewPasswordPageTests" time="0.517"/>
  <testcase name="isPasswordResetNotSuccessInvalidDataWithValidationCheck" classname="allcom_testng.tests.passwordReset.CreateNewPasswordPageTests" time="0.075">
    <failure message="org.openqa.selenium.StaleElementReferenceException: stale element reference: stale element not found&#10;  (Session info: chrome-headless-shell=122.0.6261.70)&#10;For documentation on this error, please visit: https://www.selenium.dev/documentation/webdriver/troubleshooting/errors#stale-element-reference-exception&#10;Build info: version: '4.18.1', revision: 'b1d3319b48'&#10;System info: os.name: 'Windows 11', os.arch: 'amd64', os.version: '10.0', java.version: '11.0.20'&#10;Driver info: org.openqa.selenium.chrome.ChromeDriver&#10;Command: [9df5fa7d277ff147dedd064b19ea2862, clickElement {id=f.833F0DC56686BB3144ECC6010251FADE.d.A7CE724A4DFA9CBEB6FCE801177EC418.e.8322}]&#10;Capabilities {acceptInsecureCerts: false, browserName: chrome-headless-shell, browserVersion: 122.0.6261.70, chrome: {chromedriverVersion: 122.0.6261.69 (81bc525b6a36..., userDataDir: C:\Users\PORTIS~1\AppData\L...}, fedcm:accounts: true, goog:chromeOptions: {debuggerAddress: localhost:63482}, networkConnectionEnabled: false, pageLoadStrategy: normal, platformName: windows, proxy: Proxy(), se:cdp: ws://localhost:63482/devtoo..., se:cdpVersion: 122.0.6261.70, setWindowRect: true, strictFileInteractability: false, timeouts: {implicit: 0, pageLoad: 300000, script: 30000}, unhandledPromptBehavior: dismiss and notify, webauthn:extension:credBlob: true, webauthn:extension:largeBlob: true, webauthn:extension:minPinLength: true, webauthn:extension:prf: true, webauthn:virtualAuthenticators: true}&#10;Element: [[ChromeDriver: chrome-headless-shell on windows (9df5fa7d277ff147dedd064b19ea2862)] -&gt; name: password]&#10;Session ID: 9df5fa7d277ff147dedd064b19ea2862" type="org.openqa.selenium.StaleElementReferenceException">org.openqa.selenium.StaleElementReferenceException: stale element reference: stale element not found
  (Session info: chrome-headless-shell=122.0.6261.70)
For documentation on this error, please visit: https://www.selenium.dev/documentation/webdriver/troubleshooting/errors#stale-element-reference-exception
Build info: version: '4.18.1', revision: 'b1d3319b48'
System info: os.name: 'Windows 11', os.arch: 'amd64', os.version: '10.0', java.version: '11.0.20'
Driver info: org.openqa.selenium.chrome.ChromeDriver
Command: [9df5fa7d277ff147dedd064b19ea2862, clickElement {id=f.833F0DC56686BB3144ECC6010251FADE.d.A7CE724A4DFA9CBEB6FCE801177EC418.e.8322}]
Capabilities {acceptInsecureCerts: false, browserName: chrome-headless-shell, browserVersion: 122.0.6261.70, chrome: {chromedriverVersion: 122.0.6261.69 (81bc525b6a36..., userDataDir: C:\Users\PORTIS~1\AppData\L...}, fedcm:accounts: true, goog:chromeOptions: {debuggerAddress: localhost:63482}, networkConnectionEnabled: false, pageLoadStrategy: normal, platformName: windows, proxy: Proxy(), se:cdp: ws://localhost:63482/devtoo..., se:cdpVersion: 122.0.6261.70, setWindowRect: true, strictFileInteractability: false, timeouts: {implicit: 0, pageLoad: 300000, script: 30000}, unhandledPromptBehavior: dismiss and notify, webauthn:extension:credBlob: true, webauthn:extension:largeBlob: true, webauthn:extension:minPinLength: true, webauthn:extension:prf: true, webauthn:virtualAuthenticators: true}
Element: [[ChromeDriver: chrome-headless-shell on windows (9df5fa7d277ff147dedd064b19ea2862)] -&gt; name: password]
Session ID: 9df5fa7d277ff147dedd064b19ea2862
	at jdk.internal.reflect.GeneratedConstructorAccessor13.newInstance(Unknown Source)
	at java.base@11.0.20/jdk.internal.reflect.DelegatingConstructorAccessorImpl.newInstance(DelegatingConstructorAccessorImpl.java:45)
	at java.base@11.0.20/java.lang.reflect.Constructor.newInstance(Constructor.java:490)
	at app//org.openqa.selenium.remote.ErrorCodec.decode(ErrorCodec.java:167)
	at app//org.openqa.selenium.remote.codec.w3c.W3CHttpResponseCodec.decode(W3CHttpResponseCodec.java:138)
	at app//org.openqa.selenium.remote.codec.w3c.W3CHttpResponseCodec.decode(W3CHttpResponseCodec.java:50)
	at app//org.openqa.selenium.remote.HttpCommandExecutor.execute(HttpCommandExecutor.java:190)
	at app//org.openqa.selenium.remote.service.DriverCommandExecutor.invokeExecute(DriverCommandExecutor.java:216)
	at app//org.openqa.selenium.remote.service.DriverCommandExecutor.execute(DriverCommandExecutor.java:174)
	at app//org.openqa.selenium.remote.RemoteWebDriver.execute(RemoteWebDriver.java:519)
	at app//org.openqa.selenium.remote.RemoteWebElement.execute(RemoteWebElement.java:223)
	at app//org.openqa.selenium.remote.RemoteWebElement.click(RemoteWebElement.java:76)
	at jdk.internal.reflect.GeneratedMethodAccessor13.invoke(Unknown Source)
	at java.base@11.0.20/jdk.internal.reflect.DelegatingMethodAccessorImpl.invoke(DelegatingMethodAccessorImpl.java:43)
	at java.base@11.0.20/java.lang.reflect.Method.invoke(Method.java:566)
	at app//org.openqa.selenium.support.pagefactory.internal.LocatingElementHandler.invoke(LocatingElementHandler.java:51)
	at app//com.sun.proxy.$Proxy17.click(Unknown Source)
	at app//allcom_testng.pages.BasePage.click(BasePage.java:62)
	at app//allcom_testng.pages.BasePage.type(BasePage.java:100)
	at app//allcom_testng.tests.passwordReset.CreateNewPasswordPageTests.isPasswordResetNotSuccessInvalidDataWithValidationCheck(CreateNewPasswordPageTests.java:77)
	at java.base@11.0.20/jdk.internal.reflect.NativeMethodAccessorImpl.invoke0(Native Method)
	at java.base@11.0.20/jdk.internal.reflect.NativeMethodAccessorImpl.invoke(NativeMethodAccessorImpl.java:62)
	at java.base@11.0.20/jdk.internal.reflect.DelegatingMethodAccessorImpl.invoke(DelegatingMethodAccessorImpl.java:43)
	at java.base@11.0.20/java.lang.reflect.Method.invoke(Method.java:566)
	at app//org.testng.internal.invokers.MethodInvocationHelper.invokeMethod(MethodInvocationHelper.java:139)
	at app//org.testng.internal.invokers.TestInvoker.invokeMethod(TestInvoker.java:664)
	at app//org.testng.internal.invokers.TestInvoker.invokeTestMethod(TestInvoker.java:228)
	at app//org.testng.internal.invokers.MethodRunner.runInSequence(MethodRunner.java:63)
	at app//org.testng.internal.invokers.TestInvoker$MethodInvocationAgent.invoke(TestInvoker.java:961)
	at app//org.testng.internal.invokers.TestInvoker.invokeTestMethods(TestInvoker.java:201)
	at app//org.testng.internal.invokers.TestMethodWorker.invokeTestMethods(TestMethodWorker.java:148)
	at app//org.testng.internal.invokers.TestMethodWorker.run(TestMethodWorker.java:128)
	at java.base@11.0.20/java.util.ArrayList.forEach(ArrayList.java:1541)
	at app//org.testng.TestRunner.privateRun(TestRunner.java:819)
	at app//org.testng.TestRunner.run(TestRunner.java:619)
	at app//org.testng.SuiteRunner.runTest(SuiteRunner.java:443)
	at app//org.testng.SuiteRunner.runSequentially(SuiteRunner.java:437)
	at app//org.testng.SuiteRunner.privateRun(SuiteRunner.java:397)
	at app//org.testng.SuiteRunner.run(SuiteRunner.java:336)
	at app//org.testng.SuiteRunnerWorker.runSuite(SuiteRunnerWorker.java:52)
	at app//org.testng.SuiteRunnerWorker.run(SuiteRunnerWorker.java:95)
	at app//org.testng.TestNG.runSuitesSequentially(TestNG.java:1301)
	at app//org.testng.TestNG.runSuitesLocally(TestNG.java:1228)
	at app//org.testng.TestNG.runSuites(TestNG.java:1134)
	at app//org.testng.TestNG.run(TestNG.java:1101)
	at org.gradle.api.internal.tasks.testing.testng.TestNGTestClassProcessor.runTests(TestNGTestClassProcessor.java:148)
	at org.gradle.api.internal.tasks.testing.testng.TestNGTestClassProcessor.stop(TestNGTestClassProcessor.java:95)
	at org.gradle.api.internal.tasks.testing.SuiteTestClassProcessor.stop(SuiteTestClassProcessor.java:62)
	at java.base@11.0.20/jdk.internal.reflect.NativeMethodAccessorImpl.invoke0(Native Method)
	at java.base@11.0.20/jdk.internal.reflect.NativeMethodAccessorImpl.invoke(NativeMethodAccessorImpl.java:62)
	at java.base@11.0.20/jdk.internal.reflect.DelegatingMethodAccessorImpl.invoke(DelegatingMethodAccessorImpl.java:43)
	at java.base@11.0.20/java.lang.reflect.Method.invoke(Method.java:566)
	at org.gradle.internal.dispatch.ReflectionDispatch.dispatch(ReflectionDispatch.java:36)
	at org.gradle.internal.dispatch.ReflectionDispatch.dispatch(ReflectionDispatch.java:24)
	at org.gradle.internal.dispatch.ContextClassLoaderDispatch.dispatch(ContextClassLoaderDispatch.java:33)
	at org.gradle.internal.dispatch.ProxyDispatchAdapter$DispatchingInvocationHandler.invoke(ProxyDispatchAdapter.java:94)
	at com.sun.proxy.$Proxy2.stop(Unknown Source)
	at org.gradle.api.internal.tasks.testing.worker.TestWorker$3.run(TestWorker.java:193)
	at org.gradle.api.internal.tasks.testing.worker.TestWorker.executeAndMaintainThreadName(TestWorker.java:129)
	at org.gradle.api.internal.tasks.testing.worker.TestWorker.execute(TestWorker.java:100)
	at org.gradle.api.internal.tasks.testing.worker.TestWorker.execute(TestWorker.java:60)
	at org.gradle.process.internal.worker.child.ActionExecutionWorker.execute(ActionExecutionWorker.java:56)
	at org.gradle.process.internal.worker.child.SystemApplicationClassLoaderWorker.call(SystemApplicationClassLoaderWorker.java:113)
	at org.gradle.process.internal.worker.child.SystemApplicationClassLoaderWorker.call(SystemApplicationClassLoaderWorker.java:65)
	at app//worker.org.gradle.process.internal.worker.GradleWorkerMain.run(GradleWorkerMain.java:69)
	at app//worker.org.gradle.process.internal.worker.GradleWorkerMain.main(GradleWorkerMain.java:74)
</failure>
  </testcase>
  <testcase name="isPasswordResetNotSuccessInvalidDataWoValidationCheck" classname="allcom_testng.tests.passwordReset.CreateNewPasswordPageTests" time="0.99"/>
  <testcase name="isPasswordResetNotSuccessInvalidDataWoValidationCheckWoTimer" classname="allcom_testng.tests.passwordReset.CreateNewPasswordPageTests" time="1.161"/>
  <testcase name="isPasswordResetSuccessValidDataWithValidationCheck" classname="allcom_testng.tests.passwordReset.CreateNewPasswordPageTests" time="0.047">
    <failure message="org.openqa.selenium.StaleElementReferenceException: stale element reference: stale element not found&#10;  (Session info: chrome-headless-shell=122.0.6261.70)&#10;For documentation on this error, please visit: https://www.selenium.dev/documentation/webdriver/troubleshooting/errors#stale-element-reference-exception&#10;Build info: version: '4.18.1', revision: 'b1d3319b48'&#10;System info: os.name: 'Windows 11', os.arch: 'amd64', os.version: '10.0', java.version: '11.0.20'&#10;Driver info: org.openqa.selenium.chrome.ChromeDriver&#10;Command: [9df5fa7d277ff147dedd064b19ea2862, isElementDisplayed {id=f.833F0DC56686BB3144ECC6010251FADE.d.402A54845FFDEF66B986BE8D353C3AF4.e.8502}]&#10;Capabilities {acceptInsecureCerts: false, browserName: chrome-headless-shell, browserVersion: 122.0.6261.70, chrome: {chromedriverVersion: 122.0.6261.69 (81bc525b6a36..., userDataDir: C:\Users\PORTIS~1\AppData\L...}, fedcm:accounts: true, goog:chromeOptions: {debuggerAddress: localhost:63482}, networkConnectionEnabled: false, pageLoadStrategy: normal, platformName: windows, proxy: Proxy(), se:cdp: ws://localhost:63482/devtoo..., se:cdpVersion: 122.0.6261.70, setWindowRect: true, strictFileInteractability: false, timeouts: {implicit: 0, pageLoad: 300000, script: 30000}, unhandledPromptBehavior: dismiss and notify, webauthn:extension:credBlob: true, webauthn:extension:largeBlob: true, webauthn:extension:minPinLength: true, webauthn:extension:prf: true, webauthn:virtualAuthenticators: true}&#10;Element: [[ChromeDriver: chrome-headless-shell on windows (9df5fa7d277ff147dedd064b19ea2862)] -&gt; name: password]&#10;Session ID: 9df5fa7d277ff147dedd064b19ea2862" type="org.openqa.selenium.StaleElementReferenceException">org.openqa.selenium.StaleElementReferenceException: stale element reference: stale element not found
  (Session info: chrome-headless-shell=122.0.6261.70)
For documentation on this error, please visit: https://www.selenium.dev/documentation/webdriver/troubleshooting/errors#stale-element-reference-exception
Build info: version: '4.18.1', revision: 'b1d3319b48'
System info: os.name: 'Windows 11', os.arch: 'amd64', os.version: '10.0', java.version: '11.0.20'
Driver info: org.openqa.selenium.chrome.ChromeDriver
Command: [9df5fa7d277ff147dedd064b19ea2862, isElementDisplayed {id=f.833F0DC56686BB3144ECC6010251FADE.d.402A54845FFDEF66B986BE8D353C3AF4.e.8502}]
Capabilities {acceptInsecureCerts: false, browserName: chrome-headless-shell, browserVersion: 122.0.6261.70, chrome: {chromedriverVersion: 122.0.6261.69 (81bc525b6a36..., userDataDir: C:\Users\PORTIS~1\AppData\L...}, fedcm:accounts: true, goog:chromeOptions: {debuggerAddress: localhost:63482}, networkConnectionEnabled: false, pageLoadStrategy: normal, platformName: windows, proxy: Proxy(), se:cdp: ws://localhost:63482/devtoo..., se:cdpVersion: 122.0.6261.70, setWindowRect: true, strictFileInteractability: false, timeouts: {implicit: 0, pageLoad: 300000, script: 30000}, unhandledPromptBehavior: dismiss and notify, webauthn:extension:credBlob: true, webauthn:extension:largeBlob: true, webauthn:extension:minPinLength: true, webauthn:extension:prf: true, webauthn:virtualAuthenticators: true}
Element: [[ChromeDriver: chrome-headless-shell on windows (9df5fa7d277ff147dedd064b19ea2862)] -&gt; name: password]
Session ID: 9df5fa7d277ff147dedd064b19ea2862
	at jdk.internal.reflect.GeneratedConstructorAccessor13.newInstance(Unknown Source)
	at java.base@11.0.20/jdk.internal.reflect.DelegatingConstructorAccessorImpl.newInstance(DelegatingConstructorAccessorImpl.java:45)
	at java.base@11.0.20/java.lang.reflect.Constructor.newInstance(Constructor.java:490)
	at app//org.openqa.selenium.remote.ErrorCodec.decode(ErrorCodec.java:167)
	at app//org.openqa.selenium.remote.codec.w3c.W3CHttpResponseCodec.decode(W3CHttpResponseCodec.java:138)
	at app//org.openqa.selenium.remote.codec.w3c.W3CHttpResponseCodec.decode(W3CHttpResponseCodec.java:50)
	at app//org.openqa.selenium.remote.HttpCommandExecutor.execute(HttpCommandExecutor.java:190)
	at app//org.openqa.selenium.remote.service.DriverCommandExecutor.invokeExecute(DriverCommandExecutor.java:216)
	at app//org.openqa.selenium.remote.service.DriverCommandExecutor.execute(DriverCommandExecutor.java:174)
	at app//org.openqa.selenium.remote.RemoteWebDriver.execute(RemoteWebDriver.java:519)
	at app//org.openqa.selenium.remote.RemoteWebElement.execute(RemoteWebElement.java:223)
	at app//org.openqa.selenium.remote.RemoteWebElement.isDisplayed(RemoteWebElement.java:282)
	at jdk.internal.reflect.GeneratedMethodAccessor11.invoke(Unknown Source)
	at java.base@11.0.20/jdk.internal.reflect.DelegatingMethodAccessorImpl.invoke(DelegatingMethodAccessorImpl.java:43)
	at java.base@11.0.20/java.lang.reflect.Method.invoke(Method.java:566)
	at app//org.openqa.selenium.support.pagefactory.internal.LocatingElementHandler.invoke(LocatingElementHandler.java:51)
	at app//com.sun.proxy.$Proxy17.isDisplayed(Unknown Source)
	at app//org.openqa.selenium.support.ui.ExpectedConditions.elementIfVisible(ExpectedConditions.java:304)
	at app//org.openqa.selenium.support.ui.ExpectedConditions$10.apply(ExpectedConditions.java:290)
	at app//org.openqa.selenium.support.ui.ExpectedConditions$10.apply(ExpectedConditions.java:287)
	at app//org.openqa.selenium.support.ui.ExpectedConditions$23.apply(ExpectedConditions.java:656)
	at app//org.openqa.selenium.support.ui.ExpectedConditions$23.apply(ExpectedConditions.java:652)
	at app//org.openqa.selenium.support.ui.FluentWait.until(FluentWait.java:203)
	at app//allcom_testng.pages.BasePage.waitUntilElementToBeClickable(BasePage.java:57)
	at app//allcom_testng.pages.BasePage.click(BasePage.java:61)
	at app//allcom_testng.pages.BasePage.type(BasePage.java:100)
	at app//allcom_testng.tests.passwordReset.CreateNewPasswordPageTests.isPasswordResetSuccessValidDataWithValidationCheck(CreateNewPasswordPageTests.java:68)
	at java.base@11.0.20/jdk.internal.reflect.NativeMethodAccessorImpl.invoke0(Native Method)
	at java.base@11.0.20/jdk.internal.reflect.NativeMethodAccessorImpl.invoke(NativeMethodAccessorImpl.java:62)
	at java.base@11.0.20/jdk.internal.reflect.DelegatingMethodAccessorImpl.invoke(DelegatingMethodAccessorImpl.java:43)
	at java.base@11.0.20/java.lang.reflect.Method.invoke(Method.java:566)
	at app//org.testng.internal.invokers.MethodInvocationHelper.invokeMethod(MethodInvocationHelper.java:139)
	at app//org.testng.internal.invokers.TestInvoker.invokeMethod(TestInvoker.java:664)
	at app//org.testng.internal.invokers.TestInvoker.invokeTestMethod(TestInvoker.java:228)
	at app//org.testng.internal.invokers.MethodRunner.runInSequence(MethodRunner.java:63)
	at app//org.testng.internal.invokers.TestInvoker$MethodInvocationAgent.invoke(TestInvoker.java:961)
	at app//org.testng.internal.invokers.TestInvoker.invokeTestMethods(TestInvoker.java:201)
	at app//org.testng.internal.invokers.TestMethodWorker.invokeTestMethods(TestMethodWorker.java:148)
	at app//org.testng.internal.invokers.TestMethodWorker.run(TestMethodWorker.java:128)
	at java.base@11.0.20/java.util.ArrayList.forEach(ArrayList.java:1541)
	at app//org.testng.TestRunner.privateRun(TestRunner.java:819)
	at app//org.testng.TestRunner.run(TestRunner.java:619)
	at app//org.testng.SuiteRunner.runTest(SuiteRunner.java:443)
	at app//org.testng.SuiteRunner.runSequentially(SuiteRunner.java:437)
	at app//org.testng.SuiteRunner.privateRun(SuiteRunner.java:397)
	at app//org.testng.SuiteRunner.run(SuiteRunner.java:336)
	at app//org.testng.SuiteRunnerWorker.runSuite(SuiteRunnerWorker.java:52)
	at app//org.testng.SuiteRunnerWorker.run(SuiteRunnerWorker.java:95)
	at app//org.testng.TestNG.runSuitesSequentially(TestNG.java:1301)
	at app//org.testng.TestNG.runSuitesLocally(TestNG.java:1228)
	at app//org.testng.TestNG.runSuites(TestNG.java:1134)
	at app//org.testng.TestNG.run(TestNG.java:1101)
	at org.gradle.api.internal.tasks.testing.testng.TestNGTestClassProcessor.runTests(TestNGTestClassProcessor.java:148)
	at org.gradle.api.internal.tasks.testing.testng.TestNGTestClassProcessor.stop(TestNGTestClassProcessor.java:95)
	at org.gradle.api.internal.tasks.testing.SuiteTestClassProcessor.stop(SuiteTestClassProcessor.java:62)
	at java.base@11.0.20/jdk.internal.reflect.NativeMethodAccessorImpl.invoke0(Native Method)
	at java.base@11.0.20/jdk.internal.reflect.NativeMethodAccessorImpl.invoke(NativeMethodAccessorImpl.java:62)
	at java.base@11.0.20/jdk.internal.reflect.DelegatingMethodAccessorImpl.invoke(DelegatingMethodAccessorImpl.java:43)
	at java.base@11.0.20/java.lang.reflect.Method.invoke(Method.java:566)
	at org.gradle.internal.dispatch.ReflectionDispatch.dispatch(ReflectionDispatch.java:36)
	at org.gradle.internal.dispatch.ReflectionDispatch.dispatch(ReflectionDispatch.java:24)
	at org.gradle.internal.dispatch.ContextClassLoaderDispatch.dispatch(ContextClassLoaderDispatch.java:33)
	at org.gradle.internal.dispatch.ProxyDispatchAdapter$DispatchingInvocationHandler.invoke(ProxyDispatchAdapter.java:94)
	at com.sun.proxy.$Proxy2.stop(Unknown Source)
	at org.gradle.api.internal.tasks.testing.worker.TestWorker$3.run(TestWorker.java:193)
	at org.gradle.api.internal.tasks.testing.worker.TestWorker.executeAndMaintainThreadName(TestWorker.java:129)
	at org.gradle.api.internal.tasks.testing.worker.TestWorker.execute(TestWorker.java:100)
	at org.gradle.api.internal.tasks.testing.worker.TestWorker.execute(TestWorker.java:60)
	at org.gradle.process.internal.worker.child.ActionExecutionWorker.execute(ActionExecutionWorker.java:56)
	at org.gradle.process.internal.worker.child.SystemApplicationClassLoaderWorker.call(SystemApplicationClassLoaderWorker.java:113)
	at org.gradle.process.internal.worker.child.SystemApplicationClassLoaderWorker.call(SystemApplicationClassLoaderWorker.java:65)
	at app//worker.org.gradle.process.internal.worker.GradleWorkerMain.run(GradleWorkerMain.java:69)
	at app//worker.org.gradle.process.internal.worker.GradleWorkerMain.main(GradleWorkerMain.java:74)
</failure>
  </testcase>
  <testcase name="isPasswordResetSuccessValidDataWoValidationCheck" classname="allcom_testng.tests.passwordReset.CreateNewPasswordPageTests" time="0.069">
    <failure message="org.openqa.selenium.StaleElementReferenceException: stale element reference: stale element not found&#10;  (Session info: chrome-headless-shell=122.0.6261.70)&#10;For documentation on this error, please visit: https://www.selenium.dev/documentation/webdriver/troubleshooting/errors#stale-element-reference-exception&#10;Build info: version: '4.18.1', revision: 'b1d3319b48'&#10;System info: os.name: 'Windows 11', os.arch: 'amd64', os.version: '10.0', java.version: '11.0.20'&#10;Driver info: org.openqa.selenium.chrome.ChromeDriver&#10;Command: [9df5fa7d277ff147dedd064b19ea2862, clickElement {id=f.833F0DC56686BB3144ECC6010251FADE.d.19EF2EB75325953CD43D67094A5AC946.e.8507}]&#10;Capabilities {acceptInsecureCerts: false, browserName: chrome-headless-shell, browserVersion: 122.0.6261.70, chrome: {chromedriverVersion: 122.0.6261.69 (81bc525b6a36..., userDataDir: C:\Users\PORTIS~1\AppData\L...}, fedcm:accounts: true, goog:chromeOptions: {debuggerAddress: localhost:63482}, networkConnectionEnabled: false, pageLoadStrategy: normal, platformName: windows, proxy: Proxy(), se:cdp: ws://localhost:63482/devtoo..., se:cdpVersion: 122.0.6261.70, setWindowRect: true, strictFileInteractability: false, timeouts: {implicit: 0, pageLoad: 300000, script: 30000}, unhandledPromptBehavior: dismiss and notify, webauthn:extension:credBlob: true, webauthn:extension:largeBlob: true, webauthn:extension:minPinLength: true, webauthn:extension:prf: true, webauthn:virtualAuthenticators: true}&#10;Element: [[ChromeDriver: chrome-headless-shell on windows (9df5fa7d277ff147dedd064b19ea2862)] -&gt; name: password]&#10;Session ID: 9df5fa7d277ff147dedd064b19ea2862" type="org.openqa.selenium.StaleElementReferenceException">org.openqa.selenium.StaleElementReferenceException: stale element reference: stale element not found
  (Session info: chrome-headless-shell=122.0.6261.70)
For documentation on this error, please visit: https://www.selenium.dev/documentation/webdriver/troubleshooting/errors#stale-element-reference-exception
Build info: version: '4.18.1', revision: 'b1d3319b48'
System info: os.name: 'Windows 11', os.arch: 'amd64', os.version: '10.0', java.version: '11.0.20'
Driver info: org.openqa.selenium.chrome.ChromeDriver
Command: [9df5fa7d277ff147dedd064b19ea2862, clickElement {id=f.833F0DC56686BB3144ECC6010251FADE.d.19EF2EB75325953CD43D67094A5AC946.e.8507}]
Capabilities {acceptInsecureCerts: false, browserName: chrome-headless-shell, browserVersion: 122.0.6261.70, chrome: {chromedriverVersion: 122.0.6261.69 (81bc525b6a36..., userDataDir: C:\Users\PORTIS~1\AppData\L...}, fedcm:accounts: true, goog:chromeOptions: {debuggerAddress: localhost:63482}, networkConnectionEnabled: false, pageLoadStrategy: normal, platformName: windows, proxy: Proxy(), se:cdp: ws://localhost:63482/devtoo..., se:cdpVersion: 122.0.6261.70, setWindowRect: true, strictFileInteractability: false, timeouts: {implicit: 0, pageLoad: 300000, script: 30000}, unhandledPromptBehavior: dismiss and notify, webauthn:extension:credBlob: true, webauthn:extension:largeBlob: true, webauthn:extension:minPinLength: true, webauthn:extension:prf: true, webauthn:virtualAuthenticators: true}
Element: [[ChromeDriver: chrome-headless-shell on windows (9df5fa7d277ff147dedd064b19ea2862)] -&gt; name: password]
Session ID: 9df5fa7d277ff147dedd064b19ea2862
	at jdk.internal.reflect.GeneratedConstructorAccessor13.newInstance(Unknown Source)
	at java.base@11.0.20/jdk.internal.reflect.DelegatingConstructorAccessorImpl.newInstance(DelegatingConstructorAccessorImpl.java:45)
	at java.base@11.0.20/java.lang.reflect.Constructor.newInstance(Constructor.java:490)
	at app//org.openqa.selenium.remote.ErrorCodec.decode(ErrorCodec.java:167)
	at app//org.openqa.selenium.remote.codec.w3c.W3CHttpResponseCodec.decode(W3CHttpResponseCodec.java:138)
	at app//org.openqa.selenium.remote.codec.w3c.W3CHttpResponseCodec.decode(W3CHttpResponseCodec.java:50)
	at app//org.openqa.selenium.remote.HttpCommandExecutor.execute(HttpCommandExecutor.java:190)
	at app//org.openqa.selenium.remote.service.DriverCommandExecutor.invokeExecute(DriverCommandExecutor.java:216)
	at app//org.openqa.selenium.remote.service.DriverCommandExecutor.execute(DriverCommandExecutor.java:174)
	at app//org.openqa.selenium.remote.RemoteWebDriver.execute(RemoteWebDriver.java:519)
	at app//org.openqa.selenium.remote.RemoteWebElement.execute(RemoteWebElement.java:223)
	at app//org.openqa.selenium.remote.RemoteWebElement.click(RemoteWebElement.java:76)
	at jdk.internal.reflect.GeneratedMethodAccessor13.invoke(Unknown Source)
	at java.base@11.0.20/jdk.internal.reflect.DelegatingMethodAccessorImpl.invoke(DelegatingMethodAccessorImpl.java:43)
	at java.base@11.0.20/java.lang.reflect.Method.invoke(Method.java:566)
	at app//org.openqa.selenium.support.pagefactory.internal.LocatingElementHandler.invoke(LocatingElementHandler.java:51)
	at app//com.sun.proxy.$Proxy17.click(Unknown Source)
	at app//allcom_testng.pages.BasePage.click(BasePage.java:62)
	at app//allcom_testng.pages.BasePage.type(BasePage.java:100)
	at app//allcom_testng.tests.passwordReset.CreateNewPasswordPageTests.isPasswordResetSuccessValidDataWoValidationCheck(CreateNewPasswordPageTests.java:52)
	at java.base@11.0.20/jdk.internal.reflect.NativeMethodAccessorImpl.invoke0(Native Method)
	at java.base@11.0.20/jdk.internal.reflect.NativeMethodAccessorImpl.invoke(NativeMethodAccessorImpl.java:62)
	at java.base@11.0.20/jdk.internal.reflect.DelegatingMethodAccessorImpl.invoke(DelegatingMethodAccessorImpl.java:43)
	at java.base@11.0.20/java.lang.reflect.Method.invoke(Method.java:566)
	at app//org.testng.internal.invokers.MethodInvocationHelper.invokeMethod(MethodInvocationHelper.java:139)
	at app//org.testng.internal.invokers.TestInvoker.invokeMethod(TestInvoker.java:664)
	at app//org.testng.internal.invokers.TestInvoker.invokeTestMethod(TestInvoker.java:228)
	at app//org.testng.internal.invokers.MethodRunner.runInSequence(MethodRunner.java:63)
	at app//org.testng.internal.invokers.TestInvoker$MethodInvocationAgent.invoke(TestInvoker.java:961)
	at app//org.testng.internal.invokers.TestInvoker.invokeTestMethods(TestInvoker.java:201)
	at app//org.testng.internal.invokers.TestMethodWorker.invokeTestMethods(TestMethodWorker.java:148)
	at app//org.testng.internal.invokers.TestMethodWorker.run(TestMethodWorker.java:128)
	at java.base@11.0.20/java.util.ArrayList.forEach(ArrayList.java:1541)
	at app//org.testng.TestRunner.privateRun(TestRunner.java:819)
	at app//org.testng.TestRunner.run(TestRunner.java:619)
	at app//org.testng.SuiteRunner.runTest(SuiteRunner.java:443)
	at app//org.testng.SuiteRunner.runSequentially(SuiteRunner.java:437)
	at app//org.testng.SuiteRunner.privateRun(SuiteRunner.java:397)
	at app//org.testng.SuiteRunner.run(SuiteRunner.java:336)
	at app//org.testng.SuiteRunnerWorker.runSuite(SuiteRunnerWorker.java:52)
	at app//org.testng.SuiteRunnerWorker.run(SuiteRunnerWorker.java:95)
	at app//org.testng.TestNG.runSuitesSequentially(TestNG.java:1301)
	at app//org.testng.TestNG.runSuitesLocally(TestNG.java:1228)
	at app//org.testng.TestNG.runSuites(TestNG.java:1134)
	at app//org.testng.TestNG.run(TestNG.java:1101)
	at org.gradle.api.internal.tasks.testing.testng.TestNGTestClassProcessor.runTests(TestNGTestClassProcessor.java:148)
	at org.gradle.api.internal.tasks.testing.testng.TestNGTestClassProcessor.stop(TestNGTestClassProcessor.java:95)
	at org.gradle.api.internal.tasks.testing.SuiteTestClassProcessor.stop(SuiteTestClassProcessor.java:62)
	at java.base@11.0.20/jdk.internal.reflect.NativeMethodAccessorImpl.invoke0(Native Method)
	at java.base@11.0.20/jdk.internal.reflect.NativeMethodAccessorImpl.invoke(NativeMethodAccessorImpl.java:62)
	at java.base@11.0.20/jdk.internal.reflect.DelegatingMethodAccessorImpl.invoke(DelegatingMethodAccessorImpl.java:43)
	at java.base@11.0.20/java.lang.reflect.Method.invoke(Method.java:566)
	at org.gradle.internal.dispatch.ReflectionDispatch.dispatch(ReflectionDispatch.java:36)
	at org.gradle.internal.dispatch.ReflectionDispatch.dispatch(ReflectionDispatch.java:24)
	at org.gradle.internal.dispatch.ContextClassLoaderDispatch.dispatch(ContextClassLoaderDispatch.java:33)
	at org.gradle.internal.dispatch.ProxyDispatchAdapter$DispatchingInvocationHandler.invoke(ProxyDispatchAdapter.java:94)
	at com.sun.proxy.$Proxy2.stop(Unknown Source)
	at org.gradle.api.internal.tasks.testing.worker.TestWorker$3.run(TestWorker.java:193)
	at org.gradle.api.internal.tasks.testing.worker.TestWorker.executeAndMaintainThreadName(TestWorker.java:129)
	at org.gradle.api.internal.tasks.testing.worker.TestWorker.execute(TestWorker.java:100)
	at org.gradle.api.internal.tasks.testing.worker.TestWorker.execute(TestWorker.java:60)
	at org.gradle.process.internal.worker.child.ActionExecutionWorker.execute(ActionExecutionWorker.java:56)
	at org.gradle.process.internal.worker.child.SystemApplicationClassLoaderWorker.call(SystemApplicationClassLoaderWorker.java:113)
	at org.gradle.process.internal.worker.child.SystemApplicationClassLoaderWorker.call(SystemApplicationClassLoaderWorker.java:65)
	at app//worker.org.gradle.process.internal.worker.GradleWorkerMain.run(GradleWorkerMain.java:69)
	at app//worker.org.gradle.process.internal.worker.GradleWorkerMain.main(GradleWorkerMain.java:74)
</failure>
  </testcase>
  <testcase name="validateComparePasswordsEqualityNegative" classname="allcom_testng.tests.passwordReset.CreateNewPasswordPageTests" time="0.0"/>
  <testcase name="validateComparePasswordsEqualityPositive" classname="allcom_testng.tests.passwordReset.CreateNewPasswordPageTests" time="0.07">
    <failure message="org.openqa.selenium.StaleElementReferenceException: stale element reference: stale element not found&#10;  (Session info: chrome-headless-shell=122.0.6261.70)&#10;For documentation on this error, please visit: https://www.selenium.dev/documentation/webdriver/troubleshooting/errors#stale-element-reference-exception&#10;Build info: version: '4.18.1', revision: 'b1d3319b48'&#10;System info: os.name: 'Windows 11', os.arch: 'amd64', os.version: '10.0', java.version: '11.0.20'&#10;Driver info: org.openqa.selenium.chrome.ChromeDriver&#10;Command: [9df5fa7d277ff147dedd064b19ea2862, clickElement {id=f.833F0DC56686BB3144ECC6010251FADE.d.9F1E70EB4E45F52F077F29283F31207B.e.8582}]&#10;Capabilities {acceptInsecureCerts: false, browserName: chrome-headless-shell, browserVersion: 122.0.6261.70, chrome: {chromedriverVersion: 122.0.6261.69 (81bc525b6a36..., userDataDir: C:\Users\PORTIS~1\AppData\L...}, fedcm:accounts: true, goog:chromeOptions: {debuggerAddress: localhost:63482}, networkConnectionEnabled: false, pageLoadStrategy: normal, platformName: windows, proxy: Proxy(), se:cdp: ws://localhost:63482/devtoo..., se:cdpVersion: 122.0.6261.70, setWindowRect: true, strictFileInteractability: false, timeouts: {implicit: 0, pageLoad: 300000, script: 30000}, unhandledPromptBehavior: dismiss and notify, webauthn:extension:credBlob: true, webauthn:extension:largeBlob: true, webauthn:extension:minPinLength: true, webauthn:extension:prf: true, webauthn:virtualAuthenticators: true}&#10;Element: [[ChromeDriver: chrome-headless-shell on windows (9df5fa7d277ff147dedd064b19ea2862)] -&gt; name: password]&#10;Session ID: 9df5fa7d277ff147dedd064b19ea2862" type="org.openqa.selenium.StaleElementReferenceException">org.openqa.selenium.StaleElementReferenceException: stale element reference: stale element not found
  (Session info: chrome-headless-shell=122.0.6261.70)
For documentation on this error, please visit: https://www.selenium.dev/documentation/webdriver/troubleshooting/errors#stale-element-reference-exception
Build info: version: '4.18.1', revision: 'b1d3319b48'
System info: os.name: 'Windows 11', os.arch: 'amd64', os.version: '10.0', java.version: '11.0.20'
Driver info: org.openqa.selenium.chrome.ChromeDriver
Command: [9df5fa7d277ff147dedd064b19ea2862, clickElement {id=f.833F0DC56686BB3144ECC6010251FADE.d.9F1E70EB4E45F52F077F29283F31207B.e.8582}]
Capabilities {acceptInsecureCerts: false, browserName: chrome-headless-shell, browserVersion: 122.0.6261.70, chrome: {chromedriverVersion: 122.0.6261.69 (81bc525b6a36..., userDataDir: C:\Users\PORTIS~1\AppData\L...}, fedcm:accounts: true, goog:chromeOptions: {debuggerAddress: localhost:63482}, networkConnectionEnabled: false, pageLoadStrategy: normal, platformName: windows, proxy: Proxy(), se:cdp: ws://localhost:63482/devtoo..., se:cdpVersion: 122.0.6261.70, setWindowRect: true, strictFileInteractability: false, timeouts: {implicit: 0, pageLoad: 300000, script: 30000}, unhandledPromptBehavior: dismiss and notify, webauthn:extension:credBlob: true, webauthn:extension:largeBlob: true, webauthn:extension:minPinLength: true, webauthn:extension:prf: true, webauthn:virtualAuthenticators: true}
Element: [[ChromeDriver: chrome-headless-shell on windows (9df5fa7d277ff147dedd064b19ea2862)] -&gt; name: password]
Session ID: 9df5fa7d277ff147dedd064b19ea2862
	at jdk.internal.reflect.GeneratedConstructorAccessor13.newInstance(Unknown Source)
	at java.base@11.0.20/jdk.internal.reflect.DelegatingConstructorAccessorImpl.newInstance(DelegatingConstructorAccessorImpl.java:45)
	at java.base@11.0.20/java.lang.reflect.Constructor.newInstance(Constructor.java:490)
	at app//org.openqa.selenium.remote.ErrorCodec.decode(ErrorCodec.java:167)
	at app//org.openqa.selenium.remote.codec.w3c.W3CHttpResponseCodec.decode(W3CHttpResponseCodec.java:138)
	at app//org.openqa.selenium.remote.codec.w3c.W3CHttpResponseCodec.decode(W3CHttpResponseCodec.java:50)
	at app//org.openqa.selenium.remote.HttpCommandExecutor.execute(HttpCommandExecutor.java:190)
	at app//org.openqa.selenium.remote.service.DriverCommandExecutor.invokeExecute(DriverCommandExecutor.java:216)
	at app//org.openqa.selenium.remote.service.DriverCommandExecutor.execute(DriverCommandExecutor.java:174)
	at app//org.openqa.selenium.remote.RemoteWebDriver.execute(RemoteWebDriver.java:519)
	at app//org.openqa.selenium.remote.RemoteWebElement.execute(RemoteWebElement.java:223)
	at app//org.openqa.selenium.remote.RemoteWebElement.click(RemoteWebElement.java:76)
	at jdk.internal.reflect.GeneratedMethodAccessor13.invoke(Unknown Source)
	at java.base@11.0.20/jdk.internal.reflect.DelegatingMethodAccessorImpl.invoke(DelegatingMethodAccessorImpl.java:43)
	at java.base@11.0.20/java.lang.reflect.Method.invoke(Method.java:566)
	at app//org.openqa.selenium.support.pagefactory.internal.LocatingElementHandler.invoke(LocatingElementHandler.java:51)
	at app//com.sun.proxy.$Proxy17.click(Unknown Source)
	at app//allcom_testng.pages.BasePage.click(BasePage.java:62)
	at app//allcom_testng.pages.BasePage.type(BasePage.java:100)
	at app//allcom_testng.pages.registration.RegisterPage.comparePasswordsEquality(RegisterPage.java:148)
	at app//allcom_testng.tests.passwordReset.CreateNewPasswordPageTests.validateComparePasswordsEqualityPositive(CreateNewPasswordPageTests.java:42)
	at java.base@11.0.20/jdk.internal.reflect.NativeMethodAccessorImpl.invoke0(Native Method)
	at java.base@11.0.20/jdk.internal.reflect.NativeMethodAccessorImpl.invoke(NativeMethodAccessorImpl.java:62)
	at java.base@11.0.20/jdk.internal.reflect.DelegatingMethodAccessorImpl.invoke(DelegatingMethodAccessorImpl.java:43)
	at java.base@11.0.20/java.lang.reflect.Method.invoke(Method.java:566)
	at app//org.testng.internal.invokers.MethodInvocationHelper.invokeMethod(MethodInvocationHelper.java:139)
	at app//org.testng.internal.invokers.TestInvoker.invokeMethod(TestInvoker.java:664)
	at app//org.testng.internal.invokers.TestInvoker.invokeTestMethod(TestInvoker.java:228)
	at app//org.testng.internal.invokers.MethodRunner.runInSequence(MethodRunner.java:63)
	at app//org.testng.internal.invokers.TestInvoker$MethodInvocationAgent.invoke(TestInvoker.java:961)
	at app//org.testng.internal.invokers.TestInvoker.invokeTestMethods(TestInvoker.java:201)
	at app//org.testng.internal.invokers.TestMethodWorker.invokeTestMethods(TestMethodWorker.java:148)
	at app//org.testng.internal.invokers.TestMethodWorker.run(TestMethodWorker.java:128)
	at java.base@11.0.20/java.util.ArrayList.forEach(ArrayList.java:1541)
	at app//org.testng.TestRunner.privateRun(TestRunner.java:819)
	at app//org.testng.TestRunner.run(TestRunner.java:619)
	at app//org.testng.SuiteRunner.runTest(SuiteRunner.java:443)
	at app//org.testng.SuiteRunner.runSequentially(SuiteRunner.java:437)
	at app//org.testng.SuiteRunner.privateRun(SuiteRunner.java:397)
	at app//org.testng.SuiteRunner.run(SuiteRunner.java:336)
	at app//org.testng.SuiteRunnerWorker.runSuite(SuiteRunnerWorker.java:52)
	at app//org.testng.SuiteRunnerWorker.run(SuiteRunnerWorker.java:95)
	at app//org.testng.TestNG.runSuitesSequentially(TestNG.java:1301)
	at app//org.testng.TestNG.runSuitesLocally(TestNG.java:1228)
	at app//org.testng.TestNG.runSuites(TestNG.java:1134)
	at app//org.testng.TestNG.run(TestNG.java:1101)
	at org.gradle.api.internal.tasks.testing.testng.TestNGTestClassProcessor.runTests(TestNGTestClassProcessor.java:148)
	at org.gradle.api.internal.tasks.testing.testng.TestNGTestClassProcessor.stop(TestNGTestClassProcessor.java:95)
	at org.gradle.api.internal.tasks.testing.SuiteTestClassProcessor.stop(SuiteTestClassProcessor.java:62)
	at java.base@11.0.20/jdk.internal.reflect.NativeMethodAccessorImpl.invoke0(Native Method)
	at java.base@11.0.20/jdk.internal.reflect.NativeMethodAccessorImpl.invoke(NativeMethodAccessorImpl.java:62)
	at java.base@11.0.20/jdk.internal.reflect.DelegatingMethodAccessorImpl.invoke(DelegatingMethodAccessorImpl.java:43)
	at java.base@11.0.20/java.lang.reflect.Method.invoke(Method.java:566)
	at org.gradle.internal.dispatch.ReflectionDispatch.dispatch(ReflectionDispatch.java:36)
	at org.gradle.internal.dispatch.ReflectionDispatch.dispatch(ReflectionDispatch.java:24)
	at org.gradle.internal.dispatch.ContextClassLoaderDispatch.dispatch(ContextClassLoaderDispatch.java:33)
	at org.gradle.internal.dispatch.ProxyDispatchAdapter$DispatchingInvocationHandler.invoke(ProxyDispatchAdapter.java:94)
	at com.sun.proxy.$Proxy2.stop(Unknown Source)
	at org.gradle.api.internal.tasks.testing.worker.TestWorker$3.run(TestWorker.java:193)
	at org.gradle.api.internal.tasks.testing.worker.TestWorker.executeAndMaintainThreadName(TestWorker.java:129)
	at org.gradle.api.internal.tasks.testing.worker.TestWorker.execute(TestWorker.java:100)
	at org.gradle.api.internal.tasks.testing.worker.TestWorker.execute(TestWorker.java:60)
	at org.gradle.process.internal.worker.child.ActionExecutionWorker.execute(ActionExecutionWorker.java:56)
	at org.gradle.process.internal.worker.child.SystemApplicationClassLoaderWorker.call(SystemApplicationClassLoaderWorker.java:113)
	at org.gradle.process.internal.worker.child.SystemApplicationClassLoaderWorker.call(SystemApplicationClassLoaderWorker.java:65)
	at app//worker.org.gradle.process.internal.worker.GradleWorkerMain.run(GradleWorkerMain.java:69)
	at app//worker.org.gradle.process.internal.worker.GradleWorkerMain.main(GradleWorkerMain.java:74)
</failure>
  </testcase>
  <testcase name="validatePasswordConfirmWithIncorrectData[0](п»їTes123)" classname="allcom_testng.tests.passwordReset.CreateNewPasswordPageTests" time="0.172"/>
  <testcase name="validatePasswordConfirmWithIncorrectData[1](Tes1234)" classname="allcom_testng.tests.passwordReset.CreateNewPasswordPageTests" time="0.068">
    <failure message="org.openqa.selenium.StaleElementReferenceException: stale element reference: stale element not found&#10;  (Session info: chrome-headless-shell=122.0.6261.70)&#10;For documentation on this error, please visit: https://www.selenium.dev/documentation/webdriver/troubleshooting/errors#stale-element-reference-exception&#10;Build info: version: '4.18.1', revision: 'b1d3319b48'&#10;System info: os.name: 'Windows 11', os.arch: 'amd64', os.version: '10.0', java.version: '11.0.20'&#10;Driver info: org.openqa.selenium.chrome.ChromeDriver&#10;Command: [9df5fa7d277ff147dedd064b19ea2862, clickElement {id=f.833F0DC56686BB3144ECC6010251FADE.d.649091AF3871826A00DC118FFFFE463C.e.8699}]&#10;Capabilities {acceptInsecureCerts: false, browserName: chrome-headless-shell, browserVersion: 122.0.6261.70, chrome: {chromedriverVersion: 122.0.6261.69 (81bc525b6a36..., userDataDir: C:\Users\PORTIS~1\AppData\L...}, fedcm:accounts: true, goog:chromeOptions: {debuggerAddress: localhost:63482}, networkConnectionEnabled: false, pageLoadStrategy: normal, platformName: windows, proxy: Proxy(), se:cdp: ws://localhost:63482/devtoo..., se:cdpVersion: 122.0.6261.70, setWindowRect: true, strictFileInteractability: false, timeouts: {implicit: 0, pageLoad: 300000, script: 30000}, unhandledPromptBehavior: dismiss and notify, webauthn:extension:credBlob: true, webauthn:extension:largeBlob: true, webauthn:extension:minPinLength: true, webauthn:extension:prf: true, webauthn:virtualAuthenticators: true}&#10;Element: [[ChromeDriver: chrome-headless-shell on windows (9df5fa7d277ff147dedd064b19ea2862)] -&gt; name: passwordConfirm]&#10;Session ID: 9df5fa7d277ff147dedd064b19ea2862" type="org.openqa.selenium.StaleElementReferenceException">org.openqa.selenium.StaleElementReferenceException: stale element reference: stale element not found
  (Session info: chrome-headless-shell=122.0.6261.70)
For documentation on this error, please visit: https://www.selenium.dev/documentation/webdriver/troubleshooting/errors#stale-element-reference-exception
Build info: version: '4.18.1', revision: 'b1d3319b48'
System info: os.name: 'Windows 11', os.arch: 'amd64', os.version: '10.0', java.version: '11.0.20'
Driver info: org.openqa.selenium.chrome.ChromeDriver
Command: [9df5fa7d277ff147dedd064b19ea2862, clickElement {id=f.833F0DC56686BB3144ECC6010251FADE.d.649091AF3871826A00DC118FFFFE463C.e.8699}]
Capabilities {acceptInsecureCerts: false, browserName: chrome-headless-shell, browserVersion: 122.0.6261.70, chrome: {chromedriverVersion: 122.0.6261.69 (81bc525b6a36..., userDataDir: C:\Users\PORTIS~1\AppData\L...}, fedcm:accounts: true, goog:chromeOptions: {debuggerAddress: localhost:63482}, networkConnectionEnabled: false, pageLoadStrategy: normal, platformName: windows, proxy: Proxy(), se:cdp: ws://localhost:63482/devtoo..., se:cdpVersion: 122.0.6261.70, setWindowRect: true, strictFileInteractability: false, timeouts: {implicit: 0, pageLoad: 300000, script: 30000}, unhandledPromptBehavior: dismiss and notify, webauthn:extension:credBlob: true, webauthn:extension:largeBlob: true, webauthn:extension:minPinLength: true, webauthn:extension:prf: true, webauthn:virtualAuthenticators: true}
Element: [[ChromeDriver: chrome-headless-shell on windows (9df5fa7d277ff147dedd064b19ea2862)] -&gt; name: passwordConfirm]
Session ID: 9df5fa7d277ff147dedd064b19ea2862
	at jdk.internal.reflect.GeneratedConstructorAccessor13.newInstance(Unknown Source)
	at java.base@11.0.20/jdk.internal.reflect.DelegatingConstructorAccessorImpl.newInstance(DelegatingConstructorAccessorImpl.java:45)
	at java.base@11.0.20/java.lang.reflect.Constructor.newInstance(Constructor.java:490)
	at app//org.openqa.selenium.remote.ErrorCodec.decode(ErrorCodec.java:167)
	at app//org.openqa.selenium.remote.codec.w3c.W3CHttpResponseCodec.decode(W3CHttpResponseCodec.java:138)
	at app//org.openqa.selenium.remote.codec.w3c.W3CHttpResponseCodec.decode(W3CHttpResponseCodec.java:50)
	at app//org.openqa.selenium.remote.HttpCommandExecutor.execute(HttpCommandExecutor.java:190)
	at app//org.openqa.selenium.remote.service.DriverCommandExecutor.invokeExecute(DriverCommandExecutor.java:216)
	at app//org.openqa.selenium.remote.service.DriverCommandExecutor.execute(DriverCommandExecutor.java:174)
	at app//org.openqa.selenium.remote.RemoteWebDriver.execute(RemoteWebDriver.java:519)
	at app//org.openqa.selenium.remote.RemoteWebElement.execute(RemoteWebElement.java:223)
	at app//org.openqa.selenium.remote.RemoteWebElement.click(RemoteWebElement.java:76)
	at jdk.internal.reflect.GeneratedMethodAccessor13.invoke(Unknown Source)
	at java.base@11.0.20/jdk.internal.reflect.DelegatingMethodAccessorImpl.invoke(DelegatingMethodAccessorImpl.java:43)
	at java.base@11.0.20/java.lang.reflect.Method.invoke(Method.java:566)
	at app//org.openqa.selenium.support.pagefactory.internal.LocatingElementHandler.invoke(LocatingElementHandler.java:51)
	at app//com.sun.proxy.$Proxy17.click(Unknown Source)
	at app//allcom_testng.pages.BasePage.click(BasePage.java:62)
	at app//allcom_testng.pages.BasePage.type(BasePage.java:100)
	at app//allcom_testng.pages.BasePage.validateField(BasePage.java:231)
	at app//allcom_testng.tests.passwordReset.CreateNewPasswordPageTests.validatePasswordConfirmWithIncorrectData(CreateNewPasswordPageTests.java:37)
	at java.base@11.0.20/jdk.internal.reflect.NativeMethodAccessorImpl.invoke0(Native Method)
	at java.base@11.0.20/jdk.internal.reflect.NativeMethodAccessorImpl.invoke(NativeMethodAccessorImpl.java:62)
	at java.base@11.0.20/jdk.internal.reflect.DelegatingMethodAccessorImpl.invoke(DelegatingMethodAccessorImpl.java:43)
	at java.base@11.0.20/java.lang.reflect.Method.invoke(Method.java:566)
	at app//org.testng.internal.invokers.MethodInvocationHelper.invokeMethod(MethodInvocationHelper.java:139)
	at app//org.testng.internal.invokers.TestInvoker.invokeMethod(TestInvoker.java:664)
	at app//org.testng.internal.invokers.TestInvoker.invokeTestMethod(TestInvoker.java:228)
	at app//org.testng.internal.invokers.MethodRunner.runInSequence(MethodRunner.java:63)
	at app//org.testng.internal.invokers.TestInvoker$MethodInvocationAgent.invoke(TestInvoker.java:961)
	at app//org.testng.internal.invokers.TestInvoker.invokeTestMethods(TestInvoker.java:201)
	at app//org.testng.internal.invokers.TestMethodWorker.invokeTestMethods(TestMethodWorker.java:148)
	at app//org.testng.internal.invokers.TestMethodWorker.run(TestMethodWorker.java:128)
	at java.base@11.0.20/java.util.ArrayList.forEach(ArrayList.java:1541)
	at app//org.testng.TestRunner.privateRun(TestRunner.java:819)
	at app//org.testng.TestRunner.run(TestRunner.java:619)
	at app//org.testng.SuiteRunner.runTest(SuiteRunner.java:443)
	at app//org.testng.SuiteRunner.runSequentially(SuiteRunner.java:437)
	at app//org.testng.SuiteRunner.privateRun(SuiteRunner.java:397)
	at app//org.testng.SuiteRunner.run(SuiteRunner.java:336)
	at app//org.testng.SuiteRunnerWorker.runSuite(SuiteRunnerWorker.java:52)
	at app//org.testng.SuiteRunnerWorker.run(SuiteRunnerWorker.java:95)
	at app//org.testng.TestNG.runSuitesSequentially(TestNG.java:1301)
	at app//org.testng.TestNG.runSuitesLocally(TestNG.java:1228)
	at app//org.testng.TestNG.runSuites(TestNG.java:1134)
	at app//org.testng.TestNG.run(TestNG.java:1101)
	at org.gradle.api.internal.tasks.testing.testng.TestNGTestClassProcessor.runTests(TestNGTestClassProcessor.java:148)
	at org.gradle.api.internal.tasks.testing.testng.TestNGTestClassProcessor.stop(TestNGTestClassProcessor.java:95)
	at org.gradle.api.internal.tasks.testing.SuiteTestClassProcessor.stop(SuiteTestClassProcessor.java:62)
	at java.base@11.0.20/jdk.internal.reflect.NativeMethodAccessorImpl.invoke0(Native Method)
	at java.base@11.0.20/jdk.internal.reflect.NativeMethodAccessorImpl.invoke(NativeMethodAccessorImpl.java:62)
	at java.base@11.0.20/jdk.internal.reflect.DelegatingMethodAccessorImpl.invoke(DelegatingMethodAccessorImpl.java:43)
	at java.base@11.0.20/java.lang.reflect.Method.invoke(Method.java:566)
	at org.gradle.internal.dispatch.ReflectionDispatch.dispatch(ReflectionDispatch.java:36)
	at org.gradle.internal.dispatch.ReflectionDispatch.dispatch(ReflectionDispatch.java:24)
	at org.gradle.internal.dispatch.ContextClassLoaderDispatch.dispatch(ContextClassLoaderDispatch.java:33)
	at org.gradle.internal.dispatch.ProxyDispatchAdapter$DispatchingInvocationHandler.invoke(ProxyDispatchAdapter.java:94)
	at com.sun.proxy.$Proxy2.stop(Unknown Source)
	at org.gradle.api.internal.tasks.testing.worker.TestWorker$3.run(TestWorker.java:193)
	at org.gradle.api.internal.tasks.testing.worker.TestWorker.executeAndMaintainThreadName(TestWorker.java:129)
	at org.gradle.api.internal.tasks.testing.worker.TestWorker.execute(TestWorker.java:100)
	at org.gradle.api.internal.tasks.testing.worker.TestWorker.execute(TestWorker.java:60)
	at org.gradle.process.internal.worker.child.ActionExecutionWorker.execute(ActionExecutionWorker.java:56)
	at org.gradle.process.internal.worker.child.SystemApplicationClassLoaderWorker.call(SystemApplicationClassLoaderWorker.java:113)
	at org.gradle.process.internal.worker.child.SystemApplicationClassLoaderWorker.call(SystemApplicationClassLoaderWorker.java:65)
	at app//worker.org.gradle.process.internal.worker.GradleWorkerMain.run(GradleWorkerMain.java:69)
	at app//worker.org.gradle.process.internal.worker.GradleWorkerMain.main(GradleWorkerMain.java:74)
</failure>
  </testcase>
  <testcase name="validatePasswordConfirmWithIncorrectData[2](Test1234555555555555555555555555555555555555555555555555555555555555555555555555555555555555)" classname="allcom_testng.tests.passwordReset.CreateNewPasswordPageTests" time="0.61"/>
  <testcase name="validatePasswordConfirmWithIncorrectData[3](1)" classname="allcom_testng.tests.passwordReset.CreateNewPasswordPageTests" time="0.196"/>
  <testcase name="validatePasswordConfirmWithIncorrectData[4](*&amp;^(*&amp;%$##@)" classname="allcom_testng.tests.passwordReset.CreateNewPasswordPageTests" time="0.433"/>
  <testcase name="validatePasswordConfirmWithIncorrectData[5](Qwertyuiop@1С‹)" classname="allcom_testng.tests.passwordReset.CreateNewPasswordPageTests" time="0.172"/>
  <testcase name="validatePasswordConfirmWithIncorrectData[6](Р¤Р«Р’РђРђРџРєРіСѓС‰СѓС†Р·)" classname="allcom_testng.tests.passwordReset.CreateNewPasswordPageTests" time="0.22"/>
  <testcase name="validatePasswordConfirmWithIncorrectData[7](Test 12345!)" classname="allcom_testng.tests.passwordReset.CreateNewPasswordPageTests" time="0.069">
    <failure message="org.openqa.selenium.StaleElementReferenceException: stale element reference: stale element not found&#10;  (Session info: chrome-headless-shell=122.0.6261.70)&#10;For documentation on this error, please visit: https://www.selenium.dev/documentation/webdriver/troubleshooting/errors#stale-element-reference-exception&#10;Build info: version: '4.18.1', revision: 'b1d3319b48'&#10;System info: os.name: 'Windows 11', os.arch: 'amd64', os.version: '10.0', java.version: '11.0.20'&#10;Driver info: org.openqa.selenium.chrome.ChromeDriver&#10;Command: [9df5fa7d277ff147dedd064b19ea2862, clickElement {id=f.833F0DC56686BB3144ECC6010251FADE.d.E13CF9A1601A48975047F75AD4055725.e.8992}]&#10;Capabilities {acceptInsecureCerts: false, browserName: chrome-headless-shell, browserVersion: 122.0.6261.70, chrome: {chromedriverVersion: 122.0.6261.69 (81bc525b6a36..., userDataDir: C:\Users\PORTIS~1\AppData\L...}, fedcm:accounts: true, goog:chromeOptions: {debuggerAddress: localhost:63482}, networkConnectionEnabled: false, pageLoadStrategy: normal, platformName: windows, proxy: Proxy(), se:cdp: ws://localhost:63482/devtoo..., se:cdpVersion: 122.0.6261.70, setWindowRect: true, strictFileInteractability: false, timeouts: {implicit: 0, pageLoad: 300000, script: 30000}, unhandledPromptBehavior: dismiss and notify, webauthn:extension:credBlob: true, webauthn:extension:largeBlob: true, webauthn:extension:minPinLength: true, webauthn:extension:prf: true, webauthn:virtualAuthenticators: true}&#10;Element: [[ChromeDriver: chrome-headless-shell on windows (9df5fa7d277ff147dedd064b19ea2862)] -&gt; name: passwordConfirm]&#10;Session ID: 9df5fa7d277ff147dedd064b19ea2862" type="org.openqa.selenium.StaleElementReferenceException">org.openqa.selenium.StaleElementReferenceException: stale element reference: stale element not found
  (Session info: chrome-headless-shell=122.0.6261.70)
For documentation on this error, please visit: https://www.selenium.dev/documentation/webdriver/troubleshooting/errors#stale-element-reference-exception
Build info: version: '4.18.1', revision: 'b1d3319b48'
System info: os.name: 'Windows 11', os.arch: 'amd64', os.version: '10.0', java.version: '11.0.20'
Driver info: org.openqa.selenium.chrome.ChromeDriver
Command: [9df5fa7d277ff147dedd064b19ea2862, clickElement {id=f.833F0DC56686BB3144ECC6010251FADE.d.E13CF9A1601A48975047F75AD4055725.e.8992}]
Capabilities {acceptInsecureCerts: false, browserName: chrome-headless-shell, browserVersion: 122.0.6261.70, chrome: {chromedriverVersion: 122.0.6261.69 (81bc525b6a36..., userDataDir: C:\Users\PORTIS~1\AppData\L...}, fedcm:accounts: true, goog:chromeOptions: {debuggerAddress: localhost:63482}, networkConnectionEnabled: false, pageLoadStrategy: normal, platformName: windows, proxy: Proxy(), se:cdp: ws://localhost:63482/devtoo..., se:cdpVersion: 122.0.6261.70, setWindowRect: true, strictFileInteractability: false, timeouts: {implicit: 0, pageLoad: 300000, script: 30000}, unhandledPromptBehavior: dismiss and notify, webauthn:extension:credBlob: true, webauthn:extension:largeBlob: true, webauthn:extension:minPinLength: true, webauthn:extension:prf: true, webauthn:virtualAuthenticators: true}
Element: [[ChromeDriver: chrome-headless-shell on windows (9df5fa7d277ff147dedd064b19ea2862)] -&gt; name: passwordConfirm]
Session ID: 9df5fa7d277ff147dedd064b19ea2862
	at jdk.internal.reflect.GeneratedConstructorAccessor13.newInstance(Unknown Source)
	at java.base@11.0.20/jdk.internal.reflect.DelegatingConstructorAccessorImpl.newInstance(DelegatingConstructorAccessorImpl.java:45)
	at java.base@11.0.20/java.lang.reflect.Constructor.newInstance(Constructor.java:490)
	at app//org.openqa.selenium.remote.ErrorCodec.decode(ErrorCodec.java:167)
	at app//org.openqa.selenium.remote.codec.w3c.W3CHttpResponseCodec.decode(W3CHttpResponseCodec.java:138)
	at app//org.openqa.selenium.remote.codec.w3c.W3CHttpResponseCodec.decode(W3CHttpResponseCodec.java:50)
	at app//org.openqa.selenium.remote.HttpCommandExecutor.execute(HttpCommandExecutor.java:190)
	at app//org.openqa.selenium.remote.service.DriverCommandExecutor.invokeExecute(DriverCommandExecutor.java:216)
	at app//org.openqa.selenium.remote.service.DriverCommandExecutor.execute(DriverCommandExecutor.java:174)
	at app//org.openqa.selenium.remote.RemoteWebDriver.execute(RemoteWebDriver.java:519)
	at app//org.openqa.selenium.remote.RemoteWebElement.execute(RemoteWebElement.java:223)
	at app//org.openqa.selenium.remote.RemoteWebElement.click(RemoteWebElement.java:76)
	at jdk.internal.reflect.GeneratedMethodAccessor13.invoke(Unknown Source)
	at java.base@11.0.20/jdk.internal.reflect.DelegatingMethodAccessorImpl.invoke(DelegatingMethodAccessorImpl.java:43)
	at java.base@11.0.20/java.lang.reflect.Method.invoke(Method.java:566)
	at app//org.openqa.selenium.support.pagefactory.internal.LocatingElementHandler.invoke(LocatingElementHandler.java:51)
	at app//com.sun.proxy.$Proxy17.click(Unknown Source)
	at app//allcom_testng.pages.BasePage.click(BasePage.java:62)
	at app//allcom_testng.pages.BasePage.type(BasePage.java:100)
	at app//allcom_testng.pages.BasePage.validateField(BasePage.java:231)
	at app//allcom_testng.tests.passwordReset.CreateNewPasswordPageTests.validatePasswordConfirmWithIncorrectData(CreateNewPasswordPageTests.java:37)
	at java.base@11.0.20/jdk.internal.reflect.NativeMethodAccessorImpl.invoke0(Native Method)
	at java.base@11.0.20/jdk.internal.reflect.NativeMethodAccessorImpl.invoke(NativeMethodAccessorImpl.java:62)
	at java.base@11.0.20/jdk.internal.reflect.DelegatingMethodAccessorImpl.invoke(DelegatingMethodAccessorImpl.java:43)
	at java.base@11.0.20/java.lang.reflect.Method.invoke(Method.java:566)
	at app//org.testng.internal.invokers.MethodInvocationHelper.invokeMethod(MethodInvocationHelper.java:139)
	at app//org.testng.internal.invokers.TestInvoker.invokeMethod(TestInvoker.java:664)
	at app//org.testng.internal.invokers.TestInvoker.invokeTestMethod(TestInvoker.java:228)
	at app//org.testng.internal.invokers.MethodRunner.runInSequence(MethodRunner.java:63)
	at app//org.testng.internal.invokers.TestInvoker$MethodInvocationAgent.invoke(TestInvoker.java:961)
	at app//org.testng.internal.invokers.TestInvoker.invokeTestMethods(TestInvoker.java:201)
	at app//org.testng.internal.invokers.TestMethodWorker.invokeTestMethods(TestMethodWorker.java:148)
	at app//org.testng.internal.invokers.TestMethodWorker.run(TestMethodWorker.java:128)
	at java.base@11.0.20/java.util.ArrayList.forEach(ArrayList.java:1541)
	at app//org.testng.TestRunner.privateRun(TestRunner.java:819)
	at app//org.testng.TestRunner.run(TestRunner.java:619)
	at app//org.testng.SuiteRunner.runTest(SuiteRunner.java:443)
	at app//org.testng.SuiteRunner.runSequentially(SuiteRunner.java:437)
	at app//org.testng.SuiteRunner.privateRun(SuiteRunner.java:397)
	at app//org.testng.SuiteRunner.run(SuiteRunner.java:336)
	at app//org.testng.SuiteRunnerWorker.runSuite(SuiteRunnerWorker.java:52)
	at app//org.testng.SuiteRunnerWorker.run(SuiteRunnerWorker.java:95)
	at app//org.testng.TestNG.runSuitesSequentially(TestNG.java:1301)
	at app//org.testng.TestNG.runSuitesLocally(TestNG.java:1228)
	at app//org.testng.TestNG.runSuites(TestNG.java:1134)
	at app//org.testng.TestNG.run(TestNG.java:1101)
	at org.gradle.api.internal.tasks.testing.testng.TestNGTestClassProcessor.runTests(TestNGTestClassProcessor.java:148)
	at org.gradle.api.internal.tasks.testing.testng.TestNGTestClassProcessor.stop(TestNGTestClassProcessor.java:95)
	at org.gradle.api.internal.tasks.testing.SuiteTestClassProcessor.stop(SuiteTestClassProcessor.java:62)
	at java.base@11.0.20/jdk.internal.reflect.NativeMethodAccessorImpl.invoke0(Native Method)
	at java.base@11.0.20/jdk.internal.reflect.NativeMethodAccessorImpl.invoke(NativeMethodAccessorImpl.java:62)
	at java.base@11.0.20/jdk.internal.reflect.DelegatingMethodAccessorImpl.invoke(DelegatingMethodAccessorImpl.java:43)
	at java.base@11.0.20/java.lang.reflect.Method.invoke(Method.java:566)
	at org.gradle.internal.dispatch.ReflectionDispatch.dispatch(ReflectionDispatch.java:36)
	at org.gradle.internal.dispatch.ReflectionDispatch.dispatch(ReflectionDispatch.java:24)
	at org.gradle.internal.dispatch.ContextClassLoaderDispatch.dispatch(ContextClassLoaderDispatch.java:33)
	at org.gradle.internal.dispatch.ProxyDispatchAdapter$DispatchingInvocationHandler.invoke(ProxyDispatchAdapter.java:94)
	at com.sun.proxy.$Proxy2.stop(Unknown Source)
	at org.gradle.api.internal.tasks.testing.worker.TestWorker$3.run(TestWorker.java:193)
	at org.gradle.api.internal.tasks.testing.worker.TestWorker.executeAndMaintainThreadName(TestWorker.java:129)
	at org.gradle.api.internal.tasks.testing.worker.TestWorker.execute(TestWorker.java:100)
	at org.gradle.api.internal.tasks.testing.worker.TestWorker.execute(TestWorker.java:60)
	at org.gradle.process.internal.worker.child.ActionExecutionWorker.execute(ActionExecutionWorker.java:56)
	at org.gradle.process.internal.worker.child.SystemApplicationClassLoaderWorker.call(SystemApplicationClassLoaderWorker.java:113)
	at org.gradle.process.internal.worker.child.SystemApplicationClassLoaderWorker.call(SystemApplicationClassLoaderWorker.java:65)
	at app//worker.org.gradle.process.internal.worker.GradleWorkerMain.run(GradleWorkerMain.java:69)
	at app//worker.org.gradle.process.internal.worker.GradleWorkerMain.main(GradleWorkerMain.java:74)
</failure>
  </testcase>
  <testcase name="validatePasswordConfirmWithIncorrectData[8](SELECT* FROM)" classname="allcom_testng.tests.passwordReset.CreateNewPasswordPageTests" time="0.077">
    <failure message="org.openqa.selenium.StaleElementReferenceException: stale element reference: stale element not found&#10;  (Session info: chrome-headless-shell=122.0.6261.70)&#10;For documentation on this error, please visit: https://www.selenium.dev/documentation/webdriver/troubleshooting/errors#stale-element-reference-exception&#10;Build info: version: '4.18.1', revision: 'b1d3319b48'&#10;System info: os.name: 'Windows 11', os.arch: 'amd64', os.version: '10.0', java.version: '11.0.20'&#10;Driver info: org.openqa.selenium.chrome.ChromeDriver&#10;Command: [9df5fa7d277ff147dedd064b19ea2862, clickElement {id=f.833F0DC56686BB3144ECC6010251FADE.d.A4E84C9CEF2C2BEE571266B4BA81224D.e.8999}]&#10;Capabilities {acceptInsecureCerts: false, browserName: chrome-headless-shell, browserVersion: 122.0.6261.70, chrome: {chromedriverVersion: 122.0.6261.69 (81bc525b6a36..., userDataDir: C:\Users\PORTIS~1\AppData\L...}, fedcm:accounts: true, goog:chromeOptions: {debuggerAddress: localhost:63482}, networkConnectionEnabled: false, pageLoadStrategy: normal, platformName: windows, proxy: Proxy(), se:cdp: ws://localhost:63482/devtoo..., se:cdpVersion: 122.0.6261.70, setWindowRect: true, strictFileInteractability: false, timeouts: {implicit: 0, pageLoad: 300000, script: 30000}, unhandledPromptBehavior: dismiss and notify, webauthn:extension:credBlob: true, webauthn:extension:largeBlob: true, webauthn:extension:minPinLength: true, webauthn:extension:prf: true, webauthn:virtualAuthenticators: true}&#10;Element: [[ChromeDriver: chrome-headless-shell on windows (9df5fa7d277ff147dedd064b19ea2862)] -&gt; name: passwordConfirm]&#10;Session ID: 9df5fa7d277ff147dedd064b19ea2862" type="org.openqa.selenium.StaleElementReferenceException">org.openqa.selenium.StaleElementReferenceException: stale element reference: stale element not found
  (Session info: chrome-headless-shell=122.0.6261.70)
For documentation on this error, please visit: https://www.selenium.dev/documentation/webdriver/troubleshooting/errors#stale-element-reference-exception
Build info: version: '4.18.1', revision: 'b1d3319b48'
System info: os.name: 'Windows 11', os.arch: 'amd64', os.version: '10.0', java.version: '11.0.20'
Driver info: org.openqa.selenium.chrome.ChromeDriver
Command: [9df5fa7d277ff147dedd064b19ea2862, clickElement {id=f.833F0DC56686BB3144ECC6010251FADE.d.A4E84C9CEF2C2BEE571266B4BA81224D.e.8999}]
Capabilities {acceptInsecureCerts: false, browserName: chrome-headless-shell, browserVersion: 122.0.6261.70, chrome: {chromedriverVersion: 122.0.6261.69 (81bc525b6a36..., userDataDir: C:\Users\PORTIS~1\AppData\L...}, fedcm:accounts: true, goog:chromeOptions: {debuggerAddress: localhost:63482}, networkConnectionEnabled: false, pageLoadStrategy: normal, platformName: windows, proxy: Proxy(), se:cdp: ws://localhost:63482/devtoo..., se:cdpVersion: 122.0.6261.70, setWindowRect: true, strictFileInteractability: false, timeouts: {implicit: 0, pageLoad: 300000, script: 30000}, unhandledPromptBehavior: dismiss and notify, webauthn:extension:credBlob: true, webauthn:extension:largeBlob: true, webauthn:extension:minPinLength: true, webauthn:extension:prf: true, webauthn:virtualAuthenticators: true}
Element: [[ChromeDriver: chrome-headless-shell on windows (9df5fa7d277ff147dedd064b19ea2862)] -&gt; name: passwordConfirm]
Session ID: 9df5fa7d277ff147dedd064b19ea2862
	at jdk.internal.reflect.GeneratedConstructorAccessor13.newInstance(Unknown Source)
	at java.base@11.0.20/jdk.internal.reflect.DelegatingConstructorAccessorImpl.newInstance(DelegatingConstructorAccessorImpl.java:45)
	at java.base@11.0.20/java.lang.reflect.Constructor.newInstance(Constructor.java:490)
	at app//org.openqa.selenium.remote.ErrorCodec.decode(ErrorCodec.java:167)
	at app//org.openqa.selenium.remote.codec.w3c.W3CHttpResponseCodec.decode(W3CHttpResponseCodec.java:138)
	at app//org.openqa.selenium.remote.codec.w3c.W3CHttpResponseCodec.decode(W3CHttpResponseCodec.java:50)
	at app//org.openqa.selenium.remote.HttpCommandExecutor.execute(HttpCommandExecutor.java:190)
	at app//org.openqa.selenium.remote.service.DriverCommandExecutor.invokeExecute(DriverCommandExecutor.java:216)
	at app//org.openqa.selenium.remote.service.DriverCommandExecutor.execute(DriverCommandExecutor.java:174)
	at app//org.openqa.selenium.remote.RemoteWebDriver.execute(RemoteWebDriver.java:519)
	at app//org.openqa.selenium.remote.RemoteWebElement.execute(RemoteWebElement.java:223)
	at app//org.openqa.selenium.remote.RemoteWebElement.click(RemoteWebElement.java:76)
	at jdk.internal.reflect.GeneratedMethodAccessor13.invoke(Unknown Source)
	at java.base@11.0.20/jdk.internal.reflect.DelegatingMethodAccessorImpl.invoke(DelegatingMethodAccessorImpl.java:43)
	at java.base@11.0.20/java.lang.reflect.Method.invoke(Method.java:566)
	at app//org.openqa.selenium.support.pagefactory.internal.LocatingElementHandler.invoke(LocatingElementHandler.java:51)
	at app//com.sun.proxy.$Proxy17.click(Unknown Source)
	at app//allcom_testng.pages.BasePage.click(BasePage.java:62)
	at app//allcom_testng.pages.BasePage.type(BasePage.java:100)
	at app//allcom_testng.pages.BasePage.validateField(BasePage.java:231)
	at app//allcom_testng.tests.passwordReset.CreateNewPasswordPageTests.validatePasswordConfirmWithIncorrectData(CreateNewPasswordPageTests.java:37)
	at java.base@11.0.20/jdk.internal.reflect.NativeMethodAccessorImpl.invoke0(Native Method)
	at java.base@11.0.20/jdk.internal.reflect.NativeMethodAccessorImpl.invoke(NativeMethodAccessorImpl.java:62)
	at java.base@11.0.20/jdk.internal.reflect.DelegatingMethodAccessorImpl.invoke(DelegatingMethodAccessorImpl.java:43)
	at java.base@11.0.20/java.lang.reflect.Method.invoke(Method.java:566)
	at app//org.testng.internal.invokers.MethodInvocationHelper.invokeMethod(MethodInvocationHelper.java:139)
	at app//org.testng.internal.invokers.TestInvoker.invokeMethod(TestInvoker.java:664)
	at app//org.testng.internal.invokers.TestInvoker.invokeTestMethod(TestInvoker.java:228)
	at app//org.testng.internal.invokers.MethodRunner.runInSequence(MethodRunner.java:63)
	at app//org.testng.internal.invokers.TestInvoker$MethodInvocationAgent.invoke(TestInvoker.java:961)
	at app//org.testng.internal.invokers.TestInvoker.invokeTestMethods(TestInvoker.java:201)
	at app//org.testng.internal.invokers.TestMethodWorker.invokeTestMethods(TestMethodWorker.java:148)
	at app//org.testng.internal.invokers.TestMethodWorker.run(TestMethodWorker.java:128)
	at java.base@11.0.20/java.util.ArrayList.forEach(ArrayList.java:1541)
	at app//org.testng.TestRunner.privateRun(TestRunner.java:819)
	at app//org.testng.TestRunner.run(TestRunner.java:619)
	at app//org.testng.SuiteRunner.runTest(SuiteRunner.java:443)
	at app//org.testng.SuiteRunner.runSequentially(SuiteRunner.java:437)
	at app//org.testng.SuiteRunner.privateRun(SuiteRunner.java:397)
	at app//org.testng.SuiteRunner.run(SuiteRunner.java:336)
	at app//org.testng.SuiteRunnerWorker.runSuite(SuiteRunnerWorker.java:52)
	at app//org.testng.SuiteRunnerWorker.run(SuiteRunnerWorker.java:95)
	at app//org.testng.TestNG.runSuitesSequentially(TestNG.java:1301)
	at app//org.testng.TestNG.runSuitesLocally(TestNG.java:1228)
	at app//org.testng.TestNG.runSuites(TestNG.java:1134)
	at app//org.testng.TestNG.run(TestNG.java:1101)
	at org.gradle.api.internal.tasks.testing.testng.TestNGTestClassProcessor.runTests(TestNGTestClassProcessor.java:148)
	at org.gradle.api.internal.tasks.testing.testng.TestNGTestClassProcessor.stop(TestNGTestClassProcessor.java:95)
	at org.gradle.api.internal.tasks.testing.SuiteTestClassProcessor.stop(SuiteTestClassProcessor.java:62)
	at java.base@11.0.20/jdk.internal.reflect.NativeMethodAccessorImpl.invoke0(Native Method)
	at java.base@11.0.20/jdk.internal.reflect.NativeMethodAccessorImpl.invoke(NativeMethodAccessorImpl.java:62)
	at java.base@11.0.20/jdk.internal.reflect.DelegatingMethodAccessorImpl.invoke(DelegatingMethodAccessorImpl.java:43)
	at java.base@11.0.20/java.lang.reflect.Method.invoke(Method.java:566)
	at org.gradle.internal.dispatch.ReflectionDispatch.dispatch(ReflectionDispatch.java:36)
	at org.gradle.internal.dispatch.ReflectionDispatch.dispatch(ReflectionDispatch.java:24)
	at org.gradle.internal.dispatch.ContextClassLoaderDispatch.dispatch(ContextClassLoaderDispatch.java:33)
	at org.gradle.internal.dispatch.ProxyDispatchAdapter$DispatchingInvocationHandler.invoke(ProxyDispatchAdapter.java:94)
	at com.sun.proxy.$Proxy2.stop(Unknown Source)
	at org.gradle.api.internal.tasks.testing.worker.TestWorker$3.run(TestWorker.java:193)
	at org.gradle.api.internal.tasks.testing.worker.TestWorker.executeAndMaintainThreadName(TestWorker.java:129)
	at org.gradle.api.internal.tasks.testing.worker.TestWorker.execute(TestWorker.java:100)
	at org.gradle.api.internal.tasks.testing.worker.TestWorker.execute(TestWorker.java:60)
	at org.gradle.process.internal.worker.child.ActionExecutionWorker.execute(ActionExecutionWorker.java:56)
	at org.gradle.process.internal.worker.child.SystemApplicationClassLoaderWorker.call(SystemApplicationClassLoaderWorker.java:113)
	at org.gradle.process.internal.worker.child.SystemApplicationClassLoaderWorker.call(SystemApplicationClassLoaderWorker.java:65)
	at app//worker.org.gradle.process.internal.worker.GradleWorkerMain.run(GradleWorkerMain.java:69)
	at app//worker.org.gradle.process.internal.worker.GradleWorkerMain.main(GradleWorkerMain.java:74)
</failure>
  </testcase>
  <testcase name="validatePasswordConfirmWithIncorrectData[9](www.gmail.com)" classname="allcom_testng.tests.passwordReset.CreateNewPasswordPageTests" time="0.186"/>
  <testcase name="validatePasswordConfirmWithIncorrectData[10]()" classname="allcom_testng.tests.passwordReset.CreateNewPasswordPageTests" time="0.076">
    <failure message="org.openqa.selenium.StaleElementReferenceException: stale element reference: stale element not found&#10;  (Session info: chrome-headless-shell=122.0.6261.70)&#10;For documentation on this error, please visit: https://www.selenium.dev/documentation/webdriver/troubleshooting/errors#stale-element-reference-exception&#10;Build info: version: '4.18.1', revision: 'b1d3319b48'&#10;System info: os.name: 'Windows 11', os.arch: 'amd64', os.version: '10.0', java.version: '11.0.20'&#10;Driver info: org.openqa.selenium.chrome.ChromeDriver&#10;Command: [9df5fa7d277ff147dedd064b19ea2862, clickElement {id=f.833F0DC56686BB3144ECC6010251FADE.d.1F20647BBB1F402E37B213C81111095D.e.9072}]&#10;Capabilities {acceptInsecureCerts: false, browserName: chrome-headless-shell, browserVersion: 122.0.6261.70, chrome: {chromedriverVersion: 122.0.6261.69 (81bc525b6a36..., userDataDir: C:\Users\PORTIS~1\AppData\L...}, fedcm:accounts: true, goog:chromeOptions: {debuggerAddress: localhost:63482}, networkConnectionEnabled: false, pageLoadStrategy: normal, platformName: windows, proxy: Proxy(), se:cdp: ws://localhost:63482/devtoo..., se:cdpVersion: 122.0.6261.70, setWindowRect: true, strictFileInteractability: false, timeouts: {implicit: 0, pageLoad: 300000, script: 30000}, unhandledPromptBehavior: dismiss and notify, webauthn:extension:credBlob: true, webauthn:extension:largeBlob: true, webauthn:extension:minPinLength: true, webauthn:extension:prf: true, webauthn:virtualAuthenticators: true}&#10;Element: [[ChromeDriver: chrome-headless-shell on windows (9df5fa7d277ff147dedd064b19ea2862)] -&gt; name: passwordConfirm]&#10;Session ID: 9df5fa7d277ff147dedd064b19ea2862" type="org.openqa.selenium.StaleElementReferenceException">org.openqa.selenium.StaleElementReferenceException: stale element reference: stale element not found
  (Session info: chrome-headless-shell=122.0.6261.70)
For documentation on this error, please visit: https://www.selenium.dev/documentation/webdriver/troubleshooting/errors#stale-element-reference-exception
Build info: version: '4.18.1', revision: 'b1d3319b48'
System info: os.name: 'Windows 11', os.arch: 'amd64', os.version: '10.0', java.version: '11.0.20'
Driver info: org.openqa.selenium.chrome.ChromeDriver
Command: [9df5fa7d277ff147dedd064b19ea2862, clickElement {id=f.833F0DC56686BB3144ECC6010251FADE.d.1F20647BBB1F402E37B213C81111095D.e.9072}]
Capabilities {acceptInsecureCerts: false, browserName: chrome-headless-shell, browserVersion: 122.0.6261.70, chrome: {chromedriverVersion: 122.0.6261.69 (81bc525b6a36..., userDataDir: C:\Users\PORTIS~1\AppData\L...}, fedcm:accounts: true, goog:chromeOptions: {debuggerAddress: localhost:63482}, networkConnectionEnabled: false, pageLoadStrategy: normal, platformName: windows, proxy: Proxy(), se:cdp: ws://localhost:63482/devtoo..., se:cdpVersion: 122.0.6261.70, setWindowRect: true, strictFileInteractability: false, timeouts: {implicit: 0, pageLoad: 300000, script: 30000}, unhandledPromptBehavior: dismiss and notify, webauthn:extension:credBlob: true, webauthn:extension:largeBlob: true, webauthn:extension:minPinLength: true, webauthn:extension:prf: true, webauthn:virtualAuthenticators: true}
Element: [[ChromeDriver: chrome-headless-shell on windows (9df5fa7d277ff147dedd064b19ea2862)] -&gt; name: passwordConfirm]
Session ID: 9df5fa7d277ff147dedd064b19ea2862
	at jdk.internal.reflect.GeneratedConstructorAccessor13.newInstance(Unknown Source)
	at java.base@11.0.20/jdk.internal.reflect.DelegatingConstructorAccessorImpl.newInstance(DelegatingConstructorAccessorImpl.java:45)
	at java.base@11.0.20/java.lang.reflect.Constructor.newInstance(Constructor.java:490)
	at app//org.openqa.selenium.remote.ErrorCodec.decode(ErrorCodec.java:167)
	at app//org.openqa.selenium.remote.codec.w3c.W3CHttpResponseCodec.decode(W3CHttpResponseCodec.java:138)
	at app//org.openqa.selenium.remote.codec.w3c.W3CHttpResponseCodec.decode(W3CHttpResponseCodec.java:50)
	at app//org.openqa.selenium.remote.HttpCommandExecutor.execute(HttpCommandExecutor.java:190)
	at app//org.openqa.selenium.remote.service.DriverCommandExecutor.invokeExecute(DriverCommandExecutor.java:216)
	at app//org.openqa.selenium.remote.service.DriverCommandExecutor.execute(DriverCommandExecutor.java:174)
	at app//org.openqa.selenium.remote.RemoteWebDriver.execute(RemoteWebDriver.java:519)
	at app//org.openqa.selenium.remote.RemoteWebElement.execute(RemoteWebElement.java:223)
	at app//org.openqa.selenium.remote.RemoteWebElement.click(RemoteWebElement.java:76)
	at jdk.internal.reflect.GeneratedMethodAccessor13.invoke(Unknown Source)
	at java.base@11.0.20/jdk.internal.reflect.DelegatingMethodAccessorImpl.invoke(DelegatingMethodAccessorImpl.java:43)
	at java.base@11.0.20/java.lang.reflect.Method.invoke(Method.java:566)
	at app//org.openqa.selenium.support.pagefactory.internal.LocatingElementHandler.invoke(LocatingElementHandler.java:51)
	at app//com.sun.proxy.$Proxy17.click(Unknown Source)
	at app//allcom_testng.pages.BasePage.click(BasePage.java:62)
	at app//allcom_testng.pages.BasePage.type(BasePage.java:100)
	at app//allcom_testng.pages.BasePage.validateField(BasePage.java:231)
	at app//allcom_testng.tests.passwordReset.CreateNewPasswordPageTests.validatePasswordConfirmWithIncorrectData(CreateNewPasswordPageTests.java:37)
	at java.base@11.0.20/jdk.internal.reflect.NativeMethodAccessorImpl.invoke0(Native Method)
	at java.base@11.0.20/jdk.internal.reflect.NativeMethodAccessorImpl.invoke(NativeMethodAccessorImpl.java:62)
	at java.base@11.0.20/jdk.internal.reflect.DelegatingMethodAccessorImpl.invoke(DelegatingMethodAccessorImpl.java:43)
	at java.base@11.0.20/java.lang.reflect.Method.invoke(Method.java:566)
	at app//org.testng.internal.invokers.MethodInvocationHelper.invokeMethod(MethodInvocationHelper.java:139)
	at app//org.testng.internal.invokers.TestInvoker.invokeMethod(TestInvoker.java:664)
	at app//org.testng.internal.invokers.TestInvoker.invokeTestMethod(TestInvoker.java:228)
	at app//org.testng.internal.invokers.MethodRunner.runInSequence(MethodRunner.java:63)
	at app//org.testng.internal.invokers.TestInvoker$MethodInvocationAgent.invoke(TestInvoker.java:961)
	at app//org.testng.internal.invokers.TestInvoker.invokeTestMethods(TestInvoker.java:201)
	at app//org.testng.internal.invokers.TestMethodWorker.invokeTestMethods(TestMethodWorker.java:148)
	at app//org.testng.internal.invokers.TestMethodWorker.run(TestMethodWorker.java:128)
	at java.base@11.0.20/java.util.ArrayList.forEach(ArrayList.java:1541)
	at app//org.testng.TestRunner.privateRun(TestRunner.java:819)
	at app//org.testng.TestRunner.run(TestRunner.java:619)
	at app//org.testng.SuiteRunner.runTest(SuiteRunner.java:443)
	at app//org.testng.SuiteRunner.runSequentially(SuiteRunner.java:437)
	at app//org.testng.SuiteRunner.privateRun(SuiteRunner.java:397)
	at app//org.testng.SuiteRunner.run(SuiteRunner.java:336)
	at app//org.testng.SuiteRunnerWorker.runSuite(SuiteRunnerWorker.java:52)
	at app//org.testng.SuiteRunnerWorker.run(SuiteRunnerWorker.java:95)
	at app//org.testng.TestNG.runSuitesSequentially(TestNG.java:1301)
	at app//org.testng.TestNG.runSuitesLocally(TestNG.java:1228)
	at app//org.testng.TestNG.runSuites(TestNG.java:1134)
	at app//org.testng.TestNG.run(TestNG.java:1101)
	at org.gradle.api.internal.tasks.testing.testng.TestNGTestClassProcessor.runTests(TestNGTestClassProcessor.java:148)
	at org.gradle.api.internal.tasks.testing.testng.TestNGTestClassProcessor.stop(TestNGTestClassProcessor.java:95)
	at org.gradle.api.internal.tasks.testing.SuiteTestClassProcessor.stop(SuiteTestClassProcessor.java:62)
	at java.base@11.0.20/jdk.internal.reflect.NativeMethodAccessorImpl.invoke0(Native Method)
	at java.base@11.0.20/jdk.internal.reflect.NativeMethodAccessorImpl.invoke(NativeMethodAccessorImpl.java:62)
	at java.base@11.0.20/jdk.internal.reflect.DelegatingMethodAccessorImpl.invoke(DelegatingMethodAccessorImpl.java:43)
	at java.base@11.0.20/java.lang.reflect.Method.invoke(Method.java:566)
	at org.gradle.internal.dispatch.ReflectionDispatch.dispatch(ReflectionDispatch.java:36)
	at org.gradle.internal.dispatch.ReflectionDispatch.dispatch(ReflectionDispatch.java:24)
	at org.gradle.internal.dispatch.ContextClassLoaderDispatch.dispatch(ContextClassLoaderDispatch.java:33)
	at org.gradle.internal.dispatch.ProxyDispatchAdapter$DispatchingInvocationHandler.invoke(ProxyDispatchAdapter.java:94)
	at com.sun.proxy.$Proxy2.stop(Unknown Source)
	at org.gradle.api.internal.tasks.testing.worker.TestWorker$3.run(TestWorker.java:193)
	at org.gradle.api.internal.tasks.testing.worker.TestWorker.executeAndMaintainThreadName(TestWorker.java:129)
	at org.gradle.api.internal.tasks.testing.worker.TestWorker.execute(TestWorker.java:100)
	at org.gradle.api.internal.tasks.testing.worker.TestWorker.execute(TestWorker.java:60)
	at org.gradle.process.internal.worker.child.ActionExecutionWorker.execute(ActionExecutionWorker.java:56)
	at org.gradle.process.internal.worker.child.SystemApplicationClassLoaderWorker.call(SystemApplicationClassLoaderWorker.java:113)
	at org.gradle.process.internal.worker.child.SystemApplicationClassLoaderWorker.call(SystemApplicationClassLoaderWorker.java:65)
	at app//worker.org.gradle.process.internal.worker.GradleWorkerMain.run(GradleWorkerMain.java:69)
	at app//worker.org.gradle.process.internal.worker.GradleWorkerMain.main(GradleWorkerMain.java:74)
</failure>
  </testcase>
  <testcase name="validatePasswordConfirmWithIncorrectData[11](В )" classname="allcom_testng.tests.passwordReset.CreateNewPasswordPageTests" time="0.078">
    <failure message="org.openqa.selenium.StaleElementReferenceException: stale element reference: stale element not found&#10;  (Session info: chrome-headless-shell=122.0.6261.70)&#10;For documentation on this error, please visit: https://www.selenium.dev/documentation/webdriver/troubleshooting/errors#stale-element-reference-exception&#10;Build info: version: '4.18.1', revision: 'b1d3319b48'&#10;System info: os.name: 'Windows 11', os.arch: 'amd64', os.version: '10.0', java.version: '11.0.20'&#10;Driver info: org.openqa.selenium.chrome.ChromeDriver&#10;Command: [9df5fa7d277ff147dedd064b19ea2862, clickElement {id=f.833F0DC56686BB3144ECC6010251FADE.d.8A6C1B691F9D20D57B036FAEC3B7A5DA.e.9183}]&#10;Capabilities {acceptInsecureCerts: false, browserName: chrome-headless-shell, browserVersion: 122.0.6261.70, chrome: {chromedriverVersion: 122.0.6261.69 (81bc525b6a36..., userDataDir: C:\Users\PORTIS~1\AppData\L...}, fedcm:accounts: true, goog:chromeOptions: {debuggerAddress: localhost:63482}, networkConnectionEnabled: false, pageLoadStrategy: normal, platformName: windows, proxy: Proxy(), se:cdp: ws://localhost:63482/devtoo..., se:cdpVersion: 122.0.6261.70, setWindowRect: true, strictFileInteractability: false, timeouts: {implicit: 0, pageLoad: 300000, script: 30000}, unhandledPromptBehavior: dismiss and notify, webauthn:extension:credBlob: true, webauthn:extension:largeBlob: true, webauthn:extension:minPinLength: true, webauthn:extension:prf: true, webauthn:virtualAuthenticators: true}&#10;Element: [[ChromeDriver: chrome-headless-shell on windows (9df5fa7d277ff147dedd064b19ea2862)] -&gt; name: passwordConfirm]&#10;Session ID: 9df5fa7d277ff147dedd064b19ea2862" type="org.openqa.selenium.StaleElementReferenceException">org.openqa.selenium.StaleElementReferenceException: stale element reference: stale element not found
  (Session info: chrome-headless-shell=122.0.6261.70)
For documentation on this error, please visit: https://www.selenium.dev/documentation/webdriver/troubleshooting/errors#stale-element-reference-exception
Build info: version: '4.18.1', revision: 'b1d3319b48'
System info: os.name: 'Windows 11', os.arch: 'amd64', os.version: '10.0', java.version: '11.0.20'
Driver info: org.openqa.selenium.chrome.ChromeDriver
Command: [9df5fa7d277ff147dedd064b19ea2862, clickElement {id=f.833F0DC56686BB3144ECC6010251FADE.d.8A6C1B691F9D20D57B036FAEC3B7A5DA.e.9183}]
Capabilities {acceptInsecureCerts: false, browserName: chrome-headless-shell, browserVersion: 122.0.6261.70, chrome: {chromedriverVersion: 122.0.6261.69 (81bc525b6a36..., userDataDir: C:\Users\PORTIS~1\AppData\L...}, fedcm:accounts: true, goog:chromeOptions: {debuggerAddress: localhost:63482}, networkConnectionEnabled: false, pageLoadStrategy: normal, platformName: windows, proxy: Proxy(), se:cdp: ws://localhost:63482/devtoo..., se:cdpVersion: 122.0.6261.70, setWindowRect: true, strictFileInteractability: false, timeouts: {implicit: 0, pageLoad: 300000, script: 30000}, unhandledPromptBehavior: dismiss and notify, webauthn:extension:credBlob: true, webauthn:extension:largeBlob: true, webauthn:extension:minPinLength: true, webauthn:extension:prf: true, webauthn:virtualAuthenticators: true}
Element: [[ChromeDriver: chrome-headless-shell on windows (9df5fa7d277ff147dedd064b19ea2862)] -&gt; name: passwordConfirm]
Session ID: 9df5fa7d277ff147dedd064b19ea2862
	at jdk.internal.reflect.GeneratedConstructorAccessor13.newInstance(Unknown Source)
	at java.base@11.0.20/jdk.internal.reflect.DelegatingConstructorAccessorImpl.newInstance(DelegatingConstructorAccessorImpl.java:45)
	at java.base@11.0.20/java.lang.reflect.Constructor.newInstance(Constructor.java:490)
	at app//org.openqa.selenium.remote.ErrorCodec.decode(ErrorCodec.java:167)
	at app//org.openqa.selenium.remote.codec.w3c.W3CHttpResponseCodec.decode(W3CHttpResponseCodec.java:138)
	at app//org.openqa.selenium.remote.codec.w3c.W3CHttpResponseCodec.decode(W3CHttpResponseCodec.java:50)
	at app//org.openqa.selenium.remote.HttpCommandExecutor.execute(HttpCommandExecutor.java:190)
	at app//org.openqa.selenium.remote.service.DriverCommandExecutor.invokeExecute(DriverCommandExecutor.java:216)
	at app//org.openqa.selenium.remote.service.DriverCommandExecutor.execute(DriverCommandExecutor.java:174)
	at app//org.openqa.selenium.remote.RemoteWebDriver.execute(RemoteWebDriver.java:519)
	at app//org.openqa.selenium.remote.RemoteWebElement.execute(RemoteWebElement.java:223)
	at app//org.openqa.selenium.remote.RemoteWebElement.click(RemoteWebElement.java:76)
	at jdk.internal.reflect.GeneratedMethodAccessor13.invoke(Unknown Source)
	at java.base@11.0.20/jdk.internal.reflect.DelegatingMethodAccessorImpl.invoke(DelegatingMethodAccessorImpl.java:43)
	at java.base@11.0.20/java.lang.reflect.Method.invoke(Method.java:566)
	at app//org.openqa.selenium.support.pagefactory.internal.LocatingElementHandler.invoke(LocatingElementHandler.java:51)
	at app//com.sun.proxy.$Proxy17.click(Unknown Source)
	at app//allcom_testng.pages.BasePage.click(BasePage.java:62)
	at app//allcom_testng.pages.BasePage.type(BasePage.java:100)
	at app//allcom_testng.pages.BasePage.validateField(BasePage.java:231)
	at app//allcom_testng.tests.passwordReset.CreateNewPasswordPageTests.validatePasswordConfirmWithIncorrectData(CreateNewPasswordPageTests.java:37)
	at java.base@11.0.20/jdk.internal.reflect.NativeMethodAccessorImpl.invoke0(Native Method)
	at java.base@11.0.20/jdk.internal.reflect.NativeMethodAccessorImpl.invoke(NativeMethodAccessorImpl.java:62)
	at java.base@11.0.20/jdk.internal.reflect.DelegatingMethodAccessorImpl.invoke(DelegatingMethodAccessorImpl.java:43)
	at java.base@11.0.20/java.lang.reflect.Method.invoke(Method.java:566)
	at app//org.testng.internal.invokers.MethodInvocationHelper.invokeMethod(MethodInvocationHelper.java:139)
	at app//org.testng.internal.invokers.TestInvoker.invokeMethod(TestInvoker.java:664)
	at app//org.testng.internal.invokers.TestInvoker.invokeTestMethod(TestInvoker.java:228)
	at app//org.testng.internal.invokers.MethodRunner.runInSequence(MethodRunner.java:63)
	at app//org.testng.internal.invokers.TestInvoker$MethodInvocationAgent.invoke(TestInvoker.java:961)
	at app//org.testng.internal.invokers.TestInvoker.invokeTestMethods(TestInvoker.java:201)
	at app//org.testng.internal.invokers.TestMethodWorker.invokeTestMethods(TestMethodWorker.java:148)
	at app//org.testng.internal.invokers.TestMethodWorker.run(TestMethodWorker.java:128)
	at java.base@11.0.20/java.util.ArrayList.forEach(ArrayList.java:1541)
	at app//org.testng.TestRunner.privateRun(TestRunner.java:819)
	at app//org.testng.TestRunner.run(TestRunner.java:619)
	at app//org.testng.SuiteRunner.runTest(SuiteRunner.java:443)
	at app//org.testng.SuiteRunner.runSequentially(SuiteRunner.java:437)
	at app//org.testng.SuiteRunner.privateRun(SuiteRunner.java:397)
	at app//org.testng.SuiteRunner.run(SuiteRunner.java:336)
	at app//org.testng.SuiteRunnerWorker.runSuite(SuiteRunnerWorker.java:52)
	at app//org.testng.SuiteRunnerWorker.run(SuiteRunnerWorker.java:95)
	at app//org.testng.TestNG.runSuitesSequentially(TestNG.java:1301)
	at app//org.testng.TestNG.runSuitesLocally(TestNG.java:1228)
	at app//org.testng.TestNG.runSuites(TestNG.java:1134)
	at app//org.testng.TestNG.run(TestNG.java:1101)
	at org.gradle.api.internal.tasks.testing.testng.TestNGTestClassProcessor.runTests(TestNGTestClassProcessor.java:148)
	at org.gradle.api.internal.tasks.testing.testng.TestNGTestClassProcessor.stop(TestNGTestClassProcessor.java:95)
	at org.gradle.api.internal.tasks.testing.SuiteTestClassProcessor.stop(SuiteTestClassProcessor.java:62)
	at java.base@11.0.20/jdk.internal.reflect.NativeMethodAccessorImpl.invoke0(Native Method)
	at java.base@11.0.20/jdk.internal.reflect.NativeMethodAccessorImpl.invoke(NativeMethodAccessorImpl.java:62)
	at java.base@11.0.20/jdk.internal.reflect.DelegatingMethodAccessorImpl.invoke(DelegatingMethodAccessorImpl.java:43)
	at java.base@11.0.20/java.lang.reflect.Method.invoke(Method.java:566)
	at org.gradle.internal.dispatch.ReflectionDispatch.dispatch(ReflectionDispatch.java:36)
	at org.gradle.internal.dispatch.ReflectionDispatch.dispatch(ReflectionDispatch.java:24)
	at org.gradle.internal.dispatch.ContextClassLoaderDispatch.dispatch(ContextClassLoaderDispatch.java:33)
	at org.gradle.internal.dispatch.ProxyDispatchAdapter$DispatchingInvocationHandler.invoke(ProxyDispatchAdapter.java:94)
	at com.sun.proxy.$Proxy2.stop(Unknown Source)
	at org.gradle.api.internal.tasks.testing.worker.TestWorker$3.run(TestWorker.java:193)
	at org.gradle.api.internal.tasks.testing.worker.TestWorker.executeAndMaintainThreadName(TestWorker.java:129)
	at org.gradle.api.internal.tasks.testing.worker.TestWorker.execute(TestWorker.java:100)
	at org.gradle.api.internal.tasks.testing.worker.TestWorker.execute(TestWorker.java:60)
	at org.gradle.process.internal.worker.child.ActionExecutionWorker.execute(ActionExecutionWorker.java:56)
	at org.gradle.process.internal.worker.child.SystemApplicationClassLoaderWorker.call(SystemApplicationClassLoaderWorker.java:113)
	at org.gradle.process.internal.worker.child.SystemApplicationClassLoaderWorker.call(SystemApplicationClassLoaderWorker.java:65)
	at app//worker.org.gradle.process.internal.worker.GradleWorkerMain.run(GradleWorkerMain.java:69)
	at app//worker.org.gradle.process.internal.worker.GradleWorkerMain.main(GradleWorkerMain.java:74)
</failure>
  </testcase>
  <testcase name="validatePasswordConfirmWithIncorrectData[12]()" classname="allcom_testng.tests.passwordReset.CreateNewPasswordPageTests" time="0.089">
    <failure message="org.openqa.selenium.StaleElementReferenceException: stale element reference: stale element not found&#10;  (Session info: chrome-headless-shell=122.0.6261.70)&#10;For documentation on this error, please visit: https://www.selenium.dev/documentation/webdriver/troubleshooting/errors#stale-element-reference-exception&#10;Build info: version: '4.18.1', revision: 'b1d3319b48'&#10;System info: os.name: 'Windows 11', os.arch: 'amd64', os.version: '10.0', java.version: '11.0.20'&#10;Driver info: org.openqa.selenium.chrome.ChromeDriver&#10;Command: [9df5fa7d277ff147dedd064b19ea2862, clickElement {id=f.833F0DC56686BB3144ECC6010251FADE.d.EC1A9E81B566FB8955EC41B65A375B66.e.9186}]&#10;Capabilities {acceptInsecureCerts: false, browserName: chrome-headless-shell, browserVersion: 122.0.6261.70, chrome: {chromedriverVersion: 122.0.6261.69 (81bc525b6a36..., userDataDir: C:\Users\PORTIS~1\AppData\L...}, fedcm:accounts: true, goog:chromeOptions: {debuggerAddress: localhost:63482}, networkConnectionEnabled: false, pageLoadStrategy: normal, platformName: windows, proxy: Proxy(), se:cdp: ws://localhost:63482/devtoo..., se:cdpVersion: 122.0.6261.70, setWindowRect: true, strictFileInteractability: false, timeouts: {implicit: 0, pageLoad: 300000, script: 30000}, unhandledPromptBehavior: dismiss and notify, webauthn:extension:credBlob: true, webauthn:extension:largeBlob: true, webauthn:extension:minPinLength: true, webauthn:extension:prf: true, webauthn:virtualAuthenticators: true}&#10;Element: [[ChromeDriver: chrome-headless-shell on windows (9df5fa7d277ff147dedd064b19ea2862)] -&gt; name: passwordConfirm]&#10;Session ID: 9df5fa7d277ff147dedd064b19ea2862" type="org.openqa.selenium.StaleElementReferenceException">org.openqa.selenium.StaleElementReferenceException: stale element reference: stale element not found
  (Session info: chrome-headless-shell=122.0.6261.70)
For documentation on this error, please visit: https://www.selenium.dev/documentation/webdriver/troubleshooting/errors#stale-element-reference-exception
Build info: version: '4.18.1', revision: 'b1d3319b48'
System info: os.name: 'Windows 11', os.arch: 'amd64', os.version: '10.0', java.version: '11.0.20'
Driver info: org.openqa.selenium.chrome.ChromeDriver
Command: [9df5fa7d277ff147dedd064b19ea2862, clickElement {id=f.833F0DC56686BB3144ECC6010251FADE.d.EC1A9E81B566FB8955EC41B65A375B66.e.9186}]
Capabilities {acceptInsecureCerts: false, browserName: chrome-headless-shell, browserVersion: 122.0.6261.70, chrome: {chromedriverVersion: 122.0.6261.69 (81bc525b6a36..., userDataDir: C:\Users\PORTIS~1\AppData\L...}, fedcm:accounts: true, goog:chromeOptions: {debuggerAddress: localhost:63482}, networkConnectionEnabled: false, pageLoadStrategy: normal, platformName: windows, proxy: Proxy(), se:cdp: ws://localhost:63482/devtoo..., se:cdpVersion: 122.0.6261.70, setWindowRect: true, strictFileInteractability: false, timeouts: {implicit: 0, pageLoad: 300000, script: 30000}, unhandledPromptBehavior: dismiss and notify, webauthn:extension:credBlob: true, webauthn:extension:largeBlob: true, webauthn:extension:minPinLength: true, webauthn:extension:prf: true, webauthn:virtualAuthenticators: true}
Element: [[ChromeDriver: chrome-headless-shell on windows (9df5fa7d277ff147dedd064b19ea2862)] -&gt; name: passwordConfirm]
Session ID: 9df5fa7d277ff147dedd064b19ea2862
	at jdk.internal.reflect.GeneratedConstructorAccessor13.newInstance(Unknown Source)
	at java.base@11.0.20/jdk.internal.reflect.DelegatingConstructorAccessorImpl.newInstance(DelegatingConstructorAccessorImpl.java:45)
	at java.base@11.0.20/java.lang.reflect.Constructor.newInstance(Constructor.java:490)
	at app//org.openqa.selenium.remote.ErrorCodec.decode(ErrorCodec.java:167)
	at app//org.openqa.selenium.remote.codec.w3c.W3CHttpResponseCodec.decode(W3CHttpResponseCodec.java:138)
	at app//org.openqa.selenium.remote.codec.w3c.W3CHttpResponseCodec.decode(W3CHttpResponseCodec.java:50)
	at app//org.openqa.selenium.remote.HttpCommandExecutor.execute(HttpCommandExecutor.java:190)
	at app//org.openqa.selenium.remote.service.DriverCommandExecutor.invokeExecute(DriverCommandExecutor.java:216)
	at app//org.openqa.selenium.remote.service.DriverCommandExecutor.execute(DriverCommandExecutor.java:174)
	at app//org.openqa.selenium.remote.RemoteWebDriver.execute(RemoteWebDriver.java:519)
	at app//org.openqa.selenium.remote.RemoteWebElement.execute(RemoteWebElement.java:223)
	at app//org.openqa.selenium.remote.RemoteWebElement.click(RemoteWebElement.java:76)
	at jdk.internal.reflect.GeneratedMethodAccessor13.invoke(Unknown Source)
	at java.base@11.0.20/jdk.internal.reflect.DelegatingMethodAccessorImpl.invoke(DelegatingMethodAccessorImpl.java:43)
	at java.base@11.0.20/java.lang.reflect.Method.invoke(Method.java:566)
	at app//org.openqa.selenium.support.pagefactory.internal.LocatingElementHandler.invoke(LocatingElementHandler.java:51)
	at app//com.sun.proxy.$Proxy17.click(Unknown Source)
	at app//allcom_testng.pages.BasePage.click(BasePage.java:62)
	at app//allcom_testng.pages.BasePage.type(BasePage.java:100)
	at app//allcom_testng.pages.BasePage.validateField(BasePage.java:231)
	at app//allcom_testng.tests.passwordReset.CreateNewPasswordPageTests.validatePasswordConfirmWithIncorrectData(CreateNewPasswordPageTests.java:37)
	at java.base@11.0.20/jdk.internal.reflect.NativeMethodAccessorImpl.invoke0(Native Method)
	at java.base@11.0.20/jdk.internal.reflect.NativeMethodAccessorImpl.invoke(NativeMethodAccessorImpl.java:62)
	at java.base@11.0.20/jdk.internal.reflect.DelegatingMethodAccessorImpl.invoke(DelegatingMethodAccessorImpl.java:43)
	at java.base@11.0.20/java.lang.reflect.Method.invoke(Method.java:566)
	at app//org.testng.internal.invokers.MethodInvocationHelper.invokeMethod(MethodInvocationHelper.java:139)
	at app//org.testng.internal.invokers.TestInvoker.invokeMethod(TestInvoker.java:664)
	at app//org.testng.internal.invokers.TestInvoker.invokeTestMethod(TestInvoker.java:228)
	at app//org.testng.internal.invokers.MethodRunner.runInSequence(MethodRunner.java:63)
	at app//org.testng.internal.invokers.TestInvoker$MethodInvocationAgent.invoke(TestInvoker.java:961)
	at app//org.testng.internal.invokers.TestInvoker.invokeTestMethods(TestInvoker.java:201)
	at app//org.testng.internal.invokers.TestMethodWorker.invokeTestMethods(TestMethodWorker.java:148)
	at app//org.testng.internal.invokers.TestMethodWorker.run(TestMethodWorker.java:128)
	at java.base@11.0.20/java.util.ArrayList.forEach(ArrayList.java:1541)
	at app//org.testng.TestRunner.privateRun(TestRunner.java:819)
	at app//org.testng.TestRunner.run(TestRunner.java:619)
	at app//org.testng.SuiteRunner.runTest(SuiteRunner.java:443)
	at app//org.testng.SuiteRunner.runSequentially(SuiteRunner.java:437)
	at app//org.testng.SuiteRunner.privateRun(SuiteRunner.java:397)
	at app//org.testng.SuiteRunner.run(SuiteRunner.java:336)
	at app//org.testng.SuiteRunnerWorker.runSuite(SuiteRunnerWorker.java:52)
	at app//org.testng.SuiteRunnerWorker.run(SuiteRunnerWorker.java:95)
	at app//org.testng.TestNG.runSuitesSequentially(TestNG.java:1301)
	at app//org.testng.TestNG.runSuitesLocally(TestNG.java:1228)
	at app//org.testng.TestNG.runSuites(TestNG.java:1134)
	at app//org.testng.TestNG.run(TestNG.java:1101)
	at org.gradle.api.internal.tasks.testing.testng.TestNGTestClassProcessor.runTests(TestNGTestClassProcessor.java:148)
	at org.gradle.api.internal.tasks.testing.testng.TestNGTestClassProcessor.stop(TestNGTestClassProcessor.java:95)
	at org.gradle.api.internal.tasks.testing.SuiteTestClassProcessor.stop(SuiteTestClassProcessor.java:62)
	at java.base@11.0.20/jdk.internal.reflect.NativeMethodAccessorImpl.invoke0(Native Method)
	at java.base@11.0.20/jdk.internal.reflect.NativeMethodAccessorImpl.invoke(NativeMethodAccessorImpl.java:62)
	at java.base@11.0.20/jdk.internal.reflect.DelegatingMethodAccessorImpl.invoke(DelegatingMethodAccessorImpl.java:43)
	at java.base@11.0.20/java.lang.reflect.Method.invoke(Method.java:566)
	at org.gradle.internal.dispatch.ReflectionDispatch.dispatch(ReflectionDispatch.java:36)
	at org.gradle.internal.dispatch.ReflectionDispatch.dispatch(ReflectionDispatch.java:24)
	at org.gradle.internal.dispatch.ContextClassLoaderDispatch.dispatch(ContextClassLoaderDispatch.java:33)
	at org.gradle.internal.dispatch.ProxyDispatchAdapter$DispatchingInvocationHandler.invoke(ProxyDispatchAdapter.java:94)
	at com.sun.proxy.$Proxy2.stop(Unknown Source)
	at org.gradle.api.internal.tasks.testing.worker.TestWorker$3.run(TestWorker.java:193)
	at org.gradle.api.internal.tasks.testing.worker.TestWorker.executeAndMaintainThreadName(TestWorker.java:129)
	at org.gradle.api.internal.tasks.testing.worker.TestWorker.execute(TestWorker.java:100)
	at org.gradle.api.internal.tasks.testing.worker.TestWorker.execute(TestWorker.java:60)
	at org.gradle.process.internal.worker.child.ActionExecutionWorker.execute(ActionExecutionWorker.java:56)
	at org.gradle.process.internal.worker.child.SystemApplicationClassLoaderWorker.call(SystemApplicationClassLoaderWorker.java:113)
	at org.gradle.process.internal.worker.child.SystemApplicationClassLoaderWorker.call(SystemApplicationClassLoaderWorker.java:65)
	at app//worker.org.gradle.process.internal.worker.GradleWorkerMain.run(GradleWorkerMain.java:69)
	at app//worker.org.gradle.process.internal.worker.GradleWorkerMain.main(GradleWorkerMain.java:74)
</failure>
  </testcase>
  <testcase name="validatePasswordConfirmWithIncorrectData[13](0)" classname="allcom_testng.tests.passwordReset.CreateNewPasswordPageTests" time="0.07">
    <failure message="org.openqa.selenium.StaleElementReferenceException: stale element reference: stale element not found&#10;  (Session info: chrome-headless-shell=122.0.6261.70)&#10;For documentation on this error, please visit: https://www.selenium.dev/documentation/webdriver/troubleshooting/errors#stale-element-reference-exception&#10;Build info: version: '4.18.1', revision: 'b1d3319b48'&#10;System info: os.name: 'Windows 11', os.arch: 'amd64', os.version: '10.0', java.version: '11.0.20'&#10;Driver info: org.openqa.selenium.chrome.ChromeDriver&#10;Command: [9df5fa7d277ff147dedd064b19ea2862, clickElement {id=f.833F0DC56686BB3144ECC6010251FADE.d.67854282C13153186B71862FFA4A3D5E.e.9293}]&#10;Capabilities {acceptInsecureCerts: false, browserName: chrome-headless-shell, browserVersion: 122.0.6261.70, chrome: {chromedriverVersion: 122.0.6261.69 (81bc525b6a36..., userDataDir: C:\Users\PORTIS~1\AppData\L...}, fedcm:accounts: true, goog:chromeOptions: {debuggerAddress: localhost:63482}, networkConnectionEnabled: false, pageLoadStrategy: normal, platformName: windows, proxy: Proxy(), se:cdp: ws://localhost:63482/devtoo..., se:cdpVersion: 122.0.6261.70, setWindowRect: true, strictFileInteractability: false, timeouts: {implicit: 0, pageLoad: 300000, script: 30000}, unhandledPromptBehavior: dismiss and notify, webauthn:extension:credBlob: true, webauthn:extension:largeBlob: true, webauthn:extension:minPinLength: true, webauthn:extension:prf: true, webauthn:virtualAuthenticators: true}&#10;Element: [[ChromeDriver: chrome-headless-shell on windows (9df5fa7d277ff147dedd064b19ea2862)] -&gt; name: passwordConfirm]&#10;Session ID: 9df5fa7d277ff147dedd064b19ea2862" type="org.openqa.selenium.StaleElementReferenceException">org.openqa.selenium.StaleElementReferenceException: stale element reference: stale element not found
  (Session info: chrome-headless-shell=122.0.6261.70)
For documentation on this error, please visit: https://www.selenium.dev/documentation/webdriver/troubleshooting/errors#stale-element-reference-exception
Build info: version: '4.18.1', revision: 'b1d3319b48'
System info: os.name: 'Windows 11', os.arch: 'amd64', os.version: '10.0', java.version: '11.0.20'
Driver info: org.openqa.selenium.chrome.ChromeDriver
Command: [9df5fa7d277ff147dedd064b19ea2862, clickElement {id=f.833F0DC56686BB3144ECC6010251FADE.d.67854282C13153186B71862FFA4A3D5E.e.9293}]
Capabilities {acceptInsecureCerts: false, browserName: chrome-headless-shell, browserVersion: 122.0.6261.70, chrome: {chromedriverVersion: 122.0.6261.69 (81bc525b6a36..., userDataDir: C:\Users\PORTIS~1\AppData\L...}, fedcm:accounts: true, goog:chromeOptions: {debuggerAddress: localhost:63482}, networkConnectionEnabled: false, pageLoadStrategy: normal, platformName: windows, proxy: Proxy(), se:cdp: ws://localhost:63482/devtoo..., se:cdpVersion: 122.0.6261.70, setWindowRect: true, strictFileInteractability: false, timeouts: {implicit: 0, pageLoad: 300000, script: 30000}, unhandledPromptBehavior: dismiss and notify, webauthn:extension:credBlob: true, webauthn:extension:largeBlob: true, webauthn:extension:minPinLength: true, webauthn:extension:prf: true, webauthn:virtualAuthenticators: true}
Element: [[ChromeDriver: chrome-headless-shell on windows (9df5fa7d277ff147dedd064b19ea2862)] -&gt; name: passwordConfirm]
Session ID: 9df5fa7d277ff147dedd064b19ea2862
	at jdk.internal.reflect.GeneratedConstructorAccessor13.newInstance(Unknown Source)
	at java.base@11.0.20/jdk.internal.reflect.DelegatingConstructorAccessorImpl.newInstance(DelegatingConstructorAccessorImpl.java:45)
	at java.base@11.0.20/java.lang.reflect.Constructor.newInstance(Constructor.java:490)
	at app//org.openqa.selenium.remote.ErrorCodec.decode(ErrorCodec.java:167)
	at app//org.openqa.selenium.remote.codec.w3c.W3CHttpResponseCodec.decode(W3CHttpResponseCodec.java:138)
	at app//org.openqa.selenium.remote.codec.w3c.W3CHttpResponseCodec.decode(W3CHttpResponseCodec.java:50)
	at app//org.openqa.selenium.remote.HttpCommandExecutor.execute(HttpCommandExecutor.java:190)
	at app//org.openqa.selenium.remote.service.DriverCommandExecutor.invokeExecute(DriverCommandExecutor.java:216)
	at app//org.openqa.selenium.remote.service.DriverCommandExecutor.execute(DriverCommandExecutor.java:174)
	at app//org.openqa.selenium.remote.RemoteWebDriver.execute(RemoteWebDriver.java:519)
	at app//org.openqa.selenium.remote.RemoteWebElement.execute(RemoteWebElement.java:223)
	at app//org.openqa.selenium.remote.RemoteWebElement.click(RemoteWebElement.java:76)
	at jdk.internal.reflect.GeneratedMethodAccessor13.invoke(Unknown Source)
	at java.base@11.0.20/jdk.internal.reflect.DelegatingMethodAccessorImpl.invoke(DelegatingMethodAccessorImpl.java:43)
	at java.base@11.0.20/java.lang.reflect.Method.invoke(Method.java:566)
	at app//org.openqa.selenium.support.pagefactory.internal.LocatingElementHandler.invoke(LocatingElementHandler.java:51)
	at app//com.sun.proxy.$Proxy17.click(Unknown Source)
	at app//allcom_testng.pages.BasePage.click(BasePage.java:62)
	at app//allcom_testng.pages.BasePage.type(BasePage.java:100)
	at app//allcom_testng.pages.BasePage.validateField(BasePage.java:231)
	at app//allcom_testng.tests.passwordReset.CreateNewPasswordPageTests.validatePasswordConfirmWithIncorrectData(CreateNewPasswordPageTests.java:37)
	at java.base@11.0.20/jdk.internal.reflect.NativeMethodAccessorImpl.invoke0(Native Method)
	at java.base@11.0.20/jdk.internal.reflect.NativeMethodAccessorImpl.invoke(NativeMethodAccessorImpl.java:62)
	at java.base@11.0.20/jdk.internal.reflect.DelegatingMethodAccessorImpl.invoke(DelegatingMethodAccessorImpl.java:43)
	at java.base@11.0.20/java.lang.reflect.Method.invoke(Method.java:566)
	at app//org.testng.internal.invokers.MethodInvocationHelper.invokeMethod(MethodInvocationHelper.java:139)
	at app//org.testng.internal.invokers.TestInvoker.invokeMethod(TestInvoker.java:664)
	at app//org.testng.internal.invokers.TestInvoker.invokeTestMethod(TestInvoker.java:228)
	at app//org.testng.internal.invokers.MethodRunner.runInSequence(MethodRunner.java:63)
	at app//org.testng.internal.invokers.TestInvoker$MethodInvocationAgent.invoke(TestInvoker.java:961)
	at app//org.testng.internal.invokers.TestInvoker.invokeTestMethods(TestInvoker.java:201)
	at app//org.testng.internal.invokers.TestMethodWorker.invokeTestMethods(TestMethodWorker.java:148)
	at app//org.testng.internal.invokers.TestMethodWorker.run(TestMethodWorker.java:128)
	at java.base@11.0.20/java.util.ArrayList.forEach(ArrayList.java:1541)
	at app//org.testng.TestRunner.privateRun(TestRunner.java:819)
	at app//org.testng.TestRunner.run(TestRunner.java:619)
	at app//org.testng.SuiteRunner.runTest(SuiteRunner.java:443)
	at app//org.testng.SuiteRunner.runSequentially(SuiteRunner.java:437)
	at app//org.testng.SuiteRunner.privateRun(SuiteRunner.java:397)
	at app//org.testng.SuiteRunner.run(SuiteRunner.java:336)
	at app//org.testng.SuiteRunnerWorker.runSuite(SuiteRunnerWorker.java:52)
	at app//org.testng.SuiteRunnerWorker.run(SuiteRunnerWorker.java:95)
	at app//org.testng.TestNG.runSuitesSequentially(TestNG.java:1301)
	at app//org.testng.TestNG.runSuitesLocally(TestNG.java:1228)
	at app//org.testng.TestNG.runSuites(TestNG.java:1134)
	at app//org.testng.TestNG.run(TestNG.java:1101)
	at org.gradle.api.internal.tasks.testing.testng.TestNGTestClassProcessor.runTests(TestNGTestClassProcessor.java:148)
	at org.gradle.api.internal.tasks.testing.testng.TestNGTestClassProcessor.stop(TestNGTestClassProcessor.java:95)
	at org.gradle.api.internal.tasks.testing.SuiteTestClassProcessor.stop(SuiteTestClassProcessor.java:62)
	at java.base@11.0.20/jdk.internal.reflect.NativeMethodAccessorImpl.invoke0(Native Method)
	at java.base@11.0.20/jdk.internal.reflect.NativeMethodAccessorImpl.invoke(NativeMethodAccessorImpl.java:62)
	at java.base@11.0.20/jdk.internal.reflect.DelegatingMethodAccessorImpl.invoke(DelegatingMethodAccessorImpl.java:43)
	at java.base@11.0.20/java.lang.reflect.Method.invoke(Method.java:566)
	at org.gradle.internal.dispatch.ReflectionDispatch.dispatch(ReflectionDispatch.java:36)
	at org.gradle.internal.dispatch.ReflectionDispatch.dispatch(ReflectionDispatch.java:24)
	at org.gradle.internal.dispatch.ContextClassLoaderDispatch.dispatch(ContextClassLoaderDispatch.java:33)
	at org.gradle.internal.dispatch.ProxyDispatchAdapter$DispatchingInvocationHandler.invoke(ProxyDispatchAdapter.java:94)
	at com.sun.proxy.$Proxy2.stop(Unknown Source)
	at org.gradle.api.internal.tasks.testing.worker.TestWorker$3.run(TestWorker.java:193)
	at org.gradle.api.internal.tasks.testing.worker.TestWorker.executeAndMaintainThreadName(TestWorker.java:129)
	at org.gradle.api.internal.tasks.testing.worker.TestWorker.execute(TestWorker.java:100)
	at org.gradle.api.internal.tasks.testing.worker.TestWorker.execute(TestWorker.java:60)
	at org.gradle.process.internal.worker.child.ActionExecutionWorker.execute(ActionExecutionWorker.java:56)
	at org.gradle.process.internal.worker.child.SystemApplicationClassLoaderWorker.call(SystemApplicationClassLoaderWorker.java:113)
	at org.gradle.process.internal.worker.child.SystemApplicationClassLoaderWorker.call(SystemApplicationClassLoaderWorker.java:65)
	at app//worker.org.gradle.process.internal.worker.GradleWorkerMain.run(GradleWorkerMain.java:69)
	at app//worker.org.gradle.process.internal.worker.GradleWorkerMain.main(GradleWorkerMain.java:74)
</failure>
  </testcase>
  <testcase name="validatePasswordConfirmWithIncorrectData[14](&lt;input&gt;)" classname="allcom_testng.tests.passwordReset.CreateNewPasswordPageTests" time="0.512"/>
  <testcase name="validatePasswordConfirmWithIncorrectData[15](&lt;script&gt;&lt;/script&gt;)" classname="allcom_testng.tests.passwordReset.CreateNewPasswordPageTests" time="0.464"/>
  <testcase name="validatePasswordConfirmWithIncorrectData[16](11111E+12)" classname="allcom_testng.tests.passwordReset.CreateNewPasswordPageTests" time="0.072">
    <failure message="org.openqa.selenium.StaleElementReferenceException: stale element reference: stale element not found&#10;  (Session info: chrome-headless-shell=122.0.6261.70)&#10;For documentation on this error, please visit: https://www.selenium.dev/documentation/webdriver/troubleshooting/errors#stale-element-reference-exception&#10;Build info: version: '4.18.1', revision: 'b1d3319b48'&#10;System info: os.name: 'Windows 11', os.arch: 'amd64', os.version: '10.0', java.version: '11.0.20'&#10;Driver info: org.openqa.selenium.chrome.ChromeDriver&#10;Command: [9df5fa7d277ff147dedd064b19ea2862, clickElement {id=f.833F0DC56686BB3144ECC6010251FADE.d.A489400836608E70F2DAC75A0FE8590A.e.9419}]&#10;Capabilities {acceptInsecureCerts: false, browserName: chrome-headless-shell, browserVersion: 122.0.6261.70, chrome: {chromedriverVersion: 122.0.6261.69 (81bc525b6a36..., userDataDir: C:\Users\PORTIS~1\AppData\L...}, fedcm:accounts: true, goog:chromeOptions: {debuggerAddress: localhost:63482}, networkConnectionEnabled: false, pageLoadStrategy: normal, platformName: windows, proxy: Proxy(), se:cdp: ws://localhost:63482/devtoo..., se:cdpVersion: 122.0.6261.70, setWindowRect: true, strictFileInteractability: false, timeouts: {implicit: 0, pageLoad: 300000, script: 30000}, unhandledPromptBehavior: dismiss and notify, webauthn:extension:credBlob: true, webauthn:extension:largeBlob: true, webauthn:extension:minPinLength: true, webauthn:extension:prf: true, webauthn:virtualAuthenticators: true}&#10;Element: [[ChromeDriver: chrome-headless-shell on windows (9df5fa7d277ff147dedd064b19ea2862)] -&gt; name: passwordConfirm]&#10;Session ID: 9df5fa7d277ff147dedd064b19ea2862" type="org.openqa.selenium.StaleElementReferenceException">org.openqa.selenium.StaleElementReferenceException: stale element reference: stale element not found
  (Session info: chrome-headless-shell=122.0.6261.70)
For documentation on this error, please visit: https://www.selenium.dev/documentation/webdriver/troubleshooting/errors#stale-element-reference-exception
Build info: version: '4.18.1', revision: 'b1d3319b48'
System info: os.name: 'Windows 11', os.arch: 'amd64', os.version: '10.0', java.version: '11.0.20'
Driver info: org.openqa.selenium.chrome.ChromeDriver
Command: [9df5fa7d277ff147dedd064b19ea2862, clickElement {id=f.833F0DC56686BB3144ECC6010251FADE.d.A489400836608E70F2DAC75A0FE8590A.e.9419}]
Capabilities {acceptInsecureCerts: false, browserName: chrome-headless-shell, browserVersion: 122.0.6261.70, chrome: {chromedriverVersion: 122.0.6261.69 (81bc525b6a36..., userDataDir: C:\Users\PORTIS~1\AppData\L...}, fedcm:accounts: true, goog:chromeOptions: {debuggerAddress: localhost:63482}, networkConnectionEnabled: false, pageLoadStrategy: normal, platformName: windows, proxy: Proxy(), se:cdp: ws://localhost:63482/devtoo..., se:cdpVersion: 122.0.6261.70, setWindowRect: true, strictFileInteractability: false, timeouts: {implicit: 0, pageLoad: 300000, script: 30000}, unhandledPromptBehavior: dismiss and notify, webauthn:extension:credBlob: true, webauthn:extension:largeBlob: true, webauthn:extension:minPinLength: true, webauthn:extension:prf: true, webauthn:virtualAuthenticators: true}
Element: [[ChromeDriver: chrome-headless-shell on windows (9df5fa7d277ff147dedd064b19ea2862)] -&gt; name: passwordConfirm]
Session ID: 9df5fa7d277ff147dedd064b19ea2862
	at jdk.internal.reflect.GeneratedConstructorAccessor13.newInstance(Unknown Source)
	at java.base@11.0.20/jdk.internal.reflect.DelegatingConstructorAccessorImpl.newInstance(DelegatingConstructorAccessorImpl.java:45)
	at java.base@11.0.20/java.lang.reflect.Constructor.newInstance(Constructor.java:490)
	at app//org.openqa.selenium.remote.ErrorCodec.decode(ErrorCodec.java:167)
	at app//org.openqa.selenium.remote.codec.w3c.W3CHttpResponseCodec.decode(W3CHttpResponseCodec.java:138)
	at app//org.openqa.selenium.remote.codec.w3c.W3CHttpResponseCodec.decode(W3CHttpResponseCodec.java:50)
	at app//org.openqa.selenium.remote.HttpCommandExecutor.execute(HttpCommandExecutor.java:190)
	at app//org.openqa.selenium.remote.service.DriverCommandExecutor.invokeExecute(DriverCommandExecutor.java:216)
	at app//org.openqa.selenium.remote.service.DriverCommandExecutor.execute(DriverCommandExecutor.java:174)
	at app//org.openqa.selenium.remote.RemoteWebDriver.execute(RemoteWebDriver.java:519)
	at app//org.openqa.selenium.remote.RemoteWebElement.execute(RemoteWebElement.java:223)
	at app//org.openqa.selenium.remote.RemoteWebElement.click(RemoteWebElement.java:76)
	at jdk.internal.reflect.GeneratedMethodAccessor13.invoke(Unknown Source)
	at java.base@11.0.20/jdk.internal.reflect.DelegatingMethodAccessorImpl.invoke(DelegatingMethodAccessorImpl.java:43)
	at java.base@11.0.20/java.lang.reflect.Method.invoke(Method.java:566)
	at app//org.openqa.selenium.support.pagefactory.internal.LocatingElementHandler.invoke(LocatingElementHandler.java:51)
	at app//com.sun.proxy.$Proxy17.click(Unknown Source)
	at app//allcom_testng.pages.BasePage.click(BasePage.java:62)
	at app//allcom_testng.pages.BasePage.type(BasePage.java:100)
	at app//allcom_testng.pages.BasePage.validateField(BasePage.java:231)
	at app//allcom_testng.tests.passwordReset.CreateNewPasswordPageTests.validatePasswordConfirmWithIncorrectData(CreateNewPasswordPageTests.java:37)
	at jdk.internal.reflect.GeneratedMethodAccessor30.invoke(Unknown Source)
	at java.base@11.0.20/jdk.internal.reflect.DelegatingMethodAccessorImpl.invoke(DelegatingMethodAccessorImpl.java:43)
	at java.base@11.0.20/java.lang.reflect.Method.invoke(Method.java:566)
	at app//org.testng.internal.invokers.MethodInvocationHelper.invokeMethod(MethodInvocationHelper.java:139)
	at app//org.testng.internal.invokers.TestInvoker.invokeMethod(TestInvoker.java:664)
	at app//org.testng.internal.invokers.TestInvoker.invokeTestMethod(TestInvoker.java:228)
	at app//org.testng.internal.invokers.MethodRunner.runInSequence(MethodRunner.java:63)
	at app//org.testng.internal.invokers.TestInvoker$MethodInvocationAgent.invoke(TestInvoker.java:961)
	at app//org.testng.internal.invokers.TestInvoker.invokeTestMethods(TestInvoker.java:201)
	at app//org.testng.internal.invokers.TestMethodWorker.invokeTestMethods(TestMethodWorker.java:148)
	at app//org.testng.internal.invokers.TestMethodWorker.run(TestMethodWorker.java:128)
	at java.base@11.0.20/java.util.ArrayList.forEach(ArrayList.java:1541)
	at app//org.testng.TestRunner.privateRun(TestRunner.java:819)
	at app//org.testng.TestRunner.run(TestRunner.java:619)
	at app//org.testng.SuiteRunner.runTest(SuiteRunner.java:443)
	at app//org.testng.SuiteRunner.runSequentially(SuiteRunner.java:437)
	at app//org.testng.SuiteRunner.privateRun(SuiteRunner.java:397)
	at app//org.testng.SuiteRunner.run(SuiteRunner.java:336)
	at app//org.testng.SuiteRunnerWorker.runSuite(SuiteRunnerWorker.java:52)
	at app//org.testng.SuiteRunnerWorker.run(SuiteRunnerWorker.java:95)
	at app//org.testng.TestNG.runSuitesSequentially(TestNG.java:1301)
	at app//org.testng.TestNG.runSuitesLocally(TestNG.java:1228)
	at app//org.testng.TestNG.runSuites(TestNG.java:1134)
	at app//org.testng.TestNG.run(TestNG.java:1101)
	at org.gradle.api.internal.tasks.testing.testng.TestNGTestClassProcessor.runTests(TestNGTestClassProcessor.java:148)
	at org.gradle.api.internal.tasks.testing.testng.TestNGTestClassProcessor.stop(TestNGTestClassProcessor.java:95)
	at org.gradle.api.internal.tasks.testing.SuiteTestClassProcessor.stop(SuiteTestClassProcessor.java:62)
	at java.base@11.0.20/jdk.internal.reflect.NativeMethodAccessorImpl.invoke0(Native Method)
	at java.base@11.0.20/jdk.internal.reflect.NativeMethodAccessorImpl.invoke(NativeMethodAccessorImpl.java:62)
	at java.base@11.0.20/jdk.internal.reflect.DelegatingMethodAccessorImpl.invoke(DelegatingMethodAccessorImpl.java:43)
	at java.base@11.0.20/java.lang.reflect.Method.invoke(Method.java:566)
	at org.gradle.internal.dispatch.ReflectionDispatch.dispatch(ReflectionDispatch.java:36)
	at org.gradle.internal.dispatch.ReflectionDispatch.dispatch(ReflectionDispatch.java:24)
	at org.gradle.internal.dispatch.ContextClassLoaderDispatch.dispatch(ContextClassLoaderDispatch.java:33)
	at org.gradle.internal.dispatch.ProxyDispatchAdapter$DispatchingInvocationHandler.invoke(ProxyDispatchAdapter.java:94)
	at com.sun.proxy.$Proxy2.stop(Unknown Source)
	at org.gradle.api.internal.tasks.testing.worker.TestWorker$3.run(TestWorker.java:193)
	at org.gradle.api.internal.tasks.testing.worker.TestWorker.executeAndMaintainThreadName(TestWorker.java:129)
	at org.gradle.api.internal.tasks.testing.worker.TestWorker.execute(TestWorker.java:100)
	at org.gradle.api.internal.tasks.testing.worker.TestWorker.execute(TestWorker.java:60)
	at org.gradle.process.internal.worker.child.ActionExecutionWorker.execute(ActionExecutionWorker.java:56)
	at org.gradle.process.internal.worker.child.SystemApplicationClassLoaderWorker.call(SystemApplicationClassLoaderWorker.java:113)
	at org.gradle.process.internal.worker.child.SystemApplicationClassLoaderWorker.call(SystemApplicationClassLoaderWorker.java:65)
	at app//worker.org.gradle.process.internal.worker.GradleWorkerMain.run(GradleWorkerMain.java:69)
	at app//worker.org.gradle.process.internal.worker.GradleWorkerMain.main(GradleWorkerMain.java:74)
</failure>
  </testcase>
  <testcase name="validatePasswordWithIncorrectData[0](п»їTes123)" classname="allcom_testng.tests.passwordReset.CreateNewPasswordPageTests" time="0.172"/>
  <testcase name="validatePasswordWithIncorrectData[1](Tes1234)" classname="allcom_testng.tests.passwordReset.CreateNewPasswordPageTests" time="0.162"/>
  <testcase name="validatePasswordWithIncorrectData[2](Test1234555555555555555555555555555555555555555555555555555555555555555555555555555555555555)" classname="allcom_testng.tests.passwordReset.CreateNewPasswordPageTests" time="0.072">
    <failure message="org.openqa.selenium.StaleElementReferenceException: stale element reference: stale element not found&#10;  (Session info: chrome-headless-shell=122.0.6261.70)&#10;For documentation on this error, please visit: https://www.selenium.dev/documentation/webdriver/troubleshooting/errors#stale-element-reference-exception&#10;Build info: version: '4.18.1', revision: 'b1d3319b48'&#10;System info: os.name: 'Windows 11', os.arch: 'amd64', os.version: '10.0', java.version: '11.0.20'&#10;Driver info: org.openqa.selenium.chrome.ChromeDriver&#10;Command: [9df5fa7d277ff147dedd064b19ea2862, clickElement {id=f.833F0DC56686BB3144ECC6010251FADE.d.716208C4AC660195AC703E21B1AFBC65.e.9611}]&#10;Capabilities {acceptInsecureCerts: false, browserName: chrome-headless-shell, browserVersion: 122.0.6261.70, chrome: {chromedriverVersion: 122.0.6261.69 (81bc525b6a36..., userDataDir: C:\Users\PORTIS~1\AppData\L...}, fedcm:accounts: true, goog:chromeOptions: {debuggerAddress: localhost:63482}, networkConnectionEnabled: false, pageLoadStrategy: normal, platformName: windows, proxy: Proxy(), se:cdp: ws://localhost:63482/devtoo..., se:cdpVersion: 122.0.6261.70, setWindowRect: true, strictFileInteractability: false, timeouts: {implicit: 0, pageLoad: 300000, script: 30000}, unhandledPromptBehavior: dismiss and notify, webauthn:extension:credBlob: true, webauthn:extension:largeBlob: true, webauthn:extension:minPinLength: true, webauthn:extension:prf: true, webauthn:virtualAuthenticators: true}&#10;Element: [[ChromeDriver: chrome-headless-shell on windows (9df5fa7d277ff147dedd064b19ea2862)] -&gt; name: password]&#10;Session ID: 9df5fa7d277ff147dedd064b19ea2862" type="org.openqa.selenium.StaleElementReferenceException">org.openqa.selenium.StaleElementReferenceException: stale element reference: stale element not found
  (Session info: chrome-headless-shell=122.0.6261.70)
For documentation on this error, please visit: https://www.selenium.dev/documentation/webdriver/troubleshooting/errors#stale-element-reference-exception
Build info: version: '4.18.1', revision: 'b1d3319b48'
System info: os.name: 'Windows 11', os.arch: 'amd64', os.version: '10.0', java.version: '11.0.20'
Driver info: org.openqa.selenium.chrome.ChromeDriver
Command: [9df5fa7d277ff147dedd064b19ea2862, clickElement {id=f.833F0DC56686BB3144ECC6010251FADE.d.716208C4AC660195AC703E21B1AFBC65.e.9611}]
Capabilities {acceptInsecureCerts: false, browserName: chrome-headless-shell, browserVersion: 122.0.6261.70, chrome: {chromedriverVersion: 122.0.6261.69 (81bc525b6a36..., userDataDir: C:\Users\PORTIS~1\AppData\L...}, fedcm:accounts: true, goog:chromeOptions: {debuggerAddress: localhost:63482}, networkConnectionEnabled: false, pageLoadStrategy: normal, platformName: windows, proxy: Proxy(), se:cdp: ws://localhost:63482/devtoo..., se:cdpVersion: 122.0.6261.70, setWindowRect: true, strictFileInteractability: false, timeouts: {implicit: 0, pageLoad: 300000, script: 30000}, unhandledPromptBehavior: dismiss and notify, webauthn:extension:credBlob: true, webauthn:extension:largeBlob: true, webauthn:extension:minPinLength: true, webauthn:extension:prf: true, webauthn:virtualAuthenticators: true}
Element: [[ChromeDriver: chrome-headless-shell on windows (9df5fa7d277ff147dedd064b19ea2862)] -&gt; name: password]
Session ID: 9df5fa7d277ff147dedd064b19ea2862
	at jdk.internal.reflect.GeneratedConstructorAccessor13.newInstance(Unknown Source)
	at java.base@11.0.20/jdk.internal.reflect.DelegatingConstructorAccessorImpl.newInstance(DelegatingConstructorAccessorImpl.java:45)
	at java.base@11.0.20/java.lang.reflect.Constructor.newInstance(Constructor.java:490)
	at app//org.openqa.selenium.remote.ErrorCodec.decode(ErrorCodec.java:167)
	at app//org.openqa.selenium.remote.codec.w3c.W3CHttpResponseCodec.decode(W3CHttpResponseCodec.java:138)
	at app//org.openqa.selenium.remote.codec.w3c.W3CHttpResponseCodec.decode(W3CHttpResponseCodec.java:50)
	at app//org.openqa.selenium.remote.HttpCommandExecutor.execute(HttpCommandExecutor.java:190)
	at app//org.openqa.selenium.remote.service.DriverCommandExecutor.invokeExecute(DriverCommandExecutor.java:216)
	at app//org.openqa.selenium.remote.service.DriverCommandExecutor.execute(DriverCommandExecutor.java:174)
	at app//org.openqa.selenium.remote.RemoteWebDriver.execute(RemoteWebDriver.java:519)
	at app//org.openqa.selenium.remote.RemoteWebElement.execute(RemoteWebElement.java:223)
	at app//org.openqa.selenium.remote.RemoteWebElement.click(RemoteWebElement.java:76)
	at jdk.internal.reflect.GeneratedMethodAccessor13.invoke(Unknown Source)
	at java.base@11.0.20/jdk.internal.reflect.DelegatingMethodAccessorImpl.invoke(DelegatingMethodAccessorImpl.java:43)
	at java.base@11.0.20/java.lang.reflect.Method.invoke(Method.java:566)
	at app//org.openqa.selenium.support.pagefactory.internal.LocatingElementHandler.invoke(LocatingElementHandler.java:51)
	at app//com.sun.proxy.$Proxy17.click(Unknown Source)
	at app//allcom_testng.pages.BasePage.click(BasePage.java:62)
	at app//allcom_testng.pages.BasePage.type(BasePage.java:100)
	at app//allcom_testng.pages.BasePage.validateField(BasePage.java:231)
	at app//allcom_testng.tests.passwordReset.CreateNewPasswordPageTests.validatePasswordWithIncorrectData(CreateNewPasswordPageTests.java:32)
	at java.base@11.0.20/jdk.internal.reflect.NativeMethodAccessorImpl.invoke0(Native Method)
	at java.base@11.0.20/jdk.internal.reflect.NativeMethodAccessorImpl.invoke(NativeMethodAccessorImpl.java:62)
	at java.base@11.0.20/jdk.internal.reflect.DelegatingMethodAccessorImpl.invoke(DelegatingMethodAccessorImpl.java:43)
	at java.base@11.0.20/java.lang.reflect.Method.invoke(Method.java:566)
	at app//org.testng.internal.invokers.MethodInvocationHelper.invokeMethod(MethodInvocationHelper.java:139)
	at app//org.testng.internal.invokers.TestInvoker.invokeMethod(TestInvoker.java:664)
	at app//org.testng.internal.invokers.TestInvoker.invokeTestMethod(TestInvoker.java:228)
	at app//org.testng.internal.invokers.MethodRunner.runInSequence(MethodRunner.java:63)
	at app//org.testng.internal.invokers.TestInvoker$MethodInvocationAgent.invoke(TestInvoker.java:961)
	at app//org.testng.internal.invokers.TestInvoker.invokeTestMethods(TestInvoker.java:201)
	at app//org.testng.internal.invokers.TestMethodWorker.invokeTestMethods(TestMethodWorker.java:148)
	at app//org.testng.internal.invokers.TestMethodWorker.run(TestMethodWorker.java:128)
	at java.base@11.0.20/java.util.ArrayList.forEach(ArrayList.java:1541)
	at app//org.testng.TestRunner.privateRun(TestRunner.java:819)
	at app//org.testng.TestRunner.run(TestRunner.java:619)
	at app//org.testng.SuiteRunner.runTest(SuiteRunner.java:443)
	at app//org.testng.SuiteRunner.runSequentially(SuiteRunner.java:437)
	at app//org.testng.SuiteRunner.privateRun(SuiteRunner.java:397)
	at app//org.testng.SuiteRunner.run(SuiteRunner.java:336)
	at app//org.testng.SuiteRunnerWorker.runSuite(SuiteRunnerWorker.java:52)
	at app//org.testng.SuiteRunnerWorker.run(SuiteRunnerWorker.java:95)
	at app//org.testng.TestNG.runSuitesSequentially(TestNG.java:1301)
	at app//org.testng.TestNG.runSuitesLocally(TestNG.java:1228)
	at app//org.testng.TestNG.runSuites(TestNG.java:1134)
	at app//org.testng.TestNG.run(TestNG.java:1101)
	at org.gradle.api.internal.tasks.testing.testng.TestNGTestClassProcessor.runTests(TestNGTestClassProcessor.java:148)
	at org.gradle.api.internal.tasks.testing.testng.TestNGTestClassProcessor.stop(TestNGTestClassProcessor.java:95)
	at org.gradle.api.internal.tasks.testing.SuiteTestClassProcessor.stop(SuiteTestClassProcessor.java:62)
	at java.base@11.0.20/jdk.internal.reflect.NativeMethodAccessorImpl.invoke0(Native Method)
	at java.base@11.0.20/jdk.internal.reflect.NativeMethodAccessorImpl.invoke(NativeMethodAccessorImpl.java:62)
	at java.base@11.0.20/jdk.internal.reflect.DelegatingMethodAccessorImpl.invoke(DelegatingMethodAccessorImpl.java:43)
	at java.base@11.0.20/java.lang.reflect.Method.invoke(Method.java:566)
	at org.gradle.internal.dispatch.ReflectionDispatch.dispatch(ReflectionDispatch.java:36)
	at org.gradle.internal.dispatch.ReflectionDispatch.dispatch(ReflectionDispatch.java:24)
	at org.gradle.internal.dispatch.ContextClassLoaderDispatch.dispatch(ContextClassLoaderDispatch.java:33)
	at org.gradle.internal.dispatch.ProxyDispatchAdapter$DispatchingInvocationHandler.invoke(ProxyDispatchAdapter.java:94)
	at com.sun.proxy.$Proxy2.stop(Unknown Source)
	at org.gradle.api.internal.tasks.testing.worker.TestWorker$3.run(TestWorker.java:193)
	at org.gradle.api.internal.tasks.testing.worker.TestWorker.executeAndMaintainThreadName(TestWorker.java:129)
	at org.gradle.api.internal.tasks.testing.worker.TestWorker.execute(TestWorker.java:100)
	at org.gradle.api.internal.tasks.testing.worker.TestWorker.execute(TestWorker.java:60)
	at org.gradle.process.internal.worker.child.ActionExecutionWorker.execute(ActionExecutionWorker.java:56)
	at org.gradle.process.internal.worker.child.SystemApplicationClassLoaderWorker.call(SystemApplicationClassLoaderWorker.java:113)
	at org.gradle.process.internal.worker.child.SystemApplicationClassLoaderWorker.call(SystemApplicationClassLoaderWorker.java:65)
	at app//worker.org.gradle.process.internal.worker.GradleWorkerMain.run(GradleWorkerMain.java:69)
	at app//worker.org.gradle.process.internal.worker.GradleWorkerMain.main(GradleWorkerMain.java:74)
</failure>
  </testcase>
  <testcase name="validatePasswordWithIncorrectData[3](1)" classname="allcom_testng.tests.passwordReset.CreateNewPasswordPageTests" time="0.153"/>
  <testcase name="validatePasswordWithIncorrectData[4](*&amp;^(*&amp;%$##@)" classname="allcom_testng.tests.passwordReset.CreateNewPasswordPageTests" time="0.079">
    <failure message="org.openqa.selenium.StaleElementReferenceException: stale element reference: stale element not found&#10;  (Session info: chrome-headless-shell=122.0.6261.70)&#10;For documentation on this error, please visit: https://www.selenium.dev/documentation/webdriver/troubleshooting/errors#stale-element-reference-exception&#10;Build info: version: '4.18.1', revision: 'b1d3319b48'&#10;System info: os.name: 'Windows 11', os.arch: 'amd64', os.version: '10.0', java.version: '11.0.20'&#10;Driver info: org.openqa.selenium.chrome.ChromeDriver&#10;Command: [9df5fa7d277ff147dedd064b19ea2862, clickElement {id=f.833F0DC56686BB3144ECC6010251FADE.d.18807C713381C391A2D97FBCC18BD650.e.9677}]&#10;Capabilities {acceptInsecureCerts: false, browserName: chrome-headless-shell, browserVersion: 122.0.6261.70, chrome: {chromedriverVersion: 122.0.6261.69 (81bc525b6a36..., userDataDir: C:\Users\PORTIS~1\AppData\L...}, fedcm:accounts: true, goog:chromeOptions: {debuggerAddress: localhost:63482}, networkConnectionEnabled: false, pageLoadStrategy: normal, platformName: windows, proxy: Proxy(), se:cdp: ws://localhost:63482/devtoo..., se:cdpVersion: 122.0.6261.70, setWindowRect: true, strictFileInteractability: false, timeouts: {implicit: 0, pageLoad: 300000, script: 30000}, unhandledPromptBehavior: dismiss and notify, webauthn:extension:credBlob: true, webauthn:extension:largeBlob: true, webauthn:extension:minPinLength: true, webauthn:extension:prf: true, webauthn:virtualAuthenticators: true}&#10;Element: [[ChromeDriver: chrome-headless-shell on windows (9df5fa7d277ff147dedd064b19ea2862)] -&gt; name: password]&#10;Session ID: 9df5fa7d277ff147dedd064b19ea2862" type="org.openqa.selenium.StaleElementReferenceException">org.openqa.selenium.StaleElementReferenceException: stale element reference: stale element not found
  (Session info: chrome-headless-shell=122.0.6261.70)
For documentation on this error, please visit: https://www.selenium.dev/documentation/webdriver/troubleshooting/errors#stale-element-reference-exception
Build info: version: '4.18.1', revision: 'b1d3319b48'
System info: os.name: 'Windows 11', os.arch: 'amd64', os.version: '10.0', java.version: '11.0.20'
Driver info: org.openqa.selenium.chrome.ChromeDriver
Command: [9df5fa7d277ff147dedd064b19ea2862, clickElement {id=f.833F0DC56686BB3144ECC6010251FADE.d.18807C713381C391A2D97FBCC18BD650.e.9677}]
Capabilities {acceptInsecureCerts: false, browserName: chrome-headless-shell, browserVersion: 122.0.6261.70, chrome: {chromedriverVersion: 122.0.6261.69 (81bc525b6a36..., userDataDir: C:\Users\PORTIS~1\AppData\L...}, fedcm:accounts: true, goog:chromeOptions: {debuggerAddress: localhost:63482}, networkConnectionEnabled: false, pageLoadStrategy: normal, platformName: windows, proxy: Proxy(), se:cdp: ws://localhost:63482/devtoo..., se:cdpVersion: 122.0.6261.70, setWindowRect: true, strictFileInteractability: false, timeouts: {implicit: 0, pageLoad: 300000, script: 30000}, unhandledPromptBehavior: dismiss and notify, webauthn:extension:credBlob: true, webauthn:extension:largeBlob: true, webauthn:extension:minPinLength: true, webauthn:extension:prf: true, webauthn:virtualAuthenticators: true}
Element: [[ChromeDriver: chrome-headless-shell on windows (9df5fa7d277ff147dedd064b19ea2862)] -&gt; name: password]
Session ID: 9df5fa7d277ff147dedd064b19ea2862
	at jdk.internal.reflect.GeneratedConstructorAccessor13.newInstance(Unknown Source)
	at java.base@11.0.20/jdk.internal.reflect.DelegatingConstructorAccessorImpl.newInstance(DelegatingConstructorAccessorImpl.java:45)
	at java.base@11.0.20/java.lang.reflect.Constructor.newInstance(Constructor.java:490)
	at app//org.openqa.selenium.remote.ErrorCodec.decode(ErrorCodec.java:167)
	at app//org.openqa.selenium.remote.codec.w3c.W3CHttpResponseCodec.decode(W3CHttpResponseCodec.java:138)
	at app//org.openqa.selenium.remote.codec.w3c.W3CHttpResponseCodec.decode(W3CHttpResponseCodec.java:50)
	at app//org.openqa.selenium.remote.HttpCommandExecutor.execute(HttpCommandExecutor.java:190)
	at app//org.openqa.selenium.remote.service.DriverCommandExecutor.invokeExecute(DriverCommandExecutor.java:216)
	at app//org.openqa.selenium.remote.service.DriverCommandExecutor.execute(DriverCommandExecutor.java:174)
	at app//org.openqa.selenium.remote.RemoteWebDriver.execute(RemoteWebDriver.java:519)
	at app//org.openqa.selenium.remote.RemoteWebElement.execute(RemoteWebElement.java:223)
	at app//org.openqa.selenium.remote.RemoteWebElement.click(RemoteWebElement.java:76)
	at jdk.internal.reflect.GeneratedMethodAccessor13.invoke(Unknown Source)
	at java.base@11.0.20/jdk.internal.reflect.DelegatingMethodAccessorImpl.invoke(DelegatingMethodAccessorImpl.java:43)
	at java.base@11.0.20/java.lang.reflect.Method.invoke(Method.java:566)
	at app//org.openqa.selenium.support.pagefactory.internal.LocatingElementHandler.invoke(LocatingElementHandler.java:51)
	at app//com.sun.proxy.$Proxy17.click(Unknown Source)
	at app//allcom_testng.pages.BasePage.click(BasePage.java:62)
	at app//allcom_testng.pages.BasePage.type(BasePage.java:100)
	at app//allcom_testng.pages.BasePage.validateField(BasePage.java:231)
	at app//allcom_testng.tests.passwordReset.CreateNewPasswordPageTests.validatePasswordWithIncorrectData(CreateNewPasswordPageTests.java:32)
	at java.base@11.0.20/jdk.internal.reflect.NativeMethodAccessorImpl.invoke0(Native Method)
	at java.base@11.0.20/jdk.internal.reflect.NativeMethodAccessorImpl.invoke(NativeMethodAccessorImpl.java:62)
	at java.base@11.0.20/jdk.internal.reflect.DelegatingMethodAccessorImpl.invoke(DelegatingMethodAccessorImpl.java:43)
	at java.base@11.0.20/java.lang.reflect.Method.invoke(Method.java:566)
	at app//org.testng.internal.invokers.MethodInvocationHelper.invokeMethod(MethodInvocationHelper.java:139)
	at app//org.testng.internal.invokers.TestInvoker.invokeMethod(TestInvoker.java:664)
	at app//org.testng.internal.invokers.TestInvoker.invokeTestMethod(TestInvoker.java:228)
	at app//org.testng.internal.invokers.MethodRunner.runInSequence(MethodRunner.java:63)
	at app//org.testng.internal.invokers.TestInvoker$MethodInvocationAgent.invoke(TestInvoker.java:961)
	at app//org.testng.internal.invokers.TestInvoker.invokeTestMethods(TestInvoker.java:201)
	at app//org.testng.internal.invokers.TestMethodWorker.invokeTestMethods(TestMethodWorker.java:148)
	at app//org.testng.internal.invokers.TestMethodWorker.run(TestMethodWorker.java:128)
	at java.base@11.0.20/java.util.ArrayList.forEach(ArrayList.java:1541)
	at app//org.testng.TestRunner.privateRun(TestRunner.java:819)
	at app//org.testng.TestRunner.run(TestRunner.java:619)
	at app//org.testng.SuiteRunner.runTest(SuiteRunner.java:443)
	at app//org.testng.SuiteRunner.runSequentially(SuiteRunner.java:437)
	at app//org.testng.SuiteRunner.privateRun(SuiteRunner.java:397)
	at app//org.testng.SuiteRunner.run(SuiteRunner.java:336)
	at app//org.testng.SuiteRunnerWorker.runSuite(SuiteRunnerWorker.java:52)
	at app//org.testng.SuiteRunnerWorker.run(SuiteRunnerWorker.java:95)
	at app//org.testng.TestNG.runSuitesSequentially(TestNG.java:1301)
	at app//org.testng.TestNG.runSuitesLocally(TestNG.java:1228)
	at app//org.testng.TestNG.runSuites(TestNG.java:1134)
	at app//org.testng.TestNG.run(TestNG.java:1101)
	at org.gradle.api.internal.tasks.testing.testng.TestNGTestClassProcessor.runTests(TestNGTestClassProcessor.java:148)
	at org.gradle.api.internal.tasks.testing.testng.TestNGTestClassProcessor.stop(TestNGTestClassProcessor.java:95)
	at org.gradle.api.internal.tasks.testing.SuiteTestClassProcessor.stop(SuiteTestClassProcessor.java:62)
	at java.base@11.0.20/jdk.internal.reflect.NativeMethodAccessorImpl.invoke0(Native Method)
	at java.base@11.0.20/jdk.internal.reflect.NativeMethodAccessorImpl.invoke(NativeMethodAccessorImpl.java:62)
	at java.base@11.0.20/jdk.internal.reflect.DelegatingMethodAccessorImpl.invoke(DelegatingMethodAccessorImpl.java:43)
	at java.base@11.0.20/java.lang.reflect.Method.invoke(Method.java:566)
	at org.gradle.internal.dispatch.ReflectionDispatch.dispatch(ReflectionDispatch.java:36)
	at org.gradle.internal.dispatch.ReflectionDispatch.dispatch(ReflectionDispatch.java:24)
	at org.gradle.internal.dispatch.ContextClassLoaderDispatch.dispatch(ContextClassLoaderDispatch.java:33)
	at org.gradle.internal.dispatch.ProxyDispatchAdapter$DispatchingInvocationHandler.invoke(ProxyDispatchAdapter.java:94)
	at com.sun.proxy.$Proxy2.stop(Unknown Source)
	at org.gradle.api.internal.tasks.testing.worker.TestWorker$3.run(TestWorker.java:193)
	at org.gradle.api.internal.tasks.testing.worker.TestWorker.executeAndMaintainThreadName(TestWorker.java:129)
	at org.gradle.api.internal.tasks.testing.worker.TestWorker.execute(TestWorker.java:100)
	at org.gradle.api.internal.tasks.testing.worker.TestWorker.execute(TestWorker.java:60)
	at org.gradle.process.internal.worker.child.ActionExecutionWorker.execute(ActionExecutionWorker.java:56)
	at org.gradle.process.internal.worker.child.SystemApplicationClassLoaderWorker.call(SystemApplicationClassLoaderWorker.java:113)
	at org.gradle.process.internal.worker.child.SystemApplicationClassLoaderWorker.call(SystemApplicationClassLoaderWorker.java:65)
	at app//worker.org.gradle.process.internal.worker.GradleWorkerMain.run(GradleWorkerMain.java:69)
	at app//worker.org.gradle.process.internal.worker.GradleWorkerMain.main(GradleWorkerMain.java:74)
</failure>
  </testcase>
  <testcase name="validatePasswordWithIncorrectData[5](Qwertyuiop@1С‹)" classname="allcom_testng.tests.passwordReset.CreateNewPasswordPageTests" time="0.08">
    <failure message="org.openqa.selenium.StaleElementReferenceException: stale element reference: stale element not found&#10;  (Session info: chrome-headless-shell=122.0.6261.70)&#10;For documentation on this error, please visit: https://www.selenium.dev/documentation/webdriver/troubleshooting/errors#stale-element-reference-exception&#10;Build info: version: '4.18.1', revision: 'b1d3319b48'&#10;System info: os.name: 'Windows 11', os.arch: 'amd64', os.version: '10.0', java.version: '11.0.20'&#10;Driver info: org.openqa.selenium.chrome.ChromeDriver&#10;Command: [9df5fa7d277ff147dedd064b19ea2862, clickElement {id=f.833F0DC56686BB3144ECC6010251FADE.d.5B8A34596C457DE3DA4299B5E254E553.e.9736}]&#10;Capabilities {acceptInsecureCerts: false, browserName: chrome-headless-shell, browserVersion: 122.0.6261.70, chrome: {chromedriverVersion: 122.0.6261.69 (81bc525b6a36..., userDataDir: C:\Users\PORTIS~1\AppData\L...}, fedcm:accounts: true, goog:chromeOptions: {debuggerAddress: localhost:63482}, networkConnectionEnabled: false, pageLoadStrategy: normal, platformName: windows, proxy: Proxy(), se:cdp: ws://localhost:63482/devtoo..., se:cdpVersion: 122.0.6261.70, setWindowRect: true, strictFileInteractability: false, timeouts: {implicit: 0, pageLoad: 300000, script: 30000}, unhandledPromptBehavior: dismiss and notify, webauthn:extension:credBlob: true, webauthn:extension:largeBlob: true, webauthn:extension:minPinLength: true, webauthn:extension:prf: true, webauthn:virtualAuthenticators: true}&#10;Element: [[ChromeDriver: chrome-headless-shell on windows (9df5fa7d277ff147dedd064b19ea2862)] -&gt; name: password]&#10;Session ID: 9df5fa7d277ff147dedd064b19ea2862" type="org.openqa.selenium.StaleElementReferenceException">org.openqa.selenium.StaleElementReferenceException: stale element reference: stale element not found
  (Session info: chrome-headless-shell=122.0.6261.70)
For documentation on this error, please visit: https://www.selenium.dev/documentation/webdriver/troubleshooting/errors#stale-element-reference-exception
Build info: version: '4.18.1', revision: 'b1d3319b48'
System info: os.name: 'Windows 11', os.arch: 'amd64', os.version: '10.0', java.version: '11.0.20'
Driver info: org.openqa.selenium.chrome.ChromeDriver
Command: [9df5fa7d277ff147dedd064b19ea2862, clickElement {id=f.833F0DC56686BB3144ECC6010251FADE.d.5B8A34596C457DE3DA4299B5E254E553.e.9736}]
Capabilities {acceptInsecureCerts: false, browserName: chrome-headless-shell, browserVersion: 122.0.6261.70, chrome: {chromedriverVersion: 122.0.6261.69 (81bc525b6a36..., userDataDir: C:\Users\PORTIS~1\AppData\L...}, fedcm:accounts: true, goog:chromeOptions: {debuggerAddress: localhost:63482}, networkConnectionEnabled: false, pageLoadStrategy: normal, platformName: windows, proxy: Proxy(), se:cdp: ws://localhost:63482/devtoo..., se:cdpVersion: 122.0.6261.70, setWindowRect: true, strictFileInteractability: false, timeouts: {implicit: 0, pageLoad: 300000, script: 30000}, unhandledPromptBehavior: dismiss and notify, webauthn:extension:credBlob: true, webauthn:extension:largeBlob: true, webauthn:extension:minPinLength: true, webauthn:extension:prf: true, webauthn:virtualAuthenticators: true}
Element: [[ChromeDriver: chrome-headless-shell on windows (9df5fa7d277ff147dedd064b19ea2862)] -&gt; name: password]
Session ID: 9df5fa7d277ff147dedd064b19ea2862
	at jdk.internal.reflect.GeneratedConstructorAccessor13.newInstance(Unknown Source)
	at java.base@11.0.20/jdk.internal.reflect.DelegatingConstructorAccessorImpl.newInstance(DelegatingConstructorAccessorImpl.java:45)
	at java.base@11.0.20/java.lang.reflect.Constructor.newInstance(Constructor.java:490)
	at app//org.openqa.selenium.remote.ErrorCodec.decode(ErrorCodec.java:167)
	at app//org.openqa.selenium.remote.codec.w3c.W3CHttpResponseCodec.decode(W3CHttpResponseCodec.java:138)
	at app//org.openqa.selenium.remote.codec.w3c.W3CHttpResponseCodec.decode(W3CHttpResponseCodec.java:50)
	at app//org.openqa.selenium.remote.HttpCommandExecutor.execute(HttpCommandExecutor.java:190)
	at app//org.openqa.selenium.remote.service.DriverCommandExecutor.invokeExecute(DriverCommandExecutor.java:216)
	at app//org.openqa.selenium.remote.service.DriverCommandExecutor.execute(DriverCommandExecutor.java:174)
	at app//org.openqa.selenium.remote.RemoteWebDriver.execute(RemoteWebDriver.java:519)
	at app//org.openqa.selenium.remote.RemoteWebElement.execute(RemoteWebElement.java:223)
	at app//org.openqa.selenium.remote.RemoteWebElement.click(RemoteWebElement.java:76)
	at jdk.internal.reflect.GeneratedMethodAccessor13.invoke(Unknown Source)
	at java.base@11.0.20/jdk.internal.reflect.DelegatingMethodAccessorImpl.invoke(DelegatingMethodAccessorImpl.java:43)
	at java.base@11.0.20/java.lang.reflect.Method.invoke(Method.java:566)
	at app//org.openqa.selenium.support.pagefactory.internal.LocatingElementHandler.invoke(LocatingElementHandler.java:51)
	at app//com.sun.proxy.$Proxy17.click(Unknown Source)
	at app//allcom_testng.pages.BasePage.click(BasePage.java:62)
	at app//allcom_testng.pages.BasePage.type(BasePage.java:100)
	at app//allcom_testng.pages.BasePage.validateField(BasePage.java:231)
	at app//allcom_testng.tests.passwordReset.CreateNewPasswordPageTests.validatePasswordWithIncorrectData(CreateNewPasswordPageTests.java:32)
	at java.base@11.0.20/jdk.internal.reflect.NativeMethodAccessorImpl.invoke0(Native Method)
	at java.base@11.0.20/jdk.internal.reflect.NativeMethodAccessorImpl.invoke(NativeMethodAccessorImpl.java:62)
	at java.base@11.0.20/jdk.internal.reflect.DelegatingMethodAccessorImpl.invoke(DelegatingMethodAccessorImpl.java:43)
	at java.base@11.0.20/java.lang.reflect.Method.invoke(Method.java:566)
	at app//org.testng.internal.invokers.MethodInvocationHelper.invokeMethod(MethodInvocationHelper.java:139)
	at app//org.testng.internal.invokers.TestInvoker.invokeMethod(TestInvoker.java:664)
	at app//org.testng.internal.invokers.TestInvoker.invokeTestMethod(TestInvoker.java:228)
	at app//org.testng.internal.invokers.MethodRunner.runInSequence(MethodRunner.java:63)
	at app//org.testng.internal.invokers.TestInvoker$MethodInvocationAgent.invoke(TestInvoker.java:961)
	at app//org.testng.internal.invokers.TestInvoker.invokeTestMethods(TestInvoker.java:201)
	at app//org.testng.internal.invokers.TestMethodWorker.invokeTestMethods(TestMethodWorker.java:148)
	at app//org.testng.internal.invokers.TestMethodWorker.run(TestMethodWorker.java:128)
	at java.base@11.0.20/java.util.ArrayList.forEach(ArrayList.java:1541)
	at app//org.testng.TestRunner.privateRun(TestRunner.java:819)
	at app//org.testng.TestRunner.run(TestRunner.java:619)
	at app//org.testng.SuiteRunner.runTest(SuiteRunner.java:443)
	at app//org.testng.SuiteRunner.runSequentially(SuiteRunner.java:437)
	at app//org.testng.SuiteRunner.privateRun(SuiteRunner.java:397)
	at app//org.testng.SuiteRunner.run(SuiteRunner.java:336)
	at app//org.testng.SuiteRunnerWorker.runSuite(SuiteRunnerWorker.java:52)
	at app//org.testng.SuiteRunnerWorker.run(SuiteRunnerWorker.java:95)
	at app//org.testng.TestNG.runSuitesSequentially(TestNG.java:1301)
	at app//org.testng.TestNG.runSuitesLocally(TestNG.java:1228)
	at app//org.testng.TestNG.runSuites(TestNG.java:1134)
	at app//org.testng.TestNG.run(TestNG.java:1101)
	at org.gradle.api.internal.tasks.testing.testng.TestNGTestClassProcessor.runTests(TestNGTestClassProcessor.java:148)
	at org.gradle.api.internal.tasks.testing.testng.TestNGTestClassProcessor.stop(TestNGTestClassProcessor.java:95)
	at org.gradle.api.internal.tasks.testing.SuiteTestClassProcessor.stop(SuiteTestClassProcessor.java:62)
	at java.base@11.0.20/jdk.internal.reflect.NativeMethodAccessorImpl.invoke0(Native Method)
	at java.base@11.0.20/jdk.internal.reflect.NativeMethodAccessorImpl.invoke(NativeMethodAccessorImpl.java:62)
	at java.base@11.0.20/jdk.internal.reflect.DelegatingMethodAccessorImpl.invoke(DelegatingMethodAccessorImpl.java:43)
	at java.base@11.0.20/java.lang.reflect.Method.invoke(Method.java:566)
	at org.gradle.internal.dispatch.ReflectionDispatch.dispatch(ReflectionDispatch.java:36)
	at org.gradle.internal.dispatch.ReflectionDispatch.dispatch(ReflectionDispatch.java:24)
	at org.gradle.internal.dispatch.ContextClassLoaderDispatch.dispatch(ContextClassLoaderDispatch.java:33)
	at org.gradle.internal.dispatch.ProxyDispatchAdapter$DispatchingInvocationHandler.invoke(ProxyDispatchAdapter.java:94)
	at com.sun.proxy.$Proxy2.stop(Unknown Source)
	at org.gradle.api.internal.tasks.testing.worker.TestWorker$3.run(TestWorker.java:193)
	at org.gradle.api.internal.tasks.testing.worker.TestWorker.executeAndMaintainThreadName(TestWorker.java:129)
	at org.gradle.api.internal.tasks.testing.worker.TestWorker.execute(TestWorker.java:100)
	at org.gradle.api.internal.tasks.testing.worker.TestWorker.execute(TestWorker.java:60)
	at org.gradle.process.internal.worker.child.ActionExecutionWorker.execute(ActionExecutionWorker.java:56)
	at org.gradle.process.internal.worker.child.SystemApplicationClassLoaderWorker.call(SystemApplicationClassLoaderWorker.java:113)
	at org.gradle.process.internal.worker.child.SystemApplicationClassLoaderWorker.call(SystemApplicationClassLoaderWorker.java:65)
	at app//worker.org.gradle.process.internal.worker.GradleWorkerMain.run(GradleWorkerMain.java:69)
	at app//worker.org.gradle.process.internal.worker.GradleWorkerMain.main(GradleWorkerMain.java:74)
</failure>
  </testcase>
  <testcase name="validatePasswordWithIncorrectData[6](Р¤Р«Р’РђРђРџРєРіСѓС‰СѓС†Р·)" classname="allcom_testng.tests.passwordReset.CreateNewPasswordPageTests" time="0.225"/>
  <testcase name="validatePasswordWithIncorrectData[7](Test 12345!)" classname="allcom_testng.tests.passwordReset.CreateNewPasswordPageTests" time="0.066">
    <failure message="org.openqa.selenium.StaleElementReferenceException: stale element reference: stale element not found&#10;  (Session info: chrome-headless-shell=122.0.6261.70)&#10;For documentation on this error, please visit: https://www.selenium.dev/documentation/webdriver/troubleshooting/errors#stale-element-reference-exception&#10;Build info: version: '4.18.1', revision: 'b1d3319b48'&#10;System info: os.name: 'Windows 11', os.arch: 'amd64', os.version: '10.0', java.version: '11.0.20'&#10;Driver info: org.openqa.selenium.chrome.ChromeDriver&#10;Command: [9df5fa7d277ff147dedd064b19ea2862, clickElement {id=f.833F0DC56686BB3144ECC6010251FADE.d.190308A8934BAF06D7DF8EE480B8CA62.e.9906}]&#10;Capabilities {acceptInsecureCerts: false, browserName: chrome-headless-shell, browserVersion: 122.0.6261.70, chrome: {chromedriverVersion: 122.0.6261.69 (81bc525b6a36..., userDataDir: C:\Users\PORTIS~1\AppData\L...}, fedcm:accounts: true, goog:chromeOptions: {debuggerAddress: localhost:63482}, networkConnectionEnabled: false, pageLoadStrategy: normal, platformName: windows, proxy: Proxy(), se:cdp: ws://localhost:63482/devtoo..., se:cdpVersion: 122.0.6261.70, setWindowRect: true, strictFileInteractability: false, timeouts: {implicit: 0, pageLoad: 300000, script: 30000}, unhandledPromptBehavior: dismiss and notify, webauthn:extension:credBlob: true, webauthn:extension:largeBlob: true, webauthn:extension:minPinLength: true, webauthn:extension:prf: true, webauthn:virtualAuthenticators: true}&#10;Element: [[ChromeDriver: chrome-headless-shell on windows (9df5fa7d277ff147dedd064b19ea2862)] -&gt; name: password]&#10;Session ID: 9df5fa7d277ff147dedd064b19ea2862" type="org.openqa.selenium.StaleElementReferenceException">org.openqa.selenium.StaleElementReferenceException: stale element reference: stale element not found
  (Session info: chrome-headless-shell=122.0.6261.70)
For documentation on this error, please visit: https://www.selenium.dev/documentation/webdriver/troubleshooting/errors#stale-element-reference-exception
Build info: version: '4.18.1', revision: 'b1d3319b48'
System info: os.name: 'Windows 11', os.arch: 'amd64', os.version: '10.0', java.version: '11.0.20'
Driver info: org.openqa.selenium.chrome.ChromeDriver
Command: [9df5fa7d277ff147dedd064b19ea2862, clickElement {id=f.833F0DC56686BB3144ECC6010251FADE.d.190308A8934BAF06D7DF8EE480B8CA62.e.9906}]
Capabilities {acceptInsecureCerts: false, browserName: chrome-headless-shell, browserVersion: 122.0.6261.70, chrome: {chromedriverVersion: 122.0.6261.69 (81bc525b6a36..., userDataDir: C:\Users\PORTIS~1\AppData\L...}, fedcm:accounts: true, goog:chromeOptions: {debuggerAddress: localhost:63482}, networkConnectionEnabled: false, pageLoadStrategy: normal, platformName: windows, proxy: Proxy(), se:cdp: ws://localhost:63482/devtoo..., se:cdpVersion: 122.0.6261.70, setWindowRect: true, strictFileInteractability: false, timeouts: {implicit: 0, pageLoad: 300000, script: 30000}, unhandledPromptBehavior: dismiss and notify, webauthn:extension:credBlob: true, webauthn:extension:largeBlob: true, webauthn:extension:minPinLength: true, webauthn:extension:prf: true, webauthn:virtualAuthenticators: true}
Element: [[ChromeDriver: chrome-headless-shell on windows (9df5fa7d277ff147dedd064b19ea2862)] -&gt; name: password]
Session ID: 9df5fa7d277ff147dedd064b19ea2862
	at jdk.internal.reflect.GeneratedConstructorAccessor13.newInstance(Unknown Source)
	at java.base@11.0.20/jdk.internal.reflect.DelegatingConstructorAccessorImpl.newInstance(DelegatingConstructorAccessorImpl.java:45)
	at java.base@11.0.20/java.lang.reflect.Constructor.newInstance(Constructor.java:490)
	at app//org.openqa.selenium.remote.ErrorCodec.decode(ErrorCodec.java:167)
	at app//org.openqa.selenium.remote.codec.w3c.W3CHttpResponseCodec.decode(W3CHttpResponseCodec.java:138)
	at app//org.openqa.selenium.remote.codec.w3c.W3CHttpResponseCodec.decode(W3CHttpResponseCodec.java:50)
	at app//org.openqa.selenium.remote.HttpCommandExecutor.execute(HttpCommandExecutor.java:190)
	at app//org.openqa.selenium.remote.service.DriverCommandExecutor.invokeExecute(DriverCommandExecutor.java:216)
	at app//org.openqa.selenium.remote.service.DriverCommandExecutor.execute(DriverCommandExecutor.java:174)
	at app//org.openqa.selenium.remote.RemoteWebDriver.execute(RemoteWebDriver.java:519)
	at app//org.openqa.selenium.remote.RemoteWebElement.execute(RemoteWebElement.java:223)
	at app//org.openqa.selenium.remote.RemoteWebElement.click(RemoteWebElement.java:76)
	at jdk.internal.reflect.GeneratedMethodAccessor13.invoke(Unknown Source)
	at java.base@11.0.20/jdk.internal.reflect.DelegatingMethodAccessorImpl.invoke(DelegatingMethodAccessorImpl.java:43)
	at java.base@11.0.20/java.lang.reflect.Method.invoke(Method.java:566)
	at app//org.openqa.selenium.support.pagefactory.internal.LocatingElementHandler.invoke(LocatingElementHandler.java:51)
	at app//com.sun.proxy.$Proxy17.click(Unknown Source)
	at app//allcom_testng.pages.BasePage.click(BasePage.java:62)
	at app//allcom_testng.pages.BasePage.type(BasePage.java:100)
	at app//allcom_testng.pages.BasePage.validateField(BasePage.java:231)
	at app//allcom_testng.tests.passwordReset.CreateNewPasswordPageTests.validatePasswordWithIncorrectData(CreateNewPasswordPageTests.java:32)
	at java.base@11.0.20/jdk.internal.reflect.NativeMethodAccessorImpl.invoke0(Native Method)
	at java.base@11.0.20/jdk.internal.reflect.NativeMethodAccessorImpl.invoke(NativeMethodAccessorImpl.java:62)
	at java.base@11.0.20/jdk.internal.reflect.DelegatingMethodAccessorImpl.invoke(DelegatingMethodAccessorImpl.java:43)
	at java.base@11.0.20/java.lang.reflect.Method.invoke(Method.java:566)
	at app//org.testng.internal.invokers.MethodInvocationHelper.invokeMethod(MethodInvocationHelper.java:139)
	at app//org.testng.internal.invokers.TestInvoker.invokeMethod(TestInvoker.java:664)
	at app//org.testng.internal.invokers.TestInvoker.invokeTestMethod(TestInvoker.java:228)
	at app//org.testng.internal.invokers.MethodRunner.runInSequence(MethodRunner.java:63)
	at app//org.testng.internal.invokers.TestInvoker$MethodInvocationAgent.invoke(TestInvoker.java:961)
	at app//org.testng.internal.invokers.TestInvoker.invokeTestMethods(TestInvoker.java:201)
	at app//org.testng.internal.invokers.TestMethodWorker.invokeTestMethods(TestMethodWorker.java:148)
	at app//org.testng.internal.invokers.TestMethodWorker.run(TestMethodWorker.java:128)
	at java.base@11.0.20/java.util.ArrayList.forEach(ArrayList.java:1541)
	at app//org.testng.TestRunner.privateRun(TestRunner.java:819)
	at app//org.testng.TestRunner.run(TestRunner.java:619)
	at app//org.testng.SuiteRunner.runTest(SuiteRunner.java:443)
	at app//org.testng.SuiteRunner.runSequentially(SuiteRunner.java:437)
	at app//org.testng.SuiteRunner.privateRun(SuiteRunner.java:397)
	at app//org.testng.SuiteRunner.run(SuiteRunner.java:336)
	at app//org.testng.SuiteRunnerWorker.runSuite(SuiteRunnerWorker.java:52)
	at app//org.testng.SuiteRunnerWorker.run(SuiteRunnerWorker.java:95)
	at app//org.testng.TestNG.runSuitesSequentially(TestNG.java:1301)
	at app//org.testng.TestNG.runSuitesLocally(TestNG.java:1228)
	at app//org.testng.TestNG.runSuites(TestNG.java:1134)
	at app//org.testng.TestNG.run(TestNG.java:1101)
	at org.gradle.api.internal.tasks.testing.testng.TestNGTestClassProcessor.runTests(TestNGTestClassProcessor.java:148)
	at org.gradle.api.internal.tasks.testing.testng.TestNGTestClassProcessor.stop(TestNGTestClassProcessor.java:95)
	at org.gradle.api.internal.tasks.testing.SuiteTestClassProcessor.stop(SuiteTestClassProcessor.java:62)
	at java.base@11.0.20/jdk.internal.reflect.NativeMethodAccessorImpl.invoke0(Native Method)
	at java.base@11.0.20/jdk.internal.reflect.NativeMethodAccessorImpl.invoke(NativeMethodAccessorImpl.java:62)
	at java.base@11.0.20/jdk.internal.reflect.DelegatingMethodAccessorImpl.invoke(DelegatingMethodAccessorImpl.java:43)
	at java.base@11.0.20/java.lang.reflect.Method.invoke(Method.java:566)
	at org.gradle.internal.dispatch.ReflectionDispatch.dispatch(ReflectionDispatch.java:36)
	at org.gradle.internal.dispatch.ReflectionDispatch.dispatch(ReflectionDispatch.java:24)
	at org.gradle.internal.dispatch.ContextClassLoaderDispatch.dispatch(ContextClassLoaderDispatch.java:33)
	at org.gradle.internal.dispatch.ProxyDispatchAdapter$DispatchingInvocationHandler.invoke(ProxyDispatchAdapter.java:94)
	at com.sun.proxy.$Proxy2.stop(Unknown Source)
	at org.gradle.api.internal.tasks.testing.worker.TestWorker$3.run(TestWorker.java:193)
	at org.gradle.api.internal.tasks.testing.worker.TestWorker.executeAndMaintainThreadName(TestWorker.java:129)
	at org.gradle.api.internal.tasks.testing.worker.TestWorker.execute(TestWorker.java:100)
	at org.gradle.api.internal.tasks.testing.worker.TestWorker.execute(TestWorker.java:60)
	at org.gradle.process.internal.worker.child.ActionExecutionWorker.execute(ActionExecutionWorker.java:56)
	at org.gradle.process.internal.worker.child.SystemApplicationClassLoaderWorker.call(SystemApplicationClassLoaderWorker.java:113)
	at org.gradle.process.internal.worker.child.SystemApplicationClassLoaderWorker.call(SystemApplicationClassLoaderWorker.java:65)
	at app//worker.org.gradle.process.internal.worker.GradleWorkerMain.run(GradleWorkerMain.java:69)
	at app//worker.org.gradle.process.internal.worker.GradleWorkerMain.main(GradleWorkerMain.java:74)
</failure>
  </testcase>
  <testcase name="validatePasswordWithIncorrectData[8](SELECT* FROM)" classname="allcom_testng.tests.passwordReset.CreateNewPasswordPageTests" time="0.07">
    <failure message="org.openqa.selenium.StaleElementReferenceException: stale element reference: stale element not found&#10;  (Session info: chrome-headless-shell=122.0.6261.70)&#10;For documentation on this error, please visit: https://www.selenium.dev/documentation/webdriver/troubleshooting/errors#stale-element-reference-exception&#10;Build info: version: '4.18.1', revision: 'b1d3319b48'&#10;System info: os.name: 'Windows 11', os.arch: 'amd64', os.version: '10.0', java.version: '11.0.20'&#10;Driver info: org.openqa.selenium.chrome.ChromeDriver&#10;Command: [9df5fa7d277ff147dedd064b19ea2862, clickElement {id=f.833F0DC56686BB3144ECC6010251FADE.d.6440EDFD6B378DFBF6E68BCFC5BC4EBA.e.9915}]&#10;Capabilities {acceptInsecureCerts: false, browserName: chrome-headless-shell, browserVersion: 122.0.6261.70, chrome: {chromedriverVersion: 122.0.6261.69 (81bc525b6a36..., userDataDir: C:\Users\PORTIS~1\AppData\L...}, fedcm:accounts: true, goog:chromeOptions: {debuggerAddress: localhost:63482}, networkConnectionEnabled: false, pageLoadStrategy: normal, platformName: windows, proxy: Proxy(), se:cdp: ws://localhost:63482/devtoo..., se:cdpVersion: 122.0.6261.70, setWindowRect: true, strictFileInteractability: false, timeouts: {implicit: 0, pageLoad: 300000, script: 30000}, unhandledPromptBehavior: dismiss and notify, webauthn:extension:credBlob: true, webauthn:extension:largeBlob: true, webauthn:extension:minPinLength: true, webauthn:extension:prf: true, webauthn:virtualAuthenticators: true}&#10;Element: [[ChromeDriver: chrome-headless-shell on windows (9df5fa7d277ff147dedd064b19ea2862)] -&gt; name: password]&#10;Session ID: 9df5fa7d277ff147dedd064b19ea2862" type="org.openqa.selenium.StaleElementReferenceException">org.openqa.selenium.StaleElementReferenceException: stale element reference: stale element not found
  (Session info: chrome-headless-shell=122.0.6261.70)
For documentation on this error, please visit: https://www.selenium.dev/documentation/webdriver/troubleshooting/errors#stale-element-reference-exception
Build info: version: '4.18.1', revision: 'b1d3319b48'
System info: os.name: 'Windows 11', os.arch: 'amd64', os.version: '10.0', java.version: '11.0.20'
Driver info: org.openqa.selenium.chrome.ChromeDriver
Command: [9df5fa7d277ff147dedd064b19ea2862, clickElement {id=f.833F0DC56686BB3144ECC6010251FADE.d.6440EDFD6B378DFBF6E68BCFC5BC4EBA.e.9915}]
Capabilities {acceptInsecureCerts: false, browserName: chrome-headless-shell, browserVersion: 122.0.6261.70, chrome: {chromedriverVersion: 122.0.6261.69 (81bc525b6a36..., userDataDir: C:\Users\PORTIS~1\AppData\L...}, fedcm:accounts: true, goog:chromeOptions: {debuggerAddress: localhost:63482}, networkConnectionEnabled: false, pageLoadStrategy: normal, platformName: windows, proxy: Proxy(), se:cdp: ws://localhost:63482/devtoo..., se:cdpVersion: 122.0.6261.70, setWindowRect: true, strictFileInteractability: false, timeouts: {implicit: 0, pageLoad: 300000, script: 30000}, unhandledPromptBehavior: dismiss and notify, webauthn:extension:credBlob: true, webauthn:extension:largeBlob: true, webauthn:extension:minPinLength: true, webauthn:extension:prf: true, webauthn:virtualAuthenticators: true}
Element: [[ChromeDriver: chrome-headless-shell on windows (9df5fa7d277ff147dedd064b19ea2862)] -&gt; name: password]
Session ID: 9df5fa7d277ff147dedd064b19ea2862
	at jdk.internal.reflect.GeneratedConstructorAccessor13.newInstance(Unknown Source)
	at java.base@11.0.20/jdk.internal.reflect.DelegatingConstructorAccessorImpl.newInstance(DelegatingConstructorAccessorImpl.java:45)
	at java.base@11.0.20/java.lang.reflect.Constructor.newInstance(Constructor.java:490)
	at app//org.openqa.selenium.remote.ErrorCodec.decode(ErrorCodec.java:167)
	at app//org.openqa.selenium.remote.codec.w3c.W3CHttpResponseCodec.decode(W3CHttpResponseCodec.java:138)
	at app//org.openqa.selenium.remote.codec.w3c.W3CHttpResponseCodec.decode(W3CHttpResponseCodec.java:50)
	at app//org.openqa.selenium.remote.HttpCommandExecutor.execute(HttpCommandExecutor.java:190)
	at app//org.openqa.selenium.remote.service.DriverCommandExecutor.invokeExecute(DriverCommandExecutor.java:216)
	at app//org.openqa.selenium.remote.service.DriverCommandExecutor.execute(DriverCommandExecutor.java:174)
	at app//org.openqa.selenium.remote.RemoteWebDriver.execute(RemoteWebDriver.java:519)
	at app//org.openqa.selenium.remote.RemoteWebElement.execute(RemoteWebElement.java:223)
	at app//org.openqa.selenium.remote.RemoteWebElement.click(RemoteWebElement.java:76)
	at jdk.internal.reflect.GeneratedMethodAccessor13.invoke(Unknown Source)
	at java.base@11.0.20/jdk.internal.reflect.DelegatingMethodAccessorImpl.invoke(DelegatingMethodAccessorImpl.java:43)
	at java.base@11.0.20/java.lang.reflect.Method.invoke(Method.java:566)
	at app//org.openqa.selenium.support.pagefactory.internal.LocatingElementHandler.invoke(LocatingElementHandler.java:51)
	at app//com.sun.proxy.$Proxy17.click(Unknown Source)
	at app//allcom_testng.pages.BasePage.click(BasePage.java:62)
	at app//allcom_testng.pages.BasePage.type(BasePage.java:100)
	at app//allcom_testng.pages.BasePage.validateField(BasePage.java:231)
	at app//allcom_testng.tests.passwordReset.CreateNewPasswordPageTests.validatePasswordWithIncorrectData(CreateNewPasswordPageTests.java:32)
	at java.base@11.0.20/jdk.internal.reflect.NativeMethodAccessorImpl.invoke0(Native Method)
	at java.base@11.0.20/jdk.internal.reflect.NativeMethodAccessorImpl.invoke(NativeMethodAccessorImpl.java:62)
	at java.base@11.0.20/jdk.internal.reflect.DelegatingMethodAccessorImpl.invoke(DelegatingMethodAccessorImpl.java:43)
	at java.base@11.0.20/java.lang.reflect.Method.invoke(Method.java:566)
	at app//org.testng.internal.invokers.MethodInvocationHelper.invokeMethod(MethodInvocationHelper.java:139)
	at app//org.testng.internal.invokers.TestInvoker.invokeMethod(TestInvoker.java:664)
	at app//org.testng.internal.invokers.TestInvoker.invokeTestMethod(TestInvoker.java:228)
	at app//org.testng.internal.invokers.MethodRunner.runInSequence(MethodRunner.java:63)
	at app//org.testng.internal.invokers.TestInvoker$MethodInvocationAgent.invoke(TestInvoker.java:961)
	at app//org.testng.internal.invokers.TestInvoker.invokeTestMethods(TestInvoker.java:201)
	at app//org.testng.internal.invokers.TestMethodWorker.invokeTestMethods(TestMethodWorker.java:148)
	at app//org.testng.internal.invokers.TestMethodWorker.run(TestMethodWorker.java:128)
	at java.base@11.0.20/java.util.ArrayList.forEach(ArrayList.java:1541)
	at app//org.testng.TestRunner.privateRun(TestRunner.java:819)
	at app//org.testng.TestRunner.run(TestRunner.java:619)
	at app//org.testng.SuiteRunner.runTest(SuiteRunner.java:443)
	at app//org.testng.SuiteRunner.runSequentially(SuiteRunner.java:437)
	at app//org.testng.SuiteRunner.privateRun(SuiteRunner.java:397)
	at app//org.testng.SuiteRunner.run(SuiteRunner.java:336)
	at app//org.testng.SuiteRunnerWorker.runSuite(SuiteRunnerWorker.java:52)
	at app//org.testng.SuiteRunnerWorker.run(SuiteRunnerWorker.java:95)
	at app//org.testng.TestNG.runSuitesSequentially(TestNG.java:1301)
	at app//org.testng.TestNG.runSuitesLocally(TestNG.java:1228)
	at app//org.testng.TestNG.runSuites(TestNG.java:1134)
	at app//org.testng.TestNG.run(TestNG.java:1101)
	at org.gradle.api.internal.tasks.testing.testng.TestNGTestClassProcessor.runTests(TestNGTestClassProcessor.java:148)
	at org.gradle.api.internal.tasks.testing.testng.TestNGTestClassProcessor.stop(TestNGTestClassProcessor.java:95)
	at org.gradle.api.internal.tasks.testing.SuiteTestClassProcessor.stop(SuiteTestClassProcessor.java:62)
	at java.base@11.0.20/jdk.internal.reflect.NativeMethodAccessorImpl.invoke0(Native Method)
	at java.base@11.0.20/jdk.internal.reflect.NativeMethodAccessorImpl.invoke(NativeMethodAccessorImpl.java:62)
	at java.base@11.0.20/jdk.internal.reflect.DelegatingMethodAccessorImpl.invoke(DelegatingMethodAccessorImpl.java:43)
	at java.base@11.0.20/java.lang.reflect.Method.invoke(Method.java:566)
	at org.gradle.internal.dispatch.ReflectionDispatch.dispatch(ReflectionDispatch.java:36)
	at org.gradle.internal.dispatch.ReflectionDispatch.dispatch(ReflectionDispatch.java:24)
	at org.gradle.internal.dispatch.ContextClassLoaderDispatch.dispatch(ContextClassLoaderDispatch.java:33)
	at org.gradle.internal.dispatch.ProxyDispatchAdapter$DispatchingInvocationHandler.invoke(ProxyDispatchAdapter.java:94)
	at com.sun.proxy.$Proxy2.stop(Unknown Source)
	at org.gradle.api.internal.tasks.testing.worker.TestWorker$3.run(TestWorker.java:193)
	at org.gradle.api.internal.tasks.testing.worker.TestWorker.executeAndMaintainThreadName(TestWorker.java:129)
	at org.gradle.api.internal.tasks.testing.worker.TestWorker.execute(TestWorker.java:100)
	at org.gradle.api.internal.tasks.testing.worker.TestWorker.execute(TestWorker.java:60)
	at org.gradle.process.internal.worker.child.ActionExecutionWorker.execute(ActionExecutionWorker.java:56)
	at org.gradle.process.internal.worker.child.SystemApplicationClassLoaderWorker.call(SystemApplicationClassLoaderWorker.java:113)
	at org.gradle.process.internal.worker.child.SystemApplicationClassLoaderWorker.call(SystemApplicationClassLoaderWorker.java:65)
	at app//worker.org.gradle.process.internal.worker.GradleWorkerMain.run(GradleWorkerMain.java:69)
	at app//worker.org.gradle.process.internal.worker.GradleWorkerMain.main(GradleWorkerMain.java:74)
</failure>
  </testcase>
  <testcase name="validatePasswordWithIncorrectData[9](www.gmail.com)" classname="allcom_testng.tests.passwordReset.CreateNewPasswordPageTests" time="0.074">
    <failure message="org.openqa.selenium.StaleElementReferenceException: stale element reference: stale element not found&#10;  (Session info: chrome-headless-shell=122.0.6261.70)&#10;For documentation on this error, please visit: https://www.selenium.dev/documentation/webdriver/troubleshooting/errors#stale-element-reference-exception&#10;Build info: version: '4.18.1', revision: 'b1d3319b48'&#10;System info: os.name: 'Windows 11', os.arch: 'amd64', os.version: '10.0', java.version: '11.0.20'&#10;Driver info: org.openqa.selenium.chrome.ChromeDriver&#10;Command: [9df5fa7d277ff147dedd064b19ea2862, clickElement {id=f.833F0DC56686BB3144ECC6010251FADE.d.4C8C5EE2E1B1B1B1B026256E99C33718.e.9930}]&#10;Capabilities {acceptInsecureCerts: false, browserName: chrome-headless-shell, browserVersion: 122.0.6261.70, chrome: {chromedriverVersion: 122.0.6261.69 (81bc525b6a36..., userDataDir: C:\Users\PORTIS~1\AppData\L...}, fedcm:accounts: true, goog:chromeOptions: {debuggerAddress: localhost:63482}, networkConnectionEnabled: false, pageLoadStrategy: normal, platformName: windows, proxy: Proxy(), se:cdp: ws://localhost:63482/devtoo..., se:cdpVersion: 122.0.6261.70, setWindowRect: true, strictFileInteractability: false, timeouts: {implicit: 0, pageLoad: 300000, script: 30000}, unhandledPromptBehavior: dismiss and notify, webauthn:extension:credBlob: true, webauthn:extension:largeBlob: true, webauthn:extension:minPinLength: true, webauthn:extension:prf: true, webauthn:virtualAuthenticators: true}&#10;Element: [[ChromeDriver: chrome-headless-shell on windows (9df5fa7d277ff147dedd064b19ea2862)] -&gt; name: password]&#10;Session ID: 9df5fa7d277ff147dedd064b19ea2862" type="org.openqa.selenium.StaleElementReferenceException">org.openqa.selenium.StaleElementReferenceException: stale element reference: stale element not found
  (Session info: chrome-headless-shell=122.0.6261.70)
For documentation on this error, please visit: https://www.selenium.dev/documentation/webdriver/troubleshooting/errors#stale-element-reference-exception
Build info: version: '4.18.1', revision: 'b1d3319b48'
System info: os.name: 'Windows 11', os.arch: 'amd64', os.version: '10.0', java.version: '11.0.20'
Driver info: org.openqa.selenium.chrome.ChromeDriver
Command: [9df5fa7d277ff147dedd064b19ea2862, clickElement {id=f.833F0DC56686BB3144ECC6010251FADE.d.4C8C5EE2E1B1B1B1B026256E99C33718.e.9930}]
Capabilities {acceptInsecureCerts: false, browserName: chrome-headless-shell, browserVersion: 122.0.6261.70, chrome: {chromedriverVersion: 122.0.6261.69 (81bc525b6a36..., userDataDir: C:\Users\PORTIS~1\AppData\L...}, fedcm:accounts: true, goog:chromeOptions: {debuggerAddress: localhost:63482}, networkConnectionEnabled: false, pageLoadStrategy: normal, platformName: windows, proxy: Proxy(), se:cdp: ws://localhost:63482/devtoo..., se:cdpVersion: 122.0.6261.70, setWindowRect: true, strictFileInteractability: false, timeouts: {implicit: 0, pageLoad: 300000, script: 30000}, unhandledPromptBehavior: dismiss and notify, webauthn:extension:credBlob: true, webauthn:extension:largeBlob: true, webauthn:extension:minPinLength: true, webauthn:extension:prf: true, webauthn:virtualAuthenticators: true}
Element: [[ChromeDriver: chrome-headless-shell on windows (9df5fa7d277ff147dedd064b19ea2862)] -&gt; name: password]
Session ID: 9df5fa7d277ff147dedd064b19ea2862
	at jdk.internal.reflect.GeneratedConstructorAccessor13.newInstance(Unknown Source)
	at java.base@11.0.20/jdk.internal.reflect.DelegatingConstructorAccessorImpl.newInstance(DelegatingConstructorAccessorImpl.java:45)
	at java.base@11.0.20/java.lang.reflect.Constructor.newInstance(Constructor.java:490)
	at app//org.openqa.selenium.remote.ErrorCodec.decode(ErrorCodec.java:167)
	at app//org.openqa.selenium.remote.codec.w3c.W3CHttpResponseCodec.decode(W3CHttpResponseCodec.java:138)
	at app//org.openqa.selenium.remote.codec.w3c.W3CHttpResponseCodec.decode(W3CHttpResponseCodec.java:50)
	at app//org.openqa.selenium.remote.HttpCommandExecutor.execute(HttpCommandExecutor.java:190)
	at app//org.openqa.selenium.remote.service.DriverCommandExecutor.invokeExecute(DriverCommandExecutor.java:216)
	at app//org.openqa.selenium.remote.service.DriverCommandExecutor.execute(DriverCommandExecutor.java:174)
	at app//org.openqa.selenium.remote.RemoteWebDriver.execute(RemoteWebDriver.java:519)
	at app//org.openqa.selenium.remote.RemoteWebElement.execute(RemoteWebElement.java:223)
	at app//org.openqa.selenium.remote.RemoteWebElement.click(RemoteWebElement.java:76)
	at jdk.internal.reflect.GeneratedMethodAccessor13.invoke(Unknown Source)
	at java.base@11.0.20/jdk.internal.reflect.DelegatingMethodAccessorImpl.invoke(DelegatingMethodAccessorImpl.java:43)
	at java.base@11.0.20/java.lang.reflect.Method.invoke(Method.java:566)
	at app//org.openqa.selenium.support.pagefactory.internal.LocatingElementHandler.invoke(LocatingElementHandler.java:51)
	at app//com.sun.proxy.$Proxy17.click(Unknown Source)
	at app//allcom_testng.pages.BasePage.click(BasePage.java:62)
	at app//allcom_testng.pages.BasePage.type(BasePage.java:100)
	at app//allcom_testng.pages.BasePage.validateField(BasePage.java:231)
	at app//allcom_testng.tests.passwordReset.CreateNewPasswordPageTests.validatePasswordWithIncorrectData(CreateNewPasswordPageTests.java:32)
	at java.base@11.0.20/jdk.internal.reflect.NativeMethodAccessorImpl.invoke0(Native Method)
	at java.base@11.0.20/jdk.internal.reflect.NativeMethodAccessorImpl.invoke(NativeMethodAccessorImpl.java:62)
	at java.base@11.0.20/jdk.internal.reflect.DelegatingMethodAccessorImpl.invoke(DelegatingMethodAccessorImpl.java:43)
	at java.base@11.0.20/java.lang.reflect.Method.invoke(Method.java:566)
	at app//org.testng.internal.invokers.MethodInvocationHelper.invokeMethod(MethodInvocationHelper.java:139)
	at app//org.testng.internal.invokers.TestInvoker.invokeMethod(TestInvoker.java:664)
	at app//org.testng.internal.invokers.TestInvoker.invokeTestMethod(TestInvoker.java:228)
	at app//org.testng.internal.invokers.MethodRunner.runInSequence(MethodRunner.java:63)
	at app//org.testng.internal.invokers.TestInvoker$MethodInvocationAgent.invoke(TestInvoker.java:961)
	at app//org.testng.internal.invokers.TestInvoker.invokeTestMethods(TestInvoker.java:201)
	at app//org.testng.internal.invokers.TestMethodWorker.invokeTestMethods(TestMethodWorker.java:148)
	at app//org.testng.internal.invokers.TestMethodWorker.run(TestMethodWorker.java:128)
	at java.base@11.0.20/java.util.ArrayList.forEach(ArrayList.java:1541)
	at app//org.testng.TestRunner.privateRun(TestRunner.java:819)
	at app//org.testng.TestRunner.run(TestRunner.java:619)
	at app//org.testng.SuiteRunner.runTest(SuiteRunner.java:443)
	at app//org.testng.SuiteRunner.runSequentially(SuiteRunner.java:437)
	at app//org.testng.SuiteRunner.privateRun(SuiteRunner.java:397)
	at app//org.testng.SuiteRunner.run(SuiteRunner.java:336)
	at app//org.testng.SuiteRunnerWorker.runSuite(SuiteRunnerWorker.java:52)
	at app//org.testng.SuiteRunnerWorker.run(SuiteRunnerWorker.java:95)
	at app//org.testng.TestNG.runSuitesSequentially(TestNG.java:1301)
	at app//org.testng.TestNG.runSuitesLocally(TestNG.java:1228)
	at app//org.testng.TestNG.runSuites(TestNG.java:1134)
	at app//org.testng.TestNG.run(TestNG.java:1101)
	at org.gradle.api.internal.tasks.testing.testng.TestNGTestClassProcessor.runTests(TestNGTestClassProcessor.java:148)
	at org.gradle.api.internal.tasks.testing.testng.TestNGTestClassProcessor.stop(TestNGTestClassProcessor.java:95)
	at org.gradle.api.internal.tasks.testing.SuiteTestClassProcessor.stop(SuiteTestClassProcessor.java:62)
	at java.base@11.0.20/jdk.internal.reflect.NativeMethodAccessorImpl.invoke0(Native Method)
	at java.base@11.0.20/jdk.internal.reflect.NativeMethodAccessorImpl.invoke(NativeMethodAccessorImpl.java:62)
	at java.base@11.0.20/jdk.internal.reflect.DelegatingMethodAccessorImpl.invoke(DelegatingMethodAccessorImpl.java:43)
	at java.base@11.0.20/java.lang.reflect.Method.invoke(Method.java:566)
	at org.gradle.internal.dispatch.ReflectionDispatch.dispatch(ReflectionDispatch.java:36)
	at org.gradle.internal.dispatch.ReflectionDispatch.dispatch(ReflectionDispatch.java:24)
	at org.gradle.internal.dispatch.ContextClassLoaderDispatch.dispatch(ContextClassLoaderDispatch.java:33)
	at org.gradle.internal.dispatch.ProxyDispatchAdapter$DispatchingInvocationHandler.invoke(ProxyDispatchAdapter.java:94)
	at com.sun.proxy.$Proxy2.stop(Unknown Source)
	at org.gradle.api.internal.tasks.testing.worker.TestWorker$3.run(TestWorker.java:193)
	at org.gradle.api.internal.tasks.testing.worker.TestWorker.executeAndMaintainThreadName(TestWorker.java:129)
	at org.gradle.api.internal.tasks.testing.worker.TestWorker.execute(TestWorker.java:100)
	at org.gradle.api.internal.tasks.testing.worker.TestWorker.execute(TestWorker.java:60)
	at org.gradle.process.internal.worker.child.ActionExecutionWorker.execute(ActionExecutionWorker.java:56)
	at org.gradle.process.internal.worker.child.SystemApplicationClassLoaderWorker.call(SystemApplicationClassLoaderWorker.java:113)
	at org.gradle.process.internal.worker.child.SystemApplicationClassLoaderWorker.call(SystemApplicationClassLoaderWorker.java:65)
	at app//worker.org.gradle.process.internal.worker.GradleWorkerMain.run(GradleWorkerMain.java:69)
	at app//worker.org.gradle.process.internal.worker.GradleWorkerMain.main(GradleWorkerMain.java:74)
</failure>
  </testcase>
  <testcase name="validatePasswordWithIncorrectData[10]()" classname="allcom_testng.tests.passwordReset.CreateNewPasswordPageTests" time="0.143"/>
  <testcase name="validatePasswordWithIncorrectData[11](В )" classname="allcom_testng.tests.passwordReset.CreateNewPasswordPageTests" time="0.153"/>
  <testcase name="validatePasswordWithIncorrectData[12]()" classname="allcom_testng.tests.passwordReset.CreateNewPasswordPageTests" time="0.145"/>
  <testcase name="validatePasswordWithIncorrectData[13](0)" classname="allcom_testng.tests.passwordReset.CreateNewPasswordPageTests" time="0.068">
    <failure message="org.openqa.selenium.StaleElementReferenceException: stale element reference: stale element not found&#10;  (Session info: chrome-headless-shell=122.0.6261.70)&#10;For documentation on this error, please visit: https://www.selenium.dev/documentation/webdriver/troubleshooting/errors#stale-element-reference-exception&#10;Build info: version: '4.18.1', revision: 'b1d3319b48'&#10;System info: os.name: 'Windows 11', os.arch: 'amd64', os.version: '10.0', java.version: '11.0.20'&#10;Driver info: org.openqa.selenium.chrome.ChromeDriver&#10;Command: [9df5fa7d277ff147dedd064b19ea2862, clickElement {id=f.833F0DC56686BB3144ECC6010251FADE.d.AE3EEF83584888FD6484D6ECB670345B.e.10230}]&#10;Capabilities {acceptInsecureCerts: false, browserName: chrome-headless-shell, browserVersion: 122.0.6261.70, chrome: {chromedriverVersion: 122.0.6261.69 (81bc525b6a36..., userDataDir: C:\Users\PORTIS~1\AppData\L...}, fedcm:accounts: true, goog:chromeOptions: {debuggerAddress: localhost:63482}, networkConnectionEnabled: false, pageLoadStrategy: normal, platformName: windows, proxy: Proxy(), se:cdp: ws://localhost:63482/devtoo..., se:cdpVersion: 122.0.6261.70, setWindowRect: true, strictFileInteractability: false, timeouts: {implicit: 0, pageLoad: 300000, script: 30000}, unhandledPromptBehavior: dismiss and notify, webauthn:extension:credBlob: true, webauthn:extension:largeBlob: true, webauthn:extension:minPinLength: true, webauthn:extension:prf: true, webauthn:virtualAuthenticators: true}&#10;Element: [[ChromeDriver: chrome-headless-shell on windows (9df5fa7d277ff147dedd064b19ea2862)] -&gt; name: password]&#10;Session ID: 9df5fa7d277ff147dedd064b19ea2862" type="org.openqa.selenium.StaleElementReferenceException">org.openqa.selenium.StaleElementReferenceException: stale element reference: stale element not found
  (Session info: chrome-headless-shell=122.0.6261.70)
For documentation on this error, please visit: https://www.selenium.dev/documentation/webdriver/troubleshooting/errors#stale-element-reference-exception
Build info: version: '4.18.1', revision: 'b1d3319b48'
System info: os.name: 'Windows 11', os.arch: 'amd64', os.version: '10.0', java.version: '11.0.20'
Driver info: org.openqa.selenium.chrome.ChromeDriver
Command: [9df5fa7d277ff147dedd064b19ea2862, clickElement {id=f.833F0DC56686BB3144ECC6010251FADE.d.AE3EEF83584888FD6484D6ECB670345B.e.10230}]
Capabilities {acceptInsecureCerts: false, browserName: chrome-headless-shell, browserVersion: 122.0.6261.70, chrome: {chromedriverVersion: 122.0.6261.69 (81bc525b6a36..., userDataDir: C:\Users\PORTIS~1\AppData\L...}, fedcm:accounts: true, goog:chromeOptions: {debuggerAddress: localhost:63482}, networkConnectionEnabled: false, pageLoadStrategy: normal, platformName: windows, proxy: Proxy(), se:cdp: ws://localhost:63482/devtoo..., se:cdpVersion: 122.0.6261.70, setWindowRect: true, strictFileInteractability: false, timeouts: {implicit: 0, pageLoad: 300000, script: 30000}, unhandledPromptBehavior: dismiss and notify, webauthn:extension:credBlob: true, webauthn:extension:largeBlob: true, webauthn:extension:minPinLength: true, webauthn:extension:prf: true, webauthn:virtualAuthenticators: true}
Element: [[ChromeDriver: chrome-headless-shell on windows (9df5fa7d277ff147dedd064b19ea2862)] -&gt; name: password]
Session ID: 9df5fa7d277ff147dedd064b19ea2862
	at jdk.internal.reflect.GeneratedConstructorAccessor13.newInstance(Unknown Source)
	at java.base@11.0.20/jdk.internal.reflect.DelegatingConstructorAccessorImpl.newInstance(DelegatingConstructorAccessorImpl.java:45)
	at java.base@11.0.20/java.lang.reflect.Constructor.newInstance(Constructor.java:490)
	at app//org.openqa.selenium.remote.ErrorCodec.decode(ErrorCodec.java:167)
	at app//org.openqa.selenium.remote.codec.w3c.W3CHttpResponseCodec.decode(W3CHttpResponseCodec.java:138)
	at app//org.openqa.selenium.remote.codec.w3c.W3CHttpResponseCodec.decode(W3CHttpResponseCodec.java:50)
	at app//org.openqa.selenium.remote.HttpCommandExecutor.execute(HttpCommandExecutor.java:190)
	at app//org.openqa.selenium.remote.service.DriverCommandExecutor.invokeExecute(DriverCommandExecutor.java:216)
	at app//org.openqa.selenium.remote.service.DriverCommandExecutor.execute(DriverCommandExecutor.java:174)
	at app//org.openqa.selenium.remote.RemoteWebDriver.execute(RemoteWebDriver.java:519)
	at app//org.openqa.selenium.remote.RemoteWebElement.execute(RemoteWebElement.java:223)
	at app//org.openqa.selenium.remote.RemoteWebElement.click(RemoteWebElement.java:76)
	at jdk.internal.reflect.GeneratedMethodAccessor13.invoke(Unknown Source)
	at java.base@11.0.20/jdk.internal.reflect.DelegatingMethodAccessorImpl.invoke(DelegatingMethodAccessorImpl.java:43)
	at java.base@11.0.20/java.lang.reflect.Method.invoke(Method.java:566)
	at app//org.openqa.selenium.support.pagefactory.internal.LocatingElementHandler.invoke(LocatingElementHandler.java:51)
	at app//com.sun.proxy.$Proxy17.click(Unknown Source)
	at app//allcom_testng.pages.BasePage.click(BasePage.java:62)
	at app//allcom_testng.pages.BasePage.type(BasePage.java:100)
	at app//allcom_testng.pages.BasePage.validateField(BasePage.java:231)
	at app//allcom_testng.tests.passwordReset.CreateNewPasswordPageTests.validatePasswordWithIncorrectData(CreateNewPasswordPageTests.java:32)
	at java.base@11.0.20/jdk.internal.reflect.NativeMethodAccessorImpl.invoke0(Native Method)
	at java.base@11.0.20/jdk.internal.reflect.NativeMethodAccessorImpl.invoke(NativeMethodAccessorImpl.java:62)
	at java.base@11.0.20/jdk.internal.reflect.DelegatingMethodAccessorImpl.invoke(DelegatingMethodAccessorImpl.java:43)
	at java.base@11.0.20/java.lang.reflect.Method.invoke(Method.java:566)
	at app//org.testng.internal.invokers.MethodInvocationHelper.invokeMethod(MethodInvocationHelper.java:139)
	at app//org.testng.internal.invokers.TestInvoker.invokeMethod(TestInvoker.java:664)
	at app//org.testng.internal.invokers.TestInvoker.invokeTestMethod(TestInvoker.java:228)
	at app//org.testng.internal.invokers.MethodRunner.runInSequence(MethodRunner.java:63)
	at app//org.testng.internal.invokers.TestInvoker$MethodInvocationAgent.invoke(TestInvoker.java:961)
	at app//org.testng.internal.invokers.TestInvoker.invokeTestMethods(TestInvoker.java:201)
	at app//org.testng.internal.invokers.TestMethodWorker.invokeTestMethods(TestMethodWorker.java:148)
	at app//org.testng.internal.invokers.TestMethodWorker.run(TestMethodWorker.java:128)
	at java.base@11.0.20/java.util.ArrayList.forEach(ArrayList.java:1541)
	at app//org.testng.TestRunner.privateRun(TestRunner.java:819)
	at app//org.testng.TestRunner.run(TestRunner.java:619)
	at app//org.testng.SuiteRunner.runTest(SuiteRunner.java:443)
	at app//org.testng.SuiteRunner.runSequentially(SuiteRunner.java:437)
	at app//org.testng.SuiteRunner.privateRun(SuiteRunner.java:397)
	at app//org.testng.SuiteRunner.run(SuiteRunner.java:336)
	at app//org.testng.SuiteRunnerWorker.runSuite(SuiteRunnerWorker.java:52)
	at app//org.testng.SuiteRunnerWorker.run(SuiteRunnerWorker.java:95)
	at app//org.testng.TestNG.runSuitesSequentially(TestNG.java:1301)
	at app//org.testng.TestNG.runSuitesLocally(TestNG.java:1228)
	at app//org.testng.TestNG.runSuites(TestNG.java:1134)
	at app//org.testng.TestNG.run(TestNG.java:1101)
	at org.gradle.api.internal.tasks.testing.testng.TestNGTestClassProcessor.runTests(TestNGTestClassProcessor.java:148)
	at org.gradle.api.internal.tasks.testing.testng.TestNGTestClassProcessor.stop(TestNGTestClassProcessor.java:95)
	at org.gradle.api.internal.tasks.testing.SuiteTestClassProcessor.stop(SuiteTestClassProcessor.java:62)
	at java.base@11.0.20/jdk.internal.reflect.NativeMethodAccessorImpl.invoke0(Native Method)
	at java.base@11.0.20/jdk.internal.reflect.NativeMethodAccessorImpl.invoke(NativeMethodAccessorImpl.java:62)
	at java.base@11.0.20/jdk.internal.reflect.DelegatingMethodAccessorImpl.invoke(DelegatingMethodAccessorImpl.java:43)
	at java.base@11.0.20/java.lang.reflect.Method.invoke(Method.java:566)
	at org.gradle.internal.dispatch.ReflectionDispatch.dispatch(ReflectionDispatch.java:36)
	at org.gradle.internal.dispatch.ReflectionDispatch.dispatch(ReflectionDispatch.java:24)
	at org.gradle.internal.dispatch.ContextClassLoaderDispatch.dispatch(ContextClassLoaderDispatch.java:33)
	at org.gradle.internal.dispatch.ProxyDispatchAdapter$DispatchingInvocationHandler.invoke(ProxyDispatchAdapter.java:94)
	at com.sun.proxy.$Proxy2.stop(Unknown Source)
	at org.gradle.api.internal.tasks.testing.worker.TestWorker$3.run(TestWorker.java:193)
	at org.gradle.api.internal.tasks.testing.worker.TestWorker.executeAndMaintainThreadName(TestWorker.java:129)
	at org.gradle.api.internal.tasks.testing.worker.TestWorker.execute(TestWorker.java:100)
	at org.gradle.api.internal.tasks.testing.worker.TestWorker.execute(TestWorker.java:60)
	at org.gradle.process.internal.worker.child.ActionExecutionWorker.execute(ActionExecutionWorker.java:56)
	at org.gradle.process.internal.worker.child.SystemApplicationClassLoaderWorker.call(SystemApplicationClassLoaderWorker.java:113)
	at org.gradle.process.internal.worker.child.SystemApplicationClassLoaderWorker.call(SystemApplicationClassLoaderWorker.java:65)
	at app//worker.org.gradle.process.internal.worker.GradleWorkerMain.run(GradleWorkerMain.java:69)
	at app//worker.org.gradle.process.internal.worker.GradleWorkerMain.main(GradleWorkerMain.java:74)
</failure>
  </testcase>
  <testcase name="validatePasswordWithIncorrectData[14](&lt;input&gt;)" classname="allcom_testng.tests.passwordReset.CreateNewPasswordPageTests" time="0.072">
    <failure message="org.openqa.selenium.StaleElementReferenceException: stale element reference: stale element not found&#10;  (Session info: chrome-headless-shell=122.0.6261.70)&#10;For documentation on this error, please visit: https://www.selenium.dev/documentation/webdriver/troubleshooting/errors#stale-element-reference-exception&#10;Build info: version: '4.18.1', revision: 'b1d3319b48'&#10;System info: os.name: 'Windows 11', os.arch: 'amd64', os.version: '10.0', java.version: '11.0.20'&#10;Driver info: org.openqa.selenium.chrome.ChromeDriver&#10;Command: [9df5fa7d277ff147dedd064b19ea2862, clickElement {id=f.833F0DC56686BB3144ECC6010251FADE.d.C04FEDE0DDFDFCC0A8D2DBBF41D186E6.e.10287}]&#10;Capabilities {acceptInsecureCerts: false, browserName: chrome-headless-shell, browserVersion: 122.0.6261.70, chrome: {chromedriverVersion: 122.0.6261.69 (81bc525b6a36..., userDataDir: C:\Users\PORTIS~1\AppData\L...}, fedcm:accounts: true, goog:chromeOptions: {debuggerAddress: localhost:63482}, networkConnectionEnabled: false, pageLoadStrategy: normal, platformName: windows, proxy: Proxy(), se:cdp: ws://localhost:63482/devtoo..., se:cdpVersion: 122.0.6261.70, setWindowRect: true, strictFileInteractability: false, timeouts: {implicit: 0, pageLoad: 300000, script: 30000}, unhandledPromptBehavior: dismiss and notify, webauthn:extension:credBlob: true, webauthn:extension:largeBlob: true, webauthn:extension:minPinLength: true, webauthn:extension:prf: true, webauthn:virtualAuthenticators: true}&#10;Element: [[ChromeDriver: chrome-headless-shell on windows (9df5fa7d277ff147dedd064b19ea2862)] -&gt; name: password]&#10;Session ID: 9df5fa7d277ff147dedd064b19ea2862" type="org.openqa.selenium.StaleElementReferenceException">org.openqa.selenium.StaleElementReferenceException: stale element reference: stale element not found
  (Session info: chrome-headless-shell=122.0.6261.70)
For documentation on this error, please visit: https://www.selenium.dev/documentation/webdriver/troubleshooting/errors#stale-element-reference-exception
Build info: version: '4.18.1', revision: 'b1d3319b48'
System info: os.name: 'Windows 11', os.arch: 'amd64', os.version: '10.0', java.version: '11.0.20'
Driver info: org.openqa.selenium.chrome.ChromeDriver
Command: [9df5fa7d277ff147dedd064b19ea2862, clickElement {id=f.833F0DC56686BB3144ECC6010251FADE.d.C04FEDE0DDFDFCC0A8D2DBBF41D186E6.e.10287}]
Capabilities {acceptInsecureCerts: false, browserName: chrome-headless-shell, browserVersion: 122.0.6261.70, chrome: {chromedriverVersion: 122.0.6261.69 (81bc525b6a36..., userDataDir: C:\Users\PORTIS~1\AppData\L...}, fedcm:accounts: true, goog:chromeOptions: {debuggerAddress: localhost:63482}, networkConnectionEnabled: false, pageLoadStrategy: normal, platformName: windows, proxy: Proxy(), se:cdp: ws://localhost:63482/devtoo..., se:cdpVersion: 122.0.6261.70, setWindowRect: true, strictFileInteractability: false, timeouts: {implicit: 0, pageLoad: 300000, script: 30000}, unhandledPromptBehavior: dismiss and notify, webauthn:extension:credBlob: true, webauthn:extension:largeBlob: true, webauthn:extension:minPinLength: true, webauthn:extension:prf: true, webauthn:virtualAuthenticators: true}
Element: [[ChromeDriver: chrome-headless-shell on windows (9df5fa7d277ff147dedd064b19ea2862)] -&gt; name: password]
Session ID: 9df5fa7d277ff147dedd064b19ea2862
	at jdk.internal.reflect.GeneratedConstructorAccessor13.newInstance(Unknown Source)
	at java.base@11.0.20/jdk.internal.reflect.DelegatingConstructorAccessorImpl.newInstance(DelegatingConstructorAccessorImpl.java:45)
	at java.base@11.0.20/java.lang.reflect.Constructor.newInstance(Constructor.java:490)
	at app//org.openqa.selenium.remote.ErrorCodec.decode(ErrorCodec.java:167)
	at app//org.openqa.selenium.remote.codec.w3c.W3CHttpResponseCodec.decode(W3CHttpResponseCodec.java:138)
	at app//org.openqa.selenium.remote.codec.w3c.W3CHttpResponseCodec.decode(W3CHttpResponseCodec.java:50)
	at app//org.openqa.selenium.remote.HttpCommandExecutor.execute(HttpCommandExecutor.java:190)
	at app//org.openqa.selenium.remote.service.DriverCommandExecutor.invokeExecute(DriverCommandExecutor.java:216)
	at app//org.openqa.selenium.remote.service.DriverCommandExecutor.execute(DriverCommandExecutor.java:174)
	at app//org.openqa.selenium.remote.RemoteWebDriver.execute(RemoteWebDriver.java:519)
	at app//org.openqa.selenium.remote.RemoteWebElement.execute(RemoteWebElement.java:223)
	at app//org.openqa.selenium.remote.RemoteWebElement.click(RemoteWebElement.java:76)
	at jdk.internal.reflect.GeneratedMethodAccessor13.invoke(Unknown Source)
	at java.base@11.0.20/jdk.internal.reflect.DelegatingMethodAccessorImpl.invoke(DelegatingMethodAccessorImpl.java:43)
	at java.base@11.0.20/java.lang.reflect.Method.invoke(Method.java:566)
	at app//org.openqa.selenium.support.pagefactory.internal.LocatingElementHandler.invoke(LocatingElementHandler.java:51)
	at app//com.sun.proxy.$Proxy17.click(Unknown Source)
	at app//allcom_testng.pages.BasePage.click(BasePage.java:62)
	at app//allcom_testng.pages.BasePage.type(BasePage.java:100)
	at app//allcom_testng.pages.BasePage.validateField(BasePage.java:231)
	at app//allcom_testng.tests.passwordReset.CreateNewPasswordPageTests.validatePasswordWithIncorrectData(CreateNewPasswordPageTests.java:32)
	at java.base@11.0.20/jdk.internal.reflect.NativeMethodAccessorImpl.invoke0(Native Method)
	at java.base@11.0.20/jdk.internal.reflect.NativeMethodAccessorImpl.invoke(NativeMethodAccessorImpl.java:62)
	at java.base@11.0.20/jdk.internal.reflect.DelegatingMethodAccessorImpl.invoke(DelegatingMethodAccessorImpl.java:43)
	at java.base@11.0.20/java.lang.reflect.Method.invoke(Method.java:566)
	at app//org.testng.internal.invokers.MethodInvocationHelper.invokeMethod(MethodInvocationHelper.java:139)
	at app//org.testng.internal.invokers.TestInvoker.invokeMethod(TestInvoker.java:664)
	at app//org.testng.internal.invokers.TestInvoker.invokeTestMethod(TestInvoker.java:228)
	at app//org.testng.internal.invokers.MethodRunner.runInSequence(MethodRunner.java:63)
	at app//org.testng.internal.invokers.TestInvoker$MethodInvocationAgent.invoke(TestInvoker.java:961)
	at app//org.testng.internal.invokers.TestInvoker.invokeTestMethods(TestInvoker.java:201)
	at app//org.testng.internal.invokers.TestMethodWorker.invokeTestMethods(TestMethodWorker.java:148)
	at app//org.testng.internal.invokers.TestMethodWorker.run(TestMethodWorker.java:128)
	at java.base@11.0.20/java.util.ArrayList.forEach(ArrayList.java:1541)
	at app//org.testng.TestRunner.privateRun(TestRunner.java:819)
	at app//org.testng.TestRunner.run(TestRunner.java:619)
	at app//org.testng.SuiteRunner.runTest(SuiteRunner.java:443)
	at app//org.testng.SuiteRunner.runSequentially(SuiteRunner.java:437)
	at app//org.testng.SuiteRunner.privateRun(SuiteRunner.java:397)
	at app//org.testng.SuiteRunner.run(SuiteRunner.java:336)
	at app//org.testng.SuiteRunnerWorker.runSuite(SuiteRunnerWorker.java:52)
	at app//org.testng.SuiteRunnerWorker.run(SuiteRunnerWorker.java:95)
	at app//org.testng.TestNG.runSuitesSequentially(TestNG.java:1301)
	at app//org.testng.TestNG.runSuitesLocally(TestNG.java:1228)
	at app//org.testng.TestNG.runSuites(TestNG.java:1134)
	at app//org.testng.TestNG.run(TestNG.java:1101)
	at org.gradle.api.internal.tasks.testing.testng.TestNGTestClassProcessor.runTests(TestNGTestClassProcessor.java:148)
	at org.gradle.api.internal.tasks.testing.testng.TestNGTestClassProcessor.stop(TestNGTestClassProcessor.java:95)
	at org.gradle.api.internal.tasks.testing.SuiteTestClassProcessor.stop(SuiteTestClassProcessor.java:62)
	at java.base@11.0.20/jdk.internal.reflect.NativeMethodAccessorImpl.invoke0(Native Method)
	at java.base@11.0.20/jdk.internal.reflect.NativeMethodAccessorImpl.invoke(NativeMethodAccessorImpl.java:62)
	at java.base@11.0.20/jdk.internal.reflect.DelegatingMethodAccessorImpl.invoke(DelegatingMethodAccessorImpl.java:43)
	at java.base@11.0.20/java.lang.reflect.Method.invoke(Method.java:566)
	at org.gradle.internal.dispatch.ReflectionDispatch.dispatch(ReflectionDispatch.java:36)
	at org.gradle.internal.dispatch.ReflectionDispatch.dispatch(ReflectionDispatch.java:24)
	at org.gradle.internal.dispatch.ContextClassLoaderDispatch.dispatch(ContextClassLoaderDispatch.java:33)
	at org.gradle.internal.dispatch.ProxyDispatchAdapter$DispatchingInvocationHandler.invoke(ProxyDispatchAdapter.java:94)
	at com.sun.proxy.$Proxy2.stop(Unknown Source)
	at org.gradle.api.internal.tasks.testing.worker.TestWorker$3.run(TestWorker.java:193)
	at org.gradle.api.internal.tasks.testing.worker.TestWorker.executeAndMaintainThreadName(TestWorker.java:129)
	at org.gradle.api.internal.tasks.testing.worker.TestWorker.execute(TestWorker.java:100)
	at org.gradle.api.internal.tasks.testing.worker.TestWorker.execute(TestWorker.java:60)
	at org.gradle.process.internal.worker.child.ActionExecutionWorker.execute(ActionExecutionWorker.java:56)
	at org.gradle.process.internal.worker.child.SystemApplicationClassLoaderWorker.call(SystemApplicationClassLoaderWorker.java:113)
	at org.gradle.process.internal.worker.child.SystemApplicationClassLoaderWorker.call(SystemApplicationClassLoaderWorker.java:65)
	at app//worker.org.gradle.process.internal.worker.GradleWorkerMain.run(GradleWorkerMain.java:69)
	at app//worker.org.gradle.process.internal.worker.GradleWorkerMain.main(GradleWorkerMain.java:74)
</failure>
  </testcase>
  <testcase name="validatePasswordWithIncorrectData[15](&lt;script&gt;&lt;/script&gt;)" classname="allcom_testng.tests.passwordReset.CreateNewPasswordPageTests" time="0.069">
    <failure message="org.openqa.selenium.StaleElementReferenceException: stale element reference: stale element not found&#10;  (Session info: chrome-headless-shell=122.0.6261.70)&#10;For documentation on this error, please visit: https://www.selenium.dev/documentation/webdriver/troubleshooting/errors#stale-element-reference-exception&#10;Build info: version: '4.18.1', revision: 'b1d3319b48'&#10;System info: os.name: 'Windows 11', os.arch: 'amd64', os.version: '10.0', java.version: '11.0.20'&#10;Driver info: org.openqa.selenium.chrome.ChromeDriver&#10;Command: [9df5fa7d277ff147dedd064b19ea2862, clickElement {id=f.833F0DC56686BB3144ECC6010251FADE.d.B943D6F5F7E4DCA33C466EEB17D2D1DA.e.10340}]&#10;Capabilities {acceptInsecureCerts: false, browserName: chrome-headless-shell, browserVersion: 122.0.6261.70, chrome: {chromedriverVersion: 122.0.6261.69 (81bc525b6a36..., userDataDir: C:\Users\PORTIS~1\AppData\L...}, fedcm:accounts: true, goog:chromeOptions: {debuggerAddress: localhost:63482}, networkConnectionEnabled: false, pageLoadStrategy: normal, platformName: windows, proxy: Proxy(), se:cdp: ws://localhost:63482/devtoo..., se:cdpVersion: 122.0.6261.70, setWindowRect: true, strictFileInteractability: false, timeouts: {implicit: 0, pageLoad: 300000, script: 30000}, unhandledPromptBehavior: dismiss and notify, webauthn:extension:credBlob: true, webauthn:extension:largeBlob: true, webauthn:extension:minPinLength: true, webauthn:extension:prf: true, webauthn:virtualAuthenticators: true}&#10;Element: [[ChromeDriver: chrome-headless-shell on windows (9df5fa7d277ff147dedd064b19ea2862)] -&gt; name: password]&#10;Session ID: 9df5fa7d277ff147dedd064b19ea2862" type="org.openqa.selenium.StaleElementReferenceException">org.openqa.selenium.StaleElementReferenceException: stale element reference: stale element not found
  (Session info: chrome-headless-shell=122.0.6261.70)
For documentation on this error, please visit: https://www.selenium.dev/documentation/webdriver/troubleshooting/errors#stale-element-reference-exception
Build info: version: '4.18.1', revision: 'b1d3319b48'
System info: os.name: 'Windows 11', os.arch: 'amd64', os.version: '10.0', java.version: '11.0.20'
Driver info: org.openqa.selenium.chrome.ChromeDriver
Command: [9df5fa7d277ff147dedd064b19ea2862, clickElement {id=f.833F0DC56686BB3144ECC6010251FADE.d.B943D6F5F7E4DCA33C466EEB17D2D1DA.e.10340}]
Capabilities {acceptInsecureCerts: false, browserName: chrome-headless-shell, browserVersion: 122.0.6261.70, chrome: {chromedriverVersion: 122.0.6261.69 (81bc525b6a36..., userDataDir: C:\Users\PORTIS~1\AppData\L...}, fedcm:accounts: true, goog:chromeOptions: {debuggerAddress: localhost:63482}, networkConnectionEnabled: false, pageLoadStrategy: normal, platformName: windows, proxy: Proxy(), se:cdp: ws://localhost:63482/devtoo..., se:cdpVersion: 122.0.6261.70, setWindowRect: true, strictFileInteractability: false, timeouts: {implicit: 0, pageLoad: 300000, script: 30000}, unhandledPromptBehavior: dismiss and notify, webauthn:extension:credBlob: true, webauthn:extension:largeBlob: true, webauthn:extension:minPinLength: true, webauthn:extension:prf: true, webauthn:virtualAuthenticators: true}
Element: [[ChromeDriver: chrome-headless-shell on windows (9df5fa7d277ff147dedd064b19ea2862)] -&gt; name: password]
Session ID: 9df5fa7d277ff147dedd064b19ea2862
	at jdk.internal.reflect.GeneratedConstructorAccessor13.newInstance(Unknown Source)
	at java.base@11.0.20/jdk.internal.reflect.DelegatingConstructorAccessorImpl.newInstance(DelegatingConstructorAccessorImpl.java:45)
	at java.base@11.0.20/java.lang.reflect.Constructor.newInstance(Constructor.java:490)
	at app//org.openqa.selenium.remote.ErrorCodec.decode(ErrorCodec.java:167)
	at app//org.openqa.selenium.remote.codec.w3c.W3CHttpResponseCodec.decode(W3CHttpResponseCodec.java:138)
	at app//org.openqa.selenium.remote.codec.w3c.W3CHttpResponseCodec.decode(W3CHttpResponseCodec.java:50)
	at app//org.openqa.selenium.remote.HttpCommandExecutor.execute(HttpCommandExecutor.java:190)
	at app//org.openqa.selenium.remote.service.DriverCommandExecutor.invokeExecute(DriverCommandExecutor.java:216)
	at app//org.openqa.selenium.remote.service.DriverCommandExecutor.execute(DriverCommandExecutor.java:174)
	at app//org.openqa.selenium.remote.RemoteWebDriver.execute(RemoteWebDriver.java:519)
	at app//org.openqa.selenium.remote.RemoteWebElement.execute(RemoteWebElement.java:223)
	at app//org.openqa.selenium.remote.RemoteWebElement.click(RemoteWebElement.java:76)
	at jdk.internal.reflect.GeneratedMethodAccessor13.invoke(Unknown Source)
	at java.base@11.0.20/jdk.internal.reflect.DelegatingMethodAccessorImpl.invoke(DelegatingMethodAccessorImpl.java:43)
	at java.base@11.0.20/java.lang.reflect.Method.invoke(Method.java:566)
	at app//org.openqa.selenium.support.pagefactory.internal.LocatingElementHandler.invoke(LocatingElementHandler.java:51)
	at app//com.sun.proxy.$Proxy17.click(Unknown Source)
	at app//allcom_testng.pages.BasePage.click(BasePage.java:62)
	at app//allcom_testng.pages.BasePage.type(BasePage.java:100)
	at app//allcom_testng.pages.BasePage.validateField(BasePage.java:231)
	at app//allcom_testng.tests.passwordReset.CreateNewPasswordPageTests.validatePasswordWithIncorrectData(CreateNewPasswordPageTests.java:32)
	at java.base@11.0.20/jdk.internal.reflect.NativeMethodAccessorImpl.invoke0(Native Method)
	at java.base@11.0.20/jdk.internal.reflect.NativeMethodAccessorImpl.invoke(NativeMethodAccessorImpl.java:62)
	at java.base@11.0.20/jdk.internal.reflect.DelegatingMethodAccessorImpl.invoke(DelegatingMethodAccessorImpl.java:43)
	at java.base@11.0.20/java.lang.reflect.Method.invoke(Method.java:566)
	at app//org.testng.internal.invokers.MethodInvocationHelper.invokeMethod(MethodInvocationHelper.java:139)
	at app//org.testng.internal.invokers.TestInvoker.invokeMethod(TestInvoker.java:664)
	at app//org.testng.internal.invokers.TestInvoker.invokeTestMethod(TestInvoker.java:228)
	at app//org.testng.internal.invokers.MethodRunner.runInSequence(MethodRunner.java:63)
	at app//org.testng.internal.invokers.TestInvoker$MethodInvocationAgent.invoke(TestInvoker.java:961)
	at app//org.testng.internal.invokers.TestInvoker.invokeTestMethods(TestInvoker.java:201)
	at app//org.testng.internal.invokers.TestMethodWorker.invokeTestMethods(TestMethodWorker.java:148)
	at app//org.testng.internal.invokers.TestMethodWorker.run(TestMethodWorker.java:128)
	at java.base@11.0.20/java.util.ArrayList.forEach(ArrayList.java:1541)
	at app//org.testng.TestRunner.privateRun(TestRunner.java:819)
	at app//org.testng.TestRunner.run(TestRunner.java:619)
	at app//org.testng.SuiteRunner.runTest(SuiteRunner.java:443)
	at app//org.testng.SuiteRunner.runSequentially(SuiteRunner.java:437)
	at app//org.testng.SuiteRunner.privateRun(SuiteRunner.java:397)
	at app//org.testng.SuiteRunner.run(SuiteRunner.java:336)
	at app//org.testng.SuiteRunnerWorker.runSuite(SuiteRunnerWorker.java:52)
	at app//org.testng.SuiteRunnerWorker.run(SuiteRunnerWorker.java:95)
	at app//org.testng.TestNG.runSuitesSequentially(TestNG.java:1301)
	at app//org.testng.TestNG.runSuitesLocally(TestNG.java:1228)
	at app//org.testng.TestNG.runSuites(TestNG.java:1134)
	at app//org.testng.TestNG.run(TestNG.java:1101)
	at org.gradle.api.internal.tasks.testing.testng.TestNGTestClassProcessor.runTests(TestNGTestClassProcessor.java:148)
	at org.gradle.api.internal.tasks.testing.testng.TestNGTestClassProcessor.stop(TestNGTestClassProcessor.java:95)
	at org.gradle.api.internal.tasks.testing.SuiteTestClassProcessor.stop(SuiteTestClassProcessor.java:62)
	at java.base@11.0.20/jdk.internal.reflect.NativeMethodAccessorImpl.invoke0(Native Method)
	at java.base@11.0.20/jdk.internal.reflect.NativeMethodAccessorImpl.invoke(NativeMethodAccessorImpl.java:62)
	at java.base@11.0.20/jdk.internal.reflect.DelegatingMethodAccessorImpl.invoke(DelegatingMethodAccessorImpl.java:43)
	at java.base@11.0.20/java.lang.reflect.Method.invoke(Method.java:566)
	at org.gradle.internal.dispatch.ReflectionDispatch.dispatch(ReflectionDispatch.java:36)
	at org.gradle.internal.dispatch.ReflectionDispatch.dispatch(ReflectionDispatch.java:24)
	at org.gradle.internal.dispatch.ContextClassLoaderDispatch.dispatch(ContextClassLoaderDispatch.java:33)
	at org.gradle.internal.dispatch.ProxyDispatchAdapter$DispatchingInvocationHandler.invoke(ProxyDispatchAdapter.java:94)
	at com.sun.proxy.$Proxy2.stop(Unknown Source)
	at org.gradle.api.internal.tasks.testing.worker.TestWorker$3.run(TestWorker.java:193)
	at org.gradle.api.internal.tasks.testing.worker.TestWorker.executeAndMaintainThreadName(TestWorker.java:129)
	at org.gradle.api.internal.tasks.testing.worker.TestWorker.execute(TestWorker.java:100)
	at org.gradle.api.internal.tasks.testing.worker.TestWorker.execute(TestWorker.java:60)
	at org.gradle.process.internal.worker.child.ActionExecutionWorker.execute(ActionExecutionWorker.java:56)
	at org.gradle.process.internal.worker.child.SystemApplicationClassLoaderWorker.call(SystemApplicationClassLoaderWorker.java:113)
	at org.gradle.process.internal.worker.child.SystemApplicationClassLoaderWorker.call(SystemApplicationClassLoaderWorker.java:65)
	at app//worker.org.gradle.process.internal.worker.GradleWorkerMain.run(GradleWorkerMain.java:69)
	at app//worker.org.gradle.process.internal.worker.GradleWorkerMain.main(GradleWorkerMain.java:74)
</failure>
  </testcase>
  <testcase name="validatePasswordWithIncorrectData[16](11111E+12)" classname="allcom_testng.tests.passwordReset.CreateNewPasswordPageTests" time="0.173"/>
  <system-out><![CDATA[23:29:40.328 [Test worker] INFO  allcom_testng.tests.TestBase -- STARTED: [isCreateNewPasswordButtonPresent]
23:29:41.659 [Test worker] INFO  allcom_testng.tests.TestBase -- PASSED: [isCreateNewPasswordButtonPresent], with VALUES: []
23:29:41.661 [Test worker] INFO  allcom_testng.tests.TestBase -- STARTED: [isPasswordResetNotSuccessInvalidDataWithValidationCheck]
23:29:42.476 [Test worker] ERROR allcom_testng.tests.TestBase -- ERROR FAILED TEST: [isPasswordResetNotSuccessInvalidDataWithValidationCheck], with VALUES: []
23:29:42.476 [Test worker] ERROR allcom_testng.tests.TestBase -- ERROR TEST MESSAGE: stale element reference: stale element not found
  (Session info: chrome-headless-shell=122.0.6261.70)
For documentation on this error, please visit: https://www.selenium.dev/documentation/webdriver/troubleshooting/errors#stale-element-reference-exception
Build info: version: '4.18.1', revision: 'b1d3319b48'
System info: os.name: 'Windows 11', os.arch: 'amd64', os.version: '10.0', java.version: '11.0.20'
Driver info: org.openqa.selenium.chrome.ChromeDriver
Command: [9df5fa7d277ff147dedd064b19ea2862, clickElement {id=f.833F0DC56686BB3144ECC6010251FADE.d.A7CE724A4DFA9CBEB6FCE801177EC418.e.8322}]
Capabilities {acceptInsecureCerts: false, browserName: chrome-headless-shell, browserVersion: 122.0.6261.70, chrome: {chromedriverVersion: 122.0.6261.69 (81bc525b6a36..., userDataDir: C:\Users\PORTIS~1\AppData\L...}, fedcm:accounts: true, goog:chromeOptions: {debuggerAddress: localhost:63482}, networkConnectionEnabled: false, pageLoadStrategy: normal, platformName: windows, proxy: Proxy(), se:cdp: ws://localhost:63482/devtoo..., se:cdpVersion: 122.0.6261.70, setWindowRect: true, strictFileInteractability: false, timeouts: {implicit: 0, pageLoad: 300000, script: 30000}, unhandledPromptBehavior: dismiss and notify, webauthn:extension:credBlob: true, webauthn:extension:largeBlob: true, webauthn:extension:minPinLength: true, webauthn:extension:prf: true, webauthn:virtualAuthenticators: true}
Element: [[ChromeDriver: chrome-headless-shell on windows (9df5fa7d277ff147dedd064b19ea2862)] -> name: password]
Session ID: 9df5fa7d277ff147dedd064b19ea2862
23:29:42.476 [Test worker] ERROR allcom_testng.tests.TestBase -- ERROR TEST STACK TRACE: 
org.openqa.selenium.StaleElementReferenceException: stale element reference: stale element not found
  (Session info: chrome-headless-shell=122.0.6261.70)
For documentation on this error, please visit: https://www.selenium.dev/documentation/webdriver/troubleshooting/errors#stale-element-reference-exception
Build info: version: '4.18.1', revision: 'b1d3319b48'
System info: os.name: 'Windows 11', os.arch: 'amd64', os.version: '10.0', java.version: '11.0.20'
Driver info: org.openqa.selenium.chrome.ChromeDriver
Command: [9df5fa7d277ff147dedd064b19ea2862, clickElement {id=f.833F0DC56686BB3144ECC6010251FADE.d.A7CE724A4DFA9CBEB6FCE801177EC418.e.8322}]
Capabilities {acceptInsecureCerts: false, browserName: chrome-headless-shell, browserVersion: 122.0.6261.70, chrome: {chromedriverVersion: 122.0.6261.69 (81bc525b6a36..., userDataDir: C:\Users\PORTIS~1\AppData\L...}, fedcm:accounts: true, goog:chromeOptions: {debuggerAddress: localhost:63482}, networkConnectionEnabled: false, pageLoadStrategy: normal, platformName: windows, proxy: Proxy(), se:cdp: ws://localhost:63482/devtoo..., se:cdpVersion: 122.0.6261.70, setWindowRect: true, strictFileInteractability: false, timeouts: {implicit: 0, pageLoad: 300000, script: 30000}, unhandledPromptBehavior: dismiss and notify, webauthn:extension:credBlob: true, webauthn:extension:largeBlob: true, webauthn:extension:minPinLength: true, webauthn:extension:prf: true, webauthn:virtualAuthenticators: true}
Element: [[ChromeDriver: chrome-headless-shell on windows (9df5fa7d277ff147dedd064b19ea2862)] -> name: password]
Session ID: 9df5fa7d277ff147dedd064b19ea2862
	at jdk.internal.reflect.GeneratedConstructorAccessor13.newInstance(Unknown Source)
	at java.base/jdk.internal.reflect.DelegatingConstructorAccessorImpl.newInstance(DelegatingConstructorAccessorImpl.java:45)
	at java.base/java.lang.reflect.Constructor.newInstance(Constructor.java:490)
	at org.openqa.selenium.remote.ErrorCodec.decode(ErrorCodec.java:167)
	at org.openqa.selenium.remote.codec.w3c.W3CHttpResponseCodec.decode(W3CHttpResponseCodec.java:138)
	at org.openqa.selenium.remote.codec.w3c.W3CHttpResponseCodec.decode(W3CHttpResponseCodec.java:50)
	at org.openqa.selenium.remote.HttpCommandExecutor.execute(HttpCommandExecutor.java:190)
	at org.openqa.selenium.remote.service.DriverCommandExecutor.invokeExecute(DriverCommandExecutor.java:216)
	at org.openqa.selenium.remote.service.DriverCommandExecutor.execute(DriverCommandExecutor.java:174)
	at org.openqa.selenium.remote.RemoteWebDriver.execute(RemoteWebDriver.java:519)
	at org.openqa.selenium.remote.RemoteWebElement.execute(RemoteWebElement.java:223)
	at org.openqa.selenium.remote.RemoteWebElement.click(RemoteWebElement.java:76)
	at jdk.internal.reflect.GeneratedMethodAccessor13.invoke(Unknown Source)
	at java.base/jdk.internal.reflect.DelegatingMethodAccessorImpl.invoke(DelegatingMethodAccessorImpl.java:43)
	at java.base/java.lang.reflect.Method.invoke(Method.java:566)
	at org.openqa.selenium.support.pagefactory.internal.LocatingElementHandler.invoke(LocatingElementHandler.java:51)
	at com.sun.proxy.$Proxy17.click(Unknown Source)
	at allcom_testng.pages.BasePage.click(BasePage.java:62)
	at allcom_testng.pages.BasePage.type(BasePage.java:100)
	at allcom_testng.tests.passwordReset.CreateNewPasswordPageTests.isPasswordResetNotSuccessInvalidDataWithValidationCheck(CreateNewPasswordPageTests.java:77)
	at java.base/jdk.internal.reflect.NativeMethodAccessorImpl.invoke0(Native Method)
	at java.base/jdk.internal.reflect.NativeMethodAccessorImpl.invoke(NativeMethodAccessorImpl.java:62)
	at java.base/jdk.internal.reflect.DelegatingMethodAccessorImpl.invoke(DelegatingMethodAccessorImpl.java:43)
	at java.base/java.lang.reflect.Method.invoke(Method.java:566)
	at org.testng.internal.invokers.MethodInvocationHelper.invokeMethod(MethodInvocationHelper.java:139)
	at org.testng.internal.invokers.TestInvoker.invokeMethod(TestInvoker.java:664)
	at org.testng.internal.invokers.TestInvoker.invokeTestMethod(TestInvoker.java:228)
	at org.testng.internal.invokers.MethodRunner.runInSequence(MethodRunner.java:63)
	at org.testng.internal.invokers.TestInvoker$MethodInvocationAgent.invoke(TestInvoker.java:961)
	at org.testng.internal.invokers.TestInvoker.invokeTestMethods(TestInvoker.java:201)
	at org.testng.internal.invokers.TestMethodWorker.invokeTestMethods(TestMethodWorker.java:148)
	at org.testng.internal.invokers.TestMethodWorker.run(TestMethodWorker.java:128)
	at java.base/java.util.ArrayList.forEach(ArrayList.java:1541)
	at org.testng.TestRunner.privateRun(TestRunner.java:819)
	at org.testng.TestRunner.run(TestRunner.java:619)
	at org.testng.SuiteRunner.runTest(SuiteRunner.java:443)
	at org.testng.SuiteRunner.runSequentially(SuiteRunner.java:437)
	at org.testng.SuiteRunner.privateRun(SuiteRunner.java:397)
	at org.testng.SuiteRunner.run(SuiteRunner.java:336)
	at org.testng.SuiteRunnerWorker.runSuite(SuiteRunnerWorker.java:52)
	at org.testng.SuiteRunnerWorker.run(SuiteRunnerWorker.java:95)
	at org.testng.TestNG.runSuitesSequentially(TestNG.java:1301)
	at org.testng.TestNG.runSuitesLocally(TestNG.java:1228)
	at org.testng.TestNG.runSuites(TestNG.java:1134)
	at org.testng.TestNG.run(TestNG.java:1101)
	at org.gradle.api.internal.tasks.testing.testng.TestNGTestClassProcessor.runTests(TestNGTestClassProcessor.java:148)
	at org.gradle.api.internal.tasks.testing.testng.TestNGTestClassProcessor.stop(TestNGTestClassProcessor.java:95)
	at org.gradle.api.internal.tasks.testing.SuiteTestClassProcessor.stop(SuiteTestClassProcessor.java:62)
	at java.base/jdk.internal.reflect.NativeMethodAccessorImpl.invoke0(Native Method)
	at java.base/jdk.internal.reflect.NativeMethodAccessorImpl.invoke(NativeMethodAccessorImpl.java:62)
	at java.base/jdk.internal.reflect.DelegatingMethodAccessorImpl.invoke(DelegatingMethodAccessorImpl.java:43)
	at java.base/java.lang.reflect.Method.invoke(Method.java:566)
	at org.gradle.internal.dispatch.ReflectionDispatch.dispatch(ReflectionDispatch.java:36)
	at org.gradle.internal.dispatch.ReflectionDispatch.dispatch(ReflectionDispatch.java:24)
	at org.gradle.internal.dispatch.ContextClassLoaderDispatch.dispatch(ContextClassLoaderDispatch.java:33)
	at org.gradle.internal.dispatch.ProxyDispatchAdapter$DispatchingInvocationHandler.invoke(ProxyDispatchAdapter.java:94)
	at com.sun.proxy.$Proxy2.stop(Unknown Source)
	at org.gradle.api.internal.tasks.testing.worker.TestWorker$3.run(TestWorker.java:193)
	at org.gradle.api.internal.tasks.testing.worker.TestWorker.executeAndMaintainThreadName(TestWorker.java:129)
	at org.gradle.api.internal.tasks.testing.worker.TestWorker.execute(TestWorker.java:100)
	at org.gradle.api.internal.tasks.testing.worker.TestWorker.execute(TestWorker.java:60)
	at org.gradle.process.internal.worker.child.ActionExecutionWorker.execute(ActionExecutionWorker.java:56)
	at org.gradle.process.internal.worker.child.SystemApplicationClassLoaderWorker.call(SystemApplicationClassLoaderWorker.java:113)
	at org.gradle.process.internal.worker.child.SystemApplicationClassLoaderWorker.call(SystemApplicationClassLoaderWorker.java:65)
	at worker.org.gradle.process.internal.worker.GradleWorkerMain.run(GradleWorkerMain.java:69)
	at worker.org.gradle.process.internal.worker.GradleWorkerMain.main(GradleWorkerMain.java:74)
23:29:42.626 [Test worker] ERROR allcom_testng.tests.TestBase -- ERROR TEST SCREENSHOT: C:\Users\PORTISHEAD\Desktop\ALLCOM\allcom_qa\src\screenshots\screenshot_error_425919.png
23:29:42.626 [Test worker] INFO  allcom_testng.tests.TestBase -- [==================================================================================================]
23:29:42.627 [Test worker] INFO  allcom_testng.tests.TestBase -- STARTED: [isPasswordResetNotSuccessInvalidDataWoValidationCheck]
23:29:44.299 [Test worker] INFO  allcom_testng.tests.TestBase -- PASSED: [isPasswordResetNotSuccessInvalidDataWoValidationCheck], with VALUES: []
23:29:44.301 [Test worker] INFO  allcom_testng.tests.TestBase -- STARTED: [isPasswordResetNotSuccessInvalidDataWoValidationCheckWoTimer]
23:29:46.216 [Test worker] INFO  allcom_testng.tests.TestBase -- PASSED: [isPasswordResetNotSuccessInvalidDataWoValidationCheckWoTimer], with VALUES: []
23:29:46.217 [Test worker] INFO  allcom_testng.tests.TestBase -- STARTED: [isPasswordResetSuccessValidDataWithValidationCheck]
23:29:47.139 [Test worker] ERROR allcom_testng.tests.TestBase -- ERROR FAILED TEST: [isPasswordResetSuccessValidDataWithValidationCheck], with VALUES: []
23:29:47.139 [Test worker] ERROR allcom_testng.tests.TestBase -- ERROR TEST MESSAGE: stale element reference: stale element not found
  (Session info: chrome-headless-shell=122.0.6261.70)
For documentation on this error, please visit: https://www.selenium.dev/documentation/webdriver/troubleshooting/errors#stale-element-reference-exception
Build info: version: '4.18.1', revision: 'b1d3319b48'
System info: os.name: 'Windows 11', os.arch: 'amd64', os.version: '10.0', java.version: '11.0.20'
Driver info: org.openqa.selenium.chrome.ChromeDriver
Command: [9df5fa7d277ff147dedd064b19ea2862, isElementDisplayed {id=f.833F0DC56686BB3144ECC6010251FADE.d.402A54845FFDEF66B986BE8D353C3AF4.e.8502}]
Capabilities {acceptInsecureCerts: false, browserName: chrome-headless-shell, browserVersion: 122.0.6261.70, chrome: {chromedriverVersion: 122.0.6261.69 (81bc525b6a36..., userDataDir: C:\Users\PORTIS~1\AppData\L...}, fedcm:accounts: true, goog:chromeOptions: {debuggerAddress: localhost:63482}, networkConnectionEnabled: false, pageLoadStrategy: normal, platformName: windows, proxy: Proxy(), se:cdp: ws://localhost:63482/devtoo..., se:cdpVersion: 122.0.6261.70, setWindowRect: true, strictFileInteractability: false, timeouts: {implicit: 0, pageLoad: 300000, script: 30000}, unhandledPromptBehavior: dismiss and notify, webauthn:extension:credBlob: true, webauthn:extension:largeBlob: true, webauthn:extension:minPinLength: true, webauthn:extension:prf: true, webauthn:virtualAuthenticators: true}
Element: [[ChromeDriver: chrome-headless-shell on windows (9df5fa7d277ff147dedd064b19ea2862)] -> name: password]
Session ID: 9df5fa7d277ff147dedd064b19ea2862
23:29:47.139 [Test worker] ERROR allcom_testng.tests.TestBase -- ERROR TEST STACK TRACE: 
org.openqa.selenium.StaleElementReferenceException: stale element reference: stale element not found
  (Session info: chrome-headless-shell=122.0.6261.70)
For documentation on this error, please visit: https://www.selenium.dev/documentation/webdriver/troubleshooting/errors#stale-element-reference-exception
Build info: version: '4.18.1', revision: 'b1d3319b48'
System info: os.name: 'Windows 11', os.arch: 'amd64', os.version: '10.0', java.version: '11.0.20'
Driver info: org.openqa.selenium.chrome.ChromeDriver
Command: [9df5fa7d277ff147dedd064b19ea2862, isElementDisplayed {id=f.833F0DC56686BB3144ECC6010251FADE.d.402A54845FFDEF66B986BE8D353C3AF4.e.8502}]
Capabilities {acceptInsecureCerts: false, browserName: chrome-headless-shell, browserVersion: 122.0.6261.70, chrome: {chromedriverVersion: 122.0.6261.69 (81bc525b6a36..., userDataDir: C:\Users\PORTIS~1\AppData\L...}, fedcm:accounts: true, goog:chromeOptions: {debuggerAddress: localhost:63482}, networkConnectionEnabled: false, pageLoadStrategy: normal, platformName: windows, proxy: Proxy(), se:cdp: ws://localhost:63482/devtoo..., se:cdpVersion: 122.0.6261.70, setWindowRect: true, strictFileInteractability: false, timeouts: {implicit: 0, pageLoad: 300000, script: 30000}, unhandledPromptBehavior: dismiss and notify, webauthn:extension:credBlob: true, webauthn:extension:largeBlob: true, webauthn:extension:minPinLength: true, webauthn:extension:prf: true, webauthn:virtualAuthenticators: true}
Element: [[ChromeDriver: chrome-headless-shell on windows (9df5fa7d277ff147dedd064b19ea2862)] -> name: password]
Session ID: 9df5fa7d277ff147dedd064b19ea2862
	at jdk.internal.reflect.GeneratedConstructorAccessor13.newInstance(Unknown Source)
	at java.base/jdk.internal.reflect.DelegatingConstructorAccessorImpl.newInstance(DelegatingConstructorAccessorImpl.java:45)
	at java.base/java.lang.reflect.Constructor.newInstance(Constructor.java:490)
	at org.openqa.selenium.remote.ErrorCodec.decode(ErrorCodec.java:167)
	at org.openqa.selenium.remote.codec.w3c.W3CHttpResponseCodec.decode(W3CHttpResponseCodec.java:138)
	at org.openqa.selenium.remote.codec.w3c.W3CHttpResponseCodec.decode(W3CHttpResponseCodec.java:50)
	at org.openqa.selenium.remote.HttpCommandExecutor.execute(HttpCommandExecutor.java:190)
	at org.openqa.selenium.remote.service.DriverCommandExecutor.invokeExecute(DriverCommandExecutor.java:216)
	at org.openqa.selenium.remote.service.DriverCommandExecutor.execute(DriverCommandExecutor.java:174)
	at org.openqa.selenium.remote.RemoteWebDriver.execute(RemoteWebDriver.java:519)
	at org.openqa.selenium.remote.RemoteWebElement.execute(RemoteWebElement.java:223)
	at org.openqa.selenium.remote.RemoteWebElement.isDisplayed(RemoteWebElement.java:282)
	at jdk.internal.reflect.GeneratedMethodAccessor11.invoke(Unknown Source)
	at java.base/jdk.internal.reflect.DelegatingMethodAccessorImpl.invoke(DelegatingMethodAccessorImpl.java:43)
	at java.base/java.lang.reflect.Method.invoke(Method.java:566)
	at org.openqa.selenium.support.pagefactory.internal.LocatingElementHandler.invoke(LocatingElementHandler.java:51)
	at com.sun.proxy.$Proxy17.isDisplayed(Unknown Source)
	at org.openqa.selenium.support.ui.ExpectedConditions.elementIfVisible(ExpectedConditions.java:304)
	at org.openqa.selenium.support.ui.ExpectedConditions$10.apply(ExpectedConditions.java:290)
	at org.openqa.selenium.support.ui.ExpectedConditions$10.apply(ExpectedConditions.java:287)
	at org.openqa.selenium.support.ui.ExpectedConditions$23.apply(ExpectedConditions.java:656)
	at org.openqa.selenium.support.ui.ExpectedConditions$23.apply(ExpectedConditions.java:652)
	at org.openqa.selenium.support.ui.FluentWait.until(FluentWait.java:203)
	at allcom_testng.pages.BasePage.waitUntilElementToBeClickable(BasePage.java:57)
	at allcom_testng.pages.BasePage.click(BasePage.java:61)
	at allcom_testng.pages.BasePage.type(BasePage.java:100)
	at allcom_testng.tests.passwordReset.CreateNewPasswordPageTests.isPasswordResetSuccessValidDataWithValidationCheck(CreateNewPasswordPageTests.java:68)
	at java.base/jdk.internal.reflect.NativeMethodAccessorImpl.invoke0(Native Method)
	at java.base/jdk.internal.reflect.NativeMethodAccessorImpl.invoke(NativeMethodAccessorImpl.java:62)
	at java.base/jdk.internal.reflect.DelegatingMethodAccessorImpl.invoke(DelegatingMethodAccessorImpl.java:43)
	at java.base/java.lang.reflect.Method.invoke(Method.java:566)
	at org.testng.internal.invokers.MethodInvocationHelper.invokeMethod(MethodInvocationHelper.java:139)
	at org.testng.internal.invokers.TestInvoker.invokeMethod(TestInvoker.java:664)
	at org.testng.internal.invokers.TestInvoker.invokeTestMethod(TestInvoker.java:228)
	at org.testng.internal.invokers.MethodRunner.runInSequence(MethodRunner.java:63)
	at org.testng.internal.invokers.TestInvoker$MethodInvocationAgent.invoke(TestInvoker.java:961)
	at org.testng.internal.invokers.TestInvoker.invokeTestMethods(TestInvoker.java:201)
	at org.testng.internal.invokers.TestMethodWorker.invokeTestMethods(TestMethodWorker.java:148)
	at org.testng.internal.invokers.TestMethodWorker.run(TestMethodWorker.java:128)
	at java.base/java.util.ArrayList.forEach(ArrayList.java:1541)
	at org.testng.TestRunner.privateRun(TestRunner.java:819)
	at org.testng.TestRunner.run(TestRunner.java:619)
	at org.testng.SuiteRunner.runTest(SuiteRunner.java:443)
	at org.testng.SuiteRunner.runSequentially(SuiteRunner.java:437)
	at org.testng.SuiteRunner.privateRun(SuiteRunner.java:397)
	at org.testng.SuiteRunner.run(SuiteRunner.java:336)
	at org.testng.SuiteRunnerWorker.runSuite(SuiteRunnerWorker.java:52)
	at org.testng.SuiteRunnerWorker.run(SuiteRunnerWorker.java:95)
	at org.testng.TestNG.runSuitesSequentially(TestNG.java:1301)
	at org.testng.TestNG.runSuitesLocally(TestNG.java:1228)
	at org.testng.TestNG.runSuites(TestNG.java:1134)
	at org.testng.TestNG.run(TestNG.java:1101)
	at org.gradle.api.internal.tasks.testing.testng.TestNGTestClassProcessor.runTests(TestNGTestClassProcessor.java:148)
	at org.gradle.api.internal.tasks.testing.testng.TestNGTestClassProcessor.stop(TestNGTestClassProcessor.java:95)
	at org.gradle.api.internal.tasks.testing.SuiteTestClassProcessor.stop(SuiteTestClassProcessor.java:62)
	at java.base/jdk.internal.reflect.NativeMethodAccessorImpl.invoke0(Native Method)
	at java.base/jdk.internal.reflect.NativeMethodAccessorImpl.invoke(NativeMethodAccessorImpl.java:62)
	at java.base/jdk.internal.reflect.DelegatingMethodAccessorImpl.invoke(DelegatingMethodAccessorImpl.java:43)
	at java.base/java.lang.reflect.Method.invoke(Method.java:566)
	at org.gradle.internal.dispatch.ReflectionDispatch.dispatch(ReflectionDispatch.java:36)
	at org.gradle.internal.dispatch.ReflectionDispatch.dispatch(ReflectionDispatch.java:24)
	at org.gradle.internal.dispatch.ContextClassLoaderDispatch.dispatch(ContextClassLoaderDispatch.java:33)
	at org.gradle.internal.dispatch.ProxyDispatchAdapter$DispatchingInvocationHandler.invoke(ProxyDispatchAdapter.java:94)
	at com.sun.proxy.$Proxy2.stop(Unknown Source)
	at org.gradle.api.internal.tasks.testing.worker.TestWorker$3.run(TestWorker.java:193)
	at org.gradle.api.internal.tasks.testing.worker.TestWorker.executeAndMaintainThreadName(TestWorker.java:129)
	at org.gradle.api.internal.tasks.testing.worker.TestWorker.execute(TestWorker.java:100)
	at org.gradle.api.internal.tasks.testing.worker.TestWorker.execute(TestWorker.java:60)
	at org.gradle.process.internal.worker.child.ActionExecutionWorker.execute(ActionExecutionWorker.java:56)
	at org.gradle.process.internal.worker.child.SystemApplicationClassLoaderWorker.call(SystemApplicationClassLoaderWorker.java:113)
	at org.gradle.process.internal.worker.child.SystemApplicationClassLoaderWorker.call(SystemApplicationClassLoaderWorker.java:65)
	at worker.org.gradle.process.internal.worker.GradleWorkerMain.run(GradleWorkerMain.java:69)
	at worker.org.gradle.process.internal.worker.GradleWorkerMain.main(GradleWorkerMain.java:74)
23:29:47.257 [Test worker] ERROR allcom_testng.tests.TestBase -- ERROR TEST SCREENSHOT: C:\Users\PORTISHEAD\Desktop\ALLCOM\allcom_qa\src\screenshots\screenshot_error_425966.png
23:29:47.257 [Test worker] INFO  allcom_testng.tests.TestBase -- [==================================================================================================]
23:29:47.258 [Test worker] INFO  allcom_testng.tests.TestBase -- STARTED: [isPasswordResetSuccessValidDataWoValidationCheck]
23:29:48.112 [Test worker] ERROR allcom_testng.tests.TestBase -- ERROR FAILED TEST: [isPasswordResetSuccessValidDataWoValidationCheck], with VALUES: []
23:29:48.112 [Test worker] ERROR allcom_testng.tests.TestBase -- ERROR TEST MESSAGE: stale element reference: stale element not found
  (Session info: chrome-headless-shell=122.0.6261.70)
For documentation on this error, please visit: https://www.selenium.dev/documentation/webdriver/troubleshooting/errors#stale-element-reference-exception
Build info: version: '4.18.1', revision: 'b1d3319b48'
System info: os.name: 'Windows 11', os.arch: 'amd64', os.version: '10.0', java.version: '11.0.20'
Driver info: org.openqa.selenium.chrome.ChromeDriver
Command: [9df5fa7d277ff147dedd064b19ea2862, clickElement {id=f.833F0DC56686BB3144ECC6010251FADE.d.19EF2EB75325953CD43D67094A5AC946.e.8507}]
Capabilities {acceptInsecureCerts: false, browserName: chrome-headless-shell, browserVersion: 122.0.6261.70, chrome: {chromedriverVersion: 122.0.6261.69 (81bc525b6a36..., userDataDir: C:\Users\PORTIS~1\AppData\L...}, fedcm:accounts: true, goog:chromeOptions: {debuggerAddress: localhost:63482}, networkConnectionEnabled: false, pageLoadStrategy: normal, platformName: windows, proxy: Proxy(), se:cdp: ws://localhost:63482/devtoo..., se:cdpVersion: 122.0.6261.70, setWindowRect: true, strictFileInteractability: false, timeouts: {implicit: 0, pageLoad: 300000, script: 30000}, unhandledPromptBehavior: dismiss and notify, webauthn:extension:credBlob: true, webauthn:extension:largeBlob: true, webauthn:extension:minPinLength: true, webauthn:extension:prf: true, webauthn:virtualAuthenticators: true}
Element: [[ChromeDriver: chrome-headless-shell on windows (9df5fa7d277ff147dedd064b19ea2862)] -> name: password]
Session ID: 9df5fa7d277ff147dedd064b19ea2862
23:29:48.112 [Test worker] ERROR allcom_testng.tests.TestBase -- ERROR TEST STACK TRACE: 
org.openqa.selenium.StaleElementReferenceException: stale element reference: stale element not found
  (Session info: chrome-headless-shell=122.0.6261.70)
For documentation on this error, please visit: https://www.selenium.dev/documentation/webdriver/troubleshooting/errors#stale-element-reference-exception
Build info: version: '4.18.1', revision: 'b1d3319b48'
System info: os.name: 'Windows 11', os.arch: 'amd64', os.version: '10.0', java.version: '11.0.20'
Driver info: org.openqa.selenium.chrome.ChromeDriver
Command: [9df5fa7d277ff147dedd064b19ea2862, clickElement {id=f.833F0DC56686BB3144ECC6010251FADE.d.19EF2EB75325953CD43D67094A5AC946.e.8507}]
Capabilities {acceptInsecureCerts: false, browserName: chrome-headless-shell, browserVersion: 122.0.6261.70, chrome: {chromedriverVersion: 122.0.6261.69 (81bc525b6a36..., userDataDir: C:\Users\PORTIS~1\AppData\L...}, fedcm:accounts: true, goog:chromeOptions: {debuggerAddress: localhost:63482}, networkConnectionEnabled: false, pageLoadStrategy: normal, platformName: windows, proxy: Proxy(), se:cdp: ws://localhost:63482/devtoo..., se:cdpVersion: 122.0.6261.70, setWindowRect: true, strictFileInteractability: false, timeouts: {implicit: 0, pageLoad: 300000, script: 30000}, unhandledPromptBehavior: dismiss and notify, webauthn:extension:credBlob: true, webauthn:extension:largeBlob: true, webauthn:extension:minPinLength: true, webauthn:extension:prf: true, webauthn:virtualAuthenticators: true}
Element: [[ChromeDriver: chrome-headless-shell on windows (9df5fa7d277ff147dedd064b19ea2862)] -> name: password]
Session ID: 9df5fa7d277ff147dedd064b19ea2862
	at jdk.internal.reflect.GeneratedConstructorAccessor13.newInstance(Unknown Source)
	at java.base/jdk.internal.reflect.DelegatingConstructorAccessorImpl.newInstance(DelegatingConstructorAccessorImpl.java:45)
	at java.base/java.lang.reflect.Constructor.newInstance(Constructor.java:490)
	at org.openqa.selenium.remote.ErrorCodec.decode(ErrorCodec.java:167)
	at org.openqa.selenium.remote.codec.w3c.W3CHttpResponseCodec.decode(W3CHttpResponseCodec.java:138)
	at org.openqa.selenium.remote.codec.w3c.W3CHttpResponseCodec.decode(W3CHttpResponseCodec.java:50)
	at org.openqa.selenium.remote.HttpCommandExecutor.execute(HttpCommandExecutor.java:190)
	at org.openqa.selenium.remote.service.DriverCommandExecutor.invokeExecute(DriverCommandExecutor.java:216)
	at org.openqa.selenium.remote.service.DriverCommandExecutor.execute(DriverCommandExecutor.java:174)
	at org.openqa.selenium.remote.RemoteWebDriver.execute(RemoteWebDriver.java:519)
	at org.openqa.selenium.remote.RemoteWebElement.execute(RemoteWebElement.java:223)
	at org.openqa.selenium.remote.RemoteWebElement.click(RemoteWebElement.java:76)
	at jdk.internal.reflect.GeneratedMethodAccessor13.invoke(Unknown Source)
	at java.base/jdk.internal.reflect.DelegatingMethodAccessorImpl.invoke(DelegatingMethodAccessorImpl.java:43)
	at java.base/java.lang.reflect.Method.invoke(Method.java:566)
	at org.openqa.selenium.support.pagefactory.internal.LocatingElementHandler.invoke(LocatingElementHandler.java:51)
	at com.sun.proxy.$Proxy17.click(Unknown Source)
	at allcom_testng.pages.BasePage.click(BasePage.java:62)
	at allcom_testng.pages.BasePage.type(BasePage.java:100)
	at allcom_testng.tests.passwordReset.CreateNewPasswordPageTests.isPasswordResetSuccessValidDataWoValidationCheck(CreateNewPasswordPageTests.java:52)
	at java.base/jdk.internal.reflect.NativeMethodAccessorImpl.invoke0(Native Method)
	at java.base/jdk.internal.reflect.NativeMethodAccessorImpl.invoke(NativeMethodAccessorImpl.java:62)
	at java.base/jdk.internal.reflect.DelegatingMethodAccessorImpl.invoke(DelegatingMethodAccessorImpl.java:43)
	at java.base/java.lang.reflect.Method.invoke(Method.java:566)
	at org.testng.internal.invokers.MethodInvocationHelper.invokeMethod(MethodInvocationHelper.java:139)
	at org.testng.internal.invokers.TestInvoker.invokeMethod(TestInvoker.java:664)
	at org.testng.internal.invokers.TestInvoker.invokeTestMethod(TestInvoker.java:228)
	at org.testng.internal.invokers.MethodRunner.runInSequence(MethodRunner.java:63)
	at org.testng.internal.invokers.TestInvoker$MethodInvocationAgent.invoke(TestInvoker.java:961)
	at org.testng.internal.invokers.TestInvoker.invokeTestMethods(TestInvoker.java:201)
	at org.testng.internal.invokers.TestMethodWorker.invokeTestMethods(TestMethodWorker.java:148)
	at org.testng.internal.invokers.TestMethodWorker.run(TestMethodWorker.java:128)
	at java.base/java.util.ArrayList.forEach(ArrayList.java:1541)
	at org.testng.TestRunner.privateRun(TestRunner.java:819)
	at org.testng.TestRunner.run(TestRunner.java:619)
	at org.testng.SuiteRunner.runTest(SuiteRunner.java:443)
	at org.testng.SuiteRunner.runSequentially(SuiteRunner.java:437)
	at org.testng.SuiteRunner.privateRun(SuiteRunner.java:397)
	at org.testng.SuiteRunner.run(SuiteRunner.java:336)
	at org.testng.SuiteRunnerWorker.runSuite(SuiteRunnerWorker.java:52)
	at org.testng.SuiteRunnerWorker.run(SuiteRunnerWorker.java:95)
	at org.testng.TestNG.runSuitesSequentially(TestNG.java:1301)
	at org.testng.TestNG.runSuitesLocally(TestNG.java:1228)
	at org.testng.TestNG.runSuites(TestNG.java:1134)
	at org.testng.TestNG.run(TestNG.java:1101)
	at org.gradle.api.internal.tasks.testing.testng.TestNGTestClassProcessor.runTests(TestNGTestClassProcessor.java:148)
	at org.gradle.api.internal.tasks.testing.testng.TestNGTestClassProcessor.stop(TestNGTestClassProcessor.java:95)
	at org.gradle.api.internal.tasks.testing.SuiteTestClassProcessor.stop(SuiteTestClassProcessor.java:62)
	at java.base/jdk.internal.reflect.NativeMethodAccessorImpl.invoke0(Native Method)
	at java.base/jdk.internal.reflect.NativeMethodAccessorImpl.invoke(NativeMethodAccessorImpl.java:62)
	at java.base/jdk.internal.reflect.DelegatingMethodAccessorImpl.invoke(DelegatingMethodAccessorImpl.java:43)
	at java.base/java.lang.reflect.Method.invoke(Method.java:566)
	at org.gradle.internal.dispatch.ReflectionDispatch.dispatch(ReflectionDispatch.java:36)
	at org.gradle.internal.dispatch.ReflectionDispatch.dispatch(ReflectionDispatch.java:24)
	at org.gradle.internal.dispatch.ContextClassLoaderDispatch.dispatch(ContextClassLoaderDispatch.java:33)
	at org.gradle.internal.dispatch.ProxyDispatchAdapter$DispatchingInvocationHandler.invoke(ProxyDispatchAdapter.java:94)
	at com.sun.proxy.$Proxy2.stop(Unknown Source)
	at org.gradle.api.internal.tasks.testing.worker.TestWorker$3.run(TestWorker.java:193)
	at org.gradle.api.internal.tasks.testing.worker.TestWorker.executeAndMaintainThreadName(TestWorker.java:129)
	at org.gradle.api.internal.tasks.testing.worker.TestWorker.execute(TestWorker.java:100)
	at org.gradle.api.internal.tasks.testing.worker.TestWorker.execute(TestWorker.java:60)
	at org.gradle.process.internal.worker.child.ActionExecutionWorker.execute(ActionExecutionWorker.java:56)
	at org.gradle.process.internal.worker.child.SystemApplicationClassLoaderWorker.call(SystemApplicationClassLoaderWorker.java:113)
	at org.gradle.process.internal.worker.child.SystemApplicationClassLoaderWorker.call(SystemApplicationClassLoaderWorker.java:65)
	at worker.org.gradle.process.internal.worker.GradleWorkerMain.run(GradleWorkerMain.java:69)
	at worker.org.gradle.process.internal.worker.GradleWorkerMain.main(GradleWorkerMain.java:74)
23:29:48.240 [Test worker] ERROR allcom_testng.tests.TestBase -- ERROR TEST SCREENSHOT: C:\Users\PORTISHEAD\Desktop\ALLCOM\allcom_qa\src\screenshots\screenshot_error_425975.png
23:29:48.240 [Test worker] INFO  allcom_testng.tests.TestBase -- [==================================================================================================]
23:29:48.240 [Test worker] INFO  allcom_testng.tests.TestBase -- STARTED: [validateComparePasswordsEqualityNegative]
23:29:48.938 [Test worker] INFO  allcom_testng.tests.TestBase -- PASSED: [validateComparePasswordsEqualityNegative], with VALUES: []
23:29:48.938 [Test worker] INFO  allcom_testng.tests.TestBase -- STARTED: [validateComparePasswordsEqualityPositive]
23:29:49.664 [Test worker] ERROR allcom_testng.tests.TestBase -- ERROR FAILED TEST: [validateComparePasswordsEqualityPositive], with VALUES: []
23:29:49.664 [Test worker] ERROR allcom_testng.tests.TestBase -- ERROR TEST MESSAGE: stale element reference: stale element not found
  (Session info: chrome-headless-shell=122.0.6261.70)
For documentation on this error, please visit: https://www.selenium.dev/documentation/webdriver/troubleshooting/errors#stale-element-reference-exception
Build info: version: '4.18.1', revision: 'b1d3319b48'
System info: os.name: 'Windows 11', os.arch: 'amd64', os.version: '10.0', java.version: '11.0.20'
Driver info: org.openqa.selenium.chrome.ChromeDriver
Command: [9df5fa7d277ff147dedd064b19ea2862, clickElement {id=f.833F0DC56686BB3144ECC6010251FADE.d.9F1E70EB4E45F52F077F29283F31207B.e.8582}]
Capabilities {acceptInsecureCerts: false, browserName: chrome-headless-shell, browserVersion: 122.0.6261.70, chrome: {chromedriverVersion: 122.0.6261.69 (81bc525b6a36..., userDataDir: C:\Users\PORTIS~1\AppData\L...}, fedcm:accounts: true, goog:chromeOptions: {debuggerAddress: localhost:63482}, networkConnectionEnabled: false, pageLoadStrategy: normal, platformName: windows, proxy: Proxy(), se:cdp: ws://localhost:63482/devtoo..., se:cdpVersion: 122.0.6261.70, setWindowRect: true, strictFileInteractability: false, timeouts: {implicit: 0, pageLoad: 300000, script: 30000}, unhandledPromptBehavior: dismiss and notify, webauthn:extension:credBlob: true, webauthn:extension:largeBlob: true, webauthn:extension:minPinLength: true, webauthn:extension:prf: true, webauthn:virtualAuthenticators: true}
Element: [[ChromeDriver: chrome-headless-shell on windows (9df5fa7d277ff147dedd064b19ea2862)] -> name: password]
Session ID: 9df5fa7d277ff147dedd064b19ea2862
23:29:49.664 [Test worker] ERROR allcom_testng.tests.TestBase -- ERROR TEST STACK TRACE: 
org.openqa.selenium.StaleElementReferenceException: stale element reference: stale element not found
  (Session info: chrome-headless-shell=122.0.6261.70)
For documentation on this error, please visit: https://www.selenium.dev/documentation/webdriver/troubleshooting/errors#stale-element-reference-exception
Build info: version: '4.18.1', revision: 'b1d3319b48'
System info: os.name: 'Windows 11', os.arch: 'amd64', os.version: '10.0', java.version: '11.0.20'
Driver info: org.openqa.selenium.chrome.ChromeDriver
Command: [9df5fa7d277ff147dedd064b19ea2862, clickElement {id=f.833F0DC56686BB3144ECC6010251FADE.d.9F1E70EB4E45F52F077F29283F31207B.e.8582}]
Capabilities {acceptInsecureCerts: false, browserName: chrome-headless-shell, browserVersion: 122.0.6261.70, chrome: {chromedriverVersion: 122.0.6261.69 (81bc525b6a36..., userDataDir: C:\Users\PORTIS~1\AppData\L...}, fedcm:accounts: true, goog:chromeOptions: {debuggerAddress: localhost:63482}, networkConnectionEnabled: false, pageLoadStrategy: normal, platformName: windows, proxy: Proxy(), se:cdp: ws://localhost:63482/devtoo..., se:cdpVersion: 122.0.6261.70, setWindowRect: true, strictFileInteractability: false, timeouts: {implicit: 0, pageLoad: 300000, script: 30000}, unhandledPromptBehavior: dismiss and notify, webauthn:extension:credBlob: true, webauthn:extension:largeBlob: true, webauthn:extension:minPinLength: true, webauthn:extension:prf: true, webauthn:virtualAuthenticators: true}
Element: [[ChromeDriver: chrome-headless-shell on windows (9df5fa7d277ff147dedd064b19ea2862)] -> name: password]
Session ID: 9df5fa7d277ff147dedd064b19ea2862
	at jdk.internal.reflect.GeneratedConstructorAccessor13.newInstance(Unknown Source)
	at java.base/jdk.internal.reflect.DelegatingConstructorAccessorImpl.newInstance(DelegatingConstructorAccessorImpl.java:45)
	at java.base/java.lang.reflect.Constructor.newInstance(Constructor.java:490)
	at org.openqa.selenium.remote.ErrorCodec.decode(ErrorCodec.java:167)
	at org.openqa.selenium.remote.codec.w3c.W3CHttpResponseCodec.decode(W3CHttpResponseCodec.java:138)
	at org.openqa.selenium.remote.codec.w3c.W3CHttpResponseCodec.decode(W3CHttpResponseCodec.java:50)
	at org.openqa.selenium.remote.HttpCommandExecutor.execute(HttpCommandExecutor.java:190)
	at org.openqa.selenium.remote.service.DriverCommandExecutor.invokeExecute(DriverCommandExecutor.java:216)
	at org.openqa.selenium.remote.service.DriverCommandExecutor.execute(DriverCommandExecutor.java:174)
	at org.openqa.selenium.remote.RemoteWebDriver.execute(RemoteWebDriver.java:519)
	at org.openqa.selenium.remote.RemoteWebElement.execute(RemoteWebElement.java:223)
	at org.openqa.selenium.remote.RemoteWebElement.click(RemoteWebElement.java:76)
	at jdk.internal.reflect.GeneratedMethodAccessor13.invoke(Unknown Source)
	at java.base/jdk.internal.reflect.DelegatingMethodAccessorImpl.invoke(DelegatingMethodAccessorImpl.java:43)
	at java.base/java.lang.reflect.Method.invoke(Method.java:566)
	at org.openqa.selenium.support.pagefactory.internal.LocatingElementHandler.invoke(LocatingElementHandler.java:51)
	at com.sun.proxy.$Proxy17.click(Unknown Source)
	at allcom_testng.pages.BasePage.click(BasePage.java:62)
	at allcom_testng.pages.BasePage.type(BasePage.java:100)
	at allcom_testng.pages.registration.RegisterPage.comparePasswordsEquality(RegisterPage.java:148)
	at allcom_testng.tests.passwordReset.CreateNewPasswordPageTests.validateComparePasswordsEqualityPositive(CreateNewPasswordPageTests.java:42)
	at java.base/jdk.internal.reflect.NativeMethodAccessorImpl.invoke0(Native Method)
	at java.base/jdk.internal.reflect.NativeMethodAccessorImpl.invoke(NativeMethodAccessorImpl.java:62)
	at java.base/jdk.internal.reflect.DelegatingMethodAccessorImpl.invoke(DelegatingMethodAccessorImpl.java:43)
	at java.base/java.lang.reflect.Method.invoke(Method.java:566)
	at org.testng.internal.invokers.MethodInvocationHelper.invokeMethod(MethodInvocationHelper.java:139)
	at org.testng.internal.invokers.TestInvoker.invokeMethod(TestInvoker.java:664)
	at org.testng.internal.invokers.TestInvoker.invokeTestMethod(TestInvoker.java:228)
	at org.testng.internal.invokers.MethodRunner.runInSequence(MethodRunner.java:63)
	at org.testng.internal.invokers.TestInvoker$MethodInvocationAgent.invoke(TestInvoker.java:961)
	at org.testng.internal.invokers.TestInvoker.invokeTestMethods(TestInvoker.java:201)
	at org.testng.internal.invokers.TestMethodWorker.invokeTestMethods(TestMethodWorker.java:148)
	at org.testng.internal.invokers.TestMethodWorker.run(TestMethodWorker.java:128)
	at java.base/java.util.ArrayList.forEach(ArrayList.java:1541)
	at org.testng.TestRunner.privateRun(TestRunner.java:819)
	at org.testng.TestRunner.run(TestRunner.java:619)
	at org.testng.SuiteRunner.runTest(SuiteRunner.java:443)
	at org.testng.SuiteRunner.runSequentially(SuiteRunner.java:437)
	at org.testng.SuiteRunner.privateRun(SuiteRunner.java:397)
	at org.testng.SuiteRunner.run(SuiteRunner.java:336)
	at org.testng.SuiteRunnerWorker.runSuite(SuiteRunnerWorker.java:52)
	at org.testng.SuiteRunnerWorker.run(SuiteRunnerWorker.java:95)
	at org.testng.TestNG.runSuitesSequentially(TestNG.java:1301)
	at org.testng.TestNG.runSuitesLocally(TestNG.java:1228)
	at org.testng.TestNG.runSuites(TestNG.java:1134)
	at org.testng.TestNG.run(TestNG.java:1101)
	at org.gradle.api.internal.tasks.testing.testng.TestNGTestClassProcessor.runTests(TestNGTestClassProcessor.java:148)
	at org.gradle.api.internal.tasks.testing.testng.TestNGTestClassProcessor.stop(TestNGTestClassProcessor.java:95)
	at org.gradle.api.internal.tasks.testing.SuiteTestClassProcessor.stop(SuiteTestClassProcessor.java:62)
	at java.base/jdk.internal.reflect.NativeMethodAccessorImpl.invoke0(Native Method)
	at java.base/jdk.internal.reflect.NativeMethodAccessorImpl.invoke(NativeMethodAccessorImpl.java:62)
	at java.base/jdk.internal.reflect.DelegatingMethodAccessorImpl.invoke(DelegatingMethodAccessorImpl.java:43)
	at java.base/java.lang.reflect.Method.invoke(Method.java:566)
	at org.gradle.internal.dispatch.ReflectionDispatch.dispatch(ReflectionDispatch.java:36)
	at org.gradle.internal.dispatch.ReflectionDispatch.dispatch(ReflectionDispatch.java:24)
	at org.gradle.internal.dispatch.ContextClassLoaderDispatch.dispatch(ContextClassLoaderDispatch.java:33)
	at org.gradle.internal.dispatch.ProxyDispatchAdapter$DispatchingInvocationHandler.invoke(ProxyDispatchAdapter.java:94)
	at com.sun.proxy.$Proxy2.stop(Unknown Source)
	at org.gradle.api.internal.tasks.testing.worker.TestWorker$3.run(TestWorker.java:193)
	at org.gradle.api.internal.tasks.testing.worker.TestWorker.executeAndMaintainThreadName(TestWorker.java:129)
	at org.gradle.api.internal.tasks.testing.worker.TestWorker.execute(TestWorker.java:100)
	at org.gradle.api.internal.tasks.testing.worker.TestWorker.execute(TestWorker.java:60)
	at org.gradle.process.internal.worker.child.ActionExecutionWorker.execute(ActionExecutionWorker.java:56)
	at org.gradle.process.internal.worker.child.SystemApplicationClassLoaderWorker.call(SystemApplicationClassLoaderWorker.java:113)
	at org.gradle.process.internal.worker.child.SystemApplicationClassLoaderWorker.call(SystemApplicationClassLoaderWorker.java:65)
	at worker.org.gradle.process.internal.worker.GradleWorkerMain.run(GradleWorkerMain.java:69)
	at worker.org.gradle.process.internal.worker.GradleWorkerMain.main(GradleWorkerMain.java:74)
23:29:49.791 [Test worker] ERROR allcom_testng.tests.TestBase -- ERROR TEST SCREENSHOT: C:\Users\PORTISHEAD\Desktop\ALLCOM\allcom_qa\src\screenshots\screenshot_error_425991.png
23:29:49.791 [Test worker] INFO  allcom_testng.tests.TestBase -- [==================================================================================================]
23:29:49.792 [Test worker] INFO  allcom_testng.tests.TestBase -- STARTED: [validatePasswordConfirmWithIncorrectData]
23:29:50.715 [Test worker] INFO  allcom_testng.tests.TestBase -- PASSED: [validatePasswordConfirmWithIncorrectData], with VALUES: [п»їTes123]
23:29:50.715 [Test worker] INFO  allcom_testng.tests.TestBase -- STARTED: [validatePasswordConfirmWithIncorrectData]
23:29:51.509 [Test worker] ERROR allcom_testng.tests.TestBase -- ERROR FAILED TEST: [validatePasswordConfirmWithIncorrectData], with VALUES: [Tes1234]
23:29:51.509 [Test worker] ERROR allcom_testng.tests.TestBase -- ERROR TEST MESSAGE: stale element reference: stale element not found
  (Session info: chrome-headless-shell=122.0.6261.70)
For documentation on this error, please visit: https://www.selenium.dev/documentation/webdriver/troubleshooting/errors#stale-element-reference-exception
Build info: version: '4.18.1', revision: 'b1d3319b48'
System info: os.name: 'Windows 11', os.arch: 'amd64', os.version: '10.0', java.version: '11.0.20'
Driver info: org.openqa.selenium.chrome.ChromeDriver
Command: [9df5fa7d277ff147dedd064b19ea2862, clickElement {id=f.833F0DC56686BB3144ECC6010251FADE.d.649091AF3871826A00DC118FFFFE463C.e.8699}]
Capabilities {acceptInsecureCerts: false, browserName: chrome-headless-shell, browserVersion: 122.0.6261.70, chrome: {chromedriverVersion: 122.0.6261.69 (81bc525b6a36..., userDataDir: C:\Users\PORTIS~1\AppData\L...}, fedcm:accounts: true, goog:chromeOptions: {debuggerAddress: localhost:63482}, networkConnectionEnabled: false, pageLoadStrategy: normal, platformName: windows, proxy: Proxy(), se:cdp: ws://localhost:63482/devtoo..., se:cdpVersion: 122.0.6261.70, setWindowRect: true, strictFileInteractability: false, timeouts: {implicit: 0, pageLoad: 300000, script: 30000}, unhandledPromptBehavior: dismiss and notify, webauthn:extension:credBlob: true, webauthn:extension:largeBlob: true, webauthn:extension:minPinLength: true, webauthn:extension:prf: true, webauthn:virtualAuthenticators: true}
Element: [[ChromeDriver: chrome-headless-shell on windows (9df5fa7d277ff147dedd064b19ea2862)] -> name: passwordConfirm]
Session ID: 9df5fa7d277ff147dedd064b19ea2862
23:29:51.509 [Test worker] ERROR allcom_testng.tests.TestBase -- ERROR TEST STACK TRACE: 
org.openqa.selenium.StaleElementReferenceException: stale element reference: stale element not found
  (Session info: chrome-headless-shell=122.0.6261.70)
For documentation on this error, please visit: https://www.selenium.dev/documentation/webdriver/troubleshooting/errors#stale-element-reference-exception
Build info: version: '4.18.1', revision: 'b1d3319b48'
System info: os.name: 'Windows 11', os.arch: 'amd64', os.version: '10.0', java.version: '11.0.20'
Driver info: org.openqa.selenium.chrome.ChromeDriver
Command: [9df5fa7d277ff147dedd064b19ea2862, clickElement {id=f.833F0DC56686BB3144ECC6010251FADE.d.649091AF3871826A00DC118FFFFE463C.e.8699}]
Capabilities {acceptInsecureCerts: false, browserName: chrome-headless-shell, browserVersion: 122.0.6261.70, chrome: {chromedriverVersion: 122.0.6261.69 (81bc525b6a36..., userDataDir: C:\Users\PORTIS~1\AppData\L...}, fedcm:accounts: true, goog:chromeOptions: {debuggerAddress: localhost:63482}, networkConnectionEnabled: false, pageLoadStrategy: normal, platformName: windows, proxy: Proxy(), se:cdp: ws://localhost:63482/devtoo..., se:cdpVersion: 122.0.6261.70, setWindowRect: true, strictFileInteractability: false, timeouts: {implicit: 0, pageLoad: 300000, script: 30000}, unhandledPromptBehavior: dismiss and notify, webauthn:extension:credBlob: true, webauthn:extension:largeBlob: true, webauthn:extension:minPinLength: true, webauthn:extension:prf: true, webauthn:virtualAuthenticators: true}
Element: [[ChromeDriver: chrome-headless-shell on windows (9df5fa7d277ff147dedd064b19ea2862)] -> name: passwordConfirm]
Session ID: 9df5fa7d277ff147dedd064b19ea2862
	at jdk.internal.reflect.GeneratedConstructorAccessor13.newInstance(Unknown Source)
	at java.base/jdk.internal.reflect.DelegatingConstructorAccessorImpl.newInstance(DelegatingConstructorAccessorImpl.java:45)
	at java.base/java.lang.reflect.Constructor.newInstance(Constructor.java:490)
	at org.openqa.selenium.remote.ErrorCodec.decode(ErrorCodec.java:167)
	at org.openqa.selenium.remote.codec.w3c.W3CHttpResponseCodec.decode(W3CHttpResponseCodec.java:138)
	at org.openqa.selenium.remote.codec.w3c.W3CHttpResponseCodec.decode(W3CHttpResponseCodec.java:50)
	at org.openqa.selenium.remote.HttpCommandExecutor.execute(HttpCommandExecutor.java:190)
	at org.openqa.selenium.remote.service.DriverCommandExecutor.invokeExecute(DriverCommandExecutor.java:216)
	at org.openqa.selenium.remote.service.DriverCommandExecutor.execute(DriverCommandExecutor.java:174)
	at org.openqa.selenium.remote.RemoteWebDriver.execute(RemoteWebDriver.java:519)
	at org.openqa.selenium.remote.RemoteWebElement.execute(RemoteWebElement.java:223)
	at org.openqa.selenium.remote.RemoteWebElement.click(RemoteWebElement.java:76)
	at jdk.internal.reflect.GeneratedMethodAccessor13.invoke(Unknown Source)
	at java.base/jdk.internal.reflect.DelegatingMethodAccessorImpl.invoke(DelegatingMethodAccessorImpl.java:43)
	at java.base/java.lang.reflect.Method.invoke(Method.java:566)
	at org.openqa.selenium.support.pagefactory.internal.LocatingElementHandler.invoke(LocatingElementHandler.java:51)
	at com.sun.proxy.$Proxy17.click(Unknown Source)
	at allcom_testng.pages.BasePage.click(BasePage.java:62)
	at allcom_testng.pages.BasePage.type(BasePage.java:100)
	at allcom_testng.pages.BasePage.validateField(BasePage.java:231)
	at allcom_testng.tests.passwordReset.CreateNewPasswordPageTests.validatePasswordConfirmWithIncorrectData(CreateNewPasswordPageTests.java:37)
	at java.base/jdk.internal.reflect.NativeMethodAccessorImpl.invoke0(Native Method)
	at java.base/jdk.internal.reflect.NativeMethodAccessorImpl.invoke(NativeMethodAccessorImpl.java:62)
	at java.base/jdk.internal.reflect.DelegatingMethodAccessorImpl.invoke(DelegatingMethodAccessorImpl.java:43)
	at java.base/java.lang.reflect.Method.invoke(Method.java:566)
	at org.testng.internal.invokers.MethodInvocationHelper.invokeMethod(MethodInvocationHelper.java:139)
	at org.testng.internal.invokers.TestInvoker.invokeMethod(TestInvoker.java:664)
	at org.testng.internal.invokers.TestInvoker.invokeTestMethod(TestInvoker.java:228)
	at org.testng.internal.invokers.MethodRunner.runInSequence(MethodRunner.java:63)
	at org.testng.internal.invokers.TestInvoker$MethodInvocationAgent.invoke(TestInvoker.java:961)
	at org.testng.internal.invokers.TestInvoker.invokeTestMethods(TestInvoker.java:201)
	at org.testng.internal.invokers.TestMethodWorker.invokeTestMethods(TestMethodWorker.java:148)
	at org.testng.internal.invokers.TestMethodWorker.run(TestMethodWorker.java:128)
	at java.base/java.util.ArrayList.forEach(ArrayList.java:1541)
	at org.testng.TestRunner.privateRun(TestRunner.java:819)
	at org.testng.TestRunner.run(TestRunner.java:619)
	at org.testng.SuiteRunner.runTest(SuiteRunner.java:443)
	at org.testng.SuiteRunner.runSequentially(SuiteRunner.java:437)
	at org.testng.SuiteRunner.privateRun(SuiteRunner.java:397)
	at org.testng.SuiteRunner.run(SuiteRunner.java:336)
	at org.testng.SuiteRunnerWorker.runSuite(SuiteRunnerWorker.java:52)
	at org.testng.SuiteRunnerWorker.run(SuiteRunnerWorker.java:95)
	at org.testng.TestNG.runSuitesSequentially(TestNG.java:1301)
	at org.testng.TestNG.runSuitesLocally(TestNG.java:1228)
	at org.testng.TestNG.runSuites(TestNG.java:1134)
	at org.testng.TestNG.run(TestNG.java:1101)
	at org.gradle.api.internal.tasks.testing.testng.TestNGTestClassProcessor.runTests(TestNGTestClassProcessor.java:148)
	at org.gradle.api.internal.tasks.testing.testng.TestNGTestClassProcessor.stop(TestNGTestClassProcessor.java:95)
	at org.gradle.api.internal.tasks.testing.SuiteTestClassProcessor.stop(SuiteTestClassProcessor.java:62)
	at java.base/jdk.internal.reflect.NativeMethodAccessorImpl.invoke0(Native Method)
	at java.base/jdk.internal.reflect.NativeMethodAccessorImpl.invoke(NativeMethodAccessorImpl.java:62)
	at java.base/jdk.internal.reflect.DelegatingMethodAccessorImpl.invoke(DelegatingMethodAccessorImpl.java:43)
	at java.base/java.lang.reflect.Method.invoke(Method.java:566)
	at org.gradle.internal.dispatch.ReflectionDispatch.dispatch(ReflectionDispatch.java:36)
	at org.gradle.internal.dispatch.ReflectionDispatch.dispatch(ReflectionDispatch.java:24)
	at org.gradle.internal.dispatch.ContextClassLoaderDispatch.dispatch(ContextClassLoaderDispatch.java:33)
	at org.gradle.internal.dispatch.ProxyDispatchAdapter$DispatchingInvocationHandler.invoke(ProxyDispatchAdapter.java:94)
	at com.sun.proxy.$Proxy2.stop(Unknown Source)
	at org.gradle.api.internal.tasks.testing.worker.TestWorker$3.run(TestWorker.java:193)
	at org.gradle.api.internal.tasks.testing.worker.TestWorker.executeAndMaintainThreadName(TestWorker.java:129)
	at org.gradle.api.internal.tasks.testing.worker.TestWorker.execute(TestWorker.java:100)
	at org.gradle.api.internal.tasks.testing.worker.TestWorker.execute(TestWorker.java:60)
	at org.gradle.process.internal.worker.child.ActionExecutionWorker.execute(ActionExecutionWorker.java:56)
	at org.gradle.process.internal.worker.child.SystemApplicationClassLoaderWorker.call(SystemApplicationClassLoaderWorker.java:113)
	at org.gradle.process.internal.worker.child.SystemApplicationClassLoaderWorker.call(SystemApplicationClassLoaderWorker.java:65)
	at worker.org.gradle.process.internal.worker.GradleWorkerMain.run(GradleWorkerMain.java:69)
	at worker.org.gradle.process.internal.worker.GradleWorkerMain.main(GradleWorkerMain.java:74)
23:29:51.641 [Test worker] ERROR allcom_testng.tests.TestBase -- ERROR TEST SCREENSHOT: C:\Users\PORTISHEAD\Desktop\ALLCOM\allcom_qa\src\screenshots\screenshot_error_426009.png
23:29:51.641 [Test worker] INFO  allcom_testng.tests.TestBase -- [==================================================================================================]
23:29:51.642 [Test worker] INFO  allcom_testng.tests.TestBase -- STARTED: [validatePasswordConfirmWithIncorrectData]
23:29:52.987 [Test worker] INFO  allcom_testng.tests.TestBase -- PASSED: [validatePasswordConfirmWithIncorrectData], with VALUES: [Test1234555555555555555555555555555555555555555555555555555555555555555555555555555555555555]
23:29:52.987 [Test worker] INFO  allcom_testng.tests.TestBase -- STARTED: [validatePasswordConfirmWithIncorrectData]
23:29:53.976 [Test worker] INFO  allcom_testng.tests.TestBase -- PASSED: [validatePasswordConfirmWithIncorrectData], with VALUES: [1]
23:29:53.977 [Test worker] INFO  allcom_testng.tests.TestBase -- STARTED: [validatePasswordConfirmWithIncorrectData]
23:29:55.126 [Test worker] INFO  allcom_testng.tests.TestBase -- PASSED: [validatePasswordConfirmWithIncorrectData], with VALUES: [*&^(*&%$##@]
23:29:55.126 [Test worker] INFO  allcom_testng.tests.TestBase -- STARTED: [validatePasswordConfirmWithIncorrectData]
23:29:56.078 [Test worker] INFO  allcom_testng.tests.TestBase -- PASSED: [validatePasswordConfirmWithIncorrectData], with VALUES: [Qwertyuiop@1С‹]
23:29:56.078 [Test worker] INFO  allcom_testng.tests.TestBase -- STARTED: [validatePasswordConfirmWithIncorrectData]
23:29:57.133 [Test worker] INFO  allcom_testng.tests.TestBase -- PASSED: [validatePasswordConfirmWithIncorrectData], with VALUES: [Р¤Р«Р’РђРђРџРєРіСѓС‰СѓС†Р·]
23:29:57.134 [Test worker] INFO  allcom_testng.tests.TestBase -- STARTED: [validatePasswordConfirmWithIncorrectData]
23:29:57.991 [Test worker] ERROR allcom_testng.tests.TestBase -- ERROR FAILED TEST: [validatePasswordConfirmWithIncorrectData], with VALUES: [Test 12345!]
23:29:57.991 [Test worker] ERROR allcom_testng.tests.TestBase -- ERROR TEST MESSAGE: stale element reference: stale element not found
  (Session info: chrome-headless-shell=122.0.6261.70)
For documentation on this error, please visit: https://www.selenium.dev/documentation/webdriver/troubleshooting/errors#stale-element-reference-exception
Build info: version: '4.18.1', revision: 'b1d3319b48'
System info: os.name: 'Windows 11', os.arch: 'amd64', os.version: '10.0', java.version: '11.0.20'
Driver info: org.openqa.selenium.chrome.ChromeDriver
Command: [9df5fa7d277ff147dedd064b19ea2862, clickElement {id=f.833F0DC56686BB3144ECC6010251FADE.d.E13CF9A1601A48975047F75AD4055725.e.8992}]
Capabilities {acceptInsecureCerts: false, browserName: chrome-headless-shell, browserVersion: 122.0.6261.70, chrome: {chromedriverVersion: 122.0.6261.69 (81bc525b6a36..., userDataDir: C:\Users\PORTIS~1\AppData\L...}, fedcm:accounts: true, goog:chromeOptions: {debuggerAddress: localhost:63482}, networkConnectionEnabled: false, pageLoadStrategy: normal, platformName: windows, proxy: Proxy(), se:cdp: ws://localhost:63482/devtoo..., se:cdpVersion: 122.0.6261.70, setWindowRect: true, strictFileInteractability: false, timeouts: {implicit: 0, pageLoad: 300000, script: 30000}, unhandledPromptBehavior: dismiss and notify, webauthn:extension:credBlob: true, webauthn:extension:largeBlob: true, webauthn:extension:minPinLength: true, webauthn:extension:prf: true, webauthn:virtualAuthenticators: true}
Element: [[ChromeDriver: chrome-headless-shell on windows (9df5fa7d277ff147dedd064b19ea2862)] -> name: passwordConfirm]
Session ID: 9df5fa7d277ff147dedd064b19ea2862
23:29:57.991 [Test worker] ERROR allcom_testng.tests.TestBase -- ERROR TEST STACK TRACE: 
org.openqa.selenium.StaleElementReferenceException: stale element reference: stale element not found
  (Session info: chrome-headless-shell=122.0.6261.70)
For documentation on this error, please visit: https://www.selenium.dev/documentation/webdriver/troubleshooting/errors#stale-element-reference-exception
Build info: version: '4.18.1', revision: 'b1d3319b48'
System info: os.name: 'Windows 11', os.arch: 'amd64', os.version: '10.0', java.version: '11.0.20'
Driver info: org.openqa.selenium.chrome.ChromeDriver
Command: [9df5fa7d277ff147dedd064b19ea2862, clickElement {id=f.833F0DC56686BB3144ECC6010251FADE.d.E13CF9A1601A48975047F75AD4055725.e.8992}]
Capabilities {acceptInsecureCerts: false, browserName: chrome-headless-shell, browserVersion: 122.0.6261.70, chrome: {chromedriverVersion: 122.0.6261.69 (81bc525b6a36..., userDataDir: C:\Users\PORTIS~1\AppData\L...}, fedcm:accounts: true, goog:chromeOptions: {debuggerAddress: localhost:63482}, networkConnectionEnabled: false, pageLoadStrategy: normal, platformName: windows, proxy: Proxy(), se:cdp: ws://localhost:63482/devtoo..., se:cdpVersion: 122.0.6261.70, setWindowRect: true, strictFileInteractability: false, timeouts: {implicit: 0, pageLoad: 300000, script: 30000}, unhandledPromptBehavior: dismiss and notify, webauthn:extension:credBlob: true, webauthn:extension:largeBlob: true, webauthn:extension:minPinLength: true, webauthn:extension:prf: true, webauthn:virtualAuthenticators: true}
Element: [[ChromeDriver: chrome-headless-shell on windows (9df5fa7d277ff147dedd064b19ea2862)] -> name: passwordConfirm]
Session ID: 9df5fa7d277ff147dedd064b19ea2862
	at jdk.internal.reflect.GeneratedConstructorAccessor13.newInstance(Unknown Source)
	at java.base/jdk.internal.reflect.DelegatingConstructorAccessorImpl.newInstance(DelegatingConstructorAccessorImpl.java:45)
	at java.base/java.lang.reflect.Constructor.newInstance(Constructor.java:490)
	at org.openqa.selenium.remote.ErrorCodec.decode(ErrorCodec.java:167)
	at org.openqa.selenium.remote.codec.w3c.W3CHttpResponseCodec.decode(W3CHttpResponseCodec.java:138)
	at org.openqa.selenium.remote.codec.w3c.W3CHttpResponseCodec.decode(W3CHttpResponseCodec.java:50)
	at org.openqa.selenium.remote.HttpCommandExecutor.execute(HttpCommandExecutor.java:190)
	at org.openqa.selenium.remote.service.DriverCommandExecutor.invokeExecute(DriverCommandExecutor.java:216)
	at org.openqa.selenium.remote.service.DriverCommandExecutor.execute(DriverCommandExecutor.java:174)
	at org.openqa.selenium.remote.RemoteWebDriver.execute(RemoteWebDriver.java:519)
	at org.openqa.selenium.remote.RemoteWebElement.execute(RemoteWebElement.java:223)
	at org.openqa.selenium.remote.RemoteWebElement.click(RemoteWebElement.java:76)
	at jdk.internal.reflect.GeneratedMethodAccessor13.invoke(Unknown Source)
	at java.base/jdk.internal.reflect.DelegatingMethodAccessorImpl.invoke(DelegatingMethodAccessorImpl.java:43)
	at java.base/java.lang.reflect.Method.invoke(Method.java:566)
	at org.openqa.selenium.support.pagefactory.internal.LocatingElementHandler.invoke(LocatingElementHandler.java:51)
	at com.sun.proxy.$Proxy17.click(Unknown Source)
	at allcom_testng.pages.BasePage.click(BasePage.java:62)
	at allcom_testng.pages.BasePage.type(BasePage.java:100)
	at allcom_testng.pages.BasePage.validateField(BasePage.java:231)
	at allcom_testng.tests.passwordReset.CreateNewPasswordPageTests.validatePasswordConfirmWithIncorrectData(CreateNewPasswordPageTests.java:37)
	at java.base/jdk.internal.reflect.NativeMethodAccessorImpl.invoke0(Native Method)
	at java.base/jdk.internal.reflect.NativeMethodAccessorImpl.invoke(NativeMethodAccessorImpl.java:62)
	at java.base/jdk.internal.reflect.DelegatingMethodAccessorImpl.invoke(DelegatingMethodAccessorImpl.java:43)
	at java.base/java.lang.reflect.Method.invoke(Method.java:566)
	at org.testng.internal.invokers.MethodInvocationHelper.invokeMethod(MethodInvocationHelper.java:139)
	at org.testng.internal.invokers.TestInvoker.invokeMethod(TestInvoker.java:664)
	at org.testng.internal.invokers.TestInvoker.invokeTestMethod(TestInvoker.java:228)
	at org.testng.internal.invokers.MethodRunner.runInSequence(MethodRunner.java:63)
	at org.testng.internal.invokers.TestInvoker$MethodInvocationAgent.invoke(TestInvoker.java:961)
	at org.testng.internal.invokers.TestInvoker.invokeTestMethods(TestInvoker.java:201)
	at org.testng.internal.invokers.TestMethodWorker.invokeTestMethods(TestMethodWorker.java:148)
	at org.testng.internal.invokers.TestMethodWorker.run(TestMethodWorker.java:128)
	at java.base/java.util.ArrayList.forEach(ArrayList.java:1541)
	at org.testng.TestRunner.privateRun(TestRunner.java:819)
	at org.testng.TestRunner.run(TestRunner.java:619)
	at org.testng.SuiteRunner.runTest(SuiteRunner.java:443)
	at org.testng.SuiteRunner.runSequentially(SuiteRunner.java:437)
	at org.testng.SuiteRunner.privateRun(SuiteRunner.java:397)
	at org.testng.SuiteRunner.run(SuiteRunner.java:336)
	at org.testng.SuiteRunnerWorker.runSuite(SuiteRunnerWorker.java:52)
	at org.testng.SuiteRunnerWorker.run(SuiteRunnerWorker.java:95)
	at org.testng.TestNG.runSuitesSequentially(TestNG.java:1301)
	at org.testng.TestNG.runSuitesLocally(TestNG.java:1228)
	at org.testng.TestNG.runSuites(TestNG.java:1134)
	at org.testng.TestNG.run(TestNG.java:1101)
	at org.gradle.api.internal.tasks.testing.testng.TestNGTestClassProcessor.runTests(TestNGTestClassProcessor.java:148)
	at org.gradle.api.internal.tasks.testing.testng.TestNGTestClassProcessor.stop(TestNGTestClassProcessor.java:95)
	at org.gradle.api.internal.tasks.testing.SuiteTestClassProcessor.stop(SuiteTestClassProcessor.java:62)
	at java.base/jdk.internal.reflect.NativeMethodAccessorImpl.invoke0(Native Method)
	at java.base/jdk.internal.reflect.NativeMethodAccessorImpl.invoke(NativeMethodAccessorImpl.java:62)
	at java.base/jdk.internal.reflect.DelegatingMethodAccessorImpl.invoke(DelegatingMethodAccessorImpl.java:43)
	at java.base/java.lang.reflect.Method.invoke(Method.java:566)
	at org.gradle.internal.dispatch.ReflectionDispatch.dispatch(ReflectionDispatch.java:36)
	at org.gradle.internal.dispatch.ReflectionDispatch.dispatch(ReflectionDispatch.java:24)
	at org.gradle.internal.dispatch.ContextClassLoaderDispatch.dispatch(ContextClassLoaderDispatch.java:33)
	at org.gradle.internal.dispatch.ProxyDispatchAdapter$DispatchingInvocationHandler.invoke(ProxyDispatchAdapter.java:94)
	at com.sun.proxy.$Proxy2.stop(Unknown Source)
	at org.gradle.api.internal.tasks.testing.worker.TestWorker$3.run(TestWorker.java:193)
	at org.gradle.api.internal.tasks.testing.worker.TestWorker.executeAndMaintainThreadName(TestWorker.java:129)
	at org.gradle.api.internal.tasks.testing.worker.TestWorker.execute(TestWorker.java:100)
	at org.gradle.api.internal.tasks.testing.worker.TestWorker.execute(TestWorker.java:60)
	at org.gradle.process.internal.worker.child.ActionExecutionWorker.execute(ActionExecutionWorker.java:56)
	at org.gradle.process.internal.worker.child.SystemApplicationClassLoaderWorker.call(SystemApplicationClassLoaderWorker.java:113)
	at org.gradle.process.internal.worker.child.SystemApplicationClassLoaderWorker.call(SystemApplicationClassLoaderWorker.java:65)
	at worker.org.gradle.process.internal.worker.GradleWorkerMain.run(GradleWorkerMain.java:69)
	at worker.org.gradle.process.internal.worker.GradleWorkerMain.main(GradleWorkerMain.java:74)
23:29:58.125 [Test worker] ERROR allcom_testng.tests.TestBase -- ERROR TEST SCREENSHOT: C:\Users\PORTISHEAD\Desktop\ALLCOM\allcom_qa\src\screenshots\screenshot_error_426074.png
23:29:58.125 [Test worker] INFO  allcom_testng.tests.TestBase -- [==================================================================================================]
23:29:58.125 [Test worker] INFO  allcom_testng.tests.TestBase -- STARTED: [validatePasswordConfirmWithIncorrectData]
23:29:59.115 [Test worker] ERROR allcom_testng.tests.TestBase -- ERROR FAILED TEST: [validatePasswordConfirmWithIncorrectData], with VALUES: [SELECT* FROM]
23:29:59.115 [Test worker] ERROR allcom_testng.tests.TestBase -- ERROR TEST MESSAGE: stale element reference: stale element not found
  (Session info: chrome-headless-shell=122.0.6261.70)
For documentation on this error, please visit: https://www.selenium.dev/documentation/webdriver/troubleshooting/errors#stale-element-reference-exception
Build info: version: '4.18.1', revision: 'b1d3319b48'
System info: os.name: 'Windows 11', os.arch: 'amd64', os.version: '10.0', java.version: '11.0.20'
Driver info: org.openqa.selenium.chrome.ChromeDriver
Command: [9df5fa7d277ff147dedd064b19ea2862, clickElement {id=f.833F0DC56686BB3144ECC6010251FADE.d.A4E84C9CEF2C2BEE571266B4BA81224D.e.8999}]
Capabilities {acceptInsecureCerts: false, browserName: chrome-headless-shell, browserVersion: 122.0.6261.70, chrome: {chromedriverVersion: 122.0.6261.69 (81bc525b6a36..., userDataDir: C:\Users\PORTIS~1\AppData\L...}, fedcm:accounts: true, goog:chromeOptions: {debuggerAddress: localhost:63482}, networkConnectionEnabled: false, pageLoadStrategy: normal, platformName: windows, proxy: Proxy(), se:cdp: ws://localhost:63482/devtoo..., se:cdpVersion: 122.0.6261.70, setWindowRect: true, strictFileInteractability: false, timeouts: {implicit: 0, pageLoad: 300000, script: 30000}, unhandledPromptBehavior: dismiss and notify, webauthn:extension:credBlob: true, webauthn:extension:largeBlob: true, webauthn:extension:minPinLength: true, webauthn:extension:prf: true, webauthn:virtualAuthenticators: true}
Element: [[ChromeDriver: chrome-headless-shell on windows (9df5fa7d277ff147dedd064b19ea2862)] -> name: passwordConfirm]
Session ID: 9df5fa7d277ff147dedd064b19ea2862
23:29:59.115 [Test worker] ERROR allcom_testng.tests.TestBase -- ERROR TEST STACK TRACE: 
org.openqa.selenium.StaleElementReferenceException: stale element reference: stale element not found
  (Session info: chrome-headless-shell=122.0.6261.70)
For documentation on this error, please visit: https://www.selenium.dev/documentation/webdriver/troubleshooting/errors#stale-element-reference-exception
Build info: version: '4.18.1', revision: 'b1d3319b48'
System info: os.name: 'Windows 11', os.arch: 'amd64', os.version: '10.0', java.version: '11.0.20'
Driver info: org.openqa.selenium.chrome.ChromeDriver
Command: [9df5fa7d277ff147dedd064b19ea2862, clickElement {id=f.833F0DC56686BB3144ECC6010251FADE.d.A4E84C9CEF2C2BEE571266B4BA81224D.e.8999}]
Capabilities {acceptInsecureCerts: false, browserName: chrome-headless-shell, browserVersion: 122.0.6261.70, chrome: {chromedriverVersion: 122.0.6261.69 (81bc525b6a36..., userDataDir: C:\Users\PORTIS~1\AppData\L...}, fedcm:accounts: true, goog:chromeOptions: {debuggerAddress: localhost:63482}, networkConnectionEnabled: false, pageLoadStrategy: normal, platformName: windows, proxy: Proxy(), se:cdp: ws://localhost:63482/devtoo..., se:cdpVersion: 122.0.6261.70, setWindowRect: true, strictFileInteractability: false, timeouts: {implicit: 0, pageLoad: 300000, script: 30000}, unhandledPromptBehavior: dismiss and notify, webauthn:extension:credBlob: true, webauthn:extension:largeBlob: true, webauthn:extension:minPinLength: true, webauthn:extension:prf: true, webauthn:virtualAuthenticators: true}
Element: [[ChromeDriver: chrome-headless-shell on windows (9df5fa7d277ff147dedd064b19ea2862)] -> name: passwordConfirm]
Session ID: 9df5fa7d277ff147dedd064b19ea2862
	at jdk.internal.reflect.GeneratedConstructorAccessor13.newInstance(Unknown Source)
	at java.base/jdk.internal.reflect.DelegatingConstructorAccessorImpl.newInstance(DelegatingConstructorAccessorImpl.java:45)
	at java.base/java.lang.reflect.Constructor.newInstance(Constructor.java:490)
	at org.openqa.selenium.remote.ErrorCodec.decode(ErrorCodec.java:167)
	at org.openqa.selenium.remote.codec.w3c.W3CHttpResponseCodec.decode(W3CHttpResponseCodec.java:138)
	at org.openqa.selenium.remote.codec.w3c.W3CHttpResponseCodec.decode(W3CHttpResponseCodec.java:50)
	at org.openqa.selenium.remote.HttpCommandExecutor.execute(HttpCommandExecutor.java:190)
	at org.openqa.selenium.remote.service.DriverCommandExecutor.invokeExecute(DriverCommandExecutor.java:216)
	at org.openqa.selenium.remote.service.DriverCommandExecutor.execute(DriverCommandExecutor.java:174)
	at org.openqa.selenium.remote.RemoteWebDriver.execute(RemoteWebDriver.java:519)
	at org.openqa.selenium.remote.RemoteWebElement.execute(RemoteWebElement.java:223)
	at org.openqa.selenium.remote.RemoteWebElement.click(RemoteWebElement.java:76)
	at jdk.internal.reflect.GeneratedMethodAccessor13.invoke(Unknown Source)
	at java.base/jdk.internal.reflect.DelegatingMethodAccessorImpl.invoke(DelegatingMethodAccessorImpl.java:43)
	at java.base/java.lang.reflect.Method.invoke(Method.java:566)
	at org.openqa.selenium.support.pagefactory.internal.LocatingElementHandler.invoke(LocatingElementHandler.java:51)
	at com.sun.proxy.$Proxy17.click(Unknown Source)
	at allcom_testng.pages.BasePage.click(BasePage.java:62)
	at allcom_testng.pages.BasePage.type(BasePage.java:100)
	at allcom_testng.pages.BasePage.validateField(BasePage.java:231)
	at allcom_testng.tests.passwordReset.CreateNewPasswordPageTests.validatePasswordConfirmWithIncorrectData(CreateNewPasswordPageTests.java:37)
	at java.base/jdk.internal.reflect.NativeMethodAccessorImpl.invoke0(Native Method)
	at java.base/jdk.internal.reflect.NativeMethodAccessorImpl.invoke(NativeMethodAccessorImpl.java:62)
	at java.base/jdk.internal.reflect.DelegatingMethodAccessorImpl.invoke(DelegatingMethodAccessorImpl.java:43)
	at java.base/java.lang.reflect.Method.invoke(Method.java:566)
	at org.testng.internal.invokers.MethodInvocationHelper.invokeMethod(MethodInvocationHelper.java:139)
	at org.testng.internal.invokers.TestInvoker.invokeMethod(TestInvoker.java:664)
	at org.testng.internal.invokers.TestInvoker.invokeTestMethod(TestInvoker.java:228)
	at org.testng.internal.invokers.MethodRunner.runInSequence(MethodRunner.java:63)
	at org.testng.internal.invokers.TestInvoker$MethodInvocationAgent.invoke(TestInvoker.java:961)
	at org.testng.internal.invokers.TestInvoker.invokeTestMethods(TestInvoker.java:201)
	at org.testng.internal.invokers.TestMethodWorker.invokeTestMethods(TestMethodWorker.java:148)
	at org.testng.internal.invokers.TestMethodWorker.run(TestMethodWorker.java:128)
	at java.base/java.util.ArrayList.forEach(ArrayList.java:1541)
	at org.testng.TestRunner.privateRun(TestRunner.java:819)
	at org.testng.TestRunner.run(TestRunner.java:619)
	at org.testng.SuiteRunner.runTest(SuiteRunner.java:443)
	at org.testng.SuiteRunner.runSequentially(SuiteRunner.java:437)
	at org.testng.SuiteRunner.privateRun(SuiteRunner.java:397)
	at org.testng.SuiteRunner.run(SuiteRunner.java:336)
	at org.testng.SuiteRunnerWorker.runSuite(SuiteRunnerWorker.java:52)
	at org.testng.SuiteRunnerWorker.run(SuiteRunnerWorker.java:95)
	at org.testng.TestNG.runSuitesSequentially(TestNG.java:1301)
	at org.testng.TestNG.runSuitesLocally(TestNG.java:1228)
	at org.testng.TestNG.runSuites(TestNG.java:1134)
	at org.testng.TestNG.run(TestNG.java:1101)
	at org.gradle.api.internal.tasks.testing.testng.TestNGTestClassProcessor.runTests(TestNGTestClassProcessor.java:148)
	at org.gradle.api.internal.tasks.testing.testng.TestNGTestClassProcessor.stop(TestNGTestClassProcessor.java:95)
	at org.gradle.api.internal.tasks.testing.SuiteTestClassProcessor.stop(SuiteTestClassProcessor.java:62)
	at java.base/jdk.internal.reflect.NativeMethodAccessorImpl.invoke0(Native Method)
	at java.base/jdk.internal.reflect.NativeMethodAccessorImpl.invoke(NativeMethodAccessorImpl.java:62)
	at java.base/jdk.internal.reflect.DelegatingMethodAccessorImpl.invoke(DelegatingMethodAccessorImpl.java:43)
	at java.base/java.lang.reflect.Method.invoke(Method.java:566)
	at org.gradle.internal.dispatch.ReflectionDispatch.dispatch(ReflectionDispatch.java:36)
	at org.gradle.internal.dispatch.ReflectionDispatch.dispatch(ReflectionDispatch.java:24)
	at org.gradle.internal.dispatch.ContextClassLoaderDispatch.dispatch(ContextClassLoaderDispatch.java:33)
	at org.gradle.internal.dispatch.ProxyDispatchAdapter$DispatchingInvocationHandler.invoke(ProxyDispatchAdapter.java:94)
	at com.sun.proxy.$Proxy2.stop(Unknown Source)
	at org.gradle.api.internal.tasks.testing.worker.TestWorker$3.run(TestWorker.java:193)
	at org.gradle.api.internal.tasks.testing.worker.TestWorker.executeAndMaintainThreadName(TestWorker.java:129)
	at org.gradle.api.internal.tasks.testing.worker.TestWorker.execute(TestWorker.java:100)
	at org.gradle.api.internal.tasks.testing.worker.TestWorker.execute(TestWorker.java:60)
	at org.gradle.process.internal.worker.child.ActionExecutionWorker.execute(ActionExecutionWorker.java:56)
	at org.gradle.process.internal.worker.child.SystemApplicationClassLoaderWorker.call(SystemApplicationClassLoaderWorker.java:113)
	at org.gradle.process.internal.worker.child.SystemApplicationClassLoaderWorker.call(SystemApplicationClassLoaderWorker.java:65)
	at worker.org.gradle.process.internal.worker.GradleWorkerMain.run(GradleWorkerMain.java:69)
	at worker.org.gradle.process.internal.worker.GradleWorkerMain.main(GradleWorkerMain.java:74)
23:29:59.242 [Test worker] ERROR allcom_testng.tests.TestBase -- ERROR TEST SCREENSHOT: C:\Users\PORTISHEAD\Desktop\ALLCOM\allcom_qa\src\screenshots\screenshot_error_426085.png
23:29:59.242 [Test worker] INFO  allcom_testng.tests.TestBase -- [==================================================================================================]
23:29:59.242 [Test worker] INFO  allcom_testng.tests.TestBase -- STARTED: [validatePasswordConfirmWithIncorrectData]
23:30:00.267 [Test worker] INFO  allcom_testng.tests.TestBase -- PASSED: [validatePasswordConfirmWithIncorrectData], with VALUES: [www.gmail.com]
23:30:00.267 [Test worker] INFO  allcom_testng.tests.TestBase -- STARTED: [validatePasswordConfirmWithIncorrectData]
23:30:01.162 [Test worker] ERROR allcom_testng.tests.TestBase -- ERROR FAILED TEST: [validatePasswordConfirmWithIncorrectData], with VALUES: []
23:30:01.162 [Test worker] ERROR allcom_testng.tests.TestBase -- ERROR TEST MESSAGE: stale element reference: stale element not found
  (Session info: chrome-headless-shell=122.0.6261.70)
For documentation on this error, please visit: https://www.selenium.dev/documentation/webdriver/troubleshooting/errors#stale-element-reference-exception
Build info: version: '4.18.1', revision: 'b1d3319b48'
System info: os.name: 'Windows 11', os.arch: 'amd64', os.version: '10.0', java.version: '11.0.20'
Driver info: org.openqa.selenium.chrome.ChromeDriver
Command: [9df5fa7d277ff147dedd064b19ea2862, clickElement {id=f.833F0DC56686BB3144ECC6010251FADE.d.1F20647BBB1F402E37B213C81111095D.e.9072}]
Capabilities {acceptInsecureCerts: false, browserName: chrome-headless-shell, browserVersion: 122.0.6261.70, chrome: {chromedriverVersion: 122.0.6261.69 (81bc525b6a36..., userDataDir: C:\Users\PORTIS~1\AppData\L...}, fedcm:accounts: true, goog:chromeOptions: {debuggerAddress: localhost:63482}, networkConnectionEnabled: false, pageLoadStrategy: normal, platformName: windows, proxy: Proxy(), se:cdp: ws://localhost:63482/devtoo..., se:cdpVersion: 122.0.6261.70, setWindowRect: true, strictFileInteractability: false, timeouts: {implicit: 0, pageLoad: 300000, script: 30000}, unhandledPromptBehavior: dismiss and notify, webauthn:extension:credBlob: true, webauthn:extension:largeBlob: true, webauthn:extension:minPinLength: true, webauthn:extension:prf: true, webauthn:virtualAuthenticators: true}
Element: [[ChromeDriver: chrome-headless-shell on windows (9df5fa7d277ff147dedd064b19ea2862)] -> name: passwordConfirm]
Session ID: 9df5fa7d277ff147dedd064b19ea2862
23:30:01.162 [Test worker] ERROR allcom_testng.tests.TestBase -- ERROR TEST STACK TRACE: 
org.openqa.selenium.StaleElementReferenceException: stale element reference: stale element not found
  (Session info: chrome-headless-shell=122.0.6261.70)
For documentation on this error, please visit: https://www.selenium.dev/documentation/webdriver/troubleshooting/errors#stale-element-reference-exception
Build info: version: '4.18.1', revision: 'b1d3319b48'
System info: os.name: 'Windows 11', os.arch: 'amd64', os.version: '10.0', java.version: '11.0.20'
Driver info: org.openqa.selenium.chrome.ChromeDriver
Command: [9df5fa7d277ff147dedd064b19ea2862, clickElement {id=f.833F0DC56686BB3144ECC6010251FADE.d.1F20647BBB1F402E37B213C81111095D.e.9072}]
Capabilities {acceptInsecureCerts: false, browserName: chrome-headless-shell, browserVersion: 122.0.6261.70, chrome: {chromedriverVersion: 122.0.6261.69 (81bc525b6a36..., userDataDir: C:\Users\PORTIS~1\AppData\L...}, fedcm:accounts: true, goog:chromeOptions: {debuggerAddress: localhost:63482}, networkConnectionEnabled: false, pageLoadStrategy: normal, platformName: windows, proxy: Proxy(), se:cdp: ws://localhost:63482/devtoo..., se:cdpVersion: 122.0.6261.70, setWindowRect: true, strictFileInteractability: false, timeouts: {implicit: 0, pageLoad: 300000, script: 30000}, unhandledPromptBehavior: dismiss and notify, webauthn:extension:credBlob: true, webauthn:extension:largeBlob: true, webauthn:extension:minPinLength: true, webauthn:extension:prf: true, webauthn:virtualAuthenticators: true}
Element: [[ChromeDriver: chrome-headless-shell on windows (9df5fa7d277ff147dedd064b19ea2862)] -> name: passwordConfirm]
Session ID: 9df5fa7d277ff147dedd064b19ea2862
	at jdk.internal.reflect.GeneratedConstructorAccessor13.newInstance(Unknown Source)
	at java.base/jdk.internal.reflect.DelegatingConstructorAccessorImpl.newInstance(DelegatingConstructorAccessorImpl.java:45)
	at java.base/java.lang.reflect.Constructor.newInstance(Constructor.java:490)
	at org.openqa.selenium.remote.ErrorCodec.decode(ErrorCodec.java:167)
	at org.openqa.selenium.remote.codec.w3c.W3CHttpResponseCodec.decode(W3CHttpResponseCodec.java:138)
	at org.openqa.selenium.remote.codec.w3c.W3CHttpResponseCodec.decode(W3CHttpResponseCodec.java:50)
	at org.openqa.selenium.remote.HttpCommandExecutor.execute(HttpCommandExecutor.java:190)
	at org.openqa.selenium.remote.service.DriverCommandExecutor.invokeExecute(DriverCommandExecutor.java:216)
	at org.openqa.selenium.remote.service.DriverCommandExecutor.execute(DriverCommandExecutor.java:174)
	at org.openqa.selenium.remote.RemoteWebDriver.execute(RemoteWebDriver.java:519)
	at org.openqa.selenium.remote.RemoteWebElement.execute(RemoteWebElement.java:223)
	at org.openqa.selenium.remote.RemoteWebElement.click(RemoteWebElement.java:76)
	at jdk.internal.reflect.GeneratedMethodAccessor13.invoke(Unknown Source)
	at java.base/jdk.internal.reflect.DelegatingMethodAccessorImpl.invoke(DelegatingMethodAccessorImpl.java:43)
	at java.base/java.lang.reflect.Method.invoke(Method.java:566)
	at org.openqa.selenium.support.pagefactory.internal.LocatingElementHandler.invoke(LocatingElementHandler.java:51)
	at com.sun.proxy.$Proxy17.click(Unknown Source)
	at allcom_testng.pages.BasePage.click(BasePage.java:62)
	at allcom_testng.pages.BasePage.type(BasePage.java:100)
	at allcom_testng.pages.BasePage.validateField(BasePage.java:231)
	at allcom_testng.tests.passwordReset.CreateNewPasswordPageTests.validatePasswordConfirmWithIncorrectData(CreateNewPasswordPageTests.java:37)
	at java.base/jdk.internal.reflect.NativeMethodAccessorImpl.invoke0(Native Method)
	at java.base/jdk.internal.reflect.NativeMethodAccessorImpl.invoke(NativeMethodAccessorImpl.java:62)
	at java.base/jdk.internal.reflect.DelegatingMethodAccessorImpl.invoke(DelegatingMethodAccessorImpl.java:43)
	at java.base/java.lang.reflect.Method.invoke(Method.java:566)
	at org.testng.internal.invokers.MethodInvocationHelper.invokeMethod(MethodInvocationHelper.java:139)
	at org.testng.internal.invokers.TestInvoker.invokeMethod(TestInvoker.java:664)
	at org.testng.internal.invokers.TestInvoker.invokeTestMethod(TestInvoker.java:228)
	at org.testng.internal.invokers.MethodRunner.runInSequence(MethodRunner.java:63)
	at org.testng.internal.invokers.TestInvoker$MethodInvocationAgent.invoke(TestInvoker.java:961)
	at org.testng.internal.invokers.TestInvoker.invokeTestMethods(TestInvoker.java:201)
	at org.testng.internal.invokers.TestMethodWorker.invokeTestMethods(TestMethodWorker.java:148)
	at org.testng.internal.invokers.TestMethodWorker.run(TestMethodWorker.java:128)
	at java.base/java.util.ArrayList.forEach(ArrayList.java:1541)
	at org.testng.TestRunner.privateRun(TestRunner.java:819)
	at org.testng.TestRunner.run(TestRunner.java:619)
	at org.testng.SuiteRunner.runTest(SuiteRunner.java:443)
	at org.testng.SuiteRunner.runSequentially(SuiteRunner.java:437)
	at org.testng.SuiteRunner.privateRun(SuiteRunner.java:397)
	at org.testng.SuiteRunner.run(SuiteRunner.java:336)
	at org.testng.SuiteRunnerWorker.runSuite(SuiteRunnerWorker.java:52)
	at org.testng.SuiteRunnerWorker.run(SuiteRunnerWorker.java:95)
	at org.testng.TestNG.runSuitesSequentially(TestNG.java:1301)
	at org.testng.TestNG.runSuitesLocally(TestNG.java:1228)
	at org.testng.TestNG.runSuites(TestNG.java:1134)
	at org.testng.TestNG.run(TestNG.java:1101)
	at org.gradle.api.internal.tasks.testing.testng.TestNGTestClassProcessor.runTests(TestNGTestClassProcessor.java:148)
	at org.gradle.api.internal.tasks.testing.testng.TestNGTestClassProcessor.stop(TestNGTestClassProcessor.java:95)
	at org.gradle.api.internal.tasks.testing.SuiteTestClassProcessor.stop(SuiteTestClassProcessor.java:62)
	at java.base/jdk.internal.reflect.NativeMethodAccessorImpl.invoke0(Native Method)
	at java.base/jdk.internal.reflect.NativeMethodAccessorImpl.invoke(NativeMethodAccessorImpl.java:62)
	at java.base/jdk.internal.reflect.DelegatingMethodAccessorImpl.invoke(DelegatingMethodAccessorImpl.java:43)
	at java.base/java.lang.reflect.Method.invoke(Method.java:566)
	at org.gradle.internal.dispatch.ReflectionDispatch.dispatch(ReflectionDispatch.java:36)
	at org.gradle.internal.dispatch.ReflectionDispatch.dispatch(ReflectionDispatch.java:24)
	at org.gradle.internal.dispatch.ContextClassLoaderDispatch.dispatch(ContextClassLoaderDispatch.java:33)
	at org.gradle.internal.dispatch.ProxyDispatchAdapter$DispatchingInvocationHandler.invoke(ProxyDispatchAdapter.java:94)
	at com.sun.proxy.$Proxy2.stop(Unknown Source)
	at org.gradle.api.internal.tasks.testing.worker.TestWorker$3.run(TestWorker.java:193)
	at org.gradle.api.internal.tasks.testing.worker.TestWorker.executeAndMaintainThreadName(TestWorker.java:129)
	at org.gradle.api.internal.tasks.testing.worker.TestWorker.execute(TestWorker.java:100)
	at org.gradle.api.internal.tasks.testing.worker.TestWorker.execute(TestWorker.java:60)
	at org.gradle.process.internal.worker.child.ActionExecutionWorker.execute(ActionExecutionWorker.java:56)
	at org.gradle.process.internal.worker.child.SystemApplicationClassLoaderWorker.call(SystemApplicationClassLoaderWorker.java:113)
	at org.gradle.process.internal.worker.child.SystemApplicationClassLoaderWorker.call(SystemApplicationClassLoaderWorker.java:65)
	at worker.org.gradle.process.internal.worker.GradleWorkerMain.run(GradleWorkerMain.java:69)
	at worker.org.gradle.process.internal.worker.GradleWorkerMain.main(GradleWorkerMain.java:74)
23:30:01.312 [Test worker] ERROR allcom_testng.tests.TestBase -- ERROR TEST SCREENSHOT: C:\Users\PORTISHEAD\Desktop\ALLCOM\allcom_qa\src\screenshots\screenshot_error_426106.png
23:30:01.312 [Test worker] INFO  allcom_testng.tests.TestBase -- [==================================================================================================]
23:30:01.312 [Test worker] INFO  allcom_testng.tests.TestBase -- STARTED: [validatePasswordConfirmWithIncorrectData]
23:30:02.211 [Test worker] ERROR allcom_testng.tests.TestBase -- ERROR FAILED TEST: [validatePasswordConfirmWithIncorrectData], with VALUES: [В ]
23:30:02.211 [Test worker] ERROR allcom_testng.tests.TestBase -- ERROR TEST MESSAGE: stale element reference: stale element not found
  (Session info: chrome-headless-shell=122.0.6261.70)
For documentation on this error, please visit: https://www.selenium.dev/documentation/webdriver/troubleshooting/errors#stale-element-reference-exception
Build info: version: '4.18.1', revision: 'b1d3319b48'
System info: os.name: 'Windows 11', os.arch: 'amd64', os.version: '10.0', java.version: '11.0.20'
Driver info: org.openqa.selenium.chrome.ChromeDriver
Command: [9df5fa7d277ff147dedd064b19ea2862, clickElement {id=f.833F0DC56686BB3144ECC6010251FADE.d.8A6C1B691F9D20D57B036FAEC3B7A5DA.e.9183}]
Capabilities {acceptInsecureCerts: false, browserName: chrome-headless-shell, browserVersion: 122.0.6261.70, chrome: {chromedriverVersion: 122.0.6261.69 (81bc525b6a36..., userDataDir: C:\Users\PORTIS~1\AppData\L...}, fedcm:accounts: true, goog:chromeOptions: {debuggerAddress: localhost:63482}, networkConnectionEnabled: false, pageLoadStrategy: normal, platformName: windows, proxy: Proxy(), se:cdp: ws://localhost:63482/devtoo..., se:cdpVersion: 122.0.6261.70, setWindowRect: true, strictFileInteractability: false, timeouts: {implicit: 0, pageLoad: 300000, script: 30000}, unhandledPromptBehavior: dismiss and notify, webauthn:extension:credBlob: true, webauthn:extension:largeBlob: true, webauthn:extension:minPinLength: true, webauthn:extension:prf: true, webauthn:virtualAuthenticators: true}
Element: [[ChromeDriver: chrome-headless-shell on windows (9df5fa7d277ff147dedd064b19ea2862)] -> name: passwordConfirm]
Session ID: 9df5fa7d277ff147dedd064b19ea2862
23:30:02.211 [Test worker] ERROR allcom_testng.tests.TestBase -- ERROR TEST STACK TRACE: 
org.openqa.selenium.StaleElementReferenceException: stale element reference: stale element not found
  (Session info: chrome-headless-shell=122.0.6261.70)
For documentation on this error, please visit: https://www.selenium.dev/documentation/webdriver/troubleshooting/errors#stale-element-reference-exception
Build info: version: '4.18.1', revision: 'b1d3319b48'
System info: os.name: 'Windows 11', os.arch: 'amd64', os.version: '10.0', java.version: '11.0.20'
Driver info: org.openqa.selenium.chrome.ChromeDriver
Command: [9df5fa7d277ff147dedd064b19ea2862, clickElement {id=f.833F0DC56686BB3144ECC6010251FADE.d.8A6C1B691F9D20D57B036FAEC3B7A5DA.e.9183}]
Capabilities {acceptInsecureCerts: false, browserName: chrome-headless-shell, browserVersion: 122.0.6261.70, chrome: {chromedriverVersion: 122.0.6261.69 (81bc525b6a36..., userDataDir: C:\Users\PORTIS~1\AppData\L...}, fedcm:accounts: true, goog:chromeOptions: {debuggerAddress: localhost:63482}, networkConnectionEnabled: false, pageLoadStrategy: normal, platformName: windows, proxy: Proxy(), se:cdp: ws://localhost:63482/devtoo..., se:cdpVersion: 122.0.6261.70, setWindowRect: true, strictFileInteractability: false, timeouts: {implicit: 0, pageLoad: 300000, script: 30000}, unhandledPromptBehavior: dismiss and notify, webauthn:extension:credBlob: true, webauthn:extension:largeBlob: true, webauthn:extension:minPinLength: true, webauthn:extension:prf: true, webauthn:virtualAuthenticators: true}
Element: [[ChromeDriver: chrome-headless-shell on windows (9df5fa7d277ff147dedd064b19ea2862)] -> name: passwordConfirm]
Session ID: 9df5fa7d277ff147dedd064b19ea2862
	at jdk.internal.reflect.GeneratedConstructorAccessor13.newInstance(Unknown Source)
	at java.base/jdk.internal.reflect.DelegatingConstructorAccessorImpl.newInstance(DelegatingConstructorAccessorImpl.java:45)
	at java.base/java.lang.reflect.Constructor.newInstance(Constructor.java:490)
	at org.openqa.selenium.remote.ErrorCodec.decode(ErrorCodec.java:167)
	at org.openqa.selenium.remote.codec.w3c.W3CHttpResponseCodec.decode(W3CHttpResponseCodec.java:138)
	at org.openqa.selenium.remote.codec.w3c.W3CHttpResponseCodec.decode(W3CHttpResponseCodec.java:50)
	at org.openqa.selenium.remote.HttpCommandExecutor.execute(HttpCommandExecutor.java:190)
	at org.openqa.selenium.remote.service.DriverCommandExecutor.invokeExecute(DriverCommandExecutor.java:216)
	at org.openqa.selenium.remote.service.DriverCommandExecutor.execute(DriverCommandExecutor.java:174)
	at org.openqa.selenium.remote.RemoteWebDriver.execute(RemoteWebDriver.java:519)
	at org.openqa.selenium.remote.RemoteWebElement.execute(RemoteWebElement.java:223)
	at org.openqa.selenium.remote.RemoteWebElement.click(RemoteWebElement.java:76)
	at jdk.internal.reflect.GeneratedMethodAccessor13.invoke(Unknown Source)
	at java.base/jdk.internal.reflect.DelegatingMethodAccessorImpl.invoke(DelegatingMethodAccessorImpl.java:43)
	at java.base/java.lang.reflect.Method.invoke(Method.java:566)
	at org.openqa.selenium.support.pagefactory.internal.LocatingElementHandler.invoke(LocatingElementHandler.java:51)
	at com.sun.proxy.$Proxy17.click(Unknown Source)
	at allcom_testng.pages.BasePage.click(BasePage.java:62)
	at allcom_testng.pages.BasePage.type(BasePage.java:100)
	at allcom_testng.pages.BasePage.validateField(BasePage.java:231)
	at allcom_testng.tests.passwordReset.CreateNewPasswordPageTests.validatePasswordConfirmWithIncorrectData(CreateNewPasswordPageTests.java:37)
	at java.base/jdk.internal.reflect.NativeMethodAccessorImpl.invoke0(Native Method)
	at java.base/jdk.internal.reflect.NativeMethodAccessorImpl.invoke(NativeMethodAccessorImpl.java:62)
	at java.base/jdk.internal.reflect.DelegatingMethodAccessorImpl.invoke(DelegatingMethodAccessorImpl.java:43)
	at java.base/java.lang.reflect.Method.invoke(Method.java:566)
	at org.testng.internal.invokers.MethodInvocationHelper.invokeMethod(MethodInvocationHelper.java:139)
	at org.testng.internal.invokers.TestInvoker.invokeMethod(TestInvoker.java:664)
	at org.testng.internal.invokers.TestInvoker.invokeTestMethod(TestInvoker.java:228)
	at org.testng.internal.invokers.MethodRunner.runInSequence(MethodRunner.java:63)
	at org.testng.internal.invokers.TestInvoker$MethodInvocationAgent.invoke(TestInvoker.java:961)
	at org.testng.internal.invokers.TestInvoker.invokeTestMethods(TestInvoker.java:201)
	at org.testng.internal.invokers.TestMethodWorker.invokeTestMethods(TestMethodWorker.java:148)
	at org.testng.internal.invokers.TestMethodWorker.run(TestMethodWorker.java:128)
	at java.base/java.util.ArrayList.forEach(ArrayList.java:1541)
	at org.testng.TestRunner.privateRun(TestRunner.java:819)
	at org.testng.TestRunner.run(TestRunner.java:619)
	at org.testng.SuiteRunner.runTest(SuiteRunner.java:443)
	at org.testng.SuiteRunner.runSequentially(SuiteRunner.java:437)
	at org.testng.SuiteRunner.privateRun(SuiteRunner.java:397)
	at org.testng.SuiteRunner.run(SuiteRunner.java:336)
	at org.testng.SuiteRunnerWorker.runSuite(SuiteRunnerWorker.java:52)
	at org.testng.SuiteRunnerWorker.run(SuiteRunnerWorker.java:95)
	at org.testng.TestNG.runSuitesSequentially(TestNG.java:1301)
	at org.testng.TestNG.runSuitesLocally(TestNG.java:1228)
	at org.testng.TestNG.runSuites(TestNG.java:1134)
	at org.testng.TestNG.run(TestNG.java:1101)
	at org.gradle.api.internal.tasks.testing.testng.TestNGTestClassProcessor.runTests(TestNGTestClassProcessor.java:148)
	at org.gradle.api.internal.tasks.testing.testng.TestNGTestClassProcessor.stop(TestNGTestClassProcessor.java:95)
	at org.gradle.api.internal.tasks.testing.SuiteTestClassProcessor.stop(SuiteTestClassProcessor.java:62)
	at java.base/jdk.internal.reflect.NativeMethodAccessorImpl.invoke0(Native Method)
	at java.base/jdk.internal.reflect.NativeMethodAccessorImpl.invoke(NativeMethodAccessorImpl.java:62)
	at java.base/jdk.internal.reflect.DelegatingMethodAccessorImpl.invoke(DelegatingMethodAccessorImpl.java:43)
	at java.base/java.lang.reflect.Method.invoke(Method.java:566)
	at org.gradle.internal.dispatch.ReflectionDispatch.dispatch(ReflectionDispatch.java:36)
	at org.gradle.internal.dispatch.ReflectionDispatch.dispatch(ReflectionDispatch.java:24)
	at org.gradle.internal.dispatch.ContextClassLoaderDispatch.dispatch(ContextClassLoaderDispatch.java:33)
	at org.gradle.internal.dispatch.ProxyDispatchAdapter$DispatchingInvocationHandler.invoke(ProxyDispatchAdapter.java:94)
	at com.sun.proxy.$Proxy2.stop(Unknown Source)
	at org.gradle.api.internal.tasks.testing.worker.TestWorker$3.run(TestWorker.java:193)
	at org.gradle.api.internal.tasks.testing.worker.TestWorker.executeAndMaintainThreadName(TestWorker.java:129)
	at org.gradle.api.internal.tasks.testing.worker.TestWorker.execute(TestWorker.java:100)
	at org.gradle.api.internal.tasks.testing.worker.TestWorker.execute(TestWorker.java:60)
	at org.gradle.process.internal.worker.child.ActionExecutionWorker.execute(ActionExecutionWorker.java:56)
	at org.gradle.process.internal.worker.child.SystemApplicationClassLoaderWorker.call(SystemApplicationClassLoaderWorker.java:113)
	at org.gradle.process.internal.worker.child.SystemApplicationClassLoaderWorker.call(SystemApplicationClassLoaderWorker.java:65)
	at worker.org.gradle.process.internal.worker.GradleWorkerMain.run(GradleWorkerMain.java:69)
	at worker.org.gradle.process.internal.worker.GradleWorkerMain.main(GradleWorkerMain.java:74)
23:30:02.342 [Test worker] ERROR allcom_testng.tests.TestBase -- ERROR TEST SCREENSHOT: C:\Users\PORTISHEAD\Desktop\ALLCOM\allcom_qa\src\screenshots\screenshot_error_426116.png
23:30:02.342 [Test worker] INFO  allcom_testng.tests.TestBase -- [==================================================================================================]
23:30:02.342 [Test worker] INFO  allcom_testng.tests.TestBase -- STARTED: [validatePasswordConfirmWithIncorrectData]
23:30:03.250 [Test worker] ERROR allcom_testng.tests.TestBase -- ERROR FAILED TEST: [validatePasswordConfirmWithIncorrectData], with VALUES: []
23:30:03.250 [Test worker] ERROR allcom_testng.tests.TestBase -- ERROR TEST MESSAGE: stale element reference: stale element not found
  (Session info: chrome-headless-shell=122.0.6261.70)
For documentation on this error, please visit: https://www.selenium.dev/documentation/webdriver/troubleshooting/errors#stale-element-reference-exception
Build info: version: '4.18.1', revision: 'b1d3319b48'
System info: os.name: 'Windows 11', os.arch: 'amd64', os.version: '10.0', java.version: '11.0.20'
Driver info: org.openqa.selenium.chrome.ChromeDriver
Command: [9df5fa7d277ff147dedd064b19ea2862, clickElement {id=f.833F0DC56686BB3144ECC6010251FADE.d.EC1A9E81B566FB8955EC41B65A375B66.e.9186}]
Capabilities {acceptInsecureCerts: false, browserName: chrome-headless-shell, browserVersion: 122.0.6261.70, chrome: {chromedriverVersion: 122.0.6261.69 (81bc525b6a36..., userDataDir: C:\Users\PORTIS~1\AppData\L...}, fedcm:accounts: true, goog:chromeOptions: {debuggerAddress: localhost:63482}, networkConnectionEnabled: false, pageLoadStrategy: normal, platformName: windows, proxy: Proxy(), se:cdp: ws://localhost:63482/devtoo..., se:cdpVersion: 122.0.6261.70, setWindowRect: true, strictFileInteractability: false, timeouts: {implicit: 0, pageLoad: 300000, script: 30000}, unhandledPromptBehavior: dismiss and notify, webauthn:extension:credBlob: true, webauthn:extension:largeBlob: true, webauthn:extension:minPinLength: true, webauthn:extension:prf: true, webauthn:virtualAuthenticators: true}
Element: [[ChromeDriver: chrome-headless-shell on windows (9df5fa7d277ff147dedd064b19ea2862)] -> name: passwordConfirm]
Session ID: 9df5fa7d277ff147dedd064b19ea2862
23:30:03.250 [Test worker] ERROR allcom_testng.tests.TestBase -- ERROR TEST STACK TRACE: 
org.openqa.selenium.StaleElementReferenceException: stale element reference: stale element not found
  (Session info: chrome-headless-shell=122.0.6261.70)
For documentation on this error, please visit: https://www.selenium.dev/documentation/webdriver/troubleshooting/errors#stale-element-reference-exception
Build info: version: '4.18.1', revision: 'b1d3319b48'
System info: os.name: 'Windows 11', os.arch: 'amd64', os.version: '10.0', java.version: '11.0.20'
Driver info: org.openqa.selenium.chrome.ChromeDriver
Command: [9df5fa7d277ff147dedd064b19ea2862, clickElement {id=f.833F0DC56686BB3144ECC6010251FADE.d.EC1A9E81B566FB8955EC41B65A375B66.e.9186}]
Capabilities {acceptInsecureCerts: false, browserName: chrome-headless-shell, browserVersion: 122.0.6261.70, chrome: {chromedriverVersion: 122.0.6261.69 (81bc525b6a36..., userDataDir: C:\Users\PORTIS~1\AppData\L...}, fedcm:accounts: true, goog:chromeOptions: {debuggerAddress: localhost:63482}, networkConnectionEnabled: false, pageLoadStrategy: normal, platformName: windows, proxy: Proxy(), se:cdp: ws://localhost:63482/devtoo..., se:cdpVersion: 122.0.6261.70, setWindowRect: true, strictFileInteractability: false, timeouts: {implicit: 0, pageLoad: 300000, script: 30000}, unhandledPromptBehavior: dismiss and notify, webauthn:extension:credBlob: true, webauthn:extension:largeBlob: true, webauthn:extension:minPinLength: true, webauthn:extension:prf: true, webauthn:virtualAuthenticators: true}
Element: [[ChromeDriver: chrome-headless-shell on windows (9df5fa7d277ff147dedd064b19ea2862)] -> name: passwordConfirm]
Session ID: 9df5fa7d277ff147dedd064b19ea2862
	at jdk.internal.reflect.GeneratedConstructorAccessor13.newInstance(Unknown Source)
	at java.base/jdk.internal.reflect.DelegatingConstructorAccessorImpl.newInstance(DelegatingConstructorAccessorImpl.java:45)
	at java.base/java.lang.reflect.Constructor.newInstance(Constructor.java:490)
	at org.openqa.selenium.remote.ErrorCodec.decode(ErrorCodec.java:167)
	at org.openqa.selenium.remote.codec.w3c.W3CHttpResponseCodec.decode(W3CHttpResponseCodec.java:138)
	at org.openqa.selenium.remote.codec.w3c.W3CHttpResponseCodec.decode(W3CHttpResponseCodec.java:50)
	at org.openqa.selenium.remote.HttpCommandExecutor.execute(HttpCommandExecutor.java:190)
	at org.openqa.selenium.remote.service.DriverCommandExecutor.invokeExecute(DriverCommandExecutor.java:216)
	at org.openqa.selenium.remote.service.DriverCommandExecutor.execute(DriverCommandExecutor.java:174)
	at org.openqa.selenium.remote.RemoteWebDriver.execute(RemoteWebDriver.java:519)
	at org.openqa.selenium.remote.RemoteWebElement.execute(RemoteWebElement.java:223)
	at org.openqa.selenium.remote.RemoteWebElement.click(RemoteWebElement.java:76)
	at jdk.internal.reflect.GeneratedMethodAccessor13.invoke(Unknown Source)
	at java.base/jdk.internal.reflect.DelegatingMethodAccessorImpl.invoke(DelegatingMethodAccessorImpl.java:43)
	at java.base/java.lang.reflect.Method.invoke(Method.java:566)
	at org.openqa.selenium.support.pagefactory.internal.LocatingElementHandler.invoke(LocatingElementHandler.java:51)
	at com.sun.proxy.$Proxy17.click(Unknown Source)
	at allcom_testng.pages.BasePage.click(BasePage.java:62)
	at allcom_testng.pages.BasePage.type(BasePage.java:100)
	at allcom_testng.pages.BasePage.validateField(BasePage.java:231)
	at allcom_testng.tests.passwordReset.CreateNewPasswordPageTests.validatePasswordConfirmWithIncorrectData(CreateNewPasswordPageTests.java:37)
	at java.base/jdk.internal.reflect.NativeMethodAccessorImpl.invoke0(Native Method)
	at java.base/jdk.internal.reflect.NativeMethodAccessorImpl.invoke(NativeMethodAccessorImpl.java:62)
	at java.base/jdk.internal.reflect.DelegatingMethodAccessorImpl.invoke(DelegatingMethodAccessorImpl.java:43)
	at java.base/java.lang.reflect.Method.invoke(Method.java:566)
	at org.testng.internal.invokers.MethodInvocationHelper.invokeMethod(MethodInvocationHelper.java:139)
	at org.testng.internal.invokers.TestInvoker.invokeMethod(TestInvoker.java:664)
	at org.testng.internal.invokers.TestInvoker.invokeTestMethod(TestInvoker.java:228)
	at org.testng.internal.invokers.MethodRunner.runInSequence(MethodRunner.java:63)
	at org.testng.internal.invokers.TestInvoker$MethodInvocationAgent.invoke(TestInvoker.java:961)
	at org.testng.internal.invokers.TestInvoker.invokeTestMethods(TestInvoker.java:201)
	at org.testng.internal.invokers.TestMethodWorker.invokeTestMethods(TestMethodWorker.java:148)
	at org.testng.internal.invokers.TestMethodWorker.run(TestMethodWorker.java:128)
	at java.base/java.util.ArrayList.forEach(ArrayList.java:1541)
	at org.testng.TestRunner.privateRun(TestRunner.java:819)
	at org.testng.TestRunner.run(TestRunner.java:619)
	at org.testng.SuiteRunner.runTest(SuiteRunner.java:443)
	at org.testng.SuiteRunner.runSequentially(SuiteRunner.java:437)
	at org.testng.SuiteRunner.privateRun(SuiteRunner.java:397)
	at org.testng.SuiteRunner.run(SuiteRunner.java:336)
	at org.testng.SuiteRunnerWorker.runSuite(SuiteRunnerWorker.java:52)
	at org.testng.SuiteRunnerWorker.run(SuiteRunnerWorker.java:95)
	at org.testng.TestNG.runSuitesSequentially(TestNG.java:1301)
	at org.testng.TestNG.runSuitesLocally(TestNG.java:1228)
	at org.testng.TestNG.runSuites(TestNG.java:1134)
	at org.testng.TestNG.run(TestNG.java:1101)
	at org.gradle.api.internal.tasks.testing.testng.TestNGTestClassProcessor.runTests(TestNGTestClassProcessor.java:148)
	at org.gradle.api.internal.tasks.testing.testng.TestNGTestClassProcessor.stop(TestNGTestClassProcessor.java:95)
	at org.gradle.api.internal.tasks.testing.SuiteTestClassProcessor.stop(SuiteTestClassProcessor.java:62)
	at java.base/jdk.internal.reflect.NativeMethodAccessorImpl.invoke0(Native Method)
	at java.base/jdk.internal.reflect.NativeMethodAccessorImpl.invoke(NativeMethodAccessorImpl.java:62)
	at java.base/jdk.internal.reflect.DelegatingMethodAccessorImpl.invoke(DelegatingMethodAccessorImpl.java:43)
	at java.base/java.lang.reflect.Method.invoke(Method.java:566)
	at org.gradle.internal.dispatch.ReflectionDispatch.dispatch(ReflectionDispatch.java:36)
	at org.gradle.internal.dispatch.ReflectionDispatch.dispatch(ReflectionDispatch.java:24)
	at org.gradle.internal.dispatch.ContextClassLoaderDispatch.dispatch(ContextClassLoaderDispatch.java:33)
	at org.gradle.internal.dispatch.ProxyDispatchAdapter$DispatchingInvocationHandler.invoke(ProxyDispatchAdapter.java:94)
	at com.sun.proxy.$Proxy2.stop(Unknown Source)
	at org.gradle.api.internal.tasks.testing.worker.TestWorker$3.run(TestWorker.java:193)
	at org.gradle.api.internal.tasks.testing.worker.TestWorker.executeAndMaintainThreadName(TestWorker.java:129)
	at org.gradle.api.internal.tasks.testing.worker.TestWorker.execute(TestWorker.java:100)
	at org.gradle.api.internal.tasks.testing.worker.TestWorker.execute(TestWorker.java:60)
	at org.gradle.process.internal.worker.child.ActionExecutionWorker.execute(ActionExecutionWorker.java:56)
	at org.gradle.process.internal.worker.child.SystemApplicationClassLoaderWorker.call(SystemApplicationClassLoaderWorker.java:113)
	at org.gradle.process.internal.worker.child.SystemApplicationClassLoaderWorker.call(SystemApplicationClassLoaderWorker.java:65)
	at worker.org.gradle.process.internal.worker.GradleWorkerMain.run(GradleWorkerMain.java:69)
	at worker.org.gradle.process.internal.worker.GradleWorkerMain.main(GradleWorkerMain.java:74)
23:30:03.377 [Test worker] ERROR allcom_testng.tests.TestBase -- ERROR TEST SCREENSHOT: C:\Users\PORTISHEAD\Desktop\ALLCOM\allcom_qa\src\screenshots\screenshot_error_426127.png
23:30:03.377 [Test worker] INFO  allcom_testng.tests.TestBase -- [==================================================================================================]
23:30:03.378 [Test worker] INFO  allcom_testng.tests.TestBase -- STARTED: [validatePasswordConfirmWithIncorrectData]
23:30:04.341 [Test worker] ERROR allcom_testng.tests.TestBase -- ERROR FAILED TEST: [validatePasswordConfirmWithIncorrectData], with VALUES: [0]
23:30:04.341 [Test worker] ERROR allcom_testng.tests.TestBase -- ERROR TEST MESSAGE: stale element reference: stale element not found
  (Session info: chrome-headless-shell=122.0.6261.70)
For documentation on this error, please visit: https://www.selenium.dev/documentation/webdriver/troubleshooting/errors#stale-element-reference-exception
Build info: version: '4.18.1', revision: 'b1d3319b48'
System info: os.name: 'Windows 11', os.arch: 'amd64', os.version: '10.0', java.version: '11.0.20'
Driver info: org.openqa.selenium.chrome.ChromeDriver
Command: [9df5fa7d277ff147dedd064b19ea2862, clickElement {id=f.833F0DC56686BB3144ECC6010251FADE.d.67854282C13153186B71862FFA4A3D5E.e.9293}]
Capabilities {acceptInsecureCerts: false, browserName: chrome-headless-shell, browserVersion: 122.0.6261.70, chrome: {chromedriverVersion: 122.0.6261.69 (81bc525b6a36..., userDataDir: C:\Users\PORTIS~1\AppData\L...}, fedcm:accounts: true, goog:chromeOptions: {debuggerAddress: localhost:63482}, networkConnectionEnabled: false, pageLoadStrategy: normal, platformName: windows, proxy: Proxy(), se:cdp: ws://localhost:63482/devtoo..., se:cdpVersion: 122.0.6261.70, setWindowRect: true, strictFileInteractability: false, timeouts: {implicit: 0, pageLoad: 300000, script: 30000}, unhandledPromptBehavior: dismiss and notify, webauthn:extension:credBlob: true, webauthn:extension:largeBlob: true, webauthn:extension:minPinLength: true, webauthn:extension:prf: true, webauthn:virtualAuthenticators: true}
Element: [[ChromeDriver: chrome-headless-shell on windows (9df5fa7d277ff147dedd064b19ea2862)] -> name: passwordConfirm]
Session ID: 9df5fa7d277ff147dedd064b19ea2862
23:30:04.341 [Test worker] ERROR allcom_testng.tests.TestBase -- ERROR TEST STACK TRACE: 
org.openqa.selenium.StaleElementReferenceException: stale element reference: stale element not found
  (Session info: chrome-headless-shell=122.0.6261.70)
For documentation on this error, please visit: https://www.selenium.dev/documentation/webdriver/troubleshooting/errors#stale-element-reference-exception
Build info: version: '4.18.1', revision: 'b1d3319b48'
System info: os.name: 'Windows 11', os.arch: 'amd64', os.version: '10.0', java.version: '11.0.20'
Driver info: org.openqa.selenium.chrome.ChromeDriver
Command: [9df5fa7d277ff147dedd064b19ea2862, clickElement {id=f.833F0DC56686BB3144ECC6010251FADE.d.67854282C13153186B71862FFA4A3D5E.e.9293}]
Capabilities {acceptInsecureCerts: false, browserName: chrome-headless-shell, browserVersion: 122.0.6261.70, chrome: {chromedriverVersion: 122.0.6261.69 (81bc525b6a36..., userDataDir: C:\Users\PORTIS~1\AppData\L...}, fedcm:accounts: true, goog:chromeOptions: {debuggerAddress: localhost:63482}, networkConnectionEnabled: false, pageLoadStrategy: normal, platformName: windows, proxy: Proxy(), se:cdp: ws://localhost:63482/devtoo..., se:cdpVersion: 122.0.6261.70, setWindowRect: true, strictFileInteractability: false, timeouts: {implicit: 0, pageLoad: 300000, script: 30000}, unhandledPromptBehavior: dismiss and notify, webauthn:extension:credBlob: true, webauthn:extension:largeBlob: true, webauthn:extension:minPinLength: true, webauthn:extension:prf: true, webauthn:virtualAuthenticators: true}
Element: [[ChromeDriver: chrome-headless-shell on windows (9df5fa7d277ff147dedd064b19ea2862)] -> name: passwordConfirm]
Session ID: 9df5fa7d277ff147dedd064b19ea2862
	at jdk.internal.reflect.GeneratedConstructorAccessor13.newInstance(Unknown Source)
	at java.base/jdk.internal.reflect.DelegatingConstructorAccessorImpl.newInstance(DelegatingConstructorAccessorImpl.java:45)
	at java.base/java.lang.reflect.Constructor.newInstance(Constructor.java:490)
	at org.openqa.selenium.remote.ErrorCodec.decode(ErrorCodec.java:167)
	at org.openqa.selenium.remote.codec.w3c.W3CHttpResponseCodec.decode(W3CHttpResponseCodec.java:138)
	at org.openqa.selenium.remote.codec.w3c.W3CHttpResponseCodec.decode(W3CHttpResponseCodec.java:50)
	at org.openqa.selenium.remote.HttpCommandExecutor.execute(HttpCommandExecutor.java:190)
	at org.openqa.selenium.remote.service.DriverCommandExecutor.invokeExecute(DriverCommandExecutor.java:216)
	at org.openqa.selenium.remote.service.DriverCommandExecutor.execute(DriverCommandExecutor.java:174)
	at org.openqa.selenium.remote.RemoteWebDriver.execute(RemoteWebDriver.java:519)
	at org.openqa.selenium.remote.RemoteWebElement.execute(RemoteWebElement.java:223)
	at org.openqa.selenium.remote.RemoteWebElement.click(RemoteWebElement.java:76)
	at jdk.internal.reflect.GeneratedMethodAccessor13.invoke(Unknown Source)
	at java.base/jdk.internal.reflect.DelegatingMethodAccessorImpl.invoke(DelegatingMethodAccessorImpl.java:43)
	at java.base/java.lang.reflect.Method.invoke(Method.java:566)
	at org.openqa.selenium.support.pagefactory.internal.LocatingElementHandler.invoke(LocatingElementHandler.java:51)
	at com.sun.proxy.$Proxy17.click(Unknown Source)
	at allcom_testng.pages.BasePage.click(BasePage.java:62)
	at allcom_testng.pages.BasePage.type(BasePage.java:100)
	at allcom_testng.pages.BasePage.validateField(BasePage.java:231)
	at allcom_testng.tests.passwordReset.CreateNewPasswordPageTests.validatePasswordConfirmWithIncorrectData(CreateNewPasswordPageTests.java:37)
	at java.base/jdk.internal.reflect.NativeMethodAccessorImpl.invoke0(Native Method)
	at java.base/jdk.internal.reflect.NativeMethodAccessorImpl.invoke(NativeMethodAccessorImpl.java:62)
	at java.base/jdk.internal.reflect.DelegatingMethodAccessorImpl.invoke(DelegatingMethodAccessorImpl.java:43)
	at java.base/java.lang.reflect.Method.invoke(Method.java:566)
	at org.testng.internal.invokers.MethodInvocationHelper.invokeMethod(MethodInvocationHelper.java:139)
	at org.testng.internal.invokers.TestInvoker.invokeMethod(TestInvoker.java:664)
	at org.testng.internal.invokers.TestInvoker.invokeTestMethod(TestInvoker.java:228)
	at org.testng.internal.invokers.MethodRunner.runInSequence(MethodRunner.java:63)
	at org.testng.internal.invokers.TestInvoker$MethodInvocationAgent.invoke(TestInvoker.java:961)
	at org.testng.internal.invokers.TestInvoker.invokeTestMethods(TestInvoker.java:201)
	at org.testng.internal.invokers.TestMethodWorker.invokeTestMethods(TestMethodWorker.java:148)
	at org.testng.internal.invokers.TestMethodWorker.run(TestMethodWorker.java:128)
	at java.base/java.util.ArrayList.forEach(ArrayList.java:1541)
	at org.testng.TestRunner.privateRun(TestRunner.java:819)
	at org.testng.TestRunner.run(TestRunner.java:619)
	at org.testng.SuiteRunner.runTest(SuiteRunner.java:443)
	at org.testng.SuiteRunner.runSequentially(SuiteRunner.java:437)
	at org.testng.SuiteRunner.privateRun(SuiteRunner.java:397)
	at org.testng.SuiteRunner.run(SuiteRunner.java:336)
	at org.testng.SuiteRunnerWorker.runSuite(SuiteRunnerWorker.java:52)
	at org.testng.SuiteRunnerWorker.run(SuiteRunnerWorker.java:95)
	at org.testng.TestNG.runSuitesSequentially(TestNG.java:1301)
	at org.testng.TestNG.runSuitesLocally(TestNG.java:1228)
	at org.testng.TestNG.runSuites(TestNG.java:1134)
	at org.testng.TestNG.run(TestNG.java:1101)
	at org.gradle.api.internal.tasks.testing.testng.TestNGTestClassProcessor.runTests(TestNGTestClassProcessor.java:148)
	at org.gradle.api.internal.tasks.testing.testng.TestNGTestClassProcessor.stop(TestNGTestClassProcessor.java:95)
	at org.gradle.api.internal.tasks.testing.SuiteTestClassProcessor.stop(SuiteTestClassProcessor.java:62)
	at java.base/jdk.internal.reflect.NativeMethodAccessorImpl.invoke0(Native Method)
	at java.base/jdk.internal.reflect.NativeMethodAccessorImpl.invoke(NativeMethodAccessorImpl.java:62)
	at java.base/jdk.internal.reflect.DelegatingMethodAccessorImpl.invoke(DelegatingMethodAccessorImpl.java:43)
	at java.base/java.lang.reflect.Method.invoke(Method.java:566)
	at org.gradle.internal.dispatch.ReflectionDispatch.dispatch(ReflectionDispatch.java:36)
	at org.gradle.internal.dispatch.ReflectionDispatch.dispatch(ReflectionDispatch.java:24)
	at org.gradle.internal.dispatch.ContextClassLoaderDispatch.dispatch(ContextClassLoaderDispatch.java:33)
	at org.gradle.internal.dispatch.ProxyDispatchAdapter$DispatchingInvocationHandler.invoke(ProxyDispatchAdapter.java:94)
	at com.sun.proxy.$Proxy2.stop(Unknown Source)
	at org.gradle.api.internal.tasks.testing.worker.TestWorker$3.run(TestWorker.java:193)
	at org.gradle.api.internal.tasks.testing.worker.TestWorker.executeAndMaintainThreadName(TestWorker.java:129)
	at org.gradle.api.internal.tasks.testing.worker.TestWorker.execute(TestWorker.java:100)
	at org.gradle.api.internal.tasks.testing.worker.TestWorker.execute(TestWorker.java:60)
	at org.gradle.process.internal.worker.child.ActionExecutionWorker.execute(ActionExecutionWorker.java:56)
	at org.gradle.process.internal.worker.child.SystemApplicationClassLoaderWorker.call(SystemApplicationClassLoaderWorker.java:113)
	at org.gradle.process.internal.worker.child.SystemApplicationClassLoaderWorker.call(SystemApplicationClassLoaderWorker.java:65)
	at worker.org.gradle.process.internal.worker.GradleWorkerMain.run(GradleWorkerMain.java:69)
	at worker.org.gradle.process.internal.worker.GradleWorkerMain.main(GradleWorkerMain.java:74)
23:30:04.473 [Test worker] ERROR allcom_testng.tests.TestBase -- ERROR TEST SCREENSHOT: C:\Users\PORTISHEAD\Desktop\ALLCOM\allcom_qa\src\screenshots\screenshot_error_426138.png
23:30:04.473 [Test worker] INFO  allcom_testng.tests.TestBase -- [==================================================================================================]
23:30:04.474 [Test worker] INFO  allcom_testng.tests.TestBase -- STARTED: [validatePasswordConfirmWithIncorrectData]
23:30:05.815 [Test worker] INFO  allcom_testng.tests.TestBase -- PASSED: [validatePasswordConfirmWithIncorrectData], with VALUES: [<input>]
23:30:05.816 [Test worker] INFO  allcom_testng.tests.TestBase -- STARTED: [validatePasswordConfirmWithIncorrectData]
23:30:07.154 [Test worker] INFO  allcom_testng.tests.TestBase -- PASSED: [validatePasswordConfirmWithIncorrectData], with VALUES: [<script></script>]
23:30:07.154 [Test worker] INFO  allcom_testng.tests.TestBase -- STARTED: [validatePasswordConfirmWithIncorrectData]
23:30:08.079 [Test worker] ERROR allcom_testng.tests.TestBase -- ERROR FAILED TEST: [validatePasswordConfirmWithIncorrectData], with VALUES: [11111E+12]
23:30:08.079 [Test worker] ERROR allcom_testng.tests.TestBase -- ERROR TEST MESSAGE: stale element reference: stale element not found
  (Session info: chrome-headless-shell=122.0.6261.70)
For documentation on this error, please visit: https://www.selenium.dev/documentation/webdriver/troubleshooting/errors#stale-element-reference-exception
Build info: version: '4.18.1', revision: 'b1d3319b48'
System info: os.name: 'Windows 11', os.arch: 'amd64', os.version: '10.0', java.version: '11.0.20'
Driver info: org.openqa.selenium.chrome.ChromeDriver
Command: [9df5fa7d277ff147dedd064b19ea2862, clickElement {id=f.833F0DC56686BB3144ECC6010251FADE.d.A489400836608E70F2DAC75A0FE8590A.e.9419}]
Capabilities {acceptInsecureCerts: false, browserName: chrome-headless-shell, browserVersion: 122.0.6261.70, chrome: {chromedriverVersion: 122.0.6261.69 (81bc525b6a36..., userDataDir: C:\Users\PORTIS~1\AppData\L...}, fedcm:accounts: true, goog:chromeOptions: {debuggerAddress: localhost:63482}, networkConnectionEnabled: false, pageLoadStrategy: normal, platformName: windows, proxy: Proxy(), se:cdp: ws://localhost:63482/devtoo..., se:cdpVersion: 122.0.6261.70, setWindowRect: true, strictFileInteractability: false, timeouts: {implicit: 0, pageLoad: 300000, script: 30000}, unhandledPromptBehavior: dismiss and notify, webauthn:extension:credBlob: true, webauthn:extension:largeBlob: true, webauthn:extension:minPinLength: true, webauthn:extension:prf: true, webauthn:virtualAuthenticators: true}
Element: [[ChromeDriver: chrome-headless-shell on windows (9df5fa7d277ff147dedd064b19ea2862)] -> name: passwordConfirm]
Session ID: 9df5fa7d277ff147dedd064b19ea2862
23:30:08.079 [Test worker] ERROR allcom_testng.tests.TestBase -- ERROR TEST STACK TRACE: 
org.openqa.selenium.StaleElementReferenceException: stale element reference: stale element not found
  (Session info: chrome-headless-shell=122.0.6261.70)
For documentation on this error, please visit: https://www.selenium.dev/documentation/webdriver/troubleshooting/errors#stale-element-reference-exception
Build info: version: '4.18.1', revision: 'b1d3319b48'
System info: os.name: 'Windows 11', os.arch: 'amd64', os.version: '10.0', java.version: '11.0.20'
Driver info: org.openqa.selenium.chrome.ChromeDriver
Command: [9df5fa7d277ff147dedd064b19ea2862, clickElement {id=f.833F0DC56686BB3144ECC6010251FADE.d.A489400836608E70F2DAC75A0FE8590A.e.9419}]
Capabilities {acceptInsecureCerts: false, browserName: chrome-headless-shell, browserVersion: 122.0.6261.70, chrome: {chromedriverVersion: 122.0.6261.69 (81bc525b6a36..., userDataDir: C:\Users\PORTIS~1\AppData\L...}, fedcm:accounts: true, goog:chromeOptions: {debuggerAddress: localhost:63482}, networkConnectionEnabled: false, pageLoadStrategy: normal, platformName: windows, proxy: Proxy(), se:cdp: ws://localhost:63482/devtoo..., se:cdpVersion: 122.0.6261.70, setWindowRect: true, strictFileInteractability: false, timeouts: {implicit: 0, pageLoad: 300000, script: 30000}, unhandledPromptBehavior: dismiss and notify, webauthn:extension:credBlob: true, webauthn:extension:largeBlob: true, webauthn:extension:minPinLength: true, webauthn:extension:prf: true, webauthn:virtualAuthenticators: true}
Element: [[ChromeDriver: chrome-headless-shell on windows (9df5fa7d277ff147dedd064b19ea2862)] -> name: passwordConfirm]
Session ID: 9df5fa7d277ff147dedd064b19ea2862
	at jdk.internal.reflect.GeneratedConstructorAccessor13.newInstance(Unknown Source)
	at java.base/jdk.internal.reflect.DelegatingConstructorAccessorImpl.newInstance(DelegatingConstructorAccessorImpl.java:45)
	at java.base/java.lang.reflect.Constructor.newInstance(Constructor.java:490)
	at org.openqa.selenium.remote.ErrorCodec.decode(ErrorCodec.java:167)
	at org.openqa.selenium.remote.codec.w3c.W3CHttpResponseCodec.decode(W3CHttpResponseCodec.java:138)
	at org.openqa.selenium.remote.codec.w3c.W3CHttpResponseCodec.decode(W3CHttpResponseCodec.java:50)
	at org.openqa.selenium.remote.HttpCommandExecutor.execute(HttpCommandExecutor.java:190)
	at org.openqa.selenium.remote.service.DriverCommandExecutor.invokeExecute(DriverCommandExecutor.java:216)
	at org.openqa.selenium.remote.service.DriverCommandExecutor.execute(DriverCommandExecutor.java:174)
	at org.openqa.selenium.remote.RemoteWebDriver.execute(RemoteWebDriver.java:519)
	at org.openqa.selenium.remote.RemoteWebElement.execute(RemoteWebElement.java:223)
	at org.openqa.selenium.remote.RemoteWebElement.click(RemoteWebElement.java:76)
	at jdk.internal.reflect.GeneratedMethodAccessor13.invoke(Unknown Source)
	at java.base/jdk.internal.reflect.DelegatingMethodAccessorImpl.invoke(DelegatingMethodAccessorImpl.java:43)
	at java.base/java.lang.reflect.Method.invoke(Method.java:566)
	at org.openqa.selenium.support.pagefactory.internal.LocatingElementHandler.invoke(LocatingElementHandler.java:51)
	at com.sun.proxy.$Proxy17.click(Unknown Source)
	at allcom_testng.pages.BasePage.click(BasePage.java:62)
	at allcom_testng.pages.BasePage.type(BasePage.java:100)
	at allcom_testng.pages.BasePage.validateField(BasePage.java:231)
	at allcom_testng.tests.passwordReset.CreateNewPasswordPageTests.validatePasswordConfirmWithIncorrectData(CreateNewPasswordPageTests.java:37)
	at jdk.internal.reflect.GeneratedMethodAccessor30.invoke(Unknown Source)
	at java.base/jdk.internal.reflect.DelegatingMethodAccessorImpl.invoke(DelegatingMethodAccessorImpl.java:43)
	at java.base/java.lang.reflect.Method.invoke(Method.java:566)
	at org.testng.internal.invokers.MethodInvocationHelper.invokeMethod(MethodInvocationHelper.java:139)
	at org.testng.internal.invokers.TestInvoker.invokeMethod(TestInvoker.java:664)
	at org.testng.internal.invokers.TestInvoker.invokeTestMethod(TestInvoker.java:228)
	at org.testng.internal.invokers.MethodRunner.runInSequence(MethodRunner.java:63)
	at org.testng.internal.invokers.TestInvoker$MethodInvocationAgent.invoke(TestInvoker.java:961)
	at org.testng.internal.invokers.TestInvoker.invokeTestMethods(TestInvoker.java:201)
	at org.testng.internal.invokers.TestMethodWorker.invokeTestMethods(TestMethodWorker.java:148)
	at org.testng.internal.invokers.TestMethodWorker.run(TestMethodWorker.java:128)
	at java.base/java.util.ArrayList.forEach(ArrayList.java:1541)
	at org.testng.TestRunner.privateRun(TestRunner.java:819)
	at org.testng.TestRunner.run(TestRunner.java:619)
	at org.testng.SuiteRunner.runTest(SuiteRunner.java:443)
	at org.testng.SuiteRunner.runSequentially(SuiteRunner.java:437)
	at org.testng.SuiteRunner.privateRun(SuiteRunner.java:397)
	at org.testng.SuiteRunner.run(SuiteRunner.java:336)
	at org.testng.SuiteRunnerWorker.runSuite(SuiteRunnerWorker.java:52)
	at org.testng.SuiteRunnerWorker.run(SuiteRunnerWorker.java:95)
	at org.testng.TestNG.runSuitesSequentially(TestNG.java:1301)
	at org.testng.TestNG.runSuitesLocally(TestNG.java:1228)
	at org.testng.TestNG.runSuites(TestNG.java:1134)
	at org.testng.TestNG.run(TestNG.java:1101)
	at org.gradle.api.internal.tasks.testing.testng.TestNGTestClassProcessor.runTests(TestNGTestClassProcessor.java:148)
	at org.gradle.api.internal.tasks.testing.testng.TestNGTestClassProcessor.stop(TestNGTestClassProcessor.java:95)
	at org.gradle.api.internal.tasks.testing.SuiteTestClassProcessor.stop(SuiteTestClassProcessor.java:62)
	at java.base/jdk.internal.reflect.NativeMethodAccessorImpl.invoke0(Native Method)
	at java.base/jdk.internal.reflect.NativeMethodAccessorImpl.invoke(NativeMethodAccessorImpl.java:62)
	at java.base/jdk.internal.reflect.DelegatingMethodAccessorImpl.invoke(DelegatingMethodAccessorImpl.java:43)
	at java.base/java.lang.reflect.Method.invoke(Method.java:566)
	at org.gradle.internal.dispatch.ReflectionDispatch.dispatch(ReflectionDispatch.java:36)
	at org.gradle.internal.dispatch.ReflectionDispatch.dispatch(ReflectionDispatch.java:24)
	at org.gradle.internal.dispatch.ContextClassLoaderDispatch.dispatch(ContextClassLoaderDispatch.java:33)
	at org.gradle.internal.dispatch.ProxyDispatchAdapter$DispatchingInvocationHandler.invoke(ProxyDispatchAdapter.java:94)
	at com.sun.proxy.$Proxy2.stop(Unknown Source)
	at org.gradle.api.internal.tasks.testing.worker.TestWorker$3.run(TestWorker.java:193)
	at org.gradle.api.internal.tasks.testing.worker.TestWorker.executeAndMaintainThreadName(TestWorker.java:129)
	at org.gradle.api.internal.tasks.testing.worker.TestWorker.execute(TestWorker.java:100)
	at org.gradle.api.internal.tasks.testing.worker.TestWorker.execute(TestWorker.java:60)
	at org.gradle.process.internal.worker.child.ActionExecutionWorker.execute(ActionExecutionWorker.java:56)
	at org.gradle.process.internal.worker.child.SystemApplicationClassLoaderWorker.call(SystemApplicationClassLoaderWorker.java:113)
	at org.gradle.process.internal.worker.child.SystemApplicationClassLoaderWorker.call(SystemApplicationClassLoaderWorker.java:65)
	at worker.org.gradle.process.internal.worker.GradleWorkerMain.run(GradleWorkerMain.java:69)
	at worker.org.gradle.process.internal.worker.GradleWorkerMain.main(GradleWorkerMain.java:74)
23:30:08.207 [Test worker] ERROR allcom_testng.tests.TestBase -- ERROR TEST SCREENSHOT: C:\Users\PORTISHEAD\Desktop\ALLCOM\allcom_qa\src\screenshots\screenshot_error_426175.png
23:30:08.207 [Test worker] INFO  allcom_testng.tests.TestBase -- [==================================================================================================]
23:30:08.208 [Test worker] INFO  allcom_testng.tests.TestBase -- STARTED: [validatePasswordWithIncorrectData]
23:30:09.241 [Test worker] INFO  allcom_testng.tests.TestBase -- PASSED: [validatePasswordWithIncorrectData], with VALUES: [п»їTes123]
23:30:09.241 [Test worker] INFO  allcom_testng.tests.TestBase -- STARTED: [validatePasswordWithIncorrectData]
23:30:10.177 [Test worker] INFO  allcom_testng.tests.TestBase -- PASSED: [validatePasswordWithIncorrectData], with VALUES: [Tes1234]
23:30:10.177 [Test worker] INFO  allcom_testng.tests.TestBase -- STARTED: [validatePasswordWithIncorrectData]
23:30:11.013 [Test worker] ERROR allcom_testng.tests.TestBase -- ERROR FAILED TEST: [validatePasswordWithIncorrectData], with VALUES: [Test1234555555555555555555555555555555555555555555555555555555555555555555555555555555555555]
23:30:11.013 [Test worker] ERROR allcom_testng.tests.TestBase -- ERROR TEST MESSAGE: stale element reference: stale element not found
  (Session info: chrome-headless-shell=122.0.6261.70)
For documentation on this error, please visit: https://www.selenium.dev/documentation/webdriver/troubleshooting/errors#stale-element-reference-exception
Build info: version: '4.18.1', revision: 'b1d3319b48'
System info: os.name: 'Windows 11', os.arch: 'amd64', os.version: '10.0', java.version: '11.0.20'
Driver info: org.openqa.selenium.chrome.ChromeDriver
Command: [9df5fa7d277ff147dedd064b19ea2862, clickElement {id=f.833F0DC56686BB3144ECC6010251FADE.d.716208C4AC660195AC703E21B1AFBC65.e.9611}]
Capabilities {acceptInsecureCerts: false, browserName: chrome-headless-shell, browserVersion: 122.0.6261.70, chrome: {chromedriverVersion: 122.0.6261.69 (81bc525b6a36..., userDataDir: C:\Users\PORTIS~1\AppData\L...}, fedcm:accounts: true, goog:chromeOptions: {debuggerAddress: localhost:63482}, networkConnectionEnabled: false, pageLoadStrategy: normal, platformName: windows, proxy: Proxy(), se:cdp: ws://localhost:63482/devtoo..., se:cdpVersion: 122.0.6261.70, setWindowRect: true, strictFileInteractability: false, timeouts: {implicit: 0, pageLoad: 300000, script: 30000}, unhandledPromptBehavior: dismiss and notify, webauthn:extension:credBlob: true, webauthn:extension:largeBlob: true, webauthn:extension:minPinLength: true, webauthn:extension:prf: true, webauthn:virtualAuthenticators: true}
Element: [[ChromeDriver: chrome-headless-shell on windows (9df5fa7d277ff147dedd064b19ea2862)] -> name: password]
Session ID: 9df5fa7d277ff147dedd064b19ea2862
23:30:11.013 [Test worker] ERROR allcom_testng.tests.TestBase -- ERROR TEST STACK TRACE: 
org.openqa.selenium.StaleElementReferenceException: stale element reference: stale element not found
  (Session info: chrome-headless-shell=122.0.6261.70)
For documentation on this error, please visit: https://www.selenium.dev/documentation/webdriver/troubleshooting/errors#stale-element-reference-exception
Build info: version: '4.18.1', revision: 'b1d3319b48'
System info: os.name: 'Windows 11', os.arch: 'amd64', os.version: '10.0', java.version: '11.0.20'
Driver info: org.openqa.selenium.chrome.ChromeDriver
Command: [9df5fa7d277ff147dedd064b19ea2862, clickElement {id=f.833F0DC56686BB3144ECC6010251FADE.d.716208C4AC660195AC703E21B1AFBC65.e.9611}]
Capabilities {acceptInsecureCerts: false, browserName: chrome-headless-shell, browserVersion: 122.0.6261.70, chrome: {chromedriverVersion: 122.0.6261.69 (81bc525b6a36..., userDataDir: C:\Users\PORTIS~1\AppData\L...}, fedcm:accounts: true, goog:chromeOptions: {debuggerAddress: localhost:63482}, networkConnectionEnabled: false, pageLoadStrategy: normal, platformName: windows, proxy: Proxy(), se:cdp: ws://localhost:63482/devtoo..., se:cdpVersion: 122.0.6261.70, setWindowRect: true, strictFileInteractability: false, timeouts: {implicit: 0, pageLoad: 300000, script: 30000}, unhandledPromptBehavior: dismiss and notify, webauthn:extension:credBlob: true, webauthn:extension:largeBlob: true, webauthn:extension:minPinLength: true, webauthn:extension:prf: true, webauthn:virtualAuthenticators: true}
Element: [[ChromeDriver: chrome-headless-shell on windows (9df5fa7d277ff147dedd064b19ea2862)] -> name: password]
Session ID: 9df5fa7d277ff147dedd064b19ea2862
	at jdk.internal.reflect.GeneratedConstructorAccessor13.newInstance(Unknown Source)
	at java.base/jdk.internal.reflect.DelegatingConstructorAccessorImpl.newInstance(DelegatingConstructorAccessorImpl.java:45)
	at java.base/java.lang.reflect.Constructor.newInstance(Constructor.java:490)
	at org.openqa.selenium.remote.ErrorCodec.decode(ErrorCodec.java:167)
	at org.openqa.selenium.remote.codec.w3c.W3CHttpResponseCodec.decode(W3CHttpResponseCodec.java:138)
	at org.openqa.selenium.remote.codec.w3c.W3CHttpResponseCodec.decode(W3CHttpResponseCodec.java:50)
	at org.openqa.selenium.remote.HttpCommandExecutor.execute(HttpCommandExecutor.java:190)
	at org.openqa.selenium.remote.service.DriverCommandExecutor.invokeExecute(DriverCommandExecutor.java:216)
	at org.openqa.selenium.remote.service.DriverCommandExecutor.execute(DriverCommandExecutor.java:174)
	at org.openqa.selenium.remote.RemoteWebDriver.execute(RemoteWebDriver.java:519)
	at org.openqa.selenium.remote.RemoteWebElement.execute(RemoteWebElement.java:223)
	at org.openqa.selenium.remote.RemoteWebElement.click(RemoteWebElement.java:76)
	at jdk.internal.reflect.GeneratedMethodAccessor13.invoke(Unknown Source)
	at java.base/jdk.internal.reflect.DelegatingMethodAccessorImpl.invoke(DelegatingMethodAccessorImpl.java:43)
	at java.base/java.lang.reflect.Method.invoke(Method.java:566)
	at org.openqa.selenium.support.pagefactory.internal.LocatingElementHandler.invoke(LocatingElementHandler.java:51)
	at com.sun.proxy.$Proxy17.click(Unknown Source)
	at allcom_testng.pages.BasePage.click(BasePage.java:62)
	at allcom_testng.pages.BasePage.type(BasePage.java:100)
	at allcom_testng.pages.BasePage.validateField(BasePage.java:231)
	at allcom_testng.tests.passwordReset.CreateNewPasswordPageTests.validatePasswordWithIncorrectData(CreateNewPasswordPageTests.java:32)
	at java.base/jdk.internal.reflect.NativeMethodAccessorImpl.invoke0(Native Method)
	at java.base/jdk.internal.reflect.NativeMethodAccessorImpl.invoke(NativeMethodAccessorImpl.java:62)
	at java.base/jdk.internal.reflect.DelegatingMethodAccessorImpl.invoke(DelegatingMethodAccessorImpl.java:43)
	at java.base/java.lang.reflect.Method.invoke(Method.java:566)
	at org.testng.internal.invokers.MethodInvocationHelper.invokeMethod(MethodInvocationHelper.java:139)
	at org.testng.internal.invokers.TestInvoker.invokeMethod(TestInvoker.java:664)
	at org.testng.internal.invokers.TestInvoker.invokeTestMethod(TestInvoker.java:228)
	at org.testng.internal.invokers.MethodRunner.runInSequence(MethodRunner.java:63)
	at org.testng.internal.invokers.TestInvoker$MethodInvocationAgent.invoke(TestInvoker.java:961)
	at org.testng.internal.invokers.TestInvoker.invokeTestMethods(TestInvoker.java:201)
	at org.testng.internal.invokers.TestMethodWorker.invokeTestMethods(TestMethodWorker.java:148)
	at org.testng.internal.invokers.TestMethodWorker.run(TestMethodWorker.java:128)
	at java.base/java.util.ArrayList.forEach(ArrayList.java:1541)
	at org.testng.TestRunner.privateRun(TestRunner.java:819)
	at org.testng.TestRunner.run(TestRunner.java:619)
	at org.testng.SuiteRunner.runTest(SuiteRunner.java:443)
	at org.testng.SuiteRunner.runSequentially(SuiteRunner.java:437)
	at org.testng.SuiteRunner.privateRun(SuiteRunner.java:397)
	at org.testng.SuiteRunner.run(SuiteRunner.java:336)
	at org.testng.SuiteRunnerWorker.runSuite(SuiteRunnerWorker.java:52)
	at org.testng.SuiteRunnerWorker.run(SuiteRunnerWorker.java:95)
	at org.testng.TestNG.runSuitesSequentially(TestNG.java:1301)
	at org.testng.TestNG.runSuitesLocally(TestNG.java:1228)
	at org.testng.TestNG.runSuites(TestNG.java:1134)
	at org.testng.TestNG.run(TestNG.java:1101)
	at org.gradle.api.internal.tasks.testing.testng.TestNGTestClassProcessor.runTests(TestNGTestClassProcessor.java:148)
	at org.gradle.api.internal.tasks.testing.testng.TestNGTestClassProcessor.stop(TestNGTestClassProcessor.java:95)
	at org.gradle.api.internal.tasks.testing.SuiteTestClassProcessor.stop(SuiteTestClassProcessor.java:62)
	at java.base/jdk.internal.reflect.NativeMethodAccessorImpl.invoke0(Native Method)
	at java.base/jdk.internal.reflect.NativeMethodAccessorImpl.invoke(NativeMethodAccessorImpl.java:62)
	at java.base/jdk.internal.reflect.DelegatingMethodAccessorImpl.invoke(DelegatingMethodAccessorImpl.java:43)
	at java.base/java.lang.reflect.Method.invoke(Method.java:566)
	at org.gradle.internal.dispatch.ReflectionDispatch.dispatch(ReflectionDispatch.java:36)
	at org.gradle.internal.dispatch.ReflectionDispatch.dispatch(ReflectionDispatch.java:24)
	at org.gradle.internal.dispatch.ContextClassLoaderDispatch.dispatch(ContextClassLoaderDispatch.java:33)
	at org.gradle.internal.dispatch.ProxyDispatchAdapter$DispatchingInvocationHandler.invoke(ProxyDispatchAdapter.java:94)
	at com.sun.proxy.$Proxy2.stop(Unknown Source)
	at org.gradle.api.internal.tasks.testing.worker.TestWorker$3.run(TestWorker.java:193)
	at org.gradle.api.internal.tasks.testing.worker.TestWorker.executeAndMaintainThreadName(TestWorker.java:129)
	at org.gradle.api.internal.tasks.testing.worker.TestWorker.execute(TestWorker.java:100)
	at org.gradle.api.internal.tasks.testing.worker.TestWorker.execute(TestWorker.java:60)
	at org.gradle.process.internal.worker.child.ActionExecutionWorker.execute(ActionExecutionWorker.java:56)
	at org.gradle.process.internal.worker.child.SystemApplicationClassLoaderWorker.call(SystemApplicationClassLoaderWorker.java:113)
	at org.gradle.process.internal.worker.child.SystemApplicationClassLoaderWorker.call(SystemApplicationClassLoaderWorker.java:65)
	at worker.org.gradle.process.internal.worker.GradleWorkerMain.run(GradleWorkerMain.java:69)
	at worker.org.gradle.process.internal.worker.GradleWorkerMain.main(GradleWorkerMain.java:74)
23:30:11.169 [Test worker] ERROR allcom_testng.tests.TestBase -- ERROR TEST SCREENSHOT: C:\Users\PORTISHEAD\Desktop\ALLCOM\allcom_qa\src\screenshots\screenshot_error_426204.png
23:30:11.169 [Test worker] INFO  allcom_testng.tests.TestBase -- [==================================================================================================]
23:30:11.169 [Test worker] INFO  allcom_testng.tests.TestBase -- STARTED: [validatePasswordWithIncorrectData]
23:30:12.162 [Test worker] INFO  allcom_testng.tests.TestBase -- PASSED: [validatePasswordWithIncorrectData], with VALUES: [1]
23:30:12.162 [Test worker] INFO  allcom_testng.tests.TestBase -- STARTED: [validatePasswordWithIncorrectData]
23:30:12.997 [Test worker] ERROR allcom_testng.tests.TestBase -- ERROR FAILED TEST: [validatePasswordWithIncorrectData], with VALUES: [*&^(*&%$##@]
23:30:12.997 [Test worker] ERROR allcom_testng.tests.TestBase -- ERROR TEST MESSAGE: stale element reference: stale element not found
  (Session info: chrome-headless-shell=122.0.6261.70)
For documentation on this error, please visit: https://www.selenium.dev/documentation/webdriver/troubleshooting/errors#stale-element-reference-exception
Build info: version: '4.18.1', revision: 'b1d3319b48'
System info: os.name: 'Windows 11', os.arch: 'amd64', os.version: '10.0', java.version: '11.0.20'
Driver info: org.openqa.selenium.chrome.ChromeDriver
Command: [9df5fa7d277ff147dedd064b19ea2862, clickElement {id=f.833F0DC56686BB3144ECC6010251FADE.d.18807C713381C391A2D97FBCC18BD650.e.9677}]
Capabilities {acceptInsecureCerts: false, browserName: chrome-headless-shell, browserVersion: 122.0.6261.70, chrome: {chromedriverVersion: 122.0.6261.69 (81bc525b6a36..., userDataDir: C:\Users\PORTIS~1\AppData\L...}, fedcm:accounts: true, goog:chromeOptions: {debuggerAddress: localhost:63482}, networkConnectionEnabled: false, pageLoadStrategy: normal, platformName: windows, proxy: Proxy(), se:cdp: ws://localhost:63482/devtoo..., se:cdpVersion: 122.0.6261.70, setWindowRect: true, strictFileInteractability: false, timeouts: {implicit: 0, pageLoad: 300000, script: 30000}, unhandledPromptBehavior: dismiss and notify, webauthn:extension:credBlob: true, webauthn:extension:largeBlob: true, webauthn:extension:minPinLength: true, webauthn:extension:prf: true, webauthn:virtualAuthenticators: true}
Element: [[ChromeDriver: chrome-headless-shell on windows (9df5fa7d277ff147dedd064b19ea2862)] -> name: password]
Session ID: 9df5fa7d277ff147dedd064b19ea2862
23:30:12.997 [Test worker] ERROR allcom_testng.tests.TestBase -- ERROR TEST STACK TRACE: 
org.openqa.selenium.StaleElementReferenceException: stale element reference: stale element not found
  (Session info: chrome-headless-shell=122.0.6261.70)
For documentation on this error, please visit: https://www.selenium.dev/documentation/webdriver/troubleshooting/errors#stale-element-reference-exception
Build info: version: '4.18.1', revision: 'b1d3319b48'
System info: os.name: 'Windows 11', os.arch: 'amd64', os.version: '10.0', java.version: '11.0.20'
Driver info: org.openqa.selenium.chrome.ChromeDriver
Command: [9df5fa7d277ff147dedd064b19ea2862, clickElement {id=f.833F0DC56686BB3144ECC6010251FADE.d.18807C713381C391A2D97FBCC18BD650.e.9677}]
Capabilities {acceptInsecureCerts: false, browserName: chrome-headless-shell, browserVersion: 122.0.6261.70, chrome: {chromedriverVersion: 122.0.6261.69 (81bc525b6a36..., userDataDir: C:\Users\PORTIS~1\AppData\L...}, fedcm:accounts: true, goog:chromeOptions: {debuggerAddress: localhost:63482}, networkConnectionEnabled: false, pageLoadStrategy: normal, platformName: windows, proxy: Proxy(), se:cdp: ws://localhost:63482/devtoo..., se:cdpVersion: 122.0.6261.70, setWindowRect: true, strictFileInteractability: false, timeouts: {implicit: 0, pageLoad: 300000, script: 30000}, unhandledPromptBehavior: dismiss and notify, webauthn:extension:credBlob: true, webauthn:extension:largeBlob: true, webauthn:extension:minPinLength: true, webauthn:extension:prf: true, webauthn:virtualAuthenticators: true}
Element: [[ChromeDriver: chrome-headless-shell on windows (9df5fa7d277ff147dedd064b19ea2862)] -> name: password]
Session ID: 9df5fa7d277ff147dedd064b19ea2862
	at jdk.internal.reflect.GeneratedConstructorAccessor13.newInstance(Unknown Source)
	at java.base/jdk.internal.reflect.DelegatingConstructorAccessorImpl.newInstance(DelegatingConstructorAccessorImpl.java:45)
	at java.base/java.lang.reflect.Constructor.newInstance(Constructor.java:490)
	at org.openqa.selenium.remote.ErrorCodec.decode(ErrorCodec.java:167)
	at org.openqa.selenium.remote.codec.w3c.W3CHttpResponseCodec.decode(W3CHttpResponseCodec.java:138)
	at org.openqa.selenium.remote.codec.w3c.W3CHttpResponseCodec.decode(W3CHttpResponseCodec.java:50)
	at org.openqa.selenium.remote.HttpCommandExecutor.execute(HttpCommandExecutor.java:190)
	at org.openqa.selenium.remote.service.DriverCommandExecutor.invokeExecute(DriverCommandExecutor.java:216)
	at org.openqa.selenium.remote.service.DriverCommandExecutor.execute(DriverCommandExecutor.java:174)
	at org.openqa.selenium.remote.RemoteWebDriver.execute(RemoteWebDriver.java:519)
	at org.openqa.selenium.remote.RemoteWebElement.execute(RemoteWebElement.java:223)
	at org.openqa.selenium.remote.RemoteWebElement.click(RemoteWebElement.java:76)
	at jdk.internal.reflect.GeneratedMethodAccessor13.invoke(Unknown Source)
	at java.base/jdk.internal.reflect.DelegatingMethodAccessorImpl.invoke(DelegatingMethodAccessorImpl.java:43)
	at java.base/java.lang.reflect.Method.invoke(Method.java:566)
	at org.openqa.selenium.support.pagefactory.internal.LocatingElementHandler.invoke(LocatingElementHandler.java:51)
	at com.sun.proxy.$Proxy17.click(Unknown Source)
	at allcom_testng.pages.BasePage.click(BasePage.java:62)
	at allcom_testng.pages.BasePage.type(BasePage.java:100)
	at allcom_testng.pages.BasePage.validateField(BasePage.java:231)
	at allcom_testng.tests.passwordReset.CreateNewPasswordPageTests.validatePasswordWithIncorrectData(CreateNewPasswordPageTests.java:32)
	at java.base/jdk.internal.reflect.NativeMethodAccessorImpl.invoke0(Native Method)
	at java.base/jdk.internal.reflect.NativeMethodAccessorImpl.invoke(NativeMethodAccessorImpl.java:62)
	at java.base/jdk.internal.reflect.DelegatingMethodAccessorImpl.invoke(DelegatingMethodAccessorImpl.java:43)
	at java.base/java.lang.reflect.Method.invoke(Method.java:566)
	at org.testng.internal.invokers.MethodInvocationHelper.invokeMethod(MethodInvocationHelper.java:139)
	at org.testng.internal.invokers.TestInvoker.invokeMethod(TestInvoker.java:664)
	at org.testng.internal.invokers.TestInvoker.invokeTestMethod(TestInvoker.java:228)
	at org.testng.internal.invokers.MethodRunner.runInSequence(MethodRunner.java:63)
	at org.testng.internal.invokers.TestInvoker$MethodInvocationAgent.invoke(TestInvoker.java:961)
	at org.testng.internal.invokers.TestInvoker.invokeTestMethods(TestInvoker.java:201)
	at org.testng.internal.invokers.TestMethodWorker.invokeTestMethods(TestMethodWorker.java:148)
	at org.testng.internal.invokers.TestMethodWorker.run(TestMethodWorker.java:128)
	at java.base/java.util.ArrayList.forEach(ArrayList.java:1541)
	at org.testng.TestRunner.privateRun(TestRunner.java:819)
	at org.testng.TestRunner.run(TestRunner.java:619)
	at org.testng.SuiteRunner.runTest(SuiteRunner.java:443)
	at org.testng.SuiteRunner.runSequentially(SuiteRunner.java:437)
	at org.testng.SuiteRunner.privateRun(SuiteRunner.java:397)
	at org.testng.SuiteRunner.run(SuiteRunner.java:336)
	at org.testng.SuiteRunnerWorker.runSuite(SuiteRunnerWorker.java:52)
	at org.testng.SuiteRunnerWorker.run(SuiteRunnerWorker.java:95)
	at org.testng.TestNG.runSuitesSequentially(TestNG.java:1301)
	at org.testng.TestNG.runSuitesLocally(TestNG.java:1228)
	at org.testng.TestNG.runSuites(TestNG.java:1134)
	at org.testng.TestNG.run(TestNG.java:1101)
	at org.gradle.api.internal.tasks.testing.testng.TestNGTestClassProcessor.runTests(TestNGTestClassProcessor.java:148)
	at org.gradle.api.internal.tasks.testing.testng.TestNGTestClassProcessor.stop(TestNGTestClassProcessor.java:95)
	at org.gradle.api.internal.tasks.testing.SuiteTestClassProcessor.stop(SuiteTestClassProcessor.java:62)
	at java.base/jdk.internal.reflect.NativeMethodAccessorImpl.invoke0(Native Method)
	at java.base/jdk.internal.reflect.NativeMethodAccessorImpl.invoke(NativeMethodAccessorImpl.java:62)
	at java.base/jdk.internal.reflect.DelegatingMethodAccessorImpl.invoke(DelegatingMethodAccessorImpl.java:43)
	at java.base/java.lang.reflect.Method.invoke(Method.java:566)
	at org.gradle.internal.dispatch.ReflectionDispatch.dispatch(ReflectionDispatch.java:36)
	at org.gradle.internal.dispatch.ReflectionDispatch.dispatch(ReflectionDispatch.java:24)
	at org.gradle.internal.dispatch.ContextClassLoaderDispatch.dispatch(ContextClassLoaderDispatch.java:33)
	at org.gradle.internal.dispatch.ProxyDispatchAdapter$DispatchingInvocationHandler.invoke(ProxyDispatchAdapter.java:94)
	at com.sun.proxy.$Proxy2.stop(Unknown Source)
	at org.gradle.api.internal.tasks.testing.worker.TestWorker$3.run(TestWorker.java:193)
	at org.gradle.api.internal.tasks.testing.worker.TestWorker.executeAndMaintainThreadName(TestWorker.java:129)
	at org.gradle.api.internal.tasks.testing.worker.TestWorker.execute(TestWorker.java:100)
	at org.gradle.api.internal.tasks.testing.worker.TestWorker.execute(TestWorker.java:60)
	at org.gradle.process.internal.worker.child.ActionExecutionWorker.execute(ActionExecutionWorker.java:56)
	at org.gradle.process.internal.worker.child.SystemApplicationClassLoaderWorker.call(SystemApplicationClassLoaderWorker.java:113)
	at org.gradle.process.internal.worker.child.SystemApplicationClassLoaderWorker.call(SystemApplicationClassLoaderWorker.java:65)
	at worker.org.gradle.process.internal.worker.GradleWorkerMain.run(GradleWorkerMain.java:69)
	at worker.org.gradle.process.internal.worker.GradleWorkerMain.main(GradleWorkerMain.java:74)
23:30:13.124 [Test worker] ERROR allcom_testng.tests.TestBase -- ERROR TEST SCREENSHOT: C:\Users\PORTISHEAD\Desktop\ALLCOM\allcom_qa\src\screenshots\screenshot_error_426224.png
23:30:13.124 [Test worker] INFO  allcom_testng.tests.TestBase -- [==================================================================================================]
23:30:13.124 [Test worker] INFO  allcom_testng.tests.TestBase -- STARTED: [validatePasswordWithIncorrectData]
23:30:14.075 [Test worker] ERROR allcom_testng.tests.TestBase -- ERROR FAILED TEST: [validatePasswordWithIncorrectData], with VALUES: [Qwertyuiop@1С‹]
23:30:14.075 [Test worker] ERROR allcom_testng.tests.TestBase -- ERROR TEST MESSAGE: stale element reference: stale element not found
  (Session info: chrome-headless-shell=122.0.6261.70)
For documentation on this error, please visit: https://www.selenium.dev/documentation/webdriver/troubleshooting/errors#stale-element-reference-exception
Build info: version: '4.18.1', revision: 'b1d3319b48'
System info: os.name: 'Windows 11', os.arch: 'amd64', os.version: '10.0', java.version: '11.0.20'
Driver info: org.openqa.selenium.chrome.ChromeDriver
Command: [9df5fa7d277ff147dedd064b19ea2862, clickElement {id=f.833F0DC56686BB3144ECC6010251FADE.d.5B8A34596C457DE3DA4299B5E254E553.e.9736}]
Capabilities {acceptInsecureCerts: false, browserName: chrome-headless-shell, browserVersion: 122.0.6261.70, chrome: {chromedriverVersion: 122.0.6261.69 (81bc525b6a36..., userDataDir: C:\Users\PORTIS~1\AppData\L...}, fedcm:accounts: true, goog:chromeOptions: {debuggerAddress: localhost:63482}, networkConnectionEnabled: false, pageLoadStrategy: normal, platformName: windows, proxy: Proxy(), se:cdp: ws://localhost:63482/devtoo..., se:cdpVersion: 122.0.6261.70, setWindowRect: true, strictFileInteractability: false, timeouts: {implicit: 0, pageLoad: 300000, script: 30000}, unhandledPromptBehavior: dismiss and notify, webauthn:extension:credBlob: true, webauthn:extension:largeBlob: true, webauthn:extension:minPinLength: true, webauthn:extension:prf: true, webauthn:virtualAuthenticators: true}
Element: [[ChromeDriver: chrome-headless-shell on windows (9df5fa7d277ff147dedd064b19ea2862)] -> name: password]
Session ID: 9df5fa7d277ff147dedd064b19ea2862
23:30:14.075 [Test worker] ERROR allcom_testng.tests.TestBase -- ERROR TEST STACK TRACE: 
org.openqa.selenium.StaleElementReferenceException: stale element reference: stale element not found
  (Session info: chrome-headless-shell=122.0.6261.70)
For documentation on this error, please visit: https://www.selenium.dev/documentation/webdriver/troubleshooting/errors#stale-element-reference-exception
Build info: version: '4.18.1', revision: 'b1d3319b48'
System info: os.name: 'Windows 11', os.arch: 'amd64', os.version: '10.0', java.version: '11.0.20'
Driver info: org.openqa.selenium.chrome.ChromeDriver
Command: [9df5fa7d277ff147dedd064b19ea2862, clickElement {id=f.833F0DC56686BB3144ECC6010251FADE.d.5B8A34596C457DE3DA4299B5E254E553.e.9736}]
Capabilities {acceptInsecureCerts: false, browserName: chrome-headless-shell, browserVersion: 122.0.6261.70, chrome: {chromedriverVersion: 122.0.6261.69 (81bc525b6a36..., userDataDir: C:\Users\PORTIS~1\AppData\L...}, fedcm:accounts: true, goog:chromeOptions: {debuggerAddress: localhost:63482}, networkConnectionEnabled: false, pageLoadStrategy: normal, platformName: windows, proxy: Proxy(), se:cdp: ws://localhost:63482/devtoo..., se:cdpVersion: 122.0.6261.70, setWindowRect: true, strictFileInteractability: false, timeouts: {implicit: 0, pageLoad: 300000, script: 30000}, unhandledPromptBehavior: dismiss and notify, webauthn:extension:credBlob: true, webauthn:extension:largeBlob: true, webauthn:extension:minPinLength: true, webauthn:extension:prf: true, webauthn:virtualAuthenticators: true}
Element: [[ChromeDriver: chrome-headless-shell on windows (9df5fa7d277ff147dedd064b19ea2862)] -> name: password]
Session ID: 9df5fa7d277ff147dedd064b19ea2862
	at jdk.internal.reflect.GeneratedConstructorAccessor13.newInstance(Unknown Source)
	at java.base/jdk.internal.reflect.DelegatingConstructorAccessorImpl.newInstance(DelegatingConstructorAccessorImpl.java:45)
	at java.base/java.lang.reflect.Constructor.newInstance(Constructor.java:490)
	at org.openqa.selenium.remote.ErrorCodec.decode(ErrorCodec.java:167)
	at org.openqa.selenium.remote.codec.w3c.W3CHttpResponseCodec.decode(W3CHttpResponseCodec.java:138)
	at org.openqa.selenium.remote.codec.w3c.W3CHttpResponseCodec.decode(W3CHttpResponseCodec.java:50)
	at org.openqa.selenium.remote.HttpCommandExecutor.execute(HttpCommandExecutor.java:190)
	at org.openqa.selenium.remote.service.DriverCommandExecutor.invokeExecute(DriverCommandExecutor.java:216)
	at org.openqa.selenium.remote.service.DriverCommandExecutor.execute(DriverCommandExecutor.java:174)
	at org.openqa.selenium.remote.RemoteWebDriver.execute(RemoteWebDriver.java:519)
	at org.openqa.selenium.remote.RemoteWebElement.execute(RemoteWebElement.java:223)
	at org.openqa.selenium.remote.RemoteWebElement.click(RemoteWebElement.java:76)
	at jdk.internal.reflect.GeneratedMethodAccessor13.invoke(Unknown Source)
	at java.base/jdk.internal.reflect.DelegatingMethodAccessorImpl.invoke(DelegatingMethodAccessorImpl.java:43)
	at java.base/java.lang.reflect.Method.invoke(Method.java:566)
	at org.openqa.selenium.support.pagefactory.internal.LocatingElementHandler.invoke(LocatingElementHandler.java:51)
	at com.sun.proxy.$Proxy17.click(Unknown Source)
	at allcom_testng.pages.BasePage.click(BasePage.java:62)
	at allcom_testng.pages.BasePage.type(BasePage.java:100)
	at allcom_testng.pages.BasePage.validateField(BasePage.java:231)
	at allcom_testng.tests.passwordReset.CreateNewPasswordPageTests.validatePasswordWithIncorrectData(CreateNewPasswordPageTests.java:32)
	at java.base/jdk.internal.reflect.NativeMethodAccessorImpl.invoke0(Native Method)
	at java.base/jdk.internal.reflect.NativeMethodAccessorImpl.invoke(NativeMethodAccessorImpl.java:62)
	at java.base/jdk.internal.reflect.DelegatingMethodAccessorImpl.invoke(DelegatingMethodAccessorImpl.java:43)
	at java.base/java.lang.reflect.Method.invoke(Method.java:566)
	at org.testng.internal.invokers.MethodInvocationHelper.invokeMethod(MethodInvocationHelper.java:139)
	at org.testng.internal.invokers.TestInvoker.invokeMethod(TestInvoker.java:664)
	at org.testng.internal.invokers.TestInvoker.invokeTestMethod(TestInvoker.java:228)
	at org.testng.internal.invokers.MethodRunner.runInSequence(MethodRunner.java:63)
	at org.testng.internal.invokers.TestInvoker$MethodInvocationAgent.invoke(TestInvoker.java:961)
	at org.testng.internal.invokers.TestInvoker.invokeTestMethods(TestInvoker.java:201)
	at org.testng.internal.invokers.TestMethodWorker.invokeTestMethods(TestMethodWorker.java:148)
	at org.testng.internal.invokers.TestMethodWorker.run(TestMethodWorker.java:128)
	at java.base/java.util.ArrayList.forEach(ArrayList.java:1541)
	at org.testng.TestRunner.privateRun(TestRunner.java:819)
	at org.testng.TestRunner.run(TestRunner.java:619)
	at org.testng.SuiteRunner.runTest(SuiteRunner.java:443)
	at org.testng.SuiteRunner.runSequentially(SuiteRunner.java:437)
	at org.testng.SuiteRunner.privateRun(SuiteRunner.java:397)
	at org.testng.SuiteRunner.run(SuiteRunner.java:336)
	at org.testng.SuiteRunnerWorker.runSuite(SuiteRunnerWorker.java:52)
	at org.testng.SuiteRunnerWorker.run(SuiteRunnerWorker.java:95)
	at org.testng.TestNG.runSuitesSequentially(TestNG.java:1301)
	at org.testng.TestNG.runSuitesLocally(TestNG.java:1228)
	at org.testng.TestNG.runSuites(TestNG.java:1134)
	at org.testng.TestNG.run(TestNG.java:1101)
	at org.gradle.api.internal.tasks.testing.testng.TestNGTestClassProcessor.runTests(TestNGTestClassProcessor.java:148)
	at org.gradle.api.internal.tasks.testing.testng.TestNGTestClassProcessor.stop(TestNGTestClassProcessor.java:95)
	at org.gradle.api.internal.tasks.testing.SuiteTestClassProcessor.stop(SuiteTestClassProcessor.java:62)
	at java.base/jdk.internal.reflect.NativeMethodAccessorImpl.invoke0(Native Method)
	at java.base/jdk.internal.reflect.NativeMethodAccessorImpl.invoke(NativeMethodAccessorImpl.java:62)
	at java.base/jdk.internal.reflect.DelegatingMethodAccessorImpl.invoke(DelegatingMethodAccessorImpl.java:43)
	at java.base/java.lang.reflect.Method.invoke(Method.java:566)
	at org.gradle.internal.dispatch.ReflectionDispatch.dispatch(ReflectionDispatch.java:36)
	at org.gradle.internal.dispatch.ReflectionDispatch.dispatch(ReflectionDispatch.java:24)
	at org.gradle.internal.dispatch.ContextClassLoaderDispatch.dispatch(ContextClassLoaderDispatch.java:33)
	at org.gradle.internal.dispatch.ProxyDispatchAdapter$DispatchingInvocationHandler.invoke(ProxyDispatchAdapter.java:94)
	at com.sun.proxy.$Proxy2.stop(Unknown Source)
	at org.gradle.api.internal.tasks.testing.worker.TestWorker$3.run(TestWorker.java:193)
	at org.gradle.api.internal.tasks.testing.worker.TestWorker.executeAndMaintainThreadName(TestWorker.java:129)
	at org.gradle.api.internal.tasks.testing.worker.TestWorker.execute(TestWorker.java:100)
	at org.gradle.api.internal.tasks.testing.worker.TestWorker.execute(TestWorker.java:60)
	at org.gradle.process.internal.worker.child.ActionExecutionWorker.execute(ActionExecutionWorker.java:56)
	at org.gradle.process.internal.worker.child.SystemApplicationClassLoaderWorker.call(SystemApplicationClassLoaderWorker.java:113)
	at org.gradle.process.internal.worker.child.SystemApplicationClassLoaderWorker.call(SystemApplicationClassLoaderWorker.java:65)
	at worker.org.gradle.process.internal.worker.GradleWorkerMain.run(GradleWorkerMain.java:69)
	at worker.org.gradle.process.internal.worker.GradleWorkerMain.main(GradleWorkerMain.java:74)
23:30:14.207 [Test worker] ERROR allcom_testng.tests.TestBase -- ERROR TEST SCREENSHOT: C:\Users\PORTISHEAD\Desktop\ALLCOM\allcom_qa\src\screenshots\screenshot_error_426235.png
23:30:14.207 [Test worker] INFO  allcom_testng.tests.TestBase -- [==================================================================================================]
23:30:14.207 [Test worker] INFO  allcom_testng.tests.TestBase -- STARTED: [validatePasswordWithIncorrectData]
23:30:15.323 [Test worker] INFO  allcom_testng.tests.TestBase -- PASSED: [validatePasswordWithIncorrectData], with VALUES: [Р¤Р«Р’РђРђРџРєРіСѓС‰СѓС†Р·]
23:30:15.324 [Test worker] INFO  allcom_testng.tests.TestBase -- STARTED: [validatePasswordWithIncorrectData]
23:30:16.238 [Test worker] ERROR allcom_testng.tests.TestBase -- ERROR FAILED TEST: [validatePasswordWithIncorrectData], with VALUES: [Test 12345!]
23:30:16.238 [Test worker] ERROR allcom_testng.tests.TestBase -- ERROR TEST MESSAGE: stale element reference: stale element not found
  (Session info: chrome-headless-shell=122.0.6261.70)
For documentation on this error, please visit: https://www.selenium.dev/documentation/webdriver/troubleshooting/errors#stale-element-reference-exception
Build info: version: '4.18.1', revision: 'b1d3319b48'
System info: os.name: 'Windows 11', os.arch: 'amd64', os.version: '10.0', java.version: '11.0.20'
Driver info: org.openqa.selenium.chrome.ChromeDriver
Command: [9df5fa7d277ff147dedd064b19ea2862, clickElement {id=f.833F0DC56686BB3144ECC6010251FADE.d.190308A8934BAF06D7DF8EE480B8CA62.e.9906}]
Capabilities {acceptInsecureCerts: false, browserName: chrome-headless-shell, browserVersion: 122.0.6261.70, chrome: {chromedriverVersion: 122.0.6261.69 (81bc525b6a36..., userDataDir: C:\Users\PORTIS~1\AppData\L...}, fedcm:accounts: true, goog:chromeOptions: {debuggerAddress: localhost:63482}, networkConnectionEnabled: false, pageLoadStrategy: normal, platformName: windows, proxy: Proxy(), se:cdp: ws://localhost:63482/devtoo..., se:cdpVersion: 122.0.6261.70, setWindowRect: true, strictFileInteractability: false, timeouts: {implicit: 0, pageLoad: 300000, script: 30000}, unhandledPromptBehavior: dismiss and notify, webauthn:extension:credBlob: true, webauthn:extension:largeBlob: true, webauthn:extension:minPinLength: true, webauthn:extension:prf: true, webauthn:virtualAuthenticators: true}
Element: [[ChromeDriver: chrome-headless-shell on windows (9df5fa7d277ff147dedd064b19ea2862)] -> name: password]
Session ID: 9df5fa7d277ff147dedd064b19ea2862
23:30:16.238 [Test worker] ERROR allcom_testng.tests.TestBase -- ERROR TEST STACK TRACE: 
org.openqa.selenium.StaleElementReferenceException: stale element reference: stale element not found
  (Session info: chrome-headless-shell=122.0.6261.70)
For documentation on this error, please visit: https://www.selenium.dev/documentation/webdriver/troubleshooting/errors#stale-element-reference-exception
Build info: version: '4.18.1', revision: 'b1d3319b48'
System info: os.name: 'Windows 11', os.arch: 'amd64', os.version: '10.0', java.version: '11.0.20'
Driver info: org.openqa.selenium.chrome.ChromeDriver
Command: [9df5fa7d277ff147dedd064b19ea2862, clickElement {id=f.833F0DC56686BB3144ECC6010251FADE.d.190308A8934BAF06D7DF8EE480B8CA62.e.9906}]
Capabilities {acceptInsecureCerts: false, browserName: chrome-headless-shell, browserVersion: 122.0.6261.70, chrome: {chromedriverVersion: 122.0.6261.69 (81bc525b6a36..., userDataDir: C:\Users\PORTIS~1\AppData\L...}, fedcm:accounts: true, goog:chromeOptions: {debuggerAddress: localhost:63482}, networkConnectionEnabled: false, pageLoadStrategy: normal, platformName: windows, proxy: Proxy(), se:cdp: ws://localhost:63482/devtoo..., se:cdpVersion: 122.0.6261.70, setWindowRect: true, strictFileInteractability: false, timeouts: {implicit: 0, pageLoad: 300000, script: 30000}, unhandledPromptBehavior: dismiss and notify, webauthn:extension:credBlob: true, webauthn:extension:largeBlob: true, webauthn:extension:minPinLength: true, webauthn:extension:prf: true, webauthn:virtualAuthenticators: true}
Element: [[ChromeDriver: chrome-headless-shell on windows (9df5fa7d277ff147dedd064b19ea2862)] -> name: password]
Session ID: 9df5fa7d277ff147dedd064b19ea2862
	at jdk.internal.reflect.GeneratedConstructorAccessor13.newInstance(Unknown Source)
	at java.base/jdk.internal.reflect.DelegatingConstructorAccessorImpl.newInstance(DelegatingConstructorAccessorImpl.java:45)
	at java.base/java.lang.reflect.Constructor.newInstance(Constructor.java:490)
	at org.openqa.selenium.remote.ErrorCodec.decode(ErrorCodec.java:167)
	at org.openqa.selenium.remote.codec.w3c.W3CHttpResponseCodec.decode(W3CHttpResponseCodec.java:138)
	at org.openqa.selenium.remote.codec.w3c.W3CHttpResponseCodec.decode(W3CHttpResponseCodec.java:50)
	at org.openqa.selenium.remote.HttpCommandExecutor.execute(HttpCommandExecutor.java:190)
	at org.openqa.selenium.remote.service.DriverCommandExecutor.invokeExecute(DriverCommandExecutor.java:216)
	at org.openqa.selenium.remote.service.DriverCommandExecutor.execute(DriverCommandExecutor.java:174)
	at org.openqa.selenium.remote.RemoteWebDriver.execute(RemoteWebDriver.java:519)
	at org.openqa.selenium.remote.RemoteWebElement.execute(RemoteWebElement.java:223)
	at org.openqa.selenium.remote.RemoteWebElement.click(RemoteWebElement.java:76)
	at jdk.internal.reflect.GeneratedMethodAccessor13.invoke(Unknown Source)
	at java.base/jdk.internal.reflect.DelegatingMethodAccessorImpl.invoke(DelegatingMethodAccessorImpl.java:43)
	at java.base/java.lang.reflect.Method.invoke(Method.java:566)
	at org.openqa.selenium.support.pagefactory.internal.LocatingElementHandler.invoke(LocatingElementHandler.java:51)
	at com.sun.proxy.$Proxy17.click(Unknown Source)
	at allcom_testng.pages.BasePage.click(BasePage.java:62)
	at allcom_testng.pages.BasePage.type(BasePage.java:100)
	at allcom_testng.pages.BasePage.validateField(BasePage.java:231)
	at allcom_testng.tests.passwordReset.CreateNewPasswordPageTests.validatePasswordWithIncorrectData(CreateNewPasswordPageTests.java:32)
	at java.base/jdk.internal.reflect.NativeMethodAccessorImpl.invoke0(Native Method)
	at java.base/jdk.internal.reflect.NativeMethodAccessorImpl.invoke(NativeMethodAccessorImpl.java:62)
	at java.base/jdk.internal.reflect.DelegatingMethodAccessorImpl.invoke(DelegatingMethodAccessorImpl.java:43)
	at java.base/java.lang.reflect.Method.invoke(Method.java:566)
	at org.testng.internal.invokers.MethodInvocationHelper.invokeMethod(MethodInvocationHelper.java:139)
	at org.testng.internal.invokers.TestInvoker.invokeMethod(TestInvoker.java:664)
	at org.testng.internal.invokers.TestInvoker.invokeTestMethod(TestInvoker.java:228)
	at org.testng.internal.invokers.MethodRunner.runInSequence(MethodRunner.java:63)
	at org.testng.internal.invokers.TestInvoker$MethodInvocationAgent.invoke(TestInvoker.java:961)
	at org.testng.internal.invokers.TestInvoker.invokeTestMethods(TestInvoker.java:201)
	at org.testng.internal.invokers.TestMethodWorker.invokeTestMethods(TestMethodWorker.java:148)
	at org.testng.internal.invokers.TestMethodWorker.run(TestMethodWorker.java:128)
	at java.base/java.util.ArrayList.forEach(ArrayList.java:1541)
	at org.testng.TestRunner.privateRun(TestRunner.java:819)
	at org.testng.TestRunner.run(TestRunner.java:619)
	at org.testng.SuiteRunner.runTest(SuiteRunner.java:443)
	at org.testng.SuiteRunner.runSequentially(SuiteRunner.java:437)
	at org.testng.SuiteRunner.privateRun(SuiteRunner.java:397)
	at org.testng.SuiteRunner.run(SuiteRunner.java:336)
	at org.testng.SuiteRunnerWorker.runSuite(SuiteRunnerWorker.java:52)
	at org.testng.SuiteRunnerWorker.run(SuiteRunnerWorker.java:95)
	at org.testng.TestNG.runSuitesSequentially(TestNG.java:1301)
	at org.testng.TestNG.runSuitesLocally(TestNG.java:1228)
	at org.testng.TestNG.runSuites(TestNG.java:1134)
	at org.testng.TestNG.run(TestNG.java:1101)
	at org.gradle.api.internal.tasks.testing.testng.TestNGTestClassProcessor.runTests(TestNGTestClassProcessor.java:148)
	at org.gradle.api.internal.tasks.testing.testng.TestNGTestClassProcessor.stop(TestNGTestClassProcessor.java:95)
	at org.gradle.api.internal.tasks.testing.SuiteTestClassProcessor.stop(SuiteTestClassProcessor.java:62)
	at java.base/jdk.internal.reflect.NativeMethodAccessorImpl.invoke0(Native Method)
	at java.base/jdk.internal.reflect.NativeMethodAccessorImpl.invoke(NativeMethodAccessorImpl.java:62)
	at java.base/jdk.internal.reflect.DelegatingMethodAccessorImpl.invoke(DelegatingMethodAccessorImpl.java:43)
	at java.base/java.lang.reflect.Method.invoke(Method.java:566)
	at org.gradle.internal.dispatch.ReflectionDispatch.dispatch(ReflectionDispatch.java:36)
	at org.gradle.internal.dispatch.ReflectionDispatch.dispatch(ReflectionDispatch.java:24)
	at org.gradle.internal.dispatch.ContextClassLoaderDispatch.dispatch(ContextClassLoaderDispatch.java:33)
	at org.gradle.internal.dispatch.ProxyDispatchAdapter$DispatchingInvocationHandler.invoke(ProxyDispatchAdapter.java:94)
	at com.sun.proxy.$Proxy2.stop(Unknown Source)
	at org.gradle.api.internal.tasks.testing.worker.TestWorker$3.run(TestWorker.java:193)
	at org.gradle.api.internal.tasks.testing.worker.TestWorker.executeAndMaintainThreadName(TestWorker.java:129)
	at org.gradle.api.internal.tasks.testing.worker.TestWorker.execute(TestWorker.java:100)
	at org.gradle.api.internal.tasks.testing.worker.TestWorker.execute(TestWorker.java:60)
	at org.gradle.process.internal.worker.child.ActionExecutionWorker.execute(ActionExecutionWorker.java:56)
	at org.gradle.process.internal.worker.child.SystemApplicationClassLoaderWorker.call(SystemApplicationClassLoaderWorker.java:113)
	at org.gradle.process.internal.worker.child.SystemApplicationClassLoaderWorker.call(SystemApplicationClassLoaderWorker.java:65)
	at worker.org.gradle.process.internal.worker.GradleWorkerMain.run(GradleWorkerMain.java:69)
	at worker.org.gradle.process.internal.worker.GradleWorkerMain.main(GradleWorkerMain.java:74)
23:30:16.358 [Test worker] ERROR allcom_testng.tests.TestBase -- ERROR TEST SCREENSHOT: C:\Users\PORTISHEAD\Desktop\ALLCOM\allcom_qa\src\screenshots\screenshot_error_426257.png
23:30:16.358 [Test worker] INFO  allcom_testng.tests.TestBase -- [==================================================================================================]
23:30:16.358 [Test worker] INFO  allcom_testng.tests.TestBase -- STARTED: [validatePasswordWithIncorrectData]
23:30:17.147 [Test worker] ERROR allcom_testng.tests.TestBase -- ERROR FAILED TEST: [validatePasswordWithIncorrectData], with VALUES: [SELECT* FROM]
23:30:17.147 [Test worker] ERROR allcom_testng.tests.TestBase -- ERROR TEST MESSAGE: stale element reference: stale element not found
  (Session info: chrome-headless-shell=122.0.6261.70)
For documentation on this error, please visit: https://www.selenium.dev/documentation/webdriver/troubleshooting/errors#stale-element-reference-exception
Build info: version: '4.18.1', revision: 'b1d3319b48'
System info: os.name: 'Windows 11', os.arch: 'amd64', os.version: '10.0', java.version: '11.0.20'
Driver info: org.openqa.selenium.chrome.ChromeDriver
Command: [9df5fa7d277ff147dedd064b19ea2862, clickElement {id=f.833F0DC56686BB3144ECC6010251FADE.d.6440EDFD6B378DFBF6E68BCFC5BC4EBA.e.9915}]
Capabilities {acceptInsecureCerts: false, browserName: chrome-headless-shell, browserVersion: 122.0.6261.70, chrome: {chromedriverVersion: 122.0.6261.69 (81bc525b6a36..., userDataDir: C:\Users\PORTIS~1\AppData\L...}, fedcm:accounts: true, goog:chromeOptions: {debuggerAddress: localhost:63482}, networkConnectionEnabled: false, pageLoadStrategy: normal, platformName: windows, proxy: Proxy(), se:cdp: ws://localhost:63482/devtoo..., se:cdpVersion: 122.0.6261.70, setWindowRect: true, strictFileInteractability: false, timeouts: {implicit: 0, pageLoad: 300000, script: 30000}, unhandledPromptBehavior: dismiss and notify, webauthn:extension:credBlob: true, webauthn:extension:largeBlob: true, webauthn:extension:minPinLength: true, webauthn:extension:prf: true, webauthn:virtualAuthenticators: true}
Element: [[ChromeDriver: chrome-headless-shell on windows (9df5fa7d277ff147dedd064b19ea2862)] -> name: password]
Session ID: 9df5fa7d277ff147dedd064b19ea2862
23:30:17.147 [Test worker] ERROR allcom_testng.tests.TestBase -- ERROR TEST STACK TRACE: 
org.openqa.selenium.StaleElementReferenceException: stale element reference: stale element not found
  (Session info: chrome-headless-shell=122.0.6261.70)
For documentation on this error, please visit: https://www.selenium.dev/documentation/webdriver/troubleshooting/errors#stale-element-reference-exception
Build info: version: '4.18.1', revision: 'b1d3319b48'
System info: os.name: 'Windows 11', os.arch: 'amd64', os.version: '10.0', java.version: '11.0.20'
Driver info: org.openqa.selenium.chrome.ChromeDriver
Command: [9df5fa7d277ff147dedd064b19ea2862, clickElement {id=f.833F0DC56686BB3144ECC6010251FADE.d.6440EDFD6B378DFBF6E68BCFC5BC4EBA.e.9915}]
Capabilities {acceptInsecureCerts: false, browserName: chrome-headless-shell, browserVersion: 122.0.6261.70, chrome: {chromedriverVersion: 122.0.6261.69 (81bc525b6a36..., userDataDir: C:\Users\PORTIS~1\AppData\L...}, fedcm:accounts: true, goog:chromeOptions: {debuggerAddress: localhost:63482}, networkConnectionEnabled: false, pageLoadStrategy: normal, platformName: windows, proxy: Proxy(), se:cdp: ws://localhost:63482/devtoo..., se:cdpVersion: 122.0.6261.70, setWindowRect: true, strictFileInteractability: false, timeouts: {implicit: 0, pageLoad: 300000, script: 30000}, unhandledPromptBehavior: dismiss and notify, webauthn:extension:credBlob: true, webauthn:extension:largeBlob: true, webauthn:extension:minPinLength: true, webauthn:extension:prf: true, webauthn:virtualAuthenticators: true}
Element: [[ChromeDriver: chrome-headless-shell on windows (9df5fa7d277ff147dedd064b19ea2862)] -> name: password]
Session ID: 9df5fa7d277ff147dedd064b19ea2862
	at jdk.internal.reflect.GeneratedConstructorAccessor13.newInstance(Unknown Source)
	at java.base/jdk.internal.reflect.DelegatingConstructorAccessorImpl.newInstance(DelegatingConstructorAccessorImpl.java:45)
	at java.base/java.lang.reflect.Constructor.newInstance(Constructor.java:490)
	at org.openqa.selenium.remote.ErrorCodec.decode(ErrorCodec.java:167)
	at org.openqa.selenium.remote.codec.w3c.W3CHttpResponseCodec.decode(W3CHttpResponseCodec.java:138)
	at org.openqa.selenium.remote.codec.w3c.W3CHttpResponseCodec.decode(W3CHttpResponseCodec.java:50)
	at org.openqa.selenium.remote.HttpCommandExecutor.execute(HttpCommandExecutor.java:190)
	at org.openqa.selenium.remote.service.DriverCommandExecutor.invokeExecute(DriverCommandExecutor.java:216)
	at org.openqa.selenium.remote.service.DriverCommandExecutor.execute(DriverCommandExecutor.java:174)
	at org.openqa.selenium.remote.RemoteWebDriver.execute(RemoteWebDriver.java:519)
	at org.openqa.selenium.remote.RemoteWebElement.execute(RemoteWebElement.java:223)
	at org.openqa.selenium.remote.RemoteWebElement.click(RemoteWebElement.java:76)
	at jdk.internal.reflect.GeneratedMethodAccessor13.invoke(Unknown Source)
	at java.base/jdk.internal.reflect.DelegatingMethodAccessorImpl.invoke(DelegatingMethodAccessorImpl.java:43)
	at java.base/java.lang.reflect.Method.invoke(Method.java:566)
	at org.openqa.selenium.support.pagefactory.internal.LocatingElementHandler.invoke(LocatingElementHandler.java:51)
	at com.sun.proxy.$Proxy17.click(Unknown Source)
	at allcom_testng.pages.BasePage.click(BasePage.java:62)
	at allcom_testng.pages.BasePage.type(BasePage.java:100)
	at allcom_testng.pages.BasePage.validateField(BasePage.java:231)
	at allcom_testng.tests.passwordReset.CreateNewPasswordPageTests.validatePasswordWithIncorrectData(CreateNewPasswordPageTests.java:32)
	at java.base/jdk.internal.reflect.NativeMethodAccessorImpl.invoke0(Native Method)
	at java.base/jdk.internal.reflect.NativeMethodAccessorImpl.invoke(NativeMethodAccessorImpl.java:62)
	at java.base/jdk.internal.reflect.DelegatingMethodAccessorImpl.invoke(DelegatingMethodAccessorImpl.java:43)
	at java.base/java.lang.reflect.Method.invoke(Method.java:566)
	at org.testng.internal.invokers.MethodInvocationHelper.invokeMethod(MethodInvocationHelper.java:139)
	at org.testng.internal.invokers.TestInvoker.invokeMethod(TestInvoker.java:664)
	at org.testng.internal.invokers.TestInvoker.invokeTestMethod(TestInvoker.java:228)
	at org.testng.internal.invokers.MethodRunner.runInSequence(MethodRunner.java:63)
	at org.testng.internal.invokers.TestInvoker$MethodInvocationAgent.invoke(TestInvoker.java:961)
	at org.testng.internal.invokers.TestInvoker.invokeTestMethods(TestInvoker.java:201)
	at org.testng.internal.invokers.TestMethodWorker.invokeTestMethods(TestMethodWorker.java:148)
	at org.testng.internal.invokers.TestMethodWorker.run(TestMethodWorker.java:128)
	at java.base/java.util.ArrayList.forEach(ArrayList.java:1541)
	at org.testng.TestRunner.privateRun(TestRunner.java:819)
	at org.testng.TestRunner.run(TestRunner.java:619)
	at org.testng.SuiteRunner.runTest(SuiteRunner.java:443)
	at org.testng.SuiteRunner.runSequentially(SuiteRunner.java:437)
	at org.testng.SuiteRunner.privateRun(SuiteRunner.java:397)
	at org.testng.SuiteRunner.run(SuiteRunner.java:336)
	at org.testng.SuiteRunnerWorker.runSuite(SuiteRunnerWorker.java:52)
	at org.testng.SuiteRunnerWorker.run(SuiteRunnerWorker.java:95)
	at org.testng.TestNG.runSuitesSequentially(TestNG.java:1301)
	at org.testng.TestNG.runSuitesLocally(TestNG.java:1228)
	at org.testng.TestNG.runSuites(TestNG.java:1134)
	at org.testng.TestNG.run(TestNG.java:1101)
	at org.gradle.api.internal.tasks.testing.testng.TestNGTestClassProcessor.runTests(TestNGTestClassProcessor.java:148)
	at org.gradle.api.internal.tasks.testing.testng.TestNGTestClassProcessor.stop(TestNGTestClassProcessor.java:95)
	at org.gradle.api.internal.tasks.testing.SuiteTestClassProcessor.stop(SuiteTestClassProcessor.java:62)
	at java.base/jdk.internal.reflect.NativeMethodAccessorImpl.invoke0(Native Method)
	at java.base/jdk.internal.reflect.NativeMethodAccessorImpl.invoke(NativeMethodAccessorImpl.java:62)
	at java.base/jdk.internal.reflect.DelegatingMethodAccessorImpl.invoke(DelegatingMethodAccessorImpl.java:43)
	at java.base/java.lang.reflect.Method.invoke(Method.java:566)
	at org.gradle.internal.dispatch.ReflectionDispatch.dispatch(ReflectionDispatch.java:36)
	at org.gradle.internal.dispatch.ReflectionDispatch.dispatch(ReflectionDispatch.java:24)
	at org.gradle.internal.dispatch.ContextClassLoaderDispatch.dispatch(ContextClassLoaderDispatch.java:33)
	at org.gradle.internal.dispatch.ProxyDispatchAdapter$DispatchingInvocationHandler.invoke(ProxyDispatchAdapter.java:94)
	at com.sun.proxy.$Proxy2.stop(Unknown Source)
	at org.gradle.api.internal.tasks.testing.worker.TestWorker$3.run(TestWorker.java:193)
	at org.gradle.api.internal.tasks.testing.worker.TestWorker.executeAndMaintainThreadName(TestWorker.java:129)
	at org.gradle.api.internal.tasks.testing.worker.TestWorker.execute(TestWorker.java:100)
	at org.gradle.api.internal.tasks.testing.worker.TestWorker.execute(TestWorker.java:60)
	at org.gradle.process.internal.worker.child.ActionExecutionWorker.execute(ActionExecutionWorker.java:56)
	at org.gradle.process.internal.worker.child.SystemApplicationClassLoaderWorker.call(SystemApplicationClassLoaderWorker.java:113)
	at org.gradle.process.internal.worker.child.SystemApplicationClassLoaderWorker.call(SystemApplicationClassLoaderWorker.java:65)
	at worker.org.gradle.process.internal.worker.GradleWorkerMain.run(GradleWorkerMain.java:69)
	at worker.org.gradle.process.internal.worker.GradleWorkerMain.main(GradleWorkerMain.java:74)
23:30:17.274 [Test worker] ERROR allcom_testng.tests.TestBase -- ERROR TEST SCREENSHOT: C:\Users\PORTISHEAD\Desktop\ALLCOM\allcom_qa\src\screenshots\screenshot_error_426266.png
23:30:17.274 [Test worker] INFO  allcom_testng.tests.TestBase -- [==================================================================================================]
23:30:17.274 [Test worker] INFO  allcom_testng.tests.TestBase -- STARTED: [validatePasswordWithIncorrectData]
23:30:18.043 [Test worker] ERROR allcom_testng.tests.TestBase -- ERROR FAILED TEST: [validatePasswordWithIncorrectData], with VALUES: [www.gmail.com]
23:30:18.043 [Test worker] ERROR allcom_testng.tests.TestBase -- ERROR TEST MESSAGE: stale element reference: stale element not found
  (Session info: chrome-headless-shell=122.0.6261.70)
For documentation on this error, please visit: https://www.selenium.dev/documentation/webdriver/troubleshooting/errors#stale-element-reference-exception
Build info: version: '4.18.1', revision: 'b1d3319b48'
System info: os.name: 'Windows 11', os.arch: 'amd64', os.version: '10.0', java.version: '11.0.20'
Driver info: org.openqa.selenium.chrome.ChromeDriver
Command: [9df5fa7d277ff147dedd064b19ea2862, clickElement {id=f.833F0DC56686BB3144ECC6010251FADE.d.4C8C5EE2E1B1B1B1B026256E99C33718.e.9930}]
Capabilities {acceptInsecureCerts: false, browserName: chrome-headless-shell, browserVersion: 122.0.6261.70, chrome: {chromedriverVersion: 122.0.6261.69 (81bc525b6a36..., userDataDir: C:\Users\PORTIS~1\AppData\L...}, fedcm:accounts: true, goog:chromeOptions: {debuggerAddress: localhost:63482}, networkConnectionEnabled: false, pageLoadStrategy: normal, platformName: windows, proxy: Proxy(), se:cdp: ws://localhost:63482/devtoo..., se:cdpVersion: 122.0.6261.70, setWindowRect: true, strictFileInteractability: false, timeouts: {implicit: 0, pageLoad: 300000, script: 30000}, unhandledPromptBehavior: dismiss and notify, webauthn:extension:credBlob: true, webauthn:extension:largeBlob: true, webauthn:extension:minPinLength: true, webauthn:extension:prf: true, webauthn:virtualAuthenticators: true}
Element: [[ChromeDriver: chrome-headless-shell on windows (9df5fa7d277ff147dedd064b19ea2862)] -> name: password]
Session ID: 9df5fa7d277ff147dedd064b19ea2862
23:30:18.043 [Test worker] ERROR allcom_testng.tests.TestBase -- ERROR TEST STACK TRACE: 
org.openqa.selenium.StaleElementReferenceException: stale element reference: stale element not found
  (Session info: chrome-headless-shell=122.0.6261.70)
For documentation on this error, please visit: https://www.selenium.dev/documentation/webdriver/troubleshooting/errors#stale-element-reference-exception
Build info: version: '4.18.1', revision: 'b1d3319b48'
System info: os.name: 'Windows 11', os.arch: 'amd64', os.version: '10.0', java.version: '11.0.20'
Driver info: org.openqa.selenium.chrome.ChromeDriver
Command: [9df5fa7d277ff147dedd064b19ea2862, clickElement {id=f.833F0DC56686BB3144ECC6010251FADE.d.4C8C5EE2E1B1B1B1B026256E99C33718.e.9930}]
Capabilities {acceptInsecureCerts: false, browserName: chrome-headless-shell, browserVersion: 122.0.6261.70, chrome: {chromedriverVersion: 122.0.6261.69 (81bc525b6a36..., userDataDir: C:\Users\PORTIS~1\AppData\L...}, fedcm:accounts: true, goog:chromeOptions: {debuggerAddress: localhost:63482}, networkConnectionEnabled: false, pageLoadStrategy: normal, platformName: windows, proxy: Proxy(), se:cdp: ws://localhost:63482/devtoo..., se:cdpVersion: 122.0.6261.70, setWindowRect: true, strictFileInteractability: false, timeouts: {implicit: 0, pageLoad: 300000, script: 30000}, unhandledPromptBehavior: dismiss and notify, webauthn:extension:credBlob: true, webauthn:extension:largeBlob: true, webauthn:extension:minPinLength: true, webauthn:extension:prf: true, webauthn:virtualAuthenticators: true}
Element: [[ChromeDriver: chrome-headless-shell on windows (9df5fa7d277ff147dedd064b19ea2862)] -> name: password]
Session ID: 9df5fa7d277ff147dedd064b19ea2862
	at jdk.internal.reflect.GeneratedConstructorAccessor13.newInstance(Unknown Source)
	at java.base/jdk.internal.reflect.DelegatingConstructorAccessorImpl.newInstance(DelegatingConstructorAccessorImpl.java:45)
	at java.base/java.lang.reflect.Constructor.newInstance(Constructor.java:490)
	at org.openqa.selenium.remote.ErrorCodec.decode(ErrorCodec.java:167)
	at org.openqa.selenium.remote.codec.w3c.W3CHttpResponseCodec.decode(W3CHttpResponseCodec.java:138)
	at org.openqa.selenium.remote.codec.w3c.W3CHttpResponseCodec.decode(W3CHttpResponseCodec.java:50)
	at org.openqa.selenium.remote.HttpCommandExecutor.execute(HttpCommandExecutor.java:190)
	at org.openqa.selenium.remote.service.DriverCommandExecutor.invokeExecute(DriverCommandExecutor.java:216)
	at org.openqa.selenium.remote.service.DriverCommandExecutor.execute(DriverCommandExecutor.java:174)
	at org.openqa.selenium.remote.RemoteWebDriver.execute(RemoteWebDriver.java:519)
	at org.openqa.selenium.remote.RemoteWebElement.execute(RemoteWebElement.java:223)
	at org.openqa.selenium.remote.RemoteWebElement.click(RemoteWebElement.java:76)
	at jdk.internal.reflect.GeneratedMethodAccessor13.invoke(Unknown Source)
	at java.base/jdk.internal.reflect.DelegatingMethodAccessorImpl.invoke(DelegatingMethodAccessorImpl.java:43)
	at java.base/java.lang.reflect.Method.invoke(Method.java:566)
	at org.openqa.selenium.support.pagefactory.internal.LocatingElementHandler.invoke(LocatingElementHandler.java:51)
	at com.sun.proxy.$Proxy17.click(Unknown Source)
	at allcom_testng.pages.BasePage.click(BasePage.java:62)
	at allcom_testng.pages.BasePage.type(BasePage.java:100)
	at allcom_testng.pages.BasePage.validateField(BasePage.java:231)
	at allcom_testng.tests.passwordReset.CreateNewPasswordPageTests.validatePasswordWithIncorrectData(CreateNewPasswordPageTests.java:32)
	at java.base/jdk.internal.reflect.NativeMethodAccessorImpl.invoke0(Native Method)
	at java.base/jdk.internal.reflect.NativeMethodAccessorImpl.invoke(NativeMethodAccessorImpl.java:62)
	at java.base/jdk.internal.reflect.DelegatingMethodAccessorImpl.invoke(DelegatingMethodAccessorImpl.java:43)
	at java.base/java.lang.reflect.Method.invoke(Method.java:566)
	at org.testng.internal.invokers.MethodInvocationHelper.invokeMethod(MethodInvocationHelper.java:139)
	at org.testng.internal.invokers.TestInvoker.invokeMethod(TestInvoker.java:664)
	at org.testng.internal.invokers.TestInvoker.invokeTestMethod(TestInvoker.java:228)
	at org.testng.internal.invokers.MethodRunner.runInSequence(MethodRunner.java:63)
	at org.testng.internal.invokers.TestInvoker$MethodInvocationAgent.invoke(TestInvoker.java:961)
	at org.testng.internal.invokers.TestInvoker.invokeTestMethods(TestInvoker.java:201)
	at org.testng.internal.invokers.TestMethodWorker.invokeTestMethods(TestMethodWorker.java:148)
	at org.testng.internal.invokers.TestMethodWorker.run(TestMethodWorker.java:128)
	at java.base/java.util.ArrayList.forEach(ArrayList.java:1541)
	at org.testng.TestRunner.privateRun(TestRunner.java:819)
	at org.testng.TestRunner.run(TestRunner.java:619)
	at org.testng.SuiteRunner.runTest(SuiteRunner.java:443)
	at org.testng.SuiteRunner.runSequentially(SuiteRunner.java:437)
	at org.testng.SuiteRunner.privateRun(SuiteRunner.java:397)
	at org.testng.SuiteRunner.run(SuiteRunner.java:336)
	at org.testng.SuiteRunnerWorker.runSuite(SuiteRunnerWorker.java:52)
	at org.testng.SuiteRunnerWorker.run(SuiteRunnerWorker.java:95)
	at org.testng.TestNG.runSuitesSequentially(TestNG.java:1301)
	at org.testng.TestNG.runSuitesLocally(TestNG.java:1228)
	at org.testng.TestNG.runSuites(TestNG.java:1134)
	at org.testng.TestNG.run(TestNG.java:1101)
	at org.gradle.api.internal.tasks.testing.testng.TestNGTestClassProcessor.runTests(TestNGTestClassProcessor.java:148)
	at org.gradle.api.internal.tasks.testing.testng.TestNGTestClassProcessor.stop(TestNGTestClassProcessor.java:95)
	at org.gradle.api.internal.tasks.testing.SuiteTestClassProcessor.stop(SuiteTestClassProcessor.java:62)
	at java.base/jdk.internal.reflect.NativeMethodAccessorImpl.invoke0(Native Method)
	at java.base/jdk.internal.reflect.NativeMethodAccessorImpl.invoke(NativeMethodAccessorImpl.java:62)
	at java.base/jdk.internal.reflect.DelegatingMethodAccessorImpl.invoke(DelegatingMethodAccessorImpl.java:43)
	at java.base/java.lang.reflect.Method.invoke(Method.java:566)
	at org.gradle.internal.dispatch.ReflectionDispatch.dispatch(ReflectionDispatch.java:36)
	at org.gradle.internal.dispatch.ReflectionDispatch.dispatch(ReflectionDispatch.java:24)
	at org.gradle.internal.dispatch.ContextClassLoaderDispatch.dispatch(ContextClassLoaderDispatch.java:33)
	at org.gradle.internal.dispatch.ProxyDispatchAdapter$DispatchingInvocationHandler.invoke(ProxyDispatchAdapter.java:94)
	at com.sun.proxy.$Proxy2.stop(Unknown Source)
	at org.gradle.api.internal.tasks.testing.worker.TestWorker$3.run(TestWorker.java:193)
	at org.gradle.api.internal.tasks.testing.worker.TestWorker.executeAndMaintainThreadName(TestWorker.java:129)
	at org.gradle.api.internal.tasks.testing.worker.TestWorker.execute(TestWorker.java:100)
	at org.gradle.api.internal.tasks.testing.worker.TestWorker.execute(TestWorker.java:60)
	at org.gradle.process.internal.worker.child.ActionExecutionWorker.execute(ActionExecutionWorker.java:56)
	at org.gradle.process.internal.worker.child.SystemApplicationClassLoaderWorker.call(SystemApplicationClassLoaderWorker.java:113)
	at org.gradle.process.internal.worker.child.SystemApplicationClassLoaderWorker.call(SystemApplicationClassLoaderWorker.java:65)
	at worker.org.gradle.process.internal.worker.GradleWorkerMain.run(GradleWorkerMain.java:69)
	at worker.org.gradle.process.internal.worker.GradleWorkerMain.main(GradleWorkerMain.java:74)
23:30:18.176 [Test worker] ERROR allcom_testng.tests.TestBase -- ERROR TEST SCREENSHOT: C:\Users\PORTISHEAD\Desktop\ALLCOM\allcom_qa\src\screenshots\screenshot_error_426275.png
23:30:18.176 [Test worker] INFO  allcom_testng.tests.TestBase -- [==================================================================================================]
23:30:18.177 [Test worker] INFO  allcom_testng.tests.TestBase -- STARTED: [validatePasswordWithIncorrectData]
23:30:18.966 [Test worker] INFO  allcom_testng.tests.TestBase -- PASSED: [validatePasswordWithIncorrectData], with VALUES: []
23:30:18.966 [Test worker] INFO  allcom_testng.tests.TestBase -- STARTED: [validatePasswordWithIncorrectData]
23:30:19.822 [Test worker] INFO  allcom_testng.tests.TestBase -- PASSED: [validatePasswordWithIncorrectData], with VALUES: [В ]
23:30:19.822 [Test worker] INFO  allcom_testng.tests.TestBase -- STARTED: [validatePasswordWithIncorrectData]
23:30:20.603 [Test worker] INFO  allcom_testng.tests.TestBase -- PASSED: [validatePasswordWithIncorrectData], with VALUES: []
23:30:20.603 [Test worker] INFO  allcom_testng.tests.TestBase -- STARTED: [validatePasswordWithIncorrectData]
23:30:21.329 [Test worker] ERROR allcom_testng.tests.TestBase -- ERROR FAILED TEST: [validatePasswordWithIncorrectData], with VALUES: [0]
23:30:21.329 [Test worker] ERROR allcom_testng.tests.TestBase -- ERROR TEST MESSAGE: stale element reference: stale element not found
  (Session info: chrome-headless-shell=122.0.6261.70)
For documentation on this error, please visit: https://www.selenium.dev/documentation/webdriver/troubleshooting/errors#stale-element-reference-exception
Build info: version: '4.18.1', revision: 'b1d3319b48'
System info: os.name: 'Windows 11', os.arch: 'amd64', os.version: '10.0', java.version: '11.0.20'
Driver info: org.openqa.selenium.chrome.ChromeDriver
Command: [9df5fa7d277ff147dedd064b19ea2862, clickElement {id=f.833F0DC56686BB3144ECC6010251FADE.d.AE3EEF83584888FD6484D6ECB670345B.e.10230}]
Capabilities {acceptInsecureCerts: false, browserName: chrome-headless-shell, browserVersion: 122.0.6261.70, chrome: {chromedriverVersion: 122.0.6261.69 (81bc525b6a36..., userDataDir: C:\Users\PORTIS~1\AppData\L...}, fedcm:accounts: true, goog:chromeOptions: {debuggerAddress: localhost:63482}, networkConnectionEnabled: false, pageLoadStrategy: normal, platformName: windows, proxy: Proxy(), se:cdp: ws://localhost:63482/devtoo..., se:cdpVersion: 122.0.6261.70, setWindowRect: true, strictFileInteractability: false, timeouts: {implicit: 0, pageLoad: 300000, script: 30000}, unhandledPromptBehavior: dismiss and notify, webauthn:extension:credBlob: true, webauthn:extension:largeBlob: true, webauthn:extension:minPinLength: true, webauthn:extension:prf: true, webauthn:virtualAuthenticators: true}
Element: [[ChromeDriver: chrome-headless-shell on windows (9df5fa7d277ff147dedd064b19ea2862)] -> name: password]
Session ID: 9df5fa7d277ff147dedd064b19ea2862
23:30:21.330 [Test worker] ERROR allcom_testng.tests.TestBase -- ERROR TEST STACK TRACE: 
org.openqa.selenium.StaleElementReferenceException: stale element reference: stale element not found
  (Session info: chrome-headless-shell=122.0.6261.70)
For documentation on this error, please visit: https://www.selenium.dev/documentation/webdriver/troubleshooting/errors#stale-element-reference-exception
Build info: version: '4.18.1', revision: 'b1d3319b48'
System info: os.name: 'Windows 11', os.arch: 'amd64', os.version: '10.0', java.version: '11.0.20'
Driver info: org.openqa.selenium.chrome.ChromeDriver
Command: [9df5fa7d277ff147dedd064b19ea2862, clickElement {id=f.833F0DC56686BB3144ECC6010251FADE.d.AE3EEF83584888FD6484D6ECB670345B.e.10230}]
Capabilities {acceptInsecureCerts: false, browserName: chrome-headless-shell, browserVersion: 122.0.6261.70, chrome: {chromedriverVersion: 122.0.6261.69 (81bc525b6a36..., userDataDir: C:\Users\PORTIS~1\AppData\L...}, fedcm:accounts: true, goog:chromeOptions: {debuggerAddress: localhost:63482}, networkConnectionEnabled: false, pageLoadStrategy: normal, platformName: windows, proxy: Proxy(), se:cdp: ws://localhost:63482/devtoo..., se:cdpVersion: 122.0.6261.70, setWindowRect: true, strictFileInteractability: false, timeouts: {implicit: 0, pageLoad: 300000, script: 30000}, unhandledPromptBehavior: dismiss and notify, webauthn:extension:credBlob: true, webauthn:extension:largeBlob: true, webauthn:extension:minPinLength: true, webauthn:extension:prf: true, webauthn:virtualAuthenticators: true}
Element: [[ChromeDriver: chrome-headless-shell on windows (9df5fa7d277ff147dedd064b19ea2862)] -> name: password]
Session ID: 9df5fa7d277ff147dedd064b19ea2862
	at jdk.internal.reflect.GeneratedConstructorAccessor13.newInstance(Unknown Source)
	at java.base/jdk.internal.reflect.DelegatingConstructorAccessorImpl.newInstance(DelegatingConstructorAccessorImpl.java:45)
	at java.base/java.lang.reflect.Constructor.newInstance(Constructor.java:490)
	at org.openqa.selenium.remote.ErrorCodec.decode(ErrorCodec.java:167)
	at org.openqa.selenium.remote.codec.w3c.W3CHttpResponseCodec.decode(W3CHttpResponseCodec.java:138)
	at org.openqa.selenium.remote.codec.w3c.W3CHttpResponseCodec.decode(W3CHttpResponseCodec.java:50)
	at org.openqa.selenium.remote.HttpCommandExecutor.execute(HttpCommandExecutor.java:190)
	at org.openqa.selenium.remote.service.DriverCommandExecutor.invokeExecute(DriverCommandExecutor.java:216)
	at org.openqa.selenium.remote.service.DriverCommandExecutor.execute(DriverCommandExecutor.java:174)
	at org.openqa.selenium.remote.RemoteWebDriver.execute(RemoteWebDriver.java:519)
	at org.openqa.selenium.remote.RemoteWebElement.execute(RemoteWebElement.java:223)
	at org.openqa.selenium.remote.RemoteWebElement.click(RemoteWebElement.java:76)
	at jdk.internal.reflect.GeneratedMethodAccessor13.invoke(Unknown Source)
	at java.base/jdk.internal.reflect.DelegatingMethodAccessorImpl.invoke(DelegatingMethodAccessorImpl.java:43)
	at java.base/java.lang.reflect.Method.invoke(Method.java:566)
	at org.openqa.selenium.support.pagefactory.internal.LocatingElementHandler.invoke(LocatingElementHandler.java:51)
	at com.sun.proxy.$Proxy17.click(Unknown Source)
	at allcom_testng.pages.BasePage.click(BasePage.java:62)
	at allcom_testng.pages.BasePage.type(BasePage.java:100)
	at allcom_testng.pages.BasePage.validateField(BasePage.java:231)
	at allcom_testng.tests.passwordReset.CreateNewPasswordPageTests.validatePasswordWithIncorrectData(CreateNewPasswordPageTests.java:32)
	at java.base/jdk.internal.reflect.NativeMethodAccessorImpl.invoke0(Native Method)
	at java.base/jdk.internal.reflect.NativeMethodAccessorImpl.invoke(NativeMethodAccessorImpl.java:62)
	at java.base/jdk.internal.reflect.DelegatingMethodAccessorImpl.invoke(DelegatingMethodAccessorImpl.java:43)
	at java.base/java.lang.reflect.Method.invoke(Method.java:566)
	at org.testng.internal.invokers.MethodInvocationHelper.invokeMethod(MethodInvocationHelper.java:139)
	at org.testng.internal.invokers.TestInvoker.invokeMethod(TestInvoker.java:664)
	at org.testng.internal.invokers.TestInvoker.invokeTestMethod(TestInvoker.java:228)
	at org.testng.internal.invokers.MethodRunner.runInSequence(MethodRunner.java:63)
	at org.testng.internal.invokers.TestInvoker$MethodInvocationAgent.invoke(TestInvoker.java:961)
	at org.testng.internal.invokers.TestInvoker.invokeTestMethods(TestInvoker.java:201)
	at org.testng.internal.invokers.TestMethodWorker.invokeTestMethods(TestMethodWorker.java:148)
	at org.testng.internal.invokers.TestMethodWorker.run(TestMethodWorker.java:128)
	at java.base/java.util.ArrayList.forEach(ArrayList.java:1541)
	at org.testng.TestRunner.privateRun(TestRunner.java:819)
	at org.testng.TestRunner.run(TestRunner.java:619)
	at org.testng.SuiteRunner.runTest(SuiteRunner.java:443)
	at org.testng.SuiteRunner.runSequentially(SuiteRunner.java:437)
	at org.testng.SuiteRunner.privateRun(SuiteRunner.java:397)
	at org.testng.SuiteRunner.run(SuiteRunner.java:336)
	at org.testng.SuiteRunnerWorker.runSuite(SuiteRunnerWorker.java:52)
	at org.testng.SuiteRunnerWorker.run(SuiteRunnerWorker.java:95)
	at org.testng.TestNG.runSuitesSequentially(TestNG.java:1301)
	at org.testng.TestNG.runSuitesLocally(TestNG.java:1228)
	at org.testng.TestNG.runSuites(TestNG.java:1134)
	at org.testng.TestNG.run(TestNG.java:1101)
	at org.gradle.api.internal.tasks.testing.testng.TestNGTestClassProcessor.runTests(TestNGTestClassProcessor.java:148)
	at org.gradle.api.internal.tasks.testing.testng.TestNGTestClassProcessor.stop(TestNGTestClassProcessor.java:95)
	at org.gradle.api.internal.tasks.testing.SuiteTestClassProcessor.stop(SuiteTestClassProcessor.java:62)
	at java.base/jdk.internal.reflect.NativeMethodAccessorImpl.invoke0(Native Method)
	at java.base/jdk.internal.reflect.NativeMethodAccessorImpl.invoke(NativeMethodAccessorImpl.java:62)
	at java.base/jdk.internal.reflect.DelegatingMethodAccessorImpl.invoke(DelegatingMethodAccessorImpl.java:43)
	at java.base/java.lang.reflect.Method.invoke(Method.java:566)
	at org.gradle.internal.dispatch.ReflectionDispatch.dispatch(ReflectionDispatch.java:36)
	at org.gradle.internal.dispatch.ReflectionDispatch.dispatch(ReflectionDispatch.java:24)
	at org.gradle.internal.dispatch.ContextClassLoaderDispatch.dispatch(ContextClassLoaderDispatch.java:33)
	at org.gradle.internal.dispatch.ProxyDispatchAdapter$DispatchingInvocationHandler.invoke(ProxyDispatchAdapter.java:94)
	at com.sun.proxy.$Proxy2.stop(Unknown Source)
	at org.gradle.api.internal.tasks.testing.worker.TestWorker$3.run(TestWorker.java:193)
	at org.gradle.api.internal.tasks.testing.worker.TestWorker.executeAndMaintainThreadName(TestWorker.java:129)
	at org.gradle.api.internal.tasks.testing.worker.TestWorker.execute(TestWorker.java:100)
	at org.gradle.api.internal.tasks.testing.worker.TestWorker.execute(TestWorker.java:60)
	at org.gradle.process.internal.worker.child.ActionExecutionWorker.execute(ActionExecutionWorker.java:56)
	at org.gradle.process.internal.worker.child.SystemApplicationClassLoaderWorker.call(SystemApplicationClassLoaderWorker.java:113)
	at org.gradle.process.internal.worker.child.SystemApplicationClassLoaderWorker.call(SystemApplicationClassLoaderWorker.java:65)
	at worker.org.gradle.process.internal.worker.GradleWorkerMain.run(GradleWorkerMain.java:69)
	at worker.org.gradle.process.internal.worker.GradleWorkerMain.main(GradleWorkerMain.java:74)
23:30:21.458 [Test worker] ERROR allcom_testng.tests.TestBase -- ERROR TEST SCREENSHOT: C:\Users\PORTISHEAD\Desktop\ALLCOM\allcom_qa\src\screenshots\screenshot_error_426307.png
23:30:21.458 [Test worker] INFO  allcom_testng.tests.TestBase -- [==================================================================================================]
23:30:21.458 [Test worker] INFO  allcom_testng.tests.TestBase -- STARTED: [validatePasswordWithIncorrectData]
23:30:22.177 [Test worker] ERROR allcom_testng.tests.TestBase -- ERROR FAILED TEST: [validatePasswordWithIncorrectData], with VALUES: [<input>]
23:30:22.177 [Test worker] ERROR allcom_testng.tests.TestBase -- ERROR TEST MESSAGE: stale element reference: stale element not found
  (Session info: chrome-headless-shell=122.0.6261.70)
For documentation on this error, please visit: https://www.selenium.dev/documentation/webdriver/troubleshooting/errors#stale-element-reference-exception
Build info: version: '4.18.1', revision: 'b1d3319b48'
System info: os.name: 'Windows 11', os.arch: 'amd64', os.version: '10.0', java.version: '11.0.20'
Driver info: org.openqa.selenium.chrome.ChromeDriver
Command: [9df5fa7d277ff147dedd064b19ea2862, clickElement {id=f.833F0DC56686BB3144ECC6010251FADE.d.C04FEDE0DDFDFCC0A8D2DBBF41D186E6.e.10287}]
Capabilities {acceptInsecureCerts: false, browserName: chrome-headless-shell, browserVersion: 122.0.6261.70, chrome: {chromedriverVersion: 122.0.6261.69 (81bc525b6a36..., userDataDir: C:\Users\PORTIS~1\AppData\L...}, fedcm:accounts: true, goog:chromeOptions: {debuggerAddress: localhost:63482}, networkConnectionEnabled: false, pageLoadStrategy: normal, platformName: windows, proxy: Proxy(), se:cdp: ws://localhost:63482/devtoo..., se:cdpVersion: 122.0.6261.70, setWindowRect: true, strictFileInteractability: false, timeouts: {implicit: 0, pageLoad: 300000, script: 30000}, unhandledPromptBehavior: dismiss and notify, webauthn:extension:credBlob: true, webauthn:extension:largeBlob: true, webauthn:extension:minPinLength: true, webauthn:extension:prf: true, webauthn:virtualAuthenticators: true}
Element: [[ChromeDriver: chrome-headless-shell on windows (9df5fa7d277ff147dedd064b19ea2862)] -> name: password]
Session ID: 9df5fa7d277ff147dedd064b19ea2862
23:30:22.177 [Test worker] ERROR allcom_testng.tests.TestBase -- ERROR TEST STACK TRACE: 
org.openqa.selenium.StaleElementReferenceException: stale element reference: stale element not found
  (Session info: chrome-headless-shell=122.0.6261.70)
For documentation on this error, please visit: https://www.selenium.dev/documentation/webdriver/troubleshooting/errors#stale-element-reference-exception
Build info: version: '4.18.1', revision: 'b1d3319b48'
System info: os.name: 'Windows 11', os.arch: 'amd64', os.version: '10.0', java.version: '11.0.20'
Driver info: org.openqa.selenium.chrome.ChromeDriver
Command: [9df5fa7d277ff147dedd064b19ea2862, clickElement {id=f.833F0DC56686BB3144ECC6010251FADE.d.C04FEDE0DDFDFCC0A8D2DBBF41D186E6.e.10287}]
Capabilities {acceptInsecureCerts: false, browserName: chrome-headless-shell, browserVersion: 122.0.6261.70, chrome: {chromedriverVersion: 122.0.6261.69 (81bc525b6a36..., userDataDir: C:\Users\PORTIS~1\AppData\L...}, fedcm:accounts: true, goog:chromeOptions: {debuggerAddress: localhost:63482}, networkConnectionEnabled: false, pageLoadStrategy: normal, platformName: windows, proxy: Proxy(), se:cdp: ws://localhost:63482/devtoo..., se:cdpVersion: 122.0.6261.70, setWindowRect: true, strictFileInteractability: false, timeouts: {implicit: 0, pageLoad: 300000, script: 30000}, unhandledPromptBehavior: dismiss and notify, webauthn:extension:credBlob: true, webauthn:extension:largeBlob: true, webauthn:extension:minPinLength: true, webauthn:extension:prf: true, webauthn:virtualAuthenticators: true}
Element: [[ChromeDriver: chrome-headless-shell on windows (9df5fa7d277ff147dedd064b19ea2862)] -> name: password]
Session ID: 9df5fa7d277ff147dedd064b19ea2862
	at jdk.internal.reflect.GeneratedConstructorAccessor13.newInstance(Unknown Source)
	at java.base/jdk.internal.reflect.DelegatingConstructorAccessorImpl.newInstance(DelegatingConstructorAccessorImpl.java:45)
	at java.base/java.lang.reflect.Constructor.newInstance(Constructor.java:490)
	at org.openqa.selenium.remote.ErrorCodec.decode(ErrorCodec.java:167)
	at org.openqa.selenium.remote.codec.w3c.W3CHttpResponseCodec.decode(W3CHttpResponseCodec.java:138)
	at org.openqa.selenium.remote.codec.w3c.W3CHttpResponseCodec.decode(W3CHttpResponseCodec.java:50)
	at org.openqa.selenium.remote.HttpCommandExecutor.execute(HttpCommandExecutor.java:190)
	at org.openqa.selenium.remote.service.DriverCommandExecutor.invokeExecute(DriverCommandExecutor.java:216)
	at org.openqa.selenium.remote.service.DriverCommandExecutor.execute(DriverCommandExecutor.java:174)
	at org.openqa.selenium.remote.RemoteWebDriver.execute(RemoteWebDriver.java:519)
	at org.openqa.selenium.remote.RemoteWebElement.execute(RemoteWebElement.java:223)
	at org.openqa.selenium.remote.RemoteWebElement.click(RemoteWebElement.java:76)
	at jdk.internal.reflect.GeneratedMethodAccessor13.invoke(Unknown Source)
	at java.base/jdk.internal.reflect.DelegatingMethodAccessorImpl.invoke(DelegatingMethodAccessorImpl.java:43)
	at java.base/java.lang.reflect.Method.invoke(Method.java:566)
	at org.openqa.selenium.support.pagefactory.internal.LocatingElementHandler.invoke(LocatingElementHandler.java:51)
	at com.sun.proxy.$Proxy17.click(Unknown Source)
	at allcom_testng.pages.BasePage.click(BasePage.java:62)
	at allcom_testng.pages.BasePage.type(BasePage.java:100)
	at allcom_testng.pages.BasePage.validateField(BasePage.java:231)
	at allcom_testng.tests.passwordReset.CreateNewPasswordPageTests.validatePasswordWithIncorrectData(CreateNewPasswordPageTests.java:32)
	at java.base/jdk.internal.reflect.NativeMethodAccessorImpl.invoke0(Native Method)
	at java.base/jdk.internal.reflect.NativeMethodAccessorImpl.invoke(NativeMethodAccessorImpl.java:62)
	at java.base/jdk.internal.reflect.DelegatingMethodAccessorImpl.invoke(DelegatingMethodAccessorImpl.java:43)
	at java.base/java.lang.reflect.Method.invoke(Method.java:566)
	at org.testng.internal.invokers.MethodInvocationHelper.invokeMethod(MethodInvocationHelper.java:139)
	at org.testng.internal.invokers.TestInvoker.invokeMethod(TestInvoker.java:664)
	at org.testng.internal.invokers.TestInvoker.invokeTestMethod(TestInvoker.java:228)
	at org.testng.internal.invokers.MethodRunner.runInSequence(MethodRunner.java:63)
	at org.testng.internal.invokers.TestInvoker$MethodInvocationAgent.invoke(TestInvoker.java:961)
	at org.testng.internal.invokers.TestInvoker.invokeTestMethods(TestInvoker.java:201)
	at org.testng.internal.invokers.TestMethodWorker.invokeTestMethods(TestMethodWorker.java:148)
	at org.testng.internal.invokers.TestMethodWorker.run(TestMethodWorker.java:128)
	at java.base/java.util.ArrayList.forEach(ArrayList.java:1541)
	at org.testng.TestRunner.privateRun(TestRunner.java:819)
	at org.testng.TestRunner.run(TestRunner.java:619)
	at org.testng.SuiteRunner.runTest(SuiteRunner.java:443)
	at org.testng.SuiteRunner.runSequentially(SuiteRunner.java:437)
	at org.testng.SuiteRunner.privateRun(SuiteRunner.java:397)
	at org.testng.SuiteRunner.run(SuiteRunner.java:336)
	at org.testng.SuiteRunnerWorker.runSuite(SuiteRunnerWorker.java:52)
	at org.testng.SuiteRunnerWorker.run(SuiteRunnerWorker.java:95)
	at org.testng.TestNG.runSuitesSequentially(TestNG.java:1301)
	at org.testng.TestNG.runSuitesLocally(TestNG.java:1228)
	at org.testng.TestNG.runSuites(TestNG.java:1134)
	at org.testng.TestNG.run(TestNG.java:1101)
	at org.gradle.api.internal.tasks.testing.testng.TestNGTestClassProcessor.runTests(TestNGTestClassProcessor.java:148)
	at org.gradle.api.internal.tasks.testing.testng.TestNGTestClassProcessor.stop(TestNGTestClassProcessor.java:95)
	at org.gradle.api.internal.tasks.testing.SuiteTestClassProcessor.stop(SuiteTestClassProcessor.java:62)
	at java.base/jdk.internal.reflect.NativeMethodAccessorImpl.invoke0(Native Method)
	at java.base/jdk.internal.reflect.NativeMethodAccessorImpl.invoke(NativeMethodAccessorImpl.java:62)
	at java.base/jdk.internal.reflect.DelegatingMethodAccessorImpl.invoke(DelegatingMethodAccessorImpl.java:43)
	at java.base/java.lang.reflect.Method.invoke(Method.java:566)
	at org.gradle.internal.dispatch.ReflectionDispatch.dispatch(ReflectionDispatch.java:36)
	at org.gradle.internal.dispatch.ReflectionDispatch.dispatch(ReflectionDispatch.java:24)
	at org.gradle.internal.dispatch.ContextClassLoaderDispatch.dispatch(ContextClassLoaderDispatch.java:33)
	at org.gradle.internal.dispatch.ProxyDispatchAdapter$DispatchingInvocationHandler.invoke(ProxyDispatchAdapter.java:94)
	at com.sun.proxy.$Proxy2.stop(Unknown Source)
	at org.gradle.api.internal.tasks.testing.worker.TestWorker$3.run(TestWorker.java:193)
	at org.gradle.api.internal.tasks.testing.worker.TestWorker.executeAndMaintainThreadName(TestWorker.java:129)
	at org.gradle.api.internal.tasks.testing.worker.TestWorker.execute(TestWorker.java:100)
	at org.gradle.api.internal.tasks.testing.worker.TestWorker.execute(TestWorker.java:60)
	at org.gradle.process.internal.worker.child.ActionExecutionWorker.execute(ActionExecutionWorker.java:56)
	at org.gradle.process.internal.worker.child.SystemApplicationClassLoaderWorker.call(SystemApplicationClassLoaderWorker.java:113)
	at org.gradle.process.internal.worker.child.SystemApplicationClassLoaderWorker.call(SystemApplicationClassLoaderWorker.java:65)
	at worker.org.gradle.process.internal.worker.GradleWorkerMain.run(GradleWorkerMain.java:69)
	at worker.org.gradle.process.internal.worker.GradleWorkerMain.main(GradleWorkerMain.java:74)
23:30:22.307 [Test worker] ERROR allcom_testng.tests.TestBase -- ERROR TEST SCREENSHOT: C:\Users\PORTISHEAD\Desktop\ALLCOM\allcom_qa\src\screenshots\screenshot_error_426316.png
23:30:22.307 [Test worker] INFO  allcom_testng.tests.TestBase -- [==================================================================================================]
23:30:22.307 [Test worker] INFO  allcom_testng.tests.TestBase -- STARTED: [validatePasswordWithIncorrectData]
23:30:23.071 [Test worker] ERROR allcom_testng.tests.TestBase -- ERROR FAILED TEST: [validatePasswordWithIncorrectData], with VALUES: [<script></script>]
23:30:23.071 [Test worker] ERROR allcom_testng.tests.TestBase -- ERROR TEST MESSAGE: stale element reference: stale element not found
  (Session info: chrome-headless-shell=122.0.6261.70)
For documentation on this error, please visit: https://www.selenium.dev/documentation/webdriver/troubleshooting/errors#stale-element-reference-exception
Build info: version: '4.18.1', revision: 'b1d3319b48'
System info: os.name: 'Windows 11', os.arch: 'amd64', os.version: '10.0', java.version: '11.0.20'
Driver info: org.openqa.selenium.chrome.ChromeDriver
Command: [9df5fa7d277ff147dedd064b19ea2862, clickElement {id=f.833F0DC56686BB3144ECC6010251FADE.d.B943D6F5F7E4DCA33C466EEB17D2D1DA.e.10340}]
Capabilities {acceptInsecureCerts: false, browserName: chrome-headless-shell, browserVersion: 122.0.6261.70, chrome: {chromedriverVersion: 122.0.6261.69 (81bc525b6a36..., userDataDir: C:\Users\PORTIS~1\AppData\L...}, fedcm:accounts: true, goog:chromeOptions: {debuggerAddress: localhost:63482}, networkConnectionEnabled: false, pageLoadStrategy: normal, platformName: windows, proxy: Proxy(), se:cdp: ws://localhost:63482/devtoo..., se:cdpVersion: 122.0.6261.70, setWindowRect: true, strictFileInteractability: false, timeouts: {implicit: 0, pageLoad: 300000, script: 30000}, unhandledPromptBehavior: dismiss and notify, webauthn:extension:credBlob: true, webauthn:extension:largeBlob: true, webauthn:extension:minPinLength: true, webauthn:extension:prf: true, webauthn:virtualAuthenticators: true}
Element: [[ChromeDriver: chrome-headless-shell on windows (9df5fa7d277ff147dedd064b19ea2862)] -> name: password]
Session ID: 9df5fa7d277ff147dedd064b19ea2862
23:30:23.071 [Test worker] ERROR allcom_testng.tests.TestBase -- ERROR TEST STACK TRACE: 
org.openqa.selenium.StaleElementReferenceException: stale element reference: stale element not found
  (Session info: chrome-headless-shell=122.0.6261.70)
For documentation on this error, please visit: https://www.selenium.dev/documentation/webdriver/troubleshooting/errors#stale-element-reference-exception
Build info: version: '4.18.1', revision: 'b1d3319b48'
System info: os.name: 'Windows 11', os.arch: 'amd64', os.version: '10.0', java.version: '11.0.20'
Driver info: org.openqa.selenium.chrome.ChromeDriver
Command: [9df5fa7d277ff147dedd064b19ea2862, clickElement {id=f.833F0DC56686BB3144ECC6010251FADE.d.B943D6F5F7E4DCA33C466EEB17D2D1DA.e.10340}]
Capabilities {acceptInsecureCerts: false, browserName: chrome-headless-shell, browserVersion: 122.0.6261.70, chrome: {chromedriverVersion: 122.0.6261.69 (81bc525b6a36..., userDataDir: C:\Users\PORTIS~1\AppData\L...}, fedcm:accounts: true, goog:chromeOptions: {debuggerAddress: localhost:63482}, networkConnectionEnabled: false, pageLoadStrategy: normal, platformName: windows, proxy: Proxy(), se:cdp: ws://localhost:63482/devtoo..., se:cdpVersion: 122.0.6261.70, setWindowRect: true, strictFileInteractability: false, timeouts: {implicit: 0, pageLoad: 300000, script: 30000}, unhandledPromptBehavior: dismiss and notify, webauthn:extension:credBlob: true, webauthn:extension:largeBlob: true, webauthn:extension:minPinLength: true, webauthn:extension:prf: true, webauthn:virtualAuthenticators: true}
Element: [[ChromeDriver: chrome-headless-shell on windows (9df5fa7d277ff147dedd064b19ea2862)] -> name: password]
Session ID: 9df5fa7d277ff147dedd064b19ea2862
	at jdk.internal.reflect.GeneratedConstructorAccessor13.newInstance(Unknown Source)
	at java.base/jdk.internal.reflect.DelegatingConstructorAccessorImpl.newInstance(DelegatingConstructorAccessorImpl.java:45)
	at java.base/java.lang.reflect.Constructor.newInstance(Constructor.java:490)
	at org.openqa.selenium.remote.ErrorCodec.decode(ErrorCodec.java:167)
	at org.openqa.selenium.remote.codec.w3c.W3CHttpResponseCodec.decode(W3CHttpResponseCodec.java:138)
	at org.openqa.selenium.remote.codec.w3c.W3CHttpResponseCodec.decode(W3CHttpResponseCodec.java:50)
	at org.openqa.selenium.remote.HttpCommandExecutor.execute(HttpCommandExecutor.java:190)
	at org.openqa.selenium.remote.service.DriverCommandExecutor.invokeExecute(DriverCommandExecutor.java:216)
	at org.openqa.selenium.remote.service.DriverCommandExecutor.execute(DriverCommandExecutor.java:174)
	at org.openqa.selenium.remote.RemoteWebDriver.execute(RemoteWebDriver.java:519)
	at org.openqa.selenium.remote.RemoteWebElement.execute(RemoteWebElement.java:223)
	at org.openqa.selenium.remote.RemoteWebElement.click(RemoteWebElement.java:76)
	at jdk.internal.reflect.GeneratedMethodAccessor13.invoke(Unknown Source)
	at java.base/jdk.internal.reflect.DelegatingMethodAccessorImpl.invoke(DelegatingMethodAccessorImpl.java:43)
	at java.base/java.lang.reflect.Method.invoke(Method.java:566)
	at org.openqa.selenium.support.pagefactory.internal.LocatingElementHandler.invoke(LocatingElementHandler.java:51)
	at com.sun.proxy.$Proxy17.click(Unknown Source)
	at allcom_testng.pages.BasePage.click(BasePage.java:62)
	at allcom_testng.pages.BasePage.type(BasePage.java:100)
	at allcom_testng.pages.BasePage.validateField(BasePage.java:231)
	at allcom_testng.tests.passwordReset.CreateNewPasswordPageTests.validatePasswordWithIncorrectData(CreateNewPasswordPageTests.java:32)
	at java.base/jdk.internal.reflect.NativeMethodAccessorImpl.invoke0(Native Method)
	at java.base/jdk.internal.reflect.NativeMethodAccessorImpl.invoke(NativeMethodAccessorImpl.java:62)
	at java.base/jdk.internal.reflect.DelegatingMethodAccessorImpl.invoke(DelegatingMethodAccessorImpl.java:43)
	at java.base/java.lang.reflect.Method.invoke(Method.java:566)
	at org.testng.internal.invokers.MethodInvocationHelper.invokeMethod(MethodInvocationHelper.java:139)
	at org.testng.internal.invokers.TestInvoker.invokeMethod(TestInvoker.java:664)
	at org.testng.internal.invokers.TestInvoker.invokeTestMethod(TestInvoker.java:228)
	at org.testng.internal.invokers.MethodRunner.runInSequence(MethodRunner.java:63)
	at org.testng.internal.invokers.TestInvoker$MethodInvocationAgent.invoke(TestInvoker.java:961)
	at org.testng.internal.invokers.TestInvoker.invokeTestMethods(TestInvoker.java:201)
	at org.testng.internal.invokers.TestMethodWorker.invokeTestMethods(TestMethodWorker.java:148)
	at org.testng.internal.invokers.TestMethodWorker.run(TestMethodWorker.java:128)
	at java.base/java.util.ArrayList.forEach(ArrayList.java:1541)
	at org.testng.TestRunner.privateRun(TestRunner.java:819)
	at org.testng.TestRunner.run(TestRunner.java:619)
	at org.testng.SuiteRunner.runTest(SuiteRunner.java:443)
	at org.testng.SuiteRunner.runSequentially(SuiteRunner.java:437)
	at org.testng.SuiteRunner.privateRun(SuiteRunner.java:397)
	at org.testng.SuiteRunner.run(SuiteRunner.java:336)
	at org.testng.SuiteRunnerWorker.runSuite(SuiteRunnerWorker.java:52)
	at org.testng.SuiteRunnerWorker.run(SuiteRunnerWorker.java:95)
	at org.testng.TestNG.runSuitesSequentially(TestNG.java:1301)
	at org.testng.TestNG.runSuitesLocally(TestNG.java:1228)
	at org.testng.TestNG.runSuites(TestNG.java:1134)
	at org.testng.TestNG.run(TestNG.java:1101)
	at org.gradle.api.internal.tasks.testing.testng.TestNGTestClassProcessor.runTests(TestNGTestClassProcessor.java:148)
	at org.gradle.api.internal.tasks.testing.testng.TestNGTestClassProcessor.stop(TestNGTestClassProcessor.java:95)
	at org.gradle.api.internal.tasks.testing.SuiteTestClassProcessor.stop(SuiteTestClassProcessor.java:62)
	at java.base/jdk.internal.reflect.NativeMethodAccessorImpl.invoke0(Native Method)
	at java.base/jdk.internal.reflect.NativeMethodAccessorImpl.invoke(NativeMethodAccessorImpl.java:62)
	at java.base/jdk.internal.reflect.DelegatingMethodAccessorImpl.invoke(DelegatingMethodAccessorImpl.java:43)
	at java.base/java.lang.reflect.Method.invoke(Method.java:566)
	at org.gradle.internal.dispatch.ReflectionDispatch.dispatch(ReflectionDispatch.java:36)
	at org.gradle.internal.dispatch.ReflectionDispatch.dispatch(ReflectionDispatch.java:24)
	at org.gradle.internal.dispatch.ContextClassLoaderDispatch.dispatch(ContextClassLoaderDispatch.java:33)
	at org.gradle.internal.dispatch.ProxyDispatchAdapter$DispatchingInvocationHandler.invoke(ProxyDispatchAdapter.java:94)
	at com.sun.proxy.$Proxy2.stop(Unknown Source)
	at org.gradle.api.internal.tasks.testing.worker.TestWorker$3.run(TestWorker.java:193)
	at org.gradle.api.internal.tasks.testing.worker.TestWorker.executeAndMaintainThreadName(TestWorker.java:129)
	at org.gradle.api.internal.tasks.testing.worker.TestWorker.execute(TestWorker.java:100)
	at org.gradle.api.internal.tasks.testing.worker.TestWorker.execute(TestWorker.java:60)
	at org.gradle.process.internal.worker.child.ActionExecutionWorker.execute(ActionExecutionWorker.java:56)
	at org.gradle.process.internal.worker.child.SystemApplicationClassLoaderWorker.call(SystemApplicationClassLoaderWorker.java:113)
	at org.gradle.process.internal.worker.child.SystemApplicationClassLoaderWorker.call(SystemApplicationClassLoaderWorker.java:65)
	at worker.org.gradle.process.internal.worker.GradleWorkerMain.run(GradleWorkerMain.java:69)
	at worker.org.gradle.process.internal.worker.GradleWorkerMain.main(GradleWorkerMain.java:74)
23:30:23.190 [Test worker] ERROR allcom_testng.tests.TestBase -- ERROR TEST SCREENSHOT: C:\Users\PORTISHEAD\Desktop\ALLCOM\allcom_qa\src\screenshots\screenshot_error_426325.png
23:30:23.190 [Test worker] INFO  allcom_testng.tests.TestBase -- [==================================================================================================]
23:30:23.190 [Test worker] INFO  allcom_testng.tests.TestBase -- STARTED: [validatePasswordWithIncorrectData]
23:30:24.030 [Test worker] INFO  allcom_testng.tests.TestBase -- PASSED: [validatePasswordWithIncorrectData], with VALUES: [11111E+12]
]]></system-out>
  <system-err><![CDATA[]]></system-err>
</testsuite>
