<?xml version="1.0" encoding="UTF-8"?>
<testsuite name="allcom.tests.login.LoginNegativeTests" tests="47" skipped="0" failures="0" errors="0" timestamp="2024-01-30T01:45:10" hostname="PORTISHEAD-PC" time="23.143">
  <properties/>
  <testcase name="clickOnForgotYourPasswordLabel" classname="allcom.tests.login.LoginNegativeTests" time="0.046"/>
  <testcase name="clickOnLoginButtonWOData" classname="allcom.tests.login.LoginNegativeTests" time="0.321"/>
  <testcase name="clickOnRegisterButtonWOData" classname="allcom.tests.login.LoginNegativeTests" time="0.056"/>
  <testcase name="loginWithInvalidData[0](п»їemail, password)" classname="allcom.tests.login.LoginNegativeTests" time="0.36"/>
  <testcase name="loginWithInvalidData[1](test@gmail.com, )" classname="allcom.tests.login.LoginNegativeTests" time="0.338"/>
  <testcase name="loginWithInvalidData[2](test@gmail.com, )" classname="allcom.tests.login.LoginNegativeTests" time="0.338"/>
  <testcase name="loginWithInvalidData[3](test@gmail.com, Tes123)" classname="allcom.tests.login.LoginNegativeTests" time="0.359"/>
  <testcase name="loginWithInvalidData[4](test@gmail.com, Tes1234)" classname="allcom.tests.login.LoginNegativeTests" time="0.362"/>
  <testcase name="loginWithInvalidData[5](test@gmail.com, Test1234555555555555555555555555555555555555555555555555555555555555555555555555555555555555)" classname="allcom.tests.login.LoginNegativeTests" time="0.536"/>
  <testcase name="loginWithInvalidData[6](test@gmail.com, 11111E+12)" classname="allcom.tests.login.LoginNegativeTests" time="0.354"/>
  <testcase name="loginWithInvalidData[7](test@gmail.com, *&amp;^(*&amp;%$##@)" classname="allcom.tests.login.LoginNegativeTests" time="0.37"/>
  <testcase name="loginWithInvalidData[8](test@gmail.com, Qwertyuiop@1С‹)" classname="allcom.tests.login.LoginNegativeTests" time="0.374"/>
  <testcase name="loginWithInvalidData[9](test@gmail.com, Р¤Р«Р’РђРђРџРєРіСѓС‰СѓС†Р·)" classname="allcom.tests.login.LoginNegativeTests" time="0.409"/>
  <testcase name="loginWithInvalidData[10](test@gmail.com, Test 12345!)" classname="allcom.tests.login.LoginNegativeTests" time="0.362"/>
  <testcase name="loginWithInvalidData[11](test@gmail.com,  Test12345!)" classname="allcom.tests.login.LoginNegativeTests" time="0.372"/>
  <testcase name="loginWithInvalidData[12](test@gmail.com, Test12345)" classname="allcom.tests.login.LoginNegativeTests" time="0.365"/>
  <testcase name="loginWithInvalidData[13](test@gmail.com, SELECT* FROM)" classname="allcom.tests.login.LoginNegativeTests" time="0.381"/>
  <testcase name="loginWithInvalidData[14](test@gmail.com, www.gmail.com)" classname="allcom.tests.login.LoginNegativeTests" time="0.381"/>
  <testcase name="loginWithInvalidData[15](test@gmail.com, test@gmail.com)" classname="allcom.tests.login.LoginNegativeTests" time="0.388"/>
  <testcase name="loginWithInvalidData[16](test@gmail.com, 0)" classname="allcom.tests.login.LoginNegativeTests" time="0.35"/>
  <testcase name="loginWithInvalidData[17](test@gmail.com, &lt;input&gt;)" classname="allcom.tests.login.LoginNegativeTests" time="0.399"/>
  <testcase name="loginWithInvalidData[18](test@gmail.com, &lt;script&gt;&lt;/script&gt;)" classname="allcom.tests.login.LoginNegativeTests" time="0.385"/>
  <testcase name="loginWithInvalidData[19](, Qwertyuiop@1)" classname="allcom.tests.login.LoginNegativeTests" time="0.346"/>
  <testcase name="loginWithInvalidData[20]( , Qwertyuiop@1)" classname="allcom.tests.login.LoginNegativeTests" time="0.381"/>
  <testcase name="loginWithInvalidData[21](testgmail.com, Qwertyuiop@1)" classname="allcom.tests.login.LoginNegativeTests" time="0.392"/>
  <testcase name="loginWithInvalidData[22](test@.com, Qwertyuiop@1)" classname="allcom.tests.login.LoginNegativeTests" time="0.42"/>
  <testcase name="loginWithInvalidData[23](test@gmailcom, Qwertyuiop@1)" classname="allcom.tests.login.LoginNegativeTests" time="0.385"/>
  <testcase name="loginWithInvalidData[24](test@gmail., Qwertyuiop@1)" classname="allcom.tests.login.LoginNegativeTests" time="0.382"/>
  <testcase name="loginWithInvalidData[25](@gmail.com, Qwertyuiop@1)" classname="allcom.tests.login.LoginNegativeTests" time="0.384"/>
  <testcase name="loginWithInvalidData[26](Fqpwiuery, Qwertyuiop@1)" classname="allcom.tests.login.LoginNegativeTests" time="0.412"/>
  <testcase name="loginWithInvalidData[27](С†СѓРєС€РіРµС€РіР·, Qwertyuiop@1)" classname="allcom.tests.login.LoginNegativeTests" time="0.435"/>
  <testcase name="loginWithInvalidData[28](%^&amp;()), Qwertyuiop@1)" classname="allcom.tests.login.LoginNegativeTests" time="0.397"/>
  <testcase name="loginWithInvalidData[29](23446E+11, Qwertyuiop@1)" classname="allcom.tests.login.LoginNegativeTests" time="0.391"/>
  <testcase name="loginWithInvalidData[30](С‚РµСЃС‚@gmail.com, Qwertyuiop@1)" classname="allcom.tests.login.LoginNegativeTests" time="0.41"/>
  <testcase name="loginWithInvalidData[31](SELECT* FROM, Qwertyuiop@1)" classname="allcom.tests.login.LoginNegativeTests" time="0.412"/>
  <testcase name="loginWithInvalidData[32](test@@gmail.com, Qwertyuiop@1)" classname="allcom.tests.login.LoginNegativeTests" time="0.415"/>
  <testcase name="loginWithInvalidData[33](www.telran.com, Qwertyuiop@1)" classname="allcom.tests.login.LoginNegativeTests" time="0.395"/>
  <testcase name="loginWithInvalidData[34](tes t@gmail.com, Qwertyuiop@1)" classname="allcom.tests.login.LoginNegativeTests" time="0.415"/>
  <testcase name="loginWithInvalidData[35](test@ gmail.com, Qwertyuiop@1)" classname="allcom.tests.login.LoginNegativeTests" time="0.398"/>
  <testcase name="loginWithInvalidData[36](test@gmail .com, Qwertyuiop@1)" classname="allcom.tests.login.LoginNegativeTests" time="0.403"/>
  <testcase name="loginWithInvalidData[37](test@gmail. com, Qwertyuiop@1)" classname="allcom.tests.login.LoginNegativeTests" time="0.405"/>
  <testcase name="loginWithInvalidData[38](&lt;script&gt;&lt;/script&gt;, Qwertyuiop@1)" classname="allcom.tests.login.LoginNegativeTests" time="0.431"/>
  <testcase name="loginWithInvalidData[39](&lt;input&gt;, Qwertyuiop@1)" classname="allcom.tests.login.LoginNegativeTests" time="0.39"/>
  <testcase name="loginWithInvalidData[40](0, Qwertyuiop@1)" classname="allcom.tests.login.LoginNegativeTests" time="0.383"/>
  <testcase name="loginWithInvalidData[41](test@gmail.com, В )" classname="allcom.tests.login.LoginNegativeTests" time="0.379"/>
  <testcase name="loginWithInvalidEmail" classname="allcom.tests.login.LoginNegativeTests" time="0.41"/>
  <testcase name="loginWithInvalidPassword" classname="allcom.tests.login.LoginNegativeTests" time="0.402"/>
  <system-out><![CDATA[02:45:10.084 [Test worker] INFO  allcom.tests.TestBase -- Start test: [clickOnForgotYourPasswordLabel]
02:45:10.253 [Test worker] INFO  allcom.tests.TestBase -- PASSED: [clickOnForgotYourPasswordLabel], with Parameters: []
02:45:10.253 [Test worker] INFO  allcom.tests.TestBase -- Start test: [clickOnLoginButtonWOData]
02:45:10.694 [Test worker] INFO  allcom.tests.TestBase -- PASSED: [clickOnLoginButtonWOData], with Parameters: []
02:45:10.694 [Test worker] INFO  allcom.tests.TestBase -- Start test: [clickOnRegisterButtonWOData]
02:45:10.874 [Test worker] INFO  allcom.tests.TestBase -- PASSED: [clickOnRegisterButtonWOData], with Parameters: []
02:45:10.875 [Test worker] INFO  allcom.tests.TestBase -- Start test: [loginWithInvalidData]
02:45:11.345 [Test worker] INFO  allcom.tests.TestBase -- PASSED: [loginWithInvalidData], with Parameters: [п»їemail, password]
02:45:11.346 [Test worker] INFO  allcom.tests.TestBase -- Start test: [loginWithInvalidData]
02:45:11.806 [Test worker] INFO  allcom.tests.TestBase -- PASSED: [loginWithInvalidData], with Parameters: [test@gmail.com, ]
02:45:11.806 [Test worker] INFO  allcom.tests.TestBase -- Start test: [loginWithInvalidData]
02:45:12.264 [Test worker] INFO  allcom.tests.TestBase -- PASSED: [loginWithInvalidData], with Parameters: [test@gmail.com, ]
02:45:12.264 [Test worker] INFO  allcom.tests.TestBase -- Start test: [loginWithInvalidData]
02:45:12.745 [Test worker] INFO  allcom.tests.TestBase -- PASSED: [loginWithInvalidData], with Parameters: [test@gmail.com, Tes123]
02:45:12.746 [Test worker] INFO  allcom.tests.TestBase -- Start test: [loginWithInvalidData]
02:45:13.229 [Test worker] INFO  allcom.tests.TestBase -- PASSED: [loginWithInvalidData], with Parameters: [test@gmail.com, Tes1234]
02:45:13.229 [Test worker] INFO  allcom.tests.TestBase -- Start test: [loginWithInvalidData]
02:45:13.886 [Test worker] INFO  allcom.tests.TestBase -- PASSED: [loginWithInvalidData], with Parameters: [test@gmail.com, Test1234555555555555555555555555555555555555555555555555555555555555555555555555555555555555]
02:45:13.886 [Test worker] INFO  allcom.tests.TestBase -- Start test: [loginWithInvalidData]
02:45:14.357 [Test worker] INFO  allcom.tests.TestBase -- PASSED: [loginWithInvalidData], with Parameters: [test@gmail.com, 11111E+12]
02:45:14.357 [Test worker] INFO  allcom.tests.TestBase -- Start test: [loginWithInvalidData]
02:45:14.850 [Test worker] INFO  allcom.tests.TestBase -- PASSED: [loginWithInvalidData], with Parameters: [test@gmail.com, *&^(*&%$##@]
02:45:14.850 [Test worker] INFO  allcom.tests.TestBase -- Start test: [loginWithInvalidData]
02:45:15.344 [Test worker] INFO  allcom.tests.TestBase -- PASSED: [loginWithInvalidData], with Parameters: [test@gmail.com, Qwertyuiop@1С‹]
02:45:15.345 [Test worker] INFO  allcom.tests.TestBase -- Start test: [loginWithInvalidData]
02:45:15.874 [Test worker] INFO  allcom.tests.TestBase -- PASSED: [loginWithInvalidData], with Parameters: [test@gmail.com, Р¤Р«Р’РђРђРџРєРіСѓС‰СѓС†Р·]
02:45:15.875 [Test worker] INFO  allcom.tests.TestBase -- Start test: [loginWithInvalidData]
02:45:16.359 [Test worker] INFO  allcom.tests.TestBase -- PASSED: [loginWithInvalidData], with Parameters: [test@gmail.com, Test 12345!]
02:45:16.359 [Test worker] INFO  allcom.tests.TestBase -- Start test: [loginWithInvalidData]
02:45:16.855 [Test worker] INFO  allcom.tests.TestBase -- PASSED: [loginWithInvalidData], with Parameters: [test@gmail.com,  Test12345!]
02:45:16.855 [Test worker] INFO  allcom.tests.TestBase -- Start test: [loginWithInvalidData]
02:45:17.345 [Test worker] INFO  allcom.tests.TestBase -- PASSED: [loginWithInvalidData], with Parameters: [test@gmail.com, Test12345]
02:45:17.345 [Test worker] INFO  allcom.tests.TestBase -- Start test: [loginWithInvalidData]
02:45:17.849 [Test worker] INFO  allcom.tests.TestBase -- PASSED: [loginWithInvalidData], with Parameters: [test@gmail.com, SELECT* FROM]
02:45:17.849 [Test worker] INFO  allcom.tests.TestBase -- Start test: [loginWithInvalidData]
02:45:18.353 [Test worker] INFO  allcom.tests.TestBase -- PASSED: [loginWithInvalidData], with Parameters: [test@gmail.com, www.gmail.com]
02:45:18.353 [Test worker] INFO  allcom.tests.TestBase -- Start test: [loginWithInvalidData]
02:45:18.854 [Test worker] INFO  allcom.tests.TestBase -- PASSED: [loginWithInvalidData], with Parameters: [test@gmail.com, test@gmail.com]
02:45:18.855 [Test worker] INFO  allcom.tests.TestBase -- Start test: [loginWithInvalidData]
02:45:19.324 [Test worker] INFO  allcom.tests.TestBase -- PASSED: [loginWithInvalidData], with Parameters: [test@gmail.com, 0]
02:45:19.324 [Test worker] INFO  allcom.tests.TestBase -- Start test: [loginWithInvalidData]
02:45:19.845 [Test worker] INFO  allcom.tests.TestBase -- PASSED: [loginWithInvalidData], with Parameters: [test@gmail.com, <input>]
02:45:19.845 [Test worker] INFO  allcom.tests.TestBase -- Start test: [loginWithInvalidData]
02:45:20.352 [Test worker] INFO  allcom.tests.TestBase -- PASSED: [loginWithInvalidData], with Parameters: [test@gmail.com, <script></script>]
02:45:20.352 [Test worker] INFO  allcom.tests.TestBase -- Start test: [loginWithInvalidData]
02:45:20.818 [Test worker] INFO  allcom.tests.TestBase -- PASSED: [loginWithInvalidData], with Parameters: [, Qwertyuiop@1]
02:45:20.818 [Test worker] INFO  allcom.tests.TestBase -- Start test: [loginWithInvalidData]
02:45:21.314 [Test worker] INFO  allcom.tests.TestBase -- PASSED: [loginWithInvalidData], with Parameters: [ , Qwertyuiop@1]
02:45:21.314 [Test worker] INFO  allcom.tests.TestBase -- Start test: [loginWithInvalidData]
02:45:21.827 [Test worker] INFO  allcom.tests.TestBase -- PASSED: [loginWithInvalidData], with Parameters: [testgmail.com, Qwertyuiop@1]
02:45:21.828 [Test worker] INFO  allcom.tests.TestBase -- Start test: [loginWithInvalidData]
02:45:22.370 [Test worker] INFO  allcom.tests.TestBase -- PASSED: [loginWithInvalidData], with Parameters: [test@.com, Qwertyuiop@1]
02:45:22.370 [Test worker] INFO  allcom.tests.TestBase -- Start test: [loginWithInvalidData]
02:45:22.876 [Test worker] INFO  allcom.tests.TestBase -- PASSED: [loginWithInvalidData], with Parameters: [test@gmailcom, Qwertyuiop@1]
02:45:22.877 [Test worker] INFO  allcom.tests.TestBase -- Start test: [loginWithInvalidData]
02:45:23.383 [Test worker] INFO  allcom.tests.TestBase -- PASSED: [loginWithInvalidData], with Parameters: [test@gmail., Qwertyuiop@1]
02:45:23.384 [Test worker] INFO  allcom.tests.TestBase -- Start test: [loginWithInvalidData]
02:45:23.882 [Test worker] INFO  allcom.tests.TestBase -- PASSED: [loginWithInvalidData], with Parameters: [@gmail.com, Qwertyuiop@1]
02:45:23.882 [Test worker] INFO  allcom.tests.TestBase -- Start test: [loginWithInvalidData]
02:45:24.411 [Test worker] INFO  allcom.tests.TestBase -- PASSED: [loginWithInvalidData], with Parameters: [Fqpwiuery, Qwertyuiop@1]
02:45:24.412 [Test worker] INFO  allcom.tests.TestBase -- Start test: [loginWithInvalidData]
02:45:24.970 [Test worker] INFO  allcom.tests.TestBase -- PASSED: [loginWithInvalidData], with Parameters: [С†СѓРєС€РіРµС€РіР·, Qwertyuiop@1]
02:45:24.970 [Test worker] INFO  allcom.tests.TestBase -- Start test: [loginWithInvalidData]
02:45:25.491 [Test worker] INFO  allcom.tests.TestBase -- PASSED: [loginWithInvalidData], with Parameters: [%^&()), Qwertyuiop@1]
02:45:25.491 [Test worker] INFO  allcom.tests.TestBase -- Start test: [loginWithInvalidData]
02:45:26.005 [Test worker] INFO  allcom.tests.TestBase -- PASSED: [loginWithInvalidData], with Parameters: [23446E+11, Qwertyuiop@1]
02:45:26.005 [Test worker] INFO  allcom.tests.TestBase -- Start test: [loginWithInvalidData]
02:45:26.535 [Test worker] INFO  allcom.tests.TestBase -- PASSED: [loginWithInvalidData], with Parameters: [С‚РµСЃС‚@gmail.com, Qwertyuiop@1]
02:45:26.536 [Test worker] INFO  allcom.tests.TestBase -- Start test: [loginWithInvalidData]
02:45:27.069 [Test worker] INFO  allcom.tests.TestBase -- PASSED: [loginWithInvalidData], with Parameters: [SELECT* FROM, Qwertyuiop@1]
02:45:27.069 [Test worker] INFO  allcom.tests.TestBase -- Start test: [loginWithInvalidData]
02:45:27.600 [Test worker] INFO  allcom.tests.TestBase -- PASSED: [loginWithInvalidData], with Parameters: [test@@gmail.com, Qwertyuiop@1]
02:45:27.600 [Test worker] INFO  allcom.tests.TestBase -- Start test: [loginWithInvalidData]
02:45:28.117 [Test worker] INFO  allcom.tests.TestBase -- PASSED: [loginWithInvalidData], with Parameters: [www.telran.com, Qwertyuiop@1]
02:45:28.117 [Test worker] INFO  allcom.tests.TestBase -- Start test: [loginWithInvalidData]
02:45:28.647 [Test worker] INFO  allcom.tests.TestBase -- PASSED: [loginWithInvalidData], with Parameters: [tes t@gmail.com, Qwertyuiop@1]
02:45:28.647 [Test worker] INFO  allcom.tests.TestBase -- Start test: [loginWithInvalidData]
02:45:29.166 [Test worker] INFO  allcom.tests.TestBase -- PASSED: [loginWithInvalidData], with Parameters: [test@ gmail.com, Qwertyuiop@1]
02:45:29.167 [Test worker] INFO  allcom.tests.TestBase -- Start test: [loginWithInvalidData]
02:45:29.691 [Test worker] INFO  allcom.tests.TestBase -- PASSED: [loginWithInvalidData], with Parameters: [test@gmail .com, Qwertyuiop@1]
02:45:29.691 [Test worker] INFO  allcom.tests.TestBase -- Start test: [loginWithInvalidData]
02:45:30.217 [Test worker] INFO  allcom.tests.TestBase -- PASSED: [loginWithInvalidData], with Parameters: [test@gmail. com, Qwertyuiop@1]
02:45:30.217 [Test worker] INFO  allcom.tests.TestBase -- Start test: [loginWithInvalidData]
02:45:30.764 [Test worker] INFO  allcom.tests.TestBase -- PASSED: [loginWithInvalidData], with Parameters: [<script></script>, Qwertyuiop@1]
02:45:30.764 [Test worker] INFO  allcom.tests.TestBase -- Start test: [loginWithInvalidData]
02:45:31.276 [Test worker] INFO  allcom.tests.TestBase -- PASSED: [loginWithInvalidData], with Parameters: [<input>, Qwertyuiop@1]
02:45:31.276 [Test worker] INFO  allcom.tests.TestBase -- Start test: [loginWithInvalidData]
02:45:31.788 [Test worker] INFO  allcom.tests.TestBase -- PASSED: [loginWithInvalidData], with Parameters: [0, Qwertyuiop@1]
02:45:31.788 [Test worker] INFO  allcom.tests.TestBase -- Start test: [loginWithInvalidData]
02:45:32.290 [Test worker] INFO  allcom.tests.TestBase -- PASSED: [loginWithInvalidData], with Parameters: [test@gmail.com, В ]
02:45:32.291 [Test worker] INFO  allcom.tests.TestBase -- Start test: [loginWithInvalidEmail]
02:45:32.826 [Test worker] INFO  allcom.tests.TestBase -- PASSED: [loginWithInvalidEmail], with Parameters: []
02:45:32.826 [Test worker] INFO  allcom.tests.TestBase -- Start test: [loginWithInvalidPassword]
02:45:33.351 [Test worker] INFO  allcom.tests.TestBase -- PASSED: [loginWithInvalidPassword], with Parameters: []
]]></system-out>
  <system-err><![CDATA[]]></system-err>
</testsuite>
