<?xml version="1.0" encoding="UTF-8"?>
<testsuite name="allcom_testng.tests.header.HeaderAccountTests" tests="6" skipped="0" failures="0" errors="0" timestamp="2024-02-08T22:52:36" hostname="DESKTOP-8I9EVFD" time="8.225">
  <properties/>
  <testcase name="cartTopIsPresent" classname="allcom_testng.tests.header.HeaderAccountTests" time="0.0"/>
  <testcase name="clickCartTopNavigatesToCorrectPage" classname="allcom_testng.tests.header.HeaderAccountTests" time="0.599"/>
  <testcase name="clickMyAccountTopNavigatesToCorrectPage" classname="allcom_testng.tests.header.HeaderAccountTests" time="0.068"/>
  <testcase name="clickWishlistTopNavigatesToCorrectPage" classname="allcom_testng.tests.header.HeaderAccountTests" time="0.578"/>
  <testcase name="myAccountTopIsPresent" classname="allcom_testng.tests.header.HeaderAccountTests" time="0.0"/>
  <testcase name="wishlistTopIsPresent" classname="allcom_testng.tests.header.HeaderAccountTests" time="0.0"/>
  <system-out><![CDATA[23:52:35.596 [Test worker] INFO  allcom_testng.tests.TestBase -- STARTED: [cartTopIsPresent]
23:52:36.961 [Test worker] INFO  allcom_testng.tests.TestBase -- PASSED: [cartTopIsPresent], with VALUES: []
23:52:36.962 [Test worker] INFO  allcom_testng.tests.TestBase -- STARTED: [clickCartTopNavigatesToCorrectPage]
23:52:38.927 [Test worker] INFO  allcom_testng.tests.TestBase -- PASSED: [clickCartTopNavigatesToCorrectPage], with VALUES: []
23:52:38.927 [Test worker] INFO  allcom_testng.tests.TestBase -- STARTED: [clickMyAccountTopNavigatesToCorrectPage]
23:52:40.448 [Test worker] INFO  allcom_testng.tests.TestBase -- PASSED: [clickMyAccountTopNavigatesToCorrectPage], with VALUES: []
23:52:40.449 [Test worker] INFO  allcom_testng.tests.TestBase -- STARTED: [clickWishlistTopNavigatesToCorrectPage]
23:52:42.362 [Test worker] INFO  allcom_testng.tests.TestBase -- PASSED: [clickWishlistTopNavigatesToCorrectPage], with VALUES: []
23:52:42.363 [Test worker] INFO  allcom_testng.tests.TestBase -- STARTED: [myAccountTopIsPresent]
23:52:43.876 [Test worker] INFO  allcom_testng.tests.TestBase -- PASSED: [myAccountTopIsPresent], with VALUES: []
23:52:43.877 [Test worker] INFO  allcom_testng.tests.TestBase -- STARTED: [wishlistTopIsPresent]
23:52:45.186 [Test worker] INFO  allcom_testng.tests.TestBase -- PASSED: [wishlistTopIsPresent], with VALUES: []
]]></system-out>
  <system-err><![CDATA[]]></system-err>
</testsuite>
