<?xml version="1.0" encoding="UTF-8"?>
<testsuite name="allcom.tests.passwordReset.CreateNewPasswordPageTests" tests="42" skipped="0" failures="0" errors="0" timestamp="2024-01-30T01:46:11" hostname="PORTISHEAD-PC" time="16.32">
  <properties/>
  <testcase name="isCreateNewPasswordButtonPresent" classname="allcom.tests.passwordReset.CreateNewPasswordPageTests" time="0.008"/>
  <testcase name="isPasswordResetNotSuccessInvalidDataWithValidationCheck" classname="allcom.tests.passwordReset.CreateNewPasswordPageTests" time="0.422"/>
  <testcase name="isPasswordResetNotSuccessInvalidDataWoValidationCheck" classname="allcom.tests.passwordReset.CreateNewPasswordPageTests" time="0.443"/>
  <testcase name="isPasswordResetNotSuccessInvalidDataWoValidationCheckWoTimer" classname="allcom.tests.passwordReset.CreateNewPasswordPageTests" time="0.434"/>
  <testcase name="isPasswordResetSuccessValidDataWithValidationCheck" classname="allcom.tests.passwordReset.CreateNewPasswordPageTests" time="0.452"/>
  <testcase name="isPasswordResetSuccessValidDataWoValidationCheck" classname="allcom.tests.passwordReset.CreateNewPasswordPageTests" time="0.438"/>
  <testcase name="validateComparePasswordsEqualityNegative" classname="allcom.tests.passwordReset.CreateNewPasswordPageTests" time="0.0"/>
  <testcase name="validateComparePasswordsEqualityPositive" classname="allcom.tests.passwordReset.CreateNewPasswordPageTests" time="0.405"/>
  <testcase name="validatePasswordConfirmWithIncorrectData[0](п»їTes123)" classname="allcom.tests.passwordReset.CreateNewPasswordPageTests" time="0.298"/>
  <testcase name="validatePasswordConfirmWithIncorrectData[1](Tes1234)" classname="allcom.tests.passwordReset.CreateNewPasswordPageTests" time="0.106"/>
  <testcase name="validatePasswordConfirmWithIncorrectData[2](Test1234555555555555555555555555555555555555555555555555555555555555555555555555555555555555)" classname="allcom.tests.passwordReset.CreateNewPasswordPageTests" time="0.436"/>
  <testcase name="validatePasswordConfirmWithIncorrectData[3](1)" classname="allcom.tests.passwordReset.CreateNewPasswordPageTests" time="0.265"/>
  <testcase name="validatePasswordConfirmWithIncorrectData[4](*&amp;^(*&amp;%$##@)" classname="allcom.tests.passwordReset.CreateNewPasswordPageTests" time="0.127"/>
  <testcase name="validatePasswordConfirmWithIncorrectData[5](Qwertyuiop@1С‹)" classname="allcom.tests.passwordReset.CreateNewPasswordPageTests" time="0.428"/>
  <testcase name="validatePasswordConfirmWithIncorrectData[6](Р¤Р«Р’РђРђРџРєРіСѓС‰СѓС†Р·)" classname="allcom.tests.passwordReset.CreateNewPasswordPageTests" time="0.391"/>
  <testcase name="validatePasswordConfirmWithIncorrectData[7](Test 12345!)" classname="allcom.tests.passwordReset.CreateNewPasswordPageTests" time="0.335"/>
  <testcase name="validatePasswordConfirmWithIncorrectData[8](SELECT* FROM)" classname="allcom.tests.passwordReset.CreateNewPasswordPageTests" time="0.164"/>
  <testcase name="validatePasswordConfirmWithIncorrectData[9](www.gmail.com)" classname="allcom.tests.passwordReset.CreateNewPasswordPageTests" time="0.121"/>
  <testcase name="validatePasswordConfirmWithIncorrectData[10]()" classname="allcom.tests.passwordReset.CreateNewPasswordPageTests" time="0.297"/>
  <testcase name="validatePasswordConfirmWithIncorrectData[11](В )" classname="allcom.tests.passwordReset.CreateNewPasswordPageTests" time="0.095"/>
  <testcase name="validatePasswordConfirmWithIncorrectData[12]()" classname="allcom.tests.passwordReset.CreateNewPasswordPageTests" time="0.296"/>
  <testcase name="validatePasswordConfirmWithIncorrectData[13](0)" classname="allcom.tests.passwordReset.CreateNewPasswordPageTests" time="0.089"/>
  <testcase name="validatePasswordConfirmWithIncorrectData[14](&lt;input&gt;)" classname="allcom.tests.passwordReset.CreateNewPasswordPageTests" time="0.359"/>
  <testcase name="validatePasswordConfirmWithIncorrectData[15](&lt;script&gt;&lt;/script&gt;)" classname="allcom.tests.passwordReset.CreateNewPasswordPageTests" time="0.244"/>
  <testcase name="validatePasswordConfirmWithIncorrectData[16](11111E+12)" classname="allcom.tests.passwordReset.CreateNewPasswordPageTests" time="0.109"/>
  <testcase name="validatePasswordWithIncorrectData[0](п»їTes123)" classname="allcom.tests.passwordReset.CreateNewPasswordPageTests" time="0.332"/>
  <testcase name="validatePasswordWithIncorrectData[1](Tes1234)" classname="allcom.tests.passwordReset.CreateNewPasswordPageTests" time="0.283"/>
  <testcase name="validatePasswordWithIncorrectData[2](Test1234555555555555555555555555555555555555555555555555555555555555555555555555555555555555)" classname="allcom.tests.passwordReset.CreateNewPasswordPageTests" time="0.317"/>
  <testcase name="validatePasswordWithIncorrectData[3](1)" classname="allcom.tests.passwordReset.CreateNewPasswordPageTests" time="0.087"/>
  <testcase name="validatePasswordWithIncorrectData[4](*&amp;^(*&amp;%$##@)" classname="allcom.tests.passwordReset.CreateNewPasswordPageTests" time="0.262"/>
  <testcase name="validatePasswordWithIncorrectData[5](Qwertyuiop@1С‹)" classname="allcom.tests.passwordReset.CreateNewPasswordPageTests" time="0.118"/>
  <testcase name="validatePasswordWithIncorrectData[6](Р¤Р«Р’РђРђРџРєРіСѓС‰СѓС†Р·)" classname="allcom.tests.passwordReset.CreateNewPasswordPageTests" time="0.382"/>
  <testcase name="validatePasswordWithIncorrectData[7](Test 12345!)" classname="allcom.tests.passwordReset.CreateNewPasswordPageTests" time="0.345"/>
  <testcase name="validatePasswordWithIncorrectData[8](SELECT* FROM)" classname="allcom.tests.passwordReset.CreateNewPasswordPageTests" time="0.204"/>
  <testcase name="validatePasswordWithIncorrectData[9](www.gmail.com)" classname="allcom.tests.passwordReset.CreateNewPasswordPageTests" time="0.112"/>
  <testcase name="validatePasswordWithIncorrectData[10]()" classname="allcom.tests.passwordReset.CreateNewPasswordPageTests" time="0.323"/>
  <testcase name="validatePasswordWithIncorrectData[11](В )" classname="allcom.tests.passwordReset.CreateNewPasswordPageTests" time="0.094"/>
  <testcase name="validatePasswordWithIncorrectData[12]()" classname="allcom.tests.passwordReset.CreateNewPasswordPageTests" time="0.326"/>
  <testcase name="validatePasswordWithIncorrectData[13](0)" classname="allcom.tests.passwordReset.CreateNewPasswordPageTests" time="0.093"/>
  <testcase name="validatePasswordWithIncorrectData[14](&lt;input&gt;)" classname="allcom.tests.passwordReset.CreateNewPasswordPageTests" time="0.36"/>
  <testcase name="validatePasswordWithIncorrectData[15](&lt;script&gt;&lt;/script&gt;)" classname="allcom.tests.passwordReset.CreateNewPasswordPageTests" time="0.305"/>
  <testcase name="validatePasswordWithIncorrectData[16](11111E+12)" classname="allcom.tests.passwordReset.CreateNewPasswordPageTests" time="0.108"/>
  <system-out><![CDATA[02:46:11.337 [Test worker] INFO  allcom.tests.TestBase -- Start test: [isCreateNewPasswordButtonPresent]
02:46:11.460 [Test worker] INFO  allcom.tests.TestBase -- PASSED: [isCreateNewPasswordButtonPresent], with Parameters: []
02:46:11.460 [Test worker] INFO  allcom.tests.TestBase -- Start test: [isPasswordResetNotSuccessInvalidDataWithValidationCheck]
02:46:11.991 [Test worker] INFO  allcom.tests.TestBase -- PASSED: [isPasswordResetNotSuccessInvalidDataWithValidationCheck], with Parameters: []
02:46:11.992 [Test worker] INFO  allcom.tests.TestBase -- Start test: [isPasswordResetNotSuccessInvalidDataWoValidationCheck]
02:46:12.527 [Test worker] INFO  allcom.tests.TestBase -- PASSED: [isPasswordResetNotSuccessInvalidDataWoValidationCheck], with Parameters: []
02:46:12.527 [Test worker] INFO  allcom.tests.TestBase -- Start test: [isPasswordResetNotSuccessInvalidDataWoValidationCheckWoTimer]
02:46:13.086 [Test worker] INFO  allcom.tests.TestBase -- PASSED: [isPasswordResetNotSuccessInvalidDataWoValidationCheckWoTimer], with Parameters: []
02:46:13.087 [Test worker] INFO  allcom.tests.TestBase -- Start test: [isPasswordResetSuccessValidDataWithValidationCheck]
02:46:13.664 [Test worker] INFO  allcom.tests.TestBase -- PASSED: [isPasswordResetSuccessValidDataWithValidationCheck], with Parameters: []
02:46:13.664 [Test worker] INFO  allcom.tests.TestBase -- Start test: [isPasswordResetSuccessValidDataWoValidationCheck]
02:46:14.221 [Test worker] INFO  allcom.tests.TestBase -- PASSED: [isPasswordResetSuccessValidDataWoValidationCheck], with Parameters: []
02:46:14.221 [Test worker] INFO  allcom.tests.TestBase -- Start test: [validateComparePasswordsEqualityNegative]
02:46:14.346 [Test worker] INFO  allcom.tests.TestBase -- PASSED: [validateComparePasswordsEqualityNegative], with Parameters: []
02:46:14.346 [Test worker] INFO  allcom.tests.TestBase -- Start test: [validateComparePasswordsEqualityPositive]
02:46:14.865 [Test worker] INFO  allcom.tests.TestBase -- PASSED: [validateComparePasswordsEqualityPositive], with Parameters: []
02:46:14.866 [Test worker] INFO  allcom.tests.TestBase -- Start test: [validatePasswordConfirmWithIncorrectData]
02:46:15.278 [Test worker] INFO  allcom.tests.TestBase -- PASSED: [validatePasswordConfirmWithIncorrectData], with Parameters: [п»їTes123]
02:46:15.279 [Test worker] INFO  allcom.tests.TestBase -- Start test: [validatePasswordConfirmWithIncorrectData]
02:46:15.507 [Test worker] INFO  allcom.tests.TestBase -- PASSED: [validatePasswordConfirmWithIncorrectData], with Parameters: [Tes1234]
02:46:15.508 [Test worker] INFO  allcom.tests.TestBase -- Start test: [validatePasswordConfirmWithIncorrectData]
02:46:16.058 [Test worker] INFO  allcom.tests.TestBase -- PASSED: [validatePasswordConfirmWithIncorrectData], with Parameters: [Test1234555555555555555555555555555555555555555555555555555555555555555555555555555555555555]
02:46:16.058 [Test worker] INFO  allcom.tests.TestBase -- Start test: [validatePasswordConfirmWithIncorrectData]
02:46:16.445 [Test worker] INFO  allcom.tests.TestBase -- PASSED: [validatePasswordConfirmWithIncorrectData], with Parameters: [1]
02:46:16.445 [Test worker] INFO  allcom.tests.TestBase -- Start test: [validatePasswordConfirmWithIncorrectData]
02:46:16.782 [Test worker] INFO  allcom.tests.TestBase -- PASSED: [validatePasswordConfirmWithIncorrectData], with Parameters: [*&^(*&%$##@]
02:46:16.782 [Test worker] INFO  allcom.tests.TestBase -- Start test: [validatePasswordConfirmWithIncorrectData]
02:46:17.332 [Test worker] INFO  allcom.tests.TestBase -- PASSED: [validatePasswordConfirmWithIncorrectData], with Parameters: [Qwertyuiop@1С‹]
02:46:17.332 [Test worker] INFO  allcom.tests.TestBase -- Start test: [validatePasswordConfirmWithIncorrectData]
02:46:17.858 [Test worker] INFO  allcom.tests.TestBase -- PASSED: [validatePasswordConfirmWithIncorrectData], with Parameters: [Р¤Р«Р’РђРђРџРєРіСѓС‰СѓС†Р·]
02:46:17.859 [Test worker] INFO  allcom.tests.TestBase -- Start test: [validatePasswordConfirmWithIncorrectData]
02:46:18.325 [Test worker] INFO  allcom.tests.TestBase -- PASSED: [validatePasswordConfirmWithIncorrectData], with Parameters: [Test 12345!]
02:46:18.325 [Test worker] INFO  allcom.tests.TestBase -- Start test: [validatePasswordConfirmWithIncorrectData]
02:46:18.612 [Test worker] INFO  allcom.tests.TestBase -- PASSED: [validatePasswordConfirmWithIncorrectData], with Parameters: [SELECT* FROM]
02:46:18.612 [Test worker] INFO  allcom.tests.TestBase -- Start test: [validatePasswordConfirmWithIncorrectData]
02:46:19.017 [Test worker] INFO  allcom.tests.TestBase -- PASSED: [validatePasswordConfirmWithIncorrectData], with Parameters: [www.gmail.com]
02:46:19.018 [Test worker] INFO  allcom.tests.TestBase -- Start test: [validatePasswordConfirmWithIncorrectData]
02:46:19.434 [Test worker] INFO  allcom.tests.TestBase -- PASSED: [validatePasswordConfirmWithIncorrectData], with Parameters: []
02:46:19.434 [Test worker] INFO  allcom.tests.TestBase -- Start test: [validatePasswordConfirmWithIncorrectData]
02:46:19.657 [Test worker] INFO  allcom.tests.TestBase -- PASSED: [validatePasswordConfirmWithIncorrectData], with Parameters: [В ]
02:46:19.657 [Test worker] INFO  allcom.tests.TestBase -- Start test: [validatePasswordConfirmWithIncorrectData]
02:46:20.069 [Test worker] INFO  allcom.tests.TestBase -- PASSED: [validatePasswordConfirmWithIncorrectData], with Parameters: []
02:46:20.069 [Test worker] INFO  allcom.tests.TestBase -- Start test: [validatePasswordConfirmWithIncorrectData]
02:46:20.280 [Test worker] INFO  allcom.tests.TestBase -- PASSED: [validatePasswordConfirmWithIncorrectData], with Parameters: [0]
02:46:20.280 [Test worker] INFO  allcom.tests.TestBase -- Start test: [validatePasswordConfirmWithIncorrectData]
02:46:20.759 [Test worker] INFO  allcom.tests.TestBase -- PASSED: [validatePasswordConfirmWithIncorrectData], with Parameters: [<input>]
02:46:20.759 [Test worker] INFO  allcom.tests.TestBase -- Start test: [validatePasswordConfirmWithIncorrectData]
02:46:21.124 [Test worker] INFO  allcom.tests.TestBase -- PASSED: [validatePasswordConfirmWithIncorrectData], with Parameters: [<script></script>]
02:46:21.125 [Test worker] INFO  allcom.tests.TestBase -- Start test: [validatePasswordConfirmWithIncorrectData]
02:46:21.421 [Test worker] INFO  allcom.tests.TestBase -- PASSED: [validatePasswordConfirmWithIncorrectData], with Parameters: [11111E+12]
02:46:21.422 [Test worker] INFO  allcom.tests.TestBase -- Start test: [validatePasswordWithIncorrectData]
02:46:21.869 [Test worker] INFO  allcom.tests.TestBase -- PASSED: [validatePasswordWithIncorrectData], with Parameters: [п»їTes123]
02:46:21.869 [Test worker] INFO  allcom.tests.TestBase -- Start test: [validatePasswordWithIncorrectData]
02:46:22.276 [Test worker] INFO  allcom.tests.TestBase -- PASSED: [validatePasswordWithIncorrectData], with Parameters: [Tes1234]
02:46:22.276 [Test worker] INFO  allcom.tests.TestBase -- Start test: [validatePasswordWithIncorrectData]
02:46:22.728 [Test worker] INFO  allcom.tests.TestBase -- PASSED: [validatePasswordWithIncorrectData], with Parameters: [Test1234555555555555555555555555555555555555555555555555555555555555555555555555555555555555]
02:46:22.729 [Test worker] INFO  allcom.tests.TestBase -- Start test: [validatePasswordWithIncorrectData]
02:46:23.014 [Test worker] INFO  allcom.tests.TestBase -- PASSED: [validatePasswordWithIncorrectData], with Parameters: [1]
02:46:23.014 [Test worker] INFO  allcom.tests.TestBase -- Start test: [validatePasswordWithIncorrectData]
02:46:23.377 [Test worker] INFO  allcom.tests.TestBase -- PASSED: [validatePasswordWithIncorrectData], with Parameters: [*&^(*&%$##@]
02:46:23.385 [Test worker] INFO  allcom.tests.TestBase -- Start test: [validatePasswordWithIncorrectData]
02:46:23.655 [Test worker] INFO  allcom.tests.TestBase -- PASSED: [validatePasswordWithIncorrectData], with Parameters: [Qwertyuiop@1С‹]
02:46:23.655 [Test worker] INFO  allcom.tests.TestBase -- Start test: [validatePasswordWithIncorrectData]
02:46:24.155 [Test worker] INFO  allcom.tests.TestBase -- PASSED: [validatePasswordWithIncorrectData], with Parameters: [Р¤Р«Р’РђРђРџРєРіСѓС‰СѓС†Р·]
02:46:24.155 [Test worker] INFO  allcom.tests.TestBase -- Start test: [validatePasswordWithIncorrectData]
02:46:24.629 [Test worker] INFO  allcom.tests.TestBase -- PASSED: [validatePasswordWithIncorrectData], with Parameters: [Test 12345!]
02:46:24.629 [Test worker] INFO  allcom.tests.TestBase -- Start test: [validatePasswordWithIncorrectData]
02:46:24.959 [Test worker] INFO  allcom.tests.TestBase -- PASSED: [validatePasswordWithIncorrectData], with Parameters: [SELECT* FROM]
02:46:24.960 [Test worker] INFO  allcom.tests.TestBase -- Start test: [validatePasswordWithIncorrectData]
02:46:25.272 [Test worker] INFO  allcom.tests.TestBase -- PASSED: [validatePasswordWithIncorrectData], with Parameters: [www.gmail.com]
02:46:25.272 [Test worker] INFO  allcom.tests.TestBase -- Start test: [validatePasswordWithIncorrectData]
02:46:25.706 [Test worker] INFO  allcom.tests.TestBase -- PASSED: [validatePasswordWithIncorrectData], with Parameters: []
02:46:25.706 [Test worker] INFO  allcom.tests.TestBase -- Start test: [validatePasswordWithIncorrectData]
02:46:25.925 [Test worker] INFO  allcom.tests.TestBase -- PASSED: [validatePasswordWithIncorrectData], with Parameters: [В ]
02:46:25.926 [Test worker] INFO  allcom.tests.TestBase -- Start test: [validatePasswordWithIncorrectData]
02:46:26.373 [Test worker] INFO  allcom.tests.TestBase -- PASSED: [validatePasswordWithIncorrectData], with Parameters: []
02:46:26.373 [Test worker] INFO  allcom.tests.TestBase -- Start test: [validatePasswordWithIncorrectData]
02:46:26.586 [Test worker] INFO  allcom.tests.TestBase -- PASSED: [validatePasswordWithIncorrectData], with Parameters: [0]
02:46:26.586 [Test worker] INFO  allcom.tests.TestBase -- Start test: [validatePasswordWithIncorrectData]
02:46:27.066 [Test worker] INFO  allcom.tests.TestBase -- PASSED: [validatePasswordWithIncorrectData], with Parameters: [<input>]
02:46:27.066 [Test worker] INFO  allcom.tests.TestBase -- Start test: [validatePasswordWithIncorrectData]
02:46:27.499 [Test worker] INFO  allcom.tests.TestBase -- PASSED: [validatePasswordWithIncorrectData], with Parameters: [<script></script>]
02:46:27.500 [Test worker] INFO  allcom.tests.TestBase -- Start test: [validatePasswordWithIncorrectData]
02:46:27.771 [Test worker] INFO  allcom.tests.TestBase -- PASSED: [validatePasswordWithIncorrectData], with Parameters: [11111E+12]
]]></system-out>
  <system-err><![CDATA[]]></system-err>
</testsuite>
