<?xml version="1.0" encoding="UTF-8"?>
<testsuite name="allcom.tests.header.SearchBoxTests" tests="78" skipped="0" failures="0" errors="0" timestamp="2024-01-28T17:22:51" hostname="PORTISHEAD-PC" time="17.91">
  <properties/>
  <testcase name="searchBoxAcceptsLongInput" classname="allcom.tests.header.SearchBoxTests" time="0.198"/>
  <testcase name="searchBoxAcceptsSpecialCharacters" classname="allcom.tests.header.SearchBoxTests" time="0.102"/>
  <testcase name="searchBoxInputIsPresent" classname="allcom.tests.header.SearchBoxTests" time="0.001"/>
  <testcase name="searchBoxInputTest[0]()" classname="allcom.tests.header.SearchBoxTests" time="0.094"/>
  <testcase name="searchBoxInputTest[1](В )" classname="allcom.tests.header.SearchBoxTests" time="0.097"/>
  <testcase name="searchBoxInputTest[2](&lt;script&gt;)" classname="allcom.tests.header.SearchBoxTests" time="0.1"/>
  <testcase name="searchBoxInputTest[3](&lt;/script&gt;)" classname="allcom.tests.header.SearchBoxTests" time="0.102"/>
  <testcase name="searchBoxInputTest[4](&lt;script&gt;)" classname="allcom.tests.header.SearchBoxTests" time="0.1"/>
  <testcase name="searchBoxInputTest[5](&lt;img&gt;)" classname="allcom.tests.header.SearchBoxTests" time="0.097"/>
  <testcase name="searchBoxInputTest[6](&lt;div&gt;)" classname="allcom.tests.header.SearchBoxTests" time="0.103"/>
  <testcase name="searchBoxInputTest[7](&lt;iframe&gt;)" classname="allcom.tests.header.SearchBoxTests" time="0.097"/>
  <testcase name="searchBoxInputTest[8](&lt;input&gt;)" classname="allcom.tests.header.SearchBoxTests" time="0.109"/>
  <testcase name="searchBoxInputTest[9](@@)" classname="allcom.tests.header.SearchBoxTests" time="0.088"/>
  <testcase name="searchBoxInputTest[10](char)" classname="allcom.tests.header.SearchBoxTests" time="0.101"/>
  <testcase name="searchBoxInputTest[11](nchar)" classname="allcom.tests.header.SearchBoxTests" time="0.108"/>
  <testcase name="searchBoxInputTest[12](varchar)" classname="allcom.tests.header.SearchBoxTests" time="0.094"/>
  <testcase name="searchBoxInputTest[13](nvarchar)" classname="allcom.tests.header.SearchBoxTests" time="0.096"/>
  <testcase name="searchBoxInputTest[14](alter)" classname="allcom.tests.header.SearchBoxTests" time="0.089"/>
  <testcase name="searchBoxInputTest[15](begin)" classname="allcom.tests.header.SearchBoxTests" time="0.094"/>
  <testcase name="searchBoxInputTest[16](cast)" classname="allcom.tests.header.SearchBoxTests" time="0.089"/>
  <testcase name="searchBoxInputTest[17](create)" classname="allcom.tests.header.SearchBoxTests" time="0.089"/>
  <testcase name="searchBoxInputTest[18](cursor)" classname="allcom.tests.header.SearchBoxTests" time="0.095"/>
  <testcase name="searchBoxInputTest[19](declare)" classname="allcom.tests.header.SearchBoxTests" time="0.097"/>
  <testcase name="searchBoxInputTest[20](delete)" classname="allcom.tests.header.SearchBoxTests" time="0.091"/>
  <testcase name="searchBoxInputTest[21](drop)" classname="allcom.tests.header.SearchBoxTests" time="0.097"/>
  <testcase name="searchBoxInputTest[22](exec)" classname="allcom.tests.header.SearchBoxTests" time="0.089"/>
  <testcase name="searchBoxInputTest[23](execute)" classname="allcom.tests.header.SearchBoxTests" time="0.096"/>
  <testcase name="searchBoxInputTest[24](fetch)" classname="allcom.tests.header.SearchBoxTests" time="0.088"/>
  <testcase name="searchBoxInputTest[25](insert)" classname="allcom.tests.header.SearchBoxTests" time="0.092"/>
  <testcase name="searchBoxInputTest[26](kill)" classname="allcom.tests.header.SearchBoxTests" time="0.092"/>
  <testcase name="searchBoxInputTest[27](select)" classname="allcom.tests.header.SearchBoxTests" time="0.092"/>
  <testcase name="searchBoxInputTest[28](sys)" classname="allcom.tests.header.SearchBoxTests" time="0.088"/>
  <testcase name="searchBoxInputTest[29](sysobjects)" classname="allcom.tests.header.SearchBoxTests" time="0.093"/>
  <testcase name="searchBoxInputTest[30](syscolumns)" classname="allcom.tests.header.SearchBoxTests" time="0.092"/>
  <testcase name="searchBoxInputTest[31](&lt;script&gt;&lt;/script&gt;)" classname="allcom.tests.header.SearchBoxTests" time="0.1"/>
  <testcase name="searchBoxInputTextTest" classname="allcom.tests.header.SearchBoxTests" time="0.099"/>
  <testcase name="searchBoxIsAbsentOnLowResolution" classname="allcom.tests.header.SearchBoxTests" time="0.253"/>
  <testcase name="searchBoxIsClickableOnDifferentResolutions" classname="allcom.tests.header.SearchBoxTests" time="0.453"/>
  <testcase name="searchBoxIsEmptyBeforeInput" classname="allcom.tests.header.SearchBoxTests" time="0.011"/>
  <testcase name="searchBoxIsPresent" classname="allcom.tests.header.SearchBoxTests" time="0.0"/>
  <testcase name="searchBoxIsPresentOnHighResolution" classname="allcom.tests.header.SearchBoxTests" time="0.246"/>
  <testcase name="searchButtonBottomIsAbsentOnHighResolution" classname="allcom.tests.header.SearchBoxTests" time="0.241"/>
  <testcase name="searchButtonBottomIsClickable" classname="allcom.tests.header.SearchBoxTests" time="0.271"/>
  <testcase name="searchButtonBottomIsPresentOnLowResolution" classname="allcom.tests.header.SearchBoxTests" time="0.274"/>
  <testcase name="searchButtonIsClickable" classname="allcom.tests.header.SearchBoxTests" time="0.306"/>
  <testcase name="searchRedirectsToCorrectPageTest" classname="allcom.tests.header.SearchBoxTests" time="0.461"/>
  <testcase name="validateSearchWithIncorrectData[0]()" classname="allcom.tests.header.SearchBoxTests" time="0.071"/>
  <testcase name="validateSearchWithIncorrectData[1](В )" classname="allcom.tests.header.SearchBoxTests" time="0.079"/>
  <testcase name="validateSearchWithIncorrectData[2](&lt;script&gt;)" classname="allcom.tests.header.SearchBoxTests" time="0.078"/>
  <testcase name="validateSearchWithIncorrectData[3](&lt;/script&gt;)" classname="allcom.tests.header.SearchBoxTests" time="0.085"/>
  <testcase name="validateSearchWithIncorrectData[4](&lt;script&gt;)" classname="allcom.tests.header.SearchBoxTests" time="0.08"/>
  <testcase name="validateSearchWithIncorrectData[5](&lt;img&gt;)" classname="allcom.tests.header.SearchBoxTests" time="0.078"/>
  <testcase name="validateSearchWithIncorrectData[6](&lt;div&gt;)" classname="allcom.tests.header.SearchBoxTests" time="0.082"/>
  <testcase name="validateSearchWithIncorrectData[7](&lt;iframe&gt;)" classname="allcom.tests.header.SearchBoxTests" time="0.079"/>
  <testcase name="validateSearchWithIncorrectData[8](&lt;input&gt;)" classname="allcom.tests.header.SearchBoxTests" time="0.08"/>
  <testcase name="validateSearchWithIncorrectData[9](@@)" classname="allcom.tests.header.SearchBoxTests" time="0.074"/>
  <testcase name="validateSearchWithIncorrectData[10](char)" classname="allcom.tests.header.SearchBoxTests" time="0.079"/>
  <testcase name="validateSearchWithIncorrectData[11](nchar)" classname="allcom.tests.header.SearchBoxTests" time="0.079"/>
  <testcase name="validateSearchWithIncorrectData[12](varchar)" classname="allcom.tests.header.SearchBoxTests" time="0.076"/>
  <testcase name="validateSearchWithIncorrectData[13](nvarchar)" classname="allcom.tests.header.SearchBoxTests" time="0.079"/>
  <testcase name="validateSearchWithIncorrectData[14](alter)" classname="allcom.tests.header.SearchBoxTests" time="0.078"/>
  <testcase name="validateSearchWithIncorrectData[15](begin)" classname="allcom.tests.header.SearchBoxTests" time="0.075"/>
  <testcase name="validateSearchWithIncorrectData[16](cast)" classname="allcom.tests.header.SearchBoxTests" time="0.077"/>
  <testcase name="validateSearchWithIncorrectData[17](create)" classname="allcom.tests.header.SearchBoxTests" time="0.085"/>
  <testcase name="validateSearchWithIncorrectData[18](cursor)" classname="allcom.tests.header.SearchBoxTests" time="0.08"/>
  <testcase name="validateSearchWithIncorrectData[19](declare)" classname="allcom.tests.header.SearchBoxTests" time="0.08"/>
  <testcase name="validateSearchWithIncorrectData[20](delete)" classname="allcom.tests.header.SearchBoxTests" time="0.075"/>
  <testcase name="validateSearchWithIncorrectData[21](drop)" classname="allcom.tests.header.SearchBoxTests" time="0.077"/>
  <testcase name="validateSearchWithIncorrectData[22](exec)" classname="allcom.tests.header.SearchBoxTests" time="0.08"/>
  <testcase name="validateSearchWithIncorrectData[23](execute)" classname="allcom.tests.header.SearchBoxTests" time="0.078"/>
  <testcase name="validateSearchWithIncorrectData[24](fetch)" classname="allcom.tests.header.SearchBoxTests" time="0.077"/>
  <testcase name="validateSearchWithIncorrectData[25](insert)" classname="allcom.tests.header.SearchBoxTests" time="0.074"/>
  <testcase name="validateSearchWithIncorrectData[26](kill)" classname="allcom.tests.header.SearchBoxTests" time="0.081"/>
  <testcase name="validateSearchWithIncorrectData[27](select)" classname="allcom.tests.header.SearchBoxTests" time="0.079"/>
  <testcase name="validateSearchWithIncorrectData[28](sys)" classname="allcom.tests.header.SearchBoxTests" time="0.077"/>
  <testcase name="validateSearchWithIncorrectData[29](sysobjects)" classname="allcom.tests.header.SearchBoxTests" time="0.081"/>
  <testcase name="validateSearchWithIncorrectData[30](syscolumns)" classname="allcom.tests.header.SearchBoxTests" time="0.086"/>
  <testcase name="validateSearchWithIncorrectData[31](&lt;script&gt;&lt;/script&gt;)" classname="allcom.tests.header.SearchBoxTests" time="0.1"/>
  <system-out><![CDATA[18:22:51.567 [Test worker] INFO  allcom.tests.TestBase -- Start test: [searchBoxAcceptsLongInput]
18:22:52.020 [Test worker] INFO  allcom.tests.TestBase -- PASSED: [searchBoxAcceptsLongInput], with Parameters: []
18:22:52.022 [Test worker] INFO  allcom.tests.TestBase -- Start test: [searchBoxAcceptsSpecialCharacters]
18:22:52.254 [Test worker] INFO  allcom.tests.TestBase -- PASSED: [searchBoxAcceptsSpecialCharacters], with Parameters: []
18:22:52.256 [Test worker] INFO  allcom.tests.TestBase -- Start test: [searchBoxInputIsPresent]
18:22:52.369 [Test worker] INFO  allcom.tests.TestBase -- PASSED: [searchBoxInputIsPresent], with Parameters: []
18:22:52.388 [Test worker] INFO  allcom.tests.TestBase -- Start test: [searchBoxInputTest]
18:22:52.596 [Test worker] INFO  allcom.tests.TestBase -- PASSED: [searchBoxInputTest], with Parameters: []
18:22:52.597 [Test worker] INFO  allcom.tests.TestBase -- Start test: [searchBoxInputTest]
18:22:52.808 [Test worker] INFO  allcom.tests.TestBase -- PASSED: [searchBoxInputTest], with Parameters: [В ]
18:22:52.809 [Test worker] INFO  allcom.tests.TestBase -- Start test: [searchBoxInputTest]
18:22:53.031 [Test worker] INFO  allcom.tests.TestBase -- PASSED: [searchBoxInputTest], with Parameters: [<script>]
18:22:53.032 [Test worker] INFO  allcom.tests.TestBase -- Start test: [searchBoxInputTest]
18:22:53.247 [Test worker] INFO  allcom.tests.TestBase -- PASSED: [searchBoxInputTest], with Parameters: [</script>]
18:22:53.248 [Test worker] INFO  allcom.tests.TestBase -- Start test: [searchBoxInputTest]
18:22:53.522 [Test worker] INFO  allcom.tests.TestBase -- PASSED: [searchBoxInputTest], with Parameters: [<script>]
18:22:53.523 [Test worker] INFO  allcom.tests.TestBase -- Start test: [searchBoxInputTest]
18:22:53.736 [Test worker] INFO  allcom.tests.TestBase -- PASSED: [searchBoxInputTest], with Parameters: [<img>]
18:22:53.736 [Test worker] INFO  allcom.tests.TestBase -- Start test: [searchBoxInputTest]
18:22:53.946 [Test worker] INFO  allcom.tests.TestBase -- PASSED: [searchBoxInputTest], with Parameters: [<div>]
18:22:53.947 [Test worker] INFO  allcom.tests.TestBase -- Start test: [searchBoxInputTest]
18:22:54.152 [Test worker] INFO  allcom.tests.TestBase -- PASSED: [searchBoxInputTest], with Parameters: [<iframe>]
18:22:54.153 [Test worker] INFO  allcom.tests.TestBase -- Start test: [searchBoxInputTest]
18:22:54.375 [Test worker] INFO  allcom.tests.TestBase -- PASSED: [searchBoxInputTest], with Parameters: [<input>]
18:22:54.376 [Test worker] INFO  allcom.tests.TestBase -- Start test: [searchBoxInputTest]
18:22:54.572 [Test worker] INFO  allcom.tests.TestBase -- PASSED: [searchBoxInputTest], with Parameters: [@@]
18:22:54.572 [Test worker] INFO  allcom.tests.TestBase -- Start test: [searchBoxInputTest]
18:22:54.794 [Test worker] INFO  allcom.tests.TestBase -- PASSED: [searchBoxInputTest], with Parameters: [char]
18:22:54.795 [Test worker] INFO  allcom.tests.TestBase -- Start test: [searchBoxInputTest]
18:22:55.010 [Test worker] INFO  allcom.tests.TestBase -- PASSED: [searchBoxInputTest], with Parameters: [nchar]
18:22:55.011 [Test worker] INFO  allcom.tests.TestBase -- Start test: [searchBoxInputTest]
18:22:55.212 [Test worker] INFO  allcom.tests.TestBase -- PASSED: [searchBoxInputTest], with Parameters: [varchar]
18:22:55.213 [Test worker] INFO  allcom.tests.TestBase -- Start test: [searchBoxInputTest]
18:22:55.415 [Test worker] INFO  allcom.tests.TestBase -- PASSED: [searchBoxInputTest], with Parameters: [nvarchar]
18:22:55.415 [Test worker] INFO  allcom.tests.TestBase -- Start test: [searchBoxInputTest]
18:22:55.612 [Test worker] INFO  allcom.tests.TestBase -- PASSED: [searchBoxInputTest], with Parameters: [alter]
18:22:55.613 [Test worker] INFO  allcom.tests.TestBase -- Start test: [searchBoxInputTest]
18:22:55.815 [Test worker] INFO  allcom.tests.TestBase -- PASSED: [searchBoxInputTest], with Parameters: [begin]
18:22:55.816 [Test worker] INFO  allcom.tests.TestBase -- Start test: [searchBoxInputTest]
18:22:56.031 [Test worker] INFO  allcom.tests.TestBase -- PASSED: [searchBoxInputTest], with Parameters: [cast]
18:22:56.031 [Test worker] INFO  allcom.tests.TestBase -- Start test: [searchBoxInputTest]
18:22:56.227 [Test worker] INFO  allcom.tests.TestBase -- PASSED: [searchBoxInputTest], with Parameters: [create]
18:22:56.227 [Test worker] INFO  allcom.tests.TestBase -- Start test: [searchBoxInputTest]
18:22:56.433 [Test worker] INFO  allcom.tests.TestBase -- PASSED: [searchBoxInputTest], with Parameters: [cursor]
18:22:56.433 [Test worker] INFO  allcom.tests.TestBase -- Start test: [searchBoxInputTest]
18:22:56.635 [Test worker] INFO  allcom.tests.TestBase -- PASSED: [searchBoxInputTest], with Parameters: [declare]
18:22:56.636 [Test worker] INFO  allcom.tests.TestBase -- Start test: [searchBoxInputTest]
18:22:56.831 [Test worker] INFO  allcom.tests.TestBase -- PASSED: [searchBoxInputTest], with Parameters: [delete]
18:22:56.832 [Test worker] INFO  allcom.tests.TestBase -- Start test: [searchBoxInputTest]
18:22:57.043 [Test worker] INFO  allcom.tests.TestBase -- PASSED: [searchBoxInputTest], with Parameters: [drop]
18:22:57.044 [Test worker] INFO  allcom.tests.TestBase -- Start test: [searchBoxInputTest]
18:22:57.244 [Test worker] INFO  allcom.tests.TestBase -- PASSED: [searchBoxInputTest], with Parameters: [exec]
18:22:57.245 [Test worker] INFO  allcom.tests.TestBase -- Start test: [searchBoxInputTest]
18:22:57.452 [Test worker] INFO  allcom.tests.TestBase -- PASSED: [searchBoxInputTest], with Parameters: [execute]
18:22:57.453 [Test worker] INFO  allcom.tests.TestBase -- Start test: [searchBoxInputTest]
18:22:57.645 [Test worker] INFO  allcom.tests.TestBase -- PASSED: [searchBoxInputTest], with Parameters: [fetch]
18:22:57.645 [Test worker] INFO  allcom.tests.TestBase -- Start test: [searchBoxInputTest]
18:22:57.842 [Test worker] INFO  allcom.tests.TestBase -- PASSED: [searchBoxInputTest], with Parameters: [insert]
18:22:57.843 [Test worker] INFO  allcom.tests.TestBase -- Start test: [searchBoxInputTest]
18:22:58.041 [Test worker] INFO  allcom.tests.TestBase -- PASSED: [searchBoxInputTest], with Parameters: [kill]
18:22:58.042 [Test worker] INFO  allcom.tests.TestBase -- Start test: [searchBoxInputTest]
18:22:58.237 [Test worker] INFO  allcom.tests.TestBase -- PASSED: [searchBoxInputTest], with Parameters: [select]
18:22:58.238 [Test worker] INFO  allcom.tests.TestBase -- Start test: [searchBoxInputTest]
18:22:58.427 [Test worker] INFO  allcom.tests.TestBase -- PASSED: [searchBoxInputTest], with Parameters: [sys]
18:22:58.428 [Test worker] INFO  allcom.tests.TestBase -- Start test: [searchBoxInputTest]
18:22:58.628 [Test worker] INFO  allcom.tests.TestBase -- PASSED: [searchBoxInputTest], with Parameters: [sysobjects]
18:22:58.629 [Test worker] INFO  allcom.tests.TestBase -- Start test: [searchBoxInputTest]
18:22:58.835 [Test worker] INFO  allcom.tests.TestBase -- PASSED: [searchBoxInputTest], with Parameters: [syscolumns]
18:22:58.835 [Test worker] INFO  allcom.tests.TestBase -- Start test: [searchBoxInputTest]
18:22:59.041 [Test worker] INFO  allcom.tests.TestBase -- PASSED: [searchBoxInputTest], with Parameters: [<script></script>]
18:22:59.043 [Test worker] INFO  allcom.tests.TestBase -- Start test: [searchBoxInputTextTest]
18:22:59.244 [Test worker] INFO  allcom.tests.TestBase -- PASSED: [searchBoxInputTextTest], with Parameters: []
18:22:59.245 [Test worker] INFO  allcom.tests.TestBase -- Start test: [searchBoxIsAbsentOnLowResolution]
18:22:59.613 [Test worker] INFO  allcom.tests.TestBase -- PASSED: [searchBoxIsAbsentOnLowResolution], with Parameters: []
18:22:59.614 [Test worker] INFO  allcom.tests.TestBase -- Start test: [searchBoxIsClickableOnDifferentResolutions]
18:23:00.291 [Test worker] INFO  allcom.tests.TestBase -- PASSED: [searchBoxIsClickableOnDifferentResolutions], with Parameters: []
18:23:00.292 [Test worker] INFO  allcom.tests.TestBase -- Start test: [searchBoxIsEmptyBeforeInput]
18:23:00.519 [Test worker] INFO  allcom.tests.TestBase -- PASSED: [searchBoxIsEmptyBeforeInput], with Parameters: []
18:23:00.520 [Test worker] INFO  allcom.tests.TestBase -- Start test: [searchBoxIsPresent]
18:23:00.624 [Test worker] INFO  allcom.tests.TestBase -- PASSED: [searchBoxIsPresent], with Parameters: []
18:23:00.625 [Test worker] INFO  allcom.tests.TestBase -- Start test: [searchBoxIsPresentOnHighResolution]
18:23:00.974 [Test worker] INFO  allcom.tests.TestBase -- PASSED: [searchBoxIsPresentOnHighResolution], with Parameters: []
18:23:00.974 [Test worker] INFO  allcom.tests.TestBase -- Start test: [searchButtonBottomIsAbsentOnHighResolution]
18:23:01.436 [Test worker] INFO  allcom.tests.TestBase -- PASSED: [searchButtonBottomIsAbsentOnHighResolution], with Parameters: []
18:23:01.437 [Test worker] INFO  allcom.tests.TestBase -- Start test: [searchButtonBottomIsClickable]
18:23:01.920 [Test worker] INFO  allcom.tests.TestBase -- PASSED: [searchButtonBottomIsClickable], with Parameters: []
18:23:01.921 [Test worker] INFO  allcom.tests.TestBase -- Start test: [searchButtonBottomIsPresentOnLowResolution]
18:23:02.426 [Test worker] INFO  allcom.tests.TestBase -- PASSED: [searchButtonBottomIsPresentOnLowResolution], with Parameters: []
18:23:02.427 [Test worker] INFO  allcom.tests.TestBase -- Start test: [searchButtonIsClickable]
18:23:02.970 [Test worker] INFO  allcom.tests.TestBase -- PASSED: [searchButtonIsClickable], with Parameters: []
18:23:02.971 [Test worker] INFO  allcom.tests.TestBase -- Start test: [searchRedirectsToCorrectPageTest]
18:23:03.663 [Test worker] INFO  allcom.tests.TestBase -- PASSED: [searchRedirectsToCorrectPageTest], with Parameters: []
18:23:03.664 [Test worker] INFO  allcom.tests.TestBase -- Start test: [validateSearchWithIncorrectData]
18:23:03.860 [Test worker] INFO  allcom.tests.TestBase -- PASSED: [validateSearchWithIncorrectData], with Parameters: []
18:23:03.860 [Test worker] INFO  allcom.tests.TestBase -- Start test: [validateSearchWithIncorrectData]
18:23:04.042 [Test worker] INFO  allcom.tests.TestBase -- PASSED: [validateSearchWithIncorrectData], with Parameters: [В ]
18:23:04.043 [Test worker] INFO  allcom.tests.TestBase -- Start test: [validateSearchWithIncorrectData]
18:23:04.228 [Test worker] INFO  allcom.tests.TestBase -- PASSED: [validateSearchWithIncorrectData], with Parameters: [<script>]
18:23:04.228 [Test worker] INFO  allcom.tests.TestBase -- Start test: [validateSearchWithIncorrectData]
18:23:04.414 [Test worker] INFO  allcom.tests.TestBase -- PASSED: [validateSearchWithIncorrectData], with Parameters: [</script>]
18:23:04.414 [Test worker] INFO  allcom.tests.TestBase -- Start test: [validateSearchWithIncorrectData]
18:23:04.599 [Test worker] INFO  allcom.tests.TestBase -- PASSED: [validateSearchWithIncorrectData], with Parameters: [<script>]
18:23:04.600 [Test worker] INFO  allcom.tests.TestBase -- Start test: [validateSearchWithIncorrectData]
18:23:04.782 [Test worker] INFO  allcom.tests.TestBase -- PASSED: [validateSearchWithIncorrectData], with Parameters: [<img>]
18:23:04.782 [Test worker] INFO  allcom.tests.TestBase -- Start test: [validateSearchWithIncorrectData]
18:23:04.967 [Test worker] INFO  allcom.tests.TestBase -- PASSED: [validateSearchWithIncorrectData], with Parameters: [<div>]
18:23:04.968 [Test worker] INFO  allcom.tests.TestBase -- Start test: [validateSearchWithIncorrectData]
18:23:05.149 [Test worker] INFO  allcom.tests.TestBase -- PASSED: [validateSearchWithIncorrectData], with Parameters: [<iframe>]
18:23:05.149 [Test worker] INFO  allcom.tests.TestBase -- Start test: [validateSearchWithIncorrectData]
18:23:05.340 [Test worker] INFO  allcom.tests.TestBase -- PASSED: [validateSearchWithIncorrectData], with Parameters: [<input>]
18:23:05.341 [Test worker] INFO  allcom.tests.TestBase -- Start test: [validateSearchWithIncorrectData]
18:23:05.519 [Test worker] INFO  allcom.tests.TestBase -- PASSED: [validateSearchWithIncorrectData], with Parameters: [@@]
18:23:05.521 [Test worker] INFO  allcom.tests.TestBase -- Start test: [validateSearchWithIncorrectData]
18:23:05.703 [Test worker] INFO  allcom.tests.TestBase -- PASSED: [validateSearchWithIncorrectData], with Parameters: [char]
18:23:05.703 [Test worker] INFO  allcom.tests.TestBase -- Start test: [validateSearchWithIncorrectData]
18:23:05.882 [Test worker] INFO  allcom.tests.TestBase -- PASSED: [validateSearchWithIncorrectData], with Parameters: [nchar]
18:23:05.882 [Test worker] INFO  allcom.tests.TestBase -- Start test: [validateSearchWithIncorrectData]
18:23:06.066 [Test worker] INFO  allcom.tests.TestBase -- PASSED: [validateSearchWithIncorrectData], with Parameters: [varchar]
18:23:06.066 [Test worker] INFO  allcom.tests.TestBase -- Start test: [validateSearchWithIncorrectData]
18:23:06.250 [Test worker] INFO  allcom.tests.TestBase -- PASSED: [validateSearchWithIncorrectData], with Parameters: [nvarchar]
18:23:06.251 [Test worker] INFO  allcom.tests.TestBase -- Start test: [validateSearchWithIncorrectData]
18:23:06.434 [Test worker] INFO  allcom.tests.TestBase -- PASSED: [validateSearchWithIncorrectData], with Parameters: [alter]
18:23:06.435 [Test worker] INFO  allcom.tests.TestBase -- Start test: [validateSearchWithIncorrectData]
18:23:06.636 [Test worker] INFO  allcom.tests.TestBase -- PASSED: [validateSearchWithIncorrectData], with Parameters: [begin]
18:23:06.637 [Test worker] INFO  allcom.tests.TestBase -- Start test: [validateSearchWithIncorrectData]
18:23:06.819 [Test worker] INFO  allcom.tests.TestBase -- PASSED: [validateSearchWithIncorrectData], with Parameters: [cast]
18:23:06.820 [Test worker] INFO  allcom.tests.TestBase -- Start test: [validateSearchWithIncorrectData]
18:23:07.009 [Test worker] INFO  allcom.tests.TestBase -- PASSED: [validateSearchWithIncorrectData], with Parameters: [create]
18:23:07.010 [Test worker] INFO  allcom.tests.TestBase -- Start test: [validateSearchWithIncorrectData]
18:23:07.191 [Test worker] INFO  allcom.tests.TestBase -- PASSED: [validateSearchWithIncorrectData], with Parameters: [cursor]
18:23:07.191 [Test worker] INFO  allcom.tests.TestBase -- Start test: [validateSearchWithIncorrectData]
18:23:07.400 [Test worker] INFO  allcom.tests.TestBase -- PASSED: [validateSearchWithIncorrectData], with Parameters: [declare]
18:23:07.400 [Test worker] INFO  allcom.tests.TestBase -- Start test: [validateSearchWithIncorrectData]
18:23:07.602 [Test worker] INFO  allcom.tests.TestBase -- PASSED: [validateSearchWithIncorrectData], with Parameters: [delete]
18:23:07.603 [Test worker] INFO  allcom.tests.TestBase -- Start test: [validateSearchWithIncorrectData]
18:23:07.784 [Test worker] INFO  allcom.tests.TestBase -- PASSED: [validateSearchWithIncorrectData], with Parameters: [drop]
18:23:07.785 [Test worker] INFO  allcom.tests.TestBase -- Start test: [validateSearchWithIncorrectData]
18:23:07.968 [Test worker] INFO  allcom.tests.TestBase -- PASSED: [validateSearchWithIncorrectData], with Parameters: [exec]
18:23:07.969 [Test worker] INFO  allcom.tests.TestBase -- Start test: [validateSearchWithIncorrectData]
18:23:08.149 [Test worker] INFO  allcom.tests.TestBase -- PASSED: [validateSearchWithIncorrectData], with Parameters: [execute]
18:23:08.149 [Test worker] INFO  allcom.tests.TestBase -- Start test: [validateSearchWithIncorrectData]
18:23:08.340 [Test worker] INFO  allcom.tests.TestBase -- PASSED: [validateSearchWithIncorrectData], with Parameters: [fetch]
18:23:08.340 [Test worker] INFO  allcom.tests.TestBase -- Start test: [validateSearchWithIncorrectData]
18:23:08.521 [Test worker] INFO  allcom.tests.TestBase -- PASSED: [validateSearchWithIncorrectData], with Parameters: [insert]
18:23:08.521 [Test worker] INFO  allcom.tests.TestBase -- Start test: [validateSearchWithIncorrectData]
18:23:08.705 [Test worker] INFO  allcom.tests.TestBase -- PASSED: [validateSearchWithIncorrectData], with Parameters: [kill]
18:23:08.706 [Test worker] INFO  allcom.tests.TestBase -- Start test: [validateSearchWithIncorrectData]
18:23:08.889 [Test worker] INFO  allcom.tests.TestBase -- PASSED: [validateSearchWithIncorrectData], with Parameters: [select]
18:23:08.889 [Test worker] INFO  allcom.tests.TestBase -- Start test: [validateSearchWithIncorrectData]
18:23:09.078 [Test worker] INFO  allcom.tests.TestBase -- PASSED: [validateSearchWithIncorrectData], with Parameters: [sys]
18:23:09.079 [Test worker] INFO  allcom.tests.TestBase -- Start test: [validateSearchWithIncorrectData]
18:23:09.267 [Test worker] INFO  allcom.tests.TestBase -- PASSED: [validateSearchWithIncorrectData], with Parameters: [sysobjects]
18:23:09.267 [Test worker] INFO  allcom.tests.TestBase -- Start test: [validateSearchWithIncorrectData]
18:23:09.523 [Test worker] INFO  allcom.tests.TestBase -- PASSED: [validateSearchWithIncorrectData], with Parameters: [syscolumns]
18:23:09.524 [Test worker] INFO  allcom.tests.TestBase -- Start test: [validateSearchWithIncorrectData]
18:23:09.731 [Test worker] INFO  allcom.tests.TestBase -- PASSED: [validateSearchWithIncorrectData], with Parameters: [<script></script>]
]]></system-out>
  <system-err><![CDATA[]]></system-err>
</testsuite>
