<?xml version="1.0" encoding="UTF-8"?>
<testsuite name="allcom.tests.passwordReset.RestorePasswordTests" tests="23" skipped="0" failures="0" errors="0" timestamp="2024-01-28T17:10:04" hostname="PORTISHEAD-PC" time="6.961">
  <properties/>
  <testcase name="restoreWithInvalidEmail[0](п»ї)" classname="allcom.tests.passwordReset.RestorePasswordTests" time="0.167"/>
  <testcase name="restoreWithInvalidEmail[1]()" classname="allcom.tests.passwordReset.RestorePasswordTests" time="0.137"/>
  <testcase name="restoreWithInvalidEmail[2](testgmail.com)" classname="allcom.tests.passwordReset.RestorePasswordTests" time="0.253"/>
  <testcase name="restoreWithInvalidEmail[3](test@.com)" classname="allcom.tests.passwordReset.RestorePasswordTests" time="0.16"/>
  <testcase name="restoreWithInvalidEmail[4](test@gmailcom)" classname="allcom.tests.passwordReset.RestorePasswordTests" time="0.156"/>
  <testcase name="restoreWithInvalidEmail[5](test@gmail.)" classname="allcom.tests.passwordReset.RestorePasswordTests" time="0.161"/>
  <testcase name="restoreWithInvalidEmail[6](@gmail.com)" classname="allcom.tests.passwordReset.RestorePasswordTests" time="0.152"/>
  <testcase name="restoreWithInvalidEmail[7](Fqpwiuery)" classname="allcom.tests.passwordReset.RestorePasswordTests" time="0.163"/>
  <testcase name="restoreWithInvalidEmail[8](С†СѓРєС€РіРµС€РіР·)" classname="allcom.tests.passwordReset.RestorePasswordTests" time="0.247"/>
  <testcase name="restoreWithInvalidEmail[9](&quot;%^&amp;()):&quot;)" classname="allcom.tests.passwordReset.RestorePasswordTests" time="0.179"/>
  <testcase name="restoreWithInvalidEmail[10](1)" classname="allcom.tests.passwordReset.RestorePasswordTests" time="0.15"/>
  <testcase name="restoreWithInvalidEmail[11](С‚РµСЃС‚@gmail.com)" classname="allcom.tests.passwordReset.RestorePasswordTests" time="0.171"/>
  <testcase name="restoreWithInvalidEmail[12](SELECT* FROM)" classname="allcom.tests.passwordReset.RestorePasswordTests" time="0.162"/>
  <testcase name="restoreWithInvalidEmail[13](test@@gmail.com)" classname="allcom.tests.passwordReset.RestorePasswordTests" time="0.189"/>
  <testcase name="restoreWithInvalidEmail[14](www.telran.com)" classname="allcom.tests.passwordReset.RestorePasswordTests" time="0.236"/>
  <testcase name="restoreWithInvalidEmail[15](tes t@gmail.com)" classname="allcom.tests.passwordReset.RestorePasswordTests" time="0.22"/>
  <testcase name="restoreWithInvalidEmail[16](test@ gmail.com)" classname="allcom.tests.passwordReset.RestorePasswordTests" time="0.238"/>
  <testcase name="restoreWithInvalidEmail[17](test@gmail .com)" classname="allcom.tests.passwordReset.RestorePasswordTests" time="0.227"/>
  <testcase name="restoreWithInvalidEmail[18](test@gmail. com)" classname="allcom.tests.passwordReset.RestorePasswordTests" time="0.229"/>
  <testcase name="restoreWithInvalidEmail[19](&lt;script&gt;&lt;/script&gt;)" classname="allcom.tests.passwordReset.RestorePasswordTests" time="0.242"/>
  <testcase name="restoreWithInvalidEmail[20](&lt;input&gt;)" classname="allcom.tests.passwordReset.RestorePasswordTests" time="0.166"/>
  <testcase name="restoreWithInvalidEmail[21](0)" classname="allcom.tests.passwordReset.RestorePasswordTests" time="0.146"/>
  <testcase name="restoreWithValidEmail" classname="allcom.tests.passwordReset.RestorePasswordTests" time="0.162"/>
  <system-out><![CDATA[18:10:04.586 [Test worker] INFO  allcom.tests.TestBase -- Start test: [restoreWithInvalidEmail]
18:10:04.973 [Test worker] INFO  allcom.tests.TestBase -- PASSED: [restoreWithInvalidEmail], with Parameters: [п»ї]
18:10:04.974 [Test worker] INFO  allcom.tests.TestBase -- Start test: [restoreWithInvalidEmail]
18:10:05.211 [Test worker] INFO  allcom.tests.TestBase -- PASSED: [restoreWithInvalidEmail], with Parameters: []
18:10:05.212 [Test worker] INFO  allcom.tests.TestBase -- Start test: [restoreWithInvalidEmail]
18:10:05.558 [Test worker] INFO  allcom.tests.TestBase -- PASSED: [restoreWithInvalidEmail], with Parameters: [testgmail.com]
18:10:05.558 [Test worker] INFO  allcom.tests.TestBase -- Start test: [restoreWithInvalidEmail]
18:10:05.836 [Test worker] INFO  allcom.tests.TestBase -- PASSED: [restoreWithInvalidEmail], with Parameters: [test@.com]
18:10:05.837 [Test worker] INFO  allcom.tests.TestBase -- Start test: [restoreWithInvalidEmail]
18:10:06.107 [Test worker] INFO  allcom.tests.TestBase -- PASSED: [restoreWithInvalidEmail], with Parameters: [test@gmailcom]
18:10:06.107 [Test worker] INFO  allcom.tests.TestBase -- Start test: [restoreWithInvalidEmail]
18:10:06.364 [Test worker] INFO  allcom.tests.TestBase -- PASSED: [restoreWithInvalidEmail], with Parameters: [test@gmail.]
18:10:06.364 [Test worker] INFO  allcom.tests.TestBase -- Start test: [restoreWithInvalidEmail]
18:10:06.617 [Test worker] INFO  allcom.tests.TestBase -- PASSED: [restoreWithInvalidEmail], with Parameters: [@gmail.com]
18:10:06.618 [Test worker] INFO  allcom.tests.TestBase -- Start test: [restoreWithInvalidEmail]
18:10:06.884 [Test worker] INFO  allcom.tests.TestBase -- PASSED: [restoreWithInvalidEmail], with Parameters: [Fqpwiuery]
18:10:06.885 [Test worker] INFO  allcom.tests.TestBase -- Start test: [restoreWithInvalidEmail]
18:10:07.434 [Test worker] INFO  allcom.tests.TestBase -- PASSED: [restoreWithInvalidEmail], with Parameters: [С†СѓРєС€РіРµС€РіР·]
18:10:07.434 [Test worker] INFO  allcom.tests.TestBase -- Start test: [restoreWithInvalidEmail]
18:10:07.737 [Test worker] INFO  allcom.tests.TestBase -- PASSED: [restoreWithInvalidEmail], with Parameters: ["%^&()):"]
18:10:07.738 [Test worker] INFO  allcom.tests.TestBase -- Start test: [restoreWithInvalidEmail]
18:10:08.001 [Test worker] INFO  allcom.tests.TestBase -- PASSED: [restoreWithInvalidEmail], with Parameters: [1]
18:10:08.002 [Test worker] INFO  allcom.tests.TestBase -- Start test: [restoreWithInvalidEmail]
18:10:08.267 [Test worker] INFO  allcom.tests.TestBase -- PASSED: [restoreWithInvalidEmail], with Parameters: [С‚РµСЃС‚@gmail.com]
18:10:08.268 [Test worker] INFO  allcom.tests.TestBase -- Start test: [restoreWithInvalidEmail]
18:10:08.528 [Test worker] INFO  allcom.tests.TestBase -- PASSED: [restoreWithInvalidEmail], with Parameters: [SELECT* FROM]
18:10:08.528 [Test worker] INFO  allcom.tests.TestBase -- Start test: [restoreWithInvalidEmail]
18:10:08.824 [Test worker] INFO  allcom.tests.TestBase -- PASSED: [restoreWithInvalidEmail], with Parameters: [test@@gmail.com]
18:10:08.824 [Test worker] INFO  allcom.tests.TestBase -- Start test: [restoreWithInvalidEmail]
18:10:09.205 [Test worker] INFO  allcom.tests.TestBase -- PASSED: [restoreWithInvalidEmail], with Parameters: [www.telran.com]
18:10:09.206 [Test worker] INFO  allcom.tests.TestBase -- Start test: [restoreWithInvalidEmail]
18:10:09.545 [Test worker] INFO  allcom.tests.TestBase -- PASSED: [restoreWithInvalidEmail], with Parameters: [tes t@gmail.com]
18:10:09.546 [Test worker] INFO  allcom.tests.TestBase -- Start test: [restoreWithInvalidEmail]
18:10:09.900 [Test worker] INFO  allcom.tests.TestBase -- PASSED: [restoreWithInvalidEmail], with Parameters: [test@ gmail.com]
18:10:09.901 [Test worker] INFO  allcom.tests.TestBase -- Start test: [restoreWithInvalidEmail]
18:10:10.249 [Test worker] INFO  allcom.tests.TestBase -- PASSED: [restoreWithInvalidEmail], with Parameters: [test@gmail .com]
18:10:10.250 [Test worker] INFO  allcom.tests.TestBase -- Start test: [restoreWithInvalidEmail]
18:10:10.600 [Test worker] INFO  allcom.tests.TestBase -- PASSED: [restoreWithInvalidEmail], with Parameters: [test@gmail. com]
18:10:10.600 [Test worker] INFO  allcom.tests.TestBase -- Start test: [restoreWithInvalidEmail]
18:10:10.963 [Test worker] INFO  allcom.tests.TestBase -- PASSED: [restoreWithInvalidEmail], with Parameters: [<script></script>]
18:10:10.964 [Test worker] INFO  allcom.tests.TestBase -- Start test: [restoreWithInvalidEmail]
18:10:11.243 [Test worker] INFO  allcom.tests.TestBase -- PASSED: [restoreWithInvalidEmail], with Parameters: [<input>]
18:10:11.244 [Test worker] INFO  allcom.tests.TestBase -- Start test: [restoreWithInvalidEmail]
18:10:11.509 [Test worker] INFO  allcom.tests.TestBase -- PASSED: [restoreWithInvalidEmail], with Parameters: [0]
18:10:11.509 [Test worker] INFO  allcom.tests.TestBase -- Start test: [restoreWithValidEmail]
18:10:11.767 [Test worker] INFO  allcom.tests.TestBase -- PASSED: [restoreWithValidEmail], with Parameters: []
]]></system-out>
  <system-err><![CDATA[]]></system-err>
</testsuite>
