<?xml version="1.0" encoding="UTF-8"?>
<testsuite name="allcom.tests.login.LoginPositiveTests" tests="30" skipped="0" failures="0" errors="0" timestamp="2024-01-30T00:41:29" hostname="PORTISHEAD-PC" time="14.206">
  <properties/>
  <testcase name="loginUserWithValidRandomDataPositive" classname="allcom.tests.login.LoginPositiveTests" time="0.414"/>
  <testcase name="loginUserWithValidRandomDataPositive" classname="allcom.tests.login.LoginPositiveTests" time="0.334"/>
  <testcase name="loginUserWithValidRandomDataPositive" classname="allcom.tests.login.LoginPositiveTests" time="0.327"/>
  <testcase name="loginUserWithValidRandomDataPositive" classname="allcom.tests.login.LoginPositiveTests" time="0.341"/>
  <testcase name="loginUserWithValidRandomDataPositive" classname="allcom.tests.login.LoginPositiveTests" time="0.398"/>
  <testcase name="loginUserWithValidRandomDataPositive" classname="allcom.tests.login.LoginPositiveTests" time="0.345"/>
  <testcase name="loginUserWithValidRandomDataPositive" classname="allcom.tests.login.LoginPositiveTests" time="0.335"/>
  <testcase name="loginUserWithValidRandomDataPositive" classname="allcom.tests.login.LoginPositiveTests" time="0.336"/>
  <testcase name="loginUserWithValidRandomDataPositive" classname="allcom.tests.login.LoginPositiveTests" time="0.335"/>
  <testcase name="loginUserWithValidRandomDataPositive" classname="allcom.tests.login.LoginPositiveTests" time="0.348"/>
  <testcase name="loginUserWithValidRandomDataPositive" classname="allcom.tests.login.LoginPositiveTests" time="0.362"/>
  <testcase name="loginUserWithValidRandomDataPositive" classname="allcom.tests.login.LoginPositiveTests" time="0.344"/>
  <testcase name="loginUserWithValidRandomDataPositive" classname="allcom.tests.login.LoginPositiveTests" time="0.328"/>
  <testcase name="loginUserWithValidRandomDataPositive" classname="allcom.tests.login.LoginPositiveTests" time="0.355"/>
  <testcase name="loginUserWithValidRandomDataPositive" classname="allcom.tests.login.LoginPositiveTests" time="0.332"/>
  <testcase name="loginUserWithValidRandomDataPositive" classname="allcom.tests.login.LoginPositiveTests" time="0.402"/>
  <testcase name="loginUserWithValidRandomDataPositive" classname="allcom.tests.login.LoginPositiveTests" time="0.329"/>
  <testcase name="loginUserWithValidRandomDataPositive" classname="allcom.tests.login.LoginPositiveTests" time="0.326"/>
  <testcase name="loginUserWithValidRandomDataPositive" classname="allcom.tests.login.LoginPositiveTests" time="0.372"/>
  <testcase name="loginUserWithValidRandomDataPositive" classname="allcom.tests.login.LoginPositiveTests" time="0.373"/>
  <testcase name="loginUserWithValidRandomDataPositive" classname="allcom.tests.login.LoginPositiveTests" time="0.358"/>
  <testcase name="loginUserWithValidRandomDataPositive" classname="allcom.tests.login.LoginPositiveTests" time="0.356"/>
  <testcase name="loginUserWithValidRandomDataPositive" classname="allcom.tests.login.LoginPositiveTests" time="0.336"/>
  <testcase name="loginUserWithValidRandomDataPositive" classname="allcom.tests.login.LoginPositiveTests" time="0.348"/>
  <testcase name="loginUserWithValidRandomDataPositive" classname="allcom.tests.login.LoginPositiveTests" time="0.337"/>
  <testcase name="loginUserWithValidRandomDataPositive" classname="allcom.tests.login.LoginPositiveTests" time="0.412"/>
  <testcase name="loginUserWithValidRandomDataPositive" classname="allcom.tests.login.LoginPositiveTests" time="0.39"/>
  <testcase name="loginUserWithValidRandomDataPositive" classname="allcom.tests.login.LoginPositiveTests" time="0.333"/>
  <testcase name="loginUserWithValidRandomDataPositive" classname="allcom.tests.login.LoginPositiveTests" time="0.359"/>
  <testcase name="loginUserWithValidRandomDataPositive" classname="allcom.tests.login.LoginPositiveTests" time="0.368"/>
  <system-out><![CDATA[01:41:29.181 [Test worker] INFO  allcom.tests.TestBase -- Start test: [loginUserWithValidRandomDataPositive]
01:41:29.748 [Test worker] INFO  allcom.tests.TestBase -- PASSED: [loginUserWithValidRandomDataPositive], with Parameters: []
01:41:29.749 [Test worker] INFO  allcom.tests.TestBase -- Start test: [loginUserWithValidRandomDataPositive]
01:41:30.206 [Test worker] INFO  allcom.tests.TestBase -- PASSED: [loginUserWithValidRandomDataPositive], with Parameters: []
01:41:30.208 [Test worker] INFO  allcom.tests.TestBase -- Start test: [loginUserWithValidRandomDataPositive]
01:41:30.657 [Test worker] INFO  allcom.tests.TestBase -- PASSED: [loginUserWithValidRandomDataPositive], with Parameters: []
01:41:30.662 [Test worker] INFO  allcom.tests.TestBase -- Start test: [loginUserWithValidRandomDataPositive]
01:41:31.125 [Test worker] INFO  allcom.tests.TestBase -- PASSED: [loginUserWithValidRandomDataPositive], with Parameters: []
01:41:31.125 [Test worker] INFO  allcom.tests.TestBase -- Start test: [loginUserWithValidRandomDataPositive]
01:41:31.641 [Test worker] INFO  allcom.tests.TestBase -- PASSED: [loginUserWithValidRandomDataPositive], with Parameters: []
01:41:31.642 [Test worker] INFO  allcom.tests.TestBase -- Start test: [loginUserWithValidRandomDataPositive]
01:41:32.108 [Test worker] INFO  allcom.tests.TestBase -- PASSED: [loginUserWithValidRandomDataPositive], with Parameters: []
01:41:32.109 [Test worker] INFO  allcom.tests.TestBase -- Start test: [loginUserWithValidRandomDataPositive]
01:41:32.575 [Test worker] INFO  allcom.tests.TestBase -- PASSED: [loginUserWithValidRandomDataPositive], with Parameters: []
01:41:32.576 [Test worker] INFO  allcom.tests.TestBase -- Start test: [loginUserWithValidRandomDataPositive]
01:41:33.037 [Test worker] INFO  allcom.tests.TestBase -- PASSED: [loginUserWithValidRandomDataPositive], with Parameters: []
01:41:33.038 [Test worker] INFO  allcom.tests.TestBase -- Start test: [loginUserWithValidRandomDataPositive]
01:41:33.495 [Test worker] INFO  allcom.tests.TestBase -- PASSED: [loginUserWithValidRandomDataPositive], with Parameters: []
01:41:33.496 [Test worker] INFO  allcom.tests.TestBase -- Start test: [loginUserWithValidRandomDataPositive]
01:41:33.967 [Test worker] INFO  allcom.tests.TestBase -- PASSED: [loginUserWithValidRandomDataPositive], with Parameters: []
01:41:33.968 [Test worker] INFO  allcom.tests.TestBase -- Start test: [loginUserWithValidRandomDataPositive]
01:41:34.452 [Test worker] INFO  allcom.tests.TestBase -- PASSED: [loginUserWithValidRandomDataPositive], with Parameters: []
01:41:34.452 [Test worker] INFO  allcom.tests.TestBase -- Start test: [loginUserWithValidRandomDataPositive]
01:41:34.916 [Test worker] INFO  allcom.tests.TestBase -- PASSED: [loginUserWithValidRandomDataPositive], with Parameters: []
01:41:34.917 [Test worker] INFO  allcom.tests.TestBase -- Start test: [loginUserWithValidRandomDataPositive]
01:41:35.365 [Test worker] INFO  allcom.tests.TestBase -- PASSED: [loginUserWithValidRandomDataPositive], with Parameters: []
01:41:35.366 [Test worker] INFO  allcom.tests.TestBase -- Start test: [loginUserWithValidRandomDataPositive]
01:41:35.833 [Test worker] INFO  allcom.tests.TestBase -- PASSED: [loginUserWithValidRandomDataPositive], with Parameters: []
01:41:35.834 [Test worker] INFO  allcom.tests.TestBase -- Start test: [loginUserWithValidRandomDataPositive]
01:41:36.288 [Test worker] INFO  allcom.tests.TestBase -- PASSED: [loginUserWithValidRandomDataPositive], with Parameters: []
01:41:36.289 [Test worker] INFO  allcom.tests.TestBase -- Start test: [loginUserWithValidRandomDataPositive]
01:41:36.823 [Test worker] INFO  allcom.tests.TestBase -- PASSED: [loginUserWithValidRandomDataPositive], with Parameters: []
01:41:36.823 [Test worker] INFO  allcom.tests.TestBase -- Start test: [loginUserWithValidRandomDataPositive]
01:41:37.278 [Test worker] INFO  allcom.tests.TestBase -- PASSED: [loginUserWithValidRandomDataPositive], with Parameters: []
01:41:37.279 [Test worker] INFO  allcom.tests.TestBase -- Start test: [loginUserWithValidRandomDataPositive]
01:41:37.726 [Test worker] INFO  allcom.tests.TestBase -- PASSED: [loginUserWithValidRandomDataPositive], with Parameters: []
01:41:37.727 [Test worker] INFO  allcom.tests.TestBase -- Start test: [loginUserWithValidRandomDataPositive]
01:41:38.218 [Test worker] INFO  allcom.tests.TestBase -- PASSED: [loginUserWithValidRandomDataPositive], with Parameters: []
01:41:38.219 [Test worker] INFO  allcom.tests.TestBase -- Start test: [loginUserWithValidRandomDataPositive]
01:41:38.711 [Test worker] INFO  allcom.tests.TestBase -- PASSED: [loginUserWithValidRandomDataPositive], with Parameters: []
01:41:38.712 [Test worker] INFO  allcom.tests.TestBase -- Start test: [loginUserWithValidRandomDataPositive]
01:41:39.193 [Test worker] INFO  allcom.tests.TestBase -- PASSED: [loginUserWithValidRandomDataPositive], with Parameters: []
01:41:39.194 [Test worker] INFO  allcom.tests.TestBase -- Start test: [loginUserWithValidRandomDataPositive]
01:41:39.673 [Test worker] INFO  allcom.tests.TestBase -- PASSED: [loginUserWithValidRandomDataPositive], with Parameters: []
01:41:39.674 [Test worker] INFO  allcom.tests.TestBase -- Start test: [loginUserWithValidRandomDataPositive]
01:41:40.142 [Test worker] INFO  allcom.tests.TestBase -- PASSED: [loginUserWithValidRandomDataPositive], with Parameters: []
01:41:40.143 [Test worker] INFO  allcom.tests.TestBase -- Start test: [loginUserWithValidRandomDataPositive]
01:41:40.611 [Test worker] INFO  allcom.tests.TestBase -- PASSED: [loginUserWithValidRandomDataPositive], with Parameters: []
01:41:40.612 [Test worker] INFO  allcom.tests.TestBase -- Start test: [loginUserWithValidRandomDataPositive]
01:41:41.071 [Test worker] INFO  allcom.tests.TestBase -- PASSED: [loginUserWithValidRandomDataPositive], with Parameters: []
01:41:41.072 [Test worker] INFO  allcom.tests.TestBase -- Start test: [loginUserWithValidRandomDataPositive]
01:41:41.597 [Test worker] INFO  allcom.tests.TestBase -- PASSED: [loginUserWithValidRandomDataPositive], with Parameters: []
01:41:41.598 [Test worker] INFO  allcom.tests.TestBase -- Start test: [loginUserWithValidRandomDataPositive]
01:41:42.111 [Test worker] INFO  allcom.tests.TestBase -- PASSED: [loginUserWithValidRandomDataPositive], with Parameters: []
01:41:42.112 [Test worker] INFO  allcom.tests.TestBase -- Start test: [loginUserWithValidRandomDataPositive]
01:41:42.566 [Test worker] INFO  allcom.tests.TestBase -- PASSED: [loginUserWithValidRandomDataPositive], with Parameters: []
01:41:42.567 [Test worker] INFO  allcom.tests.TestBase -- Start test: [loginUserWithValidRandomDataPositive]
01:41:43.048 [Test worker] INFO  allcom.tests.TestBase -- PASSED: [loginUserWithValidRandomDataPositive], with Parameters: []
01:41:43.048 [Test worker] INFO  allcom.tests.TestBase -- Start test: [loginUserWithValidRandomDataPositive]
01:41:43.539 [Test worker] INFO  allcom.tests.TestBase -- PASSED: [loginUserWithValidRandomDataPositive], with Parameters: []
]]></system-out>
  <system-err><![CDATA[]]></system-err>
</testsuite>
