<?xml version="1.0" encoding="UTF-8"?>
<testsuite name="allcom.tests.registration.RegisterPagePositiveTests" tests="30" skipped="0" failures="0" errors="0" timestamp="2024-01-31T13:07:29" hostname="PORTISHEAD-PC" time="70.193">
  <properties/>
  <testcase name="registerNewFirmaWithValidRandomDataPositive" classname="allcom.tests.registration.RegisterPagePositiveTests" time="2.561"/>
  <testcase name="registerNewFirmaWithValidRandomDataPositive" classname="allcom.tests.registration.RegisterPagePositiveTests" time="2.749"/>
  <testcase name="registerNewFirmaWithValidRandomDataPositive" classname="allcom.tests.registration.RegisterPagePositiveTests" time="2.171"/>
  <testcase name="registerNewFirmaWithValidRandomDataPositive" classname="allcom.tests.registration.RegisterPagePositiveTests" time="2.355"/>
  <testcase name="registerNewFirmaWithValidRandomDataPositive" classname="allcom.tests.registration.RegisterPagePositiveTests" time="2.255"/>
  <testcase name="registerNewFirmaWithValidRandomDataPositive" classname="allcom.tests.registration.RegisterPagePositiveTests" time="2.127"/>
  <testcase name="registerNewFirmaWithValidRandomDataPositive" classname="allcom.tests.registration.RegisterPagePositiveTests" time="2.327"/>
  <testcase name="registerNewFirmaWithValidRandomDataPositive" classname="allcom.tests.registration.RegisterPagePositiveTests" time="2.137"/>
  <testcase name="registerNewFirmaWithValidRandomDataPositive" classname="allcom.tests.registration.RegisterPagePositiveTests" time="2.227"/>
  <testcase name="registerNewFirmaWithValidRandomDataPositive" classname="allcom.tests.registration.RegisterPagePositiveTests" time="2.205"/>
  <testcase name="registerNewFirmaWithValidRandomDataPositive" classname="allcom.tests.registration.RegisterPagePositiveTests" time="2.274"/>
  <testcase name="registerNewFirmaWithValidRandomDataPositive" classname="allcom.tests.registration.RegisterPagePositiveTests" time="2.172"/>
  <testcase name="registerNewFirmaWithValidRandomDataPositive" classname="allcom.tests.registration.RegisterPagePositiveTests" time="2.194"/>
  <testcase name="registerNewFirmaWithValidRandomDataPositive" classname="allcom.tests.registration.RegisterPagePositiveTests" time="2.177"/>
  <testcase name="registerNewFirmaWithValidRandomDataPositive" classname="allcom.tests.registration.RegisterPagePositiveTests" time="2.371"/>
  <testcase name="registerNewFirmaWithValidRandomDataPositive" classname="allcom.tests.registration.RegisterPagePositiveTests" time="2.265"/>
  <testcase name="registerNewFirmaWithValidRandomDataPositive" classname="allcom.tests.registration.RegisterPagePositiveTests" time="2.232"/>
  <testcase name="registerNewFirmaWithValidRandomDataPositive" classname="allcom.tests.registration.RegisterPagePositiveTests" time="2.17"/>
  <testcase name="registerNewFirmaWithValidRandomDataPositive" classname="allcom.tests.registration.RegisterPagePositiveTests" time="2.121"/>
  <testcase name="registerNewFirmaWithValidRandomDataPositive" classname="allcom.tests.registration.RegisterPagePositiveTests" time="2.097"/>
  <testcase name="registerNewFirmaWithValidRandomDataPositive" classname="allcom.tests.registration.RegisterPagePositiveTests" time="2.121"/>
  <testcase name="registerNewFirmaWithValidRandomDataPositive" classname="allcom.tests.registration.RegisterPagePositiveTests" time="2.104"/>
  <testcase name="registerNewFirmaWithValidRandomDataPositive" classname="allcom.tests.registration.RegisterPagePositiveTests" time="2.038"/>
  <testcase name="registerNewFirmaWithValidRandomDataPositive" classname="allcom.tests.registration.RegisterPagePositiveTests" time="2.148"/>
  <testcase name="registerNewFirmaWithValidRandomDataPositive" classname="allcom.tests.registration.RegisterPagePositiveTests" time="2.096"/>
  <testcase name="registerNewFirmaWithValidRandomDataPositive" classname="allcom.tests.registration.RegisterPagePositiveTests" time="2.128"/>
  <testcase name="registerNewFirmaWithValidRandomDataPositive" classname="allcom.tests.registration.RegisterPagePositiveTests" time="2.005"/>
  <testcase name="registerNewFirmaWithValidRandomDataPositive" classname="allcom.tests.registration.RegisterPagePositiveTests" time="2.116"/>
  <testcase name="registerNewFirmaWithValidRandomDataPositive" classname="allcom.tests.registration.RegisterPagePositiveTests" time="2.45"/>
  <testcase name="registerNewFirmaWithValidRandomDataPositive" classname="allcom.tests.registration.RegisterPagePositiveTests" time="2.142"/>
  <system-out><![CDATA[14:07:29.402 [Test worker] INFO  allcom.tests.TestBase -- Start test: [registerNewFirmaWithValidRandomDataPositive]
14:07:32.415 [Test worker] INFO  allcom.tests.TestBase -- PASSED: [registerNewFirmaWithValidRandomDataPositive], with Parameters: []
14:07:32.416 [Test worker] INFO  allcom.tests.TestBase -- Start test: [registerNewFirmaWithValidRandomDataPositive]
14:07:35.297 [Test worker] INFO  allcom.tests.TestBase -- PASSED: [registerNewFirmaWithValidRandomDataPositive], with Parameters: []
14:07:35.297 [Test worker] INFO  allcom.tests.TestBase -- Start test: [registerNewFirmaWithValidRandomDataPositive]
14:07:37.583 [Test worker] INFO  allcom.tests.TestBase -- PASSED: [registerNewFirmaWithValidRandomDataPositive], with Parameters: []
14:07:37.584 [Test worker] INFO  allcom.tests.TestBase -- Start test: [registerNewFirmaWithValidRandomDataPositive]
14:07:40.068 [Test worker] INFO  allcom.tests.TestBase -- PASSED: [registerNewFirmaWithValidRandomDataPositive], with Parameters: []
14:07:40.069 [Test worker] INFO  allcom.tests.TestBase -- Start test: [registerNewFirmaWithValidRandomDataPositive]
14:07:42.456 [Test worker] INFO  allcom.tests.TestBase -- PASSED: [registerNewFirmaWithValidRandomDataPositive], with Parameters: []
14:07:42.457 [Test worker] INFO  allcom.tests.TestBase -- Start test: [registerNewFirmaWithValidRandomDataPositive]
14:07:44.711 [Test worker] INFO  allcom.tests.TestBase -- PASSED: [registerNewFirmaWithValidRandomDataPositive], with Parameters: []
14:07:44.712 [Test worker] INFO  allcom.tests.TestBase -- Start test: [registerNewFirmaWithValidRandomDataPositive]
14:07:47.154 [Test worker] INFO  allcom.tests.TestBase -- PASSED: [registerNewFirmaWithValidRandomDataPositive], with Parameters: []
14:07:47.155 [Test worker] INFO  allcom.tests.TestBase -- Start test: [registerNewFirmaWithValidRandomDataPositive]
14:07:49.414 [Test worker] INFO  allcom.tests.TestBase -- PASSED: [registerNewFirmaWithValidRandomDataPositive], with Parameters: []
14:07:49.415 [Test worker] INFO  allcom.tests.TestBase -- Start test: [registerNewFirmaWithValidRandomDataPositive]
14:07:51.765 [Test worker] INFO  allcom.tests.TestBase -- PASSED: [registerNewFirmaWithValidRandomDataPositive], with Parameters: []
14:07:51.766 [Test worker] INFO  allcom.tests.TestBase -- Start test: [registerNewFirmaWithValidRandomDataPositive]
14:07:54.101 [Test worker] INFO  allcom.tests.TestBase -- PASSED: [registerNewFirmaWithValidRandomDataPositive], with Parameters: []
14:07:54.102 [Test worker] INFO  allcom.tests.TestBase -- Start test: [registerNewFirmaWithValidRandomDataPositive]
14:07:56.500 [Test worker] INFO  allcom.tests.TestBase -- PASSED: [registerNewFirmaWithValidRandomDataPositive], with Parameters: []
14:07:56.500 [Test worker] INFO  allcom.tests.TestBase -- Start test: [registerNewFirmaWithValidRandomDataPositive]
14:07:58.796 [Test worker] INFO  allcom.tests.TestBase -- PASSED: [registerNewFirmaWithValidRandomDataPositive], with Parameters: []
14:07:58.797 [Test worker] INFO  allcom.tests.TestBase -- Start test: [registerNewFirmaWithValidRandomDataPositive]
14:08:01.150 [Test worker] INFO  allcom.tests.TestBase -- PASSED: [registerNewFirmaWithValidRandomDataPositive], with Parameters: []
14:08:01.151 [Test worker] INFO  allcom.tests.TestBase -- Start test: [registerNewFirmaWithValidRandomDataPositive]
14:08:03.451 [Test worker] INFO  allcom.tests.TestBase -- PASSED: [registerNewFirmaWithValidRandomDataPositive], with Parameters: []
14:08:03.451 [Test worker] INFO  allcom.tests.TestBase -- Start test: [registerNewFirmaWithValidRandomDataPositive]
14:08:05.951 [Test worker] INFO  allcom.tests.TestBase -- PASSED: [registerNewFirmaWithValidRandomDataPositive], with Parameters: []
14:08:05.951 [Test worker] INFO  allcom.tests.TestBase -- Start test: [registerNewFirmaWithValidRandomDataPositive]
14:08:08.340 [Test worker] INFO  allcom.tests.TestBase -- PASSED: [registerNewFirmaWithValidRandomDataPositive], with Parameters: []
14:08:08.341 [Test worker] INFO  allcom.tests.TestBase -- Start test: [registerNewFirmaWithValidRandomDataPositive]
14:08:10.694 [Test worker] INFO  allcom.tests.TestBase -- PASSED: [registerNewFirmaWithValidRandomDataPositive], with Parameters: []
14:08:10.694 [Test worker] INFO  allcom.tests.TestBase -- Start test: [registerNewFirmaWithValidRandomDataPositive]
14:08:12.988 [Test worker] INFO  allcom.tests.TestBase -- PASSED: [registerNewFirmaWithValidRandomDataPositive], with Parameters: []
14:08:12.989 [Test worker] INFO  allcom.tests.TestBase -- Start test: [registerNewFirmaWithValidRandomDataPositive]
14:08:15.232 [Test worker] INFO  allcom.tests.TestBase -- PASSED: [registerNewFirmaWithValidRandomDataPositive], with Parameters: []
14:08:15.232 [Test worker] INFO  allcom.tests.TestBase -- Start test: [registerNewFirmaWithValidRandomDataPositive]
14:08:17.474 [Test worker] INFO  allcom.tests.TestBase -- PASSED: [registerNewFirmaWithValidRandomDataPositive], with Parameters: []
14:08:17.475 [Test worker] INFO  allcom.tests.TestBase -- Start test: [registerNewFirmaWithValidRandomDataPositive]
14:08:19.717 [Test worker] INFO  allcom.tests.TestBase -- PASSED: [registerNewFirmaWithValidRandomDataPositive], with Parameters: []
14:08:19.718 [Test worker] INFO  allcom.tests.TestBase -- Start test: [registerNewFirmaWithValidRandomDataPositive]
14:08:21.944 [Test worker] INFO  allcom.tests.TestBase -- PASSED: [registerNewFirmaWithValidRandomDataPositive], with Parameters: []
14:08:21.945 [Test worker] INFO  allcom.tests.TestBase -- Start test: [registerNewFirmaWithValidRandomDataPositive]
14:08:24.104 [Test worker] INFO  allcom.tests.TestBase -- PASSED: [registerNewFirmaWithValidRandomDataPositive], with Parameters: []
14:08:24.105 [Test worker] INFO  allcom.tests.TestBase -- Start test: [registerNewFirmaWithValidRandomDataPositive]
14:08:26.370 [Test worker] INFO  allcom.tests.TestBase -- PASSED: [registerNewFirmaWithValidRandomDataPositive], with Parameters: []
14:08:26.371 [Test worker] INFO  allcom.tests.TestBase -- Start test: [registerNewFirmaWithValidRandomDataPositive]
14:08:28.589 [Test worker] INFO  allcom.tests.TestBase -- PASSED: [registerNewFirmaWithValidRandomDataPositive], with Parameters: []
14:08:28.589 [Test worker] INFO  allcom.tests.TestBase -- Start test: [registerNewFirmaWithValidRandomDataPositive]
14:08:30.839 [Test worker] INFO  allcom.tests.TestBase -- PASSED: [registerNewFirmaWithValidRandomDataPositive], with Parameters: []
14:08:30.840 [Test worker] INFO  allcom.tests.TestBase -- Start test: [registerNewFirmaWithValidRandomDataPositive]
14:08:32.966 [Test worker] INFO  allcom.tests.TestBase -- PASSED: [registerNewFirmaWithValidRandomDataPositive], with Parameters: []
14:08:32.967 [Test worker] INFO  allcom.tests.TestBase -- Start test: [registerNewFirmaWithValidRandomDataPositive]
14:08:35.209 [Test worker] INFO  allcom.tests.TestBase -- PASSED: [registerNewFirmaWithValidRandomDataPositive], with Parameters: []
14:08:35.210 [Test worker] INFO  allcom.tests.TestBase -- Start test: [registerNewFirmaWithValidRandomDataPositive]
14:08:37.780 [Test worker] INFO  allcom.tests.TestBase -- PASSED: [registerNewFirmaWithValidRandomDataPositive], with Parameters: []
14:08:37.781 [Test worker] INFO  allcom.tests.TestBase -- Start test: [registerNewFirmaWithValidRandomDataPositive]
14:08:40.045 [Test worker] INFO  allcom.tests.TestBase -- PASSED: [registerNewFirmaWithValidRandomDataPositive], with Parameters: []
]]></system-out>
  <system-err><![CDATA[]]></system-err>
</testsuite>
