<?xml version="1.0" encoding="UTF-8"?>
<testsuite name="allcom.tests.registration.RegisterPagePositiveTests" tests="30" skipped="0" failures="0" errors="0" timestamp="2024-01-31T08:53:14" hostname="PORTISHEAD-PC" time="67.87">
  <properties/>
  <testcase name="registerNewFirmaWithValidRandomDataPositive" classname="allcom.tests.registration.RegisterPagePositiveTests" time="2.378"/>
  <testcase name="registerNewFirmaWithValidRandomDataPositive" classname="allcom.tests.registration.RegisterPagePositiveTests" time="2.228"/>
  <testcase name="registerNewFirmaWithValidRandomDataPositive" classname="allcom.tests.registration.RegisterPagePositiveTests" time="2.128"/>
  <testcase name="registerNewFirmaWithValidRandomDataPositive" classname="allcom.tests.registration.RegisterPagePositiveTests" time="2.167"/>
  <testcase name="registerNewFirmaWithValidRandomDataPositive" classname="allcom.tests.registration.RegisterPagePositiveTests" time="2.069"/>
  <testcase name="registerNewFirmaWithValidRandomDataPositive" classname="allcom.tests.registration.RegisterPagePositiveTests" time="2.133"/>
  <testcase name="registerNewFirmaWithValidRandomDataPositive" classname="allcom.tests.registration.RegisterPagePositiveTests" time="2.255"/>
  <testcase name="registerNewFirmaWithValidRandomDataPositive" classname="allcom.tests.registration.RegisterPagePositiveTests" time="2.525"/>
  <testcase name="registerNewFirmaWithValidRandomDataPositive" classname="allcom.tests.registration.RegisterPagePositiveTests" time="2.215"/>
  <testcase name="registerNewFirmaWithValidRandomDataPositive" classname="allcom.tests.registration.RegisterPagePositiveTests" time="2.026"/>
  <testcase name="registerNewFirmaWithValidRandomDataPositive" classname="allcom.tests.registration.RegisterPagePositiveTests" time="2.173"/>
  <testcase name="registerNewFirmaWithValidRandomDataPositive" classname="allcom.tests.registration.RegisterPagePositiveTests" time="2.142"/>
  <testcase name="registerNewFirmaWithValidRandomDataPositive" classname="allcom.tests.registration.RegisterPagePositiveTests" time="1.985"/>
  <testcase name="registerNewFirmaWithValidRandomDataPositive" classname="allcom.tests.registration.RegisterPagePositiveTests" time="2.186"/>
  <testcase name="registerNewFirmaWithValidRandomDataPositive" classname="allcom.tests.registration.RegisterPagePositiveTests" time="2.067"/>
  <testcase name="registerNewFirmaWithValidRandomDataPositive" classname="allcom.tests.registration.RegisterPagePositiveTests" time="2.132"/>
  <testcase name="registerNewFirmaWithValidRandomDataPositive" classname="allcom.tests.registration.RegisterPagePositiveTests" time="1.996"/>
  <testcase name="registerNewFirmaWithValidRandomDataPositive" classname="allcom.tests.registration.RegisterPagePositiveTests" time="2.107"/>
  <testcase name="registerNewFirmaWithValidRandomDataPositive" classname="allcom.tests.registration.RegisterPagePositiveTests" time="2.102"/>
  <testcase name="registerNewFirmaWithValidRandomDataPositive" classname="allcom.tests.registration.RegisterPagePositiveTests" time="2.1"/>
  <testcase name="registerNewFirmaWithValidRandomDataPositive" classname="allcom.tests.registration.RegisterPagePositiveTests" time="2.087"/>
  <testcase name="registerNewFirmaWithValidRandomDataPositive" classname="allcom.tests.registration.RegisterPagePositiveTests" time="2.361"/>
  <testcase name="registerNewFirmaWithValidRandomDataPositive" classname="allcom.tests.registration.RegisterPagePositiveTests" time="2.146"/>
  <testcase name="registerNewFirmaWithValidRandomDataPositive" classname="allcom.tests.registration.RegisterPagePositiveTests" time="2.092"/>
  <testcase name="registerNewFirmaWithValidRandomDataPositive" classname="allcom.tests.registration.RegisterPagePositiveTests" time="2.192"/>
  <testcase name="registerNewFirmaWithValidRandomDataPositive" classname="allcom.tests.registration.RegisterPagePositiveTests" time="2.056"/>
  <testcase name="registerNewFirmaWithValidRandomDataPositive" classname="allcom.tests.registration.RegisterPagePositiveTests" time="1.909"/>
  <testcase name="registerNewFirmaWithValidRandomDataPositive" classname="allcom.tests.registration.RegisterPagePositiveTests" time="1.983"/>
  <testcase name="registerNewFirmaWithValidRandomDataPositive" classname="allcom.tests.registration.RegisterPagePositiveTests" time="2.005"/>
  <testcase name="registerNewFirmaWithValidRandomDataPositive" classname="allcom.tests.registration.RegisterPagePositiveTests" time="1.995"/>
  <system-out><![CDATA[09:53:14.757 [Test worker] INFO  allcom.tests.TestBase -- Start test: [registerNewFirmaWithValidRandomDataPositive]
09:53:17.304 [Test worker] INFO  allcom.tests.TestBase -- PASSED: [registerNewFirmaWithValidRandomDataPositive], with Parameters: []
09:53:17.305 [Test worker] INFO  allcom.tests.TestBase -- Start test: [registerNewFirmaWithValidRandomDataPositive]
09:53:19.670 [Test worker] INFO  allcom.tests.TestBase -- PASSED: [registerNewFirmaWithValidRandomDataPositive], with Parameters: []
09:53:19.671 [Test worker] INFO  allcom.tests.TestBase -- Start test: [registerNewFirmaWithValidRandomDataPositive]
09:53:21.950 [Test worker] INFO  allcom.tests.TestBase -- PASSED: [registerNewFirmaWithValidRandomDataPositive], with Parameters: []
09:53:21.951 [Test worker] INFO  allcom.tests.TestBase -- Start test: [registerNewFirmaWithValidRandomDataPositive]
09:53:24.257 [Test worker] INFO  allcom.tests.TestBase -- PASSED: [registerNewFirmaWithValidRandomDataPositive], with Parameters: []
09:53:24.258 [Test worker] INFO  allcom.tests.TestBase -- Start test: [registerNewFirmaWithValidRandomDataPositive]
09:53:26.455 [Test worker] INFO  allcom.tests.TestBase -- PASSED: [registerNewFirmaWithValidRandomDataPositive], with Parameters: []
09:53:26.456 [Test worker] INFO  allcom.tests.TestBase -- Start test: [registerNewFirmaWithValidRandomDataPositive]
09:53:28.710 [Test worker] INFO  allcom.tests.TestBase -- PASSED: [registerNewFirmaWithValidRandomDataPositive], with Parameters: []
09:53:28.711 [Test worker] INFO  allcom.tests.TestBase -- Start test: [registerNewFirmaWithValidRandomDataPositive]
09:53:31.096 [Test worker] INFO  allcom.tests.TestBase -- PASSED: [registerNewFirmaWithValidRandomDataPositive], with Parameters: []
09:53:31.097 [Test worker] INFO  allcom.tests.TestBase -- Start test: [registerNewFirmaWithValidRandomDataPositive]
09:53:33.766 [Test worker] INFO  allcom.tests.TestBase -- PASSED: [registerNewFirmaWithValidRandomDataPositive], with Parameters: []
09:53:33.767 [Test worker] INFO  allcom.tests.TestBase -- Start test: [registerNewFirmaWithValidRandomDataPositive]
09:53:36.183 [Test worker] INFO  allcom.tests.TestBase -- PASSED: [registerNewFirmaWithValidRandomDataPositive], with Parameters: []
09:53:36.184 [Test worker] INFO  allcom.tests.TestBase -- Start test: [registerNewFirmaWithValidRandomDataPositive]
09:53:38.352 [Test worker] INFO  allcom.tests.TestBase -- PASSED: [registerNewFirmaWithValidRandomDataPositive], with Parameters: []
09:53:38.353 [Test worker] INFO  allcom.tests.TestBase -- Start test: [registerNewFirmaWithValidRandomDataPositive]
09:53:40.646 [Test worker] INFO  allcom.tests.TestBase -- PASSED: [registerNewFirmaWithValidRandomDataPositive], with Parameters: []
09:53:40.647 [Test worker] INFO  allcom.tests.TestBase -- Start test: [registerNewFirmaWithValidRandomDataPositive]
09:53:42.918 [Test worker] INFO  allcom.tests.TestBase -- PASSED: [registerNewFirmaWithValidRandomDataPositive], with Parameters: []
09:53:42.919 [Test worker] INFO  allcom.tests.TestBase -- Start test: [registerNewFirmaWithValidRandomDataPositive]
09:53:45.037 [Test worker] INFO  allcom.tests.TestBase -- PASSED: [registerNewFirmaWithValidRandomDataPositive], with Parameters: []
09:53:45.038 [Test worker] INFO  allcom.tests.TestBase -- Start test: [registerNewFirmaWithValidRandomDataPositive]
09:53:47.377 [Test worker] INFO  allcom.tests.TestBase -- PASSED: [registerNewFirmaWithValidRandomDataPositive], with Parameters: []
09:53:47.378 [Test worker] INFO  allcom.tests.TestBase -- Start test: [registerNewFirmaWithValidRandomDataPositive]
09:53:49.573 [Test worker] INFO  allcom.tests.TestBase -- PASSED: [registerNewFirmaWithValidRandomDataPositive], with Parameters: []
09:53:49.574 [Test worker] INFO  allcom.tests.TestBase -- Start test: [registerNewFirmaWithValidRandomDataPositive]
09:53:51.865 [Test worker] INFO  allcom.tests.TestBase -- PASSED: [registerNewFirmaWithValidRandomDataPositive], with Parameters: []
09:53:51.866 [Test worker] INFO  allcom.tests.TestBase -- Start test: [registerNewFirmaWithValidRandomDataPositive]
09:53:53.982 [Test worker] INFO  allcom.tests.TestBase -- PASSED: [registerNewFirmaWithValidRandomDataPositive], with Parameters: []
09:53:53.982 [Test worker] INFO  allcom.tests.TestBase -- Start test: [registerNewFirmaWithValidRandomDataPositive]
09:53:56.229 [Test worker] INFO  allcom.tests.TestBase -- PASSED: [registerNewFirmaWithValidRandomDataPositive], with Parameters: []
09:53:56.231 [Test worker] INFO  allcom.tests.TestBase -- Start test: [registerNewFirmaWithValidRandomDataPositive]
09:53:58.471 [Test worker] INFO  allcom.tests.TestBase -- PASSED: [registerNewFirmaWithValidRandomDataPositive], with Parameters: []
09:53:58.472 [Test worker] INFO  allcom.tests.TestBase -- Start test: [registerNewFirmaWithValidRandomDataPositive]
09:54:00.688 [Test worker] INFO  allcom.tests.TestBase -- PASSED: [registerNewFirmaWithValidRandomDataPositive], with Parameters: []
09:54:00.689 [Test worker] INFO  allcom.tests.TestBase -- Start test: [registerNewFirmaWithValidRandomDataPositive]
09:54:02.909 [Test worker] INFO  allcom.tests.TestBase -- PASSED: [registerNewFirmaWithValidRandomDataPositive], with Parameters: []
09:54:02.910 [Test worker] INFO  allcom.tests.TestBase -- Start test: [registerNewFirmaWithValidRandomDataPositive]
09:54:05.403 [Test worker] INFO  allcom.tests.TestBase -- PASSED: [registerNewFirmaWithValidRandomDataPositive], with Parameters: []
09:54:05.404 [Test worker] INFO  allcom.tests.TestBase -- Start test: [registerNewFirmaWithValidRandomDataPositive]
09:54:07.674 [Test worker] INFO  allcom.tests.TestBase -- PASSED: [registerNewFirmaWithValidRandomDataPositive], with Parameters: []
09:54:07.675 [Test worker] INFO  allcom.tests.TestBase -- Start test: [registerNewFirmaWithValidRandomDataPositive]
09:54:09.899 [Test worker] INFO  allcom.tests.TestBase -- PASSED: [registerNewFirmaWithValidRandomDataPositive], with Parameters: []
09:54:09.900 [Test worker] INFO  allcom.tests.TestBase -- Start test: [registerNewFirmaWithValidRandomDataPositive]
09:54:12.227 [Test worker] INFO  allcom.tests.TestBase -- PASSED: [registerNewFirmaWithValidRandomDataPositive], with Parameters: []
09:54:12.228 [Test worker] INFO  allcom.tests.TestBase -- Start test: [registerNewFirmaWithValidRandomDataPositive]
09:54:14.414 [Test worker] INFO  allcom.tests.TestBase -- PASSED: [registerNewFirmaWithValidRandomDataPositive], with Parameters: []
09:54:14.415 [Test worker] INFO  allcom.tests.TestBase -- Start test: [registerNewFirmaWithValidRandomDataPositive]
09:54:16.443 [Test worker] INFO  allcom.tests.TestBase -- PASSED: [registerNewFirmaWithValidRandomDataPositive], with Parameters: []
09:54:16.444 [Test worker] INFO  allcom.tests.TestBase -- Start test: [registerNewFirmaWithValidRandomDataPositive]
09:54:18.549 [Test worker] INFO  allcom.tests.TestBase -- PASSED: [registerNewFirmaWithValidRandomDataPositive], with Parameters: []
09:54:18.550 [Test worker] INFO  allcom.tests.TestBase -- Start test: [registerNewFirmaWithValidRandomDataPositive]
09:54:20.682 [Test worker] INFO  allcom.tests.TestBase -- PASSED: [registerNewFirmaWithValidRandomDataPositive], with Parameters: []
09:54:20.683 [Test worker] INFO  allcom.tests.TestBase -- Start test: [registerNewFirmaWithValidRandomDataPositive]
09:54:22.795 [Test worker] INFO  allcom.tests.TestBase -- PASSED: [registerNewFirmaWithValidRandomDataPositive], with Parameters: []
]]></system-out>
  <system-err><![CDATA[]]></system-err>
</testsuite>
