<?xml version="1.0" encoding="UTF-8"?>
<testsuite name="allcom_selenium.passwordReset.CreateNewPasswordPageTests" tests="42" skipped="0" failures="0" errors="0" timestamp="2024-06-18T21:21:18" hostname="PORTISHEAD-PC" time="51.5">
  <properties/>
  <testcase name="isCreateNewPasswordButtonPresent" classname="allcom_selenium.passwordReset.CreateNewPasswordPageTests" time="0.175"/>
  <testcase name="isPasswordResetNotSuccessInvalidDataWithValidationCheck" classname="allcom_selenium.passwordReset.CreateNewPasswordPageTests" time="0.552"/>
  <testcase name="isPasswordResetNotSuccessInvalidDataWoValidationCheck" classname="allcom_selenium.passwordReset.CreateNewPasswordPageTests" time="0.743"/>
  <testcase name="isPasswordResetNotSuccessInvalidDataWoValidationCheckWoTimer" classname="allcom_selenium.passwordReset.CreateNewPasswordPageTests" time="0.709"/>
  <testcase name="isPasswordResetSuccessValidDataWithValidationCheck" classname="allcom_selenium.passwordReset.CreateNewPasswordPageTests" time="0.71"/>
  <testcase name="isPasswordResetSuccessValidDataWoValidationCheck" classname="allcom_selenium.passwordReset.CreateNewPasswordPageTests" time="0.605"/>
  <testcase name="validateComparePasswordsEqualityNegative" classname="allcom_selenium.passwordReset.CreateNewPasswordPageTests" time="0.002"/>
  <testcase name="validateComparePasswordsEqualityPositive" classname="allcom_selenium.passwordReset.CreateNewPasswordPageTests" time="0.473"/>
  <testcase name="validatePasswordConfirmWithIncorrectData[0](﻿Tes123)" classname="allcom_selenium.passwordReset.CreateNewPasswordPageTests" time="0.29"/>
  <testcase name="validatePasswordConfirmWithIncorrectData[1](Tes1234)" classname="allcom_selenium.passwordReset.CreateNewPasswordPageTests" time="0.238"/>
  <testcase name="validatePasswordConfirmWithIncorrectData[2](Test1234555555555555555555555555555555555555555555555555555555555555555555555555555555555555)" classname="allcom_selenium.passwordReset.CreateNewPasswordPageTests" time="0.462"/>
  <testcase name="validatePasswordConfirmWithIncorrectData[3](1)" classname="allcom_selenium.passwordReset.CreateNewPasswordPageTests" time="0.221"/>
  <testcase name="validatePasswordConfirmWithIncorrectData[4](*&amp;^(*&amp;%$##@)" classname="allcom_selenium.passwordReset.CreateNewPasswordPageTests" time="0.241"/>
  <testcase name="validatePasswordConfirmWithIncorrectData[5](Qwertyuiop@1ы)" classname="allcom_selenium.passwordReset.CreateNewPasswordPageTests" time="0.298"/>
  <testcase name="validatePasswordConfirmWithIncorrectData[6](ФЫВААПкгущуцз)" classname="allcom_selenium.passwordReset.CreateNewPasswordPageTests" time="0.244"/>
  <testcase name="validatePasswordConfirmWithIncorrectData[7](Test 12345!)" classname="allcom_selenium.passwordReset.CreateNewPasswordPageTests" time="0.244"/>
  <testcase name="validatePasswordConfirmWithIncorrectData[8](SELECT* FROM)" classname="allcom_selenium.passwordReset.CreateNewPasswordPageTests" time="0.259"/>
  <testcase name="validatePasswordConfirmWithIncorrectData[9](www.gmail.com)" classname="allcom_selenium.passwordReset.CreateNewPasswordPageTests" time="0.263"/>
  <testcase name="validatePasswordConfirmWithIncorrectData[10]()" classname="allcom_selenium.passwordReset.CreateNewPasswordPageTests" time="0.198"/>
  <testcase name="validatePasswordConfirmWithIncorrectData[11]( )" classname="allcom_selenium.passwordReset.CreateNewPasswordPageTests" time="0.205"/>
  <testcase name="validatePasswordConfirmWithIncorrectData[12]()" classname="allcom_selenium.passwordReset.CreateNewPasswordPageTests" time="0.262"/>
  <testcase name="validatePasswordConfirmWithIncorrectData[13](0)" classname="allcom_selenium.passwordReset.CreateNewPasswordPageTests" time="0.199"/>
  <testcase name="validatePasswordConfirmWithIncorrectData[14](&lt;input&gt;)" classname="allcom_selenium.passwordReset.CreateNewPasswordPageTests" time="0.238"/>
  <testcase name="validatePasswordConfirmWithIncorrectData[15](&lt;script&gt;&lt;/script&gt;)" classname="allcom_selenium.passwordReset.CreateNewPasswordPageTests" time="0.262"/>
  <testcase name="validatePasswordConfirmWithIncorrectData[16](11111E+12)" classname="allcom_selenium.passwordReset.CreateNewPasswordPageTests" time="0.234"/>
  <testcase name="validatePasswordWithIncorrectData[0](﻿Tes123)" classname="allcom_selenium.passwordReset.CreateNewPasswordPageTests" time="0.227"/>
  <testcase name="validatePasswordWithIncorrectData[1](Tes1234)" classname="allcom_selenium.passwordReset.CreateNewPasswordPageTests" time="0.24"/>
  <testcase name="validatePasswordWithIncorrectData[2](Test1234555555555555555555555555555555555555555555555555555555555555555555555555555555555555)" classname="allcom_selenium.passwordReset.CreateNewPasswordPageTests" time="0.411"/>
  <testcase name="validatePasswordWithIncorrectData[3](1)" classname="allcom_selenium.passwordReset.CreateNewPasswordPageTests" time="0.201"/>
  <testcase name="validatePasswordWithIncorrectData[4](*&amp;^(*&amp;%$##@)" classname="allcom_selenium.passwordReset.CreateNewPasswordPageTests" time="0.229"/>
  <testcase name="validatePasswordWithIncorrectData[5](Qwertyuiop@1ы)" classname="allcom_selenium.passwordReset.CreateNewPasswordPageTests" time="0.255"/>
  <testcase name="validatePasswordWithIncorrectData[6](ФЫВААПкгущуцз)" classname="allcom_selenium.passwordReset.CreateNewPasswordPageTests" time="0.224"/>
  <testcase name="validatePasswordWithIncorrectData[7](Test 12345!)" classname="allcom_selenium.passwordReset.CreateNewPasswordPageTests" time="0.256"/>
  <testcase name="validatePasswordWithIncorrectData[8](SELECT* FROM)" classname="allcom_selenium.passwordReset.CreateNewPasswordPageTests" time="0.249"/>
  <testcase name="validatePasswordWithIncorrectData[9](www.gmail.com)" classname="allcom_selenium.passwordReset.CreateNewPasswordPageTests" time="0.263"/>
  <testcase name="validatePasswordWithIncorrectData[10]()" classname="allcom_selenium.passwordReset.CreateNewPasswordPageTests" time="0.198"/>
  <testcase name="validatePasswordWithIncorrectData[11]( )" classname="allcom_selenium.passwordReset.CreateNewPasswordPageTests" time="0.228"/>
  <testcase name="validatePasswordWithIncorrectData[12]()" classname="allcom_selenium.passwordReset.CreateNewPasswordPageTests" time="0.195"/>
  <testcase name="validatePasswordWithIncorrectData[13](0)" classname="allcom_selenium.passwordReset.CreateNewPasswordPageTests" time="0.205"/>
  <testcase name="validatePasswordWithIncorrectData[14](&lt;input&gt;)" classname="allcom_selenium.passwordReset.CreateNewPasswordPageTests" time="0.24"/>
  <testcase name="validatePasswordWithIncorrectData[15](&lt;script&gt;&lt;/script&gt;)" classname="allcom_selenium.passwordReset.CreateNewPasswordPageTests" time="0.267"/>
  <testcase name="validatePasswordWithIncorrectData[16](11111E+12)" classname="allcom_selenium.passwordReset.CreateNewPasswordPageTests" time="0.223"/>
  <system-out><![CDATA[23:21:17.208 [Test worker] INFO  allcom_selenium.TestBaseSE -- STARTED: [isCreateNewPasswordButtonPresent]
23:21:18.379 [Test worker] INFO  allcom_selenium.pages.BasePage -- Waiting for URL to be [http://allcom.itvm.com.ua:5173/restore_password_new], Time taken: [5] milliseconds, Attempts: [2]
23:21:18.570 [Test worker] INFO  allcom_selenium.TestBaseSE -- PASSED: [isCreateNewPasswordButtonPresent], with VALUES: []
23:21:18.573 [Test worker] INFO  allcom_selenium.TestBaseSE -- STARTED: [isPasswordResetNotSuccessInvalidDataWithValidationCheck]
23:21:19.531 [Test worker] INFO  allcom_selenium.pages.BasePage -- Waiting for URL to be [http://allcom.itvm.com.ua:5173/restore_password_new], Time taken: [10] milliseconds, Attempts: [2]
23:21:19.691 [Test worker] INFO  allcom_selenium.pages.BasePage -- Clicked on Element [name: password], Time taken: [73] milliseconds
23:21:19.744 [Test worker] INFO  allcom_selenium.pages.BasePage -- Clear Element [name: password]
23:21:19.825 [Test worker] INFO  allcom_selenium.pages.BasePage -- Type [Qwertyuiop@1] to [name: password]
23:21:19.975 [Test worker] INFO  allcom_selenium.pages.BasePage -- Clicked on Element [name: passwordConfirm], Time taken: [68] milliseconds
23:21:20.013 [Test worker] INFO  allcom_selenium.pages.BasePage -- Clear Element [name: passwordConfirm]
23:21:20.074 [Test worker] INFO  allcom_selenium.pages.BasePage -- Type [Qwertyuiop@2] to [name: passwordConfirm]
23:21:20.092 [Test worker] INFO  allcom_selenium.TestBaseSE -- PASSED: [isPasswordResetNotSuccessInvalidDataWithValidationCheck], with VALUES: []
23:21:20.094 [Test worker] INFO  allcom_selenium.TestBaseSE -- STARTED: [isPasswordResetNotSuccessInvalidDataWoValidationCheck]
23:21:21.030 [Test worker] INFO  allcom_selenium.pages.BasePage -- Waiting for URL to be [http://allcom.itvm.com.ua:5173/restore_password_new], Time taken: [4] milliseconds, Attempts: [2]
23:21:21.199 [Test worker] INFO  allcom_selenium.pages.BasePage -- Clicked on Element [name: password], Time taken: [73] milliseconds
23:21:21.235 [Test worker] INFO  allcom_selenium.pages.BasePage -- Clear Element [name: password]
23:21:21.298 [Test worker] INFO  allcom_selenium.pages.BasePage -- Type [Qwertyuiop@1] to [name: password]
23:21:21.449 [Test worker] INFO  allcom_selenium.pages.BasePage -- Clicked on Element [name: passwordConfirm], Time taken: [69] milliseconds
23:21:21.484 [Test worker] INFO  allcom_selenium.pages.BasePage -- Clear Element [name: passwordConfirm]
23:21:21.541 [Test worker] INFO  allcom_selenium.pages.BasePage -- Type [Qwertyuiop@2] to [name: passwordConfirm]
23:21:21.644 [Test worker] INFO  allcom_selenium.pages.BasePage -- Clicked on Element [xpath: //*[@data-testid='buttonRestore'], Time taken: [38] milliseconds
23:21:21.788 [Test worker] INFO  allcom_selenium.TestBaseSE -- PASSED: [isPasswordResetNotSuccessInvalidDataWoValidationCheck], with VALUES: []
23:21:21.790 [Test worker] INFO  allcom_selenium.TestBaseSE -- STARTED: [isPasswordResetNotSuccessInvalidDataWoValidationCheckWoTimer]
23:21:22.739 [Test worker] INFO  allcom_selenium.pages.BasePage -- Waiting for URL to be [http://allcom.itvm.com.ua:5173/restore_password_new], Time taken: [11] milliseconds, Attempts: [2]
23:21:22.869 [Test worker] INFO  allcom_selenium.pages.BasePage -- Clicked on Element [name: password], Time taken: [59] milliseconds
23:21:22.910 [Test worker] INFO  allcom_selenium.pages.BasePage -- Clear Element [name: password]
23:21:22.968 [Test worker] INFO  allcom_selenium.pages.BasePage -- Type [Qwertyuiop@1] to [name: password]
23:21:23.106 [Test worker] INFO  allcom_selenium.pages.BasePage -- Clicked on Element [name: passwordConfirm], Time taken: [68] milliseconds
23:21:23.144 [Test worker] INFO  allcom_selenium.pages.BasePage -- Clear Element [name: passwordConfirm]
23:21:23.211 [Test worker] INFO  allcom_selenium.pages.BasePage -- Type [Qwertyuiop@2] to [name: passwordConfirm]
23:21:23.325 [Test worker] INFO  allcom_selenium.pages.BasePage -- Clicked on Element [xpath: //*[@data-testid='buttonRestore'], Time taken: [35] milliseconds
23:21:23.456 [Test worker] INFO  allcom_selenium.TestBaseSE -- PASSED: [isPasswordResetNotSuccessInvalidDataWoValidationCheckWoTimer], with VALUES: []
23:21:23.458 [Test worker] INFO  allcom_selenium.TestBaseSE -- STARTED: [isPasswordResetSuccessValidDataWithValidationCheck]
23:21:24.402 [Test worker] INFO  allcom_selenium.pages.BasePage -- Waiting for URL to be [http://allcom.itvm.com.ua:5173/restore_password_new], Time taken: [5] milliseconds, Attempts: [2]
23:21:24.540 [Test worker] INFO  allcom_selenium.pages.BasePage -- Clicked on Element [name: password], Time taken: [65] milliseconds
23:21:24.578 [Test worker] INFO  allcom_selenium.pages.BasePage -- Clear Element [name: password]
23:21:24.642 [Test worker] INFO  allcom_selenium.pages.BasePage -- Type [Qwertyuiop@1] to [name: password]
23:21:24.781 [Test worker] INFO  allcom_selenium.pages.BasePage -- Clicked on Element [name: passwordConfirm], Time taken: [62] milliseconds
23:21:24.816 [Test worker] INFO  allcom_selenium.pages.BasePage -- Clear Element [name: passwordConfirm]
23:21:24.876 [Test worker] INFO  allcom_selenium.pages.BasePage -- Type [Qwertyuiop@1] to [name: passwordConfirm]
23:21:25.098 [Test worker] INFO  allcom_selenium.pages.BasePage -- Clicked on Element [xpath: //*[@data-testid='buttonRestore'], Time taken: [40] milliseconds
23:21:25.118 [Test worker] INFO  allcom_selenium.TestBaseSE -- PASSED: [isPasswordResetSuccessValidDataWithValidationCheck], with VALUES: []
23:21:25.120 [Test worker] INFO  allcom_selenium.TestBaseSE -- STARTED: [isPasswordResetSuccessValidDataWoValidationCheck]
23:21:26.063 [Test worker] INFO  allcom_selenium.pages.BasePage -- Waiting for URL to be [http://allcom.itvm.com.ua:5173/restore_password_new], Time taken: [3] milliseconds, Attempts: [2]
23:21:26.211 [Test worker] INFO  allcom_selenium.pages.BasePage -- Clicked on Element [name: password], Time taken: [78] milliseconds
23:21:26.246 [Test worker] INFO  allcom_selenium.pages.BasePage -- Clear Element [name: password]
23:21:26.310 [Test worker] INFO  allcom_selenium.pages.BasePage -- Type [Qwertyuiop@1] to [name: password]
23:21:26.446 [Test worker] INFO  allcom_selenium.pages.BasePage -- Clicked on Element [name: passwordConfirm], Time taken: [69] milliseconds
23:21:26.494 [Test worker] INFO  allcom_selenium.pages.BasePage -- Clear Element [name: passwordConfirm]
23:21:26.555 [Test worker] INFO  allcom_selenium.pages.BasePage -- Type [Qwertyuiop@1] to [name: passwordConfirm]
23:21:26.655 [Test worker] INFO  allcom_selenium.pages.BasePage -- Clicked on Element [xpath: //*[@data-testid='buttonRestore'], Time taken: [43] milliseconds
23:21:26.673 [Test worker] INFO  allcom_selenium.TestBaseSE -- PASSED: [isPasswordResetSuccessValidDataWoValidationCheck], with VALUES: []
23:21:26.676 [Test worker] INFO  allcom_selenium.TestBaseSE -- STARTED: [validateComparePasswordsEqualityNegative]
23:21:27.628 [Test worker] INFO  allcom_selenium.pages.BasePage -- Waiting for URL to be [http://allcom.itvm.com.ua:5173/restore_password_new], Time taken: [4] milliseconds, Attempts: [2]
23:21:27.635 [Test worker] INFO  allcom_selenium.TestBaseSE -- PASSED: [validateComparePasswordsEqualityNegative], with VALUES: []
23:21:27.638 [Test worker] INFO  allcom_selenium.TestBaseSE -- STARTED: [validateComparePasswordsEqualityPositive]
23:21:28.616 [Test worker] INFO  allcom_selenium.pages.BasePage -- Waiting for URL to be [http://allcom.itvm.com.ua:5173/restore_password_new], Time taken: [3] milliseconds, Attempts: [2]
23:21:28.750 [Test worker] INFO  allcom_selenium.pages.BasePage -- Clicked on Element [name: password], Time taken: [63] milliseconds
23:21:28.788 [Test worker] INFO  allcom_selenium.pages.BasePage -- Clear Element [name: password]
23:21:28.844 [Test worker] INFO  allcom_selenium.pages.BasePage -- Type [Qwertyuiop@1] to [name: password]
23:21:29.001 [Test worker] INFO  allcom_selenium.pages.BasePage -- Clicked on Element [name: passwordConfirm], Time taken: [73] milliseconds
23:21:29.038 [Test worker] INFO  allcom_selenium.pages.BasePage -- Clear Element [name: passwordConfirm]
23:21:29.093 [Test worker] INFO  allcom_selenium.pages.BasePage -- Type [Qwertyuiop@1] to [name: passwordConfirm]
23:21:29.095 [Test worker] INFO  allcom_selenium.TestBaseSE -- PASSED: [validateComparePasswordsEqualityPositive], with VALUES: []
23:21:29.121 [Test worker] INFO  allcom_selenium.TestBaseSE -- STARTED: [validatePasswordConfirmWithIncorrectData]
23:21:30.139 [Test worker] INFO  allcom_selenium.pages.BasePage -- Waiting for URL to be [http://allcom.itvm.com.ua:5173/restore_password_new], Time taken: [3] milliseconds, Attempts: [2]
23:21:30.326 [Test worker] INFO  allcom_selenium.pages.BasePage -- Clicked on Element [name: passwordConfirm], Time taken: [92] milliseconds
23:21:30.373 [Test worker] INFO  allcom_selenium.pages.BasePage -- Clear Element [name: passwordConfirm]
23:21:30.423 [Test worker] INFO  allcom_selenium.pages.BasePage -- Type [﻿Tes123] to [name: passwordConfirm]
23:21:30.440 [Test worker] INFO  allcom_selenium.TestBaseSE -- PASSED: [validatePasswordConfirmWithIncorrectData], with VALUES: [﻿Tes123]
23:21:30.442 [Test worker] INFO  allcom_selenium.TestBaseSE -- STARTED: [validatePasswordConfirmWithIncorrectData]
23:21:31.395 [Test worker] INFO  allcom_selenium.pages.BasePage -- Waiting for URL to be [http://allcom.itvm.com.ua:5173/restore_password_new], Time taken: [9] milliseconds, Attempts: [2]
23:21:31.521 [Test worker] INFO  allcom_selenium.pages.BasePage -- Clicked on Element [name: passwordConfirm], Time taken: [59] milliseconds
23:21:31.567 [Test worker] INFO  allcom_selenium.pages.BasePage -- Clear Element [name: passwordConfirm]
23:21:31.623 [Test worker] INFO  allcom_selenium.pages.BasePage -- Type [Tes1234] to [name: passwordConfirm]
23:21:31.639 [Test worker] INFO  allcom_selenium.TestBaseSE -- PASSED: [validatePasswordConfirmWithIncorrectData], with VALUES: [Tes1234]
23:21:31.640 [Test worker] INFO  allcom_selenium.TestBaseSE -- STARTED: [validatePasswordConfirmWithIncorrectData]
23:21:32.569 [Test worker] INFO  allcom_selenium.pages.BasePage -- Waiting for URL to be [http://allcom.itvm.com.ua:5173/restore_password_new], Time taken: [9] milliseconds, Attempts: [2]
23:21:32.703 [Test worker] INFO  allcom_selenium.pages.BasePage -- Clicked on Element [name: passwordConfirm], Time taken: [62] milliseconds
23:21:32.759 [Test worker] INFO  allcom_selenium.pages.BasePage -- Clear Element [name: passwordConfirm]
23:21:33.017 [Test worker] INFO  allcom_selenium.pages.BasePage -- Type [Test1234555555555555555555555555555555555555555555555555555555555555555555555555555555555555] to [name: passwordConfirm]
23:21:33.038 [Test worker] INFO  allcom_selenium.TestBaseSE -- PASSED: [validatePasswordConfirmWithIncorrectData], with VALUES: [Test1234555555555555555555555555555555555555555555555555555555555555555555555555555555555555]
23:21:33.041 [Test worker] INFO  allcom_selenium.TestBaseSE -- STARTED: [validatePasswordConfirmWithIncorrectData]
23:21:34.013 [Test worker] INFO  allcom_selenium.pages.BasePage -- Waiting for URL to be [http://allcom.itvm.com.ua:5173/restore_password_new], Time taken: [8] milliseconds, Attempts: [2]
23:21:34.155 [Test worker] INFO  allcom_selenium.pages.BasePage -- Clicked on Element [name: passwordConfirm], Time taken: [64] milliseconds
23:21:34.194 [Test worker] INFO  allcom_selenium.pages.BasePage -- Clear Element [name: passwordConfirm]
23:21:34.226 [Test worker] INFO  allcom_selenium.pages.BasePage -- Type [1] to [name: passwordConfirm]
23:21:34.240 [Test worker] INFO  allcom_selenium.TestBaseSE -- PASSED: [validatePasswordConfirmWithIncorrectData], with VALUES: [1]
23:21:34.243 [Test worker] INFO  allcom_selenium.TestBaseSE -- STARTED: [validatePasswordConfirmWithIncorrectData]
23:21:35.172 [Test worker] INFO  allcom_selenium.pages.BasePage -- Waiting for URL to be [http://allcom.itvm.com.ua:5173/restore_password_new], Time taken: [7] milliseconds, Attempts: [2]
23:21:35.309 [Test worker] INFO  allcom_selenium.pages.BasePage -- Clicked on Element [name: passwordConfirm], Time taken: [69] milliseconds
23:21:35.343 [Test worker] INFO  allcom_selenium.pages.BasePage -- Clear Element [name: passwordConfirm]
23:21:35.402 [Test worker] INFO  allcom_selenium.pages.BasePage -- Type [*&^(*&%$##@] to [name: passwordConfirm]
23:21:35.420 [Test worker] INFO  allcom_selenium.TestBaseSE -- PASSED: [validatePasswordConfirmWithIncorrectData], with VALUES: [*&^(*&%$##@]
23:21:35.422 [Test worker] INFO  allcom_selenium.TestBaseSE -- STARTED: [validatePasswordConfirmWithIncorrectData]
23:21:36.324 [Test worker] INFO  allcom_selenium.pages.BasePage -- Waiting for URL to be [http://allcom.itvm.com.ua:5173/restore_password_new], Time taken: [5] milliseconds, Attempts: [2]
23:21:36.468 [Test worker] INFO  allcom_selenium.pages.BasePage -- Clicked on Element [name: passwordConfirm], Time taken: [78] milliseconds
23:21:36.505 [Test worker] INFO  allcom_selenium.pages.BasePage -- Clear Element [name: passwordConfirm]
23:21:36.596 [Test worker] INFO  allcom_selenium.pages.BasePage -- Type [Qwertyuiop@1ы] to [name: passwordConfirm]
23:21:36.629 [Test worker] INFO  allcom_selenium.TestBaseSE -- PASSED: [validatePasswordConfirmWithIncorrectData], with VALUES: [Qwertyuiop@1ы]
23:21:36.631 [Test worker] INFO  allcom_selenium.TestBaseSE -- STARTED: [validatePasswordConfirmWithIncorrectData]
23:21:37.572 [Test worker] INFO  allcom_selenium.pages.BasePage -- Waiting for URL to be [http://allcom.itvm.com.ua:5173/restore_password_new], Time taken: [3] milliseconds, Attempts: [2]
23:21:37.702 [Test worker] INFO  allcom_selenium.pages.BasePage -- Clicked on Element [name: passwordConfirm], Time taken: [65] milliseconds
23:21:37.743 [Test worker] INFO  allcom_selenium.pages.BasePage -- Clear Element [name: passwordConfirm]
23:21:37.805 [Test worker] INFO  allcom_selenium.pages.BasePage -- Type [ФЫВААПкгущуцз] to [name: passwordConfirm]
23:21:37.823 [Test worker] INFO  allcom_selenium.TestBaseSE -- PASSED: [validatePasswordConfirmWithIncorrectData], with VALUES: [ФЫВААПкгущуцз]
23:21:37.825 [Test worker] INFO  allcom_selenium.TestBaseSE -- STARTED: [validatePasswordConfirmWithIncorrectData]
23:21:38.743 [Test worker] INFO  allcom_selenium.pages.BasePage -- Waiting for URL to be [http://allcom.itvm.com.ua:5173/restore_password_new], Time taken: [9] milliseconds, Attempts: [2]
23:21:38.877 [Test worker] INFO  allcom_selenium.pages.BasePage -- Clicked on Element [name: passwordConfirm], Time taken: [60] milliseconds
23:21:38.910 [Test worker] INFO  allcom_selenium.pages.BasePage -- Clear Element [name: passwordConfirm]
23:21:38.969 [Test worker] INFO  allcom_selenium.pages.BasePage -- Type [Test 12345!] to [name: passwordConfirm]
23:21:38.993 [Test worker] INFO  allcom_selenium.TestBaseSE -- PASSED: [validatePasswordConfirmWithIncorrectData], with VALUES: [Test 12345!]
23:21:38.995 [Test worker] INFO  allcom_selenium.TestBaseSE -- STARTED: [validatePasswordConfirmWithIncorrectData]
23:21:39.906 [Test worker] INFO  allcom_selenium.pages.BasePage -- Waiting for URL to be [http://allcom.itvm.com.ua:5173/restore_password_new], Time taken: [9] milliseconds, Attempts: [2]
23:21:40.031 [Test worker] INFO  allcom_selenium.pages.BasePage -- Clicked on Element [name: passwordConfirm], Time taken: [58] milliseconds
23:21:40.072 [Test worker] INFO  allcom_selenium.pages.BasePage -- Clear Element [name: passwordConfirm]
23:21:40.155 [Test worker] INFO  allcom_selenium.pages.BasePage -- Type [SELECT* FROM] to [name: passwordConfirm]
23:21:40.174 [Test worker] INFO  allcom_selenium.TestBaseSE -- PASSED: [validatePasswordConfirmWithIncorrectData], with VALUES: [SELECT* FROM]
23:21:40.176 [Test worker] INFO  allcom_selenium.TestBaseSE -- STARTED: [validatePasswordConfirmWithIncorrectData]
23:21:41.162 [Test worker] INFO  allcom_selenium.pages.BasePage -- Waiting for URL to be [http://allcom.itvm.com.ua:5173/restore_password_new], Time taken: [5] milliseconds, Attempts: [2]
23:21:41.307 [Test worker] INFO  allcom_selenium.pages.BasePage -- Clicked on Element [name: passwordConfirm], Time taken: [69] milliseconds
23:21:41.341 [Test worker] INFO  allcom_selenium.pages.BasePage -- Clear Element [name: passwordConfirm]
23:21:41.407 [Test worker] INFO  allcom_selenium.pages.BasePage -- Type [www.gmail.com] to [name: passwordConfirm]
23:21:41.431 [Test worker] INFO  allcom_selenium.TestBaseSE -- PASSED: [validatePasswordConfirmWithIncorrectData], with VALUES: [www.gmail.com]
23:21:41.432 [Test worker] INFO  allcom_selenium.TestBaseSE -- STARTED: [validatePasswordConfirmWithIncorrectData]
23:21:42.366 [Test worker] INFO  allcom_selenium.pages.BasePage -- Waiting for URL to be [http://allcom.itvm.com.ua:5173/restore_password_new], Time taken: [9] milliseconds, Attempts: [2]
23:21:42.501 [Test worker] INFO  allcom_selenium.pages.BasePage -- Clicked on Element [name: passwordConfirm], Time taken: [67] milliseconds
23:21:42.533 [Test worker] INFO  allcom_selenium.pages.BasePage -- Clear Element [name: passwordConfirm]
23:21:42.557 [Test worker] INFO  allcom_selenium.pages.BasePage -- Type [] to [name: passwordConfirm]
23:21:42.571 [Test worker] INFO  allcom_selenium.TestBaseSE -- PASSED: [validatePasswordConfirmWithIncorrectData], with VALUES: []
23:21:42.574 [Test worker] INFO  allcom_selenium.TestBaseSE -- STARTED: [validatePasswordConfirmWithIncorrectData]
23:21:43.507 [Test worker] INFO  allcom_selenium.pages.BasePage -- Waiting for URL to be [http://allcom.itvm.com.ua:5173/restore_password_new], Time taken: [5] milliseconds, Attempts: [2]
23:21:43.637 [Test worker] INFO  allcom_selenium.pages.BasePage -- Clicked on Element [name: passwordConfirm], Time taken: [64] milliseconds
23:21:43.673 [Test worker] INFO  allcom_selenium.pages.BasePage -- Clear Element [name: passwordConfirm]
23:21:43.702 [Test worker] INFO  allcom_selenium.pages.BasePage -- Type [ ] to [name: passwordConfirm]
23:21:43.718 [Test worker] INFO  allcom_selenium.TestBaseSE -- PASSED: [validatePasswordConfirmWithIncorrectData], with VALUES: [ ]
23:21:43.720 [Test worker] INFO  allcom_selenium.TestBaseSE -- STARTED: [validatePasswordConfirmWithIncorrectData]
23:21:44.668 [Test worker] INFO  allcom_selenium.pages.BasePage -- Waiting for URL to be [http://allcom.itvm.com.ua:5173/restore_password_new], Time taken: [7] milliseconds, Attempts: [2]
23:21:44.844 [Test worker] INFO  allcom_selenium.pages.BasePage -- Clicked on Element [name: passwordConfirm], Time taken: [70] milliseconds
23:21:44.882 [Test worker] INFO  allcom_selenium.pages.BasePage -- Clear Element [name: passwordConfirm]
23:21:44.920 [Test worker] INFO  allcom_selenium.pages.BasePage -- Type [] to [name: passwordConfirm]
23:21:44.937 [Test worker] INFO  allcom_selenium.TestBaseSE -- PASSED: [validatePasswordConfirmWithIncorrectData], with VALUES: []
23:21:44.939 [Test worker] INFO  allcom_selenium.TestBaseSE -- STARTED: [validatePasswordConfirmWithIncorrectData]
23:21:45.860 [Test worker] INFO  allcom_selenium.pages.BasePage -- Waiting for URL to be [http://allcom.itvm.com.ua:5173/restore_password_new], Time taken: [12] milliseconds, Attempts: [2]
23:21:45.983 [Test worker] INFO  allcom_selenium.pages.BasePage -- Clicked on Element [name: passwordConfirm], Time taken: [59] milliseconds
23:21:46.022 [Test worker] INFO  allcom_selenium.pages.BasePage -- Clear Element [name: passwordConfirm]
23:21:46.048 [Test worker] INFO  allcom_selenium.pages.BasePage -- Type [0] to [name: passwordConfirm]
23:21:46.066 [Test worker] INFO  allcom_selenium.TestBaseSE -- PASSED: [validatePasswordConfirmWithIncorrectData], with VALUES: [0]
23:21:46.068 [Test worker] INFO  allcom_selenium.TestBaseSE -- STARTED: [validatePasswordConfirmWithIncorrectData]
23:21:47.056 [Test worker] INFO  allcom_selenium.pages.BasePage -- Waiting for URL to be [http://allcom.itvm.com.ua:5173/restore_password_new], Time taken: [4] milliseconds, Attempts: [2]
23:21:47.186 [Test worker] INFO  allcom_selenium.pages.BasePage -- Clicked on Element [name: passwordConfirm], Time taken: [64] milliseconds
23:21:47.218 [Test worker] INFO  allcom_selenium.pages.BasePage -- Clear Element [name: passwordConfirm]
23:21:47.281 [Test worker] INFO  allcom_selenium.pages.BasePage -- Type [<input>] to [name: passwordConfirm]
23:21:47.299 [Test worker] INFO  allcom_selenium.TestBaseSE -- PASSED: [validatePasswordConfirmWithIncorrectData], with VALUES: [<input>]
23:21:47.300 [Test worker] INFO  allcom_selenium.TestBaseSE -- STARTED: [validatePasswordConfirmWithIncorrectData]
23:21:48.249 [Test worker] INFO  allcom_selenium.pages.BasePage -- Waiting for URL to be [http://allcom.itvm.com.ua:5173/restore_password_new], Time taken: [3] milliseconds, Attempts: [2]
23:21:48.382 [Test worker] INFO  allcom_selenium.pages.BasePage -- Clicked on Element [name: passwordConfirm], Time taken: [66] milliseconds
23:21:48.416 [Test worker] INFO  allcom_selenium.pages.BasePage -- Clear Element [name: passwordConfirm]
23:21:48.495 [Test worker] INFO  allcom_selenium.pages.BasePage -- Type [<script></script>] to [name: passwordConfirm]
23:21:48.516 [Test worker] INFO  allcom_selenium.TestBaseSE -- PASSED: [validatePasswordConfirmWithIncorrectData], with VALUES: [<script></script>]
23:21:48.518 [Test worker] INFO  allcom_selenium.TestBaseSE -- STARTED: [validatePasswordConfirmWithIncorrectData]
23:21:49.440 [Test worker] INFO  allcom_selenium.pages.BasePage -- Waiting for URL to be [http://allcom.itvm.com.ua:5173/restore_password_new], Time taken: [3] milliseconds, Attempts: [2]
23:21:49.569 [Test worker] INFO  allcom_selenium.pages.BasePage -- Clicked on Element [name: passwordConfirm], Time taken: [61] milliseconds
23:21:49.613 [Test worker] INFO  allcom_selenium.pages.BasePage -- Clear Element [name: passwordConfirm]
23:21:49.665 [Test worker] INFO  allcom_selenium.pages.BasePage -- Type [11111E+12] to [name: passwordConfirm]
23:21:49.680 [Test worker] INFO  allcom_selenium.TestBaseSE -- PASSED: [validatePasswordConfirmWithIncorrectData], with VALUES: [11111E+12]
23:21:49.683 [Test worker] INFO  allcom_selenium.TestBaseSE -- STARTED: [validatePasswordWithIncorrectData]
23:21:50.607 [Test worker] INFO  allcom_selenium.pages.BasePage -- Waiting for URL to be [http://allcom.itvm.com.ua:5173/restore_password_new], Time taken: [3] milliseconds, Attempts: [2]
23:21:50.738 [Test worker] INFO  allcom_selenium.pages.BasePage -- Clicked on Element [name: password], Time taken: [58] milliseconds
23:21:50.779 [Test worker] INFO  allcom_selenium.pages.BasePage -- Clear Element [name: password]
23:21:50.826 [Test worker] INFO  allcom_selenium.pages.BasePage -- Type [﻿Tes123] to [name: password]
23:21:50.841 [Test worker] INFO  allcom_selenium.TestBaseSE -- PASSED: [validatePasswordWithIncorrectData], with VALUES: [﻿Tes123]
23:21:50.843 [Test worker] INFO  allcom_selenium.TestBaseSE -- STARTED: [validatePasswordWithIncorrectData]
23:21:51.750 [Test worker] INFO  allcom_selenium.pages.BasePage -- Waiting for URL to be [http://allcom.itvm.com.ua:5173/restore_password_new], Time taken: [2] milliseconds, Attempts: [2]
23:21:51.883 [Test worker] INFO  allcom_selenium.pages.BasePage -- Clicked on Element [name: password], Time taken: [66] milliseconds
23:21:51.939 [Test worker] INFO  allcom_selenium.pages.BasePage -- Clear Element [name: password]
23:21:51.984 [Test worker] INFO  allcom_selenium.pages.BasePage -- Type [Tes1234] to [name: password]
23:21:52.002 [Test worker] INFO  allcom_selenium.TestBaseSE -- PASSED: [validatePasswordWithIncorrectData], with VALUES: [Tes1234]
23:21:52.004 [Test worker] INFO  allcom_selenium.TestBaseSE -- STARTED: [validatePasswordWithIncorrectData]
23:21:52.940 [Test worker] INFO  allcom_selenium.pages.BasePage -- Waiting for URL to be [http://allcom.itvm.com.ua:5173/restore_password_new], Time taken: [4] milliseconds, Attempts: [2]
23:21:53.060 [Test worker] INFO  allcom_selenium.pages.BasePage -- Clicked on Element [name: password], Time taken: [55] milliseconds
23:21:53.098 [Test worker] INFO  allcom_selenium.pages.BasePage -- Clear Element [name: password]
23:21:53.338 [Test worker] INFO  allcom_selenium.pages.BasePage -- Type [Test1234555555555555555555555555555555555555555555555555555555555555555555555555555555555555] to [name: password]
23:21:53.356 [Test worker] INFO  allcom_selenium.TestBaseSE -- PASSED: [validatePasswordWithIncorrectData], with VALUES: [Test1234555555555555555555555555555555555555555555555555555555555555555555555555555555555555]
23:21:53.357 [Test worker] INFO  allcom_selenium.TestBaseSE -- STARTED: [validatePasswordWithIncorrectData]
23:21:54.278 [Test worker] INFO  allcom_selenium.pages.BasePage -- Waiting for URL to be [http://allcom.itvm.com.ua:5173/restore_password_new], Time taken: [7] milliseconds, Attempts: [2]
23:21:54.394 [Test worker] INFO  allcom_selenium.pages.BasePage -- Clicked on Element [name: password], Time taken: [54] milliseconds
23:21:54.440 [Test worker] INFO  allcom_selenium.pages.BasePage -- Clear Element [name: password]
23:21:54.469 [Test worker] INFO  allcom_selenium.pages.BasePage -- Type [1] to [name: password]
23:21:54.485 [Test worker] INFO  allcom_selenium.TestBaseSE -- PASSED: [validatePasswordWithIncorrectData], with VALUES: [1]
23:21:54.487 [Test worker] INFO  allcom_selenium.TestBaseSE -- STARTED: [validatePasswordWithIncorrectData]
23:21:55.424 [Test worker] INFO  allcom_selenium.pages.BasePage -- Waiting for URL to be [http://allcom.itvm.com.ua:5173/restore_password_new], Time taken: [8] milliseconds, Attempts: [2]
23:21:55.554 [Test worker] INFO  allcom_selenium.pages.BasePage -- Clicked on Element [name: password], Time taken: [67] milliseconds
23:21:55.586 [Test worker] INFO  allcom_selenium.pages.BasePage -- Clear Element [name: password]
23:21:55.642 [Test worker] INFO  allcom_selenium.pages.BasePage -- Type [*&^(*&%$##@] to [name: password]
23:21:55.659 [Test worker] INFO  allcom_selenium.TestBaseSE -- PASSED: [validatePasswordWithIncorrectData], with VALUES: [*&^(*&%$##@]
23:21:55.660 [Test worker] INFO  allcom_selenium.TestBaseSE -- STARTED: [validatePasswordWithIncorrectData]
23:21:56.585 [Test worker] INFO  allcom_selenium.pages.BasePage -- Waiting for URL to be [http://allcom.itvm.com.ua:5173/restore_password_new], Time taken: [3] milliseconds, Attempts: [2]
23:21:56.716 [Test worker] INFO  allcom_selenium.pages.BasePage -- Clicked on Element [name: password], Time taken: [60] milliseconds
23:21:56.758 [Test worker] INFO  allcom_selenium.pages.BasePage -- Clear Element [name: password]
23:21:56.826 [Test worker] INFO  allcom_selenium.pages.BasePage -- Type [Qwertyuiop@1ы] to [name: password]
23:21:56.852 [Test worker] INFO  allcom_selenium.TestBaseSE -- PASSED: [validatePasswordWithIncorrectData], with VALUES: [Qwertyuiop@1ы]
23:21:56.853 [Test worker] INFO  allcom_selenium.TestBaseSE -- STARTED: [validatePasswordWithIncorrectData]
23:21:57.767 [Test worker] INFO  allcom_selenium.pages.BasePage -- Waiting for URL to be [http://allcom.itvm.com.ua:5173/restore_password_new], Time taken: [4] milliseconds, Attempts: [2]
23:21:57.882 [Test worker] INFO  allcom_selenium.pages.BasePage -- Clicked on Element [name: password], Time taken: [54] milliseconds
23:21:57.920 [Test worker] INFO  allcom_selenium.pages.BasePage -- Clear Element [name: password]
23:21:57.981 [Test worker] INFO  allcom_selenium.pages.BasePage -- Type [ФЫВААПкгущуцз] to [name: password]
23:21:57.997 [Test worker] INFO  allcom_selenium.TestBaseSE -- PASSED: [validatePasswordWithIncorrectData], with VALUES: [ФЫВААПкгущуцз]
23:21:57.998 [Test worker] INFO  allcom_selenium.TestBaseSE -- STARTED: [validatePasswordWithIncorrectData]
23:21:58.962 [Test worker] INFO  allcom_selenium.pages.BasePage -- Waiting for URL to be [http://allcom.itvm.com.ua:5173/restore_password_new], Time taken: [3] milliseconds, Attempts: [2]
23:21:59.102 [Test worker] INFO  allcom_selenium.pages.BasePage -- Clicked on Element [name: password], Time taken: [58] milliseconds
23:21:59.133 [Test worker] INFO  allcom_selenium.pages.BasePage -- Clear Element [name: password]
23:21:59.201 [Test worker] INFO  allcom_selenium.pages.BasePage -- Type [Test 12345!] to [name: password]
23:21:59.224 [Test worker] INFO  allcom_selenium.TestBaseSE -- PASSED: [validatePasswordWithIncorrectData], with VALUES: [Test 12345!]
23:21:59.225 [Test worker] INFO  allcom_selenium.TestBaseSE -- STARTED: [validatePasswordWithIncorrectData]
23:22:00.205 [Test worker] INFO  allcom_selenium.pages.BasePage -- Waiting for URL to be [http://allcom.itvm.com.ua:5173/restore_password_new], Time taken: [11] milliseconds, Attempts: [2]
23:22:00.336 [Test worker] INFO  allcom_selenium.pages.BasePage -- Clicked on Element [name: password], Time taken: [54] milliseconds
23:22:00.373 [Test worker] INFO  allcom_selenium.pages.BasePage -- Clear Element [name: password]
23:22:00.448 [Test worker] INFO  allcom_selenium.pages.BasePage -- Type [SELECT* FROM] to [name: password]
23:22:00.462 [Test worker] INFO  allcom_selenium.TestBaseSE -- PASSED: [validatePasswordWithIncorrectData], with VALUES: [SELECT* FROM]
23:22:00.463 [Test worker] INFO  allcom_selenium.TestBaseSE -- STARTED: [validatePasswordWithIncorrectData]
23:22:01.412 [Test worker] INFO  allcom_selenium.pages.BasePage -- Waiting for URL to be [http://allcom.itvm.com.ua:5173/restore_password_new], Time taken: [7] milliseconds, Attempts: [2]
23:22:01.543 [Test worker] INFO  allcom_selenium.pages.BasePage -- Clicked on Element [name: password], Time taken: [65] milliseconds
23:22:01.582 [Test worker] INFO  allcom_selenium.pages.BasePage -- Clear Element [name: password]
23:22:01.661 [Test worker] INFO  allcom_selenium.pages.BasePage -- Type [www.gmail.com] to [name: password]
23:22:01.680 [Test worker] INFO  allcom_selenium.TestBaseSE -- PASSED: [validatePasswordWithIncorrectData], with VALUES: [www.gmail.com]
23:22:01.682 [Test worker] INFO  allcom_selenium.TestBaseSE -- STARTED: [validatePasswordWithIncorrectData]
23:22:02.631 [Test worker] INFO  allcom_selenium.pages.BasePage -- Waiting for URL to be [http://allcom.itvm.com.ua:5173/restore_password_new], Time taken: [9] milliseconds, Attempts: [2]
23:22:02.749 [Test worker] INFO  allcom_selenium.pages.BasePage -- Clicked on Element [name: password], Time taken: [57] milliseconds
23:22:02.793 [Test worker] INFO  allcom_selenium.pages.BasePage -- Clear Element [name: password]
23:22:02.824 [Test worker] INFO  allcom_selenium.pages.BasePage -- Type [] to [name: password]
23:22:02.837 [Test worker] INFO  allcom_selenium.TestBaseSE -- PASSED: [validatePasswordWithIncorrectData], with VALUES: []
23:22:02.838 [Test worker] INFO  allcom_selenium.TestBaseSE -- STARTED: [validatePasswordWithIncorrectData]
23:22:03.806 [Test worker] INFO  allcom_selenium.pages.BasePage -- Waiting for URL to be [http://allcom.itvm.com.ua:5173/restore_password_new], Time taken: [4] milliseconds, Attempts: [2]
23:22:03.957 [Test worker] INFO  allcom_selenium.pages.BasePage -- Clicked on Element [name: password], Time taken: [66] milliseconds
23:22:03.993 [Test worker] INFO  allcom_selenium.pages.BasePage -- Clear Element [name: password]
23:22:04.026 [Test worker] INFO  allcom_selenium.pages.BasePage -- Type [ ] to [name: password]
23:22:04.041 [Test worker] INFO  allcom_selenium.TestBaseSE -- PASSED: [validatePasswordWithIncorrectData], with VALUES: [ ]
23:22:04.047 [Test worker] INFO  allcom_selenium.TestBaseSE -- STARTED: [validatePasswordWithIncorrectData]
23:22:04.963 [Test worker] INFO  allcom_selenium.pages.BasePage -- Waiting for URL to be [http://allcom.itvm.com.ua:5173/restore_password_new], Time taken: [3] milliseconds, Attempts: [2]
23:22:05.090 [Test worker] INFO  allcom_selenium.pages.BasePage -- Clicked on Element [name: password], Time taken: [57] milliseconds
23:22:05.131 [Test worker] INFO  allcom_selenium.pages.BasePage -- Clear Element [name: password]
23:22:05.157 [Test worker] INFO  allcom_selenium.pages.BasePage -- Type [] to [name: password]
23:22:05.170 [Test worker] INFO  allcom_selenium.TestBaseSE -- PASSED: [validatePasswordWithIncorrectData], with VALUES: []
23:22:05.171 [Test worker] INFO  allcom_selenium.TestBaseSE -- STARTED: [validatePasswordWithIncorrectData]
23:22:06.084 [Test worker] INFO  allcom_selenium.pages.BasePage -- Waiting for URL to be [http://allcom.itvm.com.ua:5173/restore_password_new], Time taken: [9] milliseconds, Attempts: [2]
23:22:06.202 [Test worker] INFO  allcom_selenium.pages.BasePage -- Clicked on Element [name: password], Time taken: [58] milliseconds
23:22:06.245 [Test worker] INFO  allcom_selenium.pages.BasePage -- Clear Element [name: password]
23:22:06.275 [Test worker] INFO  allcom_selenium.pages.BasePage -- Type [0] to [name: password]
23:22:06.293 [Test worker] INFO  allcom_selenium.TestBaseSE -- PASSED: [validatePasswordWithIncorrectData], with VALUES: [0]
23:22:06.295 [Test worker] INFO  allcom_selenium.TestBaseSE -- STARTED: [validatePasswordWithIncorrectData]
23:22:07.211 [Test worker] INFO  allcom_selenium.pages.BasePage -- Waiting for URL to be [http://allcom.itvm.com.ua:5173/restore_password_new], Time taken: [5] milliseconds, Attempts: [2]
23:22:07.343 [Test worker] INFO  allcom_selenium.pages.BasePage -- Clicked on Element [name: password], Time taken: [66] milliseconds
23:22:07.383 [Test worker] INFO  allcom_selenium.pages.BasePage -- Clear Element [name: password]
23:22:07.440 [Test worker] INFO  allcom_selenium.pages.BasePage -- Type [<input>] to [name: password]
23:22:07.457 [Test worker] INFO  allcom_selenium.TestBaseSE -- PASSED: [validatePasswordWithIncorrectData], with VALUES: [<input>]
23:22:07.458 [Test worker] INFO  allcom_selenium.TestBaseSE -- STARTED: [validatePasswordWithIncorrectData]
23:22:08.382 [Test worker] INFO  allcom_selenium.pages.BasePage -- Waiting for URL to be [http://allcom.itvm.com.ua:5173/restore_password_new], Time taken: [4] milliseconds, Attempts: [2]
23:22:08.516 [Test worker] INFO  allcom_selenium.pages.BasePage -- Clicked on Element [name: password], Time taken: [59] milliseconds
23:22:08.555 [Test worker] INFO  allcom_selenium.pages.BasePage -- Clear Element [name: password]
23:22:08.631 [Test worker] INFO  allcom_selenium.pages.BasePage -- Type [<script></script>] to [name: password]
23:22:08.653 [Test worker] INFO  allcom_selenium.TestBaseSE -- PASSED: [validatePasswordWithIncorrectData], with VALUES: [<script></script>]
23:22:08.654 [Test worker] INFO  allcom_selenium.TestBaseSE -- STARTED: [validatePasswordWithIncorrectData]
23:22:09.659 [Test worker] INFO  allcom_selenium.pages.BasePage -- Waiting for URL to be [http://allcom.itvm.com.ua:5173/restore_password_new], Time taken: [7] milliseconds, Attempts: [2]
23:22:09.775 [Test worker] INFO  allcom_selenium.pages.BasePage -- Clicked on Element [name: password], Time taken: [58] milliseconds
23:22:09.818 [Test worker] INFO  allcom_selenium.pages.BasePage -- Clear Element [name: password]
23:22:09.868 [Test worker] INFO  allcom_selenium.pages.BasePage -- Type [11111E+12] to [name: password]
23:22:09.887 [Test worker] INFO  allcom_selenium.TestBaseSE -- PASSED: [validatePasswordWithIncorrectData], with VALUES: [11111E+12]
]]></system-out>
  <system-err><![CDATA[]]></system-err>
</testsuite>
