<?xml version="1.0" encoding="UTF-8"?>
<testsuite name="allcom_selenium.passwordReset.RestorePasswordTests" tests="23" skipped="0" failures="0" errors="0" timestamp="2024-06-18T21:22:10" hostname="PORTISHEAD-PC" time="29.3">
  <properties/>
  <testcase name="restoreWithInvalidEmail[0](﻿)" classname="allcom_selenium.passwordReset.RestorePasswordTests" time="0.322"/>
  <testcase name="restoreWithInvalidEmail[1]()" classname="allcom_selenium.passwordReset.RestorePasswordTests" time="0.313"/>
  <testcase name="restoreWithInvalidEmail[2](testgmail.com)" classname="allcom_selenium.passwordReset.RestorePasswordTests" time="0.345"/>
  <testcase name="restoreWithInvalidEmail[3](test@.com)" classname="allcom_selenium.passwordReset.RestorePasswordTests" time="0.468"/>
  <testcase name="restoreWithInvalidEmail[4](test@gmailcom)" classname="allcom_selenium.passwordReset.RestorePasswordTests" time="0.345"/>
  <testcase name="restoreWithInvalidEmail[5](test@gmail.)" classname="allcom_selenium.passwordReset.RestorePasswordTests" time="0.379"/>
  <testcase name="restoreWithInvalidEmail[6](@gmail.com)" classname="allcom_selenium.passwordReset.RestorePasswordTests" time="0.353"/>
  <testcase name="restoreWithInvalidEmail[7](Fqpwiuery)" classname="allcom_selenium.passwordReset.RestorePasswordTests" time="0.355"/>
  <testcase name="restoreWithInvalidEmail[8](цукшгешгз)" classname="allcom_selenium.passwordReset.RestorePasswordTests" time="0.396"/>
  <testcase name="restoreWithInvalidEmail[9](&quot;%^&amp;()):&quot;)" classname="allcom_selenium.passwordReset.RestorePasswordTests" time="0.343"/>
  <testcase name="restoreWithInvalidEmail[10](1)" classname="allcom_selenium.passwordReset.RestorePasswordTests" time="0.326"/>
  <testcase name="restoreWithInvalidEmail[11](тест@gmail.com)" classname="allcom_selenium.passwordReset.RestorePasswordTests" time="0.358"/>
  <testcase name="restoreWithInvalidEmail[12](SELECT* FROM)" classname="allcom_selenium.passwordReset.RestorePasswordTests" time="0.353"/>
  <testcase name="restoreWithInvalidEmail[13](test@@gmail.com)" classname="allcom_selenium.passwordReset.RestorePasswordTests" time="0.382"/>
  <testcase name="restoreWithInvalidEmail[14](www.telran.com)" classname="allcom_selenium.passwordReset.RestorePasswordTests" time="0.353"/>
  <testcase name="restoreWithInvalidEmail[15](tes t@gmail.com)" classname="allcom_selenium.passwordReset.RestorePasswordTests" time="0.355"/>
  <testcase name="restoreWithInvalidEmail[16](test@ gmail.com)" classname="allcom_selenium.passwordReset.RestorePasswordTests" time="0.354"/>
  <testcase name="restoreWithInvalidEmail[17](test@gmail .com)" classname="allcom_selenium.passwordReset.RestorePasswordTests" time="0.347"/>
  <testcase name="restoreWithInvalidEmail[18](test@gmail. com)" classname="allcom_selenium.passwordReset.RestorePasswordTests" time="0.354"/>
  <testcase name="restoreWithInvalidEmail[19](&lt;script&gt;&lt;/script&gt;)" classname="allcom_selenium.passwordReset.RestorePasswordTests" time="0.376"/>
  <testcase name="restoreWithInvalidEmail[20](&lt;input&gt;)" classname="allcom_selenium.passwordReset.RestorePasswordTests" time="0.327"/>
  <testcase name="restoreWithInvalidEmail[21](0)" classname="allcom_selenium.passwordReset.RestorePasswordTests" time="0.298"/>
  <testcase name="restoreWithValidEmail" classname="allcom_selenium.passwordReset.RestorePasswordTests" time="0.507"/>
  <system-out><![CDATA[23:22:09.891 [Test worker] INFO  allcom_selenium.TestBaseSE -- STARTED: [restoreWithInvalidEmail]
23:22:10.834 [Test worker] INFO  allcom_selenium.pages.BasePage -- Waiting for URL to be [http://allcom.itvm.com.ua:5173/restore_password], Time taken: [11] milliseconds, Attempts: [2]
23:22:10.972 [Test worker] INFO  allcom_selenium.pages.BasePage -- Clicked on Element [name: email], Time taken: [64] milliseconds
23:22:11.008 [Test worker] INFO  allcom_selenium.pages.BasePage -- Clear Element [name: email]
23:22:11.048 [Test worker] INFO  allcom_selenium.pages.BasePage -- Type [﻿] to [name: email]
23:22:11.147 [Test worker] INFO  allcom_selenium.pages.BasePage -- Clicked on Element [xpath: //*[@data-testid='buttonRestore'], Time taken: [42] milliseconds
23:22:11.163 [Test worker] INFO  allcom_selenium.TestBaseSE -- PASSED: [restoreWithInvalidEmail], with VALUES: [﻿]
23:22:11.164 [Test worker] INFO  allcom_selenium.TestBaseSE -- STARTED: [restoreWithInvalidEmail]
23:22:12.085 [Test worker] INFO  allcom_selenium.pages.BasePage -- Waiting for URL to be [http://allcom.itvm.com.ua:5173/restore_password], Time taken: [4] milliseconds, Attempts: [2]
23:22:12.212 [Test worker] INFO  allcom_selenium.pages.BasePage -- Clicked on Element [name: email], Time taken: [56] milliseconds
23:22:12.253 [Test worker] INFO  allcom_selenium.pages.BasePage -- Clear Element [name: email]
23:22:12.290 [Test worker] INFO  allcom_selenium.pages.BasePage -- Type [] to [name: email]
23:22:12.389 [Test worker] INFO  allcom_selenium.pages.BasePage -- Clicked on Element [xpath: //*[@data-testid='buttonRestore'], Time taken: [36] milliseconds
23:22:12.403 [Test worker] INFO  allcom_selenium.TestBaseSE -- PASSED: [restoreWithInvalidEmail], with VALUES: []
23:22:12.404 [Test worker] INFO  allcom_selenium.TestBaseSE -- STARTED: [restoreWithInvalidEmail]
23:22:13.322 [Test worker] INFO  allcom_selenium.pages.BasePage -- Waiting for URL to be [http://allcom.itvm.com.ua:5173/restore_password], Time taken: [4] milliseconds, Attempts: [2]
23:22:13.448 [Test worker] INFO  allcom_selenium.pages.BasePage -- Clicked on Element [name: email], Time taken: [59] milliseconds
23:22:13.482 [Test worker] INFO  allcom_selenium.pages.BasePage -- Clear Element [name: email]
23:22:13.552 [Test worker] INFO  allcom_selenium.pages.BasePage -- Type [testgmail.com] to [name: email]
23:22:13.656 [Test worker] INFO  allcom_selenium.pages.BasePage -- Clicked on Element [xpath: //*[@data-testid='buttonRestore'], Time taken: [51] milliseconds
23:22:13.673 [Test worker] INFO  allcom_selenium.TestBaseSE -- PASSED: [restoreWithInvalidEmail], with VALUES: [testgmail.com]
23:22:13.675 [Test worker] INFO  allcom_selenium.TestBaseSE -- STARTED: [restoreWithInvalidEmail]
23:22:14.611 [Test worker] INFO  allcom_selenium.pages.BasePage -- Waiting for URL to be [http://allcom.itvm.com.ua:5173/restore_password], Time taken: [3] milliseconds, Attempts: [2]
23:22:14.801 [Test worker] INFO  allcom_selenium.pages.BasePage -- Clicked on Element [name: email], Time taken: [79] milliseconds
23:22:14.836 [Test worker] INFO  allcom_selenium.pages.BasePage -- Clear Element [name: email]
23:22:14.916 [Test worker] INFO  allcom_selenium.pages.BasePage -- Type [test@.com] to [name: email]
23:22:15.068 [Test worker] INFO  allcom_selenium.pages.BasePage -- Clicked on Element [xpath: //*[@data-testid='buttonRestore'], Time taken: [54] milliseconds
23:22:15.084 [Test worker] INFO  allcom_selenium.TestBaseSE -- PASSED: [restoreWithInvalidEmail], with VALUES: [test@.com]
23:22:15.087 [Test worker] INFO  allcom_selenium.TestBaseSE -- STARTED: [restoreWithInvalidEmail]
23:22:16.131 [Test worker] INFO  allcom_selenium.pages.BasePage -- Waiting for URL to be [http://allcom.itvm.com.ua:5173/restore_password], Time taken: [8] milliseconds, Attempts: [2]
23:22:16.258 [Test worker] INFO  allcom_selenium.pages.BasePage -- Clicked on Element [name: email], Time taken: [64] milliseconds
23:22:16.294 [Test worker] INFO  allcom_selenium.pages.BasePage -- Clear Element [name: email]
23:22:16.372 [Test worker] INFO  allcom_selenium.pages.BasePage -- Type [test@gmailcom] to [name: email]
23:22:16.468 [Test worker] INFO  allcom_selenium.pages.BasePage -- Clicked on Element [xpath: //*[@data-testid='buttonRestore'], Time taken: [36] milliseconds
23:22:16.481 [Test worker] INFO  allcom_selenium.TestBaseSE -- PASSED: [restoreWithInvalidEmail], with VALUES: [test@gmailcom]
23:22:16.483 [Test worker] INFO  allcom_selenium.TestBaseSE -- STARTED: [restoreWithInvalidEmail]
23:22:17.416 [Test worker] INFO  allcom_selenium.pages.BasePage -- Waiting for URL to be [http://allcom.itvm.com.ua:5173/restore_password], Time taken: [3] milliseconds, Attempts: [2]
23:22:17.559 [Test worker] INFO  allcom_selenium.pages.BasePage -- Clicked on Element [name: email], Time taken: [64] milliseconds
23:22:17.601 [Test worker] INFO  allcom_selenium.pages.BasePage -- Clear Element [name: email]
23:22:17.669 [Test worker] INFO  allcom_selenium.pages.BasePage -- Type [test@gmail.] to [name: email]
23:22:17.779 [Test worker] INFO  allcom_selenium.pages.BasePage -- Clicked on Element [xpath: //*[@data-testid='buttonRestore'], Time taken: [55] milliseconds
23:22:17.801 [Test worker] INFO  allcom_selenium.TestBaseSE -- PASSED: [restoreWithInvalidEmail], with VALUES: [test@gmail.]
23:22:17.803 [Test worker] INFO  allcom_selenium.TestBaseSE -- STARTED: [restoreWithInvalidEmail]
23:22:18.754 [Test worker] INFO  allcom_selenium.pages.BasePage -- Waiting for URL to be [http://allcom.itvm.com.ua:5173/restore_password], Time taken: [11] milliseconds, Attempts: [2]
23:22:18.888 [Test worker] INFO  allcom_selenium.pages.BasePage -- Clicked on Element [name: email], Time taken: [72] milliseconds
23:22:18.935 [Test worker] INFO  allcom_selenium.pages.BasePage -- Clear Element [name: email]
23:22:19.002 [Test worker] INFO  allcom_selenium.pages.BasePage -- Type [@gmail.com] to [name: email]
23:22:19.093 [Test worker] INFO  allcom_selenium.pages.BasePage -- Clicked on Element [xpath: //*[@data-testid='buttonRestore'], Time taken: [37] milliseconds
23:22:19.114 [Test worker] INFO  allcom_selenium.TestBaseSE -- PASSED: [restoreWithInvalidEmail], with VALUES: [@gmail.com]
23:22:19.116 [Test worker] INFO  allcom_selenium.TestBaseSE -- STARTED: [restoreWithInvalidEmail]
23:22:20.069 [Test worker] INFO  allcom_selenium.pages.BasePage -- Waiting for URL to be [http://allcom.itvm.com.ua:5173/restore_password], Time taken: [2] milliseconds, Attempts: [2]
23:22:20.210 [Test worker] INFO  allcom_selenium.pages.BasePage -- Clicked on Element [name: email], Time taken: [67] milliseconds
23:22:20.244 [Test worker] INFO  allcom_selenium.pages.BasePage -- Clear Element [name: email]
23:22:20.312 [Test worker] INFO  allcom_selenium.pages.BasePage -- Type [Fqpwiuery] to [name: email]
23:22:20.419 [Test worker] INFO  allcom_selenium.pages.BasePage -- Clicked on Element [xpath: //*[@data-testid='buttonRestore'], Time taken: [41] milliseconds
23:22:20.436 [Test worker] INFO  allcom_selenium.TestBaseSE -- PASSED: [restoreWithInvalidEmail], with VALUES: [Fqpwiuery]
23:22:20.437 [Test worker] INFO  allcom_selenium.TestBaseSE -- STARTED: [restoreWithInvalidEmail]
23:22:21.395 [Test worker] INFO  allcom_selenium.pages.BasePage -- Waiting for URL to be [http://allcom.itvm.com.ua:5173/restore_password], Time taken: [5] milliseconds, Attempts: [2]
23:22:21.551 [Test worker] INFO  allcom_selenium.pages.BasePage -- Clicked on Element [name: email], Time taken: [93] milliseconds
23:22:21.596 [Test worker] INFO  allcom_selenium.pages.BasePage -- Clear Element [name: email]
23:22:21.660 [Test worker] INFO  allcom_selenium.pages.BasePage -- Type [цукшгешгз] to [name: email]
23:22:21.770 [Test worker] INFO  allcom_selenium.pages.BasePage -- Clicked on Element [xpath: //*[@data-testid='buttonRestore'], Time taken: [57] milliseconds
23:22:21.802 [Test worker] INFO  allcom_selenium.TestBaseSE -- PASSED: [restoreWithInvalidEmail], with VALUES: [цукшгешгз]
23:22:21.807 [Test worker] INFO  allcom_selenium.TestBaseSE -- STARTED: [restoreWithInvalidEmail]
23:22:22.764 [Test worker] INFO  allcom_selenium.pages.BasePage -- Waiting for URL to be [http://allcom.itvm.com.ua:5173/restore_password], Time taken: [12] milliseconds, Attempts: [2]
23:22:22.906 [Test worker] INFO  allcom_selenium.pages.BasePage -- Clicked on Element [name: email], Time taken: [70] milliseconds
23:22:22.943 [Test worker] INFO  allcom_selenium.pages.BasePage -- Clear Element [name: email]
23:22:23.002 [Test worker] INFO  allcom_selenium.pages.BasePage -- Type ["%^&()):"] to [name: email]
23:22:23.093 [Test worker] INFO  allcom_selenium.pages.BasePage -- Clicked on Element [xpath: //*[@data-testid='buttonRestore'], Time taken: [38] milliseconds
23:22:23.113 [Test worker] INFO  allcom_selenium.TestBaseSE -- PASSED: [restoreWithInvalidEmail], with VALUES: ["%^&()):"]
23:22:23.116 [Test worker] INFO  allcom_selenium.TestBaseSE -- STARTED: [restoreWithInvalidEmail]
23:22:24.031 [Test worker] INFO  allcom_selenium.pages.BasePage -- Waiting for URL to be [http://allcom.itvm.com.ua:5173/restore_password], Time taken: [5] milliseconds, Attempts: [2]
23:22:24.165 [Test worker] INFO  allcom_selenium.pages.BasePage -- Clicked on Element [name: email], Time taken: [74] milliseconds
23:22:24.200 [Test worker] INFO  allcom_selenium.pages.BasePage -- Clear Element [name: email]
23:22:24.237 [Test worker] INFO  allcom_selenium.pages.BasePage -- Type [1] to [name: email]
23:22:24.346 [Test worker] INFO  allcom_selenium.pages.BasePage -- Clicked on Element [xpath: //*[@data-testid='buttonRestore'], Time taken: [38] milliseconds
23:22:24.363 [Test worker] INFO  allcom_selenium.TestBaseSE -- PASSED: [restoreWithInvalidEmail], with VALUES: [1]
23:22:24.366 [Test worker] INFO  allcom_selenium.TestBaseSE -- STARTED: [restoreWithInvalidEmail]
23:22:25.303 [Test worker] INFO  allcom_selenium.pages.BasePage -- Waiting for URL to be [http://allcom.itvm.com.ua:5173/restore_password], Time taken: [4] milliseconds, Attempts: [2]
23:22:25.434 [Test worker] INFO  allcom_selenium.pages.BasePage -- Clicked on Element [name: email], Time taken: [60] milliseconds
23:22:25.476 [Test worker] INFO  allcom_selenium.pages.BasePage -- Clear Element [name: email]
23:22:25.543 [Test worker] INFO  allcom_selenium.pages.BasePage -- Type [тест@gmail.com] to [name: email]
23:22:25.649 [Test worker] INFO  allcom_selenium.pages.BasePage -- Clicked on Element [xpath: //*[@data-testid='buttonRestore'], Time taken: [38] milliseconds
23:22:25.667 [Test worker] INFO  allcom_selenium.TestBaseSE -- PASSED: [restoreWithInvalidEmail], with VALUES: [тест@gmail.com]
23:22:25.668 [Test worker] INFO  allcom_selenium.TestBaseSE -- STARTED: [restoreWithInvalidEmail]
23:22:26.614 [Test worker] INFO  allcom_selenium.pages.BasePage -- Waiting for URL to be [http://allcom.itvm.com.ua:5173/restore_password], Time taken: [9] milliseconds, Attempts: [2]
23:22:26.749 [Test worker] INFO  allcom_selenium.pages.BasePage -- Clicked on Element [name: email], Time taken: [65] milliseconds
23:22:26.779 [Test worker] INFO  allcom_selenium.pages.BasePage -- Clear Element [name: email]
23:22:26.856 [Test worker] INFO  allcom_selenium.pages.BasePage -- Type [SELECT* FROM] to [name: email]
23:22:26.953 [Test worker] INFO  allcom_selenium.pages.BasePage -- Clicked on Element [xpath: //*[@data-testid='buttonRestore'], Time taken: [38] milliseconds
23:22:26.972 [Test worker] INFO  allcom_selenium.TestBaseSE -- PASSED: [restoreWithInvalidEmail], with VALUES: [SELECT* FROM]
23:22:26.974 [Test worker] INFO  allcom_selenium.TestBaseSE -- STARTED: [restoreWithInvalidEmail]
23:22:27.895 [Test worker] INFO  allcom_selenium.pages.BasePage -- Waiting for URL to be [http://allcom.itvm.com.ua:5173/restore_password], Time taken: [3] milliseconds, Attempts: [2]
23:22:28.020 [Test worker] INFO  allcom_selenium.pages.BasePage -- Clicked on Element [name: email], Time taken: [63] milliseconds
23:22:28.055 [Test worker] INFO  allcom_selenium.pages.BasePage -- Clear Element [name: email]
23:22:28.150 [Test worker] INFO  allcom_selenium.pages.BasePage -- Type [test@@gmail.com] to [name: email]
23:22:28.260 [Test worker] INFO  allcom_selenium.pages.BasePage -- Clicked on Element [xpath: //*[@data-testid='buttonRestore'], Time taken: [50] milliseconds
23:22:28.282 [Test worker] INFO  allcom_selenium.TestBaseSE -- PASSED: [restoreWithInvalidEmail], with VALUES: [test@@gmail.com]
23:22:28.283 [Test worker] INFO  allcom_selenium.TestBaseSE -- STARTED: [restoreWithInvalidEmail]
23:22:29.217 [Test worker] INFO  allcom_selenium.pages.BasePage -- Waiting for URL to be [http://allcom.itvm.com.ua:5173/restore_password], Time taken: [3] milliseconds, Attempts: [2]
23:22:29.358 [Test worker] INFO  allcom_selenium.pages.BasePage -- Clicked on Element [name: email], Time taken: [68] milliseconds
23:22:29.393 [Test worker] INFO  allcom_selenium.pages.BasePage -- Clear Element [name: email]
23:22:29.462 [Test worker] INFO  allcom_selenium.pages.BasePage -- Type [www.telran.com] to [name: email]
23:22:29.554 [Test worker] INFO  allcom_selenium.pages.BasePage -- Clicked on Element [xpath: //*[@data-testid='buttonRestore'], Time taken: [38] milliseconds
23:22:29.576 [Test worker] INFO  allcom_selenium.TestBaseSE -- PASSED: [restoreWithInvalidEmail], with VALUES: [www.telran.com]
23:22:29.578 [Test worker] INFO  allcom_selenium.TestBaseSE -- STARTED: [restoreWithInvalidEmail]
23:22:30.535 [Test worker] INFO  allcom_selenium.pages.BasePage -- Waiting for URL to be [http://allcom.itvm.com.ua:5173/restore_password], Time taken: [8] milliseconds, Attempts: [2]
23:22:30.656 [Test worker] INFO  allcom_selenium.pages.BasePage -- Clicked on Element [name: email], Time taken: [60] milliseconds
23:22:30.697 [Test worker] INFO  allcom_selenium.pages.BasePage -- Clear Element [name: email]
23:22:30.775 [Test worker] INFO  allcom_selenium.pages.BasePage -- Type [tes t@gmail.com] to [name: email]
23:22:30.881 [Test worker] INFO  allcom_selenium.pages.BasePage -- Clicked on Element [xpath: //*[@data-testid='buttonRestore'], Time taken: [40] milliseconds
23:22:30.897 [Test worker] INFO  allcom_selenium.TestBaseSE -- PASSED: [restoreWithInvalidEmail], with VALUES: [tes t@gmail.com]
23:22:30.899 [Test worker] INFO  allcom_selenium.TestBaseSE -- STARTED: [restoreWithInvalidEmail]
23:22:31.833 [Test worker] INFO  allcom_selenium.pages.BasePage -- Waiting for URL to be [http://allcom.itvm.com.ua:5173/restore_password], Time taken: [3] milliseconds, Attempts: [2]
23:22:31.964 [Test worker] INFO  allcom_selenium.pages.BasePage -- Clicked on Element [name: email], Time taken: [73] milliseconds
23:22:32.008 [Test worker] INFO  allcom_selenium.pages.BasePage -- Clear Element [name: email]
23:22:32.092 [Test worker] INFO  allcom_selenium.pages.BasePage -- Type [test@ gmail.com] to [name: email]
23:22:32.177 [Test worker] INFO  allcom_selenium.pages.BasePage -- Clicked on Element [xpath: //*[@data-testid='buttonRestore'], Time taken: [36] milliseconds
23:22:32.193 [Test worker] INFO  allcom_selenium.TestBaseSE -- PASSED: [restoreWithInvalidEmail], with VALUES: [test@ gmail.com]
23:22:32.195 [Test worker] INFO  allcom_selenium.TestBaseSE -- STARTED: [restoreWithInvalidEmail]
23:22:33.124 [Test worker] INFO  allcom_selenium.pages.BasePage -- Waiting for URL to be [http://allcom.itvm.com.ua:5173/restore_password], Time taken: [8] milliseconds, Attempts: [2]
23:22:33.245 [Test worker] INFO  allcom_selenium.pages.BasePage -- Clicked on Element [name: email], Time taken: [63] milliseconds
23:22:33.285 [Test worker] INFO  allcom_selenium.pages.BasePage -- Clear Element [name: email]
23:22:33.357 [Test worker] INFO  allcom_selenium.pages.BasePage -- Type [test@gmail .com] to [name: email]
23:22:33.461 [Test worker] INFO  allcom_selenium.pages.BasePage -- Clicked on Element [xpath: //*[@data-testid='buttonRestore'], Time taken: [37] milliseconds
23:22:33.478 [Test worker] INFO  allcom_selenium.TestBaseSE -- PASSED: [restoreWithInvalidEmail], with VALUES: [test@gmail .com]
23:22:33.480 [Test worker] INFO  allcom_selenium.TestBaseSE -- STARTED: [restoreWithInvalidEmail]
23:22:34.533 [Test worker] INFO  allcom_selenium.pages.BasePage -- Waiting for URL to be [http://allcom.itvm.com.ua:5173/restore_password], Time taken: [7] milliseconds, Attempts: [2]
23:22:34.657 [Test worker] INFO  allcom_selenium.pages.BasePage -- Clicked on Element [name: email], Time taken: [62] milliseconds
23:22:34.702 [Test worker] INFO  allcom_selenium.pages.BasePage -- Clear Element [name: email]
23:22:34.772 [Test worker] INFO  allcom_selenium.pages.BasePage -- Type [test@gmail. com] to [name: email]
23:22:34.876 [Test worker] INFO  allcom_selenium.pages.BasePage -- Clicked on Element [xpath: //*[@data-testid='buttonRestore'], Time taken: [50] milliseconds
23:22:34.892 [Test worker] INFO  allcom_selenium.TestBaseSE -- PASSED: [restoreWithInvalidEmail], with VALUES: [test@gmail. com]
23:22:34.893 [Test worker] INFO  allcom_selenium.TestBaseSE -- STARTED: [restoreWithInvalidEmail]
23:22:35.838 [Test worker] INFO  allcom_selenium.pages.BasePage -- Waiting for URL to be [http://allcom.itvm.com.ua:5173/restore_password], Time taken: [4] milliseconds, Attempts: [2]
23:22:35.963 [Test worker] INFO  allcom_selenium.pages.BasePage -- Clicked on Element [name: email], Time taken: [67] milliseconds
23:22:36.007 [Test worker] INFO  allcom_selenium.pages.BasePage -- Clear Element [name: email]
23:22:36.110 [Test worker] INFO  allcom_selenium.pages.BasePage -- Type [<script></script>] to [name: email]
23:22:36.206 [Test worker] INFO  allcom_selenium.pages.BasePage -- Clicked on Element [xpath: //*[@data-testid='buttonRestore'], Time taken: [40] milliseconds
23:22:36.220 [Test worker] INFO  allcom_selenium.TestBaseSE -- PASSED: [restoreWithInvalidEmail], with VALUES: [<script></script>]
23:22:36.222 [Test worker] INFO  allcom_selenium.TestBaseSE -- STARTED: [restoreWithInvalidEmail]
23:22:37.150 [Test worker] INFO  allcom_selenium.pages.BasePage -- Waiting for URL to be [http://allcom.itvm.com.ua:5173/restore_password], Time taken: [3] milliseconds, Attempts: [2]
23:22:37.284 [Test worker] INFO  allcom_selenium.pages.BasePage -- Clicked on Element [name: email], Time taken: [71] milliseconds
23:22:37.321 [Test worker] INFO  allcom_selenium.pages.BasePage -- Clear Element [name: email]
23:22:37.371 [Test worker] INFO  allcom_selenium.pages.BasePage -- Type [<input>] to [name: email]
23:22:37.468 [Test worker] INFO  allcom_selenium.pages.BasePage -- Clicked on Element [xpath: //*[@data-testid='buttonRestore'], Time taken: [39] milliseconds
23:22:37.483 [Test worker] INFO  allcom_selenium.TestBaseSE -- PASSED: [restoreWithInvalidEmail], with VALUES: [<input>]
23:22:37.484 [Test worker] INFO  allcom_selenium.TestBaseSE -- STARTED: [restoreWithInvalidEmail]
23:22:38.393 [Test worker] INFO  allcom_selenium.pages.BasePage -- Waiting for URL to be [http://allcom.itvm.com.ua:5173/restore_password], Time taken: [4] milliseconds, Attempts: [2]
23:22:38.520 [Test worker] INFO  allcom_selenium.pages.BasePage -- Clicked on Element [name: email], Time taken: [69] milliseconds
23:22:38.552 [Test worker] INFO  allcom_selenium.pages.BasePage -- Clear Element [name: email]
23:22:38.589 [Test worker] INFO  allcom_selenium.pages.BasePage -- Type [0] to [name: email]
23:22:38.681 [Test worker] INFO  allcom_selenium.pages.BasePage -- Clicked on Element [xpath: //*[@data-testid='buttonRestore'], Time taken: [38] milliseconds
23:22:38.697 [Test worker] INFO  allcom_selenium.TestBaseSE -- PASSED: [restoreWithInvalidEmail], with VALUES: [0]
23:22:38.699 [Test worker] INFO  allcom_selenium.TestBaseSE -- STARTED: [restoreWithValidEmail]
23:22:39.628 [Test worker] INFO  allcom_selenium.pages.BasePage -- Waiting for URL to be [http://allcom.itvm.com.ua:5173/restore_password], Time taken: [3] milliseconds, Attempts: [2]
23:22:39.789 [Test worker] INFO  allcom_selenium.pages.BasePage -- Clicked on Element [name: email], Time taken: [101] milliseconds
23:22:39.836 [Test worker] INFO  allcom_selenium.pages.BasePage -- Clear Element [name: email]
23:22:39.906 [Test worker] INFO  allcom_selenium.pages.BasePage -- Type [admin@gmail.com] to [name: email]
23:22:39.996 [Test worker] INFO  allcom_selenium.pages.BasePage -- Clicked on Element [xpath: //*[@data-testid='buttonRestore'], Time taken: [36] milliseconds
23:22:40.136 [Test worker] INFO  allcom_selenium.pages.BasePage -- Waiting for URL to be [http://allcom.itvm.com.ua:5173/restore_password], Time taken: [4] milliseconds, Attempts: [2]
23:22:40.141 [Test worker] INFO  allcom_selenium.TestBaseSE -- PASSED: [restoreWithValidEmail], with VALUES: []
]]></system-out>
  <system-err><![CDATA[]]></system-err>
</testsuite>
