<?xml version="1.0" encoding="UTF-8"?>
<testsuite name="allcom.tests.passwordReset.RestorePasswordTests" tests="23" skipped="0" failures="0" errors="0" timestamp="2024-01-31T11:09:35" hostname="PORTISHEAD-PC" time="7.505">
  <properties/>
  <testcase name="restoreWithInvalidEmail[0](п»ї)" classname="allcom.tests.passwordReset.RestorePasswordTests" time="0.173"/>
  <testcase name="restoreWithInvalidEmail[1]()" classname="allcom.tests.passwordReset.RestorePasswordTests" time="0.156"/>
  <testcase name="restoreWithInvalidEmail[2](testgmail.com)" classname="allcom.tests.passwordReset.RestorePasswordTests" time="0.252"/>
  <testcase name="restoreWithInvalidEmail[3](test@.com)" classname="allcom.tests.passwordReset.RestorePasswordTests" time="0.168"/>
  <testcase name="restoreWithInvalidEmail[4](test@gmailcom)" classname="allcom.tests.passwordReset.RestorePasswordTests" time="0.181"/>
  <testcase name="restoreWithInvalidEmail[5](test@gmail.)" classname="allcom.tests.passwordReset.RestorePasswordTests" time="0.179"/>
  <testcase name="restoreWithInvalidEmail[6](@gmail.com)" classname="allcom.tests.passwordReset.RestorePasswordTests" time="0.177"/>
  <testcase name="restoreWithInvalidEmail[7](Fqpwiuery)" classname="allcom.tests.passwordReset.RestorePasswordTests" time="0.223"/>
  <testcase name="restoreWithInvalidEmail[8](С†СѓРєС€РіРµС€РіР·)" classname="allcom.tests.passwordReset.RestorePasswordTests" time="0.247"/>
  <testcase name="restoreWithInvalidEmail[9](&quot;%^&amp;()):&quot;)" classname="allcom.tests.passwordReset.RestorePasswordTests" time="0.171"/>
  <testcase name="restoreWithInvalidEmail[10](1)" classname="allcom.tests.passwordReset.RestorePasswordTests" time="0.156"/>
  <testcase name="restoreWithInvalidEmail[11](С‚РµСЃС‚@gmail.com)" classname="allcom.tests.passwordReset.RestorePasswordTests" time="0.199"/>
  <testcase name="restoreWithInvalidEmail[12](SELECT* FROM)" classname="allcom.tests.passwordReset.RestorePasswordTests" time="0.223"/>
  <testcase name="restoreWithInvalidEmail[13](test@@gmail.com)" classname="allcom.tests.passwordReset.RestorePasswordTests" time="0.183"/>
  <testcase name="restoreWithInvalidEmail[14](www.telran.com)" classname="allcom.tests.passwordReset.RestorePasswordTests" time="0.175"/>
  <testcase name="restoreWithInvalidEmail[15](tes t@gmail.com)" classname="allcom.tests.passwordReset.RestorePasswordTests" time="0.193"/>
  <testcase name="restoreWithInvalidEmail[16](test@ gmail.com)" classname="allcom.tests.passwordReset.RestorePasswordTests" time="0.237"/>
  <testcase name="restoreWithInvalidEmail[17](test@gmail .com)" classname="allcom.tests.passwordReset.RestorePasswordTests" time="0.226"/>
  <testcase name="restoreWithInvalidEmail[18](test@gmail. com)" classname="allcom.tests.passwordReset.RestorePasswordTests" time="0.234"/>
  <testcase name="restoreWithInvalidEmail[19](&lt;script&gt;&lt;/script&gt;)" classname="allcom.tests.passwordReset.RestorePasswordTests" time="0.246"/>
  <testcase name="restoreWithInvalidEmail[20](&lt;input&gt;)" classname="allcom.tests.passwordReset.RestorePasswordTests" time="0.239"/>
  <testcase name="restoreWithInvalidEmail[21](0)" classname="allcom.tests.passwordReset.RestorePasswordTests" time="0.158"/>
  <testcase name="restoreWithValidEmail" classname="allcom.tests.passwordReset.RestorePasswordTests" time="0.184"/>
  <system-out><![CDATA[12:09:35.018 [Test worker] INFO  allcom.tests.TestBase -- Start test: [restoreWithInvalidEmail]
12:09:35.400 [Test worker] INFO  allcom.tests.TestBase -- PASSED: [restoreWithInvalidEmail], with Parameters: [п»ї]
12:09:35.401 [Test worker] INFO  allcom.tests.TestBase -- Start test: [restoreWithInvalidEmail]
12:09:35.652 [Test worker] INFO  allcom.tests.TestBase -- PASSED: [restoreWithInvalidEmail], with Parameters: []
12:09:35.652 [Test worker] INFO  allcom.tests.TestBase -- Start test: [restoreWithInvalidEmail]
12:09:36.000 [Test worker] INFO  allcom.tests.TestBase -- PASSED: [restoreWithInvalidEmail], with Parameters: [testgmail.com]
12:09:36.001 [Test worker] INFO  allcom.tests.TestBase -- Start test: [restoreWithInvalidEmail]
12:09:36.296 [Test worker] INFO  allcom.tests.TestBase -- PASSED: [restoreWithInvalidEmail], with Parameters: [test@.com]
12:09:36.297 [Test worker] INFO  allcom.tests.TestBase -- Start test: [restoreWithInvalidEmail]
12:09:36.613 [Test worker] INFO  allcom.tests.TestBase -- PASSED: [restoreWithInvalidEmail], with Parameters: [test@gmailcom]
12:09:36.613 [Test worker] INFO  allcom.tests.TestBase -- Start test: [restoreWithInvalidEmail]
12:09:36.888 [Test worker] INFO  allcom.tests.TestBase -- PASSED: [restoreWithInvalidEmail], with Parameters: [test@gmail.]
12:09:36.889 [Test worker] INFO  allcom.tests.TestBase -- Start test: [restoreWithInvalidEmail]
12:09:37.188 [Test worker] INFO  allcom.tests.TestBase -- PASSED: [restoreWithInvalidEmail], with Parameters: [@gmail.com]
12:09:37.188 [Test worker] INFO  allcom.tests.TestBase -- Start test: [restoreWithInvalidEmail]
12:09:37.513 [Test worker] INFO  allcom.tests.TestBase -- PASSED: [restoreWithInvalidEmail], with Parameters: [Fqpwiuery]
12:09:37.513 [Test worker] INFO  allcom.tests.TestBase -- Start test: [restoreWithInvalidEmail]
12:09:37.882 [Test worker] INFO  allcom.tests.TestBase -- PASSED: [restoreWithInvalidEmail], with Parameters: [С†СѓРєС€РіРµС€РіР·]
12:09:37.883 [Test worker] INFO  allcom.tests.TestBase -- Start test: [restoreWithInvalidEmail]
12:09:38.182 [Test worker] INFO  allcom.tests.TestBase -- PASSED: [restoreWithInvalidEmail], with Parameters: ["%^&()):"]
12:09:38.182 [Test worker] INFO  allcom.tests.TestBase -- Start test: [restoreWithInvalidEmail]
12:09:38.448 [Test worker] INFO  allcom.tests.TestBase -- PASSED: [restoreWithInvalidEmail], with Parameters: [1]
12:09:38.449 [Test worker] INFO  allcom.tests.TestBase -- Start test: [restoreWithInvalidEmail]
12:09:38.760 [Test worker] INFO  allcom.tests.TestBase -- PASSED: [restoreWithInvalidEmail], with Parameters: [С‚РµСЃС‚@gmail.com]
12:09:38.761 [Test worker] INFO  allcom.tests.TestBase -- Start test: [restoreWithInvalidEmail]
12:09:39.106 [Test worker] INFO  allcom.tests.TestBase -- PASSED: [restoreWithInvalidEmail], with Parameters: [SELECT* FROM]
12:09:39.107 [Test worker] INFO  allcom.tests.TestBase -- Start test: [restoreWithInvalidEmail]
12:09:39.426 [Test worker] INFO  allcom.tests.TestBase -- PASSED: [restoreWithInvalidEmail], with Parameters: [test@@gmail.com]
12:09:39.427 [Test worker] INFO  allcom.tests.TestBase -- Start test: [restoreWithInvalidEmail]
12:09:39.755 [Test worker] INFO  allcom.tests.TestBase -- PASSED: [restoreWithInvalidEmail], with Parameters: [www.telran.com]
12:09:39.756 [Test worker] INFO  allcom.tests.TestBase -- Start test: [restoreWithInvalidEmail]
12:09:40.077 [Test worker] INFO  allcom.tests.TestBase -- PASSED: [restoreWithInvalidEmail], with Parameters: [tes t@gmail.com]
12:09:40.077 [Test worker] INFO  allcom.tests.TestBase -- Start test: [restoreWithInvalidEmail]
12:09:40.417 [Test worker] INFO  allcom.tests.TestBase -- PASSED: [restoreWithInvalidEmail], with Parameters: [test@ gmail.com]
12:09:40.417 [Test worker] INFO  allcom.tests.TestBase -- Start test: [restoreWithInvalidEmail]
12:09:40.771 [Test worker] INFO  allcom.tests.TestBase -- PASSED: [restoreWithInvalidEmail], with Parameters: [test@gmail .com]
12:09:40.771 [Test worker] INFO  allcom.tests.TestBase -- Start test: [restoreWithInvalidEmail]
12:09:41.136 [Test worker] INFO  allcom.tests.TestBase -- PASSED: [restoreWithInvalidEmail], with Parameters: [test@gmail. com]
12:09:41.136 [Test worker] INFO  allcom.tests.TestBase -- Start test: [restoreWithInvalidEmail]
12:09:41.503 [Test worker] INFO  allcom.tests.TestBase -- PASSED: [restoreWithInvalidEmail], with Parameters: [<script></script>]
12:09:41.503 [Test worker] INFO  allcom.tests.TestBase -- Start test: [restoreWithInvalidEmail]
12:09:41.867 [Test worker] INFO  allcom.tests.TestBase -- PASSED: [restoreWithInvalidEmail], with Parameters: [<input>]
12:09:41.867 [Test worker] INFO  allcom.tests.TestBase -- Start test: [restoreWithInvalidEmail]
12:09:42.439 [Test worker] INFO  allcom.tests.TestBase -- PASSED: [restoreWithInvalidEmail], with Parameters: [0]
12:09:42.439 [Test worker] INFO  allcom.tests.TestBase -- Start test: [restoreWithValidEmail]
12:09:42.732 [Test worker] INFO  allcom.tests.TestBase -- PASSED: [restoreWithValidEmail], with Parameters: []
]]></system-out>
  <system-err><![CDATA[]]></system-err>
</testsuite>
