<?xml version="1.0" encoding="UTF-8"?>
<testsuite name="allcom_selenium.passwordReset.RestorePasswordWaitPageTests" tests="1" skipped="0" failures="0" errors="0" timestamp="2024-06-18T21:22:41" hostname="PORTISHEAD-PC" time="0.26">
  <properties/>
  <testcase name="isLoginButtonPresent" classname="allcom_selenium.passwordReset.RestorePasswordWaitPageTests" time="0.26"/>
  <system-out><![CDATA[23:22:40.143 [Test worker] INFO  allcom_selenium.TestBaseSE -- STARTED: [isLoginButtonPresent]
23:22:41.069 [Test worker] INFO  allcom_selenium.pages.BasePage -- Waiting for URL to be [http://allcom.itvm.com.ua:5173/restore_password_wait], Time taken: [4] milliseconds, Attempts: [2]
23:22:41.192 [Test worker] INFO  allcom_selenium.pages.BasePage -- Clicked on Element [xpath: //*[@data-testid='button_login'], Time taken: [51] milliseconds
23:22:41.329 [Test worker] INFO  allcom_selenium.pages.BasePage -- Waiting for URL to be [http://allcom.itvm.com.ua:5173/login], Time taken: [4] milliseconds, Attempts: [2]
23:22:41.334 [Test worker] INFO  allcom_selenium.TestBaseSE -- PASSED: [isLoginButtonPresent], with VALUES: []
]]></system-out>
  <system-err><![CDATA[]]></system-err>
</testsuite>
