<?xml version="1.0" encoding="UTF-8"?>
<testsuite name="allcom.tests.passwordReset.RestorePasswordWaitPageTests" tests="1" skipped="0" failures="0" errors="0" timestamp="2024-01-31T11:09:42" hostname="PORTISHEAD-PC" time="0.051">
  <properties/>
  <testcase name="isLoginButtonPresent" classname="allcom.tests.passwordReset.RestorePasswordWaitPageTests" time="0.051"/>
  <system-out><![CDATA[12:09:42.733 [Test worker] INFO  allcom.tests.TestBase -- Start test: [isLoginButtonPresent]
12:09:42.994 [Test worker] INFO  allcom.tests.TestBase -- PASSED: [isLoginButtonPresent], with Parameters: []
]]></system-out>
  <system-err><![CDATA[]]></system-err>
</testsuite>
