<?xml version="1.0" encoding="UTF-8"?>
<testsuite name="allcom.tests.passwordReset.CreateNewPasswordPageTests" tests="42" skipped="0" failures="0" errors="0" timestamp="2024-01-31T11:09:23" hostname="PORTISHEAD-PC" time="11.594">
  <properties/>
  <testcase name="isCreateNewPasswordButtonPresent" classname="allcom.tests.passwordReset.CreateNewPasswordPageTests" time="0.018"/>
  <testcase name="isPasswordResetNotSuccessInvalidDataWithValidationCheck" classname="allcom.tests.passwordReset.CreateNewPasswordPageTests" time="0.311"/>
  <testcase name="isPasswordResetNotSuccessInvalidDataWoValidationCheck" classname="allcom.tests.passwordReset.CreateNewPasswordPageTests" time="0.306"/>
  <testcase name="isPasswordResetNotSuccessInvalidDataWoValidationCheckWoTimer" classname="allcom.tests.passwordReset.CreateNewPasswordPageTests" time="0.305"/>
  <testcase name="isPasswordResetSuccessValidDataWithValidationCheck" classname="allcom.tests.passwordReset.CreateNewPasswordPageTests" time="0.357"/>
  <testcase name="isPasswordResetSuccessValidDataWoValidationCheck" classname="allcom.tests.passwordReset.CreateNewPasswordPageTests" time="0.373"/>
  <testcase name="validateComparePasswordsEqualityNegative" classname="allcom.tests.passwordReset.CreateNewPasswordPageTests" time="0.0"/>
  <testcase name="validateComparePasswordsEqualityPositive" classname="allcom.tests.passwordReset.CreateNewPasswordPageTests" time="0.286"/>
  <testcase name="validatePasswordConfirmWithIncorrectData[0](п»їTes123)" classname="allcom.tests.passwordReset.CreateNewPasswordPageTests" time="0.18"/>
  <testcase name="validatePasswordConfirmWithIncorrectData[1](Tes1234)" classname="allcom.tests.passwordReset.CreateNewPasswordPageTests" time="0.182"/>
  <testcase name="validatePasswordConfirmWithIncorrectData[2](Test1234555555555555555555555555555555555555555555555555555555555555555555555555555555555555)" classname="allcom.tests.passwordReset.CreateNewPasswordPageTests" time="0.33"/>
  <testcase name="validatePasswordConfirmWithIncorrectData[3](1)" classname="allcom.tests.passwordReset.CreateNewPasswordPageTests" time="0.115"/>
  <testcase name="validatePasswordConfirmWithIncorrectData[4](*&amp;^(*&amp;%$##@)" classname="allcom.tests.passwordReset.CreateNewPasswordPageTests" time="0.141"/>
  <testcase name="validatePasswordConfirmWithIncorrectData[5](Qwertyuiop@1С‹)" classname="allcom.tests.passwordReset.CreateNewPasswordPageTests" time="0.149"/>
  <testcase name="validatePasswordConfirmWithIncorrectData[6](Р¤Р«Р’РђРђРџРєРіСѓС‰СѓС†Р·)" classname="allcom.tests.passwordReset.CreateNewPasswordPageTests" time="0.176"/>
  <testcase name="validatePasswordConfirmWithIncorrectData[7](Test 12345!)" classname="allcom.tests.passwordReset.CreateNewPasswordPageTests" time="0.147"/>
  <testcase name="validatePasswordConfirmWithIncorrectData[8](SELECT* FROM)" classname="allcom.tests.passwordReset.CreateNewPasswordPageTests" time="0.144"/>
  <testcase name="validatePasswordConfirmWithIncorrectData[9](www.gmail.com)" classname="allcom.tests.passwordReset.CreateNewPasswordPageTests" time="0.156"/>
  <testcase name="validatePasswordConfirmWithIncorrectData[10]()" classname="allcom.tests.passwordReset.CreateNewPasswordPageTests" time="0.134"/>
  <testcase name="validatePasswordConfirmWithIncorrectData[11](В )" classname="allcom.tests.passwordReset.CreateNewPasswordPageTests" time="0.123"/>
  <testcase name="validatePasswordConfirmWithIncorrectData[12]()" classname="allcom.tests.passwordReset.CreateNewPasswordPageTests" time="0.126"/>
  <testcase name="validatePasswordConfirmWithIncorrectData[13](0)" classname="allcom.tests.passwordReset.CreateNewPasswordPageTests" time="0.142"/>
  <testcase name="validatePasswordConfirmWithIncorrectData[14](&lt;input&gt;)" classname="allcom.tests.passwordReset.CreateNewPasswordPageTests" time="0.137"/>
  <testcase name="validatePasswordConfirmWithIncorrectData[15](&lt;script&gt;&lt;/script&gt;)" classname="allcom.tests.passwordReset.CreateNewPasswordPageTests" time="0.156"/>
  <testcase name="validatePasswordConfirmWithIncorrectData[16](11111E+12)" classname="allcom.tests.passwordReset.CreateNewPasswordPageTests" time="0.15"/>
  <testcase name="validatePasswordWithIncorrectData[0](п»їTes123)" classname="allcom.tests.passwordReset.CreateNewPasswordPageTests" time="0.157"/>
  <testcase name="validatePasswordWithIncorrectData[1](Tes1234)" classname="allcom.tests.passwordReset.CreateNewPasswordPageTests" time="0.132"/>
  <testcase name="validatePasswordWithIncorrectData[2](Test1234555555555555555555555555555555555555555555555555555555555555555555555555555555555555)" classname="allcom.tests.passwordReset.CreateNewPasswordPageTests" time="0.316"/>
  <testcase name="validatePasswordWithIncorrectData[3](1)" classname="allcom.tests.passwordReset.CreateNewPasswordPageTests" time="0.108"/>
  <testcase name="validatePasswordWithIncorrectData[4](*&amp;^(*&amp;%$##@)" classname="allcom.tests.passwordReset.CreateNewPasswordPageTests" time="0.139"/>
  <testcase name="validatePasswordWithIncorrectData[5](Qwertyuiop@1С‹)" classname="allcom.tests.passwordReset.CreateNewPasswordPageTests" time="0.151"/>
  <testcase name="validatePasswordWithIncorrectData[6](Р¤Р«Р’РђРђРџРєРіСѓС‰СѓС†Р·)" classname="allcom.tests.passwordReset.CreateNewPasswordPageTests" time="0.197"/>
  <testcase name="validatePasswordWithIncorrectData[7](Test 12345!)" classname="allcom.tests.passwordReset.CreateNewPasswordPageTests" time="0.135"/>
  <testcase name="validatePasswordWithIncorrectData[8](SELECT* FROM)" classname="allcom.tests.passwordReset.CreateNewPasswordPageTests" time="0.178"/>
  <testcase name="validatePasswordWithIncorrectData[9](www.gmail.com)" classname="allcom.tests.passwordReset.CreateNewPasswordPageTests" time="0.139"/>
  <testcase name="validatePasswordWithIncorrectData[10]()" classname="allcom.tests.passwordReset.CreateNewPasswordPageTests" time="0.119"/>
  <testcase name="validatePasswordWithIncorrectData[11](В )" classname="allcom.tests.passwordReset.CreateNewPasswordPageTests" time="0.144"/>
  <testcase name="validatePasswordWithIncorrectData[12]()" classname="allcom.tests.passwordReset.CreateNewPasswordPageTests" time="0.116"/>
  <testcase name="validatePasswordWithIncorrectData[13](0)" classname="allcom.tests.passwordReset.CreateNewPasswordPageTests" time="0.122"/>
  <testcase name="validatePasswordWithIncorrectData[14](&lt;input&gt;)" classname="allcom.tests.passwordReset.CreateNewPasswordPageTests" time="0.136"/>
  <testcase name="validatePasswordWithIncorrectData[15](&lt;script&gt;&lt;/script&gt;)" classname="allcom.tests.passwordReset.CreateNewPasswordPageTests" time="0.154"/>
  <testcase name="validatePasswordWithIncorrectData[16](11111E+12)" classname="allcom.tests.passwordReset.CreateNewPasswordPageTests" time="0.137"/>
  <system-out><![CDATA[12:09:23.156 [Test worker] INFO  allcom.tests.TestBase -- Start test: [isCreateNewPasswordButtonPresent]
12:09:23.442 [Test worker] INFO  allcom.tests.TestBase -- PASSED: [isCreateNewPasswordButtonPresent], with Parameters: []
12:09:23.444 [Test worker] INFO  allcom.tests.TestBase -- Start test: [isPasswordResetNotSuccessInvalidDataWithValidationCheck]
12:09:23.876 [Test worker] INFO  allcom.tests.TestBase -- PASSED: [isPasswordResetNotSuccessInvalidDataWithValidationCheck], with Parameters: []
12:09:23.877 [Test worker] INFO  allcom.tests.TestBase -- Start test: [isPasswordResetNotSuccessInvalidDataWoValidationCheck]
12:09:24.287 [Test worker] INFO  allcom.tests.TestBase -- PASSED: [isPasswordResetNotSuccessInvalidDataWoValidationCheck], with Parameters: []
12:09:24.288 [Test worker] INFO  allcom.tests.TestBase -- Start test: [isPasswordResetNotSuccessInvalidDataWoValidationCheckWoTimer]
12:09:24.698 [Test worker] INFO  allcom.tests.TestBase -- PASSED: [isPasswordResetNotSuccessInvalidDataWoValidationCheckWoTimer], with Parameters: []
12:09:24.699 [Test worker] INFO  allcom.tests.TestBase -- Start test: [isPasswordResetSuccessValidDataWithValidationCheck]
12:09:25.154 [Test worker] INFO  allcom.tests.TestBase -- PASSED: [isPasswordResetSuccessValidDataWithValidationCheck], with Parameters: []
12:09:25.155 [Test worker] INFO  allcom.tests.TestBase -- Start test: [isPasswordResetSuccessValidDataWoValidationCheck]
12:09:25.640 [Test worker] INFO  allcom.tests.TestBase -- PASSED: [isPasswordResetSuccessValidDataWoValidationCheck], with Parameters: []
12:09:25.640 [Test worker] INFO  allcom.tests.TestBase -- Start test: [validateComparePasswordsEqualityNegative]
12:09:25.733 [Test worker] INFO  allcom.tests.TestBase -- PASSED: [validateComparePasswordsEqualityNegative], with Parameters: []
12:09:25.734 [Test worker] INFO  allcom.tests.TestBase -- Start test: [validateComparePasswordsEqualityPositive]
12:09:26.130 [Test worker] INFO  allcom.tests.TestBase -- PASSED: [validateComparePasswordsEqualityPositive], with Parameters: []
12:09:26.146 [Test worker] INFO  allcom.tests.TestBase -- Start test: [validatePasswordConfirmWithIncorrectData]
12:09:26.432 [Test worker] INFO  allcom.tests.TestBase -- PASSED: [validatePasswordConfirmWithIncorrectData], with Parameters: [п»їTes123]
12:09:26.433 [Test worker] INFO  allcom.tests.TestBase -- Start test: [validatePasswordConfirmWithIncorrectData]
12:09:26.734 [Test worker] INFO  allcom.tests.TestBase -- PASSED: [validatePasswordConfirmWithIncorrectData], with Parameters: [Tes1234]
12:09:26.735 [Test worker] INFO  allcom.tests.TestBase -- Start test: [validatePasswordConfirmWithIncorrectData]
12:09:27.165 [Test worker] INFO  allcom.tests.TestBase -- PASSED: [validatePasswordConfirmWithIncorrectData], with Parameters: [Test1234555555555555555555555555555555555555555555555555555555555555555555555555555555555555]
12:09:27.165 [Test worker] INFO  allcom.tests.TestBase -- Start test: [validatePasswordConfirmWithIncorrectData]
12:09:27.412 [Test worker] INFO  allcom.tests.TestBase -- PASSED: [validatePasswordConfirmWithIncorrectData], with Parameters: [1]
12:09:27.413 [Test worker] INFO  allcom.tests.TestBase -- Start test: [validatePasswordConfirmWithIncorrectData]
12:09:27.665 [Test worker] INFO  allcom.tests.TestBase -- PASSED: [validatePasswordConfirmWithIncorrectData], with Parameters: [*&^(*&%$##@]
12:09:27.666 [Test worker] INFO  allcom.tests.TestBase -- Start test: [validatePasswordConfirmWithIncorrectData]
12:09:27.910 [Test worker] INFO  allcom.tests.TestBase -- PASSED: [validatePasswordConfirmWithIncorrectData], with Parameters: [Qwertyuiop@1С‹]
12:09:27.911 [Test worker] INFO  allcom.tests.TestBase -- Start test: [validatePasswordConfirmWithIncorrectData]
12:09:28.182 [Test worker] INFO  allcom.tests.TestBase -- PASSED: [validatePasswordConfirmWithIncorrectData], with Parameters: [Р¤Р«Р’РђРђРџРєРіСѓС‰СѓС†Р·]
12:09:28.183 [Test worker] INFO  allcom.tests.TestBase -- Start test: [validatePasswordConfirmWithIncorrectData]
12:09:28.426 [Test worker] INFO  allcom.tests.TestBase -- PASSED: [validatePasswordConfirmWithIncorrectData], with Parameters: [Test 12345!]
12:09:28.426 [Test worker] INFO  allcom.tests.TestBase -- Start test: [validatePasswordConfirmWithIncorrectData]
12:09:28.668 [Test worker] INFO  allcom.tests.TestBase -- PASSED: [validatePasswordConfirmWithIncorrectData], with Parameters: [SELECT* FROM]
12:09:28.669 [Test worker] INFO  allcom.tests.TestBase -- Start test: [validatePasswordConfirmWithIncorrectData]
12:09:28.918 [Test worker] INFO  allcom.tests.TestBase -- PASSED: [validatePasswordConfirmWithIncorrectData], with Parameters: [www.gmail.com]
12:09:28.918 [Test worker] INFO  allcom.tests.TestBase -- Start test: [validatePasswordConfirmWithIncorrectData]
12:09:29.171 [Test worker] INFO  allcom.tests.TestBase -- PASSED: [validatePasswordConfirmWithIncorrectData], with Parameters: []
12:09:29.172 [Test worker] INFO  allcom.tests.TestBase -- Start test: [validatePasswordConfirmWithIncorrectData]
12:09:29.401 [Test worker] INFO  allcom.tests.TestBase -- PASSED: [validatePasswordConfirmWithIncorrectData], with Parameters: [В ]
12:09:29.401 [Test worker] INFO  allcom.tests.TestBase -- Start test: [validatePasswordConfirmWithIncorrectData]
12:09:29.623 [Test worker] INFO  allcom.tests.TestBase -- PASSED: [validatePasswordConfirmWithIncorrectData], with Parameters: []
12:09:29.624 [Test worker] INFO  allcom.tests.TestBase -- Start test: [validatePasswordConfirmWithIncorrectData]
12:09:29.856 [Test worker] INFO  allcom.tests.TestBase -- PASSED: [validatePasswordConfirmWithIncorrectData], with Parameters: [0]
12:09:29.857 [Test worker] INFO  allcom.tests.TestBase -- Start test: [validatePasswordConfirmWithIncorrectData]
12:09:30.096 [Test worker] INFO  allcom.tests.TestBase -- PASSED: [validatePasswordConfirmWithIncorrectData], with Parameters: [<input>]
12:09:30.097 [Test worker] INFO  allcom.tests.TestBase -- Start test: [validatePasswordConfirmWithIncorrectData]
12:09:30.354 [Test worker] INFO  allcom.tests.TestBase -- PASSED: [validatePasswordConfirmWithIncorrectData], with Parameters: [<script></script>]
12:09:30.355 [Test worker] INFO  allcom.tests.TestBase -- Start test: [validatePasswordConfirmWithIncorrectData]
12:09:30.600 [Test worker] INFO  allcom.tests.TestBase -- PASSED: [validatePasswordConfirmWithIncorrectData], with Parameters: [11111E+12]
12:09:30.601 [Test worker] INFO  allcom.tests.TestBase -- Start test: [validatePasswordWithIncorrectData]
12:09:30.854 [Test worker] INFO  allcom.tests.TestBase -- PASSED: [validatePasswordWithIncorrectData], with Parameters: [п»їTes123]
12:09:30.854 [Test worker] INFO  allcom.tests.TestBase -- Start test: [validatePasswordWithIncorrectData]
12:09:31.095 [Test worker] INFO  allcom.tests.TestBase -- PASSED: [validatePasswordWithIncorrectData], with Parameters: [Tes1234]
12:09:31.095 [Test worker] INFO  allcom.tests.TestBase -- Start test: [validatePasswordWithIncorrectData]
12:09:31.512 [Test worker] INFO  allcom.tests.TestBase -- PASSED: [validatePasswordWithIncorrectData], with Parameters: [Test1234555555555555555555555555555555555555555555555555555555555555555555555555555555555555]
12:09:31.512 [Test worker] INFO  allcom.tests.TestBase -- Start test: [validatePasswordWithIncorrectData]
12:09:31.742 [Test worker] INFO  allcom.tests.TestBase -- PASSED: [validatePasswordWithIncorrectData], with Parameters: [1]
12:09:31.743 [Test worker] INFO  allcom.tests.TestBase -- Start test: [validatePasswordWithIncorrectData]
12:09:31.993 [Test worker] INFO  allcom.tests.TestBase -- PASSED: [validatePasswordWithIncorrectData], with Parameters: [*&^(*&%$##@]
12:09:31.993 [Test worker] INFO  allcom.tests.TestBase -- Start test: [validatePasswordWithIncorrectData]
12:09:32.240 [Test worker] INFO  allcom.tests.TestBase -- PASSED: [validatePasswordWithIncorrectData], with Parameters: [Qwertyuiop@1С‹]
12:09:32.241 [Test worker] INFO  allcom.tests.TestBase -- Start test: [validatePasswordWithIncorrectData]
12:09:32.528 [Test worker] INFO  allcom.tests.TestBase -- PASSED: [validatePasswordWithIncorrectData], with Parameters: [Р¤Р«Р’РђРђРџРєРіСѓС‰СѓС†Р·]
12:09:32.528 [Test worker] INFO  allcom.tests.TestBase -- Start test: [validatePasswordWithIncorrectData]
12:09:32.790 [Test worker] INFO  allcom.tests.TestBase -- PASSED: [validatePasswordWithIncorrectData], with Parameters: [Test 12345!]
12:09:32.790 [Test worker] INFO  allcom.tests.TestBase -- Start test: [validatePasswordWithIncorrectData]
12:09:33.078 [Test worker] INFO  allcom.tests.TestBase -- PASSED: [validatePasswordWithIncorrectData], with Parameters: [SELECT* FROM]
12:09:33.078 [Test worker] INFO  allcom.tests.TestBase -- Start test: [validatePasswordWithIncorrectData]
12:09:33.341 [Test worker] INFO  allcom.tests.TestBase -- PASSED: [validatePasswordWithIncorrectData], with Parameters: [www.gmail.com]
12:09:33.342 [Test worker] INFO  allcom.tests.TestBase -- Start test: [validatePasswordWithIncorrectData]
12:09:33.597 [Test worker] INFO  allcom.tests.TestBase -- PASSED: [validatePasswordWithIncorrectData], with Parameters: []
12:09:33.597 [Test worker] INFO  allcom.tests.TestBase -- Start test: [validatePasswordWithIncorrectData]
12:09:33.840 [Test worker] INFO  allcom.tests.TestBase -- PASSED: [validatePasswordWithIncorrectData], with Parameters: [В ]
12:09:33.841 [Test worker] INFO  allcom.tests.TestBase -- Start test: [validatePasswordWithIncorrectData]
12:09:34.052 [Test worker] INFO  allcom.tests.TestBase -- PASSED: [validatePasswordWithIncorrectData], with Parameters: []
12:09:34.052 [Test worker] INFO  allcom.tests.TestBase -- Start test: [validatePasswordWithIncorrectData]
12:09:34.267 [Test worker] INFO  allcom.tests.TestBase -- PASSED: [validatePasswordWithIncorrectData], with Parameters: [0]
12:09:34.268 [Test worker] INFO  allcom.tests.TestBase -- Start test: [validatePasswordWithIncorrectData]
12:09:34.502 [Test worker] INFO  allcom.tests.TestBase -- PASSED: [validatePasswordWithIncorrectData], with Parameters: [<input>]
12:09:34.502 [Test worker] INFO  allcom.tests.TestBase -- Start test: [validatePasswordWithIncorrectData]
12:09:34.767 [Test worker] INFO  allcom.tests.TestBase -- PASSED: [validatePasswordWithIncorrectData], with Parameters: [<script></script>]
12:09:34.767 [Test worker] INFO  allcom.tests.TestBase -- Start test: [validatePasswordWithIncorrectData]
12:09:35.016 [Test worker] INFO  allcom.tests.TestBase -- PASSED: [validatePasswordWithIncorrectData], with Parameters: [11111E+12]
]]></system-out>
  <system-err><![CDATA[]]></system-err>
</testsuite>
